[2025-12-24T09:02:54.329+0000] {processor.py:186} INFO - Started process (PID=88) to work on /home/airflow/.local/lib/python3.11/site-packages/airflow/example_dags/example_params_ui_tutorial.py
[2025-12-24T09:02:54.331+0000] {processor.py:914} INFO - Processing file /home/airflow/.local/lib/python3.11/site-packages/airflow/example_dags/example_params_ui_tutorial.py for tasks to queue
[2025-12-24T09:02:54.336+0000] {logging_mixin.py:190} INFO - [2025-12-24T09:02:54.336+0000] {dagbag.py:588} INFO - Filling up the DagBag from /home/airflow/.local/lib/python3.11/site-packages/airflow/example_dags/example_params_ui_tutorial.py
[2025-12-24T09:02:54.355+0000] {processor.py:925} INFO - DAG(s) 'example_params_ui_tutorial' retrieved from /home/airflow/.local/lib/python3.11/site-packages/airflow/example_dags/example_params_ui_tutorial.py
[2025-12-24T09:02:54.583+0000] {logging_mixin.py:190} INFO - [2025-12-24T09:02:54.582+0000] {override.py:1911} INFO - Created Permission View: can edit on DAG:example_params_ui_tutorial
[2025-12-24T09:02:54.604+0000] {logging_mixin.py:190} INFO - [2025-12-24T09:02:54.604+0000] {override.py:1911} INFO - Created Permission View: can read on DAG:example_params_ui_tutorial
[2025-12-24T09:02:54.617+0000] {logging_mixin.py:190} INFO - [2025-12-24T09:02:54.616+0000] {override.py:1911} INFO - Created Permission View: can delete on DAG:example_params_ui_tutorial
[2025-12-24T09:02:54.636+0000] {logging_mixin.py:190} INFO - [2025-12-24T09:02:54.636+0000] {override.py:1911} INFO - Created Permission View: can read on DAG Run:example_params_ui_tutorial
[2025-12-24T09:02:54.673+0000] {logging_mixin.py:190} INFO - [2025-12-24T09:02:54.672+0000] {override.py:1911} INFO - Created Permission View: can create on DAG Run:example_params_ui_tutorial
[2025-12-24T09:02:54.700+0000] {logging_mixin.py:190} INFO - [2025-12-24T09:02:54.700+0000] {override.py:1911} INFO - Created Permission View: can delete on DAG Run:example_params_ui_tutorial
[2025-12-24T09:02:54.719+0000] {logging_mixin.py:190} INFO - [2025-12-24T09:02:54.719+0000] {override.py:1911} INFO - Created Permission View: menu access on DAG Run:example_params_ui_tutorial
[2025-12-24T09:02:54.721+0000] {logging_mixin.py:190} INFO - [2025-12-24T09:02:54.721+0000] {dag.py:3239} INFO - Sync 1 DAGs
[2025-12-24T09:02:54.741+0000] {logging_mixin.py:190} INFO - [2025-12-24T09:02:54.741+0000] {dag.py:3262} INFO - Creating ORM DAG for example_params_ui_tutorial
[2025-12-24T09:02:54.742+0000] {logging_mixin.py:190} INFO - [2025-12-24T09:02:54.742+0000] {dag.py:4180} INFO - Setting next_dagrun for example_params_ui_tutorial to None, run_after=None
[2025-12-24T09:02:54.778+0000] {processor.py:208} INFO - Processing /home/airflow/.local/lib/python3.11/site-packages/airflow/example_dags/example_params_ui_tutorial.py took 0.461 seconds
[2025-12-24T09:03:12.391+0000] {processor.py:186} INFO - Started process (PID=148) to work on /home/airflow/.local/lib/python3.11/site-packages/airflow/example_dags/example_params_ui_tutorial.py
[2025-12-24T09:03:12.393+0000] {processor.py:914} INFO - Processing file /home/airflow/.local/lib/python3.11/site-packages/airflow/example_dags/example_params_ui_tutorial.py for tasks to queue
[2025-12-24T09:03:12.400+0000] {logging_mixin.py:190} INFO - [2025-12-24T09:03:12.399+0000] {dagbag.py:588} INFO - Filling up the DagBag from /home/airflow/.local/lib/python3.11/site-packages/airflow/example_dags/example_params_ui_tutorial.py
[2025-12-24T09:03:12.417+0000] {processor.py:925} INFO - DAG(s) 'example_params_ui_tutorial' retrieved from /home/airflow/.local/lib/python3.11/site-packages/airflow/example_dags/example_params_ui_tutorial.py
[2025-12-24T09:03:12.445+0000] {logging_mixin.py:190} INFO - [2025-12-24T09:03:12.444+0000] {dag.py:3239} INFO - Sync 1 DAGs
[2025-12-24T09:03:12.471+0000] {logging_mixin.py:190} INFO - [2025-12-24T09:03:12.471+0000] {dag.py:4180} INFO - Setting next_dagrun for example_params_ui_tutorial to None, run_after=None
[2025-12-24T09:03:12.497+0000] {processor.py:208} INFO - Processing /home/airflow/.local/lib/python3.11/site-packages/airflow/example_dags/example_params_ui_tutorial.py took 0.119 seconds
[2025-12-24T09:04:14.985+0000] {processor.py:186} INFO - Started process (PID=211) to work on /home/airflow/.local/lib/python3.11/site-packages/airflow/example_dags/example_params_ui_tutorial.py
[2025-12-24T09:04:14.987+0000] {processor.py:914} INFO - Processing file /home/airflow/.local/lib/python3.11/site-packages/airflow/example_dags/example_params_ui_tutorial.py for tasks to queue
[2025-12-24T09:04:14.992+0000] {logging_mixin.py:190} INFO - [2025-12-24T09:04:14.992+0000] {dagbag.py:588} INFO - Filling up the DagBag from /home/airflow/.local/lib/python3.11/site-packages/airflow/example_dags/example_params_ui_tutorial.py
[2025-12-24T09:04:15.006+0000] {processor.py:925} INFO - DAG(s) 'example_params_ui_tutorial' retrieved from /home/airflow/.local/lib/python3.11/site-packages/airflow/example_dags/example_params_ui_tutorial.py
[2025-12-24T09:04:15.076+0000] {logging_mixin.py:190} INFO - [2025-12-24T09:04:15.076+0000] {dag.py:3239} INFO - Sync 1 DAGs
[2025-12-24T09:04:15.100+0000] {logging_mixin.py:190} INFO - [2025-12-24T09:04:15.100+0000] {dag.py:4180} INFO - Setting next_dagrun for example_params_ui_tutorial to None, run_after=None
[2025-12-24T09:04:15.135+0000] {processor.py:208} INFO - Processing /home/airflow/.local/lib/python3.11/site-packages/airflow/example_dags/example_params_ui_tutorial.py took 0.162 seconds
[2025-12-24T09:04:12.459+0000] {processor.py:186} INFO - Started process (PID=277) to work on /home/airflow/.local/lib/python3.11/site-packages/airflow/example_dags/example_params_ui_tutorial.py
[2025-12-24T09:04:12.463+0000] {processor.py:914} INFO - Processing file /home/airflow/.local/lib/python3.11/site-packages/airflow/example_dags/example_params_ui_tutorial.py for tasks to queue
[2025-12-24T09:04:12.468+0000] {logging_mixin.py:190} INFO - [2025-12-24T09:04:12.467+0000] {dagbag.py:588} INFO - Filling up the DagBag from /home/airflow/.local/lib/python3.11/site-packages/airflow/example_dags/example_params_ui_tutorial.py
[2025-12-24T09:04:12.484+0000] {processor.py:925} INFO - DAG(s) 'example_params_ui_tutorial' retrieved from /home/airflow/.local/lib/python3.11/site-packages/airflow/example_dags/example_params_ui_tutorial.py
[2025-12-24T09:04:12.565+0000] {logging_mixin.py:190} INFO - [2025-12-24T09:04:12.565+0000] {dag.py:3239} INFO - Sync 1 DAGs
[2025-12-24T09:04:12.584+0000] {logging_mixin.py:190} INFO - [2025-12-24T09:04:12.584+0000] {dag.py:4180} INFO - Setting next_dagrun for example_params_ui_tutorial to None, run_after=None
[2025-12-24T09:04:12.612+0000] {processor.py:208} INFO - Processing /home/airflow/.local/lib/python3.11/site-packages/airflow/example_dags/example_params_ui_tutorial.py took 0.163 seconds
[2025-12-24T09:04:42.657+0000] {processor.py:186} INFO - Started process (PID=340) to work on /home/airflow/.local/lib/python3.11/site-packages/airflow/example_dags/example_params_ui_tutorial.py
[2025-12-24T09:04:42.659+0000] {processor.py:914} INFO - Processing file /home/airflow/.local/lib/python3.11/site-packages/airflow/example_dags/example_params_ui_tutorial.py for tasks to queue
[2025-12-24T09:04:42.664+0000] {logging_mixin.py:190} INFO - [2025-12-24T09:04:42.663+0000] {dagbag.py:588} INFO - Filling up the DagBag from /home/airflow/.local/lib/python3.11/site-packages/airflow/example_dags/example_params_ui_tutorial.py
[2025-12-24T09:04:42.679+0000] {processor.py:925} INFO - DAG(s) 'example_params_ui_tutorial' retrieved from /home/airflow/.local/lib/python3.11/site-packages/airflow/example_dags/example_params_ui_tutorial.py
[2025-12-24T09:04:42.753+0000] {logging_mixin.py:190} INFO - [2025-12-24T09:04:42.751+0000] {dag.py:3239} INFO - Sync 1 DAGs
[2025-12-24T09:04:42.773+0000] {logging_mixin.py:190} INFO - [2025-12-24T09:04:42.772+0000] {dag.py:4180} INFO - Setting next_dagrun for example_params_ui_tutorial to None, run_after=None
[2025-12-24T09:04:42.802+0000] {processor.py:208} INFO - Processing /home/airflow/.local/lib/python3.11/site-packages/airflow/example_dags/example_params_ui_tutorial.py took 0.156 seconds
[2025-12-24T09:04:52.175+0000] {processor.py:186} INFO - Started process (PID=405) to work on /home/airflow/.local/lib/python3.11/site-packages/airflow/example_dags/example_params_ui_tutorial.py
[2025-12-24T09:04:52.178+0000] {processor.py:914} INFO - Processing file /home/airflow/.local/lib/python3.11/site-packages/airflow/example_dags/example_params_ui_tutorial.py for tasks to queue
[2025-12-24T09:04:52.182+0000] {logging_mixin.py:190} INFO - [2025-12-24T09:04:52.182+0000] {dagbag.py:588} INFO - Filling up the DagBag from /home/airflow/.local/lib/python3.11/site-packages/airflow/example_dags/example_params_ui_tutorial.py
[2025-12-24T09:04:52.198+0000] {processor.py:925} INFO - DAG(s) 'example_params_ui_tutorial' retrieved from /home/airflow/.local/lib/python3.11/site-packages/airflow/example_dags/example_params_ui_tutorial.py
[2025-12-24T09:04:52.260+0000] {logging_mixin.py:190} INFO - [2025-12-24T09:04:52.260+0000] {dag.py:3239} INFO - Sync 1 DAGs
[2025-12-24T09:04:52.277+0000] {logging_mixin.py:190} INFO - [2025-12-24T09:04:52.276+0000] {dag.py:4180} INFO - Setting next_dagrun for example_params_ui_tutorial to None, run_after=None
[2025-12-24T09:04:52.316+0000] {processor.py:208} INFO - Processing /home/airflow/.local/lib/python3.11/site-packages/airflow/example_dags/example_params_ui_tutorial.py took 0.149 seconds
[2025-12-24T09:05:22.770+0000] {processor.py:186} INFO - Started process (PID=470) to work on /home/airflow/.local/lib/python3.11/site-packages/airflow/example_dags/example_params_ui_tutorial.py
[2025-12-24T09:05:22.772+0000] {processor.py:914} INFO - Processing file /home/airflow/.local/lib/python3.11/site-packages/airflow/example_dags/example_params_ui_tutorial.py for tasks to queue
[2025-12-24T09:05:22.776+0000] {logging_mixin.py:190} INFO - [2025-12-24T09:05:22.775+0000] {dagbag.py:588} INFO - Filling up the DagBag from /home/airflow/.local/lib/python3.11/site-packages/airflow/example_dags/example_params_ui_tutorial.py
[2025-12-24T09:05:22.791+0000] {processor.py:925} INFO - DAG(s) 'example_params_ui_tutorial' retrieved from /home/airflow/.local/lib/python3.11/site-packages/airflow/example_dags/example_params_ui_tutorial.py
[2025-12-24T09:05:22.869+0000] {logging_mixin.py:190} INFO - [2025-12-24T09:05:22.869+0000] {dag.py:3239} INFO - Sync 1 DAGs
[2025-12-24T09:05:22.893+0000] {logging_mixin.py:190} INFO - [2025-12-24T09:05:22.892+0000] {dag.py:4180} INFO - Setting next_dagrun for example_params_ui_tutorial to None, run_after=None
[2025-12-24T09:05:22.922+0000] {processor.py:208} INFO - Processing /home/airflow/.local/lib/python3.11/site-packages/airflow/example_dags/example_params_ui_tutorial.py took 0.163 seconds
[2025-12-24T09:05:26.883+0000] {processor.py:186} INFO - Started process (PID=506) to work on /home/airflow/.local/lib/python3.11/site-packages/airflow/example_dags/example_params_ui_tutorial.py
[2025-12-24T09:05:26.884+0000] {processor.py:914} INFO - Processing file /home/airflow/.local/lib/python3.11/site-packages/airflow/example_dags/example_params_ui_tutorial.py for tasks to queue
[2025-12-24T09:05:26.888+0000] {logging_mixin.py:190} INFO - [2025-12-24T09:05:26.888+0000] {dagbag.py:588} INFO - Filling up the DagBag from /home/airflow/.local/lib/python3.11/site-packages/airflow/example_dags/example_params_ui_tutorial.py
[2025-12-24T09:05:26.901+0000] {processor.py:925} INFO - DAG(s) 'example_params_ui_tutorial' retrieved from /home/airflow/.local/lib/python3.11/site-packages/airflow/example_dags/example_params_ui_tutorial.py
[2025-12-24T09:05:26.954+0000] {logging_mixin.py:190} INFO - [2025-12-24T09:05:26.954+0000] {dag.py:3239} INFO - Sync 1 DAGs
[2025-12-24T09:05:26.971+0000] {logging_mixin.py:190} INFO - [2025-12-24T09:05:26.971+0000] {dag.py:4180} INFO - Setting next_dagrun for example_params_ui_tutorial to None, run_after=None
[2025-12-24T09:05:26.996+0000] {processor.py:208} INFO - Processing /home/airflow/.local/lib/python3.11/site-packages/airflow/example_dags/example_params_ui_tutorial.py took 0.122 seconds
[2025-12-24T09:05:37.747+0000] {processor.py:186} INFO - Started process (PID=561) to work on /home/airflow/.local/lib/python3.11/site-packages/airflow/example_dags/example_params_ui_tutorial.py
[2025-12-24T09:05:37.749+0000] {processor.py:914} INFO - Processing file /home/airflow/.local/lib/python3.11/site-packages/airflow/example_dags/example_params_ui_tutorial.py for tasks to queue
[2025-12-24T09:05:37.753+0000] {logging_mixin.py:190} INFO - [2025-12-24T09:05:37.753+0000] {dagbag.py:588} INFO - Filling up the DagBag from /home/airflow/.local/lib/python3.11/site-packages/airflow/example_dags/example_params_ui_tutorial.py
[2025-12-24T09:05:37.769+0000] {processor.py:925} INFO - DAG(s) 'example_params_ui_tutorial' retrieved from /home/airflow/.local/lib/python3.11/site-packages/airflow/example_dags/example_params_ui_tutorial.py
[2025-12-24T09:05:37.841+0000] {logging_mixin.py:190} INFO - [2025-12-24T09:05:37.841+0000] {dag.py:3239} INFO - Sync 1 DAGs
[2025-12-24T09:05:37.861+0000] {logging_mixin.py:190} INFO - [2025-12-24T09:05:37.861+0000] {dag.py:4180} INFO - Setting next_dagrun for example_params_ui_tutorial to None, run_after=None
[2025-12-24T09:05:37.912+0000] {processor.py:208} INFO - Processing /home/airflow/.local/lib/python3.11/site-packages/airflow/example_dags/example_params_ui_tutorial.py took 0.175 seconds
[2025-12-24T09:06:40.219+0000] {processor.py:186} INFO - Started process (PID=623) to work on /home/airflow/.local/lib/python3.11/site-packages/airflow/example_dags/example_params_ui_tutorial.py
[2025-12-24T09:06:40.221+0000] {processor.py:914} INFO - Processing file /home/airflow/.local/lib/python3.11/site-packages/airflow/example_dags/example_params_ui_tutorial.py for tasks to queue
[2025-12-24T09:06:40.224+0000] {logging_mixin.py:190} INFO - [2025-12-24T09:06:40.224+0000] {dagbag.py:588} INFO - Filling up the DagBag from /home/airflow/.local/lib/python3.11/site-packages/airflow/example_dags/example_params_ui_tutorial.py
[2025-12-24T09:06:40.253+0000] {processor.py:925} INFO - DAG(s) 'example_params_ui_tutorial' retrieved from /home/airflow/.local/lib/python3.11/site-packages/airflow/example_dags/example_params_ui_tutorial.py
[2025-12-24T09:06:40.312+0000] {logging_mixin.py:190} INFO - [2025-12-24T09:06:40.312+0000] {dag.py:3239} INFO - Sync 1 DAGs
[2025-12-24T09:06:40.330+0000] {logging_mixin.py:190} INFO - [2025-12-24T09:06:40.329+0000] {dag.py:4180} INFO - Setting next_dagrun for example_params_ui_tutorial to None, run_after=None
[2025-12-24T09:06:40.366+0000] {processor.py:208} INFO - Processing /home/airflow/.local/lib/python3.11/site-packages/airflow/example_dags/example_params_ui_tutorial.py took 0.157 seconds
[2025-12-24T09:06:42.917+0000] {processor.py:186} INFO - Started process (PID=689) to work on /home/airflow/.local/lib/python3.11/site-packages/airflow/example_dags/example_params_ui_tutorial.py
[2025-12-24T09:06:42.919+0000] {processor.py:914} INFO - Processing file /home/airflow/.local/lib/python3.11/site-packages/airflow/example_dags/example_params_ui_tutorial.py for tasks to queue
[2025-12-24T09:06:42.925+0000] {logging_mixin.py:190} INFO - [2025-12-24T09:06:42.924+0000] {dagbag.py:588} INFO - Filling up the DagBag from /home/airflow/.local/lib/python3.11/site-packages/airflow/example_dags/example_params_ui_tutorial.py
[2025-12-24T09:06:42.946+0000] {processor.py:925} INFO - DAG(s) 'example_params_ui_tutorial' retrieved from /home/airflow/.local/lib/python3.11/site-packages/airflow/example_dags/example_params_ui_tutorial.py
[2025-12-24T09:06:43.054+0000] {logging_mixin.py:190} INFO - [2025-12-24T09:06:43.054+0000] {dag.py:3239} INFO - Sync 1 DAGs
[2025-12-24T09:06:43.085+0000] {logging_mixin.py:190} INFO - [2025-12-24T09:06:43.084+0000] {dag.py:4180} INFO - Setting next_dagrun for example_params_ui_tutorial to None, run_after=None
[2025-12-24T09:06:43.130+0000] {processor.py:208} INFO - Processing /home/airflow/.local/lib/python3.11/site-packages/airflow/example_dags/example_params_ui_tutorial.py took 0.228 seconds
[2025-12-24T09:07:12.502+0000] {processor.py:186} INFO - Started process (PID=755) to work on /home/airflow/.local/lib/python3.11/site-packages/airflow/example_dags/example_params_ui_tutorial.py
[2025-12-24T09:07:12.505+0000] {processor.py:914} INFO - Processing file /home/airflow/.local/lib/python3.11/site-packages/airflow/example_dags/example_params_ui_tutorial.py for tasks to queue
[2025-12-24T09:07:12.512+0000] {logging_mixin.py:190} INFO - [2025-12-24T09:07:12.510+0000] {dagbag.py:588} INFO - Filling up the DagBag from /home/airflow/.local/lib/python3.11/site-packages/airflow/example_dags/example_params_ui_tutorial.py
[2025-12-24T09:07:12.532+0000] {processor.py:925} INFO - DAG(s) 'example_params_ui_tutorial' retrieved from /home/airflow/.local/lib/python3.11/site-packages/airflow/example_dags/example_params_ui_tutorial.py
[2025-12-24T09:07:12.611+0000] {logging_mixin.py:190} INFO - [2025-12-24T09:07:12.610+0000] {dag.py:3239} INFO - Sync 1 DAGs
[2025-12-24T09:07:12.639+0000] {logging_mixin.py:190} INFO - [2025-12-24T09:07:12.639+0000] {dag.py:4180} INFO - Setting next_dagrun for example_params_ui_tutorial to None, run_after=None
[2025-12-24T09:07:12.670+0000] {processor.py:208} INFO - Processing /home/airflow/.local/lib/python3.11/site-packages/airflow/example_dags/example_params_ui_tutorial.py took 0.185 seconds
[2025-12-24T09:07:21.984+0000] {processor.py:186} INFO - Started process (PID=817) to work on /home/airflow/.local/lib/python3.11/site-packages/airflow/example_dags/example_params_ui_tutorial.py
[2025-12-24T09:07:21.985+0000] {processor.py:914} INFO - Processing file /home/airflow/.local/lib/python3.11/site-packages/airflow/example_dags/example_params_ui_tutorial.py for tasks to queue
[2025-12-24T09:07:21.989+0000] {logging_mixin.py:190} INFO - [2025-12-24T09:07:21.988+0000] {dagbag.py:588} INFO - Filling up the DagBag from /home/airflow/.local/lib/python3.11/site-packages/airflow/example_dags/example_params_ui_tutorial.py
[2025-12-24T09:07:22.000+0000] {processor.py:925} INFO - DAG(s) 'example_params_ui_tutorial' retrieved from /home/airflow/.local/lib/python3.11/site-packages/airflow/example_dags/example_params_ui_tutorial.py
[2025-12-24T09:07:22.051+0000] {logging_mixin.py:190} INFO - [2025-12-24T09:07:22.050+0000] {dag.py:3239} INFO - Sync 1 DAGs
[2025-12-24T09:07:22.068+0000] {logging_mixin.py:190} INFO - [2025-12-24T09:07:22.068+0000] {dag.py:4180} INFO - Setting next_dagrun for example_params_ui_tutorial to None, run_after=None
[2025-12-24T09:07:22.094+0000] {processor.py:208} INFO - Processing /home/airflow/.local/lib/python3.11/site-packages/airflow/example_dags/example_params_ui_tutorial.py took 0.119 seconds
[2025-12-24T09:07:32.378+0000] {processor.py:186} INFO - Started process (PID=874) to work on /home/airflow/.local/lib/python3.11/site-packages/airflow/example_dags/example_params_ui_tutorial.py
[2025-12-24T09:07:32.380+0000] {processor.py:914} INFO - Processing file /home/airflow/.local/lib/python3.11/site-packages/airflow/example_dags/example_params_ui_tutorial.py for tasks to queue
[2025-12-24T09:07:32.383+0000] {logging_mixin.py:190} INFO - [2025-12-24T09:07:32.383+0000] {dagbag.py:588} INFO - Filling up the DagBag from /home/airflow/.local/lib/python3.11/site-packages/airflow/example_dags/example_params_ui_tutorial.py
[2025-12-24T09:07:32.400+0000] {processor.py:925} INFO - DAG(s) 'example_params_ui_tutorial' retrieved from /home/airflow/.local/lib/python3.11/site-packages/airflow/example_dags/example_params_ui_tutorial.py
[2025-12-24T09:07:32.460+0000] {logging_mixin.py:190} INFO - [2025-12-24T09:07:32.460+0000] {dag.py:3239} INFO - Sync 1 DAGs
[2025-12-24T09:07:32.493+0000] {logging_mixin.py:190} INFO - [2025-12-24T09:07:32.493+0000] {dag.py:4180} INFO - Setting next_dagrun for example_params_ui_tutorial to None, run_after=None
[2025-12-24T09:07:32.519+0000] {processor.py:208} INFO - Processing /home/airflow/.local/lib/python3.11/site-packages/airflow/example_dags/example_params_ui_tutorial.py took 0.151 seconds
[2025-12-24T09:07:42.198+0000] {processor.py:186} INFO - Started process (PID=930) to work on /home/airflow/.local/lib/python3.11/site-packages/airflow/example_dags/example_params_ui_tutorial.py
[2025-12-24T09:07:42.199+0000] {processor.py:914} INFO - Processing file /home/airflow/.local/lib/python3.11/site-packages/airflow/example_dags/example_params_ui_tutorial.py for tasks to queue
[2025-12-24T09:07:42.203+0000] {logging_mixin.py:190} INFO - [2025-12-24T09:07:42.203+0000] {dagbag.py:588} INFO - Filling up the DagBag from /home/airflow/.local/lib/python3.11/site-packages/airflow/example_dags/example_params_ui_tutorial.py
[2025-12-24T09:07:42.216+0000] {processor.py:925} INFO - DAG(s) 'example_params_ui_tutorial' retrieved from /home/airflow/.local/lib/python3.11/site-packages/airflow/example_dags/example_params_ui_tutorial.py
[2025-12-24T09:07:42.300+0000] {logging_mixin.py:190} INFO - [2025-12-24T09:07:42.299+0000] {dag.py:3239} INFO - Sync 1 DAGs
[2025-12-24T09:07:42.324+0000] {logging_mixin.py:190} INFO - [2025-12-24T09:07:42.324+0000] {dag.py:4180} INFO - Setting next_dagrun for example_params_ui_tutorial to None, run_after=None
[2025-12-24T09:07:42.352+0000] {processor.py:208} INFO - Processing /home/airflow/.local/lib/python3.11/site-packages/airflow/example_dags/example_params_ui_tutorial.py took 0.163 seconds
[2025-12-24T09:08:39.723+0000] {processor.py:186} INFO - Started process (PID=991) to work on /home/airflow/.local/lib/python3.11/site-packages/airflow/example_dags/example_params_ui_tutorial.py
[2025-12-24T09:08:39.730+0000] {processor.py:914} INFO - Processing file /home/airflow/.local/lib/python3.11/site-packages/airflow/example_dags/example_params_ui_tutorial.py for tasks to queue
[2025-12-24T09:08:39.736+0000] {logging_mixin.py:190} INFO - [2025-12-24T09:08:39.736+0000] {dagbag.py:588} INFO - Filling up the DagBag from /home/airflow/.local/lib/python3.11/site-packages/airflow/example_dags/example_params_ui_tutorial.py
[2025-12-24T09:08:39.765+0000] {processor.py:925} INFO - DAG(s) 'example_params_ui_tutorial' retrieved from /home/airflow/.local/lib/python3.11/site-packages/airflow/example_dags/example_params_ui_tutorial.py
[2025-12-24T09:08:39.842+0000] {logging_mixin.py:190} INFO - [2025-12-24T09:08:39.842+0000] {dag.py:3239} INFO - Sync 1 DAGs
[2025-12-24T09:08:39.868+0000] {logging_mixin.py:190} INFO - [2025-12-24T09:08:39.868+0000] {dag.py:4180} INFO - Setting next_dagrun for example_params_ui_tutorial to None, run_after=None
[2025-12-24T09:08:39.902+0000] {processor.py:208} INFO - Processing /home/airflow/.local/lib/python3.11/site-packages/airflow/example_dags/example_params_ui_tutorial.py took 0.195 seconds
[2025-12-24T09:09:19.603+0000] {processor.py:186} INFO - Started process (PID=1058) to work on /home/airflow/.local/lib/python3.11/site-packages/airflow/example_dags/example_params_ui_tutorial.py
[2025-12-24T09:09:19.604+0000] {processor.py:914} INFO - Processing file /home/airflow/.local/lib/python3.11/site-packages/airflow/example_dags/example_params_ui_tutorial.py for tasks to queue
[2025-12-24T09:09:19.608+0000] {logging_mixin.py:190} INFO - [2025-12-24T09:09:19.607+0000] {dagbag.py:588} INFO - Filling up the DagBag from /home/airflow/.local/lib/python3.11/site-packages/airflow/example_dags/example_params_ui_tutorial.py
[2025-12-24T09:09:19.620+0000] {processor.py:925} INFO - DAG(s) 'example_params_ui_tutorial' retrieved from /home/airflow/.local/lib/python3.11/site-packages/airflow/example_dags/example_params_ui_tutorial.py
[2025-12-24T09:09:19.676+0000] {logging_mixin.py:190} INFO - [2025-12-24T09:09:19.676+0000] {dag.py:3239} INFO - Sync 1 DAGs
[2025-12-24T09:09:19.695+0000] {logging_mixin.py:190} INFO - [2025-12-24T09:09:19.695+0000] {dag.py:4180} INFO - Setting next_dagrun for example_params_ui_tutorial to None, run_after=None
[2025-12-24T09:09:19.720+0000] {processor.py:208} INFO - Processing /home/airflow/.local/lib/python3.11/site-packages/airflow/example_dags/example_params_ui_tutorial.py took 0.127 seconds
[2025-12-24T09:09:17.393+0000] {processor.py:186} INFO - Started process (PID=1138) to work on /home/airflow/.local/lib/python3.11/site-packages/airflow/example_dags/example_params_ui_tutorial.py
[2025-12-24T09:09:17.396+0000] {processor.py:914} INFO - Processing file /home/airflow/.local/lib/python3.11/site-packages/airflow/example_dags/example_params_ui_tutorial.py for tasks to queue
[2025-12-24T09:09:17.403+0000] {logging_mixin.py:190} INFO - [2025-12-24T09:09:17.402+0000] {dagbag.py:588} INFO - Filling up the DagBag from /home/airflow/.local/lib/python3.11/site-packages/airflow/example_dags/example_params_ui_tutorial.py
[2025-12-24T09:09:17.451+0000] {processor.py:925} INFO - DAG(s) 'example_params_ui_tutorial' retrieved from /home/airflow/.local/lib/python3.11/site-packages/airflow/example_dags/example_params_ui_tutorial.py
[2025-12-24T09:09:17.593+0000] {logging_mixin.py:190} INFO - [2025-12-24T09:09:17.592+0000] {dag.py:3239} INFO - Sync 1 DAGs
[2025-12-24T09:09:17.639+0000] {logging_mixin.py:190} INFO - [2025-12-24T09:09:17.638+0000] {dag.py:4180} INFO - Setting next_dagrun for example_params_ui_tutorial to None, run_after=None
[2025-12-24T09:09:17.688+0000] {processor.py:208} INFO - Processing /home/airflow/.local/lib/python3.11/site-packages/airflow/example_dags/example_params_ui_tutorial.py took 0.314 seconds
[2025-12-24T09:10:24.848+0000] {processor.py:186} INFO - Started process (PID=1198) to work on /home/airflow/.local/lib/python3.11/site-packages/airflow/example_dags/example_params_ui_tutorial.py
[2025-12-24T09:10:24.850+0000] {processor.py:914} INFO - Processing file /home/airflow/.local/lib/python3.11/site-packages/airflow/example_dags/example_params_ui_tutorial.py for tasks to queue
[2025-12-24T09:10:24.854+0000] {logging_mixin.py:190} INFO - [2025-12-24T09:10:24.853+0000] {dagbag.py:588} INFO - Filling up the DagBag from /home/airflow/.local/lib/python3.11/site-packages/airflow/example_dags/example_params_ui_tutorial.py
[2025-12-24T09:10:24.867+0000] {processor.py:925} INFO - DAG(s) 'example_params_ui_tutorial' retrieved from /home/airflow/.local/lib/python3.11/site-packages/airflow/example_dags/example_params_ui_tutorial.py
[2025-12-24T09:10:24.931+0000] {logging_mixin.py:190} INFO - [2025-12-24T09:10:24.931+0000] {dag.py:3239} INFO - Sync 1 DAGs
[2025-12-24T09:10:24.954+0000] {logging_mixin.py:190} INFO - [2025-12-24T09:10:24.953+0000] {dag.py:4180} INFO - Setting next_dagrun for example_params_ui_tutorial to None, run_after=None
[2025-12-24T09:10:24.984+0000] {processor.py:208} INFO - Processing /home/airflow/.local/lib/python3.11/site-packages/airflow/example_dags/example_params_ui_tutorial.py took 0.145 seconds
[2025-12-24T09:10:17.728+0000] {processor.py:186} INFO - Started process (PID=1270) to work on /home/airflow/.local/lib/python3.11/site-packages/airflow/example_dags/example_params_ui_tutorial.py
[2025-12-24T09:10:17.730+0000] {processor.py:914} INFO - Processing file /home/airflow/.local/lib/python3.11/site-packages/airflow/example_dags/example_params_ui_tutorial.py for tasks to queue
[2025-12-24T09:10:17.734+0000] {logging_mixin.py:190} INFO - [2025-12-24T09:10:17.734+0000] {dagbag.py:588} INFO - Filling up the DagBag from /home/airflow/.local/lib/python3.11/site-packages/airflow/example_dags/example_params_ui_tutorial.py
[2025-12-24T09:10:17.751+0000] {processor.py:925} INFO - DAG(s) 'example_params_ui_tutorial' retrieved from /home/airflow/.local/lib/python3.11/site-packages/airflow/example_dags/example_params_ui_tutorial.py
[2025-12-24T09:10:17.814+0000] {logging_mixin.py:190} INFO - [2025-12-24T09:10:17.814+0000] {dag.py:3239} INFO - Sync 1 DAGs
[2025-12-24T09:10:17.836+0000] {logging_mixin.py:190} INFO - [2025-12-24T09:10:17.835+0000] {dag.py:4180} INFO - Setting next_dagrun for example_params_ui_tutorial to None, run_after=None
[2025-12-24T09:10:17.869+0000] {processor.py:208} INFO - Processing /home/airflow/.local/lib/python3.11/site-packages/airflow/example_dags/example_params_ui_tutorial.py took 0.153 seconds
[2025-12-24T09:10:47.707+0000] {processor.py:186} INFO - Started process (PID=1319) to work on /home/airflow/.local/lib/python3.11/site-packages/airflow/example_dags/example_params_ui_tutorial.py
[2025-12-24T09:10:47.712+0000] {processor.py:914} INFO - Processing file /home/airflow/.local/lib/python3.11/site-packages/airflow/example_dags/example_params_ui_tutorial.py for tasks to queue
[2025-12-24T09:10:47.716+0000] {logging_mixin.py:190} INFO - [2025-12-24T09:10:47.716+0000] {dagbag.py:588} INFO - Filling up the DagBag from /home/airflow/.local/lib/python3.11/site-packages/airflow/example_dags/example_params_ui_tutorial.py
[2025-12-24T09:10:47.731+0000] {processor.py:925} INFO - DAG(s) 'example_params_ui_tutorial' retrieved from /home/airflow/.local/lib/python3.11/site-packages/airflow/example_dags/example_params_ui_tutorial.py
[2025-12-24T09:10:47.798+0000] {logging_mixin.py:190} INFO - [2025-12-24T09:10:47.797+0000] {dag.py:3239} INFO - Sync 1 DAGs
[2025-12-24T09:10:47.823+0000] {logging_mixin.py:190} INFO - [2025-12-24T09:10:47.823+0000] {dag.py:4180} INFO - Setting next_dagrun for example_params_ui_tutorial to None, run_after=None
[2025-12-24T09:10:47.856+0000] {processor.py:208} INFO - Processing /home/airflow/.local/lib/python3.11/site-packages/airflow/example_dags/example_params_ui_tutorial.py took 0.160 seconds
[2025-12-24T09:10:57.366+0000] {processor.py:186} INFO - Started process (PID=1376) to work on /home/airflow/.local/lib/python3.11/site-packages/airflow/example_dags/example_params_ui_tutorial.py
[2025-12-24T09:10:57.367+0000] {processor.py:914} INFO - Processing file /home/airflow/.local/lib/python3.11/site-packages/airflow/example_dags/example_params_ui_tutorial.py for tasks to queue
[2025-12-24T09:10:57.371+0000] {logging_mixin.py:190} INFO - [2025-12-24T09:10:57.371+0000] {dagbag.py:588} INFO - Filling up the DagBag from /home/airflow/.local/lib/python3.11/site-packages/airflow/example_dags/example_params_ui_tutorial.py
[2025-12-24T09:10:57.386+0000] {processor.py:925} INFO - DAG(s) 'example_params_ui_tutorial' retrieved from /home/airflow/.local/lib/python3.11/site-packages/airflow/example_dags/example_params_ui_tutorial.py
[2025-12-24T09:10:57.449+0000] {logging_mixin.py:190} INFO - [2025-12-24T09:10:57.449+0000] {dag.py:3239} INFO - Sync 1 DAGs
[2025-12-24T09:10:57.475+0000] {logging_mixin.py:190} INFO - [2025-12-24T09:10:57.475+0000] {dag.py:4180} INFO - Setting next_dagrun for example_params_ui_tutorial to None, run_after=None
[2025-12-24T09:10:57.507+0000] {processor.py:208} INFO - Processing /home/airflow/.local/lib/python3.11/site-packages/airflow/example_dags/example_params_ui_tutorial.py took 0.153 seconds
[2025-12-24T09:11:28.371+0000] {processor.py:186} INFO - Started process (PID=1439) to work on /home/airflow/.local/lib/python3.11/site-packages/airflow/example_dags/example_params_ui_tutorial.py
[2025-12-24T09:11:28.373+0000] {processor.py:914} INFO - Processing file /home/airflow/.local/lib/python3.11/site-packages/airflow/example_dags/example_params_ui_tutorial.py for tasks to queue
[2025-12-24T09:11:28.376+0000] {logging_mixin.py:190} INFO - [2025-12-24T09:11:28.376+0000] {dagbag.py:588} INFO - Filling up the DagBag from /home/airflow/.local/lib/python3.11/site-packages/airflow/example_dags/example_params_ui_tutorial.py
[2025-12-24T09:11:28.390+0000] {processor.py:925} INFO - DAG(s) 'example_params_ui_tutorial' retrieved from /home/airflow/.local/lib/python3.11/site-packages/airflow/example_dags/example_params_ui_tutorial.py
[2025-12-24T09:11:28.443+0000] {logging_mixin.py:190} INFO - [2025-12-24T09:11:28.442+0000] {dag.py:3239} INFO - Sync 1 DAGs
[2025-12-24T09:11:28.459+0000] {logging_mixin.py:190} INFO - [2025-12-24T09:11:28.459+0000] {dag.py:4180} INFO - Setting next_dagrun for example_params_ui_tutorial to None, run_after=None
[2025-12-24T09:11:28.483+0000] {processor.py:208} INFO - Processing /home/airflow/.local/lib/python3.11/site-packages/airflow/example_dags/example_params_ui_tutorial.py took 0.121 seconds
[2025-12-24T09:12:30.559+0000] {processor.py:186} INFO - Started process (PID=1502) to work on /home/airflow/.local/lib/python3.11/site-packages/airflow/example_dags/example_params_ui_tutorial.py
[2025-12-24T09:12:30.560+0000] {processor.py:914} INFO - Processing file /home/airflow/.local/lib/python3.11/site-packages/airflow/example_dags/example_params_ui_tutorial.py for tasks to queue
[2025-12-24T09:12:30.564+0000] {logging_mixin.py:190} INFO - [2025-12-24T09:12:30.564+0000] {dagbag.py:588} INFO - Filling up the DagBag from /home/airflow/.local/lib/python3.11/site-packages/airflow/example_dags/example_params_ui_tutorial.py
[2025-12-24T09:12:30.578+0000] {processor.py:925} INFO - DAG(s) 'example_params_ui_tutorial' retrieved from /home/airflow/.local/lib/python3.11/site-packages/airflow/example_dags/example_params_ui_tutorial.py
[2025-12-24T09:12:30.644+0000] {logging_mixin.py:190} INFO - [2025-12-24T09:12:30.644+0000] {dag.py:3239} INFO - Sync 1 DAGs
[2025-12-24T09:12:30.663+0000] {logging_mixin.py:190} INFO - [2025-12-24T09:12:30.663+0000] {dag.py:4180} INFO - Setting next_dagrun for example_params_ui_tutorial to None, run_after=None
[2025-12-24T09:12:30.693+0000] {processor.py:208} INFO - Processing /home/airflow/.local/lib/python3.11/site-packages/airflow/example_dags/example_params_ui_tutorial.py took 0.144 seconds
[2025-12-24T09:12:42.615+0000] {processor.py:186} INFO - Started process (PID=1566) to work on /home/airflow/.local/lib/python3.11/site-packages/airflow/example_dags/example_params_ui_tutorial.py
[2025-12-24T09:12:42.616+0000] {processor.py:914} INFO - Processing file /home/airflow/.local/lib/python3.11/site-packages/airflow/example_dags/example_params_ui_tutorial.py for tasks to queue
[2025-12-24T09:12:42.620+0000] {logging_mixin.py:190} INFO - [2025-12-24T09:12:42.619+0000] {dagbag.py:588} INFO - Filling up the DagBag from /home/airflow/.local/lib/python3.11/site-packages/airflow/example_dags/example_params_ui_tutorial.py
[2025-12-24T09:12:42.634+0000] {processor.py:925} INFO - DAG(s) 'example_params_ui_tutorial' retrieved from /home/airflow/.local/lib/python3.11/site-packages/airflow/example_dags/example_params_ui_tutorial.py
[2025-12-24T09:12:42.688+0000] {logging_mixin.py:190} INFO - [2025-12-24T09:12:42.688+0000] {dag.py:3239} INFO - Sync 1 DAGs
[2025-12-24T09:12:42.706+0000] {logging_mixin.py:190} INFO - [2025-12-24T09:12:42.706+0000] {dag.py:4180} INFO - Setting next_dagrun for example_params_ui_tutorial to None, run_after=None
[2025-12-24T09:12:42.742+0000] {processor.py:208} INFO - Processing /home/airflow/.local/lib/python3.11/site-packages/airflow/example_dags/example_params_ui_tutorial.py took 0.137 seconds
[2025-12-24T09:13:31.416+0000] {processor.py:186} INFO - Started process (PID=1633) to work on /home/airflow/.local/lib/python3.11/site-packages/airflow/example_dags/example_params_ui_tutorial.py
[2025-12-24T09:13:31.418+0000] {processor.py:914} INFO - Processing file /home/airflow/.local/lib/python3.11/site-packages/airflow/example_dags/example_params_ui_tutorial.py for tasks to queue
[2025-12-24T09:13:31.421+0000] {logging_mixin.py:190} INFO - [2025-12-24T09:13:31.421+0000] {dagbag.py:588} INFO - Filling up the DagBag from /home/airflow/.local/lib/python3.11/site-packages/airflow/example_dags/example_params_ui_tutorial.py
[2025-12-24T09:13:31.435+0000] {processor.py:925} INFO - DAG(s) 'example_params_ui_tutorial' retrieved from /home/airflow/.local/lib/python3.11/site-packages/airflow/example_dags/example_params_ui_tutorial.py
[2025-12-24T09:13:31.493+0000] {logging_mixin.py:190} INFO - [2025-12-24T09:13:31.492+0000] {dag.py:3239} INFO - Sync 1 DAGs
[2025-12-24T09:13:31.512+0000] {logging_mixin.py:190} INFO - [2025-12-24T09:13:31.512+0000] {dag.py:4180} INFO - Setting next_dagrun for example_params_ui_tutorial to None, run_after=None
[2025-12-24T09:13:31.537+0000] {processor.py:208} INFO - Processing /home/airflow/.local/lib/python3.11/site-packages/airflow/example_dags/example_params_ui_tutorial.py took 0.131 seconds
[2025-12-24T09:14:24.999+0000] {processor.py:186} INFO - Started process (PID=1683) to work on /home/airflow/.local/lib/python3.11/site-packages/airflow/example_dags/example_params_ui_tutorial.py
[2025-12-24T09:14:25.001+0000] {processor.py:914} INFO - Processing file /home/airflow/.local/lib/python3.11/site-packages/airflow/example_dags/example_params_ui_tutorial.py for tasks to queue
[2025-12-24T09:14:25.007+0000] {logging_mixin.py:190} INFO - [2025-12-24T09:14:25.007+0000] {dagbag.py:588} INFO - Filling up the DagBag from /home/airflow/.local/lib/python3.11/site-packages/airflow/example_dags/example_params_ui_tutorial.py
[2025-12-24T09:14:25.031+0000] {processor.py:925} INFO - DAG(s) 'example_params_ui_tutorial' retrieved from /home/airflow/.local/lib/python3.11/site-packages/airflow/example_dags/example_params_ui_tutorial.py
[2025-12-24T09:14:25.104+0000] {logging_mixin.py:190} INFO - [2025-12-24T09:14:25.104+0000] {dag.py:3239} INFO - Sync 1 DAGs
[2025-12-24T09:14:25.131+0000] {logging_mixin.py:190} INFO - [2025-12-24T09:14:25.130+0000] {dag.py:4180} INFO - Setting next_dagrun for example_params_ui_tutorial to None, run_after=None
[2025-12-24T09:14:25.168+0000] {processor.py:208} INFO - Processing /home/airflow/.local/lib/python3.11/site-packages/airflow/example_dags/example_params_ui_tutorial.py took 0.181 seconds
[2025-12-24T09:14:37.699+0000] {processor.py:186} INFO - Started process (PID=1755) to work on /home/airflow/.local/lib/python3.11/site-packages/airflow/example_dags/example_params_ui_tutorial.py
[2025-12-24T09:14:37.701+0000] {processor.py:914} INFO - Processing file /home/airflow/.local/lib/python3.11/site-packages/airflow/example_dags/example_params_ui_tutorial.py for tasks to queue
[2025-12-24T09:14:37.710+0000] {logging_mixin.py:190} INFO - [2025-12-24T09:14:37.709+0000] {dagbag.py:588} INFO - Filling up the DagBag from /home/airflow/.local/lib/python3.11/site-packages/airflow/example_dags/example_params_ui_tutorial.py
[2025-12-24T09:14:37.733+0000] {processor.py:925} INFO - DAG(s) 'example_params_ui_tutorial' retrieved from /home/airflow/.local/lib/python3.11/site-packages/airflow/example_dags/example_params_ui_tutorial.py
[2025-12-24T09:14:37.806+0000] {logging_mixin.py:190} INFO - [2025-12-24T09:14:37.806+0000] {dag.py:3239} INFO - Sync 1 DAGs
[2025-12-24T09:14:37.833+0000] {logging_mixin.py:190} INFO - [2025-12-24T09:14:37.832+0000] {dag.py:4180} INFO - Setting next_dagrun for example_params_ui_tutorial to None, run_after=None
[2025-12-24T09:14:37.870+0000] {processor.py:208} INFO - Processing /home/airflow/.local/lib/python3.11/site-packages/airflow/example_dags/example_params_ui_tutorial.py took 0.182 seconds
[2025-12-24T09:15:08.537+0000] {processor.py:186} INFO - Started process (PID=1819) to work on /home/airflow/.local/lib/python3.11/site-packages/airflow/example_dags/example_params_ui_tutorial.py
[2025-12-24T09:15:08.539+0000] {processor.py:914} INFO - Processing file /home/airflow/.local/lib/python3.11/site-packages/airflow/example_dags/example_params_ui_tutorial.py for tasks to queue
[2025-12-24T09:15:08.543+0000] {logging_mixin.py:190} INFO - [2025-12-24T09:15:08.542+0000] {dagbag.py:588} INFO - Filling up the DagBag from /home/airflow/.local/lib/python3.11/site-packages/airflow/example_dags/example_params_ui_tutorial.py
[2025-12-24T09:15:08.559+0000] {processor.py:925} INFO - DAG(s) 'example_params_ui_tutorial' retrieved from /home/airflow/.local/lib/python3.11/site-packages/airflow/example_dags/example_params_ui_tutorial.py
[2025-12-24T09:15:08.624+0000] {logging_mixin.py:190} INFO - [2025-12-24T09:15:08.624+0000] {dag.py:3239} INFO - Sync 1 DAGs
[2025-12-24T09:15:08.645+0000] {logging_mixin.py:190} INFO - [2025-12-24T09:15:08.645+0000] {dag.py:4180} INFO - Setting next_dagrun for example_params_ui_tutorial to None, run_after=None
[2025-12-24T09:15:08.675+0000] {processor.py:208} INFO - Processing /home/airflow/.local/lib/python3.11/site-packages/airflow/example_dags/example_params_ui_tutorial.py took 0.148 seconds
[2025-12-24T09:15:39.494+0000] {processor.py:186} INFO - Started process (PID=1882) to work on /home/airflow/.local/lib/python3.11/site-packages/airflow/example_dags/example_params_ui_tutorial.py
[2025-12-24T09:15:39.495+0000] {processor.py:914} INFO - Processing file /home/airflow/.local/lib/python3.11/site-packages/airflow/example_dags/example_params_ui_tutorial.py for tasks to queue
[2025-12-24T09:15:39.501+0000] {logging_mixin.py:190} INFO - [2025-12-24T09:15:39.500+0000] {dagbag.py:588} INFO - Filling up the DagBag from /home/airflow/.local/lib/python3.11/site-packages/airflow/example_dags/example_params_ui_tutorial.py
[2025-12-24T09:15:39.518+0000] {processor.py:925} INFO - DAG(s) 'example_params_ui_tutorial' retrieved from /home/airflow/.local/lib/python3.11/site-packages/airflow/example_dags/example_params_ui_tutorial.py
[2025-12-24T09:15:39.609+0000] {logging_mixin.py:190} INFO - [2025-12-24T09:15:39.608+0000] {dag.py:3239} INFO - Sync 1 DAGs
[2025-12-24T09:15:39.634+0000] {logging_mixin.py:190} INFO - [2025-12-24T09:15:39.634+0000] {dag.py:4180} INFO - Setting next_dagrun for example_params_ui_tutorial to None, run_after=None
[2025-12-24T09:15:39.674+0000] {processor.py:208} INFO - Processing /home/airflow/.local/lib/python3.11/site-packages/airflow/example_dags/example_params_ui_tutorial.py took 0.191 seconds
[2025-12-24T09:16:40.506+0000] {processor.py:186} INFO - Started process (PID=1948) to work on /home/airflow/.local/lib/python3.11/site-packages/airflow/example_dags/example_params_ui_tutorial.py
[2025-12-24T09:16:40.508+0000] {processor.py:914} INFO - Processing file /home/airflow/.local/lib/python3.11/site-packages/airflow/example_dags/example_params_ui_tutorial.py for tasks to queue
[2025-12-24T09:16:40.512+0000] {logging_mixin.py:190} INFO - [2025-12-24T09:16:40.511+0000] {dagbag.py:588} INFO - Filling up the DagBag from /home/airflow/.local/lib/python3.11/site-packages/airflow/example_dags/example_params_ui_tutorial.py
[2025-12-24T09:16:40.524+0000] {processor.py:925} INFO - DAG(s) 'example_params_ui_tutorial' retrieved from /home/airflow/.local/lib/python3.11/site-packages/airflow/example_dags/example_params_ui_tutorial.py
[2025-12-24T09:16:40.580+0000] {logging_mixin.py:190} INFO - [2025-12-24T09:16:40.580+0000] {dag.py:3239} INFO - Sync 1 DAGs
[2025-12-24T09:16:40.601+0000] {logging_mixin.py:190} INFO - [2025-12-24T09:16:40.600+0000] {dag.py:4180} INFO - Setting next_dagrun for example_params_ui_tutorial to None, run_after=None
[2025-12-24T09:16:40.625+0000] {processor.py:208} INFO - Processing /home/airflow/.local/lib/python3.11/site-packages/airflow/example_dags/example_params_ui_tutorial.py took 0.129 seconds
[2025-12-24T09:24:13.268+0000] {processor.py:186} INFO - Started process (PID=94) to work on /home/airflow/.local/lib/python3.11/site-packages/airflow/example_dags/example_params_ui_tutorial.py
[2025-12-24T09:24:13.272+0000] {processor.py:914} INFO - Processing file /home/airflow/.local/lib/python3.11/site-packages/airflow/example_dags/example_params_ui_tutorial.py for tasks to queue
[2025-12-24T09:24:13.282+0000] {logging_mixin.py:190} INFO - [2025-12-24T09:24:13.281+0000] {dagbag.py:588} INFO - Filling up the DagBag from /home/airflow/.local/lib/python3.11/site-packages/airflow/example_dags/example_params_ui_tutorial.py
[2025-12-24T09:24:13.322+0000] {processor.py:925} INFO - DAG(s) 'example_params_ui_tutorial' retrieved from /home/airflow/.local/lib/python3.11/site-packages/airflow/example_dags/example_params_ui_tutorial.py
[2025-12-24T09:24:13.630+0000] {logging_mixin.py:190} INFO - [2025-12-24T09:24:13.629+0000] {override.py:1911} INFO - Created Permission View: can delete on DAG:example_params_ui_tutorial
[2025-12-24T09:24:13.648+0000] {logging_mixin.py:190} INFO - [2025-12-24T09:24:13.648+0000] {override.py:1911} INFO - Created Permission View: can read on DAG:example_params_ui_tutorial
[2025-12-24T09:24:13.663+0000] {logging_mixin.py:190} INFO - [2025-12-24T09:24:13.662+0000] {override.py:1911} INFO - Created Permission View: can edit on DAG:example_params_ui_tutorial
[2025-12-24T09:24:13.683+0000] {logging_mixin.py:190} INFO - [2025-12-24T09:24:13.682+0000] {override.py:1911} INFO - Created Permission View: menu access on DAG Run:example_params_ui_tutorial
[2025-12-24T09:24:13.702+0000] {logging_mixin.py:190} INFO - [2025-12-24T09:24:13.701+0000] {override.py:1911} INFO - Created Permission View: can create on DAG Run:example_params_ui_tutorial
[2025-12-24T09:24:13.719+0000] {logging_mixin.py:190} INFO - [2025-12-24T09:24:13.719+0000] {override.py:1911} INFO - Created Permission View: can delete on DAG Run:example_params_ui_tutorial
[2025-12-24T09:24:13.735+0000] {logging_mixin.py:190} INFO - [2025-12-24T09:24:13.735+0000] {override.py:1911} INFO - Created Permission View: can read on DAG Run:example_params_ui_tutorial
[2025-12-24T09:24:13.736+0000] {logging_mixin.py:190} INFO - [2025-12-24T09:24:13.736+0000] {dag.py:3239} INFO - Sync 1 DAGs
[2025-12-24T09:24:13.759+0000] {logging_mixin.py:190} INFO - [2025-12-24T09:24:13.759+0000] {dag.py:3262} INFO - Creating ORM DAG for example_params_ui_tutorial
[2025-12-24T09:24:13.761+0000] {logging_mixin.py:190} INFO - [2025-12-24T09:24:13.760+0000] {dag.py:4180} INFO - Setting next_dagrun for example_params_ui_tutorial to None, run_after=None
[2025-12-24T09:24:13.792+0000] {processor.py:208} INFO - Processing /home/airflow/.local/lib/python3.11/site-packages/airflow/example_dags/example_params_ui_tutorial.py took 0.540 seconds
[2025-12-24T09:24:04.219+0000] {processor.py:186} INFO - Started process (PID=186) to work on /home/airflow/.local/lib/python3.11/site-packages/airflow/example_dags/example_params_ui_tutorial.py
[2025-12-24T09:24:04.220+0000] {processor.py:914} INFO - Processing file /home/airflow/.local/lib/python3.11/site-packages/airflow/example_dags/example_params_ui_tutorial.py for tasks to queue
[2025-12-24T09:24:04.224+0000] {logging_mixin.py:190} INFO - [2025-12-24T09:24:04.224+0000] {dagbag.py:588} INFO - Filling up the DagBag from /home/airflow/.local/lib/python3.11/site-packages/airflow/example_dags/example_params_ui_tutorial.py
[2025-12-24T09:24:04.237+0000] {processor.py:925} INFO - DAG(s) 'example_params_ui_tutorial' retrieved from /home/airflow/.local/lib/python3.11/site-packages/airflow/example_dags/example_params_ui_tutorial.py
[2025-12-24T09:24:04.263+0000] {logging_mixin.py:190} INFO - [2025-12-24T09:24:04.262+0000] {dag.py:3239} INFO - Sync 1 DAGs
[2025-12-24T09:24:04.289+0000] {logging_mixin.py:190} INFO - [2025-12-24T09:24:04.289+0000] {dag.py:4180} INFO - Setting next_dagrun for example_params_ui_tutorial to None, run_after=None
[2025-12-24T09:24:04.349+0000] {processor.py:208} INFO - Processing /home/airflow/.local/lib/python3.11/site-packages/airflow/example_dags/example_params_ui_tutorial.py took 0.140 seconds
[2025-12-24T09:24:13.498+0000] {processor.py:186} INFO - Started process (PID=226) to work on /home/airflow/.local/lib/python3.11/site-packages/airflow/example_dags/example_params_ui_tutorial.py
[2025-12-24T09:24:13.500+0000] {processor.py:914} INFO - Processing file /home/airflow/.local/lib/python3.11/site-packages/airflow/example_dags/example_params_ui_tutorial.py for tasks to queue
[2025-12-24T09:24:13.505+0000] {logging_mixin.py:190} INFO - [2025-12-24T09:24:13.505+0000] {dagbag.py:588} INFO - Filling up the DagBag from /home/airflow/.local/lib/python3.11/site-packages/airflow/example_dags/example_params_ui_tutorial.py
[2025-12-24T09:24:13.525+0000] {processor.py:925} INFO - DAG(s) 'example_params_ui_tutorial' retrieved from /home/airflow/.local/lib/python3.11/site-packages/airflow/example_dags/example_params_ui_tutorial.py
[2025-12-24T09:24:13.554+0000] {logging_mixin.py:190} INFO - [2025-12-24T09:24:13.552+0000] {dag.py:3239} INFO - Sync 1 DAGs
[2025-12-24T09:24:13.584+0000] {logging_mixin.py:190} INFO - [2025-12-24T09:24:13.584+0000] {dag.py:4180} INFO - Setting next_dagrun for example_params_ui_tutorial to None, run_after=None
[2025-12-24T09:24:13.628+0000] {processor.py:208} INFO - Processing /home/airflow/.local/lib/python3.11/site-packages/airflow/example_dags/example_params_ui_tutorial.py took 0.143 seconds
[2025-12-24T09:25:25.037+0000] {processor.py:186} INFO - Started process (PID=285) to work on /home/airflow/.local/lib/python3.11/site-packages/airflow/example_dags/example_params_ui_tutorial.py
[2025-12-24T09:25:25.044+0000] {processor.py:914} INFO - Processing file /home/airflow/.local/lib/python3.11/site-packages/airflow/example_dags/example_params_ui_tutorial.py for tasks to queue
[2025-12-24T09:25:25.053+0000] {logging_mixin.py:190} INFO - [2025-12-24T09:25:25.053+0000] {dagbag.py:588} INFO - Filling up the DagBag from /home/airflow/.local/lib/python3.11/site-packages/airflow/example_dags/example_params_ui_tutorial.py
[2025-12-24T09:25:25.074+0000] {processor.py:925} INFO - DAG(s) 'example_params_ui_tutorial' retrieved from /home/airflow/.local/lib/python3.11/site-packages/airflow/example_dags/example_params_ui_tutorial.py
[2025-12-24T09:24:42.831+0000] {logging_mixin.py:190} INFO - [2025-12-24T09:24:42.831+0000] {dag.py:3239} INFO - Sync 1 DAGs
[2025-12-24T09:24:42.856+0000] {logging_mixin.py:190} INFO - [2025-12-24T09:24:42.856+0000] {dag.py:4180} INFO - Setting next_dagrun for example_params_ui_tutorial to None, run_after=None
[2025-12-24T09:24:42.910+0000] {processor.py:208} INFO - Processing /home/airflow/.local/lib/python3.11/site-packages/airflow/example_dags/example_params_ui_tutorial.py took 0.203 seconds
[2025-12-24T09:24:53.915+0000] {processor.py:186} INFO - Started process (PID=341) to work on /home/airflow/.local/lib/python3.11/site-packages/airflow/example_dags/example_params_ui_tutorial.py
[2025-12-24T09:24:53.918+0000] {processor.py:914} INFO - Processing file /home/airflow/.local/lib/python3.11/site-packages/airflow/example_dags/example_params_ui_tutorial.py for tasks to queue
[2025-12-24T09:24:53.923+0000] {logging_mixin.py:190} INFO - [2025-12-24T09:24:53.923+0000] {dagbag.py:588} INFO - Filling up the DagBag from /home/airflow/.local/lib/python3.11/site-packages/airflow/example_dags/example_params_ui_tutorial.py
[2025-12-24T09:24:53.942+0000] {processor.py:925} INFO - DAG(s) 'example_params_ui_tutorial' retrieved from /home/airflow/.local/lib/python3.11/site-packages/airflow/example_dags/example_params_ui_tutorial.py
[2025-12-24T09:24:54.019+0000] {logging_mixin.py:190} INFO - [2025-12-24T09:24:54.019+0000] {dag.py:3239} INFO - Sync 1 DAGs
[2025-12-24T09:24:54.052+0000] {logging_mixin.py:190} INFO - [2025-12-24T09:24:54.052+0000] {dag.py:4180} INFO - Setting next_dagrun for example_params_ui_tutorial to None, run_after=None
[2025-12-24T09:24:54.089+0000] {processor.py:208} INFO - Processing /home/airflow/.local/lib/python3.11/site-packages/airflow/example_dags/example_params_ui_tutorial.py took 0.187 seconds
[2025-12-24T09:25:12.519+0000] {processor.py:186} INFO - Started process (PID=403) to work on /home/airflow/.local/lib/python3.11/site-packages/airflow/example_dags/example_params_ui_tutorial.py
[2025-12-24T09:25:12.522+0000] {processor.py:914} INFO - Processing file /home/airflow/.local/lib/python3.11/site-packages/airflow/example_dags/example_params_ui_tutorial.py for tasks to queue
[2025-12-24T09:25:12.527+0000] {logging_mixin.py:190} INFO - [2025-12-24T09:25:12.526+0000] {dagbag.py:588} INFO - Filling up the DagBag from /home/airflow/.local/lib/python3.11/site-packages/airflow/example_dags/example_params_ui_tutorial.py
[2025-12-24T09:25:12.543+0000] {processor.py:925} INFO - DAG(s) 'example_params_ui_tutorial' retrieved from /home/airflow/.local/lib/python3.11/site-packages/airflow/example_dags/example_params_ui_tutorial.py
[2025-12-24T09:25:12.622+0000] {logging_mixin.py:190} INFO - [2025-12-24T09:25:12.621+0000] {dag.py:3239} INFO - Sync 1 DAGs
[2025-12-24T09:25:12.644+0000] {logging_mixin.py:190} INFO - [2025-12-24T09:25:12.643+0000] {dag.py:4180} INFO - Setting next_dagrun for example_params_ui_tutorial to None, run_after=None
[2025-12-24T09:25:55.011+0000] {processor.py:208} INFO - Processing /home/airflow/.local/lib/python3.11/site-packages/airflow/example_dags/example_params_ui_tutorial.py took 0.183 seconds
[2025-12-24T09:25:55.062+0000] {processor.py:186} INFO - Started process (PID=548) to work on /home/airflow/.local/lib/python3.11/site-packages/airflow/example_dags/example_params_ui_tutorial.py
[2025-12-24T09:25:55.064+0000] {processor.py:914} INFO - Processing file /home/airflow/.local/lib/python3.11/site-packages/airflow/example_dags/example_params_ui_tutorial.py for tasks to queue
[2025-12-24T09:25:55.068+0000] {logging_mixin.py:190} INFO - [2025-12-24T09:25:55.068+0000] {dagbag.py:588} INFO - Filling up the DagBag from /home/airflow/.local/lib/python3.11/site-packages/airflow/example_dags/example_params_ui_tutorial.py
[2025-12-24T09:25:55.084+0000] {processor.py:925} INFO - DAG(s) 'example_params_ui_tutorial' retrieved from /home/airflow/.local/lib/python3.11/site-packages/airflow/example_dags/example_params_ui_tutorial.py
[2025-12-24T09:25:55.146+0000] {logging_mixin.py:190} INFO - [2025-12-24T09:25:55.146+0000] {dag.py:3239} INFO - Sync 1 DAGs
[2025-12-24T09:25:55.163+0000] {logging_mixin.py:190} INFO - [2025-12-24T09:25:55.163+0000] {dag.py:4180} INFO - Setting next_dagrun for example_params_ui_tutorial to None, run_after=None
[2025-12-24T09:25:55.193+0000] {processor.py:208} INFO - Processing /home/airflow/.local/lib/python3.11/site-packages/airflow/example_dags/example_params_ui_tutorial.py took 0.144 seconds
[2025-12-24T09:26:04.369+0000] {processor.py:186} INFO - Started process (PID=612) to work on /home/airflow/.local/lib/python3.11/site-packages/airflow/example_dags/example_params_ui_tutorial.py
[2025-12-24T09:26:04.372+0000] {processor.py:914} INFO - Processing file /home/airflow/.local/lib/python3.11/site-packages/airflow/example_dags/example_params_ui_tutorial.py for tasks to queue
[2025-12-24T09:26:04.378+0000] {logging_mixin.py:190} INFO - [2025-12-24T09:26:04.377+0000] {dagbag.py:588} INFO - Filling up the DagBag from /home/airflow/.local/lib/python3.11/site-packages/airflow/example_dags/example_params_ui_tutorial.py
[2025-12-24T09:26:04.397+0000] {processor.py:925} INFO - DAG(s) 'example_params_ui_tutorial' retrieved from /home/airflow/.local/lib/python3.11/site-packages/airflow/example_dags/example_params_ui_tutorial.py
[2025-12-24T09:26:04.477+0000] {logging_mixin.py:190} INFO - [2025-12-24T09:26:04.476+0000] {dag.py:3239} INFO - Sync 1 DAGs
[2025-12-24T09:26:04.497+0000] {logging_mixin.py:190} INFO - [2025-12-24T09:26:04.497+0000] {dag.py:4180} INFO - Setting next_dagrun for example_params_ui_tutorial to None, run_after=None
[2025-12-24T09:26:04.529+0000] {processor.py:208} INFO - Processing /home/airflow/.local/lib/python3.11/site-packages/airflow/example_dags/example_params_ui_tutorial.py took 0.173 seconds
[2025-12-24T09:26:13.189+0000] {processor.py:186} INFO - Started process (PID=668) to work on /home/airflow/.local/lib/python3.11/site-packages/airflow/example_dags/example_params_ui_tutorial.py
[2025-12-24T09:26:13.191+0000] {processor.py:914} INFO - Processing file /home/airflow/.local/lib/python3.11/site-packages/airflow/example_dags/example_params_ui_tutorial.py for tasks to queue
[2025-12-24T09:26:13.195+0000] {logging_mixin.py:190} INFO - [2025-12-24T09:26:13.195+0000] {dagbag.py:588} INFO - Filling up the DagBag from /home/airflow/.local/lib/python3.11/site-packages/airflow/example_dags/example_params_ui_tutorial.py
[2025-12-24T09:26:13.211+0000] {processor.py:925} INFO - DAG(s) 'example_params_ui_tutorial' retrieved from /home/airflow/.local/lib/python3.11/site-packages/airflow/example_dags/example_params_ui_tutorial.py
[2025-12-24T09:26:13.279+0000] {logging_mixin.py:190} INFO - [2025-12-24T09:26:13.279+0000] {dag.py:3239} INFO - Sync 1 DAGs
[2025-12-24T09:26:13.302+0000] {logging_mixin.py:190} INFO - [2025-12-24T09:26:13.302+0000] {dag.py:4180} INFO - Setting next_dagrun for example_params_ui_tutorial to None, run_after=None
[2025-12-24T09:26:13.331+0000] {processor.py:208} INFO - Processing /home/airflow/.local/lib/python3.11/site-packages/airflow/example_dags/example_params_ui_tutorial.py took 0.154 seconds
[2025-12-24T09:26:23.783+0000] {processor.py:186} INFO - Started process (PID=720) to work on /home/airflow/.local/lib/python3.11/site-packages/airflow/example_dags/example_params_ui_tutorial.py
[2025-12-24T09:26:23.785+0000] {processor.py:914} INFO - Processing file /home/airflow/.local/lib/python3.11/site-packages/airflow/example_dags/example_params_ui_tutorial.py for tasks to queue
[2025-12-24T09:26:23.789+0000] {logging_mixin.py:190} INFO - [2025-12-24T09:26:23.788+0000] {dagbag.py:588} INFO - Filling up the DagBag from /home/airflow/.local/lib/python3.11/site-packages/airflow/example_dags/example_params_ui_tutorial.py
[2025-12-24T09:26:23.803+0000] {processor.py:925} INFO - DAG(s) 'example_params_ui_tutorial' retrieved from /home/airflow/.local/lib/python3.11/site-packages/airflow/example_dags/example_params_ui_tutorial.py
[2025-12-24T09:26:23.857+0000] {logging_mixin.py:190} INFO - [2025-12-24T09:26:23.857+0000] {dag.py:3239} INFO - Sync 1 DAGs
[2025-12-24T09:26:23.876+0000] {logging_mixin.py:190} INFO - [2025-12-24T09:26:23.876+0000] {dag.py:4180} INFO - Setting next_dagrun for example_params_ui_tutorial to None, run_after=None
[2025-12-24T09:26:23.907+0000] {processor.py:208} INFO - Processing /home/airflow/.local/lib/python3.11/site-packages/airflow/example_dags/example_params_ui_tutorial.py took 0.135 seconds
[2025-12-24T09:26:33.987+0000] {processor.py:186} INFO - Started process (PID=775) to work on /home/airflow/.local/lib/python3.11/site-packages/airflow/example_dags/example_params_ui_tutorial.py
[2025-12-24T09:26:33.989+0000] {processor.py:914} INFO - Processing file /home/airflow/.local/lib/python3.11/site-packages/airflow/example_dags/example_params_ui_tutorial.py for tasks to queue
[2025-12-24T09:26:33.993+0000] {logging_mixin.py:190} INFO - [2025-12-24T09:26:33.993+0000] {dagbag.py:588} INFO - Filling up the DagBag from /home/airflow/.local/lib/python3.11/site-packages/airflow/example_dags/example_params_ui_tutorial.py
[2025-12-24T09:26:34.008+0000] {processor.py:925} INFO - DAG(s) 'example_params_ui_tutorial' retrieved from /home/airflow/.local/lib/python3.11/site-packages/airflow/example_dags/example_params_ui_tutorial.py
[2025-12-24T09:26:34.071+0000] {logging_mixin.py:190} INFO - [2025-12-24T09:26:34.070+0000] {dag.py:3239} INFO - Sync 1 DAGs
[2025-12-24T09:26:34.090+0000] {logging_mixin.py:190} INFO - [2025-12-24T09:26:34.090+0000] {dag.py:4180} INFO - Setting next_dagrun for example_params_ui_tutorial to None, run_after=None
[2025-12-24T09:26:34.137+0000] {processor.py:208} INFO - Processing /home/airflow/.local/lib/python3.11/site-packages/airflow/example_dags/example_params_ui_tutorial.py took 0.161 seconds
[2025-12-24T09:26:44.395+0000] {processor.py:186} INFO - Started process (PID=828) to work on /home/airflow/.local/lib/python3.11/site-packages/airflow/example_dags/example_params_ui_tutorial.py
[2025-12-24T09:26:44.398+0000] {processor.py:914} INFO - Processing file /home/airflow/.local/lib/python3.11/site-packages/airflow/example_dags/example_params_ui_tutorial.py for tasks to queue
[2025-12-24T09:26:44.403+0000] {logging_mixin.py:190} INFO - [2025-12-24T09:26:44.403+0000] {dagbag.py:588} INFO - Filling up the DagBag from /home/airflow/.local/lib/python3.11/site-packages/airflow/example_dags/example_params_ui_tutorial.py
[2025-12-24T09:26:44.441+0000] {processor.py:925} INFO - DAG(s) 'example_params_ui_tutorial' retrieved from /home/airflow/.local/lib/python3.11/site-packages/airflow/example_dags/example_params_ui_tutorial.py
[2025-12-24T09:26:44.544+0000] {logging_mixin.py:190} INFO - [2025-12-24T09:26:44.544+0000] {dag.py:3239} INFO - Sync 1 DAGs
[2025-12-24T09:26:44.572+0000] {logging_mixin.py:190} INFO - [2025-12-24T09:26:44.572+0000] {dag.py:4180} INFO - Setting next_dagrun for example_params_ui_tutorial to None, run_after=None
[2025-12-24T09:26:44.614+0000] {processor.py:208} INFO - Processing /home/airflow/.local/lib/python3.11/site-packages/airflow/example_dags/example_params_ui_tutorial.py took 0.250 seconds
[2025-12-24T09:27:41.731+0000] {processor.py:186} INFO - Started process (PID=884) to work on /home/airflow/.local/lib/python3.11/site-packages/airflow/example_dags/example_params_ui_tutorial.py
[2025-12-24T09:27:41.732+0000] {processor.py:914} INFO - Processing file /home/airflow/.local/lib/python3.11/site-packages/airflow/example_dags/example_params_ui_tutorial.py for tasks to queue
[2025-12-24T09:27:41.736+0000] {logging_mixin.py:190} INFO - [2025-12-24T09:27:41.736+0000] {dagbag.py:588} INFO - Filling up the DagBag from /home/airflow/.local/lib/python3.11/site-packages/airflow/example_dags/example_params_ui_tutorial.py
[2025-12-24T09:27:41.755+0000] {processor.py:925} INFO - DAG(s) 'example_params_ui_tutorial' retrieved from /home/airflow/.local/lib/python3.11/site-packages/airflow/example_dags/example_params_ui_tutorial.py
[2025-12-24T09:27:41.825+0000] {logging_mixin.py:190} INFO - [2025-12-24T09:27:41.825+0000] {dag.py:3239} INFO - Sync 1 DAGs
[2025-12-24T09:27:41.843+0000] {logging_mixin.py:190} INFO - [2025-12-24T09:27:41.843+0000] {dag.py:4180} INFO - Setting next_dagrun for example_params_ui_tutorial to None, run_after=None
[2025-12-24T09:27:41.880+0000] {processor.py:208} INFO - Processing /home/airflow/.local/lib/python3.11/site-packages/airflow/example_dags/example_params_ui_tutorial.py took 0.160 seconds
[2025-12-24T09:27:49.454+0000] {processor.py:186} INFO - Started process (PID=956) to work on /home/airflow/.local/lib/python3.11/site-packages/airflow/example_dags/example_params_ui_tutorial.py
[2025-12-24T09:27:49.456+0000] {processor.py:914} INFO - Processing file /home/airflow/.local/lib/python3.11/site-packages/airflow/example_dags/example_params_ui_tutorial.py for tasks to queue
[2025-12-24T09:27:49.460+0000] {logging_mixin.py:190} INFO - [2025-12-24T09:27:49.459+0000] {dagbag.py:588} INFO - Filling up the DagBag from /home/airflow/.local/lib/python3.11/site-packages/airflow/example_dags/example_params_ui_tutorial.py
[2025-12-24T09:27:49.480+0000] {processor.py:925} INFO - DAG(s) 'example_params_ui_tutorial' retrieved from /home/airflow/.local/lib/python3.11/site-packages/airflow/example_dags/example_params_ui_tutorial.py
[2025-12-24T09:27:49.541+0000] {logging_mixin.py:190} INFO - [2025-12-24T09:27:49.541+0000] {dag.py:3239} INFO - Sync 1 DAGs
[2025-12-24T09:27:49.572+0000] {logging_mixin.py:190} INFO - [2025-12-24T09:27:49.572+0000] {dag.py:4180} INFO - Setting next_dagrun for example_params_ui_tutorial to None, run_after=None
[2025-12-24T09:27:49.611+0000] {processor.py:208} INFO - Processing /home/airflow/.local/lib/python3.11/site-packages/airflow/example_dags/example_params_ui_tutorial.py took 0.169 seconds
[2025-12-24T09:27:59.580+0000] {processor.py:186} INFO - Started process (PID=1016) to work on /home/airflow/.local/lib/python3.11/site-packages/airflow/example_dags/example_params_ui_tutorial.py
[2025-12-24T09:27:59.582+0000] {processor.py:914} INFO - Processing file /home/airflow/.local/lib/python3.11/site-packages/airflow/example_dags/example_params_ui_tutorial.py for tasks to queue
[2025-12-24T09:27:59.594+0000] {logging_mixin.py:190} INFO - [2025-12-24T09:27:59.592+0000] {dagbag.py:588} INFO - Filling up the DagBag from /home/airflow/.local/lib/python3.11/site-packages/airflow/example_dags/example_params_ui_tutorial.py
[2025-12-24T09:27:59.613+0000] {processor.py:925} INFO - DAG(s) 'example_params_ui_tutorial' retrieved from /home/airflow/.local/lib/python3.11/site-packages/airflow/example_dags/example_params_ui_tutorial.py
[2025-12-24T09:27:59.707+0000] {logging_mixin.py:190} INFO - [2025-12-24T09:27:59.706+0000] {dag.py:3239} INFO - Sync 1 DAGs
[2025-12-24T09:27:59.729+0000] {logging_mixin.py:190} INFO - [2025-12-24T09:27:59.729+0000] {dag.py:4180} INFO - Setting next_dagrun for example_params_ui_tutorial to None, run_after=None
[2025-12-24T09:27:59.766+0000] {processor.py:208} INFO - Processing /home/airflow/.local/lib/python3.11/site-packages/airflow/example_dags/example_params_ui_tutorial.py took 0.198 seconds
[2025-12-24T09:28:13.174+0000] {processor.py:186} INFO - Started process (PID=1081) to work on /home/airflow/.local/lib/python3.11/site-packages/airflow/example_dags/example_params_ui_tutorial.py
[2025-12-24T09:28:13.176+0000] {processor.py:914} INFO - Processing file /home/airflow/.local/lib/python3.11/site-packages/airflow/example_dags/example_params_ui_tutorial.py for tasks to queue
[2025-12-24T09:28:13.180+0000] {logging_mixin.py:190} INFO - [2025-12-24T09:28:13.179+0000] {dagbag.py:588} INFO - Filling up the DagBag from /home/airflow/.local/lib/python3.11/site-packages/airflow/example_dags/example_params_ui_tutorial.py
[2025-12-24T09:28:13.193+0000] {processor.py:925} INFO - DAG(s) 'example_params_ui_tutorial' retrieved from /home/airflow/.local/lib/python3.11/site-packages/airflow/example_dags/example_params_ui_tutorial.py
[2025-12-24T09:28:13.256+0000] {logging_mixin.py:190} INFO - [2025-12-24T09:28:13.256+0000] {dag.py:3239} INFO - Sync 1 DAGs
[2025-12-24T09:28:13.277+0000] {logging_mixin.py:190} INFO - [2025-12-24T09:28:13.277+0000] {dag.py:4180} INFO - Setting next_dagrun for example_params_ui_tutorial to None, run_after=None
[2025-12-24T09:28:13.325+0000] {processor.py:208} INFO - Processing /home/airflow/.local/lib/python3.11/site-packages/airflow/example_dags/example_params_ui_tutorial.py took 0.161 seconds
[2025-12-24T09:29:11.325+0000] {processor.py:186} INFO - Started process (PID=1134) to work on /home/airflow/.local/lib/python3.11/site-packages/airflow/example_dags/example_params_ui_tutorial.py
[2025-12-24T09:29:11.327+0000] {processor.py:914} INFO - Processing file /home/airflow/.local/lib/python3.11/site-packages/airflow/example_dags/example_params_ui_tutorial.py for tasks to queue
[2025-12-24T09:29:11.333+0000] {logging_mixin.py:190} INFO - [2025-12-24T09:29:11.332+0000] {dagbag.py:588} INFO - Filling up the DagBag from /home/airflow/.local/lib/python3.11/site-packages/airflow/example_dags/example_params_ui_tutorial.py
[2025-12-24T09:29:11.354+0000] {processor.py:925} INFO - DAG(s) 'example_params_ui_tutorial' retrieved from /home/airflow/.local/lib/python3.11/site-packages/airflow/example_dags/example_params_ui_tutorial.py
[2025-12-24T09:29:11.460+0000] {logging_mixin.py:190} INFO - [2025-12-24T09:29:11.460+0000] {dag.py:3239} INFO - Sync 1 DAGs
[2025-12-24T09:29:11.495+0000] {logging_mixin.py:190} INFO - [2025-12-24T09:29:11.494+0000] {dag.py:4180} INFO - Setting next_dagrun for example_params_ui_tutorial to None, run_after=None
[2025-12-24T09:29:11.530+0000] {processor.py:208} INFO - Processing /home/airflow/.local/lib/python3.11/site-packages/airflow/example_dags/example_params_ui_tutorial.py took 0.221 seconds
