[2025-12-24T09:03:09.116+0000] {processor.py:186} INFO - Started process (PID=129) to work on /home/airflow/.local/lib/python3.11/site-packages/airflow/example_dags/example_branch_operator.py
[2025-12-24T09:03:09.118+0000] {processor.py:914} INFO - Processing file /home/airflow/.local/lib/python3.11/site-packages/airflow/example_dags/example_branch_operator.py for tasks to queue
[2025-12-24T09:03:09.124+0000] {logging_mixin.py:190} INFO - [2025-12-24T09:03:09.123+0000] {dagbag.py:588} INFO - Filling up the DagBag from /home/airflow/.local/lib/python3.11/site-packages/airflow/example_dags/example_branch_operator.py
[2025-12-24T09:03:09.176+0000] {processor.py:925} INFO - DAG(s) 'example_branch_operator' retrieved from /home/airflow/.local/lib/python3.11/site-packages/airflow/example_dags/example_branch_operator.py
[2025-12-24T09:03:09.423+0000] {logging_mixin.py:190} INFO - [2025-12-24T09:03:09.421+0000] {override.py:1911} INFO - Created Permission View: can edit on DAG:example_branch_operator
[2025-12-24T09:03:09.448+0000] {logging_mixin.py:190} INFO - [2025-12-24T09:03:09.447+0000] {override.py:1911} INFO - Created Permission View: can read on DAG:example_branch_operator
[2025-12-24T09:03:09.461+0000] {logging_mixin.py:190} INFO - [2025-12-24T09:03:09.461+0000] {override.py:1911} INFO - Created Permission View: can delete on DAG:example_branch_operator
[2025-12-24T09:03:09.485+0000] {logging_mixin.py:190} INFO - [2025-12-24T09:03:09.485+0000] {override.py:1911} INFO - Created Permission View: can read on DAG Run:example_branch_operator
[2025-12-24T09:03:09.499+0000] {logging_mixin.py:190} INFO - [2025-12-24T09:03:09.499+0000] {override.py:1911} INFO - Created Permission View: can create on DAG Run:example_branch_operator
[2025-12-24T09:03:09.519+0000] {logging_mixin.py:190} INFO - [2025-12-24T09:03:09.519+0000] {override.py:1911} INFO - Created Permission View: can delete on DAG Run:example_branch_operator
[2025-12-24T09:03:09.535+0000] {logging_mixin.py:190} INFO - [2025-12-24T09:03:09.534+0000] {override.py:1911} INFO - Created Permission View: menu access on DAG Run:example_branch_operator
[2025-12-24T09:03:09.536+0000] {logging_mixin.py:190} INFO - [2025-12-24T09:03:09.536+0000] {dag.py:3239} INFO - Sync 1 DAGs
[2025-12-24T09:03:09.555+0000] {logging_mixin.py:190} INFO - [2025-12-24T09:03:09.555+0000] {dag.py:3262} INFO - Creating ORM DAG for example_branch_operator
[2025-12-24T09:03:09.571+0000] {logging_mixin.py:190} INFO - [2025-12-24T09:03:09.571+0000] {dag.py:4180} INFO - Setting next_dagrun for example_branch_operator to 2025-12-23 00:00:00+00:00, run_after=2025-12-24 00:00:00+00:00
[2025-12-24T09:03:09.602+0000] {processor.py:208} INFO - Processing /home/airflow/.local/lib/python3.11/site-packages/airflow/example_dags/example_branch_operator.py took 0.501 seconds
[2025-12-24T09:03:17.769+0000] {processor.py:186} INFO - Started process (PID=193) to work on /home/airflow/.local/lib/python3.11/site-packages/airflow/example_dags/example_branch_operator.py
[2025-12-24T09:03:17.771+0000] {processor.py:914} INFO - Processing file /home/airflow/.local/lib/python3.11/site-packages/airflow/example_dags/example_branch_operator.py for tasks to queue
[2025-12-24T09:03:17.776+0000] {logging_mixin.py:190} INFO - [2025-12-24T09:03:17.776+0000] {dagbag.py:588} INFO - Filling up the DagBag from /home/airflow/.local/lib/python3.11/site-packages/airflow/example_dags/example_branch_operator.py
[2025-12-24T09:03:17.808+0000] {processor.py:925} INFO - DAG(s) 'example_branch_operator' retrieved from /home/airflow/.local/lib/python3.11/site-packages/airflow/example_dags/example_branch_operator.py
[2025-12-24T09:03:17.839+0000] {logging_mixin.py:190} INFO - [2025-12-24T09:03:17.837+0000] {dag.py:3239} INFO - Sync 1 DAGs
[2025-12-24T09:03:17.886+0000] {logging_mixin.py:190} INFO - [2025-12-24T09:03:17.886+0000] {dag.py:4180} INFO - Setting next_dagrun for example_branch_operator to 2025-12-23 00:00:00+00:00, run_after=2025-12-24 00:00:00+00:00
[2025-12-24T09:03:17.979+0000] {processor.py:208} INFO - Processing /home/airflow/.local/lib/python3.11/site-packages/airflow/example_dags/example_branch_operator.py took 0.222 seconds
[2025-12-24T09:04:19.863+0000] {processor.py:186} INFO - Started process (PID=248) to work on /home/airflow/.local/lib/python3.11/site-packages/airflow/example_dags/example_branch_operator.py
[2025-12-24T09:04:19.864+0000] {processor.py:914} INFO - Processing file /home/airflow/.local/lib/python3.11/site-packages/airflow/example_dags/example_branch_operator.py for tasks to queue
[2025-12-24T09:04:19.869+0000] {logging_mixin.py:190} INFO - [2025-12-24T09:04:19.869+0000] {dagbag.py:588} INFO - Filling up the DagBag from /home/airflow/.local/lib/python3.11/site-packages/airflow/example_dags/example_branch_operator.py
[2025-12-24T09:04:19.897+0000] {processor.py:925} INFO - DAG(s) 'example_branch_operator' retrieved from /home/airflow/.local/lib/python3.11/site-packages/airflow/example_dags/example_branch_operator.py
[2025-12-24T09:04:19.954+0000] {logging_mixin.py:190} INFO - [2025-12-24T09:04:19.954+0000] {dag.py:3239} INFO - Sync 1 DAGs
[2025-12-24T09:04:19.988+0000] {logging_mixin.py:190} INFO - [2025-12-24T09:04:19.987+0000] {dag.py:4180} INFO - Setting next_dagrun for example_branch_operator to 2025-12-23 00:00:00+00:00, run_after=2025-12-24 00:00:00+00:00
[2025-12-24T09:04:20.020+0000] {processor.py:208} INFO - Processing /home/airflow/.local/lib/python3.11/site-packages/airflow/example_dags/example_branch_operator.py took 0.168 seconds
[2025-12-24T09:04:18.768+0000] {processor.py:186} INFO - Started process (PID=321) to work on /home/airflow/.local/lib/python3.11/site-packages/airflow/example_dags/example_branch_operator.py
[2025-12-24T09:04:18.770+0000] {processor.py:914} INFO - Processing file /home/airflow/.local/lib/python3.11/site-packages/airflow/example_dags/example_branch_operator.py for tasks to queue
[2025-12-24T09:04:18.774+0000] {logging_mixin.py:190} INFO - [2025-12-24T09:04:18.774+0000] {dagbag.py:588} INFO - Filling up the DagBag from /home/airflow/.local/lib/python3.11/site-packages/airflow/example_dags/example_branch_operator.py
[2025-12-24T09:04:18.819+0000] {processor.py:925} INFO - DAG(s) 'example_branch_operator' retrieved from /home/airflow/.local/lib/python3.11/site-packages/airflow/example_dags/example_branch_operator.py
[2025-12-24T09:04:18.899+0000] {logging_mixin.py:190} INFO - [2025-12-24T09:04:18.898+0000] {dag.py:3239} INFO - Sync 1 DAGs
[2025-12-24T09:04:18.937+0000] {logging_mixin.py:190} INFO - [2025-12-24T09:04:18.937+0000] {dag.py:4180} INFO - Setting next_dagrun for example_branch_operator to 2025-12-23 00:00:00+00:00, run_after=2025-12-24 00:00:00+00:00
[2025-12-24T09:04:18.967+0000] {processor.py:208} INFO - Processing /home/airflow/.local/lib/python3.11/site-packages/airflow/example_dags/example_branch_operator.py took 0.213 seconds
[2025-12-24T09:04:48.248+0000] {processor.py:186} INFO - Started process (PID=386) to work on /home/airflow/.local/lib/python3.11/site-packages/airflow/example_dags/example_branch_operator.py
[2025-12-24T09:04:48.250+0000] {processor.py:914} INFO - Processing file /home/airflow/.local/lib/python3.11/site-packages/airflow/example_dags/example_branch_operator.py for tasks to queue
[2025-12-24T09:04:48.255+0000] {logging_mixin.py:190} INFO - [2025-12-24T09:04:48.255+0000] {dagbag.py:588} INFO - Filling up the DagBag from /home/airflow/.local/lib/python3.11/site-packages/airflow/example_dags/example_branch_operator.py
[2025-12-24T09:04:48.302+0000] {processor.py:925} INFO - DAG(s) 'example_branch_operator' retrieved from /home/airflow/.local/lib/python3.11/site-packages/airflow/example_dags/example_branch_operator.py
[2025-12-24T09:04:48.355+0000] {logging_mixin.py:190} INFO - [2025-12-24T09:04:48.355+0000] {dag.py:3239} INFO - Sync 1 DAGs
[2025-12-24T09:04:48.394+0000] {logging_mixin.py:190} INFO - [2025-12-24T09:04:48.394+0000] {dag.py:4180} INFO - Setting next_dagrun for example_branch_operator to 2025-12-23 00:00:00+00:00, run_after=2025-12-24 00:00:00+00:00
[2025-12-24T09:04:48.436+0000] {processor.py:208} INFO - Processing /home/airflow/.local/lib/python3.11/site-packages/airflow/example_dags/example_branch_operator.py took 0.200 seconds
[2025-12-24T09:04:57.517+0000] {processor.py:186} INFO - Started process (PID=444) to work on /home/airflow/.local/lib/python3.11/site-packages/airflow/example_dags/example_branch_operator.py
[2025-12-24T09:04:57.519+0000] {processor.py:914} INFO - Processing file /home/airflow/.local/lib/python3.11/site-packages/airflow/example_dags/example_branch_operator.py for tasks to queue
[2025-12-24T09:04:57.525+0000] {logging_mixin.py:190} INFO - [2025-12-24T09:04:57.525+0000] {dagbag.py:588} INFO - Filling up the DagBag from /home/airflow/.local/lib/python3.11/site-packages/airflow/example_dags/example_branch_operator.py
[2025-12-24T09:04:57.551+0000] {processor.py:925} INFO - DAG(s) 'example_branch_operator' retrieved from /home/airflow/.local/lib/python3.11/site-packages/airflow/example_dags/example_branch_operator.py
[2025-12-24T09:04:57.594+0000] {logging_mixin.py:190} INFO - [2025-12-24T09:04:57.594+0000] {dag.py:3239} INFO - Sync 1 DAGs
[2025-12-24T09:04:57.635+0000] {logging_mixin.py:190} INFO - [2025-12-24T09:04:57.635+0000] {dag.py:4180} INFO - Setting next_dagrun for example_branch_operator to 2025-12-23 00:00:00+00:00, run_after=2025-12-24 00:00:00+00:00
[2025-12-24T09:04:57.664+0000] {processor.py:208} INFO - Processing /home/airflow/.local/lib/python3.11/site-packages/airflow/example_dags/example_branch_operator.py took 0.157 seconds
[2025-12-24T09:05:31.314+0000] {processor.py:186} INFO - Started process (PID=543) to work on /home/airflow/.local/lib/python3.11/site-packages/airflow/example_dags/example_branch_operator.py
[2025-12-24T09:05:31.315+0000] {processor.py:914} INFO - Processing file /home/airflow/.local/lib/python3.11/site-packages/airflow/example_dags/example_branch_operator.py for tasks to queue
[2025-12-24T09:05:31.320+0000] {logging_mixin.py:190} INFO - [2025-12-24T09:05:31.319+0000] {dagbag.py:588} INFO - Filling up the DagBag from /home/airflow/.local/lib/python3.11/site-packages/airflow/example_dags/example_branch_operator.py
[2025-12-24T09:05:31.347+0000] {processor.py:925} INFO - DAG(s) 'example_branch_operator' retrieved from /home/airflow/.local/lib/python3.11/site-packages/airflow/example_dags/example_branch_operator.py
[2025-12-24T09:05:31.401+0000] {logging_mixin.py:190} INFO - [2025-12-24T09:05:31.399+0000] {dag.py:3239} INFO - Sync 1 DAGs
[2025-12-24T09:05:31.433+0000] {logging_mixin.py:190} INFO - [2025-12-24T09:05:31.433+0000] {dag.py:4180} INFO - Setting next_dagrun for example_branch_operator to 2025-12-23 00:00:00+00:00, run_after=2025-12-24 00:00:00+00:00
[2025-12-24T09:05:31.461+0000] {processor.py:208} INFO - Processing /home/airflow/.local/lib/python3.11/site-packages/airflow/example_dags/example_branch_operator.py took 0.161 seconds
[2025-12-24T09:05:43.977+0000] {processor.py:186} INFO - Started process (PID=598) to work on /home/airflow/.local/lib/python3.11/site-packages/airflow/example_dags/example_branch_operator.py
[2025-12-24T09:05:43.979+0000] {processor.py:914} INFO - Processing file /home/airflow/.local/lib/python3.11/site-packages/airflow/example_dags/example_branch_operator.py for tasks to queue
[2025-12-24T09:05:43.982+0000] {logging_mixin.py:190} INFO - [2025-12-24T09:05:43.982+0000] {dagbag.py:588} INFO - Filling up the DagBag from /home/airflow/.local/lib/python3.11/site-packages/airflow/example_dags/example_branch_operator.py
[2025-12-24T09:05:44.021+0000] {processor.py:925} INFO - DAG(s) 'example_branch_operator' retrieved from /home/airflow/.local/lib/python3.11/site-packages/airflow/example_dags/example_branch_operator.py
[2025-12-24T09:05:44.062+0000] {logging_mixin.py:190} INFO - [2025-12-24T09:05:44.061+0000] {dag.py:3239} INFO - Sync 1 DAGs
[2025-12-24T09:05:44.091+0000] {logging_mixin.py:190} INFO - [2025-12-24T09:05:44.091+0000] {dag.py:4180} INFO - Setting next_dagrun for example_branch_operator to 2025-12-23 00:00:00+00:00, run_after=2025-12-24 00:00:00+00:00
[2025-12-24T09:05:44.266+0000] {processor.py:208} INFO - Processing /home/airflow/.local/lib/python3.11/site-packages/airflow/example_dags/example_branch_operator.py took 0.299 seconds
[2025-12-24T09:06:45.128+0000] {processor.py:186} INFO - Started process (PID=660) to work on /home/airflow/.local/lib/python3.11/site-packages/airflow/example_dags/example_branch_operator.py
[2025-12-24T09:06:45.129+0000] {processor.py:914} INFO - Processing file /home/airflow/.local/lib/python3.11/site-packages/airflow/example_dags/example_branch_operator.py for tasks to queue
[2025-12-24T09:06:45.134+0000] {logging_mixin.py:190} INFO - [2025-12-24T09:06:45.133+0000] {dagbag.py:588} INFO - Filling up the DagBag from /home/airflow/.local/lib/python3.11/site-packages/airflow/example_dags/example_branch_operator.py
[2025-12-24T09:06:45.164+0000] {processor.py:925} INFO - DAG(s) 'example_branch_operator' retrieved from /home/airflow/.local/lib/python3.11/site-packages/airflow/example_dags/example_branch_operator.py
[2025-12-24T09:06:45.207+0000] {logging_mixin.py:190} INFO - [2025-12-24T09:06:45.206+0000] {dag.py:3239} INFO - Sync 1 DAGs
[2025-12-24T09:06:45.237+0000] {logging_mixin.py:190} INFO - [2025-12-24T09:06:45.236+0000] {dag.py:4180} INFO - Setting next_dagrun for example_branch_operator to 2025-12-23 00:00:00+00:00, run_after=2025-12-24 00:00:00+00:00
[2025-12-24T09:06:45.284+0000] {processor.py:208} INFO - Processing /home/airflow/.local/lib/python3.11/site-packages/airflow/example_dags/example_branch_operator.py took 0.167 seconds
[2025-12-24T09:06:49.756+0000] {processor.py:186} INFO - Started process (PID=736) to work on /home/airflow/.local/lib/python3.11/site-packages/airflow/example_dags/example_branch_operator.py
[2025-12-24T09:06:49.758+0000] {processor.py:914} INFO - Processing file /home/airflow/.local/lib/python3.11/site-packages/airflow/example_dags/example_branch_operator.py for tasks to queue
[2025-12-24T09:06:49.764+0000] {logging_mixin.py:190} INFO - [2025-12-24T09:06:49.763+0000] {dagbag.py:588} INFO - Filling up the DagBag from /home/airflow/.local/lib/python3.11/site-packages/airflow/example_dags/example_branch_operator.py
[2025-12-24T09:06:49.815+0000] {processor.py:925} INFO - DAG(s) 'example_branch_operator' retrieved from /home/airflow/.local/lib/python3.11/site-packages/airflow/example_dags/example_branch_operator.py
[2025-12-24T09:06:49.869+0000] {logging_mixin.py:190} INFO - [2025-12-24T09:06:49.868+0000] {dag.py:3239} INFO - Sync 1 DAGs
[2025-12-24T09:06:49.913+0000] {logging_mixin.py:190} INFO - [2025-12-24T09:06:49.912+0000] {dag.py:4180} INFO - Setting next_dagrun for example_branch_operator to 2025-12-23 00:00:00+00:00, run_after=2025-12-24 00:00:00+00:00
[2025-12-24T09:06:49.954+0000] {processor.py:208} INFO - Processing /home/airflow/.local/lib/python3.11/site-packages/airflow/example_dags/example_branch_operator.py took 0.212 seconds
[2025-12-24T09:07:19.262+0000] {processor.py:186} INFO - Started process (PID=800) to work on /home/airflow/.local/lib/python3.11/site-packages/airflow/example_dags/example_branch_operator.py
[2025-12-24T09:07:19.264+0000] {processor.py:914} INFO - Processing file /home/airflow/.local/lib/python3.11/site-packages/airflow/example_dags/example_branch_operator.py for tasks to queue
[2025-12-24T09:07:19.269+0000] {logging_mixin.py:190} INFO - [2025-12-24T09:07:19.269+0000] {dagbag.py:588} INFO - Filling up the DagBag from /home/airflow/.local/lib/python3.11/site-packages/airflow/example_dags/example_branch_operator.py
[2025-12-24T09:07:19.304+0000] {processor.py:925} INFO - DAG(s) 'example_branch_operator' retrieved from /home/airflow/.local/lib/python3.11/site-packages/airflow/example_dags/example_branch_operator.py
[2025-12-24T09:07:19.367+0000] {logging_mixin.py:190} INFO - [2025-12-24T09:07:19.367+0000] {dag.py:3239} INFO - Sync 1 DAGs
[2025-12-24T09:07:19.406+0000] {logging_mixin.py:190} INFO - [2025-12-24T09:07:19.406+0000] {dag.py:4180} INFO - Setting next_dagrun for example_branch_operator to 2025-12-23 00:00:00+00:00, run_after=2025-12-24 00:00:00+00:00
[2025-12-24T09:07:19.443+0000] {processor.py:208} INFO - Processing /home/airflow/.local/lib/python3.11/site-packages/airflow/example_dags/example_branch_operator.py took 0.196 seconds
[2025-12-24T09:07:29.365+0000] {processor.py:186} INFO - Started process (PID=857) to work on /home/airflow/.local/lib/python3.11/site-packages/airflow/example_dags/example_branch_operator.py
[2025-12-24T09:07:29.367+0000] {processor.py:914} INFO - Processing file /home/airflow/.local/lib/python3.11/site-packages/airflow/example_dags/example_branch_operator.py for tasks to queue
[2025-12-24T09:07:29.373+0000] {logging_mixin.py:190} INFO - [2025-12-24T09:07:29.373+0000] {dagbag.py:588} INFO - Filling up the DagBag from /home/airflow/.local/lib/python3.11/site-packages/airflow/example_dags/example_branch_operator.py
[2025-12-24T09:07:29.406+0000] {processor.py:925} INFO - DAG(s) 'example_branch_operator' retrieved from /home/airflow/.local/lib/python3.11/site-packages/airflow/example_dags/example_branch_operator.py
[2025-12-24T09:07:29.471+0000] {logging_mixin.py:190} INFO - [2025-12-24T09:07:29.470+0000] {dag.py:3239} INFO - Sync 1 DAGs
[2025-12-24T09:07:29.513+0000] {logging_mixin.py:190} INFO - [2025-12-24T09:07:29.513+0000] {dag.py:4180} INFO - Setting next_dagrun for example_branch_operator to 2025-12-23 00:00:00+00:00, run_after=2025-12-24 00:00:00+00:00
[2025-12-24T09:07:29.549+0000] {processor.py:208} INFO - Processing /home/airflow/.local/lib/python3.11/site-packages/airflow/example_dags/example_branch_operator.py took 0.197 seconds
[2025-12-24T09:07:38.274+0000] {processor.py:186} INFO - Started process (PID=913) to work on /home/airflow/.local/lib/python3.11/site-packages/airflow/example_dags/example_branch_operator.py
[2025-12-24T09:07:38.276+0000] {processor.py:914} INFO - Processing file /home/airflow/.local/lib/python3.11/site-packages/airflow/example_dags/example_branch_operator.py for tasks to queue
[2025-12-24T09:07:38.281+0000] {logging_mixin.py:190} INFO - [2025-12-24T09:07:38.281+0000] {dagbag.py:588} INFO - Filling up the DagBag from /home/airflow/.local/lib/python3.11/site-packages/airflow/example_dags/example_branch_operator.py
[2025-12-24T09:07:38.317+0000] {processor.py:925} INFO - DAG(s) 'example_branch_operator' retrieved from /home/airflow/.local/lib/python3.11/site-packages/airflow/example_dags/example_branch_operator.py
[2025-12-24T09:07:38.372+0000] {logging_mixin.py:190} INFO - [2025-12-24T09:07:38.371+0000] {dag.py:3239} INFO - Sync 1 DAGs
[2025-12-24T09:07:38.409+0000] {logging_mixin.py:190} INFO - [2025-12-24T09:07:38.409+0000] {dag.py:4180} INFO - Setting next_dagrun for example_branch_operator to 2025-12-23 00:00:00+00:00, run_after=2025-12-24 00:00:00+00:00
[2025-12-24T09:07:38.444+0000] {processor.py:208} INFO - Processing /home/airflow/.local/lib/python3.11/site-packages/airflow/example_dags/example_branch_operator.py took 0.199 seconds
[2025-12-24T09:07:47.471+0000] {processor.py:186} INFO - Started process (PID=974) to work on /home/airflow/.local/lib/python3.11/site-packages/airflow/example_dags/example_branch_operator.py
[2025-12-24T09:07:47.474+0000] {processor.py:914} INFO - Processing file /home/airflow/.local/lib/python3.11/site-packages/airflow/example_dags/example_branch_operator.py for tasks to queue
[2025-12-24T09:07:47.479+0000] {logging_mixin.py:190} INFO - [2025-12-24T09:07:47.479+0000] {dagbag.py:588} INFO - Filling up the DagBag from /home/airflow/.local/lib/python3.11/site-packages/airflow/example_dags/example_branch_operator.py
[2025-12-24T09:07:47.514+0000] {processor.py:925} INFO - DAG(s) 'example_branch_operator' retrieved from /home/airflow/.local/lib/python3.11/site-packages/airflow/example_dags/example_branch_operator.py
[2025-12-24T09:07:47.583+0000] {logging_mixin.py:190} INFO - [2025-12-24T09:07:47.581+0000] {dag.py:3239} INFO - Sync 1 DAGs
[2025-12-24T09:07:47.629+0000] {logging_mixin.py:190} INFO - [2025-12-24T09:07:47.629+0000] {dag.py:4180} INFO - Setting next_dagrun for example_branch_operator to 2025-12-23 00:00:00+00:00, run_after=2025-12-24 00:00:00+00:00
[2025-12-24T09:07:47.676+0000] {processor.py:208} INFO - Processing /home/airflow/.local/lib/python3.11/site-packages/airflow/example_dags/example_branch_operator.py took 0.221 seconds
[2025-12-24T09:08:45.092+0000] {processor.py:186} INFO - Started process (PID=1030) to work on /home/airflow/.local/lib/python3.11/site-packages/airflow/example_dags/example_branch_operator.py
[2025-12-24T09:08:45.094+0000] {processor.py:914} INFO - Processing file /home/airflow/.local/lib/python3.11/site-packages/airflow/example_dags/example_branch_operator.py for tasks to queue
[2025-12-24T09:08:45.099+0000] {logging_mixin.py:190} INFO - [2025-12-24T09:08:45.098+0000] {dagbag.py:588} INFO - Filling up the DagBag from /home/airflow/.local/lib/python3.11/site-packages/airflow/example_dags/example_branch_operator.py
[2025-12-24T09:08:45.139+0000] {processor.py:925} INFO - DAG(s) 'example_branch_operator' retrieved from /home/airflow/.local/lib/python3.11/site-packages/airflow/example_dags/example_branch_operator.py
[2025-12-24T09:08:45.191+0000] {logging_mixin.py:190} INFO - [2025-12-24T09:08:45.190+0000] {dag.py:3239} INFO - Sync 1 DAGs
[2025-12-24T09:08:45.241+0000] {logging_mixin.py:190} INFO - [2025-12-24T09:08:45.241+0000] {dag.py:4180} INFO - Setting next_dagrun for example_branch_operator to 2025-12-23 00:00:00+00:00, run_after=2025-12-24 00:00:00+00:00
[2025-12-24T09:08:45.287+0000] {processor.py:208} INFO - Processing /home/airflow/.local/lib/python3.11/site-packages/airflow/example_dags/example_branch_operator.py took 0.207 seconds
[2025-12-24T09:08:41.859+0000] {processor.py:186} INFO - Started process (PID=1098) to work on /home/airflow/.local/lib/python3.11/site-packages/airflow/example_dags/example_branch_operator.py
[2025-12-24T09:08:41.860+0000] {processor.py:914} INFO - Processing file /home/airflow/.local/lib/python3.11/site-packages/airflow/example_dags/example_branch_operator.py for tasks to queue
[2025-12-24T09:08:41.864+0000] {logging_mixin.py:190} INFO - [2025-12-24T09:08:41.863+0000] {dagbag.py:588} INFO - Filling up the DagBag from /home/airflow/.local/lib/python3.11/site-packages/airflow/example_dags/example_branch_operator.py
[2025-12-24T09:08:41.887+0000] {processor.py:925} INFO - DAG(s) 'example_branch_operator' retrieved from /home/airflow/.local/lib/python3.11/site-packages/airflow/example_dags/example_branch_operator.py
[2025-12-24T09:08:41.925+0000] {logging_mixin.py:190} INFO - [2025-12-24T09:08:41.924+0000] {dag.py:3239} INFO - Sync 1 DAGs
[2025-12-24T09:08:41.953+0000] {logging_mixin.py:190} INFO - [2025-12-24T09:08:41.953+0000] {dag.py:4180} INFO - Setting next_dagrun for example_branch_operator to 2025-12-23 00:00:00+00:00, run_after=2025-12-24 00:00:00+00:00
[2025-12-24T09:08:41.976+0000] {processor.py:208} INFO - Processing /home/airflow/.local/lib/python3.11/site-packages/airflow/example_dags/example_branch_operator.py took 0.126 seconds
[2025-12-24T09:09:12.088+0000] {processor.py:186} INFO - Started process (PID=1112) to work on /home/airflow/.local/lib/python3.11/site-packages/airflow/example_dags/example_branch_operator.py
[2025-12-24T09:09:12.089+0000] {processor.py:914} INFO - Processing file /home/airflow/.local/lib/python3.11/site-packages/airflow/example_dags/example_branch_operator.py for tasks to queue
[2025-12-24T09:09:12.093+0000] {logging_mixin.py:190} INFO - [2025-12-24T09:09:12.093+0000] {dagbag.py:588} INFO - Filling up the DagBag from /home/airflow/.local/lib/python3.11/site-packages/airflow/example_dags/example_branch_operator.py
[2025-12-24T09:09:12.115+0000] {processor.py:925} INFO - DAG(s) 'example_branch_operator' retrieved from /home/airflow/.local/lib/python3.11/site-packages/airflow/example_dags/example_branch_operator.py
[2025-12-24T09:09:12.152+0000] {logging_mixin.py:190} INFO - [2025-12-24T09:09:12.152+0000] {dag.py:3239} INFO - Sync 1 DAGs
[2025-12-24T09:09:12.181+0000] {logging_mixin.py:190} INFO - [2025-12-24T09:09:12.181+0000] {dag.py:4180} INFO - Setting next_dagrun for example_branch_operator to 2025-12-23 00:00:00+00:00, run_after=2025-12-24 00:00:00+00:00
[2025-12-24T09:09:12.216+0000] {processor.py:208} INFO - Processing /home/airflow/.local/lib/python3.11/site-packages/airflow/example_dags/example_branch_operator.py took 0.137 seconds
[2025-12-24T09:09:23.747+0000] {processor.py:186} INFO - Started process (PID=1179) to work on /home/airflow/.local/lib/python3.11/site-packages/airflow/example_dags/example_branch_operator.py
[2025-12-24T09:09:23.749+0000] {processor.py:914} INFO - Processing file /home/airflow/.local/lib/python3.11/site-packages/airflow/example_dags/example_branch_operator.py for tasks to queue
[2025-12-24T09:09:23.752+0000] {logging_mixin.py:190} INFO - [2025-12-24T09:09:23.752+0000] {dagbag.py:588} INFO - Filling up the DagBag from /home/airflow/.local/lib/python3.11/site-packages/airflow/example_dags/example_branch_operator.py
[2025-12-24T09:09:23.795+0000] {processor.py:925} INFO - DAG(s) 'example_branch_operator' retrieved from /home/airflow/.local/lib/python3.11/site-packages/airflow/example_dags/example_branch_operator.py
[2025-12-24T09:09:23.838+0000] {logging_mixin.py:190} INFO - [2025-12-24T09:09:23.837+0000] {dag.py:3239} INFO - Sync 1 DAGs
[2025-12-24T09:09:23.868+0000] {logging_mixin.py:190} INFO - [2025-12-24T09:09:23.868+0000] {dag.py:4180} INFO - Setting next_dagrun for example_branch_operator to 2025-12-23 00:00:00+00:00, run_after=2025-12-24 00:00:00+00:00
[2025-12-24T09:09:23.894+0000] {processor.py:208} INFO - Processing /home/airflow/.local/lib/python3.11/site-packages/airflow/example_dags/example_branch_operator.py took 0.158 seconds
[2025-12-24T09:10:29.717+0000] {processor.py:186} INFO - Started process (PID=1244) to work on /home/airflow/.local/lib/python3.11/site-packages/airflow/example_dags/example_branch_operator.py
[2025-12-24T09:10:29.719+0000] {processor.py:914} INFO - Processing file /home/airflow/.local/lib/python3.11/site-packages/airflow/example_dags/example_branch_operator.py for tasks to queue
[2025-12-24T09:10:29.725+0000] {logging_mixin.py:190} INFO - [2025-12-24T09:10:29.724+0000] {dagbag.py:588} INFO - Filling up the DagBag from /home/airflow/.local/lib/python3.11/site-packages/airflow/example_dags/example_branch_operator.py
[2025-12-24T09:10:29.755+0000] {processor.py:925} INFO - DAG(s) 'example_branch_operator' retrieved from /home/airflow/.local/lib/python3.11/site-packages/airflow/example_dags/example_branch_operator.py
[2025-12-24T09:10:29.812+0000] {logging_mixin.py:190} INFO - [2025-12-24T09:10:29.811+0000] {dag.py:3239} INFO - Sync 1 DAGs
[2025-12-24T09:10:29.843+0000] {logging_mixin.py:190} INFO - [2025-12-24T09:10:29.843+0000] {dag.py:4180} INFO - Setting next_dagrun for example_branch_operator to 2025-12-23 00:00:00+00:00, run_after=2025-12-24 00:00:00+00:00
[2025-12-24T09:10:29.872+0000] {processor.py:208} INFO - Processing /home/airflow/.local/lib/python3.11/site-packages/airflow/example_dags/example_branch_operator.py took 0.170 seconds
[2025-12-24T09:10:52.737+0000] {processor.py:186} INFO - Started process (PID=1358) to work on /home/airflow/.local/lib/python3.11/site-packages/airflow/example_dags/example_branch_operator.py
[2025-12-24T09:10:52.738+0000] {processor.py:914} INFO - Processing file /home/airflow/.local/lib/python3.11/site-packages/airflow/example_dags/example_branch_operator.py for tasks to queue
[2025-12-24T09:10:52.742+0000] {logging_mixin.py:190} INFO - [2025-12-24T09:10:52.741+0000] {dagbag.py:588} INFO - Filling up the DagBag from /home/airflow/.local/lib/python3.11/site-packages/airflow/example_dags/example_branch_operator.py
[2025-12-24T09:10:52.766+0000] {processor.py:925} INFO - DAG(s) 'example_branch_operator' retrieved from /home/airflow/.local/lib/python3.11/site-packages/airflow/example_dags/example_branch_operator.py
[2025-12-24T09:10:52.804+0000] {logging_mixin.py:190} INFO - [2025-12-24T09:10:52.803+0000] {dag.py:3239} INFO - Sync 1 DAGs
[2025-12-24T09:10:52.832+0000] {logging_mixin.py:190} INFO - [2025-12-24T09:10:52.832+0000] {dag.py:4180} INFO - Setting next_dagrun for example_branch_operator to 2025-12-23 00:00:00+00:00, run_after=2025-12-24 00:00:00+00:00
[2025-12-24T09:10:52.856+0000] {processor.py:208} INFO - Processing /home/airflow/.local/lib/python3.11/site-packages/airflow/example_dags/example_branch_operator.py took 0.127 seconds
[2025-12-24T09:11:03.255+0000] {processor.py:186} INFO - Started process (PID=1415) to work on /home/airflow/.local/lib/python3.11/site-packages/airflow/example_dags/example_branch_operator.py
[2025-12-24T09:11:03.257+0000] {processor.py:914} INFO - Processing file /home/airflow/.local/lib/python3.11/site-packages/airflow/example_dags/example_branch_operator.py for tasks to queue
[2025-12-24T09:11:03.261+0000] {logging_mixin.py:190} INFO - [2025-12-24T09:11:03.261+0000] {dagbag.py:588} INFO - Filling up the DagBag from /home/airflow/.local/lib/python3.11/site-packages/airflow/example_dags/example_branch_operator.py
[2025-12-24T09:11:03.288+0000] {processor.py:925} INFO - DAG(s) 'example_branch_operator' retrieved from /home/airflow/.local/lib/python3.11/site-packages/airflow/example_dags/example_branch_operator.py
[2025-12-24T09:11:03.327+0000] {logging_mixin.py:190} INFO - [2025-12-24T09:11:03.326+0000] {dag.py:3239} INFO - Sync 1 DAGs
[2025-12-24T09:11:03.360+0000] {logging_mixin.py:190} INFO - [2025-12-24T09:11:03.360+0000] {dag.py:4180} INFO - Setting next_dagrun for example_branch_operator to 2025-12-23 00:00:00+00:00, run_after=2025-12-24 00:00:00+00:00
[2025-12-24T09:11:03.398+0000] {processor.py:208} INFO - Processing /home/airflow/.local/lib/python3.11/site-packages/airflow/example_dags/example_branch_operator.py took 0.153 seconds
[2025-12-24T09:11:34.376+0000] {processor.py:186} INFO - Started process (PID=1477) to work on /home/airflow/.local/lib/python3.11/site-packages/airflow/example_dags/example_branch_operator.py
[2025-12-24T09:11:34.378+0000] {processor.py:914} INFO - Processing file /home/airflow/.local/lib/python3.11/site-packages/airflow/example_dags/example_branch_operator.py for tasks to queue
[2025-12-24T09:11:34.382+0000] {logging_mixin.py:190} INFO - [2025-12-24T09:11:34.381+0000] {dagbag.py:588} INFO - Filling up the DagBag from /home/airflow/.local/lib/python3.11/site-packages/airflow/example_dags/example_branch_operator.py
[2025-12-24T09:11:34.410+0000] {processor.py:925} INFO - DAG(s) 'example_branch_operator' retrieved from /home/airflow/.local/lib/python3.11/site-packages/airflow/example_dags/example_branch_operator.py
[2025-12-24T09:11:34.451+0000] {logging_mixin.py:190} INFO - [2025-12-24T09:11:34.451+0000] {dag.py:3239} INFO - Sync 1 DAGs
[2025-12-24T09:11:34.481+0000] {logging_mixin.py:190} INFO - [2025-12-24T09:11:34.481+0000] {dag.py:4180} INFO - Setting next_dagrun for example_branch_operator to 2025-12-23 00:00:00+00:00, run_after=2025-12-24 00:00:00+00:00
[2025-12-24T09:11:34.512+0000] {processor.py:208} INFO - Processing /home/airflow/.local/lib/python3.11/site-packages/airflow/example_dags/example_branch_operator.py took 0.146 seconds
[2025-12-24T09:12:35.628+0000] {processor.py:186} INFO - Started process (PID=1541) to work on /home/airflow/.local/lib/python3.11/site-packages/airflow/example_dags/example_branch_operator.py
[2025-12-24T09:12:35.630+0000] {processor.py:914} INFO - Processing file /home/airflow/.local/lib/python3.11/site-packages/airflow/example_dags/example_branch_operator.py for tasks to queue
[2025-12-24T09:12:35.635+0000] {logging_mixin.py:190} INFO - [2025-12-24T09:12:35.634+0000] {dagbag.py:588} INFO - Filling up the DagBag from /home/airflow/.local/lib/python3.11/site-packages/airflow/example_dags/example_branch_operator.py
[2025-12-24T09:12:35.663+0000] {processor.py:925} INFO - DAG(s) 'example_branch_operator' retrieved from /home/airflow/.local/lib/python3.11/site-packages/airflow/example_dags/example_branch_operator.py
[2025-12-24T09:12:35.724+0000] {logging_mixin.py:190} INFO - [2025-12-24T09:12:35.723+0000] {dag.py:3239} INFO - Sync 1 DAGs
[2025-12-24T09:12:35.759+0000] {logging_mixin.py:190} INFO - [2025-12-24T09:12:35.759+0000] {dag.py:4180} INFO - Setting next_dagrun for example_branch_operator to 2025-12-23 00:00:00+00:00, run_after=2025-12-24 00:00:00+00:00
[2025-12-24T09:12:35.786+0000] {processor.py:208} INFO - Processing /home/airflow/.local/lib/python3.11/site-packages/airflow/example_dags/example_branch_operator.py took 0.169 seconds
[2025-12-24T09:13:29.797+0000] {processor.py:186} INFO - Started process (PID=1614) to work on /home/airflow/.local/lib/python3.11/site-packages/airflow/example_dags/example_branch_operator.py
[2025-12-24T09:13:29.798+0000] {processor.py:914} INFO - Processing file /home/airflow/.local/lib/python3.11/site-packages/airflow/example_dags/example_branch_operator.py for tasks to queue
[2025-12-24T09:13:29.801+0000] {logging_mixin.py:190} INFO - [2025-12-24T09:13:29.801+0000] {dagbag.py:588} INFO - Filling up the DagBag from /home/airflow/.local/lib/python3.11/site-packages/airflow/example_dags/example_branch_operator.py
[2025-12-24T09:13:29.825+0000] {processor.py:925} INFO - DAG(s) 'example_branch_operator' retrieved from /home/airflow/.local/lib/python3.11/site-packages/airflow/example_dags/example_branch_operator.py
[2025-12-24T09:13:29.869+0000] {logging_mixin.py:190} INFO - [2025-12-24T09:13:29.868+0000] {dag.py:3239} INFO - Sync 1 DAGs
[2025-12-24T09:13:29.902+0000] {logging_mixin.py:190} INFO - [2025-12-24T09:13:29.901+0000] {dag.py:4180} INFO - Setting next_dagrun for example_branch_operator to 2025-12-23 00:00:00+00:00, run_after=2025-12-24 00:00:00+00:00
[2025-12-24T09:13:29.930+0000] {processor.py:208} INFO - Processing /home/airflow/.local/lib/python3.11/site-packages/airflow/example_dags/example_branch_operator.py took 0.144 seconds
[2025-12-24T09:14:30.795+0000] {processor.py:186} INFO - Started process (PID=1730) to work on /home/airflow/.local/lib/python3.11/site-packages/airflow/example_dags/example_branch_operator.py
[2025-12-24T09:14:30.797+0000] {processor.py:914} INFO - Processing file /home/airflow/.local/lib/python3.11/site-packages/airflow/example_dags/example_branch_operator.py for tasks to queue
[2025-12-24T09:14:30.801+0000] {logging_mixin.py:190} INFO - [2025-12-24T09:14:30.800+0000] {dagbag.py:588} INFO - Filling up the DagBag from /home/airflow/.local/lib/python3.11/site-packages/airflow/example_dags/example_branch_operator.py
[2025-12-24T09:14:30.826+0000] {processor.py:925} INFO - DAG(s) 'example_branch_operator' retrieved from /home/airflow/.local/lib/python3.11/site-packages/airflow/example_dags/example_branch_operator.py
[2025-12-24T09:14:30.866+0000] {logging_mixin.py:190} INFO - [2025-12-24T09:14:30.865+0000] {dag.py:3239} INFO - Sync 1 DAGs
[2025-12-24T09:14:30.893+0000] {logging_mixin.py:190} INFO - [2025-12-24T09:14:30.893+0000] {dag.py:4180} INFO - Setting next_dagrun for example_branch_operator to 2025-12-23 00:00:00+00:00, run_after=2025-12-24 00:00:00+00:00
[2025-12-24T09:14:30.924+0000] {processor.py:208} INFO - Processing /home/airflow/.local/lib/python3.11/site-packages/airflow/example_dags/example_branch_operator.py took 0.141 seconds
[2025-12-24T09:14:42.679+0000] {processor.py:186} INFO - Started process (PID=1796) to work on /home/airflow/.local/lib/python3.11/site-packages/airflow/example_dags/example_branch_operator.py
[2025-12-24T09:14:42.680+0000] {processor.py:914} INFO - Processing file /home/airflow/.local/lib/python3.11/site-packages/airflow/example_dags/example_branch_operator.py for tasks to queue
[2025-12-24T09:14:42.684+0000] {logging_mixin.py:190} INFO - [2025-12-24T09:14:42.683+0000] {dagbag.py:588} INFO - Filling up the DagBag from /home/airflow/.local/lib/python3.11/site-packages/airflow/example_dags/example_branch_operator.py
[2025-12-24T09:14:42.707+0000] {processor.py:925} INFO - DAG(s) 'example_branch_operator' retrieved from /home/airflow/.local/lib/python3.11/site-packages/airflow/example_dags/example_branch_operator.py
[2025-12-24T09:14:42.744+0000] {logging_mixin.py:190} INFO - [2025-12-24T09:14:42.743+0000] {dag.py:3239} INFO - Sync 1 DAGs
[2025-12-24T09:14:42.771+0000] {logging_mixin.py:190} INFO - [2025-12-24T09:14:42.771+0000] {dag.py:4180} INFO - Setting next_dagrun for example_branch_operator to 2025-12-23 00:00:00+00:00, run_after=2025-12-24 00:00:00+00:00
[2025-12-24T09:14:42.798+0000] {processor.py:208} INFO - Processing /home/airflow/.local/lib/python3.11/site-packages/airflow/example_dags/example_branch_operator.py took 0.128 seconds
[2025-12-24T09:15:14.656+0000] {processor.py:186} INFO - Started process (PID=1859) to work on /home/airflow/.local/lib/python3.11/site-packages/airflow/example_dags/example_branch_operator.py
[2025-12-24T09:15:14.658+0000] {processor.py:914} INFO - Processing file /home/airflow/.local/lib/python3.11/site-packages/airflow/example_dags/example_branch_operator.py for tasks to queue
[2025-12-24T09:15:14.662+0000] {logging_mixin.py:190} INFO - [2025-12-24T09:15:14.661+0000] {dagbag.py:588} INFO - Filling up the DagBag from /home/airflow/.local/lib/python3.11/site-packages/airflow/example_dags/example_branch_operator.py
[2025-12-24T09:15:14.686+0000] {processor.py:925} INFO - DAG(s) 'example_branch_operator' retrieved from /home/airflow/.local/lib/python3.11/site-packages/airflow/example_dags/example_branch_operator.py
[2025-12-24T09:15:14.724+0000] {logging_mixin.py:190} INFO - [2025-12-24T09:15:14.723+0000] {dag.py:3239} INFO - Sync 1 DAGs
[2025-12-24T09:15:14.751+0000] {logging_mixin.py:190} INFO - [2025-12-24T09:15:14.751+0000] {dag.py:4180} INFO - Setting next_dagrun for example_branch_operator to 2025-12-23 00:00:00+00:00, run_after=2025-12-24 00:00:00+00:00
[2025-12-24T09:15:14.774+0000] {processor.py:208} INFO - Processing /home/airflow/.local/lib/python3.11/site-packages/airflow/example_dags/example_branch_operator.py took 0.127 seconds
[2025-12-24T09:15:45.539+0000] {processor.py:186} INFO - Started process (PID=1920) to work on /home/airflow/.local/lib/python3.11/site-packages/airflow/example_dags/example_branch_operator.py
[2025-12-24T09:15:45.541+0000] {processor.py:914} INFO - Processing file /home/airflow/.local/lib/python3.11/site-packages/airflow/example_dags/example_branch_operator.py for tasks to queue
[2025-12-24T09:15:45.546+0000] {logging_mixin.py:190} INFO - [2025-12-24T09:15:45.545+0000] {dagbag.py:588} INFO - Filling up the DagBag from /home/airflow/.local/lib/python3.11/site-packages/airflow/example_dags/example_branch_operator.py
[2025-12-24T09:15:45.581+0000] {processor.py:925} INFO - DAG(s) 'example_branch_operator' retrieved from /home/airflow/.local/lib/python3.11/site-packages/airflow/example_dags/example_branch_operator.py
[2025-12-24T09:15:45.648+0000] {logging_mixin.py:190} INFO - [2025-12-24T09:15:45.646+0000] {dag.py:3239} INFO - Sync 1 DAGs
[2025-12-24T09:15:45.685+0000] {logging_mixin.py:190} INFO - [2025-12-24T09:15:45.684+0000] {dag.py:4180} INFO - Setting next_dagrun for example_branch_operator to 2025-12-23 00:00:00+00:00, run_after=2025-12-24 00:00:00+00:00
[2025-12-24T09:15:45.715+0000] {processor.py:208} INFO - Processing /home/airflow/.local/lib/python3.11/site-packages/airflow/example_dags/example_branch_operator.py took 0.189 seconds
[2025-12-24T09:23:48.581+0000] {processor.py:186} INFO - Started process (PID=135) to work on /home/airflow/.local/lib/python3.11/site-packages/airflow/example_dags/example_branch_operator.py
[2025-12-24T09:23:48.584+0000] {processor.py:914} INFO - Processing file /home/airflow/.local/lib/python3.11/site-packages/airflow/example_dags/example_branch_operator.py for tasks to queue
[2025-12-24T09:23:48.592+0000] {logging_mixin.py:190} INFO - [2025-12-24T09:23:48.591+0000] {dagbag.py:588} INFO - Filling up the DagBag from /home/airflow/.local/lib/python3.11/site-packages/airflow/example_dags/example_branch_operator.py
[2025-12-24T09:23:48.650+0000] {processor.py:925} INFO - DAG(s) 'example_branch_operator' retrieved from /home/airflow/.local/lib/python3.11/site-packages/airflow/example_dags/example_branch_operator.py
[2025-12-24T09:23:48.923+0000] {logging_mixin.py:190} INFO - [2025-12-24T09:23:48.922+0000] {override.py:1911} INFO - Created Permission View: can delete on DAG:example_branch_operator
[2025-12-24T09:23:48.944+0000] {logging_mixin.py:190} INFO - [2025-12-24T09:23:48.944+0000] {override.py:1911} INFO - Created Permission View: can read on DAG:example_branch_operator
[2025-12-24T09:23:48.962+0000] {logging_mixin.py:190} INFO - [2025-12-24T09:23:48.962+0000] {override.py:1911} INFO - Created Permission View: can edit on DAG:example_branch_operator
[2025-12-24T09:23:48.987+0000] {logging_mixin.py:190} INFO - [2025-12-24T09:23:48.987+0000] {override.py:1911} INFO - Created Permission View: menu access on DAG Run:example_branch_operator
[2025-12-24T09:23:49.003+0000] {logging_mixin.py:190} INFO - [2025-12-24T09:23:49.003+0000] {override.py:1911} INFO - Created Permission View: can create on DAG Run:example_branch_operator
[2025-12-24T09:23:49.020+0000] {logging_mixin.py:190} INFO - [2025-12-24T09:23:49.020+0000] {override.py:1911} INFO - Created Permission View: can delete on DAG Run:example_branch_operator
[2025-12-24T09:23:49.043+0000] {logging_mixin.py:190} INFO - [2025-12-24T09:23:49.042+0000] {override.py:1911} INFO - Created Permission View: can read on DAG Run:example_branch_operator
[2025-12-24T09:23:49.045+0000] {logging_mixin.py:190} INFO - [2025-12-24T09:23:49.044+0000] {dag.py:3239} INFO - Sync 1 DAGs
[2025-12-24T09:23:49.075+0000] {logging_mixin.py:190} INFO - [2025-12-24T09:23:49.075+0000] {dag.py:3262} INFO - Creating ORM DAG for example_branch_operator
[2025-12-24T09:23:49.096+0000] {logging_mixin.py:190} INFO - [2025-12-24T09:23:49.096+0000] {dag.py:4180} INFO - Setting next_dagrun for example_branch_operator to 2025-12-23 00:00:00+00:00, run_after=2025-12-24 00:00:00+00:00
[2025-12-24T09:23:49.148+0000] {processor.py:208} INFO - Processing /home/airflow/.local/lib/python3.11/site-packages/airflow/example_dags/example_branch_operator.py took 0.583 seconds
[2025-12-24T09:24:01.136+0000] {processor.py:186} INFO - Started process (PID=168) to work on /home/airflow/.local/lib/python3.11/site-packages/airflow/example_dags/example_branch_operator.py
[2025-12-24T09:24:01.138+0000] {processor.py:914} INFO - Processing file /home/airflow/.local/lib/python3.11/site-packages/airflow/example_dags/example_branch_operator.py for tasks to queue
[2025-12-24T09:24:01.144+0000] {logging_mixin.py:190} INFO - [2025-12-24T09:24:01.143+0000] {dagbag.py:588} INFO - Filling up the DagBag from /home/airflow/.local/lib/python3.11/site-packages/airflow/example_dags/example_branch_operator.py
[2025-12-24T09:24:01.188+0000] {processor.py:925} INFO - DAG(s) 'example_branch_operator' retrieved from /home/airflow/.local/lib/python3.11/site-packages/airflow/example_dags/example_branch_operator.py
[2025-12-24T09:24:01.222+0000] {logging_mixin.py:190} INFO - [2025-12-24T09:24:01.221+0000] {dag.py:3239} INFO - Sync 1 DAGs
[2025-12-24T09:24:01.294+0000] {logging_mixin.py:190} INFO - [2025-12-24T09:24:01.293+0000] {dag.py:4180} INFO - Setting next_dagrun for example_branch_operator to 2025-12-23 00:00:00+00:00, run_after=2025-12-24 00:00:00+00:00
[2025-12-24T09:24:01.331+0000] {processor.py:208} INFO - Processing /home/airflow/.local/lib/python3.11/site-packages/airflow/example_dags/example_branch_operator.py took 0.209 seconds
[2025-12-24T09:24:07.353+0000] {processor.py:186} INFO - Started process (PID=208) to work on /home/airflow/.local/lib/python3.11/site-packages/airflow/example_dags/example_branch_operator.py
[2025-12-24T09:24:07.361+0000] {processor.py:914} INFO - Processing file /home/airflow/.local/lib/python3.11/site-packages/airflow/example_dags/example_branch_operator.py for tasks to queue
[2025-12-24T09:24:07.376+0000] {logging_mixin.py:190} INFO - [2025-12-24T09:24:07.375+0000] {dagbag.py:588} INFO - Filling up the DagBag from /home/airflow/.local/lib/python3.11/site-packages/airflow/example_dags/example_branch_operator.py
[2025-12-24T09:24:07.414+0000] {processor.py:925} INFO - DAG(s) 'example_branch_operator' retrieved from /home/airflow/.local/lib/python3.11/site-packages/airflow/example_dags/example_branch_operator.py
[2025-12-24T09:24:07.440+0000] {logging_mixin.py:190} INFO - [2025-12-24T09:24:07.440+0000] {dag.py:3239} INFO - Sync 1 DAGs
[2025-12-24T09:24:07.483+0000] {logging_mixin.py:190} INFO - [2025-12-24T09:24:07.482+0000] {dag.py:4180} INFO - Setting next_dagrun for example_branch_operator to 2025-12-23 00:00:00+00:00, run_after=2025-12-24 00:00:00+00:00
[2025-12-24T09:24:07.513+0000] {processor.py:208} INFO - Processing /home/airflow/.local/lib/python3.11/site-packages/airflow/example_dags/example_branch_operator.py took 0.176 seconds
[2025-12-24T09:25:30.122+0000] {processor.py:186} INFO - Started process (PID=324) to work on /home/airflow/.local/lib/python3.11/site-packages/airflow/example_dags/example_branch_operator.py
[2025-12-24T09:25:30.125+0000] {processor.py:914} INFO - Processing file /home/airflow/.local/lib/python3.11/site-packages/airflow/example_dags/example_branch_operator.py for tasks to queue
[2025-12-24T09:25:30.131+0000] {logging_mixin.py:190} INFO - [2025-12-24T09:25:30.130+0000] {dagbag.py:588} INFO - Filling up the DagBag from /home/airflow/.local/lib/python3.11/site-packages/airflow/example_dags/example_branch_operator.py
[2025-12-24T09:24:47.850+0000] {processor.py:925} INFO - DAG(s) 'example_branch_operator' retrieved from /home/airflow/.local/lib/python3.11/site-packages/airflow/example_dags/example_branch_operator.py
[2025-12-24T09:24:47.912+0000] {logging_mixin.py:190} INFO - [2025-12-24T09:24:47.911+0000] {dag.py:3239} INFO - Sync 1 DAGs
[2025-12-24T09:24:47.971+0000] {logging_mixin.py:190} INFO - [2025-12-24T09:24:47.967+0000] {dag.py:4180} INFO - Setting next_dagrun for example_branch_operator to 2025-12-23 00:00:00+00:00, run_after=2025-12-24 00:00:00+00:00
[2025-12-24T09:24:48.004+0000] {processor.py:208} INFO - Processing /home/airflow/.local/lib/python3.11/site-packages/airflow/example_dags/example_branch_operator.py took 0.224 seconds
[2025-12-24T09:24:59.718+0000] {processor.py:186} INFO - Started process (PID=387) to work on /home/airflow/.local/lib/python3.11/site-packages/airflow/example_dags/example_branch_operator.py
[2025-12-24T09:24:59.720+0000] {processor.py:914} INFO - Processing file /home/airflow/.local/lib/python3.11/site-packages/airflow/example_dags/example_branch_operator.py for tasks to queue
[2025-12-24T09:24:59.725+0000] {logging_mixin.py:190} INFO - [2025-12-24T09:24:59.725+0000] {dagbag.py:588} INFO - Filling up the DagBag from /home/airflow/.local/lib/python3.11/site-packages/airflow/example_dags/example_branch_operator.py
[2025-12-24T09:24:59.764+0000] {processor.py:925} INFO - DAG(s) 'example_branch_operator' retrieved from /home/airflow/.local/lib/python3.11/site-packages/airflow/example_dags/example_branch_operator.py
[2025-12-24T09:24:59.829+0000] {logging_mixin.py:190} INFO - [2025-12-24T09:24:59.828+0000] {dag.py:3239} INFO - Sync 1 DAGs
[2025-12-24T09:24:59.881+0000] {logging_mixin.py:190} INFO - [2025-12-24T09:24:59.881+0000] {dag.py:4180} INFO - Setting next_dagrun for example_branch_operator to 2025-12-23 00:00:00+00:00, run_after=2025-12-24 00:00:00+00:00
[2025-12-24T09:24:59.916+0000] {processor.py:208} INFO - Processing /home/airflow/.local/lib/python3.11/site-packages/airflow/example_dags/example_branch_operator.py took 0.210 seconds
[2025-12-24T09:25:17.223+0000] {processor.py:186} INFO - Started process (PID=441) to work on /home/airflow/.local/lib/python3.11/site-packages/airflow/example_dags/example_branch_operator.py
[2025-12-24T09:25:17.225+0000] {processor.py:914} INFO - Processing file /home/airflow/.local/lib/python3.11/site-packages/airflow/example_dags/example_branch_operator.py for tasks to queue
[2025-12-24T09:25:17.228+0000] {logging_mixin.py:190} INFO - [2025-12-24T09:25:17.228+0000] {dagbag.py:588} INFO - Filling up the DagBag from /home/airflow/.local/lib/python3.11/site-packages/airflow/example_dags/example_branch_operator.py
[2025-12-24T09:25:17.273+0000] {processor.py:925} INFO - DAG(s) 'example_branch_operator' retrieved from /home/airflow/.local/lib/python3.11/site-packages/airflow/example_dags/example_branch_operator.py
[2025-12-24T09:25:17.316+0000] {logging_mixin.py:190} INFO - [2025-12-24T09:25:17.315+0000] {dag.py:3239} INFO - Sync 1 DAGs
[2025-12-24T09:25:17.348+0000] {logging_mixin.py:190} INFO - [2025-12-24T09:25:17.348+0000] {dag.py:4180} INFO - Setting next_dagrun for example_branch_operator to 2025-12-23 00:00:00+00:00, run_after=2025-12-24 00:00:00+00:00
[2025-12-24T09:25:17.375+0000] {processor.py:208} INFO - Processing /home/airflow/.local/lib/python3.11/site-packages/airflow/example_dags/example_branch_operator.py took 0.161 seconds
[2025-12-24T09:25:23.889+0000] {processor.py:186} INFO - Started process (PID=496) to work on /home/airflow/.local/lib/python3.11/site-packages/airflow/example_dags/example_branch_operator.py
[2025-12-24T09:25:23.891+0000] {processor.py:914} INFO - Processing file /home/airflow/.local/lib/python3.11/site-packages/airflow/example_dags/example_branch_operator.py for tasks to queue
[2025-12-24T09:25:23.895+0000] {logging_mixin.py:190} INFO - [2025-12-24T09:25:23.894+0000] {dagbag.py:588} INFO - Filling up the DagBag from /home/airflow/.local/lib/python3.11/site-packages/airflow/example_dags/example_branch_operator.py
[2025-12-24T09:25:23.923+0000] {processor.py:925} INFO - DAG(s) 'example_branch_operator' retrieved from /home/airflow/.local/lib/python3.11/site-packages/airflow/example_dags/example_branch_operator.py
[2025-12-24T09:25:23.994+0000] {logging_mixin.py:190} INFO - [2025-12-24T09:25:23.993+0000] {dag.py:3239} INFO - Sync 1 DAGs
[2025-12-24T09:25:24.055+0000] {logging_mixin.py:190} INFO - [2025-12-24T09:25:24.054+0000] {dag.py:4180} INFO - Setting next_dagrun for example_branch_operator to 2025-12-23 00:00:00+00:00, run_after=2025-12-24 00:00:00+00:00
[2025-12-24T09:25:24.091+0000] {processor.py:208} INFO - Processing /home/airflow/.local/lib/python3.11/site-packages/airflow/example_dags/example_branch_operator.py took 0.212 seconds
[2025-12-24T09:26:01.179+0000] {processor.py:186} INFO - Started process (PID=593) to work on /home/airflow/.local/lib/python3.11/site-packages/airflow/example_dags/example_branch_operator.py
[2025-12-24T09:26:01.185+0000] {processor.py:914} INFO - Processing file /home/airflow/.local/lib/python3.11/site-packages/airflow/example_dags/example_branch_operator.py for tasks to queue
[2025-12-24T09:26:01.191+0000] {logging_mixin.py:190} INFO - [2025-12-24T09:26:01.190+0000] {dagbag.py:588} INFO - Filling up the DagBag from /home/airflow/.local/lib/python3.11/site-packages/airflow/example_dags/example_branch_operator.py
[2025-12-24T09:26:01.237+0000] {processor.py:925} INFO - DAG(s) 'example_branch_operator' retrieved from /home/airflow/.local/lib/python3.11/site-packages/airflow/example_dags/example_branch_operator.py
[2025-12-24T09:26:01.311+0000] {logging_mixin.py:190} INFO - [2025-12-24T09:26:01.310+0000] {dag.py:3239} INFO - Sync 1 DAGs
[2025-12-24T09:26:01.358+0000] {logging_mixin.py:190} INFO - [2025-12-24T09:26:01.358+0000] {dag.py:4180} INFO - Setting next_dagrun for example_branch_operator to 2025-12-23 00:00:00+00:00, run_after=2025-12-24 00:00:00+00:00
[2025-12-24T09:26:01.395+0000] {processor.py:208} INFO - Processing /home/airflow/.local/lib/python3.11/site-packages/airflow/example_dags/example_branch_operator.py took 0.231 seconds
[2025-12-24T09:26:09.739+0000] {processor.py:186} INFO - Started process (PID=650) to work on /home/airflow/.local/lib/python3.11/site-packages/airflow/example_dags/example_branch_operator.py
[2025-12-24T09:26:09.742+0000] {processor.py:914} INFO - Processing file /home/airflow/.local/lib/python3.11/site-packages/airflow/example_dags/example_branch_operator.py for tasks to queue
[2025-12-24T09:26:09.748+0000] {logging_mixin.py:190} INFO - [2025-12-24T09:26:09.748+0000] {dagbag.py:588} INFO - Filling up the DagBag from /home/airflow/.local/lib/python3.11/site-packages/airflow/example_dags/example_branch_operator.py
[2025-12-24T09:26:09.793+0000] {processor.py:925} INFO - DAG(s) 'example_branch_operator' retrieved from /home/airflow/.local/lib/python3.11/site-packages/airflow/example_dags/example_branch_operator.py
[2025-12-24T09:26:09.850+0000] {logging_mixin.py:190} INFO - [2025-12-24T09:26:09.849+0000] {dag.py:3239} INFO - Sync 1 DAGs
[2025-12-24T09:26:09.903+0000] {logging_mixin.py:190} INFO - [2025-12-24T09:26:09.903+0000] {dag.py:4180} INFO - Setting next_dagrun for example_branch_operator to 2025-12-23 00:00:00+00:00, run_after=2025-12-24 00:00:00+00:00
[2025-12-24T09:26:09.935+0000] {processor.py:208} INFO - Processing /home/airflow/.local/lib/python3.11/site-packages/airflow/example_dags/example_branch_operator.py took 0.207 seconds
[2025-12-24T09:26:18.040+0000] {processor.py:186} INFO - Started process (PID=704) to work on /home/airflow/.local/lib/python3.11/site-packages/airflow/example_dags/example_branch_operator.py
[2025-12-24T09:26:18.043+0000] {processor.py:914} INFO - Processing file /home/airflow/.local/lib/python3.11/site-packages/airflow/example_dags/example_branch_operator.py for tasks to queue
[2025-12-24T09:26:18.048+0000] {logging_mixin.py:190} INFO - [2025-12-24T09:26:18.047+0000] {dagbag.py:588} INFO - Filling up the DagBag from /home/airflow/.local/lib/python3.11/site-packages/airflow/example_dags/example_branch_operator.py
[2025-12-24T09:26:18.087+0000] {processor.py:925} INFO - DAG(s) 'example_branch_operator' retrieved from /home/airflow/.local/lib/python3.11/site-packages/airflow/example_dags/example_branch_operator.py
[2025-12-24T09:26:18.155+0000] {logging_mixin.py:190} INFO - [2025-12-24T09:26:18.154+0000] {dag.py:3239} INFO - Sync 1 DAGs
[2025-12-24T09:26:18.218+0000] {logging_mixin.py:190} INFO - [2025-12-24T09:26:18.217+0000] {dag.py:4180} INFO - Setting next_dagrun for example_branch_operator to 2025-12-23 00:00:00+00:00, run_after=2025-12-24 00:00:00+00:00
[2025-12-24T09:26:18.254+0000] {processor.py:208} INFO - Processing /home/airflow/.local/lib/python3.11/site-packages/airflow/example_dags/example_branch_operator.py took 0.228 seconds
[2025-12-24T09:26:29.131+0000] {processor.py:186} INFO - Started process (PID=755) to work on /home/airflow/.local/lib/python3.11/site-packages/airflow/example_dags/example_branch_operator.py
[2025-12-24T09:26:29.132+0000] {processor.py:914} INFO - Processing file /home/airflow/.local/lib/python3.11/site-packages/airflow/example_dags/example_branch_operator.py for tasks to queue
[2025-12-24T09:26:29.136+0000] {logging_mixin.py:190} INFO - [2025-12-24T09:26:29.136+0000] {dagbag.py:588} INFO - Filling up the DagBag from /home/airflow/.local/lib/python3.11/site-packages/airflow/example_dags/example_branch_operator.py
[2025-12-24T09:26:29.168+0000] {processor.py:925} INFO - DAG(s) 'example_branch_operator' retrieved from /home/airflow/.local/lib/python3.11/site-packages/airflow/example_dags/example_branch_operator.py
[2025-12-24T09:26:29.216+0000] {logging_mixin.py:190} INFO - [2025-12-24T09:26:29.216+0000] {dag.py:3239} INFO - Sync 1 DAGs
[2025-12-24T09:26:29.249+0000] {logging_mixin.py:190} INFO - [2025-12-24T09:26:29.249+0000] {dag.py:4180} INFO - Setting next_dagrun for example_branch_operator to 2025-12-23 00:00:00+00:00, run_after=2025-12-24 00:00:00+00:00
[2025-12-24T09:26:29.288+0000] {processor.py:208} INFO - Processing /home/airflow/.local/lib/python3.11/site-packages/airflow/example_dags/example_branch_operator.py took 0.167 seconds
[2025-12-24T09:26:40.003+0000] {processor.py:186} INFO - Started process (PID=812) to work on /home/airflow/.local/lib/python3.11/site-packages/airflow/example_dags/example_branch_operator.py
[2025-12-24T09:26:40.006+0000] {processor.py:914} INFO - Processing file /home/airflow/.local/lib/python3.11/site-packages/airflow/example_dags/example_branch_operator.py for tasks to queue
[2025-12-24T09:26:40.011+0000] {logging_mixin.py:190} INFO - [2025-12-24T09:26:40.010+0000] {dagbag.py:588} INFO - Filling up the DagBag from /home/airflow/.local/lib/python3.11/site-packages/airflow/example_dags/example_branch_operator.py
[2025-12-24T09:26:40.061+0000] {processor.py:925} INFO - DAG(s) 'example_branch_operator' retrieved from /home/airflow/.local/lib/python3.11/site-packages/airflow/example_dags/example_branch_operator.py
[2025-12-24T09:26:40.139+0000] {logging_mixin.py:190} INFO - [2025-12-24T09:26:40.137+0000] {dag.py:3239} INFO - Sync 1 DAGs
[2025-12-24T09:26:40.212+0000] {logging_mixin.py:190} INFO - [2025-12-24T09:26:40.211+0000] {dag.py:4180} INFO - Setting next_dagrun for example_branch_operator to 2025-12-23 00:00:00+00:00, run_after=2025-12-24 00:00:00+00:00
[2025-12-24T09:26:40.262+0000] {processor.py:208} INFO - Processing /home/airflow/.local/lib/python3.11/site-packages/airflow/example_dags/example_branch_operator.py took 0.276 seconds
[2025-12-24T09:26:50.901+0000] {processor.py:186} INFO - Started process (PID=865) to work on /home/airflow/.local/lib/python3.11/site-packages/airflow/example_dags/example_branch_operator.py
[2025-12-24T09:26:50.903+0000] {processor.py:914} INFO - Processing file /home/airflow/.local/lib/python3.11/site-packages/airflow/example_dags/example_branch_operator.py for tasks to queue
[2025-12-24T09:26:50.908+0000] {logging_mixin.py:190} INFO - [2025-12-24T09:26:50.907+0000] {dagbag.py:588} INFO - Filling up the DagBag from /home/airflow/.local/lib/python3.11/site-packages/airflow/example_dags/example_branch_operator.py
[2025-12-24T09:26:50.947+0000] {processor.py:925} INFO - DAG(s) 'example_branch_operator' retrieved from /home/airflow/.local/lib/python3.11/site-packages/airflow/example_dags/example_branch_operator.py
[2025-12-24T09:26:51.037+0000] {logging_mixin.py:190} INFO - [2025-12-24T09:26:51.035+0000] {dag.py:3239} INFO - Sync 1 DAGs
[2025-12-24T09:26:51.086+0000] {logging_mixin.py:190} INFO - [2025-12-24T09:26:51.085+0000] {dag.py:4180} INFO - Setting next_dagrun for example_branch_operator to 2025-12-23 00:00:00+00:00, run_after=2025-12-24 00:00:00+00:00
[2025-12-24T09:26:51.122+0000] {processor.py:208} INFO - Processing /home/airflow/.local/lib/python3.11/site-packages/airflow/example_dags/example_branch_operator.py took 0.244 seconds
[2025-12-24T09:27:47.618+0000] {processor.py:186} INFO - Started process (PID=928) to work on /home/airflow/.local/lib/python3.11/site-packages/airflow/example_dags/example_branch_operator.py
[2025-12-24T09:27:47.620+0000] {processor.py:914} INFO - Processing file /home/airflow/.local/lib/python3.11/site-packages/airflow/example_dags/example_branch_operator.py for tasks to queue
[2025-12-24T09:27:47.625+0000] {logging_mixin.py:190} INFO - [2025-12-24T09:27:47.625+0000] {dagbag.py:588} INFO - Filling up the DagBag from /home/airflow/.local/lib/python3.11/site-packages/airflow/example_dags/example_branch_operator.py
[2025-12-24T09:27:47.674+0000] {processor.py:925} INFO - DAG(s) 'example_branch_operator' retrieved from /home/airflow/.local/lib/python3.11/site-packages/airflow/example_dags/example_branch_operator.py
[2025-12-24T09:27:47.748+0000] {logging_mixin.py:190} INFO - [2025-12-24T09:27:47.747+0000] {dag.py:3239} INFO - Sync 1 DAGs
[2025-12-24T09:27:47.802+0000] {logging_mixin.py:190} INFO - [2025-12-24T09:27:47.802+0000] {dag.py:4180} INFO - Setting next_dagrun for example_branch_operator to 2025-12-23 00:00:00+00:00, run_after=2025-12-24 00:00:00+00:00
[2025-12-24T09:27:47.843+0000] {processor.py:208} INFO - Processing /home/airflow/.local/lib/python3.11/site-packages/airflow/example_dags/example_branch_operator.py took 0.237 seconds
[2025-12-24T09:27:55.450+0000] {processor.py:186} INFO - Started process (PID=997) to work on /home/airflow/.local/lib/python3.11/site-packages/airflow/example_dags/example_branch_operator.py
[2025-12-24T09:27:55.451+0000] {processor.py:914} INFO - Processing file /home/airflow/.local/lib/python3.11/site-packages/airflow/example_dags/example_branch_operator.py for tasks to queue
[2025-12-24T09:27:55.456+0000] {logging_mixin.py:190} INFO - [2025-12-24T09:27:55.455+0000] {dagbag.py:588} INFO - Filling up the DagBag from /home/airflow/.local/lib/python3.11/site-packages/airflow/example_dags/example_branch_operator.py
[2025-12-24T09:27:55.488+0000] {processor.py:925} INFO - DAG(s) 'example_branch_operator' retrieved from /home/airflow/.local/lib/python3.11/site-packages/airflow/example_dags/example_branch_operator.py
[2025-12-24T09:27:55.540+0000] {logging_mixin.py:190} INFO - [2025-12-24T09:27:55.539+0000] {dag.py:3239} INFO - Sync 1 DAGs
[2025-12-24T09:27:55.576+0000] {logging_mixin.py:190} INFO - [2025-12-24T09:27:55.576+0000] {dag.py:4180} INFO - Setting next_dagrun for example_branch_operator to 2025-12-23 00:00:00+00:00, run_after=2025-12-24 00:00:00+00:00
[2025-12-24T09:27:55.603+0000] {processor.py:208} INFO - Processing /home/airflow/.local/lib/python3.11/site-packages/airflow/example_dags/example_branch_operator.py took 0.163 seconds
[2025-12-24T09:28:05.659+0000] {processor.py:186} INFO - Started process (PID=1062) to work on /home/airflow/.local/lib/python3.11/site-packages/airflow/example_dags/example_branch_operator.py
[2025-12-24T09:28:05.661+0000] {processor.py:914} INFO - Processing file /home/airflow/.local/lib/python3.11/site-packages/airflow/example_dags/example_branch_operator.py for tasks to queue
[2025-12-24T09:28:05.664+0000] {logging_mixin.py:190} INFO - [2025-12-24T09:28:05.664+0000] {dagbag.py:588} INFO - Filling up the DagBag from /home/airflow/.local/lib/python3.11/site-packages/airflow/example_dags/example_branch_operator.py
[2025-12-24T09:28:05.691+0000] {processor.py:925} INFO - DAG(s) 'example_branch_operator' retrieved from /home/airflow/.local/lib/python3.11/site-packages/airflow/example_dags/example_branch_operator.py
[2025-12-24T09:28:05.741+0000] {logging_mixin.py:190} INFO - [2025-12-24T09:28:05.740+0000] {dag.py:3239} INFO - Sync 1 DAGs
[2025-12-24T09:28:05.770+0000] {logging_mixin.py:190} INFO - [2025-12-24T09:28:05.769+0000] {dag.py:4180} INFO - Setting next_dagrun for example_branch_operator to 2025-12-23 00:00:00+00:00, run_after=2025-12-24 00:00:00+00:00
[2025-12-24T09:28:05.851+0000] {processor.py:208} INFO - Processing /home/airflow/.local/lib/python3.11/site-packages/airflow/example_dags/example_branch_operator.py took 0.202 seconds
[2025-12-24T09:28:19.831+0000] {processor.py:186} INFO - Started process (PID=1119) to work on /home/airflow/.local/lib/python3.11/site-packages/airflow/example_dags/example_branch_operator.py
[2025-12-24T09:28:19.835+0000] {processor.py:914} INFO - Processing file /home/airflow/.local/lib/python3.11/site-packages/airflow/example_dags/example_branch_operator.py for tasks to queue
[2025-12-24T09:28:19.838+0000] {logging_mixin.py:190} INFO - [2025-12-24T09:28:19.838+0000] {dagbag.py:588} INFO - Filling up the DagBag from /home/airflow/.local/lib/python3.11/site-packages/airflow/example_dags/example_branch_operator.py
[2025-12-24T09:28:19.883+0000] {processor.py:925} INFO - DAG(s) 'example_branch_operator' retrieved from /home/airflow/.local/lib/python3.11/site-packages/airflow/example_dags/example_branch_operator.py
[2025-12-24T09:28:19.933+0000] {logging_mixin.py:190} INFO - [2025-12-24T09:28:19.932+0000] {dag.py:3239} INFO - Sync 1 DAGs
[2025-12-24T09:28:19.966+0000] {logging_mixin.py:190} INFO - [2025-12-24T09:28:19.966+0000] {dag.py:4180} INFO - Setting next_dagrun for example_branch_operator to 2025-12-23 00:00:00+00:00, run_after=2025-12-24 00:00:00+00:00
[2025-12-24T09:28:20.029+0000] {processor.py:208} INFO - Processing /home/airflow/.local/lib/python3.11/site-packages/airflow/example_dags/example_branch_operator.py took 0.208 seconds
[2025-12-24T09:29:18.349+0000] {processor.py:186} INFO - Started process (PID=1179) to work on /home/airflow/.local/lib/python3.11/site-packages/airflow/example_dags/example_branch_operator.py
[2025-12-24T09:29:18.351+0000] {processor.py:914} INFO - Processing file /home/airflow/.local/lib/python3.11/site-packages/airflow/example_dags/example_branch_operator.py for tasks to queue
[2025-12-24T09:29:18.356+0000] {logging_mixin.py:190} INFO - [2025-12-24T09:29:18.355+0000] {dagbag.py:588} INFO - Filling up the DagBag from /home/airflow/.local/lib/python3.11/site-packages/airflow/example_dags/example_branch_operator.py
[2025-12-24T09:29:18.390+0000] {processor.py:925} INFO - DAG(s) 'example_branch_operator' retrieved from /home/airflow/.local/lib/python3.11/site-packages/airflow/example_dags/example_branch_operator.py
[2025-12-24T09:29:18.464+0000] {logging_mixin.py:190} INFO - [2025-12-24T09:29:18.463+0000] {dag.py:3239} INFO - Sync 1 DAGs
[2025-12-24T09:29:18.500+0000] {logging_mixin.py:190} INFO - [2025-12-24T09:29:18.500+0000] {dag.py:4180} INFO - Setting next_dagrun for example_branch_operator to 2025-12-23 00:00:00+00:00, run_after=2025-12-24 00:00:00+00:00
[2025-12-24T09:29:18.534+0000] {processor.py:208} INFO - Processing /home/airflow/.local/lib/python3.11/site-packages/airflow/example_dags/example_branch_operator.py took 0.198 seconds
