[2025-12-24T09:03:06.200+0000] {processor.py:186} INFO - Started process (PID=120) to work on /home/airflow/.local/lib/python3.11/site-packages/airflow/example_dags/example_sensors.py
[2025-12-24T09:03:06.202+0000] {processor.py:914} INFO - Processing file /home/airflow/.local/lib/python3.11/site-packages/airflow/example_dags/example_sensors.py for tasks to queue
[2025-12-24T09:03:06.206+0000] {logging_mixin.py:190} INFO - [2025-12-24T09:03:06.206+0000] {dagbag.py:588} INFO - Filling up the DagBag from /home/airflow/.local/lib/python3.11/site-packages/airflow/example_dags/example_sensors.py
[2025-12-24T09:03:06.226+0000] {processor.py:925} INFO - DAG(s) 'example_sensors' retrieved from /home/airflow/.local/lib/python3.11/site-packages/airflow/example_dags/example_sensors.py
[2025-12-24T09:03:06.454+0000] {logging_mixin.py:190} INFO - [2025-12-24T09:03:06.453+0000] {override.py:1911} INFO - Created Permission View: can edit on DAG:example_sensors
[2025-12-24T09:03:06.485+0000] {logging_mixin.py:190} INFO - [2025-12-24T09:03:06.484+0000] {override.py:1911} INFO - Created Permission View: can read on DAG:example_sensors
[2025-12-24T09:03:06.502+0000] {logging_mixin.py:190} INFO - [2025-12-24T09:03:06.501+0000] {override.py:1911} INFO - Created Permission View: can delete on DAG:example_sensors
[2025-12-24T09:03:06.529+0000] {logging_mixin.py:190} INFO - [2025-12-24T09:03:06.528+0000] {override.py:1911} INFO - Created Permission View: can read on DAG Run:example_sensors
[2025-12-24T09:03:06.542+0000] {logging_mixin.py:190} INFO - [2025-12-24T09:03:06.541+0000] {override.py:1911} INFO - Created Permission View: can create on DAG Run:example_sensors
[2025-12-24T09:03:06.554+0000] {logging_mixin.py:190} INFO - [2025-12-24T09:03:06.554+0000] {override.py:1911} INFO - Created Permission View: can delete on DAG Run:example_sensors
[2025-12-24T09:03:06.567+0000] {logging_mixin.py:190} INFO - [2025-12-24T09:03:06.567+0000] {override.py:1911} INFO - Created Permission View: menu access on DAG Run:example_sensors
[2025-12-24T09:03:06.568+0000] {logging_mixin.py:190} INFO - [2025-12-24T09:03:06.568+0000] {dag.py:3239} INFO - Sync 1 DAGs
[2025-12-24T09:03:06.586+0000] {logging_mixin.py:190} INFO - [2025-12-24T09:03:06.586+0000] {dag.py:3262} INFO - Creating ORM DAG for example_sensors
[2025-12-24T09:03:06.587+0000] {logging_mixin.py:190} INFO - [2025-12-24T09:03:06.587+0000] {dag.py:4180} INFO - Setting next_dagrun for example_sensors to None, run_after=None
[2025-12-24T09:03:06.626+0000] {processor.py:208} INFO - Processing /home/airflow/.local/lib/python3.11/site-packages/airflow/example_dags/example_sensors.py took 0.435 seconds
[2025-12-24T09:03:16.058+0000] {processor.py:186} INFO - Started process (PID=185) to work on /home/airflow/.local/lib/python3.11/site-packages/airflow/example_dags/example_sensors.py
[2025-12-24T09:03:16.061+0000] {processor.py:914} INFO - Processing file /home/airflow/.local/lib/python3.11/site-packages/airflow/example_dags/example_sensors.py for tasks to queue
[2025-12-24T09:03:16.067+0000] {logging_mixin.py:190} INFO - [2025-12-24T09:03:16.066+0000] {dagbag.py:588} INFO - Filling up the DagBag from /home/airflow/.local/lib/python3.11/site-packages/airflow/example_dags/example_sensors.py
[2025-12-24T09:03:16.090+0000] {processor.py:925} INFO - DAG(s) 'example_sensors' retrieved from /home/airflow/.local/lib/python3.11/site-packages/airflow/example_dags/example_sensors.py
[2025-12-24T09:03:16.116+0000] {logging_mixin.py:190} INFO - [2025-12-24T09:03:16.116+0000] {dag.py:3239} INFO - Sync 1 DAGs
[2025-12-24T09:03:16.146+0000] {logging_mixin.py:190} INFO - [2025-12-24T09:03:16.146+0000] {dag.py:4180} INFO - Setting next_dagrun for example_sensors to None, run_after=None
[2025-12-24T09:03:16.468+0000] {processor.py:208} INFO - Processing /home/airflow/.local/lib/python3.11/site-packages/airflow/example_dags/example_sensors.py took 0.423 seconds
[2025-12-24T09:04:18.963+0000] {processor.py:186} INFO - Started process (PID=240) to work on /home/airflow/.local/lib/python3.11/site-packages/airflow/example_dags/example_sensors.py
[2025-12-24T09:04:18.965+0000] {processor.py:914} INFO - Processing file /home/airflow/.local/lib/python3.11/site-packages/airflow/example_dags/example_sensors.py for tasks to queue
[2025-12-24T09:04:18.969+0000] {logging_mixin.py:190} INFO - [2025-12-24T09:04:18.968+0000] {dagbag.py:588} INFO - Filling up the DagBag from /home/airflow/.local/lib/python3.11/site-packages/airflow/example_dags/example_sensors.py
[2025-12-24T09:04:18.987+0000] {processor.py:925} INFO - DAG(s) 'example_sensors' retrieved from /home/airflow/.local/lib/python3.11/site-packages/airflow/example_dags/example_sensors.py
[2025-12-24T09:04:19.041+0000] {logging_mixin.py:190} INFO - [2025-12-24T09:04:19.041+0000] {dag.py:3239} INFO - Sync 1 DAGs
[2025-12-24T09:04:19.062+0000] {logging_mixin.py:190} INFO - [2025-12-24T09:04:19.061+0000] {dag.py:4180} INFO - Setting next_dagrun for example_sensors to None, run_after=None
[2025-12-24T09:04:19.086+0000] {processor.py:208} INFO - Processing /home/airflow/.local/lib/python3.11/site-packages/airflow/example_dags/example_sensors.py took 0.135 seconds
[2025-12-24T09:04:17.095+0000] {processor.py:186} INFO - Started process (PID=313) to work on /home/airflow/.local/lib/python3.11/site-packages/airflow/example_dags/example_sensors.py
[2025-12-24T09:04:17.112+0000] {processor.py:914} INFO - Processing file /home/airflow/.local/lib/python3.11/site-packages/airflow/example_dags/example_sensors.py for tasks to queue
[2025-12-24T09:04:17.118+0000] {logging_mixin.py:190} INFO - [2025-12-24T09:04:17.118+0000] {dagbag.py:588} INFO - Filling up the DagBag from /home/airflow/.local/lib/python3.11/site-packages/airflow/example_dags/example_sensors.py
[2025-12-24T09:04:17.144+0000] {processor.py:925} INFO - DAG(s) 'example_sensors' retrieved from /home/airflow/.local/lib/python3.11/site-packages/airflow/example_dags/example_sensors.py
[2025-12-24T09:04:17.202+0000] {logging_mixin.py:190} INFO - [2025-12-24T09:04:17.201+0000] {dag.py:3239} INFO - Sync 1 DAGs
[2025-12-24T09:04:17.229+0000] {logging_mixin.py:190} INFO - [2025-12-24T09:04:17.229+0000] {dag.py:4180} INFO - Setting next_dagrun for example_sensors to None, run_after=None
[2025-12-24T09:04:17.269+0000] {processor.py:208} INFO - Processing /home/airflow/.local/lib/python3.11/site-packages/airflow/example_dags/example_sensors.py took 0.190 seconds
[2025-12-24T09:04:46.893+0000] {processor.py:186} INFO - Started process (PID=377) to work on /home/airflow/.local/lib/python3.11/site-packages/airflow/example_dags/example_sensors.py
[2025-12-24T09:04:46.894+0000] {processor.py:914} INFO - Processing file /home/airflow/.local/lib/python3.11/site-packages/airflow/example_dags/example_sensors.py for tasks to queue
[2025-12-24T09:04:46.898+0000] {logging_mixin.py:190} INFO - [2025-12-24T09:04:46.898+0000] {dagbag.py:588} INFO - Filling up the DagBag from /home/airflow/.local/lib/python3.11/site-packages/airflow/example_dags/example_sensors.py
[2025-12-24T09:04:46.918+0000] {processor.py:925} INFO - DAG(s) 'example_sensors' retrieved from /home/airflow/.local/lib/python3.11/site-packages/airflow/example_dags/example_sensors.py
[2025-12-24T09:04:46.973+0000] {logging_mixin.py:190} INFO - [2025-12-24T09:04:46.973+0000] {dag.py:3239} INFO - Sync 1 DAGs
[2025-12-24T09:04:47.002+0000] {logging_mixin.py:190} INFO - [2025-12-24T09:04:47.002+0000] {dag.py:4180} INFO - Setting next_dagrun for example_sensors to None, run_after=None
[2025-12-24T09:04:47.048+0000] {processor.py:208} INFO - Processing /home/airflow/.local/lib/python3.11/site-packages/airflow/example_dags/example_sensors.py took 0.167 seconds
[2025-12-24T09:04:56.325+0000] {processor.py:186} INFO - Started process (PID=435) to work on /home/airflow/.local/lib/python3.11/site-packages/airflow/example_dags/example_sensors.py
[2025-12-24T09:04:56.327+0000] {processor.py:914} INFO - Processing file /home/airflow/.local/lib/python3.11/site-packages/airflow/example_dags/example_sensors.py for tasks to queue
[2025-12-24T09:04:56.332+0000] {logging_mixin.py:190} INFO - [2025-12-24T09:04:56.331+0000] {dagbag.py:588} INFO - Filling up the DagBag from /home/airflow/.local/lib/python3.11/site-packages/airflow/example_dags/example_sensors.py
[2025-12-24T09:04:56.366+0000] {processor.py:925} INFO - DAG(s) 'example_sensors' retrieved from /home/airflow/.local/lib/python3.11/site-packages/airflow/example_dags/example_sensors.py
[2025-12-24T09:04:56.406+0000] {logging_mixin.py:190} INFO - [2025-12-24T09:04:56.406+0000] {dag.py:3239} INFO - Sync 1 DAGs
[2025-12-24T09:04:56.423+0000] {logging_mixin.py:190} INFO - [2025-12-24T09:04:56.423+0000] {dag.py:4180} INFO - Setting next_dagrun for example_sensors to None, run_after=None
[2025-12-24T09:04:56.449+0000] {processor.py:208} INFO - Processing /home/airflow/.local/lib/python3.11/site-packages/airflow/example_dags/example_sensors.py took 0.134 seconds
[2025-12-24T09:05:30.321+0000] {processor.py:186} INFO - Started process (PID=534) to work on /home/airflow/.local/lib/python3.11/site-packages/airflow/example_dags/example_sensors.py
[2025-12-24T09:05:30.323+0000] {processor.py:914} INFO - Processing file /home/airflow/.local/lib/python3.11/site-packages/airflow/example_dags/example_sensors.py for tasks to queue
[2025-12-24T09:05:30.328+0000] {logging_mixin.py:190} INFO - [2025-12-24T09:05:30.328+0000] {dagbag.py:588} INFO - Filling up the DagBag from /home/airflow/.local/lib/python3.11/site-packages/airflow/example_dags/example_sensors.py
[2025-12-24T09:05:30.346+0000] {processor.py:925} INFO - DAG(s) 'example_sensors' retrieved from /home/airflow/.local/lib/python3.11/site-packages/airflow/example_dags/example_sensors.py
[2025-12-24T09:05:30.401+0000] {logging_mixin.py:190} INFO - [2025-12-24T09:05:30.400+0000] {dag.py:3239} INFO - Sync 1 DAGs
[2025-12-24T09:05:30.423+0000] {logging_mixin.py:190} INFO - [2025-12-24T09:05:30.423+0000] {dag.py:4180} INFO - Setting next_dagrun for example_sensors to None, run_after=None
[2025-12-24T09:05:30.450+0000] {processor.py:208} INFO - Processing /home/airflow/.local/lib/python3.11/site-packages/airflow/example_dags/example_sensors.py took 0.139 seconds
[2025-12-24T09:05:42.426+0000] {processor.py:186} INFO - Started process (PID=591) to work on /home/airflow/.local/lib/python3.11/site-packages/airflow/example_dags/example_sensors.py
[2025-12-24T09:05:42.428+0000] {processor.py:914} INFO - Processing file /home/airflow/.local/lib/python3.11/site-packages/airflow/example_dags/example_sensors.py for tasks to queue
[2025-12-24T09:05:42.432+0000] {logging_mixin.py:190} INFO - [2025-12-24T09:05:42.431+0000] {dagbag.py:588} INFO - Filling up the DagBag from /home/airflow/.local/lib/python3.11/site-packages/airflow/example_dags/example_sensors.py
[2025-12-24T09:05:42.449+0000] {processor.py:925} INFO - DAG(s) 'example_sensors' retrieved from /home/airflow/.local/lib/python3.11/site-packages/airflow/example_dags/example_sensors.py
[2025-12-24T09:05:42.494+0000] {logging_mixin.py:190} INFO - [2025-12-24T09:05:42.494+0000] {dag.py:3239} INFO - Sync 1 DAGs
[2025-12-24T09:05:42.519+0000] {logging_mixin.py:190} INFO - [2025-12-24T09:05:42.518+0000] {dag.py:4180} INFO - Setting next_dagrun for example_sensors to None, run_after=None
[2025-12-24T09:05:42.549+0000] {processor.py:208} INFO - Processing /home/airflow/.local/lib/python3.11/site-packages/airflow/example_dags/example_sensors.py took 0.133 seconds
[2025-12-24T09:06:44.291+0000] {processor.py:186} INFO - Started process (PID=653) to work on /home/airflow/.local/lib/python3.11/site-packages/airflow/example_dags/example_sensors.py
[2025-12-24T09:06:44.292+0000] {processor.py:914} INFO - Processing file /home/airflow/.local/lib/python3.11/site-packages/airflow/example_dags/example_sensors.py for tasks to queue
[2025-12-24T09:06:44.296+0000] {logging_mixin.py:190} INFO - [2025-12-24T09:06:44.295+0000] {dagbag.py:588} INFO - Filling up the DagBag from /home/airflow/.local/lib/python3.11/site-packages/airflow/example_dags/example_sensors.py
[2025-12-24T09:06:44.313+0000] {processor.py:925} INFO - DAG(s) 'example_sensors' retrieved from /home/airflow/.local/lib/python3.11/site-packages/airflow/example_dags/example_sensors.py
[2025-12-24T09:06:44.351+0000] {logging_mixin.py:190} INFO - [2025-12-24T09:06:44.351+0000] {dag.py:3239} INFO - Sync 1 DAGs
[2025-12-24T09:06:44.368+0000] {logging_mixin.py:190} INFO - [2025-12-24T09:06:44.368+0000] {dag.py:4180} INFO - Setting next_dagrun for example_sensors to None, run_after=None
[2025-12-24T09:06:44.393+0000] {processor.py:208} INFO - Processing /home/airflow/.local/lib/python3.11/site-packages/airflow/example_dags/example_sensors.py took 0.111 seconds
[2025-12-24T09:06:47.996+0000] {processor.py:186} INFO - Started process (PID=727) to work on /home/airflow/.local/lib/python3.11/site-packages/airflow/example_dags/example_sensors.py
[2025-12-24T09:06:47.998+0000] {processor.py:914} INFO - Processing file /home/airflow/.local/lib/python3.11/site-packages/airflow/example_dags/example_sensors.py for tasks to queue
[2025-12-24T09:06:48.002+0000] {logging_mixin.py:190} INFO - [2025-12-24T09:06:48.002+0000] {dagbag.py:588} INFO - Filling up the DagBag from /home/airflow/.local/lib/python3.11/site-packages/airflow/example_dags/example_sensors.py
[2025-12-24T09:06:48.026+0000] {processor.py:925} INFO - DAG(s) 'example_sensors' retrieved from /home/airflow/.local/lib/python3.11/site-packages/airflow/example_dags/example_sensors.py
[2025-12-24T09:06:48.073+0000] {logging_mixin.py:190} INFO - [2025-12-24T09:06:48.073+0000] {dag.py:3239} INFO - Sync 1 DAGs
[2025-12-24T09:06:48.095+0000] {logging_mixin.py:190} INFO - [2025-12-24T09:06:48.095+0000] {dag.py:4180} INFO - Setting next_dagrun for example_sensors to None, run_after=None
[2025-12-24T09:06:48.158+0000] {processor.py:208} INFO - Processing /home/airflow/.local/lib/python3.11/site-packages/airflow/example_dags/example_sensors.py took 0.173 seconds
[2025-12-24T09:07:17.243+0000] {processor.py:186} INFO - Started process (PID=791) to work on /home/airflow/.local/lib/python3.11/site-packages/airflow/example_dags/example_sensors.py
[2025-12-24T09:07:17.245+0000] {processor.py:914} INFO - Processing file /home/airflow/.local/lib/python3.11/site-packages/airflow/example_dags/example_sensors.py for tasks to queue
[2025-12-24T09:07:17.248+0000] {logging_mixin.py:190} INFO - [2025-12-24T09:07:17.248+0000] {dagbag.py:588} INFO - Filling up the DagBag from /home/airflow/.local/lib/python3.11/site-packages/airflow/example_dags/example_sensors.py
[2025-12-24T09:07:17.266+0000] {processor.py:925} INFO - DAG(s) 'example_sensors' retrieved from /home/airflow/.local/lib/python3.11/site-packages/airflow/example_dags/example_sensors.py
[2025-12-24T09:07:17.329+0000] {logging_mixin.py:190} INFO - [2025-12-24T09:07:17.329+0000] {dag.py:3239} INFO - Sync 1 DAGs
[2025-12-24T09:07:17.359+0000] {logging_mixin.py:190} INFO - [2025-12-24T09:07:17.359+0000] {dag.py:4180} INFO - Setting next_dagrun for example_sensors to None, run_after=None
[2025-12-24T09:07:17.403+0000] {processor.py:208} INFO - Processing /home/airflow/.local/lib/python3.11/site-packages/airflow/example_dags/example_sensors.py took 0.171 seconds
[2025-12-24T09:07:27.497+0000] {processor.py:186} INFO - Started process (PID=848) to work on /home/airflow/.local/lib/python3.11/site-packages/airflow/example_dags/example_sensors.py
[2025-12-24T09:07:27.499+0000] {processor.py:914} INFO - Processing file /home/airflow/.local/lib/python3.11/site-packages/airflow/example_dags/example_sensors.py for tasks to queue
[2025-12-24T09:07:27.505+0000] {logging_mixin.py:190} INFO - [2025-12-24T09:07:27.505+0000] {dagbag.py:588} INFO - Filling up the DagBag from /home/airflow/.local/lib/python3.11/site-packages/airflow/example_dags/example_sensors.py
[2025-12-24T09:07:27.532+0000] {processor.py:925} INFO - DAG(s) 'example_sensors' retrieved from /home/airflow/.local/lib/python3.11/site-packages/airflow/example_dags/example_sensors.py
[2025-12-24T09:07:27.574+0000] {logging_mixin.py:190} INFO - [2025-12-24T09:07:27.574+0000] {dag.py:3239} INFO - Sync 1 DAGs
[2025-12-24T09:07:27.603+0000] {logging_mixin.py:190} INFO - [2025-12-24T09:07:27.602+0000] {dag.py:4180} INFO - Setting next_dagrun for example_sensors to None, run_after=None
[2025-12-24T09:07:27.650+0000] {processor.py:208} INFO - Processing /home/airflow/.local/lib/python3.11/site-packages/airflow/example_dags/example_sensors.py took 0.168 seconds
[2025-12-24T09:07:36.665+0000] {processor.py:186} INFO - Started process (PID=904) to work on /home/airflow/.local/lib/python3.11/site-packages/airflow/example_dags/example_sensors.py
[2025-12-24T09:07:36.667+0000] {processor.py:914} INFO - Processing file /home/airflow/.local/lib/python3.11/site-packages/airflow/example_dags/example_sensors.py for tasks to queue
[2025-12-24T09:07:36.671+0000] {logging_mixin.py:190} INFO - [2025-12-24T09:07:36.671+0000] {dagbag.py:588} INFO - Filling up the DagBag from /home/airflow/.local/lib/python3.11/site-packages/airflow/example_dags/example_sensors.py
[2025-12-24T09:07:36.690+0000] {processor.py:925} INFO - DAG(s) 'example_sensors' retrieved from /home/airflow/.local/lib/python3.11/site-packages/airflow/example_dags/example_sensors.py
[2025-12-24T09:07:36.729+0000] {logging_mixin.py:190} INFO - [2025-12-24T09:07:36.729+0000] {dag.py:3239} INFO - Sync 1 DAGs
[2025-12-24T09:07:36.764+0000] {logging_mixin.py:190} INFO - [2025-12-24T09:07:36.764+0000] {dag.py:4180} INFO - Setting next_dagrun for example_sensors to None, run_after=None
[2025-12-24T09:07:36.789+0000] {processor.py:208} INFO - Processing /home/airflow/.local/lib/python3.11/site-packages/airflow/example_dags/example_sensors.py took 0.135 seconds
[2025-12-24T09:07:45.702+0000] {processor.py:186} INFO - Started process (PID=965) to work on /home/airflow/.local/lib/python3.11/site-packages/airflow/example_dags/example_sensors.py
[2025-12-24T09:07:45.704+0000] {processor.py:914} INFO - Processing file /home/airflow/.local/lib/python3.11/site-packages/airflow/example_dags/example_sensors.py for tasks to queue
[2025-12-24T09:07:45.708+0000] {logging_mixin.py:190} INFO - [2025-12-24T09:07:45.708+0000] {dagbag.py:588} INFO - Filling up the DagBag from /home/airflow/.local/lib/python3.11/site-packages/airflow/example_dags/example_sensors.py
[2025-12-24T09:07:45.726+0000] {processor.py:925} INFO - DAG(s) 'example_sensors' retrieved from /home/airflow/.local/lib/python3.11/site-packages/airflow/example_dags/example_sensors.py
[2025-12-24T09:07:45.766+0000] {logging_mixin.py:190} INFO - [2025-12-24T09:07:45.766+0000] {dag.py:3239} INFO - Sync 1 DAGs
[2025-12-24T09:07:45.786+0000] {logging_mixin.py:190} INFO - [2025-12-24T09:07:45.786+0000] {dag.py:4180} INFO - Setting next_dagrun for example_sensors to None, run_after=None
[2025-12-24T09:07:45.825+0000] {processor.py:208} INFO - Processing /home/airflow/.local/lib/python3.11/site-packages/airflow/example_dags/example_sensors.py took 0.133 seconds
[2025-12-24T09:08:44.037+0000] {processor.py:186} INFO - Started process (PID=1022) to work on /home/airflow/.local/lib/python3.11/site-packages/airflow/example_dags/example_sensors.py
[2025-12-24T09:08:44.039+0000] {processor.py:914} INFO - Processing file /home/airflow/.local/lib/python3.11/site-packages/airflow/example_dags/example_sensors.py for tasks to queue
[2025-12-24T09:08:44.043+0000] {logging_mixin.py:190} INFO - [2025-12-24T09:08:44.043+0000] {dagbag.py:588} INFO - Filling up the DagBag from /home/airflow/.local/lib/python3.11/site-packages/airflow/example_dags/example_sensors.py
[2025-12-24T09:08:44.064+0000] {processor.py:925} INFO - DAG(s) 'example_sensors' retrieved from /home/airflow/.local/lib/python3.11/site-packages/airflow/example_dags/example_sensors.py
[2025-12-24T09:08:44.116+0000] {logging_mixin.py:190} INFO - [2025-12-24T09:08:44.116+0000] {dag.py:3239} INFO - Sync 1 DAGs
[2025-12-24T09:08:44.133+0000] {logging_mixin.py:190} INFO - [2025-12-24T09:08:44.133+0000] {dag.py:4180} INFO - Setting next_dagrun for example_sensors to None, run_after=None
[2025-12-24T09:08:44.157+0000] {processor.py:208} INFO - Processing /home/airflow/.local/lib/python3.11/site-packages/airflow/example_dags/example_sensors.py took 0.131 seconds
[2025-12-24T09:09:23.247+0000] {processor.py:186} INFO - Started process (PID=1089) to work on /home/airflow/.local/lib/python3.11/site-packages/airflow/example_dags/example_sensors.py
[2025-12-24T09:09:23.249+0000] {processor.py:914} INFO - Processing file /home/airflow/.local/lib/python3.11/site-packages/airflow/example_dags/example_sensors.py for tasks to queue
[2025-12-24T09:09:23.252+0000] {logging_mixin.py:190} INFO - [2025-12-24T09:09:23.252+0000] {dagbag.py:588} INFO - Filling up the DagBag from /home/airflow/.local/lib/python3.11/site-packages/airflow/example_dags/example_sensors.py
[2025-12-24T09:09:23.267+0000] {processor.py:925} INFO - DAG(s) 'example_sensors' retrieved from /home/airflow/.local/lib/python3.11/site-packages/airflow/example_dags/example_sensors.py
[2025-12-24T09:09:23.301+0000] {logging_mixin.py:190} INFO - [2025-12-24T09:09:23.301+0000] {dag.py:3239} INFO - Sync 1 DAGs
[2025-12-24T09:09:23.317+0000] {logging_mixin.py:190} INFO - [2025-12-24T09:09:23.317+0000] {dag.py:4180} INFO - Setting next_dagrun for example_sensors to None, run_after=None
[2025-12-24T09:09:23.351+0000] {processor.py:208} INFO - Processing /home/airflow/.local/lib/python3.11/site-packages/airflow/example_dags/example_sensors.py took 0.112 seconds
[2025-12-24T09:09:22.385+0000] {processor.py:186} INFO - Started process (PID=1170) to work on /home/airflow/.local/lib/python3.11/site-packages/airflow/example_dags/example_sensors.py
[2025-12-24T09:09:22.387+0000] {processor.py:914} INFO - Processing file /home/airflow/.local/lib/python3.11/site-packages/airflow/example_dags/example_sensors.py for tasks to queue
[2025-12-24T09:09:22.391+0000] {logging_mixin.py:190} INFO - [2025-12-24T09:09:22.391+0000] {dagbag.py:588} INFO - Filling up the DagBag from /home/airflow/.local/lib/python3.11/site-packages/airflow/example_dags/example_sensors.py
[2025-12-24T09:09:22.411+0000] {processor.py:925} INFO - DAG(s) 'example_sensors' retrieved from /home/airflow/.local/lib/python3.11/site-packages/airflow/example_dags/example_sensors.py
[2025-12-24T09:09:22.451+0000] {logging_mixin.py:190} INFO - [2025-12-24T09:09:22.451+0000] {dag.py:3239} INFO - Sync 1 DAGs
[2025-12-24T09:09:22.474+0000] {logging_mixin.py:190} INFO - [2025-12-24T09:09:22.474+0000] {dag.py:4180} INFO - Setting next_dagrun for example_sensors to None, run_after=None
[2025-12-24T09:09:22.519+0000] {processor.py:208} INFO - Processing /home/airflow/.local/lib/python3.11/site-packages/airflow/example_dags/example_sensors.py took 0.147 seconds
[2025-12-24T09:10:28.605+0000] {processor.py:186} INFO - Started process (PID=1235) to work on /home/airflow/.local/lib/python3.11/site-packages/airflow/example_dags/example_sensors.py
[2025-12-24T09:10:28.607+0000] {processor.py:914} INFO - Processing file /home/airflow/.local/lib/python3.11/site-packages/airflow/example_dags/example_sensors.py for tasks to queue
[2025-12-24T09:10:28.611+0000] {logging_mixin.py:190} INFO - [2025-12-24T09:10:28.610+0000] {dagbag.py:588} INFO - Filling up the DagBag from /home/airflow/.local/lib/python3.11/site-packages/airflow/example_dags/example_sensors.py
[2025-12-24T09:10:28.627+0000] {processor.py:925} INFO - DAG(s) 'example_sensors' retrieved from /home/airflow/.local/lib/python3.11/site-packages/airflow/example_dags/example_sensors.py
[2025-12-24T09:10:28.665+0000] {logging_mixin.py:190} INFO - [2025-12-24T09:10:28.665+0000] {dag.py:3239} INFO - Sync 1 DAGs
[2025-12-24T09:10:28.681+0000] {logging_mixin.py:190} INFO - [2025-12-24T09:10:28.681+0000] {dag.py:4180} INFO - Setting next_dagrun for example_sensors to None, run_after=None
[2025-12-24T09:10:28.706+0000] {processor.py:208} INFO - Processing /home/airflow/.local/lib/python3.11/site-packages/airflow/example_dags/example_sensors.py took 0.111 seconds
[2025-12-24T09:10:51.546+0000] {processor.py:186} INFO - Started process (PID=1349) to work on /home/airflow/.local/lib/python3.11/site-packages/airflow/example_dags/example_sensors.py
[2025-12-24T09:10:51.553+0000] {processor.py:914} INFO - Processing file /home/airflow/.local/lib/python3.11/site-packages/airflow/example_dags/example_sensors.py for tasks to queue
[2025-12-24T09:10:51.559+0000] {logging_mixin.py:190} INFO - [2025-12-24T09:10:51.558+0000] {dagbag.py:588} INFO - Filling up the DagBag from /home/airflow/.local/lib/python3.11/site-packages/airflow/example_dags/example_sensors.py
[2025-12-24T09:10:51.577+0000] {processor.py:925} INFO - DAG(s) 'example_sensors' retrieved from /home/airflow/.local/lib/python3.11/site-packages/airflow/example_dags/example_sensors.py
[2025-12-24T09:10:51.615+0000] {logging_mixin.py:190} INFO - [2025-12-24T09:10:51.614+0000] {dag.py:3239} INFO - Sync 1 DAGs
[2025-12-24T09:10:51.631+0000] {logging_mixin.py:190} INFO - [2025-12-24T09:10:51.631+0000] {dag.py:4180} INFO - Setting next_dagrun for example_sensors to None, run_after=None
[2025-12-24T09:10:51.655+0000] {processor.py:208} INFO - Processing /home/airflow/.local/lib/python3.11/site-packages/airflow/example_dags/example_sensors.py took 0.120 seconds
[2025-12-24T09:11:02.009+0000] {processor.py:186} INFO - Started process (PID=1406) to work on /home/airflow/.local/lib/python3.11/site-packages/airflow/example_dags/example_sensors.py
[2025-12-24T09:11:02.011+0000] {processor.py:914} INFO - Processing file /home/airflow/.local/lib/python3.11/site-packages/airflow/example_dags/example_sensors.py for tasks to queue
[2025-12-24T09:11:02.014+0000] {logging_mixin.py:190} INFO - [2025-12-24T09:11:02.014+0000] {dagbag.py:588} INFO - Filling up the DagBag from /home/airflow/.local/lib/python3.11/site-packages/airflow/example_dags/example_sensors.py
[2025-12-24T09:11:02.033+0000] {processor.py:925} INFO - DAG(s) 'example_sensors' retrieved from /home/airflow/.local/lib/python3.11/site-packages/airflow/example_dags/example_sensors.py
[2025-12-24T09:11:02.076+0000] {logging_mixin.py:190} INFO - [2025-12-24T09:11:02.076+0000] {dag.py:3239} INFO - Sync 1 DAGs
[2025-12-24T09:11:02.113+0000] {logging_mixin.py:190} INFO - [2025-12-24T09:11:02.113+0000] {dag.py:4180} INFO - Setting next_dagrun for example_sensors to None, run_after=None
[2025-12-24T09:11:02.144+0000] {processor.py:208} INFO - Processing /home/airflow/.local/lib/python3.11/site-packages/airflow/example_dags/example_sensors.py took 0.145 seconds
[2025-12-24T09:11:33.276+0000] {processor.py:186} INFO - Started process (PID=1468) to work on /home/airflow/.local/lib/python3.11/site-packages/airflow/example_dags/example_sensors.py
[2025-12-24T09:11:33.278+0000] {processor.py:914} INFO - Processing file /home/airflow/.local/lib/python3.11/site-packages/airflow/example_dags/example_sensors.py for tasks to queue
[2025-12-24T09:11:33.282+0000] {logging_mixin.py:190} INFO - [2025-12-24T09:11:33.281+0000] {dagbag.py:588} INFO - Filling up the DagBag from /home/airflow/.local/lib/python3.11/site-packages/airflow/example_dags/example_sensors.py
[2025-12-24T09:11:33.298+0000] {processor.py:925} INFO - DAG(s) 'example_sensors' retrieved from /home/airflow/.local/lib/python3.11/site-packages/airflow/example_dags/example_sensors.py
[2025-12-24T09:11:33.337+0000] {logging_mixin.py:190} INFO - [2025-12-24T09:11:33.336+0000] {dag.py:3239} INFO - Sync 1 DAGs
[2025-12-24T09:11:33.355+0000] {logging_mixin.py:190} INFO - [2025-12-24T09:11:33.355+0000] {dag.py:4180} INFO - Setting next_dagrun for example_sensors to None, run_after=None
[2025-12-24T09:11:33.387+0000] {processor.py:208} INFO - Processing /home/airflow/.local/lib/python3.11/site-packages/airflow/example_dags/example_sensors.py took 0.120 seconds
[2025-12-24T09:12:34.552+0000] {processor.py:186} INFO - Started process (PID=1532) to work on /home/airflow/.local/lib/python3.11/site-packages/airflow/example_dags/example_sensors.py
[2025-12-24T09:12:34.554+0000] {processor.py:914} INFO - Processing file /home/airflow/.local/lib/python3.11/site-packages/airflow/example_dags/example_sensors.py for tasks to queue
[2025-12-24T09:12:34.558+0000] {logging_mixin.py:190} INFO - [2025-12-24T09:12:34.557+0000] {dagbag.py:588} INFO - Filling up the DagBag from /home/airflow/.local/lib/python3.11/site-packages/airflow/example_dags/example_sensors.py
[2025-12-24T09:12:34.575+0000] {processor.py:925} INFO - DAG(s) 'example_sensors' retrieved from /home/airflow/.local/lib/python3.11/site-packages/airflow/example_dags/example_sensors.py
[2025-12-24T09:12:34.615+0000] {logging_mixin.py:190} INFO - [2025-12-24T09:12:34.615+0000] {dag.py:3239} INFO - Sync 1 DAGs
[2025-12-24T09:12:34.633+0000] {logging_mixin.py:190} INFO - [2025-12-24T09:12:34.633+0000] {dag.py:4180} INFO - Setting next_dagrun for example_sensors to None, run_after=None
[2025-12-24T09:12:34.661+0000] {processor.py:208} INFO - Processing /home/airflow/.local/lib/python3.11/site-packages/airflow/example_dags/example_sensors.py took 0.119 seconds
[2025-12-24T09:13:28.708+0000] {processor.py:186} INFO - Started process (PID=1598) to work on /home/airflow/.local/lib/python3.11/site-packages/airflow/example_dags/example_sensors.py
[2025-12-24T09:13:28.710+0000] {processor.py:914} INFO - Processing file /home/airflow/.local/lib/python3.11/site-packages/airflow/example_dags/example_sensors.py for tasks to queue
[2025-12-24T09:13:28.714+0000] {logging_mixin.py:190} INFO - [2025-12-24T09:13:28.713+0000] {dagbag.py:588} INFO - Filling up the DagBag from /home/airflow/.local/lib/python3.11/site-packages/airflow/example_dags/example_sensors.py
[2025-12-24T09:13:28.729+0000] {processor.py:925} INFO - DAG(s) 'example_sensors' retrieved from /home/airflow/.local/lib/python3.11/site-packages/airflow/example_dags/example_sensors.py
[2025-12-24T09:13:28.764+0000] {logging_mixin.py:190} INFO - [2025-12-24T09:13:28.764+0000] {dag.py:3239} INFO - Sync 1 DAGs
[2025-12-24T09:13:28.782+0000] {logging_mixin.py:190} INFO - [2025-12-24T09:13:28.782+0000] {dag.py:4180} INFO - Setting next_dagrun for example_sensors to None, run_after=None
[2025-12-24T09:13:28.806+0000] {processor.py:208} INFO - Processing /home/airflow/.local/lib/python3.11/site-packages/airflow/example_dags/example_sensors.py took 0.108 seconds
[2025-12-24T09:14:29.695+0000] {processor.py:186} INFO - Started process (PID=1721) to work on /home/airflow/.local/lib/python3.11/site-packages/airflow/example_dags/example_sensors.py
[2025-12-24T09:14:29.697+0000] {processor.py:914} INFO - Processing file /home/airflow/.local/lib/python3.11/site-packages/airflow/example_dags/example_sensors.py for tasks to queue
[2025-12-24T09:14:29.702+0000] {logging_mixin.py:190} INFO - [2025-12-24T09:14:29.701+0000] {dagbag.py:588} INFO - Filling up the DagBag from /home/airflow/.local/lib/python3.11/site-packages/airflow/example_dags/example_sensors.py
[2025-12-24T09:14:29.719+0000] {processor.py:925} INFO - DAG(s) 'example_sensors' retrieved from /home/airflow/.local/lib/python3.11/site-packages/airflow/example_dags/example_sensors.py
[2025-12-24T09:14:29.767+0000] {logging_mixin.py:190} INFO - [2025-12-24T09:14:29.767+0000] {dag.py:3239} INFO - Sync 1 DAGs
[2025-12-24T09:14:29.786+0000] {logging_mixin.py:190} INFO - [2025-12-24T09:14:29.785+0000] {dag.py:4180} INFO - Setting next_dagrun for example_sensors to None, run_after=None
[2025-12-24T09:14:29.813+0000] {processor.py:208} INFO - Processing /home/airflow/.local/lib/python3.11/site-packages/airflow/example_dags/example_sensors.py took 0.128 seconds
[2025-12-24T09:14:41.676+0000] {processor.py:186} INFO - Started process (PID=1787) to work on /home/airflow/.local/lib/python3.11/site-packages/airflow/example_dags/example_sensors.py
[2025-12-24T09:14:41.678+0000] {processor.py:914} INFO - Processing file /home/airflow/.local/lib/python3.11/site-packages/airflow/example_dags/example_sensors.py for tasks to queue
[2025-12-24T09:14:41.682+0000] {logging_mixin.py:190} INFO - [2025-12-24T09:14:41.681+0000] {dagbag.py:588} INFO - Filling up the DagBag from /home/airflow/.local/lib/python3.11/site-packages/airflow/example_dags/example_sensors.py
[2025-12-24T09:14:41.699+0000] {processor.py:925} INFO - DAG(s) 'example_sensors' retrieved from /home/airflow/.local/lib/python3.11/site-packages/airflow/example_dags/example_sensors.py
[2025-12-24T09:14:41.733+0000] {logging_mixin.py:190} INFO - [2025-12-24T09:14:41.733+0000] {dag.py:3239} INFO - Sync 1 DAGs
[2025-12-24T09:14:41.749+0000] {logging_mixin.py:190} INFO - [2025-12-24T09:14:41.749+0000] {dag.py:4180} INFO - Setting next_dagrun for example_sensors to None, run_after=None
[2025-12-24T09:14:41.783+0000] {processor.py:208} INFO - Processing /home/airflow/.local/lib/python3.11/site-packages/airflow/example_dags/example_sensors.py took 0.117 seconds
[2025-12-24T09:15:13.357+0000] {processor.py:186} INFO - Started process (PID=1850) to work on /home/airflow/.local/lib/python3.11/site-packages/airflow/example_dags/example_sensors.py
[2025-12-24T09:15:13.358+0000] {processor.py:914} INFO - Processing file /home/airflow/.local/lib/python3.11/site-packages/airflow/example_dags/example_sensors.py for tasks to queue
[2025-12-24T09:15:13.362+0000] {logging_mixin.py:190} INFO - [2025-12-24T09:15:13.362+0000] {dagbag.py:588} INFO - Filling up the DagBag from /home/airflow/.local/lib/python3.11/site-packages/airflow/example_dags/example_sensors.py
[2025-12-24T09:15:13.381+0000] {processor.py:925} INFO - DAG(s) 'example_sensors' retrieved from /home/airflow/.local/lib/python3.11/site-packages/airflow/example_dags/example_sensors.py
[2025-12-24T09:15:13.425+0000] {logging_mixin.py:190} INFO - [2025-12-24T09:15:13.425+0000] {dag.py:3239} INFO - Sync 1 DAGs
[2025-12-24T09:15:13.446+0000] {logging_mixin.py:190} INFO - [2025-12-24T09:15:13.446+0000] {dag.py:4180} INFO - Setting next_dagrun for example_sensors to None, run_after=None
[2025-12-24T09:15:13.485+0000] {processor.py:208} INFO - Processing /home/airflow/.local/lib/python3.11/site-packages/airflow/example_dags/example_sensors.py took 0.140 seconds
[2025-12-24T09:15:44.364+0000] {processor.py:186} INFO - Started process (PID=1911) to work on /home/airflow/.local/lib/python3.11/site-packages/airflow/example_dags/example_sensors.py
[2025-12-24T09:15:44.366+0000] {processor.py:914} INFO - Processing file /home/airflow/.local/lib/python3.11/site-packages/airflow/example_dags/example_sensors.py for tasks to queue
[2025-12-24T09:15:44.370+0000] {logging_mixin.py:190} INFO - [2025-12-24T09:15:44.369+0000] {dagbag.py:588} INFO - Filling up the DagBag from /home/airflow/.local/lib/python3.11/site-packages/airflow/example_dags/example_sensors.py
[2025-12-24T09:15:44.388+0000] {processor.py:925} INFO - DAG(s) 'example_sensors' retrieved from /home/airflow/.local/lib/python3.11/site-packages/airflow/example_dags/example_sensors.py
[2025-12-24T09:15:44.429+0000] {logging_mixin.py:190} INFO - [2025-12-24T09:15:44.429+0000] {dag.py:3239} INFO - Sync 1 DAGs
[2025-12-24T09:15:44.448+0000] {logging_mixin.py:190} INFO - [2025-12-24T09:15:44.448+0000] {dag.py:4180} INFO - Setting next_dagrun for example_sensors to None, run_after=None
[2025-12-24T09:15:44.476+0000] {processor.py:208} INFO - Processing /home/airflow/.local/lib/python3.11/site-packages/airflow/example_dags/example_sensors.py took 0.122 seconds
[2025-12-24T09:16:43.817+0000] {processor.py:186} INFO - Started process (PID=1975) to work on /home/airflow/.local/lib/python3.11/site-packages/airflow/example_dags/example_sensors.py
[2025-12-24T09:16:43.819+0000] {processor.py:914} INFO - Processing file /home/airflow/.local/lib/python3.11/site-packages/airflow/example_dags/example_sensors.py for tasks to queue
[2025-12-24T09:16:43.827+0000] {logging_mixin.py:190} INFO - [2025-12-24T09:16:43.827+0000] {dagbag.py:588} INFO - Filling up the DagBag from /home/airflow/.local/lib/python3.11/site-packages/airflow/example_dags/example_sensors.py
[2025-12-24T09:16:43.860+0000] {processor.py:925} INFO - DAG(s) 'example_sensors' retrieved from /home/airflow/.local/lib/python3.11/site-packages/airflow/example_dags/example_sensors.py
[2025-12-24T09:16:43.933+0000] {logging_mixin.py:190} INFO - [2025-12-24T09:16:43.932+0000] {dag.py:3239} INFO - Sync 1 DAGs
[2025-12-24T09:16:43.970+0000] {logging_mixin.py:190} INFO - [2025-12-24T09:16:43.969+0000] {dag.py:4180} INFO - Setting next_dagrun for example_sensors to None, run_after=None
[2025-12-24T09:16:44.029+0000] {processor.py:208} INFO - Processing /home/airflow/.local/lib/python3.11/site-packages/airflow/example_dags/example_sensors.py took 0.225 seconds
[2025-12-24T09:23:44.577+0000] {processor.py:186} INFO - Started process (PID=126) to work on /home/airflow/.local/lib/python3.11/site-packages/airflow/example_dags/example_sensors.py
[2025-12-24T09:23:44.579+0000] {processor.py:914} INFO - Processing file /home/airflow/.local/lib/python3.11/site-packages/airflow/example_dags/example_sensors.py for tasks to queue
[2025-12-24T09:23:44.588+0000] {logging_mixin.py:190} INFO - [2025-12-24T09:23:44.586+0000] {dagbag.py:588} INFO - Filling up the DagBag from /home/airflow/.local/lib/python3.11/site-packages/airflow/example_dags/example_sensors.py
[2025-12-24T09:23:44.641+0000] {processor.py:925} INFO - DAG(s) 'example_sensors' retrieved from /home/airflow/.local/lib/python3.11/site-packages/airflow/example_dags/example_sensors.py
[2025-12-24T09:23:44.916+0000] {logging_mixin.py:190} INFO - [2025-12-24T09:23:44.915+0000] {override.py:1911} INFO - Created Permission View: can delete on DAG:example_sensors
[2025-12-24T09:23:44.943+0000] {logging_mixin.py:190} INFO - [2025-12-24T09:23:44.942+0000] {override.py:1911} INFO - Created Permission View: can read on DAG:example_sensors
[2025-12-24T09:23:44.963+0000] {logging_mixin.py:190} INFO - [2025-12-24T09:23:44.963+0000] {override.py:1911} INFO - Created Permission View: can edit on DAG:example_sensors
[2025-12-24T09:23:44.985+0000] {logging_mixin.py:190} INFO - [2025-12-24T09:23:44.985+0000] {override.py:1911} INFO - Created Permission View: menu access on DAG Run:example_sensors
[2025-12-24T09:23:45.002+0000] {logging_mixin.py:190} INFO - [2025-12-24T09:23:45.001+0000] {override.py:1911} INFO - Created Permission View: can create on DAG Run:example_sensors
[2025-12-24T09:23:45.022+0000] {logging_mixin.py:190} INFO - [2025-12-24T09:23:45.022+0000] {override.py:1911} INFO - Created Permission View: can delete on DAG Run:example_sensors
[2025-12-24T09:23:45.038+0000] {logging_mixin.py:190} INFO - [2025-12-24T09:23:45.037+0000] {override.py:1911} INFO - Created Permission View: can read on DAG Run:example_sensors
[2025-12-24T09:23:45.038+0000] {logging_mixin.py:190} INFO - [2025-12-24T09:23:45.038+0000] {dag.py:3239} INFO - Sync 1 DAGs
[2025-12-24T09:23:45.060+0000] {logging_mixin.py:190} INFO - [2025-12-24T09:23:45.060+0000] {dag.py:3262} INFO - Creating ORM DAG for example_sensors
[2025-12-24T09:23:45.061+0000] {logging_mixin.py:190} INFO - [2025-12-24T09:23:45.061+0000] {dag.py:4180} INFO - Setting next_dagrun for example_sensors to None, run_after=None
[2025-12-24T09:23:45.095+0000] {processor.py:208} INFO - Processing /home/airflow/.local/lib/python3.11/site-packages/airflow/example_dags/example_sensors.py took 0.534 seconds
[2025-12-24T09:23:59.741+0000] {processor.py:186} INFO - Started process (PID=160) to work on /home/airflow/.local/lib/python3.11/site-packages/airflow/example_dags/example_sensors.py
[2025-12-24T09:23:59.743+0000] {processor.py:914} INFO - Processing file /home/airflow/.local/lib/python3.11/site-packages/airflow/example_dags/example_sensors.py for tasks to queue
[2025-12-24T09:23:59.749+0000] {logging_mixin.py:190} INFO - [2025-12-24T09:23:59.749+0000] {dagbag.py:588} INFO - Filling up the DagBag from /home/airflow/.local/lib/python3.11/site-packages/airflow/example_dags/example_sensors.py
[2025-12-24T09:23:59.789+0000] {processor.py:925} INFO - DAG(s) 'example_sensors' retrieved from /home/airflow/.local/lib/python3.11/site-packages/airflow/example_dags/example_sensors.py
[2025-12-24T09:23:59.811+0000] {logging_mixin.py:190} INFO - [2025-12-24T09:23:59.811+0000] {dag.py:3239} INFO - Sync 1 DAGs
[2025-12-24T09:23:59.834+0000] {logging_mixin.py:190} INFO - [2025-12-24T09:23:59.834+0000] {dag.py:4180} INFO - Setting next_dagrun for example_sensors to None, run_after=None
[2025-12-24T09:23:59.871+0000] {processor.py:208} INFO - Processing /home/airflow/.local/lib/python3.11/site-packages/airflow/example_dags/example_sensors.py took 0.142 seconds
[2025-12-24T09:24:06.145+0000] {processor.py:186} INFO - Started process (PID=200) to work on /home/airflow/.local/lib/python3.11/site-packages/airflow/example_dags/example_sensors.py
[2025-12-24T09:24:06.147+0000] {processor.py:914} INFO - Processing file /home/airflow/.local/lib/python3.11/site-packages/airflow/example_dags/example_sensors.py for tasks to queue
[2025-12-24T09:24:06.152+0000] {logging_mixin.py:190} INFO - [2025-12-24T09:24:06.151+0000] {dagbag.py:588} INFO - Filling up the DagBag from /home/airflow/.local/lib/python3.11/site-packages/airflow/example_dags/example_sensors.py
[2025-12-24T09:24:06.177+0000] {processor.py:925} INFO - DAG(s) 'example_sensors' retrieved from /home/airflow/.local/lib/python3.11/site-packages/airflow/example_dags/example_sensors.py
[2025-12-24T09:24:06.210+0000] {logging_mixin.py:190} INFO - [2025-12-24T09:24:06.209+0000] {dag.py:3239} INFO - Sync 1 DAGs
[2025-12-24T09:24:06.232+0000] {logging_mixin.py:190} INFO - [2025-12-24T09:24:06.232+0000] {dag.py:4180} INFO - Setting next_dagrun for example_sensors to None, run_after=None
[2025-12-24T09:24:06.266+0000] {processor.py:208} INFO - Processing /home/airflow/.local/lib/python3.11/site-packages/airflow/example_dags/example_sensors.py took 0.134 seconds
[2025-12-24T09:24:17.804+0000] {processor.py:186} INFO - Started process (PID=257) to work on /home/airflow/.local/lib/python3.11/site-packages/airflow/example_dags/example_sensors.py
[2025-12-24T09:24:17.806+0000] {processor.py:914} INFO - Processing file /home/airflow/.local/lib/python3.11/site-packages/airflow/example_dags/example_sensors.py for tasks to queue
[2025-12-24T09:24:17.810+0000] {logging_mixin.py:190} INFO - [2025-12-24T09:24:17.810+0000] {dagbag.py:588} INFO - Filling up the DagBag from /home/airflow/.local/lib/python3.11/site-packages/airflow/example_dags/example_sensors.py
[2025-12-24T09:24:17.831+0000] {processor.py:925} INFO - DAG(s) 'example_sensors' retrieved from /home/airflow/.local/lib/python3.11/site-packages/airflow/example_dags/example_sensors.py
[2025-12-24T09:24:17.881+0000] {logging_mixin.py:190} INFO - [2025-12-24T09:24:17.881+0000] {dag.py:3239} INFO - Sync 1 DAGs
[2025-12-24T09:24:17.903+0000] {logging_mixin.py:190} INFO - [2025-12-24T09:24:17.902+0000] {dag.py:4180} INFO - Setting next_dagrun for example_sensors to None, run_after=None
[2025-12-24T09:24:17.944+0000] {processor.py:208} INFO - Processing /home/airflow/.local/lib/python3.11/site-packages/airflow/example_dags/example_sensors.py took 0.151 seconds
[2025-12-24T09:24:46.298+0000] {processor.py:186} INFO - Started process (PID=315) to work on /home/airflow/.local/lib/python3.11/site-packages/airflow/example_dags/example_sensors.py
[2025-12-24T09:24:46.300+0000] {processor.py:914} INFO - Processing file /home/airflow/.local/lib/python3.11/site-packages/airflow/example_dags/example_sensors.py for tasks to queue
[2025-12-24T09:24:46.304+0000] {logging_mixin.py:190} INFO - [2025-12-24T09:24:46.303+0000] {dagbag.py:588} INFO - Filling up the DagBag from /home/airflow/.local/lib/python3.11/site-packages/airflow/example_dags/example_sensors.py
[2025-12-24T09:24:46.321+0000] {processor.py:925} INFO - DAG(s) 'example_sensors' retrieved from /home/airflow/.local/lib/python3.11/site-packages/airflow/example_dags/example_sensors.py
[2025-12-24T09:24:46.365+0000] {logging_mixin.py:190} INFO - [2025-12-24T09:24:46.365+0000] {dag.py:3239} INFO - Sync 1 DAGs
[2025-12-24T09:24:46.383+0000] {logging_mixin.py:190} INFO - [2025-12-24T09:24:46.382+0000] {dag.py:4180} INFO - Setting next_dagrun for example_sensors to None, run_after=None
[2025-12-24T09:24:46.433+0000] {processor.py:208} INFO - Processing /home/airflow/.local/lib/python3.11/site-packages/airflow/example_dags/example_sensors.py took 0.145 seconds
[2025-12-24T09:24:58.348+0000] {processor.py:186} INFO - Started process (PID=373) to work on /home/airflow/.local/lib/python3.11/site-packages/airflow/example_dags/example_sensors.py
[2025-12-24T09:24:58.350+0000] {processor.py:914} INFO - Processing file /home/airflow/.local/lib/python3.11/site-packages/airflow/example_dags/example_sensors.py for tasks to queue
[2025-12-24T09:24:58.355+0000] {logging_mixin.py:190} INFO - [2025-12-24T09:24:58.354+0000] {dagbag.py:588} INFO - Filling up the DagBag from /home/airflow/.local/lib/python3.11/site-packages/airflow/example_dags/example_sensors.py
[2025-12-24T09:24:58.383+0000] {processor.py:925} INFO - DAG(s) 'example_sensors' retrieved from /home/airflow/.local/lib/python3.11/site-packages/airflow/example_dags/example_sensors.py
[2025-12-24T09:24:58.439+0000] {logging_mixin.py:190} INFO - [2025-12-24T09:24:58.438+0000] {dag.py:3239} INFO - Sync 1 DAGs
[2025-12-24T09:24:58.462+0000] {logging_mixin.py:190} INFO - [2025-12-24T09:24:58.462+0000] {dag.py:4180} INFO - Setting next_dagrun for example_sensors to None, run_after=None
[2025-12-24T09:24:58.496+0000] {processor.py:208} INFO - Processing /home/airflow/.local/lib/python3.11/site-packages/airflow/example_dags/example_sensors.py took 0.160 seconds
[2025-12-24T09:25:16.243+0000] {processor.py:186} INFO - Started process (PID=433) to work on /home/airflow/.local/lib/python3.11/site-packages/airflow/example_dags/example_sensors.py
[2025-12-24T09:25:16.245+0000] {processor.py:914} INFO - Processing file /home/airflow/.local/lib/python3.11/site-packages/airflow/example_dags/example_sensors.py for tasks to queue
[2025-12-24T09:25:16.249+0000] {logging_mixin.py:190} INFO - [2025-12-24T09:25:16.249+0000] {dagbag.py:588} INFO - Filling up the DagBag from /home/airflow/.local/lib/python3.11/site-packages/airflow/example_dags/example_sensors.py
[2025-12-24T09:25:16.268+0000] {processor.py:925} INFO - DAG(s) 'example_sensors' retrieved from /home/airflow/.local/lib/python3.11/site-packages/airflow/example_dags/example_sensors.py
[2025-12-24T09:25:16.309+0000] {logging_mixin.py:190} INFO - [2025-12-24T09:25:16.308+0000] {dag.py:3239} INFO - Sync 1 DAGs
[2025-12-24T09:25:16.327+0000] {logging_mixin.py:190} INFO - [2025-12-24T09:25:16.326+0000] {dag.py:4180} INFO - Setting next_dagrun for example_sensors to None, run_after=None
[2025-12-24T09:25:16.353+0000] {processor.py:208} INFO - Processing /home/airflow/.local/lib/python3.11/site-packages/airflow/example_dags/example_sensors.py took 0.127 seconds
[2025-12-24T09:25:22.660+0000] {processor.py:186} INFO - Started process (PID=487) to work on /home/airflow/.local/lib/python3.11/site-packages/airflow/example_dags/example_sensors.py
[2025-12-24T09:25:22.662+0000] {processor.py:914} INFO - Processing file /home/airflow/.local/lib/python3.11/site-packages/airflow/example_dags/example_sensors.py for tasks to queue
[2025-12-24T09:25:22.665+0000] {logging_mixin.py:190} INFO - [2025-12-24T09:25:22.665+0000] {dagbag.py:588} INFO - Filling up the DagBag from /home/airflow/.local/lib/python3.11/site-packages/airflow/example_dags/example_sensors.py
[2025-12-24T09:25:22.682+0000] {processor.py:925} INFO - DAG(s) 'example_sensors' retrieved from /home/airflow/.local/lib/python3.11/site-packages/airflow/example_dags/example_sensors.py
[2025-12-24T09:26:05.043+0000] {logging_mixin.py:190} INFO - [2025-12-24T09:26:05.042+0000] {dag.py:3239} INFO - Sync 1 DAGs
[2025-12-24T09:26:05.059+0000] {logging_mixin.py:190} INFO - [2025-12-24T09:26:05.059+0000] {dag.py:4180} INFO - Setting next_dagrun for example_sensors to None, run_after=None
[2025-12-24T09:26:05.094+0000] {processor.py:208} INFO - Processing /home/airflow/.local/lib/python3.11/site-packages/airflow/example_dags/example_sensors.py took 0.122 seconds
[2025-12-24T09:25:59.412+0000] {processor.py:186} INFO - Started process (PID=578) to work on /home/airflow/.local/lib/python3.11/site-packages/airflow/example_dags/example_sensors.py
[2025-12-24T09:25:59.414+0000] {processor.py:914} INFO - Processing file /home/airflow/.local/lib/python3.11/site-packages/airflow/example_dags/example_sensors.py for tasks to queue
[2025-12-24T09:25:59.419+0000] {logging_mixin.py:190} INFO - [2025-12-24T09:25:59.419+0000] {dagbag.py:588} INFO - Filling up the DagBag from /home/airflow/.local/lib/python3.11/site-packages/airflow/example_dags/example_sensors.py
[2025-12-24T09:25:59.444+0000] {processor.py:925} INFO - DAG(s) 'example_sensors' retrieved from /home/airflow/.local/lib/python3.11/site-packages/airflow/example_dags/example_sensors.py
[2025-12-24T09:25:59.514+0000] {logging_mixin.py:190} INFO - [2025-12-24T09:25:59.513+0000] {dag.py:3239} INFO - Sync 1 DAGs
[2025-12-24T09:25:59.584+0000] {logging_mixin.py:190} INFO - [2025-12-24T09:25:59.584+0000] {dag.py:4180} INFO - Setting next_dagrun for example_sensors to None, run_after=None
[2025-12-24T09:25:59.647+0000] {processor.py:208} INFO - Processing /home/airflow/.local/lib/python3.11/site-packages/airflow/example_dags/example_sensors.py took 0.247 seconds
[2025-12-24T09:26:08.275+0000] {processor.py:186} INFO - Started process (PID=641) to work on /home/airflow/.local/lib/python3.11/site-packages/airflow/example_dags/example_sensors.py
[2025-12-24T09:26:08.277+0000] {processor.py:914} INFO - Processing file /home/airflow/.local/lib/python3.11/site-packages/airflow/example_dags/example_sensors.py for tasks to queue
[2025-12-24T09:26:08.282+0000] {logging_mixin.py:190} INFO - [2025-12-24T09:26:08.282+0000] {dagbag.py:588} INFO - Filling up the DagBag from /home/airflow/.local/lib/python3.11/site-packages/airflow/example_dags/example_sensors.py
[2025-12-24T09:26:08.308+0000] {processor.py:925} INFO - DAG(s) 'example_sensors' retrieved from /home/airflow/.local/lib/python3.11/site-packages/airflow/example_dags/example_sensors.py
[2025-12-24T09:26:08.376+0000] {logging_mixin.py:190} INFO - [2025-12-24T09:26:08.375+0000] {dag.py:3239} INFO - Sync 1 DAGs
[2025-12-24T09:26:08.398+0000] {logging_mixin.py:190} INFO - [2025-12-24T09:26:08.398+0000] {dag.py:4180} INFO - Setting next_dagrun for example_sensors to None, run_after=None
[2025-12-24T09:26:08.436+0000] {processor.py:208} INFO - Processing /home/airflow/.local/lib/python3.11/site-packages/airflow/example_dags/example_sensors.py took 0.175 seconds
[2025-12-24T09:26:16.355+0000] {processor.py:186} INFO - Started process (PID=695) to work on /home/airflow/.local/lib/python3.11/site-packages/airflow/example_dags/example_sensors.py
[2025-12-24T09:26:16.357+0000] {processor.py:914} INFO - Processing file /home/airflow/.local/lib/python3.11/site-packages/airflow/example_dags/example_sensors.py for tasks to queue
[2025-12-24T09:26:16.362+0000] {logging_mixin.py:190} INFO - [2025-12-24T09:26:16.362+0000] {dagbag.py:588} INFO - Filling up the DagBag from /home/airflow/.local/lib/python3.11/site-packages/airflow/example_dags/example_sensors.py
[2025-12-24T09:26:16.383+0000] {processor.py:925} INFO - DAG(s) 'example_sensors' retrieved from /home/airflow/.local/lib/python3.11/site-packages/airflow/example_dags/example_sensors.py
[2025-12-24T09:26:16.440+0000] {logging_mixin.py:190} INFO - [2025-12-24T09:26:16.440+0000] {dag.py:3239} INFO - Sync 1 DAGs
[2025-12-24T09:26:16.458+0000] {logging_mixin.py:190} INFO - [2025-12-24T09:26:16.458+0000] {dag.py:4180} INFO - Setting next_dagrun for example_sensors to None, run_after=None
[2025-12-24T09:26:16.487+0000] {processor.py:208} INFO - Processing /home/airflow/.local/lib/python3.11/site-packages/airflow/example_dags/example_sensors.py took 0.145 seconds
[2025-12-24T09:27:10.137+0000] {processor.py:186} INFO - Started process (PID=747) to work on /home/airflow/.local/lib/python3.11/site-packages/airflow/example_dags/example_sensors.py
[2025-12-24T09:27:10.139+0000] {processor.py:914} INFO - Processing file /home/airflow/.local/lib/python3.11/site-packages/airflow/example_dags/example_sensors.py for tasks to queue
[2025-12-24T09:27:10.146+0000] {logging_mixin.py:190} INFO - [2025-12-24T09:27:10.144+0000] {dagbag.py:588} INFO - Filling up the DagBag from /home/airflow/.local/lib/python3.11/site-packages/airflow/example_dags/example_sensors.py
[2025-12-24T09:27:10.170+0000] {processor.py:925} INFO - DAG(s) 'example_sensors' retrieved from /home/airflow/.local/lib/python3.11/site-packages/airflow/example_dags/example_sensors.py
[2025-12-24T09:27:10.231+0000] {logging_mixin.py:190} INFO - [2025-12-24T09:27:10.231+0000] {dag.py:3239} INFO - Sync 1 DAGs
[2025-12-24T09:27:10.258+0000] {logging_mixin.py:190} INFO - [2025-12-24T09:27:10.258+0000] {dag.py:4180} INFO - Setting next_dagrun for example_sensors to None, run_after=None
[2025-12-24T09:27:10.299+0000] {processor.py:208} INFO - Processing /home/airflow/.local/lib/python3.11/site-packages/airflow/example_dags/example_sensors.py took 0.173 seconds
[2025-12-24T09:26:38.156+0000] {processor.py:186} INFO - Started process (PID=804) to work on /home/airflow/.local/lib/python3.11/site-packages/airflow/example_dags/example_sensors.py
[2025-12-24T09:26:38.158+0000] {processor.py:914} INFO - Processing file /home/airflow/.local/lib/python3.11/site-packages/airflow/example_dags/example_sensors.py for tasks to queue
[2025-12-24T09:26:38.163+0000] {logging_mixin.py:190} INFO - [2025-12-24T09:26:38.163+0000] {dagbag.py:588} INFO - Filling up the DagBag from /home/airflow/.local/lib/python3.11/site-packages/airflow/example_dags/example_sensors.py
[2025-12-24T09:26:38.187+0000] {processor.py:925} INFO - DAG(s) 'example_sensors' retrieved from /home/airflow/.local/lib/python3.11/site-packages/airflow/example_dags/example_sensors.py
[2025-12-24T09:26:38.237+0000] {logging_mixin.py:190} INFO - [2025-12-24T09:26:38.237+0000] {dag.py:3239} INFO - Sync 1 DAGs
[2025-12-24T09:26:38.259+0000] {logging_mixin.py:190} INFO - [2025-12-24T09:26:38.259+0000] {dag.py:4180} INFO - Setting next_dagrun for example_sensors to None, run_after=None
[2025-12-24T09:26:38.559+0000] {processor.py:208} INFO - Processing /home/airflow/.local/lib/python3.11/site-packages/airflow/example_dags/example_sensors.py took 0.414 seconds
[2025-12-24T09:26:49.423+0000] {processor.py:186} INFO - Started process (PID=857) to work on /home/airflow/.local/lib/python3.11/site-packages/airflow/example_dags/example_sensors.py
[2025-12-24T09:26:49.425+0000] {processor.py:914} INFO - Processing file /home/airflow/.local/lib/python3.11/site-packages/airflow/example_dags/example_sensors.py for tasks to queue
[2025-12-24T09:26:49.429+0000] {logging_mixin.py:190} INFO - [2025-12-24T09:26:49.429+0000] {dagbag.py:588} INFO - Filling up the DagBag from /home/airflow/.local/lib/python3.11/site-packages/airflow/example_dags/example_sensors.py
[2025-12-24T09:26:49.453+0000] {processor.py:925} INFO - DAG(s) 'example_sensors' retrieved from /home/airflow/.local/lib/python3.11/site-packages/airflow/example_dags/example_sensors.py
[2025-12-24T09:26:49.512+0000] {logging_mixin.py:190} INFO - [2025-12-24T09:26:49.512+0000] {dag.py:3239} INFO - Sync 1 DAGs
[2025-12-24T09:26:49.536+0000] {logging_mixin.py:190} INFO - [2025-12-24T09:26:49.536+0000] {dag.py:4180} INFO - Setting next_dagrun for example_sensors to None, run_after=None
[2025-12-24T09:26:49.570+0000] {processor.py:208} INFO - Processing /home/airflow/.local/lib/python3.11/site-packages/airflow/example_dags/example_sensors.py took 0.158 seconds
[2025-12-24T09:27:46.182+0000] {processor.py:186} INFO - Started process (PID=919) to work on /home/airflow/.local/lib/python3.11/site-packages/airflow/example_dags/example_sensors.py
[2025-12-24T09:27:46.184+0000] {processor.py:914} INFO - Processing file /home/airflow/.local/lib/python3.11/site-packages/airflow/example_dags/example_sensors.py for tasks to queue
[2025-12-24T09:27:46.189+0000] {logging_mixin.py:190} INFO - [2025-12-24T09:27:46.188+0000] {dagbag.py:588} INFO - Filling up the DagBag from /home/airflow/.local/lib/python3.11/site-packages/airflow/example_dags/example_sensors.py
[2025-12-24T09:27:46.208+0000] {processor.py:925} INFO - DAG(s) 'example_sensors' retrieved from /home/airflow/.local/lib/python3.11/site-packages/airflow/example_dags/example_sensors.py
[2025-12-24T09:27:46.253+0000] {logging_mixin.py:190} INFO - [2025-12-24T09:27:46.253+0000] {dag.py:3239} INFO - Sync 1 DAGs
[2025-12-24T09:27:46.272+0000] {logging_mixin.py:190} INFO - [2025-12-24T09:27:46.272+0000] {dag.py:4180} INFO - Setting next_dagrun for example_sensors to None, run_after=None
[2025-12-24T09:27:46.302+0000] {processor.py:208} INFO - Processing /home/airflow/.local/lib/python3.11/site-packages/airflow/example_dags/example_sensors.py took 0.131 seconds
[2025-12-24T09:27:53.905+0000] {processor.py:186} INFO - Started process (PID=988) to work on /home/airflow/.local/lib/python3.11/site-packages/airflow/example_dags/example_sensors.py
[2025-12-24T09:27:53.907+0000] {processor.py:914} INFO - Processing file /home/airflow/.local/lib/python3.11/site-packages/airflow/example_dags/example_sensors.py for tasks to queue
[2025-12-24T09:27:53.912+0000] {logging_mixin.py:190} INFO - [2025-12-24T09:27:53.912+0000] {dagbag.py:588} INFO - Filling up the DagBag from /home/airflow/.local/lib/python3.11/site-packages/airflow/example_dags/example_sensors.py
[2025-12-24T09:27:53.938+0000] {processor.py:925} INFO - DAG(s) 'example_sensors' retrieved from /home/airflow/.local/lib/python3.11/site-packages/airflow/example_dags/example_sensors.py
[2025-12-24T09:27:53.983+0000] {logging_mixin.py:190} INFO - [2025-12-24T09:27:53.983+0000] {dag.py:3239} INFO - Sync 1 DAGs
[2025-12-24T09:27:54.005+0000] {logging_mixin.py:190} INFO - [2025-12-24T09:27:54.005+0000] {dag.py:4180} INFO - Setting next_dagrun for example_sensors to None, run_after=None
[2025-12-24T09:27:54.035+0000] {processor.py:208} INFO - Processing /home/airflow/.local/lib/python3.11/site-packages/airflow/example_dags/example_sensors.py took 0.144 seconds
[2025-12-24T09:28:03.743+0000] {processor.py:186} INFO - Started process (PID=1053) to work on /home/airflow/.local/lib/python3.11/site-packages/airflow/example_dags/example_sensors.py
[2025-12-24T09:28:03.745+0000] {processor.py:914} INFO - Processing file /home/airflow/.local/lib/python3.11/site-packages/airflow/example_dags/example_sensors.py for tasks to queue
[2025-12-24T09:28:03.748+0000] {logging_mixin.py:190} INFO - [2025-12-24T09:28:03.748+0000] {dagbag.py:588} INFO - Filling up the DagBag from /home/airflow/.local/lib/python3.11/site-packages/airflow/example_dags/example_sensors.py
[2025-12-24T09:28:03.774+0000] {processor.py:925} INFO - DAG(s) 'example_sensors' retrieved from /home/airflow/.local/lib/python3.11/site-packages/airflow/example_dags/example_sensors.py
[2025-12-24T09:28:03.836+0000] {logging_mixin.py:190} INFO - [2025-12-24T09:28:03.835+0000] {dag.py:3239} INFO - Sync 1 DAGs
[2025-12-24T09:28:03.862+0000] {logging_mixin.py:190} INFO - [2025-12-24T09:28:03.861+0000] {dag.py:4180} INFO - Setting next_dagrun for example_sensors to None, run_after=None
[2025-12-24T09:28:04.092+0000] {processor.py:208} INFO - Processing /home/airflow/.local/lib/python3.11/site-packages/airflow/example_dags/example_sensors.py took 0.360 seconds
[2025-12-24T09:28:18.316+0000] {processor.py:186} INFO - Started process (PID=1110) to work on /home/airflow/.local/lib/python3.11/site-packages/airflow/example_dags/example_sensors.py
[2025-12-24T09:28:18.320+0000] {processor.py:914} INFO - Processing file /home/airflow/.local/lib/python3.11/site-packages/airflow/example_dags/example_sensors.py for tasks to queue
[2025-12-24T09:28:18.348+0000] {logging_mixin.py:190} INFO - [2025-12-24T09:28:18.347+0000] {dagbag.py:588} INFO - Filling up the DagBag from /home/airflow/.local/lib/python3.11/site-packages/airflow/example_dags/example_sensors.py
[2025-12-24T09:28:18.372+0000] {processor.py:925} INFO - DAG(s) 'example_sensors' retrieved from /home/airflow/.local/lib/python3.11/site-packages/airflow/example_dags/example_sensors.py
[2025-12-24T09:28:18.414+0000] {logging_mixin.py:190} INFO - [2025-12-24T09:28:18.413+0000] {dag.py:3239} INFO - Sync 1 DAGs
[2025-12-24T09:28:18.437+0000] {logging_mixin.py:190} INFO - [2025-12-24T09:28:18.437+0000] {dag.py:4180} INFO - Setting next_dagrun for example_sensors to None, run_after=None
[2025-12-24T09:28:18.468+0000] {processor.py:208} INFO - Processing /home/airflow/.local/lib/python3.11/site-packages/airflow/example_dags/example_sensors.py took 0.163 seconds
[2025-12-24T09:29:16.724+0000] {processor.py:186} INFO - Started process (PID=1170) to work on /home/airflow/.local/lib/python3.11/site-packages/airflow/example_dags/example_sensors.py
[2025-12-24T09:29:16.727+0000] {processor.py:914} INFO - Processing file /home/airflow/.local/lib/python3.11/site-packages/airflow/example_dags/example_sensors.py for tasks to queue
[2025-12-24T09:29:16.731+0000] {logging_mixin.py:190} INFO - [2025-12-24T09:29:16.730+0000] {dagbag.py:588} INFO - Filling up the DagBag from /home/airflow/.local/lib/python3.11/site-packages/airflow/example_dags/example_sensors.py
[2025-12-24T09:29:16.755+0000] {processor.py:925} INFO - DAG(s) 'example_sensors' retrieved from /home/airflow/.local/lib/python3.11/site-packages/airflow/example_dags/example_sensors.py
[2025-12-24T09:29:16.810+0000] {logging_mixin.py:190} INFO - [2025-12-24T09:29:16.810+0000] {dag.py:3239} INFO - Sync 1 DAGs
[2025-12-24T09:29:16.843+0000] {logging_mixin.py:190} INFO - [2025-12-24T09:29:16.843+0000] {dag.py:4180} INFO - Setting next_dagrun for example_sensors to None, run_after=None
[2025-12-24T09:29:16.870+0000] {processor.py:208} INFO - Processing /home/airflow/.local/lib/python3.11/site-packages/airflow/example_dags/example_sensors.py took 0.157 seconds
