[2025-12-24T09:03:00.456+0000] {processor.py:186} INFO - Started process (PID=101) to work on /home/airflow/.local/lib/python3.11/site-packages/airflow/example_dags/example_branch_labels.py
[2025-12-24T09:03:00.459+0000] {processor.py:914} INFO - Processing file /home/airflow/.local/lib/python3.11/site-packages/airflow/example_dags/example_branch_labels.py for tasks to queue
[2025-12-24T09:03:00.466+0000] {logging_mixin.py:190} INFO - [2025-12-24T09:03:00.466+0000] {dagbag.py:588} INFO - Filling up the DagBag from /home/airflow/.local/lib/python3.11/site-packages/airflow/example_dags/example_branch_labels.py
[2025-12-24T09:03:00.486+0000] {processor.py:925} INFO - DAG(s) 'example_branch_labels' retrieved from /home/airflow/.local/lib/python3.11/site-packages/airflow/example_dags/example_branch_labels.py
[2025-12-24T09:03:43.060+0000] {logging_mixin.py:190} INFO - [2025-12-24T09:03:43.059+0000] {override.py:1911} INFO - Created Permission View: can edit on DAG:example_branch_labels
[2025-12-24T09:03:00.722+0000] {logging_mixin.py:190} INFO - [2025-12-24T09:03:00.722+0000] {override.py:1911} INFO - Created Permission View: can read on DAG:example_branch_labels
[2025-12-24T09:03:00.740+0000] {logging_mixin.py:190} INFO - [2025-12-24T09:03:00.739+0000] {override.py:1911} INFO - Created Permission View: can delete on DAG:example_branch_labels
[2025-12-24T09:03:00.763+0000] {logging_mixin.py:190} INFO - [2025-12-24T09:03:00.763+0000] {override.py:1911} INFO - Created Permission View: can read on DAG Run:example_branch_labels
[2025-12-24T09:03:00.784+0000] {logging_mixin.py:190} INFO - [2025-12-24T09:03:00.783+0000] {override.py:1911} INFO - Created Permission View: can create on DAG Run:example_branch_labels
[2025-12-24T09:03:00.809+0000] {logging_mixin.py:190} INFO - [2025-12-24T09:03:00.809+0000] {override.py:1911} INFO - Created Permission View: can delete on DAG Run:example_branch_labels
[2025-12-24T09:03:00.832+0000] {logging_mixin.py:190} INFO - [2025-12-24T09:03:00.831+0000] {override.py:1911} INFO - Created Permission View: menu access on DAG Run:example_branch_labels
[2025-12-24T09:03:00.834+0000] {logging_mixin.py:190} INFO - [2025-12-24T09:03:00.833+0000] {dag.py:3239} INFO - Sync 1 DAGs
[2025-12-24T09:03:00.862+0000] {logging_mixin.py:190} INFO - [2025-12-24T09:03:00.862+0000] {dag.py:3262} INFO - Creating ORM DAG for example_branch_labels
[2025-12-24T09:03:00.880+0000] {logging_mixin.py:190} INFO - [2025-12-24T09:03:00.879+0000] {dag.py:4180} INFO - Setting next_dagrun for example_branch_labels to 2025-12-23 00:00:00+00:00, run_after=2025-12-24 00:00:00+00:00
[2025-12-24T09:03:00.909+0000] {processor.py:208} INFO - Processing /home/airflow/.local/lib/python3.11/site-packages/airflow/example_dags/example_branch_labels.py took 0.469 seconds
[2025-12-24T09:03:13.659+0000] {processor.py:186} INFO - Started process (PID=160) to work on /home/airflow/.local/lib/python3.11/site-packages/airflow/example_dags/example_branch_labels.py
[2025-12-24T09:03:13.661+0000] {processor.py:914} INFO - Processing file /home/airflow/.local/lib/python3.11/site-packages/airflow/example_dags/example_branch_labels.py for tasks to queue
[2025-12-24T09:03:13.665+0000] {logging_mixin.py:190} INFO - [2025-12-24T09:03:13.665+0000] {dagbag.py:588} INFO - Filling up the DagBag from /home/airflow/.local/lib/python3.11/site-packages/airflow/example_dags/example_branch_labels.py
[2025-12-24T09:03:13.681+0000] {processor.py:925} INFO - DAG(s) 'example_branch_labels' retrieved from /home/airflow/.local/lib/python3.11/site-packages/airflow/example_dags/example_branch_labels.py
[2025-12-24T09:03:13.721+0000] {logging_mixin.py:190} INFO - [2025-12-24T09:03:13.720+0000] {dag.py:3239} INFO - Sync 1 DAGs
[2025-12-24T09:03:13.759+0000] {logging_mixin.py:190} INFO - [2025-12-24T09:03:13.759+0000] {dag.py:4180} INFO - Setting next_dagrun for example_branch_labels to 2025-12-23 00:00:00+00:00, run_after=2025-12-24 00:00:00+00:00
[2025-12-24T09:03:13.787+0000] {processor.py:208} INFO - Processing /home/airflow/.local/lib/python3.11/site-packages/airflow/example_dags/example_branch_labels.py took 0.138 seconds
[2025-12-24T09:04:17.064+0000] {processor.py:186} INFO - Started process (PID=224) to work on /home/airflow/.local/lib/python3.11/site-packages/airflow/example_dags/example_branch_labels.py
[2025-12-24T09:04:17.065+0000] {processor.py:914} INFO - Processing file /home/airflow/.local/lib/python3.11/site-packages/airflow/example_dags/example_branch_labels.py for tasks to queue
[2025-12-24T09:04:17.069+0000] {logging_mixin.py:190} INFO - [2025-12-24T09:04:17.068+0000] {dagbag.py:588} INFO - Filling up the DagBag from /home/airflow/.local/lib/python3.11/site-packages/airflow/example_dags/example_branch_labels.py
[2025-12-24T09:04:17.085+0000] {processor.py:925} INFO - DAG(s) 'example_branch_labels' retrieved from /home/airflow/.local/lib/python3.11/site-packages/airflow/example_dags/example_branch_labels.py
[2025-12-24T09:04:17.121+0000] {logging_mixin.py:190} INFO - [2025-12-24T09:04:17.121+0000] {dag.py:3239} INFO - Sync 1 DAGs
[2025-12-24T09:04:17.155+0000] {logging_mixin.py:190} INFO - [2025-12-24T09:04:17.154+0000] {dag.py:4180} INFO - Setting next_dagrun for example_branch_labels to 2025-12-23 00:00:00+00:00, run_after=2025-12-24 00:00:00+00:00
[2025-12-24T09:04:17.191+0000] {processor.py:208} INFO - Processing /home/airflow/.local/lib/python3.11/site-packages/airflow/example_dags/example_branch_labels.py took 0.139 seconds
[2025-12-24T09:04:13.829+0000] {processor.py:186} INFO - Started process (PID=290) to work on /home/airflow/.local/lib/python3.11/site-packages/airflow/example_dags/example_branch_labels.py
[2025-12-24T09:04:13.831+0000] {processor.py:914} INFO - Processing file /home/airflow/.local/lib/python3.11/site-packages/airflow/example_dags/example_branch_labels.py for tasks to queue
[2025-12-24T09:04:13.835+0000] {logging_mixin.py:190} INFO - [2025-12-24T09:04:13.835+0000] {dagbag.py:588} INFO - Filling up the DagBag from /home/airflow/.local/lib/python3.11/site-packages/airflow/example_dags/example_branch_labels.py
[2025-12-24T09:04:13.852+0000] {processor.py:925} INFO - DAG(s) 'example_branch_labels' retrieved from /home/airflow/.local/lib/python3.11/site-packages/airflow/example_dags/example_branch_labels.py
[2025-12-24T09:04:13.883+0000] {logging_mixin.py:190} INFO - [2025-12-24T09:04:13.883+0000] {dag.py:3239} INFO - Sync 1 DAGs
[2025-12-24T09:04:13.914+0000] {logging_mixin.py:190} INFO - [2025-12-24T09:04:13.914+0000] {dag.py:4180} INFO - Setting next_dagrun for example_branch_labels to 2025-12-23 00:00:00+00:00, run_after=2025-12-24 00:00:00+00:00
[2025-12-24T09:04:13.938+0000] {processor.py:208} INFO - Processing /home/airflow/.local/lib/python3.11/site-packages/airflow/example_dags/example_branch_labels.py took 0.120 seconds
[2025-12-24T09:04:44.382+0000] {processor.py:186} INFO - Started process (PID=353) to work on /home/airflow/.local/lib/python3.11/site-packages/airflow/example_dags/example_branch_labels.py
[2025-12-24T09:04:44.384+0000] {processor.py:914} INFO - Processing file /home/airflow/.local/lib/python3.11/site-packages/airflow/example_dags/example_branch_labels.py for tasks to queue
[2025-12-24T09:04:44.389+0000] {logging_mixin.py:190} INFO - [2025-12-24T09:04:44.388+0000] {dagbag.py:588} INFO - Filling up the DagBag from /home/airflow/.local/lib/python3.11/site-packages/airflow/example_dags/example_branch_labels.py
[2025-12-24T09:04:44.407+0000] {processor.py:925} INFO - DAG(s) 'example_branch_labels' retrieved from /home/airflow/.local/lib/python3.11/site-packages/airflow/example_dags/example_branch_labels.py
[2025-12-24T09:04:44.451+0000] {logging_mixin.py:190} INFO - [2025-12-24T09:04:44.450+0000] {dag.py:3239} INFO - Sync 1 DAGs
[2025-12-24T09:04:44.500+0000] {logging_mixin.py:190} INFO - [2025-12-24T09:04:44.499+0000] {dag.py:4180} INFO - Setting next_dagrun for example_branch_labels to 2025-12-23 00:00:00+00:00, run_after=2025-12-24 00:00:00+00:00
[2025-12-24T09:04:44.556+0000] {processor.py:208} INFO - Processing /home/airflow/.local/lib/python3.11/site-packages/airflow/example_dags/example_branch_labels.py took 0.187 seconds
[2025-12-24T09:04:54.042+0000] {processor.py:186} INFO - Started process (PID=418) to work on /home/airflow/.local/lib/python3.11/site-packages/airflow/example_dags/example_branch_labels.py
[2025-12-24T09:04:54.044+0000] {processor.py:914} INFO - Processing file /home/airflow/.local/lib/python3.11/site-packages/airflow/example_dags/example_branch_labels.py for tasks to queue
[2025-12-24T09:04:54.049+0000] {logging_mixin.py:190} INFO - [2025-12-24T09:04:54.048+0000] {dagbag.py:588} INFO - Filling up the DagBag from /home/airflow/.local/lib/python3.11/site-packages/airflow/example_dags/example_branch_labels.py
[2025-12-24T09:04:54.084+0000] {processor.py:925} INFO - DAG(s) 'example_branch_labels' retrieved from /home/airflow/.local/lib/python3.11/site-packages/airflow/example_dags/example_branch_labels.py
[2025-12-24T09:04:54.129+0000] {logging_mixin.py:190} INFO - [2025-12-24T09:04:54.128+0000] {dag.py:3239} INFO - Sync 1 DAGs
[2025-12-24T09:04:54.175+0000] {logging_mixin.py:190} INFO - [2025-12-24T09:04:54.175+0000] {dag.py:4180} INFO - Setting next_dagrun for example_branch_labels to 2025-12-23 00:00:00+00:00, run_after=2025-12-24 00:00:00+00:00
[2025-12-24T09:04:54.212+0000] {processor.py:208} INFO - Processing /home/airflow/.local/lib/python3.11/site-packages/airflow/example_dags/example_branch_labels.py took 0.183 seconds
[2025-12-24T09:05:24.437+0000] {processor.py:186} INFO - Started process (PID=483) to work on /home/airflow/.local/lib/python3.11/site-packages/airflow/example_dags/example_branch_labels.py
[2025-12-24T09:05:24.439+0000] {processor.py:914} INFO - Processing file /home/airflow/.local/lib/python3.11/site-packages/airflow/example_dags/example_branch_labels.py for tasks to queue
[2025-12-24T09:05:24.444+0000] {logging_mixin.py:190} INFO - [2025-12-24T09:05:24.443+0000] {dagbag.py:588} INFO - Filling up the DagBag from /home/airflow/.local/lib/python3.11/site-packages/airflow/example_dags/example_branch_labels.py
[2025-12-24T09:05:24.460+0000] {processor.py:925} INFO - DAG(s) 'example_branch_labels' retrieved from /home/airflow/.local/lib/python3.11/site-packages/airflow/example_dags/example_branch_labels.py
[2025-12-24T09:05:24.495+0000] {logging_mixin.py:190} INFO - [2025-12-24T09:05:24.494+0000] {dag.py:3239} INFO - Sync 1 DAGs
[2025-12-24T09:05:24.525+0000] {logging_mixin.py:190} INFO - [2025-12-24T09:05:24.525+0000] {dag.py:4180} INFO - Setting next_dagrun for example_branch_labels to 2025-12-23 00:00:00+00:00, run_after=2025-12-24 00:00:00+00:00
[2025-12-24T09:05:24.549+0000] {processor.py:208} INFO - Processing /home/airflow/.local/lib/python3.11/site-packages/airflow/example_dags/example_branch_labels.py took 0.123 seconds
[2025-12-24T09:05:28.128+0000] {processor.py:186} INFO - Started process (PID=519) to work on /home/airflow/.local/lib/python3.11/site-packages/airflow/example_dags/example_branch_labels.py
[2025-12-24T09:05:28.130+0000] {processor.py:914} INFO - Processing file /home/airflow/.local/lib/python3.11/site-packages/airflow/example_dags/example_branch_labels.py for tasks to queue
[2025-12-24T09:05:28.135+0000] {logging_mixin.py:190} INFO - [2025-12-24T09:05:28.134+0000] {dagbag.py:588} INFO - Filling up the DagBag from /home/airflow/.local/lib/python3.11/site-packages/airflow/example_dags/example_branch_labels.py
[2025-12-24T09:05:28.157+0000] {processor.py:925} INFO - DAG(s) 'example_branch_labels' retrieved from /home/airflow/.local/lib/python3.11/site-packages/airflow/example_dags/example_branch_labels.py
[2025-12-24T09:05:28.203+0000] {logging_mixin.py:190} INFO - [2025-12-24T09:05:28.202+0000] {dag.py:3239} INFO - Sync 1 DAGs
[2025-12-24T09:05:28.238+0000] {logging_mixin.py:190} INFO - [2025-12-24T09:05:28.237+0000] {dag.py:4180} INFO - Setting next_dagrun for example_branch_labels to 2025-12-23 00:00:00+00:00, run_after=2025-12-24 00:00:00+00:00
[2025-12-24T09:05:28.268+0000] {processor.py:208} INFO - Processing /home/airflow/.local/lib/python3.11/site-packages/airflow/example_dags/example_branch_labels.py took 0.153 seconds
[2025-12-24T09:05:39.906+0000] {processor.py:186} INFO - Started process (PID=574) to work on /home/airflow/.local/lib/python3.11/site-packages/airflow/example_dags/example_branch_labels.py
[2025-12-24T09:05:39.908+0000] {processor.py:914} INFO - Processing file /home/airflow/.local/lib/python3.11/site-packages/airflow/example_dags/example_branch_labels.py for tasks to queue
[2025-12-24T09:05:39.914+0000] {logging_mixin.py:190} INFO - [2025-12-24T09:05:39.913+0000] {dagbag.py:588} INFO - Filling up the DagBag from /home/airflow/.local/lib/python3.11/site-packages/airflow/example_dags/example_branch_labels.py
[2025-12-24T09:05:39.936+0000] {processor.py:925} INFO - DAG(s) 'example_branch_labels' retrieved from /home/airflow/.local/lib/python3.11/site-packages/airflow/example_dags/example_branch_labels.py
[2025-12-24T09:05:40.003+0000] {logging_mixin.py:190} INFO - [2025-12-24T09:05:40.002+0000] {dag.py:3239} INFO - Sync 1 DAGs
[2025-12-24T09:05:40.056+0000] {logging_mixin.py:190} INFO - [2025-12-24T09:05:40.056+0000] {dag.py:4180} INFO - Setting next_dagrun for example_branch_labels to 2025-12-23 00:00:00+00:00, run_after=2025-12-24 00:00:00+00:00
[2025-12-24T09:05:40.124+0000] {processor.py:208} INFO - Processing /home/airflow/.local/lib/python3.11/site-packages/airflow/example_dags/example_branch_labels.py took 0.229 seconds
[2025-12-24T09:06:42.198+0000] {processor.py:186} INFO - Started process (PID=636) to work on /home/airflow/.local/lib/python3.11/site-packages/airflow/example_dags/example_branch_labels.py
[2025-12-24T09:06:42.200+0000] {processor.py:914} INFO - Processing file /home/airflow/.local/lib/python3.11/site-packages/airflow/example_dags/example_branch_labels.py for tasks to queue
[2025-12-24T09:06:42.206+0000] {logging_mixin.py:190} INFO - [2025-12-24T09:06:42.205+0000] {dagbag.py:588} INFO - Filling up the DagBag from /home/airflow/.local/lib/python3.11/site-packages/airflow/example_dags/example_branch_labels.py
[2025-12-24T09:06:42.226+0000] {processor.py:925} INFO - DAG(s) 'example_branch_labels' retrieved from /home/airflow/.local/lib/python3.11/site-packages/airflow/example_dags/example_branch_labels.py
[2025-12-24T09:06:42.283+0000] {logging_mixin.py:190} INFO - [2025-12-24T09:06:42.282+0000] {dag.py:3239} INFO - Sync 1 DAGs
[2025-12-24T09:06:42.328+0000] {logging_mixin.py:190} INFO - [2025-12-24T09:06:42.328+0000] {dag.py:4180} INFO - Setting next_dagrun for example_branch_labels to 2025-12-23 00:00:00+00:00, run_after=2025-12-24 00:00:00+00:00
[2025-12-24T09:06:42.362+0000] {processor.py:208} INFO - Processing /home/airflow/.local/lib/python3.11/site-packages/airflow/example_dags/example_branch_labels.py took 0.176 seconds
[2025-12-24T09:06:44.687+0000] {processor.py:186} INFO - Started process (PID=702) to work on /home/airflow/.local/lib/python3.11/site-packages/airflow/example_dags/example_branch_labels.py
[2025-12-24T09:06:44.689+0000] {processor.py:914} INFO - Processing file /home/airflow/.local/lib/python3.11/site-packages/airflow/example_dags/example_branch_labels.py for tasks to queue
[2025-12-24T09:06:44.694+0000] {logging_mixin.py:190} INFO - [2025-12-24T09:06:44.693+0000] {dagbag.py:588} INFO - Filling up the DagBag from /home/airflow/.local/lib/python3.11/site-packages/airflow/example_dags/example_branch_labels.py
[2025-12-24T09:06:44.712+0000] {processor.py:925} INFO - DAG(s) 'example_branch_labels' retrieved from /home/airflow/.local/lib/python3.11/site-packages/airflow/example_dags/example_branch_labels.py
[2025-12-24T09:06:44.781+0000] {logging_mixin.py:190} INFO - [2025-12-24T09:06:44.780+0000] {dag.py:3239} INFO - Sync 1 DAGs
[2025-12-24T09:06:44.814+0000] {logging_mixin.py:190} INFO - [2025-12-24T09:06:44.814+0000] {dag.py:4180} INFO - Setting next_dagrun for example_branch_labels to 2025-12-23 00:00:00+00:00, run_after=2025-12-24 00:00:00+00:00
[2025-12-24T09:06:44.850+0000] {processor.py:208} INFO - Processing /home/airflow/.local/lib/python3.11/site-packages/airflow/example_dags/example_branch_labels.py took 0.174 seconds
[2025-12-24T09:07:14.610+0000] {processor.py:186} INFO - Started process (PID=768) to work on /home/airflow/.local/lib/python3.11/site-packages/airflow/example_dags/example_branch_labels.py
[2025-12-24T09:07:14.612+0000] {processor.py:914} INFO - Processing file /home/airflow/.local/lib/python3.11/site-packages/airflow/example_dags/example_branch_labels.py for tasks to queue
[2025-12-24T09:07:14.617+0000] {logging_mixin.py:190} INFO - [2025-12-24T09:07:14.617+0000] {dagbag.py:588} INFO - Filling up the DagBag from /home/airflow/.local/lib/python3.11/site-packages/airflow/example_dags/example_branch_labels.py
[2025-12-24T09:07:14.635+0000] {processor.py:925} INFO - DAG(s) 'example_branch_labels' retrieved from /home/airflow/.local/lib/python3.11/site-packages/airflow/example_dags/example_branch_labels.py
[2025-12-24T09:07:14.676+0000] {logging_mixin.py:190} INFO - [2025-12-24T09:07:14.675+0000] {dag.py:3239} INFO - Sync 1 DAGs
[2025-12-24T09:07:14.714+0000] {logging_mixin.py:190} INFO - [2025-12-24T09:07:14.714+0000] {dag.py:4180} INFO - Setting next_dagrun for example_branch_labels to 2025-12-23 00:00:00+00:00, run_after=2025-12-24 00:00:00+00:00
[2025-12-24T09:07:14.768+0000] {processor.py:208} INFO - Processing /home/airflow/.local/lib/python3.11/site-packages/airflow/example_dags/example_branch_labels.py took 0.170 seconds
[2025-12-24T09:07:24.702+0000] {processor.py:186} INFO - Started process (PID=830) to work on /home/airflow/.local/lib/python3.11/site-packages/airflow/example_dags/example_branch_labels.py
[2025-12-24T09:07:24.703+0000] {processor.py:914} INFO - Processing file /home/airflow/.local/lib/python3.11/site-packages/airflow/example_dags/example_branch_labels.py for tasks to queue
[2025-12-24T09:07:24.707+0000] {logging_mixin.py:190} INFO - [2025-12-24T09:07:24.706+0000] {dagbag.py:588} INFO - Filling up the DagBag from /home/airflow/.local/lib/python3.11/site-packages/airflow/example_dags/example_branch_labels.py
[2025-12-24T09:07:24.720+0000] {processor.py:925} INFO - DAG(s) 'example_branch_labels' retrieved from /home/airflow/.local/lib/python3.11/site-packages/airflow/example_dags/example_branch_labels.py
[2025-12-24T09:07:24.749+0000] {logging_mixin.py:190} INFO - [2025-12-24T09:07:24.749+0000] {dag.py:3239} INFO - Sync 1 DAGs
[2025-12-24T09:07:24.776+0000] {logging_mixin.py:190} INFO - [2025-12-24T09:07:24.776+0000] {dag.py:4180} INFO - Setting next_dagrun for example_branch_labels to 2025-12-23 00:00:00+00:00, run_after=2025-12-24 00:00:00+00:00
[2025-12-24T09:07:24.808+0000] {processor.py:208} INFO - Processing /home/airflow/.local/lib/python3.11/site-packages/airflow/example_dags/example_branch_labels.py took 0.116 seconds
[2025-12-24T09:07:34.356+0000] {processor.py:186} INFO - Started process (PID=887) to work on /home/airflow/.local/lib/python3.11/site-packages/airflow/example_dags/example_branch_labels.py
[2025-12-24T09:07:34.358+0000] {processor.py:914} INFO - Processing file /home/airflow/.local/lib/python3.11/site-packages/airflow/example_dags/example_branch_labels.py for tasks to queue
[2025-12-24T09:07:34.362+0000] {logging_mixin.py:190} INFO - [2025-12-24T09:07:34.362+0000] {dagbag.py:588} INFO - Filling up the DagBag from /home/airflow/.local/lib/python3.11/site-packages/airflow/example_dags/example_branch_labels.py
[2025-12-24T09:07:34.376+0000] {processor.py:925} INFO - DAG(s) 'example_branch_labels' retrieved from /home/airflow/.local/lib/python3.11/site-packages/airflow/example_dags/example_branch_labels.py
[2025-12-24T09:07:34.408+0000] {logging_mixin.py:190} INFO - [2025-12-24T09:07:34.408+0000] {dag.py:3239} INFO - Sync 1 DAGs
[2025-12-24T09:07:34.438+0000] {logging_mixin.py:190} INFO - [2025-12-24T09:07:34.438+0000] {dag.py:4180} INFO - Setting next_dagrun for example_branch_labels to 2025-12-23 00:00:00+00:00, run_after=2025-12-24 00:00:00+00:00
[2025-12-24T09:07:34.485+0000] {processor.py:208} INFO - Processing /home/airflow/.local/lib/python3.11/site-packages/airflow/example_dags/example_branch_labels.py took 0.138 seconds
[2025-12-24T09:07:43.742+0000] {processor.py:186} INFO - Started process (PID=943) to work on /home/airflow/.local/lib/python3.11/site-packages/airflow/example_dags/example_branch_labels.py
[2025-12-24T09:07:43.744+0000] {processor.py:914} INFO - Processing file /home/airflow/.local/lib/python3.11/site-packages/airflow/example_dags/example_branch_labels.py for tasks to queue
[2025-12-24T09:07:43.747+0000] {logging_mixin.py:190} INFO - [2025-12-24T09:07:43.747+0000] {dagbag.py:588} INFO - Filling up the DagBag from /home/airflow/.local/lib/python3.11/site-packages/airflow/example_dags/example_branch_labels.py
[2025-12-24T09:07:43.761+0000] {processor.py:925} INFO - DAG(s) 'example_branch_labels' retrieved from /home/airflow/.local/lib/python3.11/site-packages/airflow/example_dags/example_branch_labels.py
[2025-12-24T09:07:43.799+0000] {logging_mixin.py:190} INFO - [2025-12-24T09:07:43.799+0000] {dag.py:3239} INFO - Sync 1 DAGs
[2025-12-24T09:07:43.827+0000] {logging_mixin.py:190} INFO - [2025-12-24T09:07:43.827+0000] {dag.py:4180} INFO - Setting next_dagrun for example_branch_labels to 2025-12-23 00:00:00+00:00, run_after=2025-12-24 00:00:00+00:00
[2025-12-24T09:07:43.851+0000] {processor.py:208} INFO - Processing /home/airflow/.local/lib/python3.11/site-packages/airflow/example_dags/example_branch_labels.py took 0.118 seconds
[2025-12-24T09:08:41.682+0000] {processor.py:186} INFO - Started process (PID=1004) to work on /home/airflow/.local/lib/python3.11/site-packages/airflow/example_dags/example_branch_labels.py
[2025-12-24T09:08:41.683+0000] {processor.py:914} INFO - Processing file /home/airflow/.local/lib/python3.11/site-packages/airflow/example_dags/example_branch_labels.py for tasks to queue
[2025-12-24T09:08:41.687+0000] {logging_mixin.py:190} INFO - [2025-12-24T09:08:41.687+0000] {dagbag.py:588} INFO - Filling up the DagBag from /home/airflow/.local/lib/python3.11/site-packages/airflow/example_dags/example_branch_labels.py
[2025-12-24T09:08:41.701+0000] {processor.py:925} INFO - DAG(s) 'example_branch_labels' retrieved from /home/airflow/.local/lib/python3.11/site-packages/airflow/example_dags/example_branch_labels.py
[2025-12-24T09:08:41.744+0000] {logging_mixin.py:190} INFO - [2025-12-24T09:08:41.743+0000] {dag.py:3239} INFO - Sync 1 DAGs
[2025-12-24T09:08:41.772+0000] {logging_mixin.py:190} INFO - [2025-12-24T09:08:41.772+0000] {dag.py:4180} INFO - Setting next_dagrun for example_branch_labels to 2025-12-23 00:00:00+00:00, run_after=2025-12-24 00:00:00+00:00
[2025-12-24T09:08:41.797+0000] {processor.py:208} INFO - Processing /home/airflow/.local/lib/python3.11/site-packages/airflow/example_dags/example_branch_labels.py took 0.124 seconds
[2025-12-24T09:09:21.127+0000] {processor.py:186} INFO - Started process (PID=1071) to work on /home/airflow/.local/lib/python3.11/site-packages/airflow/example_dags/example_branch_labels.py
[2025-12-24T09:09:21.129+0000] {processor.py:914} INFO - Processing file /home/airflow/.local/lib/python3.11/site-packages/airflow/example_dags/example_branch_labels.py for tasks to queue
[2025-12-24T09:09:21.132+0000] {logging_mixin.py:190} INFO - [2025-12-24T09:09:21.132+0000] {dagbag.py:588} INFO - Filling up the DagBag from /home/airflow/.local/lib/python3.11/site-packages/airflow/example_dags/example_branch_labels.py
[2025-12-24T09:09:21.150+0000] {processor.py:925} INFO - DAG(s) 'example_branch_labels' retrieved from /home/airflow/.local/lib/python3.11/site-packages/airflow/example_dags/example_branch_labels.py
[2025-12-24T09:09:21.183+0000] {logging_mixin.py:190} INFO - [2025-12-24T09:09:21.183+0000] {dag.py:3239} INFO - Sync 1 DAGs
[2025-12-24T09:09:21.210+0000] {logging_mixin.py:190} INFO - [2025-12-24T09:09:21.210+0000] {dag.py:4180} INFO - Setting next_dagrun for example_branch_labels to 2025-12-23 00:00:00+00:00, run_after=2025-12-24 00:00:00+00:00
[2025-12-24T09:09:21.234+0000] {processor.py:208} INFO - Processing /home/airflow/.local/lib/python3.11/site-packages/airflow/example_dags/example_branch_labels.py took 0.117 seconds
[2025-12-24T09:09:19.309+0000] {processor.py:186} INFO - Started process (PID=1151) to work on /home/airflow/.local/lib/python3.11/site-packages/airflow/example_dags/example_branch_labels.py
[2025-12-24T09:09:19.311+0000] {processor.py:914} INFO - Processing file /home/airflow/.local/lib/python3.11/site-packages/airflow/example_dags/example_branch_labels.py for tasks to queue
[2025-12-24T09:09:19.315+0000] {logging_mixin.py:190} INFO - [2025-12-24T09:09:19.314+0000] {dagbag.py:588} INFO - Filling up the DagBag from /home/airflow/.local/lib/python3.11/site-packages/airflow/example_dags/example_branch_labels.py
[2025-12-24T09:09:19.330+0000] {processor.py:925} INFO - DAG(s) 'example_branch_labels' retrieved from /home/airflow/.local/lib/python3.11/site-packages/airflow/example_dags/example_branch_labels.py
[2025-12-24T09:09:19.363+0000] {logging_mixin.py:190} INFO - [2025-12-24T09:09:19.362+0000] {dag.py:3239} INFO - Sync 1 DAGs
[2025-12-24T09:09:19.393+0000] {logging_mixin.py:190} INFO - [2025-12-24T09:09:19.393+0000] {dag.py:4180} INFO - Setting next_dagrun for example_branch_labels to 2025-12-23 00:00:00+00:00, run_after=2025-12-24 00:00:00+00:00
[2025-12-24T09:09:19.422+0000] {processor.py:208} INFO - Processing /home/airflow/.local/lib/python3.11/site-packages/airflow/example_dags/example_branch_labels.py took 0.123 seconds
[2025-12-24T09:10:26.644+0000] {processor.py:186} INFO - Started process (PID=1211) to work on /home/airflow/.local/lib/python3.11/site-packages/airflow/example_dags/example_branch_labels.py
[2025-12-24T09:10:26.646+0000] {processor.py:914} INFO - Processing file /home/airflow/.local/lib/python3.11/site-packages/airflow/example_dags/example_branch_labels.py for tasks to queue
[2025-12-24T09:10:26.649+0000] {logging_mixin.py:190} INFO - [2025-12-24T09:10:26.649+0000] {dagbag.py:588} INFO - Filling up the DagBag from /home/airflow/.local/lib/python3.11/site-packages/airflow/example_dags/example_branch_labels.py
[2025-12-24T09:10:26.663+0000] {processor.py:925} INFO - DAG(s) 'example_branch_labels' retrieved from /home/airflow/.local/lib/python3.11/site-packages/airflow/example_dags/example_branch_labels.py
[2025-12-24T09:10:26.693+0000] {logging_mixin.py:190} INFO - [2025-12-24T09:10:26.692+0000] {dag.py:3239} INFO - Sync 1 DAGs
[2025-12-24T09:10:26.726+0000] {logging_mixin.py:190} INFO - [2025-12-24T09:10:26.726+0000] {dag.py:4180} INFO - Setting next_dagrun for example_branch_labels to 2025-12-23 00:00:00+00:00, run_after=2025-12-24 00:00:00+00:00
[2025-12-24T09:10:26.753+0000] {processor.py:208} INFO - Processing /home/airflow/.local/lib/python3.11/site-packages/airflow/example_dags/example_branch_labels.py took 0.118 seconds
[2025-12-24T09:10:19.548+0000] {processor.py:186} INFO - Started process (PID=1283) to work on /home/airflow/.local/lib/python3.11/site-packages/airflow/example_dags/example_branch_labels.py
[2025-12-24T09:10:19.550+0000] {processor.py:914} INFO - Processing file /home/airflow/.local/lib/python3.11/site-packages/airflow/example_dags/example_branch_labels.py for tasks to queue
[2025-12-24T09:10:19.554+0000] {logging_mixin.py:190} INFO - [2025-12-24T09:10:19.553+0000] {dagbag.py:588} INFO - Filling up the DagBag from /home/airflow/.local/lib/python3.11/site-packages/airflow/example_dags/example_branch_labels.py
[2025-12-24T09:10:19.576+0000] {processor.py:925} INFO - DAG(s) 'example_branch_labels' retrieved from /home/airflow/.local/lib/python3.11/site-packages/airflow/example_dags/example_branch_labels.py
[2025-12-24T09:10:19.620+0000] {logging_mixin.py:190} INFO - [2025-12-24T09:10:19.619+0000] {dag.py:3239} INFO - Sync 1 DAGs
[2025-12-24T09:10:19.659+0000] {logging_mixin.py:190} INFO - [2025-12-24T09:10:19.658+0000] {dag.py:4180} INFO - Setting next_dagrun for example_branch_labels to 2025-12-23 00:00:00+00:00, run_after=2025-12-24 00:00:00+00:00
[2025-12-24T09:10:19.700+0000] {processor.py:208} INFO - Processing /home/airflow/.local/lib/python3.11/site-packages/airflow/example_dags/example_branch_labels.py took 0.162 seconds
[2025-12-24T09:10:49.506+0000] {processor.py:186} INFO - Started process (PID=1332) to work on /home/airflow/.local/lib/python3.11/site-packages/airflow/example_dags/example_branch_labels.py
[2025-12-24T09:10:49.507+0000] {processor.py:914} INFO - Processing file /home/airflow/.local/lib/python3.11/site-packages/airflow/example_dags/example_branch_labels.py for tasks to queue
[2025-12-24T09:10:49.511+0000] {logging_mixin.py:190} INFO - [2025-12-24T09:10:49.511+0000] {dagbag.py:588} INFO - Filling up the DagBag from /home/airflow/.local/lib/python3.11/site-packages/airflow/example_dags/example_branch_labels.py
[2025-12-24T09:10:49.526+0000] {processor.py:925} INFO - DAG(s) 'example_branch_labels' retrieved from /home/airflow/.local/lib/python3.11/site-packages/airflow/example_dags/example_branch_labels.py
[2025-12-24T09:10:49.558+0000] {logging_mixin.py:190} INFO - [2025-12-24T09:10:49.558+0000] {dag.py:3239} INFO - Sync 1 DAGs
[2025-12-24T09:10:49.590+0000] {logging_mixin.py:190} INFO - [2025-12-24T09:10:49.589+0000] {dag.py:4180} INFO - Setting next_dagrun for example_branch_labels to 2025-12-23 00:00:00+00:00, run_after=2025-12-24 00:00:00+00:00
[2025-12-24T09:10:49.615+0000] {processor.py:208} INFO - Processing /home/airflow/.local/lib/python3.11/site-packages/airflow/example_dags/example_branch_labels.py took 0.119 seconds
[2025-12-24T09:10:59.589+0000] {processor.py:186} INFO - Started process (PID=1389) to work on /home/airflow/.local/lib/python3.11/site-packages/airflow/example_dags/example_branch_labels.py
[2025-12-24T09:10:59.597+0000] {processor.py:914} INFO - Processing file /home/airflow/.local/lib/python3.11/site-packages/airflow/example_dags/example_branch_labels.py for tasks to queue
[2025-12-24T09:10:59.603+0000] {logging_mixin.py:190} INFO - [2025-12-24T09:10:59.602+0000] {dagbag.py:588} INFO - Filling up the DagBag from /home/airflow/.local/lib/python3.11/site-packages/airflow/example_dags/example_branch_labels.py
[2025-12-24T09:10:59.621+0000] {processor.py:925} INFO - DAG(s) 'example_branch_labels' retrieved from /home/airflow/.local/lib/python3.11/site-packages/airflow/example_dags/example_branch_labels.py
[2025-12-24T09:10:59.665+0000] {logging_mixin.py:190} INFO - [2025-12-24T09:10:59.664+0000] {dag.py:3239} INFO - Sync 1 DAGs
[2025-12-24T09:10:59.707+0000] {logging_mixin.py:190} INFO - [2025-12-24T09:10:59.706+0000] {dag.py:4180} INFO - Setting next_dagrun for example_branch_labels to 2025-12-23 00:00:00+00:00, run_after=2025-12-24 00:00:00+00:00
[2025-12-24T09:10:59.737+0000] {processor.py:208} INFO - Processing /home/airflow/.local/lib/python3.11/site-packages/airflow/example_dags/example_branch_labels.py took 0.161 seconds
[2025-12-24T09:11:30.869+0000] {processor.py:186} INFO - Started process (PID=1452) to work on /home/airflow/.local/lib/python3.11/site-packages/airflow/example_dags/example_branch_labels.py
[2025-12-24T09:11:30.871+0000] {processor.py:914} INFO - Processing file /home/airflow/.local/lib/python3.11/site-packages/airflow/example_dags/example_branch_labels.py for tasks to queue
[2025-12-24T09:11:30.875+0000] {logging_mixin.py:190} INFO - [2025-12-24T09:11:30.874+0000] {dagbag.py:588} INFO - Filling up the DagBag from /home/airflow/.local/lib/python3.11/site-packages/airflow/example_dags/example_branch_labels.py
[2025-12-24T09:11:30.895+0000] {processor.py:925} INFO - DAG(s) 'example_branch_labels' retrieved from /home/airflow/.local/lib/python3.11/site-packages/airflow/example_dags/example_branch_labels.py
[2025-12-24T09:11:30.933+0000] {logging_mixin.py:190} INFO - [2025-12-24T09:11:30.933+0000] {dag.py:3239} INFO - Sync 1 DAGs
[2025-12-24T09:11:30.966+0000] {logging_mixin.py:190} INFO - [2025-12-24T09:11:30.966+0000] {dag.py:4180} INFO - Setting next_dagrun for example_branch_labels to 2025-12-23 00:00:00+00:00, run_after=2025-12-24 00:00:00+00:00
[2025-12-24T09:11:30.992+0000] {processor.py:208} INFO - Processing /home/airflow/.local/lib/python3.11/site-packages/airflow/example_dags/example_branch_labels.py took 0.135 seconds
[2025-12-24T09:12:32.026+0000] {processor.py:186} INFO - Started process (PID=1515) to work on /home/airflow/.local/lib/python3.11/site-packages/airflow/example_dags/example_branch_labels.py
[2025-12-24T09:12:32.027+0000] {processor.py:914} INFO - Processing file /home/airflow/.local/lib/python3.11/site-packages/airflow/example_dags/example_branch_labels.py for tasks to queue
[2025-12-24T09:12:32.031+0000] {logging_mixin.py:190} INFO - [2025-12-24T09:12:32.031+0000] {dagbag.py:588} INFO - Filling up the DagBag from /home/airflow/.local/lib/python3.11/site-packages/airflow/example_dags/example_branch_labels.py
[2025-12-24T09:12:32.046+0000] {processor.py:925} INFO - DAG(s) 'example_branch_labels' retrieved from /home/airflow/.local/lib/python3.11/site-packages/airflow/example_dags/example_branch_labels.py
[2025-12-24T09:12:32.075+0000] {logging_mixin.py:190} INFO - [2025-12-24T09:12:32.074+0000] {dag.py:3239} INFO - Sync 1 DAGs
[2025-12-24T09:12:32.100+0000] {logging_mixin.py:190} INFO - [2025-12-24T09:12:32.100+0000] {dag.py:4180} INFO - Setting next_dagrun for example_branch_labels to 2025-12-23 00:00:00+00:00, run_after=2025-12-24 00:00:00+00:00
[2025-12-24T09:12:32.123+0000] {processor.py:208} INFO - Processing /home/airflow/.local/lib/python3.11/site-packages/airflow/example_dags/example_branch_labels.py took 0.106 seconds
[2025-12-24T09:12:44.058+0000] {processor.py:186} INFO - Started process (PID=1579) to work on /home/airflow/.local/lib/python3.11/site-packages/airflow/example_dags/example_branch_labels.py
[2025-12-24T09:12:44.059+0000] {processor.py:914} INFO - Processing file /home/airflow/.local/lib/python3.11/site-packages/airflow/example_dags/example_branch_labels.py for tasks to queue
[2025-12-24T09:12:44.063+0000] {logging_mixin.py:190} INFO - [2025-12-24T09:12:44.063+0000] {dagbag.py:588} INFO - Filling up the DagBag from /home/airflow/.local/lib/python3.11/site-packages/airflow/example_dags/example_branch_labels.py
[2025-12-24T09:12:44.076+0000] {processor.py:925} INFO - DAG(s) 'example_branch_labels' retrieved from /home/airflow/.local/lib/python3.11/site-packages/airflow/example_dags/example_branch_labels.py
[2025-12-24T09:12:44.109+0000] {logging_mixin.py:190} INFO - [2025-12-24T09:12:44.108+0000] {dag.py:3239} INFO - Sync 1 DAGs
[2025-12-24T09:12:44.144+0000] {logging_mixin.py:190} INFO - [2025-12-24T09:12:44.144+0000] {dag.py:4180} INFO - Setting next_dagrun for example_branch_labels to 2025-12-23 00:00:00+00:00, run_after=2025-12-24 00:00:00+00:00
[2025-12-24T09:12:44.170+0000] {processor.py:208} INFO - Processing /home/airflow/.local/lib/python3.11/site-packages/airflow/example_dags/example_branch_labels.py took 0.120 seconds
[2025-12-24T09:13:33.131+0000] {processor.py:186} INFO - Started process (PID=1646) to work on /home/airflow/.local/lib/python3.11/site-packages/airflow/example_dags/example_branch_labels.py
[2025-12-24T09:13:33.133+0000] {processor.py:914} INFO - Processing file /home/airflow/.local/lib/python3.11/site-packages/airflow/example_dags/example_branch_labels.py for tasks to queue
[2025-12-24T09:13:33.137+0000] {logging_mixin.py:190} INFO - [2025-12-24T09:13:33.136+0000] {dagbag.py:588} INFO - Filling up the DagBag from /home/airflow/.local/lib/python3.11/site-packages/airflow/example_dags/example_branch_labels.py
[2025-12-24T09:13:33.151+0000] {processor.py:925} INFO - DAG(s) 'example_branch_labels' retrieved from /home/airflow/.local/lib/python3.11/site-packages/airflow/example_dags/example_branch_labels.py
[2025-12-24T09:13:33.183+0000] {logging_mixin.py:190} INFO - [2025-12-24T09:13:33.182+0000] {dag.py:3239} INFO - Sync 1 DAGs
[2025-12-24T09:13:33.217+0000] {logging_mixin.py:190} INFO - [2025-12-24T09:13:33.217+0000] {dag.py:4180} INFO - Setting next_dagrun for example_branch_labels to 2025-12-23 00:00:00+00:00, run_after=2025-12-24 00:00:00+00:00
[2025-12-24T09:13:33.244+0000] {processor.py:208} INFO - Processing /home/airflow/.local/lib/python3.11/site-packages/airflow/example_dags/example_branch_labels.py took 0.122 seconds
[2025-12-24T09:14:27.331+0000] {processor.py:186} INFO - Started process (PID=1696) to work on /home/airflow/.local/lib/python3.11/site-packages/airflow/example_dags/example_branch_labels.py
[2025-12-24T09:14:27.333+0000] {processor.py:914} INFO - Processing file /home/airflow/.local/lib/python3.11/site-packages/airflow/example_dags/example_branch_labels.py for tasks to queue
[2025-12-24T09:14:27.337+0000] {logging_mixin.py:190} INFO - [2025-12-24T09:14:27.336+0000] {dagbag.py:588} INFO - Filling up the DagBag from /home/airflow/.local/lib/python3.11/site-packages/airflow/example_dags/example_branch_labels.py
[2025-12-24T09:14:27.353+0000] {processor.py:925} INFO - DAG(s) 'example_branch_labels' retrieved from /home/airflow/.local/lib/python3.11/site-packages/airflow/example_dags/example_branch_labels.py
[2025-12-24T09:14:27.383+0000] {logging_mixin.py:190} INFO - [2025-12-24T09:14:27.383+0000] {dag.py:3239} INFO - Sync 1 DAGs
[2025-12-24T09:14:27.412+0000] {logging_mixin.py:190} INFO - [2025-12-24T09:14:27.412+0000] {dag.py:4180} INFO - Setting next_dagrun for example_branch_labels to 2025-12-23 00:00:00+00:00, run_after=2025-12-24 00:00:00+00:00
[2025-12-24T09:14:27.451+0000] {processor.py:208} INFO - Processing /home/airflow/.local/lib/python3.11/site-packages/airflow/example_dags/example_branch_labels.py took 0.131 seconds
[2025-12-24T09:14:39.285+0000] {processor.py:186} INFO - Started process (PID=1768) to work on /home/airflow/.local/lib/python3.11/site-packages/airflow/example_dags/example_branch_labels.py
[2025-12-24T09:14:39.286+0000] {processor.py:914} INFO - Processing file /home/airflow/.local/lib/python3.11/site-packages/airflow/example_dags/example_branch_labels.py for tasks to queue
[2025-12-24T09:14:39.290+0000] {logging_mixin.py:190} INFO - [2025-12-24T09:14:39.289+0000] {dagbag.py:588} INFO - Filling up the DagBag from /home/airflow/.local/lib/python3.11/site-packages/airflow/example_dags/example_branch_labels.py
[2025-12-24T09:14:39.303+0000] {processor.py:925} INFO - DAG(s) 'example_branch_labels' retrieved from /home/airflow/.local/lib/python3.11/site-packages/airflow/example_dags/example_branch_labels.py
[2025-12-24T09:14:39.332+0000] {logging_mixin.py:190} INFO - [2025-12-24T09:14:39.332+0000] {dag.py:3239} INFO - Sync 1 DAGs
[2025-12-24T09:14:39.359+0000] {logging_mixin.py:190} INFO - [2025-12-24T09:14:39.359+0000] {dag.py:4180} INFO - Setting next_dagrun for example_branch_labels to 2025-12-23 00:00:00+00:00, run_after=2025-12-24 00:00:00+00:00
[2025-12-24T09:14:39.385+0000] {processor.py:208} INFO - Processing /home/airflow/.local/lib/python3.11/site-packages/airflow/example_dags/example_branch_labels.py took 0.109 seconds
[2025-12-24T09:15:10.673+0000] {processor.py:186} INFO - Started process (PID=1832) to work on /home/airflow/.local/lib/python3.11/site-packages/airflow/example_dags/example_branch_labels.py
[2025-12-24T09:15:10.675+0000] {processor.py:914} INFO - Processing file /home/airflow/.local/lib/python3.11/site-packages/airflow/example_dags/example_branch_labels.py for tasks to queue
[2025-12-24T09:15:10.679+0000] {logging_mixin.py:190} INFO - [2025-12-24T09:15:10.678+0000] {dagbag.py:588} INFO - Filling up the DagBag from /home/airflow/.local/lib/python3.11/site-packages/airflow/example_dags/example_branch_labels.py
[2025-12-24T09:15:10.693+0000] {processor.py:925} INFO - DAG(s) 'example_branch_labels' retrieved from /home/airflow/.local/lib/python3.11/site-packages/airflow/example_dags/example_branch_labels.py
[2025-12-24T09:15:10.725+0000] {logging_mixin.py:190} INFO - [2025-12-24T09:15:10.724+0000] {dag.py:3239} INFO - Sync 1 DAGs
[2025-12-24T09:15:10.757+0000] {logging_mixin.py:190} INFO - [2025-12-24T09:15:10.756+0000] {dag.py:4180} INFO - Setting next_dagrun for example_branch_labels to 2025-12-23 00:00:00+00:00, run_after=2025-12-24 00:00:00+00:00
[2025-12-24T09:15:10.784+0000] {processor.py:208} INFO - Processing /home/airflow/.local/lib/python3.11/site-packages/airflow/example_dags/example_branch_labels.py took 0.120 seconds
[2025-12-24T09:15:41.305+0000] {processor.py:186} INFO - Started process (PID=1895) to work on /home/airflow/.local/lib/python3.11/site-packages/airflow/example_dags/example_branch_labels.py
[2025-12-24T09:15:41.307+0000] {processor.py:914} INFO - Processing file /home/airflow/.local/lib/python3.11/site-packages/airflow/example_dags/example_branch_labels.py for tasks to queue
[2025-12-24T09:15:41.310+0000] {logging_mixin.py:190} INFO - [2025-12-24T09:15:41.310+0000] {dagbag.py:588} INFO - Filling up the DagBag from /home/airflow/.local/lib/python3.11/site-packages/airflow/example_dags/example_branch_labels.py
[2025-12-24T09:15:41.333+0000] {processor.py:925} INFO - DAG(s) 'example_branch_labels' retrieved from /home/airflow/.local/lib/python3.11/site-packages/airflow/example_dags/example_branch_labels.py
[2025-12-24T09:15:41.371+0000] {logging_mixin.py:190} INFO - [2025-12-24T09:15:41.371+0000] {dag.py:3239} INFO - Sync 1 DAGs
[2025-12-24T09:16:23.749+0000] {logging_mixin.py:190} INFO - [2025-12-24T09:16:23.749+0000] {dag.py:4180} INFO - Setting next_dagrun for example_branch_labels to 2025-12-23 00:00:00+00:00, run_after=2025-12-24 00:00:00+00:00
[2025-12-24T09:16:23.776+0000] {processor.py:208} INFO - Processing /home/airflow/.local/lib/python3.11/site-packages/airflow/example_dags/example_branch_labels.py took 0.143 seconds
[2025-12-24T09:24:19.845+0000] {processor.py:186} INFO - Started process (PID=107) to work on /home/airflow/.local/lib/python3.11/site-packages/airflow/example_dags/example_branch_labels.py
[2025-12-24T09:24:19.849+0000] {processor.py:914} INFO - Processing file /home/airflow/.local/lib/python3.11/site-packages/airflow/example_dags/example_branch_labels.py for tasks to queue
[2025-12-24T09:24:19.857+0000] {logging_mixin.py:190} INFO - [2025-12-24T09:24:19.856+0000] {dagbag.py:588} INFO - Filling up the DagBag from /home/airflow/.local/lib/python3.11/site-packages/airflow/example_dags/example_branch_labels.py
[2025-12-24T09:24:19.899+0000] {processor.py:925} INFO - DAG(s) 'example_branch_labels' retrieved from /home/airflow/.local/lib/python3.11/site-packages/airflow/example_dags/example_branch_labels.py
[2025-12-24T09:24:20.175+0000] {logging_mixin.py:190} INFO - [2025-12-24T09:24:20.174+0000] {override.py:1911} INFO - Created Permission View: can delete on DAG:example_branch_labels
[2025-12-24T09:24:20.198+0000] {logging_mixin.py:190} INFO - [2025-12-24T09:24:20.198+0000] {override.py:1911} INFO - Created Permission View: can read on DAG:example_branch_labels
[2025-12-24T09:24:20.222+0000] {logging_mixin.py:190} INFO - [2025-12-24T09:24:20.221+0000] {override.py:1911} INFO - Created Permission View: can edit on DAG:example_branch_labels
[2025-12-24T09:24:20.241+0000] {logging_mixin.py:190} INFO - [2025-12-24T09:24:20.241+0000] {override.py:1911} INFO - Created Permission View: menu access on DAG Run:example_branch_labels
[2025-12-24T09:24:20.265+0000] {logging_mixin.py:190} INFO - [2025-12-24T09:24:20.265+0000] {override.py:1911} INFO - Created Permission View: can create on DAG Run:example_branch_labels
[2025-12-24T09:24:20.289+0000] {logging_mixin.py:190} INFO - [2025-12-24T09:24:20.288+0000] {override.py:1911} INFO - Created Permission View: can delete on DAG Run:example_branch_labels
[2025-12-24T09:24:20.312+0000] {logging_mixin.py:190} INFO - [2025-12-24T09:24:20.312+0000] {override.py:1911} INFO - Created Permission View: can read on DAG Run:example_branch_labels
[2025-12-24T09:24:20.314+0000] {logging_mixin.py:190} INFO - [2025-12-24T09:24:20.313+0000] {dag.py:3239} INFO - Sync 1 DAGs
[2025-12-24T09:24:20.330+0000] {logging_mixin.py:190} INFO - [2025-12-24T09:24:20.330+0000] {dag.py:3262} INFO - Creating ORM DAG for example_branch_labels
[2025-12-24T09:24:20.344+0000] {logging_mixin.py:190} INFO - [2025-12-24T09:24:20.343+0000] {dag.py:4180} INFO - Setting next_dagrun for example_branch_labels to 2025-12-23 00:00:00+00:00, run_after=2025-12-24 00:00:00+00:00
[2025-12-24T09:24:20.366+0000] {processor.py:208} INFO - Processing /home/airflow/.local/lib/python3.11/site-packages/airflow/example_dags/example_branch_labels.py took 0.542 seconds
[2025-12-24T09:24:15.132+0000] {processor.py:186} INFO - Started process (PID=239) to work on /home/airflow/.local/lib/python3.11/site-packages/airflow/example_dags/example_branch_labels.py
[2025-12-24T09:24:15.134+0000] {processor.py:914} INFO - Processing file /home/airflow/.local/lib/python3.11/site-packages/airflow/example_dags/example_branch_labels.py for tasks to queue
[2025-12-24T09:24:15.139+0000] {logging_mixin.py:190} INFO - [2025-12-24T09:24:15.139+0000] {dagbag.py:588} INFO - Filling up the DagBag from /home/airflow/.local/lib/python3.11/site-packages/airflow/example_dags/example_branch_labels.py
[2025-12-24T09:24:15.185+0000] {processor.py:925} INFO - DAG(s) 'example_branch_labels' retrieved from /home/airflow/.local/lib/python3.11/site-packages/airflow/example_dags/example_branch_labels.py
[2025-12-24T09:24:15.207+0000] {logging_mixin.py:190} INFO - [2025-12-24T09:24:15.207+0000] {dag.py:3239} INFO - Sync 1 DAGs
[2025-12-24T09:24:15.240+0000] {logging_mixin.py:190} INFO - [2025-12-24T09:24:15.240+0000] {dag.py:4180} INFO - Setting next_dagrun for example_branch_labels to 2025-12-23 00:00:00+00:00, run_after=2025-12-24 00:00:00+00:00
[2025-12-24T09:24:15.277+0000] {processor.py:208} INFO - Processing /home/airflow/.local/lib/python3.11/site-packages/airflow/example_dags/example_branch_labels.py took 0.159 seconds
[2025-12-24T09:24:44.400+0000] {processor.py:186} INFO - Started process (PID=298) to work on /home/airflow/.local/lib/python3.11/site-packages/airflow/example_dags/example_branch_labels.py
[2025-12-24T09:24:44.402+0000] {processor.py:914} INFO - Processing file /home/airflow/.local/lib/python3.11/site-packages/airflow/example_dags/example_branch_labels.py for tasks to queue
[2025-12-24T09:24:44.409+0000] {logging_mixin.py:190} INFO - [2025-12-24T09:24:44.408+0000] {dagbag.py:588} INFO - Filling up the DagBag from /home/airflow/.local/lib/python3.11/site-packages/airflow/example_dags/example_branch_labels.py
[2025-12-24T09:24:44.434+0000] {processor.py:925} INFO - DAG(s) 'example_branch_labels' retrieved from /home/airflow/.local/lib/python3.11/site-packages/airflow/example_dags/example_branch_labels.py
[2025-12-24T09:24:44.455+0000] {logging_mixin.py:190} INFO - [2025-12-24T09:24:44.454+0000] {dag.py:3239} INFO - Sync 1 DAGs
[2025-12-24T09:24:44.487+0000] {logging_mixin.py:190} INFO - [2025-12-24T09:24:44.486+0000] {dag.py:4180} INFO - Setting next_dagrun for example_branch_labels to 2025-12-23 00:00:00+00:00, run_after=2025-12-24 00:00:00+00:00
[2025-12-24T09:24:44.512+0000] {processor.py:208} INFO - Processing /home/airflow/.local/lib/python3.11/site-packages/airflow/example_dags/example_branch_labels.py took 0.127 seconds
[2025-12-24T09:24:55.763+0000] {processor.py:186} INFO - Started process (PID=354) to work on /home/airflow/.local/lib/python3.11/site-packages/airflow/example_dags/example_branch_labels.py
[2025-12-24T09:24:55.765+0000] {processor.py:914} INFO - Processing file /home/airflow/.local/lib/python3.11/site-packages/airflow/example_dags/example_branch_labels.py for tasks to queue
[2025-12-24T09:24:55.769+0000] {logging_mixin.py:190} INFO - [2025-12-24T09:24:55.769+0000] {dagbag.py:588} INFO - Filling up the DagBag from /home/airflow/.local/lib/python3.11/site-packages/airflow/example_dags/example_branch_labels.py
[2025-12-24T09:24:55.785+0000] {processor.py:925} INFO - DAG(s) 'example_branch_labels' retrieved from /home/airflow/.local/lib/python3.11/site-packages/airflow/example_dags/example_branch_labels.py
[2025-12-24T09:24:55.830+0000] {logging_mixin.py:190} INFO - [2025-12-24T09:24:55.829+0000] {dag.py:3239} INFO - Sync 1 DAGs
[2025-12-24T09:24:55.863+0000] {logging_mixin.py:190} INFO - [2025-12-24T09:24:55.863+0000] {dag.py:4180} INFO - Setting next_dagrun for example_branch_labels to 2025-12-23 00:00:00+00:00, run_after=2025-12-24 00:00:00+00:00
[2025-12-24T09:24:55.888+0000] {processor.py:208} INFO - Processing /home/airflow/.local/lib/python3.11/site-packages/airflow/example_dags/example_branch_labels.py took 0.137 seconds
[2025-12-24T09:25:14.360+0000] {processor.py:186} INFO - Started process (PID=416) to work on /home/airflow/.local/lib/python3.11/site-packages/airflow/example_dags/example_branch_labels.py
[2025-12-24T09:25:14.362+0000] {processor.py:914} INFO - Processing file /home/airflow/.local/lib/python3.11/site-packages/airflow/example_dags/example_branch_labels.py for tasks to queue
[2025-12-24T09:25:14.367+0000] {logging_mixin.py:190} INFO - [2025-12-24T09:25:14.367+0000] {dagbag.py:588} INFO - Filling up the DagBag from /home/airflow/.local/lib/python3.11/site-packages/airflow/example_dags/example_branch_labels.py
[2025-12-24T09:25:14.391+0000] {processor.py:925} INFO - DAG(s) 'example_branch_labels' retrieved from /home/airflow/.local/lib/python3.11/site-packages/airflow/example_dags/example_branch_labels.py
[2025-12-24T09:25:14.438+0000] {logging_mixin.py:190} INFO - [2025-12-24T09:25:14.437+0000] {dag.py:3239} INFO - Sync 1 DAGs
[2025-12-24T09:25:14.503+0000] {logging_mixin.py:190} INFO - [2025-12-24T09:25:14.503+0000] {dag.py:4180} INFO - Setting next_dagrun for example_branch_labels to 2025-12-23 00:00:00+00:00, run_after=2025-12-24 00:00:00+00:00
[2025-12-24T09:25:14.542+0000] {processor.py:208} INFO - Processing /home/airflow/.local/lib/python3.11/site-packages/airflow/example_dags/example_branch_labels.py took 0.195 seconds
[2025-12-24T09:25:20.485+0000] {processor.py:186} INFO - Started process (PID=470) to work on /home/airflow/.local/lib/python3.11/site-packages/airflow/example_dags/example_branch_labels.py
[2025-12-24T09:25:20.487+0000] {processor.py:914} INFO - Processing file /home/airflow/.local/lib/python3.11/site-packages/airflow/example_dags/example_branch_labels.py for tasks to queue
[2025-12-24T09:25:20.492+0000] {logging_mixin.py:190} INFO - [2025-12-24T09:25:20.492+0000] {dagbag.py:588} INFO - Filling up the DagBag from /home/airflow/.local/lib/python3.11/site-packages/airflow/example_dags/example_branch_labels.py
[2025-12-24T09:25:20.523+0000] {processor.py:925} INFO - DAG(s) 'example_branch_labels' retrieved from /home/airflow/.local/lib/python3.11/site-packages/airflow/example_dags/example_branch_labels.py
[2025-12-24T09:25:20.564+0000] {logging_mixin.py:190} INFO - [2025-12-24T09:25:20.564+0000] {dag.py:3239} INFO - Sync 1 DAGs
[2025-12-24T09:25:20.605+0000] {logging_mixin.py:190} INFO - [2025-12-24T09:25:20.605+0000] {dag.py:4180} INFO - Setting next_dagrun for example_branch_labels to 2025-12-23 00:00:00+00:00, run_after=2025-12-24 00:00:00+00:00
[2025-12-24T09:25:20.637+0000] {processor.py:208} INFO - Processing /home/airflow/.local/lib/python3.11/site-packages/airflow/example_dags/example_branch_labels.py took 0.164 seconds
[2025-12-24T09:25:51.927+0000] {processor.py:186} INFO - Started process (PID=528) to work on /home/airflow/.local/lib/python3.11/site-packages/airflow/example_dags/example_branch_labels.py
[2025-12-24T09:25:51.929+0000] {processor.py:914} INFO - Processing file /home/airflow/.local/lib/python3.11/site-packages/airflow/example_dags/example_branch_labels.py for tasks to queue
[2025-12-24T09:25:51.935+0000] {logging_mixin.py:190} INFO - [2025-12-24T09:25:51.934+0000] {dagbag.py:588} INFO - Filling up the DagBag from /home/airflow/.local/lib/python3.11/site-packages/airflow/example_dags/example_branch_labels.py
[2025-12-24T09:25:51.955+0000] {processor.py:925} INFO - DAG(s) 'example_branch_labels' retrieved from /home/airflow/.local/lib/python3.11/site-packages/airflow/example_dags/example_branch_labels.py
[2025-12-24T09:25:52.025+0000] {logging_mixin.py:190} INFO - [2025-12-24T09:25:52.024+0000] {dag.py:3239} INFO - Sync 1 DAGs
[2025-12-24T09:25:52.064+0000] {logging_mixin.py:190} INFO - [2025-12-24T09:25:52.064+0000] {dag.py:4180} INFO - Setting next_dagrun for example_branch_labels to 2025-12-23 00:00:00+00:00, run_after=2025-12-24 00:00:00+00:00
[2025-12-24T09:25:52.102+0000] {processor.py:208} INFO - Processing /home/airflow/.local/lib/python3.11/site-packages/airflow/example_dags/example_branch_labels.py took 0.190 seconds
[2025-12-24T09:25:56.948+0000] {processor.py:186} INFO - Started process (PID=561) to work on /home/airflow/.local/lib/python3.11/site-packages/airflow/example_dags/example_branch_labels.py
[2025-12-24T09:25:56.951+0000] {processor.py:914} INFO - Processing file /home/airflow/.local/lib/python3.11/site-packages/airflow/example_dags/example_branch_labels.py for tasks to queue
[2025-12-24T09:25:56.955+0000] {logging_mixin.py:190} INFO - [2025-12-24T09:25:56.954+0000] {dagbag.py:588} INFO - Filling up the DagBag from /home/airflow/.local/lib/python3.11/site-packages/airflow/example_dags/example_branch_labels.py
[2025-12-24T09:25:56.975+0000] {processor.py:925} INFO - DAG(s) 'example_branch_labels' retrieved from /home/airflow/.local/lib/python3.11/site-packages/airflow/example_dags/example_branch_labels.py
[2025-12-24T09:25:57.043+0000] {logging_mixin.py:190} INFO - [2025-12-24T09:25:57.043+0000] {dag.py:3239} INFO - Sync 1 DAGs
[2025-12-24T09:25:57.077+0000] {logging_mixin.py:190} INFO - [2025-12-24T09:25:57.077+0000] {dag.py:4180} INFO - Setting next_dagrun for example_branch_labels to 2025-12-23 00:00:00+00:00, run_after=2025-12-24 00:00:00+00:00
[2025-12-24T09:25:57.100+0000] {processor.py:208} INFO - Processing /home/airflow/.local/lib/python3.11/site-packages/airflow/example_dags/example_branch_labels.py took 0.163 seconds
[2025-12-24T09:26:06.151+0000] {processor.py:186} INFO - Started process (PID=625) to work on /home/airflow/.local/lib/python3.11/site-packages/airflow/example_dags/example_branch_labels.py
[2025-12-24T09:26:06.153+0000] {processor.py:914} INFO - Processing file /home/airflow/.local/lib/python3.11/site-packages/airflow/example_dags/example_branch_labels.py for tasks to queue
[2025-12-24T09:26:06.158+0000] {logging_mixin.py:190} INFO - [2025-12-24T09:26:06.157+0000] {dagbag.py:588} INFO - Filling up the DagBag from /home/airflow/.local/lib/python3.11/site-packages/airflow/example_dags/example_branch_labels.py
[2025-12-24T09:26:06.180+0000] {processor.py:925} INFO - DAG(s) 'example_branch_labels' retrieved from /home/airflow/.local/lib/python3.11/site-packages/airflow/example_dags/example_branch_labels.py
[2025-12-24T09:26:06.223+0000] {logging_mixin.py:190} INFO - [2025-12-24T09:26:06.222+0000] {dag.py:3239} INFO - Sync 1 DAGs
[2025-12-24T09:26:06.265+0000] {logging_mixin.py:190} INFO - [2025-12-24T09:26:06.265+0000] {dag.py:4180} INFO - Setting next_dagrun for example_branch_labels to 2025-12-23 00:00:00+00:00, run_after=2025-12-24 00:00:00+00:00
[2025-12-24T09:26:06.313+0000] {processor.py:208} INFO - Processing /home/airflow/.local/lib/python3.11/site-packages/airflow/example_dags/example_branch_labels.py took 0.176 seconds
[2025-12-24T09:26:14.709+0000] {processor.py:186} INFO - Started process (PID=681) to work on /home/airflow/.local/lib/python3.11/site-packages/airflow/example_dags/example_branch_labels.py
[2025-12-24T09:26:14.711+0000] {processor.py:914} INFO - Processing file /home/airflow/.local/lib/python3.11/site-packages/airflow/example_dags/example_branch_labels.py for tasks to queue
[2025-12-24T09:26:14.716+0000] {logging_mixin.py:190} INFO - [2025-12-24T09:26:14.716+0000] {dagbag.py:588} INFO - Filling up the DagBag from /home/airflow/.local/lib/python3.11/site-packages/airflow/example_dags/example_branch_labels.py
[2025-12-24T09:26:14.739+0000] {processor.py:925} INFO - DAG(s) 'example_branch_labels' retrieved from /home/airflow/.local/lib/python3.11/site-packages/airflow/example_dags/example_branch_labels.py
[2025-12-24T09:26:14.786+0000] {logging_mixin.py:190} INFO - [2025-12-24T09:26:14.785+0000] {dag.py:3239} INFO - Sync 1 DAGs
[2025-12-24T09:26:14.824+0000] {logging_mixin.py:190} INFO - [2025-12-24T09:26:14.824+0000] {dag.py:4180} INFO - Setting next_dagrun for example_branch_labels to 2025-12-23 00:00:00+00:00, run_after=2025-12-24 00:00:00+00:00
[2025-12-24T09:26:14.855+0000] {processor.py:208} INFO - Processing /home/airflow/.local/lib/python3.11/site-packages/airflow/example_dags/example_branch_labels.py took 0.159 seconds
[2025-12-24T09:26:25.588+0000] {processor.py:186} INFO - Started process (PID=733) to work on /home/airflow/.local/lib/python3.11/site-packages/airflow/example_dags/example_branch_labels.py
[2025-12-24T09:26:25.590+0000] {processor.py:914} INFO - Processing file /home/airflow/.local/lib/python3.11/site-packages/airflow/example_dags/example_branch_labels.py for tasks to queue
[2025-12-24T09:26:25.596+0000] {logging_mixin.py:190} INFO - [2025-12-24T09:26:25.595+0000] {dagbag.py:588} INFO - Filling up the DagBag from /home/airflow/.local/lib/python3.11/site-packages/airflow/example_dags/example_branch_labels.py
[2025-12-24T09:26:25.620+0000] {processor.py:925} INFO - DAG(s) 'example_branch_labels' retrieved from /home/airflow/.local/lib/python3.11/site-packages/airflow/example_dags/example_branch_labels.py
[2025-12-24T09:26:25.670+0000] {logging_mixin.py:190} INFO - [2025-12-24T09:26:25.669+0000] {dag.py:3239} INFO - Sync 1 DAGs
[2025-12-24T09:26:25.702+0000] {logging_mixin.py:190} INFO - [2025-12-24T09:26:25.702+0000] {dag.py:4180} INFO - Setting next_dagrun for example_branch_labels to 2025-12-23 00:00:00+00:00, run_after=2025-12-24 00:00:00+00:00
[2025-12-24T09:26:25.729+0000] {processor.py:208} INFO - Processing /home/airflow/.local/lib/python3.11/site-packages/airflow/example_dags/example_branch_labels.py took 0.153 seconds
[2025-12-24T09:26:35.960+0000] {processor.py:186} INFO - Started process (PID=788) to work on /home/airflow/.local/lib/python3.11/site-packages/airflow/example_dags/example_branch_labels.py
[2025-12-24T09:26:35.962+0000] {processor.py:914} INFO - Processing file /home/airflow/.local/lib/python3.11/site-packages/airflow/example_dags/example_branch_labels.py for tasks to queue
[2025-12-24T09:26:35.966+0000] {logging_mixin.py:190} INFO - [2025-12-24T09:26:35.966+0000] {dagbag.py:588} INFO - Filling up the DagBag from /home/airflow/.local/lib/python3.11/site-packages/airflow/example_dags/example_branch_labels.py
[2025-12-24T09:26:35.984+0000] {processor.py:925} INFO - DAG(s) 'example_branch_labels' retrieved from /home/airflow/.local/lib/python3.11/site-packages/airflow/example_dags/example_branch_labels.py
[2025-12-24T09:26:36.026+0000] {logging_mixin.py:190} INFO - [2025-12-24T09:26:36.025+0000] {dag.py:3239} INFO - Sync 1 DAGs
[2025-12-24T09:26:36.075+0000] {logging_mixin.py:190} INFO - [2025-12-24T09:26:36.074+0000] {dag.py:4180} INFO - Setting next_dagrun for example_branch_labels to 2025-12-23 00:00:00+00:00, run_after=2025-12-24 00:00:00+00:00
[2025-12-24T09:26:36.116+0000] {processor.py:208} INFO - Processing /home/airflow/.local/lib/python3.11/site-packages/airflow/example_dags/example_branch_labels.py took 0.168 seconds
[2025-12-24T09:26:46.251+0000] {processor.py:186} INFO - Started process (PID=841) to work on /home/airflow/.local/lib/python3.11/site-packages/airflow/example_dags/example_branch_labels.py
[2025-12-24T09:26:46.253+0000] {processor.py:914} INFO - Processing file /home/airflow/.local/lib/python3.11/site-packages/airflow/example_dags/example_branch_labels.py for tasks to queue
[2025-12-24T09:26:46.257+0000] {logging_mixin.py:190} INFO - [2025-12-24T09:26:46.257+0000] {dagbag.py:588} INFO - Filling up the DagBag from /home/airflow/.local/lib/python3.11/site-packages/airflow/example_dags/example_branch_labels.py
[2025-12-24T09:26:46.278+0000] {processor.py:925} INFO - DAG(s) 'example_branch_labels' retrieved from /home/airflow/.local/lib/python3.11/site-packages/airflow/example_dags/example_branch_labels.py
[2025-12-24T09:26:46.315+0000] {logging_mixin.py:190} INFO - [2025-12-24T09:26:46.314+0000] {dag.py:3239} INFO - Sync 1 DAGs
[2025-12-24T09:26:46.347+0000] {logging_mixin.py:190} INFO - [2025-12-24T09:26:46.347+0000] {dag.py:4180} INFO - Setting next_dagrun for example_branch_labels to 2025-12-23 00:00:00+00:00, run_after=2025-12-24 00:00:00+00:00
[2025-12-24T09:26:46.378+0000] {processor.py:208} INFO - Processing /home/airflow/.local/lib/python3.11/site-packages/airflow/example_dags/example_branch_labels.py took 0.138 seconds
[2025-12-24T09:27:43.843+0000] {processor.py:186} INFO - Started process (PID=903) to work on /home/airflow/.local/lib/python3.11/site-packages/airflow/example_dags/example_branch_labels.py
[2025-12-24T09:27:43.846+0000] {processor.py:914} INFO - Processing file /home/airflow/.local/lib/python3.11/site-packages/airflow/example_dags/example_branch_labels.py for tasks to queue
[2025-12-24T09:27:43.853+0000] {logging_mixin.py:190} INFO - [2025-12-24T09:27:43.853+0000] {dagbag.py:588} INFO - Filling up the DagBag from /home/airflow/.local/lib/python3.11/site-packages/airflow/example_dags/example_branch_labels.py
[2025-12-24T09:27:43.876+0000] {processor.py:925} INFO - DAG(s) 'example_branch_labels' retrieved from /home/airflow/.local/lib/python3.11/site-packages/airflow/example_dags/example_branch_labels.py
[2025-12-24T09:27:43.933+0000] {logging_mixin.py:190} INFO - [2025-12-24T09:27:43.933+0000] {dag.py:3239} INFO - Sync 1 DAGs
[2025-12-24T09:27:43.983+0000] {logging_mixin.py:190} INFO - [2025-12-24T09:27:43.982+0000] {dag.py:4180} INFO - Setting next_dagrun for example_branch_labels to 2025-12-23 00:00:00+00:00, run_after=2025-12-24 00:00:00+00:00
[2025-12-24T09:27:44.021+0000] {processor.py:208} INFO - Processing /home/airflow/.local/lib/python3.11/site-packages/airflow/example_dags/example_branch_labels.py took 0.195 seconds
[2025-12-24T09:27:51.158+0000] {processor.py:186} INFO - Started process (PID=969) to work on /home/airflow/.local/lib/python3.11/site-packages/airflow/example_dags/example_branch_labels.py
[2025-12-24T09:27:51.160+0000] {processor.py:914} INFO - Processing file /home/airflow/.local/lib/python3.11/site-packages/airflow/example_dags/example_branch_labels.py for tasks to queue
[2025-12-24T09:27:51.165+0000] {logging_mixin.py:190} INFO - [2025-12-24T09:27:51.165+0000] {dagbag.py:588} INFO - Filling up the DagBag from /home/airflow/.local/lib/python3.11/site-packages/airflow/example_dags/example_branch_labels.py
[2025-12-24T09:27:51.187+0000] {processor.py:925} INFO - DAG(s) 'example_branch_labels' retrieved from /home/airflow/.local/lib/python3.11/site-packages/airflow/example_dags/example_branch_labels.py
[2025-12-24T09:27:51.231+0000] {logging_mixin.py:190} INFO - [2025-12-24T09:27:51.230+0000] {dag.py:3239} INFO - Sync 1 DAGs
[2025-12-24T09:27:51.271+0000] {logging_mixin.py:190} INFO - [2025-12-24T09:27:51.270+0000] {dag.py:4180} INFO - Setting next_dagrun for example_branch_labels to 2025-12-23 00:00:00+00:00, run_after=2025-12-24 00:00:00+00:00
[2025-12-24T09:27:51.306+0000] {processor.py:208} INFO - Processing /home/airflow/.local/lib/python3.11/site-packages/airflow/example_dags/example_branch_labels.py took 0.164 seconds
[2025-12-24T09:28:01.100+0000] {processor.py:186} INFO - Started process (PID=1035) to work on /home/airflow/.local/lib/python3.11/site-packages/airflow/example_dags/example_branch_labels.py
[2025-12-24T09:28:01.104+0000] {processor.py:914} INFO - Processing file /home/airflow/.local/lib/python3.11/site-packages/airflow/example_dags/example_branch_labels.py for tasks to queue
[2025-12-24T09:28:01.108+0000] {logging_mixin.py:190} INFO - [2025-12-24T09:28:01.107+0000] {dagbag.py:588} INFO - Filling up the DagBag from /home/airflow/.local/lib/python3.11/site-packages/airflow/example_dags/example_branch_labels.py
[2025-12-24T09:28:01.122+0000] {processor.py:925} INFO - DAG(s) 'example_branch_labels' retrieved from /home/airflow/.local/lib/python3.11/site-packages/airflow/example_dags/example_branch_labels.py
[2025-12-24T09:28:01.155+0000] {logging_mixin.py:190} INFO - [2025-12-24T09:28:01.154+0000] {dag.py:3239} INFO - Sync 1 DAGs
[2025-12-24T09:28:01.217+0000] {logging_mixin.py:190} INFO - [2025-12-24T09:28:01.216+0000] {dag.py:4180} INFO - Setting next_dagrun for example_branch_labels to 2025-12-23 00:00:00+00:00, run_after=2025-12-24 00:00:00+00:00
[2025-12-24T09:28:01.249+0000] {processor.py:208} INFO - Processing /home/airflow/.local/lib/python3.11/site-packages/airflow/example_dags/example_branch_labels.py took 0.161 seconds
[2025-12-24T09:28:15.758+0000] {processor.py:186} INFO - Started process (PID=1094) to work on /home/airflow/.local/lib/python3.11/site-packages/airflow/example_dags/example_branch_labels.py
[2025-12-24T09:28:15.759+0000] {processor.py:914} INFO - Processing file /home/airflow/.local/lib/python3.11/site-packages/airflow/example_dags/example_branch_labels.py for tasks to queue
[2025-12-24T09:28:15.763+0000] {logging_mixin.py:190} INFO - [2025-12-24T09:28:15.762+0000] {dagbag.py:588} INFO - Filling up the DagBag from /home/airflow/.local/lib/python3.11/site-packages/airflow/example_dags/example_branch_labels.py
[2025-12-24T09:28:15.777+0000] {processor.py:925} INFO - DAG(s) 'example_branch_labels' retrieved from /home/airflow/.local/lib/python3.11/site-packages/airflow/example_dags/example_branch_labels.py
[2025-12-24T09:28:15.809+0000] {logging_mixin.py:190} INFO - [2025-12-24T09:28:15.807+0000] {dag.py:3239} INFO - Sync 1 DAGs
[2025-12-24T09:28:15.847+0000] {logging_mixin.py:190} INFO - [2025-12-24T09:28:15.847+0000] {dag.py:4180} INFO - Setting next_dagrun for example_branch_labels to 2025-12-23 00:00:00+00:00, run_after=2025-12-24 00:00:00+00:00
[2025-12-24T09:28:15.874+0000] {processor.py:208} INFO - Processing /home/airflow/.local/lib/python3.11/site-packages/airflow/example_dags/example_branch_labels.py took 0.125 seconds
[2025-12-24T09:29:13.444+0000] {processor.py:186} INFO - Started process (PID=1153) to work on /home/airflow/.local/lib/python3.11/site-packages/airflow/example_dags/example_branch_labels.py
[2025-12-24T09:29:13.447+0000] {processor.py:914} INFO - Processing file /home/airflow/.local/lib/python3.11/site-packages/airflow/example_dags/example_branch_labels.py for tasks to queue
[2025-12-24T09:29:13.452+0000] {logging_mixin.py:190} INFO - [2025-12-24T09:29:13.452+0000] {dagbag.py:588} INFO - Filling up the DagBag from /home/airflow/.local/lib/python3.11/site-packages/airflow/example_dags/example_branch_labels.py
[2025-12-24T09:29:13.485+0000] {processor.py:925} INFO - DAG(s) 'example_branch_labels' retrieved from /home/airflow/.local/lib/python3.11/site-packages/airflow/example_dags/example_branch_labels.py
[2025-12-24T09:29:13.538+0000] {logging_mixin.py:190} INFO - [2025-12-24T09:29:13.536+0000] {dag.py:3239} INFO - Sync 1 DAGs
[2025-12-24T09:29:13.583+0000] {logging_mixin.py:190} INFO - [2025-12-24T09:29:13.583+0000] {dag.py:4180} INFO - Setting next_dagrun for example_branch_labels to 2025-12-23 00:00:00+00:00, run_after=2025-12-24 00:00:00+00:00
[2025-12-24T09:29:13.624+0000] {processor.py:208} INFO - Processing /home/airflow/.local/lib/python3.11/site-packages/airflow/example_dags/example_branch_labels.py took 0.195 seconds
