[2025-12-24T09:02:55.196+0000] {processor.py:186} INFO - Started process (PID=91) to work on /home/airflow/.local/lib/python3.11/site-packages/airflow/example_dags/example_latest_only_with_trigger.py
[2025-12-24T09:02:55.198+0000] {processor.py:914} INFO - Processing file /home/airflow/.local/lib/python3.11/site-packages/airflow/example_dags/example_latest_only_with_trigger.py for tasks to queue
[2025-12-24T09:02:55.203+0000] {logging_mixin.py:190} INFO - [2025-12-24T09:02:55.202+0000] {dagbag.py:588} INFO - Filling up the DagBag from /home/airflow/.local/lib/python3.11/site-packages/airflow/example_dags/example_latest_only_with_trigger.py
[2025-12-24T09:02:55.219+0000] {processor.py:925} INFO - DAG(s) 'latest_only_with_trigger' retrieved from /home/airflow/.local/lib/python3.11/site-packages/airflow/example_dags/example_latest_only_with_trigger.py
[2025-12-24T09:02:55.427+0000] {logging_mixin.py:190} INFO - [2025-12-24T09:02:55.425+0000] {override.py:1911} INFO - Created Permission View: can edit on DAG:latest_only_with_trigger
[2025-12-24T09:02:55.448+0000] {logging_mixin.py:190} INFO - [2025-12-24T09:02:55.447+0000] {override.py:1911} INFO - Created Permission View: can read on DAG:latest_only_with_trigger
[2025-12-24T09:02:55.461+0000] {logging_mixin.py:190} INFO - [2025-12-24T09:02:55.461+0000] {override.py:1911} INFO - Created Permission View: can delete on DAG:latest_only_with_trigger
[2025-12-24T09:02:55.484+0000] {logging_mixin.py:190} INFO - [2025-12-24T09:02:55.484+0000] {override.py:1911} INFO - Created Permission View: can read on DAG Run:latest_only_with_trigger
[2025-12-24T09:03:37.857+0000] {logging_mixin.py:190} INFO - [2025-12-24T09:03:37.856+0000] {override.py:1911} INFO - Created Permission View: can create on DAG Run:latest_only_with_trigger
[2025-12-24T09:03:37.876+0000] {logging_mixin.py:190} INFO - [2025-12-24T09:03:37.875+0000] {override.py:1911} INFO - Created Permission View: can delete on DAG Run:latest_only_with_trigger
[2025-12-24T09:03:37.902+0000] {logging_mixin.py:190} INFO - [2025-12-24T09:03:37.902+0000] {override.py:1911} INFO - Created Permission View: menu access on DAG Run:latest_only_with_trigger
[2025-12-24T09:03:37.904+0000] {logging_mixin.py:190} INFO - [2025-12-24T09:03:37.903+0000] {dag.py:3239} INFO - Sync 1 DAGs
[2025-12-24T09:03:37.923+0000] {logging_mixin.py:190} INFO - [2025-12-24T09:03:37.923+0000] {dag.py:3262} INFO - Creating ORM DAG for latest_only_with_trigger
[2025-12-24T09:03:37.936+0000] {logging_mixin.py:190} INFO - [2025-12-24T09:03:37.936+0000] {dag.py:4180} INFO - Setting next_dagrun for latest_only_with_trigger to 2025-12-24 04:00:00+00:00, run_after=2025-12-24 08:00:00+00:00
[2025-12-24T09:03:37.962+0000] {processor.py:208} INFO - Processing /home/airflow/.local/lib/python3.11/site-packages/airflow/example_dags/example_latest_only_with_trigger.py took 0.421 seconds
[2025-12-24T09:04:15.308+0000] {processor.py:186} INFO - Started process (PID=214) to work on /home/airflow/.local/lib/python3.11/site-packages/airflow/example_dags/example_latest_only_with_trigger.py
[2025-12-24T09:04:15.310+0000] {processor.py:914} INFO - Processing file /home/airflow/.local/lib/python3.11/site-packages/airflow/example_dags/example_latest_only_with_trigger.py for tasks to queue
[2025-12-24T09:04:15.314+0000] {logging_mixin.py:190} INFO - [2025-12-24T09:04:15.314+0000] {dagbag.py:588} INFO - Filling up the DagBag from /home/airflow/.local/lib/python3.11/site-packages/airflow/example_dags/example_latest_only_with_trigger.py
[2025-12-24T09:04:15.327+0000] {processor.py:925} INFO - DAG(s) 'latest_only_with_trigger' retrieved from /home/airflow/.local/lib/python3.11/site-packages/airflow/example_dags/example_latest_only_with_trigger.py
[2025-12-24T09:04:15.362+0000] {logging_mixin.py:190} INFO - [2025-12-24T09:04:15.361+0000] {dag.py:3239} INFO - Sync 1 DAGs
[2025-12-24T09:04:15.396+0000] {logging_mixin.py:190} INFO - [2025-12-24T09:04:15.396+0000] {dag.py:4180} INFO - Setting next_dagrun for latest_only_with_trigger to 2025-12-24 04:00:00+00:00, run_after=2025-12-24 08:00:00+00:00
[2025-12-24T09:04:15.437+0000] {processor.py:208} INFO - Processing /home/airflow/.local/lib/python3.11/site-packages/airflow/example_dags/example_latest_only_with_trigger.py took 0.142 seconds
[2025-12-24T09:04:12.739+0000] {processor.py:186} INFO - Started process (PID=280) to work on /home/airflow/.local/lib/python3.11/site-packages/airflow/example_dags/example_latest_only_with_trigger.py
[2025-12-24T09:04:12.744+0000] {processor.py:914} INFO - Processing file /home/airflow/.local/lib/python3.11/site-packages/airflow/example_dags/example_latest_only_with_trigger.py for tasks to queue
[2025-12-24T09:04:12.750+0000] {logging_mixin.py:190} INFO - [2025-12-24T09:04:12.749+0000] {dagbag.py:588} INFO - Filling up the DagBag from /home/airflow/.local/lib/python3.11/site-packages/airflow/example_dags/example_latest_only_with_trigger.py
[2025-12-24T09:04:12.767+0000] {processor.py:925} INFO - DAG(s) 'latest_only_with_trigger' retrieved from /home/airflow/.local/lib/python3.11/site-packages/airflow/example_dags/example_latest_only_with_trigger.py
[2025-12-24T09:04:12.815+0000] {logging_mixin.py:190} INFO - [2025-12-24T09:04:12.815+0000] {dag.py:3239} INFO - Sync 1 DAGs
[2025-12-24T09:04:12.847+0000] {logging_mixin.py:190} INFO - [2025-12-24T09:04:12.847+0000] {dag.py:4180} INFO - Setting next_dagrun for latest_only_with_trigger to 2025-12-24 04:00:00+00:00, run_after=2025-12-24 08:00:00+00:00
[2025-12-24T09:04:12.874+0000] {processor.py:208} INFO - Processing /home/airflow/.local/lib/python3.11/site-packages/airflow/example_dags/example_latest_only_with_trigger.py took 0.148 seconds
[2025-12-24T09:04:42.941+0000] {processor.py:186} INFO - Started process (PID=343) to work on /home/airflow/.local/lib/python3.11/site-packages/airflow/example_dags/example_latest_only_with_trigger.py
[2025-12-24T09:04:42.948+0000] {processor.py:914} INFO - Processing file /home/airflow/.local/lib/python3.11/site-packages/airflow/example_dags/example_latest_only_with_trigger.py for tasks to queue
[2025-12-24T09:04:42.962+0000] {logging_mixin.py:190} INFO - [2025-12-24T09:04:42.962+0000] {dagbag.py:588} INFO - Filling up the DagBag from /home/airflow/.local/lib/python3.11/site-packages/airflow/example_dags/example_latest_only_with_trigger.py
[2025-12-24T09:04:42.985+0000] {processor.py:925} INFO - DAG(s) 'latest_only_with_trigger' retrieved from /home/airflow/.local/lib/python3.11/site-packages/airflow/example_dags/example_latest_only_with_trigger.py
[2025-12-24T09:04:43.073+0000] {logging_mixin.py:190} INFO - [2025-12-24T09:04:43.072+0000] {dag.py:3239} INFO - Sync 1 DAGs
[2025-12-24T09:04:43.117+0000] {logging_mixin.py:190} INFO - [2025-12-24T09:04:43.116+0000] {dag.py:4180} INFO - Setting next_dagrun for latest_only_with_trigger to 2025-12-24 04:00:00+00:00, run_after=2025-12-24 08:00:00+00:00
[2025-12-24T09:04:43.155+0000] {processor.py:208} INFO - Processing /home/airflow/.local/lib/python3.11/site-packages/airflow/example_dags/example_latest_only_with_trigger.py took 0.234 seconds
[2025-12-24T09:04:52.585+0000] {processor.py:186} INFO - Started process (PID=408) to work on /home/airflow/.local/lib/python3.11/site-packages/airflow/example_dags/example_latest_only_with_trigger.py
[2025-12-24T09:04:52.586+0000] {processor.py:914} INFO - Processing file /home/airflow/.local/lib/python3.11/site-packages/airflow/example_dags/example_latest_only_with_trigger.py for tasks to queue
[2025-12-24T09:04:52.590+0000] {logging_mixin.py:190} INFO - [2025-12-24T09:04:52.590+0000] {dagbag.py:588} INFO - Filling up the DagBag from /home/airflow/.local/lib/python3.11/site-packages/airflow/example_dags/example_latest_only_with_trigger.py
[2025-12-24T09:04:52.604+0000] {processor.py:925} INFO - DAG(s) 'latest_only_with_trigger' retrieved from /home/airflow/.local/lib/python3.11/site-packages/airflow/example_dags/example_latest_only_with_trigger.py
[2025-12-24T09:04:52.636+0000] {logging_mixin.py:190} INFO - [2025-12-24T09:04:52.635+0000] {dag.py:3239} INFO - Sync 1 DAGs
[2025-12-24T09:04:52.664+0000] {logging_mixin.py:190} INFO - [2025-12-24T09:04:52.664+0000] {dag.py:4180} INFO - Setting next_dagrun for latest_only_with_trigger to 2025-12-24 04:00:00+00:00, run_after=2025-12-24 08:00:00+00:00
[2025-12-24T09:04:52.688+0000] {processor.py:208} INFO - Processing /home/airflow/.local/lib/python3.11/site-packages/airflow/example_dags/example_latest_only_with_trigger.py took 0.113 seconds
[2025-12-24T09:05:23.318+0000] {processor.py:186} INFO - Started process (PID=474) to work on /home/airflow/.local/lib/python3.11/site-packages/airflow/example_dags/example_latest_only_with_trigger.py
[2025-12-24T09:05:23.320+0000] {processor.py:914} INFO - Processing file /home/airflow/.local/lib/python3.11/site-packages/airflow/example_dags/example_latest_only_with_trigger.py for tasks to queue
[2025-12-24T09:05:23.324+0000] {logging_mixin.py:190} INFO - [2025-12-24T09:05:23.324+0000] {dagbag.py:588} INFO - Filling up the DagBag from /home/airflow/.local/lib/python3.11/site-packages/airflow/example_dags/example_latest_only_with_trigger.py
[2025-12-24T09:05:23.338+0000] {processor.py:925} INFO - DAG(s) 'latest_only_with_trigger' retrieved from /home/airflow/.local/lib/python3.11/site-packages/airflow/example_dags/example_latest_only_with_trigger.py
[2025-12-24T09:05:23.377+0000] {logging_mixin.py:190} INFO - [2025-12-24T09:05:23.376+0000] {dag.py:3239} INFO - Sync 1 DAGs
[2025-12-24T09:05:23.412+0000] {logging_mixin.py:190} INFO - [2025-12-24T09:05:23.411+0000] {dag.py:4180} INFO - Setting next_dagrun for latest_only_with_trigger to 2025-12-24 04:00:00+00:00, run_after=2025-12-24 08:00:00+00:00
[2025-12-24T09:05:23.440+0000] {processor.py:208} INFO - Processing /home/airflow/.local/lib/python3.11/site-packages/airflow/example_dags/example_latest_only_with_trigger.py took 0.131 seconds
[2025-12-24T09:05:27.100+0000] {processor.py:186} INFO - Started process (PID=509) to work on /home/airflow/.local/lib/python3.11/site-packages/airflow/example_dags/example_latest_only_with_trigger.py
[2025-12-24T09:05:27.102+0000] {processor.py:914} INFO - Processing file /home/airflow/.local/lib/python3.11/site-packages/airflow/example_dags/example_latest_only_with_trigger.py for tasks to queue
[2025-12-24T09:05:27.105+0000] {logging_mixin.py:190} INFO - [2025-12-24T09:05:27.105+0000] {dagbag.py:588} INFO - Filling up the DagBag from /home/airflow/.local/lib/python3.11/site-packages/airflow/example_dags/example_latest_only_with_trigger.py
[2025-12-24T09:05:27.117+0000] {processor.py:925} INFO - DAG(s) 'latest_only_with_trigger' retrieved from /home/airflow/.local/lib/python3.11/site-packages/airflow/example_dags/example_latest_only_with_trigger.py
[2025-12-24T09:05:27.146+0000] {logging_mixin.py:190} INFO - [2025-12-24T09:05:27.146+0000] {dag.py:3239} INFO - Sync 1 DAGs
[2025-12-24T09:05:27.171+0000] {logging_mixin.py:190} INFO - [2025-12-24T09:05:27.171+0000] {dag.py:4180} INFO - Setting next_dagrun for latest_only_with_trigger to 2025-12-24 04:00:00+00:00, run_after=2025-12-24 08:00:00+00:00
[2025-12-24T09:05:27.196+0000] {processor.py:208} INFO - Processing /home/airflow/.local/lib/python3.11/site-packages/airflow/example_dags/example_latest_only_with_trigger.py took 0.112 seconds
[2025-12-24T09:05:38.279+0000] {processor.py:186} INFO - Started process (PID=564) to work on /home/airflow/.local/lib/python3.11/site-packages/airflow/example_dags/example_latest_only_with_trigger.py
[2025-12-24T09:05:38.280+0000] {processor.py:914} INFO - Processing file /home/airflow/.local/lib/python3.11/site-packages/airflow/example_dags/example_latest_only_with_trigger.py for tasks to queue
[2025-12-24T09:05:38.285+0000] {logging_mixin.py:190} INFO - [2025-12-24T09:05:38.285+0000] {dagbag.py:588} INFO - Filling up the DagBag from /home/airflow/.local/lib/python3.11/site-packages/airflow/example_dags/example_latest_only_with_trigger.py
[2025-12-24T09:05:38.299+0000] {processor.py:925} INFO - DAG(s) 'latest_only_with_trigger' retrieved from /home/airflow/.local/lib/python3.11/site-packages/airflow/example_dags/example_latest_only_with_trigger.py
[2025-12-24T09:05:38.338+0000] {logging_mixin.py:190} INFO - [2025-12-24T09:05:38.337+0000] {dag.py:3239} INFO - Sync 1 DAGs
[2025-12-24T09:05:38.377+0000] {logging_mixin.py:190} INFO - [2025-12-24T09:05:38.377+0000] {dag.py:4180} INFO - Setting next_dagrun for latest_only_with_trigger to 2025-12-24 04:00:00+00:00, run_after=2025-12-24 08:00:00+00:00
[2025-12-24T09:05:38.513+0000] {processor.py:208} INFO - Processing /home/airflow/.local/lib/python3.11/site-packages/airflow/example_dags/example_latest_only_with_trigger.py took 0.246 seconds
[2025-12-24T09:06:40.500+0000] {processor.py:186} INFO - Started process (PID=626) to work on /home/airflow/.local/lib/python3.11/site-packages/airflow/example_dags/example_latest_only_with_trigger.py
[2025-12-24T09:06:40.502+0000] {processor.py:914} INFO - Processing file /home/airflow/.local/lib/python3.11/site-packages/airflow/example_dags/example_latest_only_with_trigger.py for tasks to queue
[2025-12-24T09:06:40.506+0000] {logging_mixin.py:190} INFO - [2025-12-24T09:06:40.505+0000] {dagbag.py:588} INFO - Filling up the DagBag from /home/airflow/.local/lib/python3.11/site-packages/airflow/example_dags/example_latest_only_with_trigger.py
[2025-12-24T09:06:40.517+0000] {processor.py:925} INFO - DAG(s) 'latest_only_with_trigger' retrieved from /home/airflow/.local/lib/python3.11/site-packages/airflow/example_dags/example_latest_only_with_trigger.py
[2025-12-24T09:06:40.550+0000] {logging_mixin.py:190} INFO - [2025-12-24T09:06:40.550+0000] {dag.py:3239} INFO - Sync 1 DAGs
[2025-12-24T09:06:40.578+0000] {logging_mixin.py:190} INFO - [2025-12-24T09:06:40.577+0000] {dag.py:4180} INFO - Setting next_dagrun for latest_only_with_trigger to 2025-12-24 04:00:00+00:00, run_after=2025-12-24 08:00:00+00:00
[2025-12-24T09:06:40.610+0000] {processor.py:208} INFO - Processing /home/airflow/.local/lib/python3.11/site-packages/airflow/example_dags/example_latest_only_with_trigger.py took 0.128 seconds
[2025-12-24T09:06:43.302+0000] {processor.py:186} INFO - Started process (PID=692) to work on /home/airflow/.local/lib/python3.11/site-packages/airflow/example_dags/example_latest_only_with_trigger.py
[2025-12-24T09:06:43.304+0000] {processor.py:914} INFO - Processing file /home/airflow/.local/lib/python3.11/site-packages/airflow/example_dags/example_latest_only_with_trigger.py for tasks to queue
[2025-12-24T09:06:43.309+0000] {logging_mixin.py:190} INFO - [2025-12-24T09:06:43.309+0000] {dagbag.py:588} INFO - Filling up the DagBag from /home/airflow/.local/lib/python3.11/site-packages/airflow/example_dags/example_latest_only_with_trigger.py
[2025-12-24T09:06:43.326+0000] {processor.py:925} INFO - DAG(s) 'latest_only_with_trigger' retrieved from /home/airflow/.local/lib/python3.11/site-packages/airflow/example_dags/example_latest_only_with_trigger.py
[2025-12-24T09:06:43.370+0000] {logging_mixin.py:190} INFO - [2025-12-24T09:06:43.369+0000] {dag.py:3239} INFO - Sync 1 DAGs
[2025-12-24T09:06:43.411+0000] {logging_mixin.py:190} INFO - [2025-12-24T09:06:43.410+0000] {dag.py:4180} INFO - Setting next_dagrun for latest_only_with_trigger to 2025-12-24 04:00:00+00:00, run_after=2025-12-24 08:00:00+00:00
[2025-12-24T09:06:43.449+0000] {processor.py:208} INFO - Processing /home/airflow/.local/lib/python3.11/site-packages/airflow/example_dags/example_latest_only_with_trigger.py took 0.159 seconds
[2025-12-24T09:07:12.832+0000] {processor.py:186} INFO - Started process (PID=758) to work on /home/airflow/.local/lib/python3.11/site-packages/airflow/example_dags/example_latest_only_with_trigger.py
[2025-12-24T09:07:12.834+0000] {processor.py:914} INFO - Processing file /home/airflow/.local/lib/python3.11/site-packages/airflow/example_dags/example_latest_only_with_trigger.py for tasks to queue
[2025-12-24T09:07:12.838+0000] {logging_mixin.py:190} INFO - [2025-12-24T09:07:12.837+0000] {dagbag.py:588} INFO - Filling up the DagBag from /home/airflow/.local/lib/python3.11/site-packages/airflow/example_dags/example_latest_only_with_trigger.py
[2025-12-24T09:07:12.851+0000] {processor.py:925} INFO - DAG(s) 'latest_only_with_trigger' retrieved from /home/airflow/.local/lib/python3.11/site-packages/airflow/example_dags/example_latest_only_with_trigger.py
[2025-12-24T09:07:12.894+0000] {logging_mixin.py:190} INFO - [2025-12-24T09:07:12.893+0000] {dag.py:3239} INFO - Sync 1 DAGs
[2025-12-24T09:07:12.935+0000] {logging_mixin.py:190} INFO - [2025-12-24T09:07:12.934+0000] {dag.py:4180} INFO - Setting next_dagrun for latest_only_with_trigger to 2025-12-24 04:00:00+00:00, run_after=2025-12-24 08:00:00+00:00
[2025-12-24T09:07:12.976+0000] {processor.py:208} INFO - Processing /home/airflow/.local/lib/python3.11/site-packages/airflow/example_dags/example_latest_only_with_trigger.py took 0.155 seconds
[2025-12-24T09:07:22.521+0000] {processor.py:186} INFO - Started process (PID=820) to work on /home/airflow/.local/lib/python3.11/site-packages/airflow/example_dags/example_latest_only_with_trigger.py
[2025-12-24T09:07:22.523+0000] {processor.py:914} INFO - Processing file /home/airflow/.local/lib/python3.11/site-packages/airflow/example_dags/example_latest_only_with_trigger.py for tasks to queue
[2025-12-24T09:07:22.527+0000] {logging_mixin.py:190} INFO - [2025-12-24T09:07:22.527+0000] {dagbag.py:588} INFO - Filling up the DagBag from /home/airflow/.local/lib/python3.11/site-packages/airflow/example_dags/example_latest_only_with_trigger.py
[2025-12-24T09:07:22.540+0000] {processor.py:925} INFO - DAG(s) 'latest_only_with_trigger' retrieved from /home/airflow/.local/lib/python3.11/site-packages/airflow/example_dags/example_latest_only_with_trigger.py
[2025-12-24T09:07:22.570+0000] {logging_mixin.py:190} INFO - [2025-12-24T09:07:22.570+0000] {dag.py:3239} INFO - Sync 1 DAGs
[2025-12-24T09:07:22.598+0000] {logging_mixin.py:190} INFO - [2025-12-24T09:07:22.598+0000] {dag.py:4180} INFO - Setting next_dagrun for latest_only_with_trigger to 2025-12-24 04:00:00+00:00, run_after=2025-12-24 08:00:00+00:00
[2025-12-24T09:07:22.726+0000] {processor.py:208} INFO - Processing /home/airflow/.local/lib/python3.11/site-packages/airflow/example_dags/example_latest_only_with_trigger.py took 0.215 seconds
[2025-12-24T09:07:32.803+0000] {processor.py:186} INFO - Started process (PID=877) to work on /home/airflow/.local/lib/python3.11/site-packages/airflow/example_dags/example_latest_only_with_trigger.py
[2025-12-24T09:07:32.804+0000] {processor.py:914} INFO - Processing file /home/airflow/.local/lib/python3.11/site-packages/airflow/example_dags/example_latest_only_with_trigger.py for tasks to queue
[2025-12-24T09:07:32.808+0000] {logging_mixin.py:190} INFO - [2025-12-24T09:07:32.808+0000] {dagbag.py:588} INFO - Filling up the DagBag from /home/airflow/.local/lib/python3.11/site-packages/airflow/example_dags/example_latest_only_with_trigger.py
[2025-12-24T09:07:32.824+0000] {processor.py:925} INFO - DAG(s) 'latest_only_with_trigger' retrieved from /home/airflow/.local/lib/python3.11/site-packages/airflow/example_dags/example_latest_only_with_trigger.py
[2025-12-24T09:07:32.856+0000] {logging_mixin.py:190} INFO - [2025-12-24T09:07:32.855+0000] {dag.py:3239} INFO - Sync 1 DAGs
[2025-12-24T09:07:32.888+0000] {logging_mixin.py:190} INFO - [2025-12-24T09:07:32.888+0000] {dag.py:4180} INFO - Setting next_dagrun for latest_only_with_trigger to 2025-12-24 04:00:00+00:00, run_after=2025-12-24 08:00:00+00:00
[2025-12-24T09:07:32.914+0000] {processor.py:208} INFO - Processing /home/airflow/.local/lib/python3.11/site-packages/airflow/example_dags/example_latest_only_with_trigger.py took 0.122 seconds
[2025-12-24T09:07:42.490+0000] {processor.py:186} INFO - Started process (PID=933) to work on /home/airflow/.local/lib/python3.11/site-packages/airflow/example_dags/example_latest_only_with_trigger.py
[2025-12-24T09:07:42.492+0000] {processor.py:914} INFO - Processing file /home/airflow/.local/lib/python3.11/site-packages/airflow/example_dags/example_latest_only_with_trigger.py for tasks to queue
[2025-12-24T09:07:42.496+0000] {logging_mixin.py:190} INFO - [2025-12-24T09:07:42.496+0000] {dagbag.py:588} INFO - Filling up the DagBag from /home/airflow/.local/lib/python3.11/site-packages/airflow/example_dags/example_latest_only_with_trigger.py
[2025-12-24T09:07:42.508+0000] {processor.py:925} INFO - DAG(s) 'latest_only_with_trigger' retrieved from /home/airflow/.local/lib/python3.11/site-packages/airflow/example_dags/example_latest_only_with_trigger.py
[2025-12-24T09:07:42.549+0000] {logging_mixin.py:190} INFO - [2025-12-24T09:07:42.548+0000] {dag.py:3239} INFO - Sync 1 DAGs
[2025-12-24T09:07:42.580+0000] {logging_mixin.py:190} INFO - [2025-12-24T09:07:42.580+0000] {dag.py:4180} INFO - Setting next_dagrun for latest_only_with_trigger to 2025-12-24 04:00:00+00:00, run_after=2025-12-24 08:00:00+00:00
[2025-12-24T09:07:42.611+0000] {processor.py:208} INFO - Processing /home/airflow/.local/lib/python3.11/site-packages/airflow/example_dags/example_latest_only_with_trigger.py took 0.130 seconds
[2025-12-24T09:08:40.058+0000] {processor.py:186} INFO - Started process (PID=994) to work on /home/airflow/.local/lib/python3.11/site-packages/airflow/example_dags/example_latest_only_with_trigger.py
[2025-12-24T09:08:40.060+0000] {processor.py:914} INFO - Processing file /home/airflow/.local/lib/python3.11/site-packages/airflow/example_dags/example_latest_only_with_trigger.py for tasks to queue
[2025-12-24T09:08:40.065+0000] {logging_mixin.py:190} INFO - [2025-12-24T09:08:40.065+0000] {dagbag.py:588} INFO - Filling up the DagBag from /home/airflow/.local/lib/python3.11/site-packages/airflow/example_dags/example_latest_only_with_trigger.py
[2025-12-24T09:08:40.082+0000] {processor.py:925} INFO - DAG(s) 'latest_only_with_trigger' retrieved from /home/airflow/.local/lib/python3.11/site-packages/airflow/example_dags/example_latest_only_with_trigger.py
[2025-12-24T09:08:40.123+0000] {logging_mixin.py:190} INFO - [2025-12-24T09:08:40.122+0000] {dag.py:3239} INFO - Sync 1 DAGs
[2025-12-24T09:08:40.161+0000] {logging_mixin.py:190} INFO - [2025-12-24T09:08:40.160+0000] {dag.py:4180} INFO - Setting next_dagrun for latest_only_with_trigger to 2025-12-24 04:00:00+00:00, run_after=2025-12-24 08:00:00+00:00
[2025-12-24T09:08:40.194+0000] {processor.py:208} INFO - Processing /home/airflow/.local/lib/python3.11/site-packages/airflow/example_dags/example_latest_only_with_trigger.py took 0.149 seconds
[2025-12-24T09:09:19.886+0000] {processor.py:186} INFO - Started process (PID=1061) to work on /home/airflow/.local/lib/python3.11/site-packages/airflow/example_dags/example_latest_only_with_trigger.py
[2025-12-24T09:09:19.888+0000] {processor.py:914} INFO - Processing file /home/airflow/.local/lib/python3.11/site-packages/airflow/example_dags/example_latest_only_with_trigger.py for tasks to queue
[2025-12-24T09:09:19.893+0000] {logging_mixin.py:190} INFO - [2025-12-24T09:09:19.892+0000] {dagbag.py:588} INFO - Filling up the DagBag from /home/airflow/.local/lib/python3.11/site-packages/airflow/example_dags/example_latest_only_with_trigger.py
[2025-12-24T09:09:19.909+0000] {processor.py:925} INFO - DAG(s) 'latest_only_with_trigger' retrieved from /home/airflow/.local/lib/python3.11/site-packages/airflow/example_dags/example_latest_only_with_trigger.py
[2025-12-24T09:09:19.955+0000] {logging_mixin.py:190} INFO - [2025-12-24T09:09:19.954+0000] {dag.py:3239} INFO - Sync 1 DAGs
[2025-12-24T09:09:19.997+0000] {logging_mixin.py:190} INFO - [2025-12-24T09:09:19.996+0000] {dag.py:4180} INFO - Setting next_dagrun for latest_only_with_trigger to 2025-12-24 04:00:00+00:00, run_after=2025-12-24 08:00:00+00:00
[2025-12-24T09:09:20.034+0000] {processor.py:208} INFO - Processing /home/airflow/.local/lib/python3.11/site-packages/airflow/example_dags/example_latest_only_with_trigger.py took 0.162 seconds
[2025-12-24T09:09:17.828+0000] {processor.py:186} INFO - Started process (PID=1141) to work on /home/airflow/.local/lib/python3.11/site-packages/airflow/example_dags/example_latest_only_with_trigger.py
[2025-12-24T09:09:17.830+0000] {processor.py:914} INFO - Processing file /home/airflow/.local/lib/python3.11/site-packages/airflow/example_dags/example_latest_only_with_trigger.py for tasks to queue
[2025-12-24T09:09:17.834+0000] {logging_mixin.py:190} INFO - [2025-12-24T09:09:17.834+0000] {dagbag.py:588} INFO - Filling up the DagBag from /home/airflow/.local/lib/python3.11/site-packages/airflow/example_dags/example_latest_only_with_trigger.py
[2025-12-24T09:09:17.848+0000] {processor.py:925} INFO - DAG(s) 'latest_only_with_trigger' retrieved from /home/airflow/.local/lib/python3.11/site-packages/airflow/example_dags/example_latest_only_with_trigger.py
[2025-12-24T09:09:17.890+0000] {logging_mixin.py:190} INFO - [2025-12-24T09:09:17.889+0000] {dag.py:3239} INFO - Sync 1 DAGs
[2025-12-24T09:09:17.922+0000] {logging_mixin.py:190} INFO - [2025-12-24T09:09:17.921+0000] {dag.py:4180} INFO - Setting next_dagrun for latest_only_with_trigger to 2025-12-24 04:00:00+00:00, run_after=2025-12-24 08:00:00+00:00
[2025-12-24T09:09:17.951+0000] {processor.py:208} INFO - Processing /home/airflow/.local/lib/python3.11/site-packages/airflow/example_dags/example_latest_only_with_trigger.py took 0.136 seconds
[2025-12-24T09:10:25.093+0000] {processor.py:186} INFO - Started process (PID=1201) to work on /home/airflow/.local/lib/python3.11/site-packages/airflow/example_dags/example_latest_only_with_trigger.py
[2025-12-24T09:10:25.094+0000] {processor.py:914} INFO - Processing file /home/airflow/.local/lib/python3.11/site-packages/airflow/example_dags/example_latest_only_with_trigger.py for tasks to queue
[2025-12-24T09:10:25.098+0000] {logging_mixin.py:190} INFO - [2025-12-24T09:10:25.098+0000] {dagbag.py:588} INFO - Filling up the DagBag from /home/airflow/.local/lib/python3.11/site-packages/airflow/example_dags/example_latest_only_with_trigger.py
[2025-12-24T09:10:25.110+0000] {processor.py:925} INFO - DAG(s) 'latest_only_with_trigger' retrieved from /home/airflow/.local/lib/python3.11/site-packages/airflow/example_dags/example_latest_only_with_trigger.py
[2025-12-24T09:10:25.146+0000] {logging_mixin.py:190} INFO - [2025-12-24T09:10:25.145+0000] {dag.py:3239} INFO - Sync 1 DAGs
[2025-12-24T09:10:25.180+0000] {logging_mixin.py:190} INFO - [2025-12-24T09:10:25.180+0000] {dag.py:4180} INFO - Setting next_dagrun for latest_only_with_trigger to 2025-12-24 04:00:00+00:00, run_after=2025-12-24 08:00:00+00:00
[2025-12-24T09:10:25.207+0000] {processor.py:208} INFO - Processing /home/airflow/.local/lib/python3.11/site-packages/airflow/example_dags/example_latest_only_with_trigger.py took 0.124 seconds
[2025-12-24T09:10:18.054+0000] {processor.py:186} INFO - Started process (PID=1273) to work on /home/airflow/.local/lib/python3.11/site-packages/airflow/example_dags/example_latest_only_with_trigger.py
[2025-12-24T09:10:18.057+0000] {processor.py:914} INFO - Processing file /home/airflow/.local/lib/python3.11/site-packages/airflow/example_dags/example_latest_only_with_trigger.py for tasks to queue
[2025-12-24T09:10:18.064+0000] {logging_mixin.py:190} INFO - [2025-12-24T09:10:18.064+0000] {dagbag.py:588} INFO - Filling up the DagBag from /home/airflow/.local/lib/python3.11/site-packages/airflow/example_dags/example_latest_only_with_trigger.py
[2025-12-24T09:10:18.082+0000] {processor.py:925} INFO - DAG(s) 'latest_only_with_trigger' retrieved from /home/airflow/.local/lib/python3.11/site-packages/airflow/example_dags/example_latest_only_with_trigger.py
[2025-12-24T09:10:18.129+0000] {logging_mixin.py:190} INFO - [2025-12-24T09:10:18.128+0000] {dag.py:3239} INFO - Sync 1 DAGs
[2025-12-24T09:10:18.164+0000] {logging_mixin.py:190} INFO - [2025-12-24T09:10:18.164+0000] {dag.py:4180} INFO - Setting next_dagrun for latest_only_with_trigger to 2025-12-24 04:00:00+00:00, run_after=2025-12-24 08:00:00+00:00
[2025-12-24T09:10:18.228+0000] {processor.py:208} INFO - Processing /home/airflow/.local/lib/python3.11/site-packages/airflow/example_dags/example_latest_only_with_trigger.py took 0.189 seconds
[2025-12-24T09:10:48.197+0000] {processor.py:186} INFO - Started process (PID=1322) to work on /home/airflow/.local/lib/python3.11/site-packages/airflow/example_dags/example_latest_only_with_trigger.py
[2025-12-24T09:10:48.198+0000] {processor.py:914} INFO - Processing file /home/airflow/.local/lib/python3.11/site-packages/airflow/example_dags/example_latest_only_with_trigger.py for tasks to queue
[2025-12-24T09:10:48.202+0000] {logging_mixin.py:190} INFO - [2025-12-24T09:10:48.202+0000] {dagbag.py:588} INFO - Filling up the DagBag from /home/airflow/.local/lib/python3.11/site-packages/airflow/example_dags/example_latest_only_with_trigger.py
[2025-12-24T09:10:48.215+0000] {processor.py:925} INFO - DAG(s) 'latest_only_with_trigger' retrieved from /home/airflow/.local/lib/python3.11/site-packages/airflow/example_dags/example_latest_only_with_trigger.py
[2025-12-24T09:10:48.250+0000] {logging_mixin.py:190} INFO - [2025-12-24T09:10:48.249+0000] {dag.py:3239} INFO - Sync 1 DAGs
[2025-12-24T09:10:48.275+0000] {logging_mixin.py:190} INFO - [2025-12-24T09:10:48.275+0000] {dag.py:4180} INFO - Setting next_dagrun for latest_only_with_trigger to 2025-12-24 04:00:00+00:00, run_after=2025-12-24 08:00:00+00:00
[2025-12-24T09:10:48.305+0000] {processor.py:208} INFO - Processing /home/airflow/.local/lib/python3.11/site-packages/airflow/example_dags/example_latest_only_with_trigger.py took 0.119 seconds
[2025-12-24T09:10:57.627+0000] {processor.py:186} INFO - Started process (PID=1379) to work on /home/airflow/.local/lib/python3.11/site-packages/airflow/example_dags/example_latest_only_with_trigger.py
[2025-12-24T09:10:57.629+0000] {processor.py:914} INFO - Processing file /home/airflow/.local/lib/python3.11/site-packages/airflow/example_dags/example_latest_only_with_trigger.py for tasks to queue
[2025-12-24T09:10:57.633+0000] {logging_mixin.py:190} INFO - [2025-12-24T09:10:57.633+0000] {dagbag.py:588} INFO - Filling up the DagBag from /home/airflow/.local/lib/python3.11/site-packages/airflow/example_dags/example_latest_only_with_trigger.py
[2025-12-24T09:10:57.646+0000] {processor.py:925} INFO - DAG(s) 'latest_only_with_trigger' retrieved from /home/airflow/.local/lib/python3.11/site-packages/airflow/example_dags/example_latest_only_with_trigger.py
[2025-12-24T09:10:57.680+0000] {logging_mixin.py:190} INFO - [2025-12-24T09:10:57.679+0000] {dag.py:3239} INFO - Sync 1 DAGs
[2025-12-24T09:10:57.709+0000] {logging_mixin.py:190} INFO - [2025-12-24T09:10:57.709+0000] {dag.py:4180} INFO - Setting next_dagrun for latest_only_with_trigger to 2025-12-24 04:00:00+00:00, run_after=2025-12-24 08:00:00+00:00
[2025-12-24T09:10:57.741+0000] {processor.py:208} INFO - Processing /home/airflow/.local/lib/python3.11/site-packages/airflow/example_dags/example_latest_only_with_trigger.py took 0.129 seconds
[2025-12-24T09:11:28.566+0000] {processor.py:186} INFO - Started process (PID=1442) to work on /home/airflow/.local/lib/python3.11/site-packages/airflow/example_dags/example_latest_only_with_trigger.py
[2025-12-24T09:11:28.568+0000] {processor.py:914} INFO - Processing file /home/airflow/.local/lib/python3.11/site-packages/airflow/example_dags/example_latest_only_with_trigger.py for tasks to queue
[2025-12-24T09:11:28.571+0000] {logging_mixin.py:190} INFO - [2025-12-24T09:11:28.571+0000] {dagbag.py:588} INFO - Filling up the DagBag from /home/airflow/.local/lib/python3.11/site-packages/airflow/example_dags/example_latest_only_with_trigger.py
[2025-12-24T09:11:28.582+0000] {processor.py:925} INFO - DAG(s) 'latest_only_with_trigger' retrieved from /home/airflow/.local/lib/python3.11/site-packages/airflow/example_dags/example_latest_only_with_trigger.py
[2025-12-24T09:11:28.613+0000] {logging_mixin.py:190} INFO - [2025-12-24T09:11:28.613+0000] {dag.py:3239} INFO - Sync 1 DAGs
[2025-12-24T09:11:28.647+0000] {logging_mixin.py:190} INFO - [2025-12-24T09:11:28.647+0000] {dag.py:4180} INFO - Setting next_dagrun for latest_only_with_trigger to 2025-12-24 04:00:00+00:00, run_after=2025-12-24 08:00:00+00:00
[2025-12-24T09:11:28.673+0000] {processor.py:208} INFO - Processing /home/airflow/.local/lib/python3.11/site-packages/airflow/example_dags/example_latest_only_with_trigger.py took 0.116 seconds
[2025-12-24T09:12:30.842+0000] {processor.py:186} INFO - Started process (PID=1505) to work on /home/airflow/.local/lib/python3.11/site-packages/airflow/example_dags/example_latest_only_with_trigger.py
[2025-12-24T09:12:30.843+0000] {processor.py:914} INFO - Processing file /home/airflow/.local/lib/python3.11/site-packages/airflow/example_dags/example_latest_only_with_trigger.py for tasks to queue
[2025-12-24T09:12:30.848+0000] {logging_mixin.py:190} INFO - [2025-12-24T09:12:30.847+0000] {dagbag.py:588} INFO - Filling up the DagBag from /home/airflow/.local/lib/python3.11/site-packages/airflow/example_dags/example_latest_only_with_trigger.py
[2025-12-24T09:12:30.862+0000] {processor.py:925} INFO - DAG(s) 'latest_only_with_trigger' retrieved from /home/airflow/.local/lib/python3.11/site-packages/airflow/example_dags/example_latest_only_with_trigger.py
[2025-12-24T09:12:30.896+0000] {logging_mixin.py:190} INFO - [2025-12-24T09:12:30.895+0000] {dag.py:3239} INFO - Sync 1 DAGs
[2025-12-24T09:12:30.929+0000] {logging_mixin.py:190} INFO - [2025-12-24T09:12:30.929+0000] {dag.py:4180} INFO - Setting next_dagrun for latest_only_with_trigger to 2025-12-24 04:00:00+00:00, run_after=2025-12-24 08:00:00+00:00
[2025-12-24T09:12:30.954+0000] {processor.py:208} INFO - Processing /home/airflow/.local/lib/python3.11/site-packages/airflow/example_dags/example_latest_only_with_trigger.py took 0.122 seconds
[2025-12-24T09:12:42.830+0000] {processor.py:186} INFO - Started process (PID=1569) to work on /home/airflow/.local/lib/python3.11/site-packages/airflow/example_dags/example_latest_only_with_trigger.py
[2025-12-24T09:12:42.832+0000] {processor.py:914} INFO - Processing file /home/airflow/.local/lib/python3.11/site-packages/airflow/example_dags/example_latest_only_with_trigger.py for tasks to queue
[2025-12-24T09:12:42.835+0000] {logging_mixin.py:190} INFO - [2025-12-24T09:12:42.835+0000] {dagbag.py:588} INFO - Filling up the DagBag from /home/airflow/.local/lib/python3.11/site-packages/airflow/example_dags/example_latest_only_with_trigger.py
[2025-12-24T09:12:42.846+0000] {processor.py:925} INFO - DAG(s) 'latest_only_with_trigger' retrieved from /home/airflow/.local/lib/python3.11/site-packages/airflow/example_dags/example_latest_only_with_trigger.py
[2025-12-24T09:12:42.876+0000] {logging_mixin.py:190} INFO - [2025-12-24T09:12:42.875+0000] {dag.py:3239} INFO - Sync 1 DAGs
[2025-12-24T09:12:42.907+0000] {logging_mixin.py:190} INFO - [2025-12-24T09:12:42.906+0000] {dag.py:4180} INFO - Setting next_dagrun for latest_only_with_trigger to 2025-12-24 04:00:00+00:00, run_after=2025-12-24 08:00:00+00:00
[2025-12-24T09:12:42.946+0000] {processor.py:208} INFO - Processing /home/airflow/.local/lib/python3.11/site-packages/airflow/example_dags/example_latest_only_with_trigger.py took 0.128 seconds
[2025-12-24T09:13:31.645+0000] {processor.py:186} INFO - Started process (PID=1636) to work on /home/airflow/.local/lib/python3.11/site-packages/airflow/example_dags/example_latest_only_with_trigger.py
[2025-12-24T09:13:31.647+0000] {processor.py:914} INFO - Processing file /home/airflow/.local/lib/python3.11/site-packages/airflow/example_dags/example_latest_only_with_trigger.py for tasks to queue
[2025-12-24T09:13:31.651+0000] {logging_mixin.py:190} INFO - [2025-12-24T09:13:31.651+0000] {dagbag.py:588} INFO - Filling up the DagBag from /home/airflow/.local/lib/python3.11/site-packages/airflow/example_dags/example_latest_only_with_trigger.py
[2025-12-24T09:13:31.664+0000] {processor.py:925} INFO - DAG(s) 'latest_only_with_trigger' retrieved from /home/airflow/.local/lib/python3.11/site-packages/airflow/example_dags/example_latest_only_with_trigger.py
[2025-12-24T09:13:31.702+0000] {logging_mixin.py:190} INFO - [2025-12-24T09:13:31.701+0000] {dag.py:3239} INFO - Sync 1 DAGs
[2025-12-24T09:13:31.732+0000] {logging_mixin.py:190} INFO - [2025-12-24T09:13:31.731+0000] {dag.py:4180} INFO - Setting next_dagrun for latest_only_with_trigger to 2025-12-24 04:00:00+00:00, run_after=2025-12-24 08:00:00+00:00
[2025-12-24T09:13:31.758+0000] {processor.py:208} INFO - Processing /home/airflow/.local/lib/python3.11/site-packages/airflow/example_dags/example_latest_only_with_trigger.py took 0.123 seconds
[2025-12-24T09:14:25.361+0000] {processor.py:186} INFO - Started process (PID=1686) to work on /home/airflow/.local/lib/python3.11/site-packages/airflow/example_dags/example_latest_only_with_trigger.py
[2025-12-24T09:14:25.364+0000] {processor.py:914} INFO - Processing file /home/airflow/.local/lib/python3.11/site-packages/airflow/example_dags/example_latest_only_with_trigger.py for tasks to queue
[2025-12-24T09:14:25.371+0000] {logging_mixin.py:190} INFO - [2025-12-24T09:14:25.370+0000] {dagbag.py:588} INFO - Filling up the DagBag from /home/airflow/.local/lib/python3.11/site-packages/airflow/example_dags/example_latest_only_with_trigger.py
[2025-12-24T09:14:25.395+0000] {processor.py:925} INFO - DAG(s) 'latest_only_with_trigger' retrieved from /home/airflow/.local/lib/python3.11/site-packages/airflow/example_dags/example_latest_only_with_trigger.py
[2025-12-24T09:14:25.463+0000] {logging_mixin.py:190} INFO - [2025-12-24T09:14:25.462+0000] {dag.py:3239} INFO - Sync 1 DAGs
[2025-12-24T09:14:25.516+0000] {logging_mixin.py:190} INFO - [2025-12-24T09:14:25.516+0000] {dag.py:4180} INFO - Setting next_dagrun for latest_only_with_trigger to 2025-12-24 04:00:00+00:00, run_after=2025-12-24 08:00:00+00:00
[2025-12-24T09:14:25.564+0000] {processor.py:208} INFO - Processing /home/airflow/.local/lib/python3.11/site-packages/airflow/example_dags/example_latest_only_with_trigger.py took 0.229 seconds
[2025-12-24T09:14:38.040+0000] {processor.py:186} INFO - Started process (PID=1758) to work on /home/airflow/.local/lib/python3.11/site-packages/airflow/example_dags/example_latest_only_with_trigger.py
[2025-12-24T09:14:38.042+0000] {processor.py:914} INFO - Processing file /home/airflow/.local/lib/python3.11/site-packages/airflow/example_dags/example_latest_only_with_trigger.py for tasks to queue
[2025-12-24T09:14:38.046+0000] {logging_mixin.py:190} INFO - [2025-12-24T09:14:38.045+0000] {dagbag.py:588} INFO - Filling up the DagBag from /home/airflow/.local/lib/python3.11/site-packages/airflow/example_dags/example_latest_only_with_trigger.py
[2025-12-24T09:14:38.061+0000] {processor.py:925} INFO - DAG(s) 'latest_only_with_trigger' retrieved from /home/airflow/.local/lib/python3.11/site-packages/airflow/example_dags/example_latest_only_with_trigger.py
[2025-12-24T09:14:38.100+0000] {logging_mixin.py:190} INFO - [2025-12-24T09:14:38.099+0000] {dag.py:3239} INFO - Sync 1 DAGs
[2025-12-24T09:14:38.136+0000] {logging_mixin.py:190} INFO - [2025-12-24T09:14:38.135+0000] {dag.py:4180} INFO - Setting next_dagrun for latest_only_with_trigger to 2025-12-24 04:00:00+00:00, run_after=2025-12-24 08:00:00+00:00
[2025-12-24T09:14:38.166+0000] {processor.py:208} INFO - Processing /home/airflow/.local/lib/python3.11/site-packages/airflow/example_dags/example_latest_only_with_trigger.py took 0.137 seconds
[2025-12-24T09:15:08.876+0000] {processor.py:186} INFO - Started process (PID=1822) to work on /home/airflow/.local/lib/python3.11/site-packages/airflow/example_dags/example_latest_only_with_trigger.py
[2025-12-24T09:15:08.879+0000] {processor.py:914} INFO - Processing file /home/airflow/.local/lib/python3.11/site-packages/airflow/example_dags/example_latest_only_with_trigger.py for tasks to queue
[2025-12-24T09:15:08.885+0000] {logging_mixin.py:190} INFO - [2025-12-24T09:15:08.885+0000] {dagbag.py:588} INFO - Filling up the DagBag from /home/airflow/.local/lib/python3.11/site-packages/airflow/example_dags/example_latest_only_with_trigger.py
[2025-12-24T09:15:08.903+0000] {processor.py:925} INFO - DAG(s) 'latest_only_with_trigger' retrieved from /home/airflow/.local/lib/python3.11/site-packages/airflow/example_dags/example_latest_only_with_trigger.py
[2025-12-24T09:15:08.954+0000] {logging_mixin.py:190} INFO - [2025-12-24T09:15:08.953+0000] {dag.py:3239} INFO - Sync 1 DAGs
[2025-12-24T09:15:09.003+0000] {logging_mixin.py:190} INFO - [2025-12-24T09:15:09.003+0000] {dag.py:4180} INFO - Setting next_dagrun for latest_only_with_trigger to 2025-12-24 04:00:00+00:00, run_after=2025-12-24 08:00:00+00:00
[2025-12-24T09:15:09.039+0000] {processor.py:208} INFO - Processing /home/airflow/.local/lib/python3.11/site-packages/airflow/example_dags/example_latest_only_with_trigger.py took 0.178 seconds
[2025-12-24T09:15:39.837+0000] {processor.py:186} INFO - Started process (PID=1885) to work on /home/airflow/.local/lib/python3.11/site-packages/airflow/example_dags/example_latest_only_with_trigger.py
[2025-12-24T09:15:39.839+0000] {processor.py:914} INFO - Processing file /home/airflow/.local/lib/python3.11/site-packages/airflow/example_dags/example_latest_only_with_trigger.py for tasks to queue
[2025-12-24T09:15:39.845+0000] {logging_mixin.py:190} INFO - [2025-12-24T09:15:39.844+0000] {dagbag.py:588} INFO - Filling up the DagBag from /home/airflow/.local/lib/python3.11/site-packages/airflow/example_dags/example_latest_only_with_trigger.py
[2025-12-24T09:15:39.860+0000] {processor.py:925} INFO - DAG(s) 'latest_only_with_trigger' retrieved from /home/airflow/.local/lib/python3.11/site-packages/airflow/example_dags/example_latest_only_with_trigger.py
[2025-12-24T09:15:39.904+0000] {logging_mixin.py:190} INFO - [2025-12-24T09:15:39.903+0000] {dag.py:3239} INFO - Sync 1 DAGs
[2025-12-24T09:15:39.946+0000] {logging_mixin.py:190} INFO - [2025-12-24T09:15:39.946+0000] {dag.py:4180} INFO - Setting next_dagrun for latest_only_with_trigger to 2025-12-24 04:00:00+00:00, run_after=2025-12-24 08:00:00+00:00
[2025-12-24T09:15:39.977+0000] {processor.py:208} INFO - Processing /home/airflow/.local/lib/python3.11/site-packages/airflow/example_dags/example_latest_only_with_trigger.py took 0.154 seconds
[2025-12-24T09:16:40.732+0000] {processor.py:186} INFO - Started process (PID=1951) to work on /home/airflow/.local/lib/python3.11/site-packages/airflow/example_dags/example_latest_only_with_trigger.py
[2025-12-24T09:16:40.734+0000] {processor.py:914} INFO - Processing file /home/airflow/.local/lib/python3.11/site-packages/airflow/example_dags/example_latest_only_with_trigger.py for tasks to queue
[2025-12-24T09:16:40.738+0000] {logging_mixin.py:190} INFO - [2025-12-24T09:16:40.737+0000] {dagbag.py:588} INFO - Filling up the DagBag from /home/airflow/.local/lib/python3.11/site-packages/airflow/example_dags/example_latest_only_with_trigger.py
[2025-12-24T09:16:40.752+0000] {processor.py:925} INFO - DAG(s) 'latest_only_with_trigger' retrieved from /home/airflow/.local/lib/python3.11/site-packages/airflow/example_dags/example_latest_only_with_trigger.py
[2025-12-24T09:16:40.792+0000] {logging_mixin.py:190} INFO - [2025-12-24T09:16:40.792+0000] {dag.py:3239} INFO - Sync 1 DAGs
[2025-12-24T09:16:40.822+0000] {logging_mixin.py:190} INFO - [2025-12-24T09:16:40.822+0000] {dag.py:4180} INFO - Setting next_dagrun for latest_only_with_trigger to 2025-12-24 04:00:00+00:00, run_after=2025-12-24 08:00:00+00:00
[2025-12-24T09:16:40.847+0000] {processor.py:208} INFO - Processing /home/airflow/.local/lib/python3.11/site-packages/airflow/example_dags/example_latest_only_with_trigger.py took 0.125 seconds
[2025-12-24T09:24:13.984+0000] {processor.py:186} INFO - Started process (PID=97) to work on /home/airflow/.local/lib/python3.11/site-packages/airflow/example_dags/example_latest_only_with_trigger.py
[2025-12-24T09:24:13.991+0000] {processor.py:914} INFO - Processing file /home/airflow/.local/lib/python3.11/site-packages/airflow/example_dags/example_latest_only_with_trigger.py for tasks to queue
[2025-12-24T09:24:13.997+0000] {logging_mixin.py:190} INFO - [2025-12-24T09:24:13.996+0000] {dagbag.py:588} INFO - Filling up the DagBag from /home/airflow/.local/lib/python3.11/site-packages/airflow/example_dags/example_latest_only_with_trigger.py
[2025-12-24T09:24:14.011+0000] {processor.py:925} INFO - DAG(s) 'latest_only_with_trigger' retrieved from /home/airflow/.local/lib/python3.11/site-packages/airflow/example_dags/example_latest_only_with_trigger.py
[2025-12-24T09:24:14.179+0000] {logging_mixin.py:190} INFO - [2025-12-24T09:24:14.177+0000] {override.py:1911} INFO - Created Permission View: can delete on DAG:latest_only_with_trigger
[2025-12-24T09:24:14.193+0000] {logging_mixin.py:190} INFO - [2025-12-24T09:24:14.193+0000] {override.py:1911} INFO - Created Permission View: can read on DAG:latest_only_with_trigger
[2025-12-24T09:24:14.205+0000] {logging_mixin.py:190} INFO - [2025-12-24T09:24:14.205+0000] {override.py:1911} INFO - Created Permission View: can edit on DAG:latest_only_with_trigger
[2025-12-24T09:24:14.237+0000] {logging_mixin.py:190} INFO - [2025-12-24T09:24:14.237+0000] {override.py:1911} INFO - Created Permission View: menu access on DAG Run:latest_only_with_trigger
[2025-12-24T09:24:14.248+0000] {logging_mixin.py:190} INFO - [2025-12-24T09:24:14.248+0000] {override.py:1911} INFO - Created Permission View: can create on DAG Run:latest_only_with_trigger
[2025-12-24T09:24:14.258+0000] {logging_mixin.py:190} INFO - [2025-12-24T09:24:14.258+0000] {override.py:1911} INFO - Created Permission View: can delete on DAG Run:latest_only_with_trigger
[2025-12-24T09:24:14.269+0000] {logging_mixin.py:190} INFO - [2025-12-24T09:24:14.269+0000] {override.py:1911} INFO - Created Permission View: can read on DAG Run:latest_only_with_trigger
[2025-12-24T09:24:14.270+0000] {logging_mixin.py:190} INFO - [2025-12-24T09:24:14.270+0000] {dag.py:3239} INFO - Sync 1 DAGs
[2025-12-24T09:24:14.285+0000] {logging_mixin.py:190} INFO - [2025-12-24T09:24:14.284+0000] {dag.py:3262} INFO - Creating ORM DAG for latest_only_with_trigger
[2025-12-24T09:24:14.299+0000] {logging_mixin.py:190} INFO - [2025-12-24T09:24:14.299+0000] {dag.py:4180} INFO - Setting next_dagrun for latest_only_with_trigger to 2025-12-24 04:00:00+00:00, run_after=2025-12-24 08:00:00+00:00
[2025-12-24T09:24:14.321+0000] {processor.py:208} INFO - Processing /home/airflow/.local/lib/python3.11/site-packages/airflow/example_dags/example_latest_only_with_trigger.py took 0.348 seconds
[2025-12-24T09:24:04.567+0000] {processor.py:186} INFO - Started process (PID=189) to work on /home/airflow/.local/lib/python3.11/site-packages/airflow/example_dags/example_latest_only_with_trigger.py
[2025-12-24T09:24:04.570+0000] {processor.py:914} INFO - Processing file /home/airflow/.local/lib/python3.11/site-packages/airflow/example_dags/example_latest_only_with_trigger.py for tasks to queue
[2025-12-24T09:24:04.577+0000] {logging_mixin.py:190} INFO - [2025-12-24T09:24:04.577+0000] {dagbag.py:588} INFO - Filling up the DagBag from /home/airflow/.local/lib/python3.11/site-packages/airflow/example_dags/example_latest_only_with_trigger.py
[2025-12-24T09:24:04.593+0000] {processor.py:925} INFO - DAG(s) 'latest_only_with_trigger' retrieved from /home/airflow/.local/lib/python3.11/site-packages/airflow/example_dags/example_latest_only_with_trigger.py
[2025-12-24T09:24:04.616+0000] {logging_mixin.py:190} INFO - [2025-12-24T09:24:04.615+0000] {dag.py:3239} INFO - Sync 1 DAGs
[2025-12-24T09:24:04.664+0000] {logging_mixin.py:190} INFO - [2025-12-24T09:24:04.664+0000] {dag.py:4180} INFO - Setting next_dagrun for latest_only_with_trigger to 2025-12-24 04:00:00+00:00, run_after=2025-12-24 08:00:00+00:00
[2025-12-24T09:24:04.698+0000] {processor.py:208} INFO - Processing /home/airflow/.local/lib/python3.11/site-packages/airflow/example_dags/example_latest_only_with_trigger.py took 0.148 seconds
[2025-12-24T09:24:13.935+0000] {processor.py:186} INFO - Started process (PID=229) to work on /home/airflow/.local/lib/python3.11/site-packages/airflow/example_dags/example_latest_only_with_trigger.py
[2025-12-24T09:24:13.937+0000] {processor.py:914} INFO - Processing file /home/airflow/.local/lib/python3.11/site-packages/airflow/example_dags/example_latest_only_with_trigger.py for tasks to queue
[2025-12-24T09:24:13.941+0000] {logging_mixin.py:190} INFO - [2025-12-24T09:24:13.941+0000] {dagbag.py:588} INFO - Filling up the DagBag from /home/airflow/.local/lib/python3.11/site-packages/airflow/example_dags/example_latest_only_with_trigger.py
[2025-12-24T09:24:13.956+0000] {processor.py:925} INFO - DAG(s) 'latest_only_with_trigger' retrieved from /home/airflow/.local/lib/python3.11/site-packages/airflow/example_dags/example_latest_only_with_trigger.py
[2025-12-24T09:24:13.983+0000] {logging_mixin.py:190} INFO - [2025-12-24T09:24:13.982+0000] {dag.py:3239} INFO - Sync 1 DAGs
[2025-12-24T09:24:14.018+0000] {logging_mixin.py:190} INFO - [2025-12-24T09:24:14.018+0000] {dag.py:4180} INFO - Setting next_dagrun for latest_only_with_trigger to 2025-12-24 04:00:00+00:00, run_after=2025-12-24 08:00:00+00:00
[2025-12-24T09:24:14.049+0000] {processor.py:208} INFO - Processing /home/airflow/.local/lib/python3.11/site-packages/airflow/example_dags/example_latest_only_with_trigger.py took 0.126 seconds
[2025-12-24T09:24:43.053+0000] {processor.py:186} INFO - Started process (PID=288) to work on /home/airflow/.local/lib/python3.11/site-packages/airflow/example_dags/example_latest_only_with_trigger.py
[2025-12-24T09:24:43.055+0000] {processor.py:914} INFO - Processing file /home/airflow/.local/lib/python3.11/site-packages/airflow/example_dags/example_latest_only_with_trigger.py for tasks to queue
[2025-12-24T09:24:43.060+0000] {logging_mixin.py:190} INFO - [2025-12-24T09:24:43.059+0000] {dagbag.py:588} INFO - Filling up the DagBag from /home/airflow/.local/lib/python3.11/site-packages/airflow/example_dags/example_latest_only_with_trigger.py
[2025-12-24T09:24:43.078+0000] {processor.py:925} INFO - DAG(s) 'latest_only_with_trigger' retrieved from /home/airflow/.local/lib/python3.11/site-packages/airflow/example_dags/example_latest_only_with_trigger.py
[2025-12-24T09:24:43.107+0000] {logging_mixin.py:190} INFO - [2025-12-24T09:24:43.106+0000] {dag.py:3239} INFO - Sync 1 DAGs
[2025-12-24T09:24:43.153+0000] {logging_mixin.py:190} INFO - [2025-12-24T09:24:43.152+0000] {dag.py:4180} INFO - Setting next_dagrun for latest_only_with_trigger to 2025-12-24 04:00:00+00:00, run_after=2025-12-24 08:00:00+00:00
[2025-12-24T09:24:43.212+0000] {processor.py:208} INFO - Processing /home/airflow/.local/lib/python3.11/site-packages/airflow/example_dags/example_latest_only_with_trigger.py took 0.173 seconds
[2025-12-24T09:24:54.229+0000] {processor.py:186} INFO - Started process (PID=344) to work on /home/airflow/.local/lib/python3.11/site-packages/airflow/example_dags/example_latest_only_with_trigger.py
[2025-12-24T09:24:54.231+0000] {processor.py:914} INFO - Processing file /home/airflow/.local/lib/python3.11/site-packages/airflow/example_dags/example_latest_only_with_trigger.py for tasks to queue
[2025-12-24T09:24:54.240+0000] {logging_mixin.py:190} INFO - [2025-12-24T09:24:54.239+0000] {dagbag.py:588} INFO - Filling up the DagBag from /home/airflow/.local/lib/python3.11/site-packages/airflow/example_dags/example_latest_only_with_trigger.py
[2025-12-24T09:24:54.255+0000] {processor.py:925} INFO - DAG(s) 'latest_only_with_trigger' retrieved from /home/airflow/.local/lib/python3.11/site-packages/airflow/example_dags/example_latest_only_with_trigger.py
[2025-12-24T09:24:54.317+0000] {logging_mixin.py:190} INFO - [2025-12-24T09:24:54.316+0000] {dag.py:3239} INFO - Sync 1 DAGs
[2025-12-24T09:24:54.358+0000] {logging_mixin.py:190} INFO - [2025-12-24T09:24:54.358+0000] {dag.py:4180} INFO - Setting next_dagrun for latest_only_with_trigger to 2025-12-24 04:00:00+00:00, run_after=2025-12-24 08:00:00+00:00
[2025-12-24T09:24:54.389+0000] {processor.py:208} INFO - Processing /home/airflow/.local/lib/python3.11/site-packages/airflow/example_dags/example_latest_only_with_trigger.py took 0.172 seconds
[2025-12-24T09:25:55.123+0000] {processor.py:186} INFO - Started process (PID=406) to work on /home/airflow/.local/lib/python3.11/site-packages/airflow/example_dags/example_latest_only_with_trigger.py
[2025-12-24T09:25:55.125+0000] {processor.py:914} INFO - Processing file /home/airflow/.local/lib/python3.11/site-packages/airflow/example_dags/example_latest_only_with_trigger.py for tasks to queue
[2025-12-24T09:25:55.129+0000] {logging_mixin.py:190} INFO - [2025-12-24T09:25:55.128+0000] {dagbag.py:588} INFO - Filling up the DagBag from /home/airflow/.local/lib/python3.11/site-packages/airflow/example_dags/example_latest_only_with_trigger.py
[2025-12-24T09:25:55.149+0000] {processor.py:925} INFO - DAG(s) 'latest_only_with_trigger' retrieved from /home/airflow/.local/lib/python3.11/site-packages/airflow/example_dags/example_latest_only_with_trigger.py
[2025-12-24T09:25:55.199+0000] {logging_mixin.py:190} INFO - [2025-12-24T09:25:55.198+0000] {dag.py:3239} INFO - Sync 1 DAGs
[2025-12-24T09:25:12.918+0000] {logging_mixin.py:190} INFO - [2025-12-24T09:25:12.917+0000] {dag.py:4180} INFO - Setting next_dagrun for latest_only_with_trigger to 2025-12-24 04:00:00+00:00, run_after=2025-12-24 08:00:00+00:00
[2025-12-24T09:25:12.984+0000] {processor.py:208} INFO - Processing /home/airflow/.local/lib/python3.11/site-packages/airflow/example_dags/example_latest_only_with_trigger.py took 0.199 seconds
[2025-12-24T09:25:19.217+0000] {processor.py:186} INFO - Started process (PID=460) to work on /home/airflow/.local/lib/python3.11/site-packages/airflow/example_dags/example_latest_only_with_trigger.py
[2025-12-24T09:25:19.220+0000] {processor.py:914} INFO - Processing file /home/airflow/.local/lib/python3.11/site-packages/airflow/example_dags/example_latest_only_with_trigger.py for tasks to queue
[2025-12-24T09:25:19.223+0000] {logging_mixin.py:190} INFO - [2025-12-24T09:25:19.223+0000] {dagbag.py:588} INFO - Filling up the DagBag from /home/airflow/.local/lib/python3.11/site-packages/airflow/example_dags/example_latest_only_with_trigger.py
[2025-12-24T09:25:19.235+0000] {processor.py:925} INFO - DAG(s) 'latest_only_with_trigger' retrieved from /home/airflow/.local/lib/python3.11/site-packages/airflow/example_dags/example_latest_only_with_trigger.py
[2025-12-24T09:25:19.281+0000] {logging_mixin.py:190} INFO - [2025-12-24T09:25:19.280+0000] {dag.py:3239} INFO - Sync 1 DAGs
[2025-12-24T09:25:19.314+0000] {logging_mixin.py:190} INFO - [2025-12-24T09:25:19.314+0000] {dag.py:4180} INFO - Setting next_dagrun for latest_only_with_trigger to 2025-12-24 04:00:00+00:00, run_after=2025-12-24 08:00:00+00:00
[2025-12-24T09:25:19.340+0000] {processor.py:208} INFO - Processing /home/airflow/.local/lib/python3.11/site-packages/airflow/example_dags/example_latest_only_with_trigger.py took 0.133 seconds
[2025-12-24T09:25:50.149+0000] {processor.py:186} INFO - Started process (PID=518) to work on /home/airflow/.local/lib/python3.11/site-packages/airflow/example_dags/example_latest_only_with_trigger.py
[2025-12-24T09:25:50.150+0000] {processor.py:914} INFO - Processing file /home/airflow/.local/lib/python3.11/site-packages/airflow/example_dags/example_latest_only_with_trigger.py for tasks to queue
[2025-12-24T09:25:50.155+0000] {logging_mixin.py:190} INFO - [2025-12-24T09:25:50.154+0000] {dagbag.py:588} INFO - Filling up the DagBag from /home/airflow/.local/lib/python3.11/site-packages/airflow/example_dags/example_latest_only_with_trigger.py
[2025-12-24T09:25:50.167+0000] {processor.py:925} INFO - DAG(s) 'latest_only_with_trigger' retrieved from /home/airflow/.local/lib/python3.11/site-packages/airflow/example_dags/example_latest_only_with_trigger.py
[2025-12-24T09:25:50.200+0000] {logging_mixin.py:190} INFO - [2025-12-24T09:25:50.199+0000] {dag.py:3239} INFO - Sync 1 DAGs
[2025-12-24T09:25:50.237+0000] {logging_mixin.py:190} INFO - [2025-12-24T09:25:50.237+0000] {dag.py:4180} INFO - Setting next_dagrun for latest_only_with_trigger to 2025-12-24 04:00:00+00:00, run_after=2025-12-24 08:00:00+00:00
[2025-12-24T09:25:50.278+0000] {processor.py:208} INFO - Processing /home/airflow/.local/lib/python3.11/site-packages/airflow/example_dags/example_latest_only_with_trigger.py took 0.140 seconds
[2025-12-24T09:25:55.544+0000] {processor.py:186} INFO - Started process (PID=551) to work on /home/airflow/.local/lib/python3.11/site-packages/airflow/example_dags/example_latest_only_with_trigger.py
[2025-12-24T09:25:55.546+0000] {processor.py:914} INFO - Processing file /home/airflow/.local/lib/python3.11/site-packages/airflow/example_dags/example_latest_only_with_trigger.py for tasks to queue
[2025-12-24T09:25:55.551+0000] {logging_mixin.py:190} INFO - [2025-12-24T09:25:55.551+0000] {dagbag.py:588} INFO - Filling up the DagBag from /home/airflow/.local/lib/python3.11/site-packages/airflow/example_dags/example_latest_only_with_trigger.py
[2025-12-24T09:25:55.569+0000] {processor.py:925} INFO - DAG(s) 'latest_only_with_trigger' retrieved from /home/airflow/.local/lib/python3.11/site-packages/airflow/example_dags/example_latest_only_with_trigger.py
[2025-12-24T09:25:55.610+0000] {logging_mixin.py:190} INFO - [2025-12-24T09:25:55.609+0000] {dag.py:3239} INFO - Sync 1 DAGs
[2025-12-24T09:25:55.652+0000] {logging_mixin.py:190} INFO - [2025-12-24T09:25:55.652+0000] {dag.py:4180} INFO - Setting next_dagrun for latest_only_with_trigger to 2025-12-24 04:00:00+00:00, run_after=2025-12-24 08:00:00+00:00
[2025-12-24T09:25:55.694+0000] {processor.py:208} INFO - Processing /home/airflow/.local/lib/python3.11/site-packages/airflow/example_dags/example_latest_only_with_trigger.py took 0.160 seconds
[2025-12-24T09:26:04.656+0000] {processor.py:186} INFO - Started process (PID=615) to work on /home/airflow/.local/lib/python3.11/site-packages/airflow/example_dags/example_latest_only_with_trigger.py
[2025-12-24T09:26:04.658+0000] {processor.py:914} INFO - Processing file /home/airflow/.local/lib/python3.11/site-packages/airflow/example_dags/example_latest_only_with_trigger.py for tasks to queue
[2025-12-24T09:26:04.664+0000] {logging_mixin.py:190} INFO - [2025-12-24T09:26:04.663+0000] {dagbag.py:588} INFO - Filling up the DagBag from /home/airflow/.local/lib/python3.11/site-packages/airflow/example_dags/example_latest_only_with_trigger.py
[2025-12-24T09:26:04.679+0000] {processor.py:925} INFO - DAG(s) 'latest_only_with_trigger' retrieved from /home/airflow/.local/lib/python3.11/site-packages/airflow/example_dags/example_latest_only_with_trigger.py
[2025-12-24T09:26:04.728+0000] {logging_mixin.py:190} INFO - [2025-12-24T09:26:04.728+0000] {dag.py:3239} INFO - Sync 1 DAGs
[2025-12-24T09:26:04.773+0000] {logging_mixin.py:190} INFO - [2025-12-24T09:26:04.773+0000] {dag.py:4180} INFO - Setting next_dagrun for latest_only_with_trigger to 2025-12-24 04:00:00+00:00, run_after=2025-12-24 08:00:00+00:00
[2025-12-24T09:26:04.819+0000] {processor.py:208} INFO - Processing /home/airflow/.local/lib/python3.11/site-packages/airflow/example_dags/example_latest_only_with_trigger.py took 0.176 seconds
[2025-12-24T09:26:13.477+0000] {processor.py:186} INFO - Started process (PID=671) to work on /home/airflow/.local/lib/python3.11/site-packages/airflow/example_dags/example_latest_only_with_trigger.py
[2025-12-24T09:26:13.479+0000] {processor.py:914} INFO - Processing file /home/airflow/.local/lib/python3.11/site-packages/airflow/example_dags/example_latest_only_with_trigger.py for tasks to queue
[2025-12-24T09:26:13.484+0000] {logging_mixin.py:190} INFO - [2025-12-24T09:26:13.484+0000] {dagbag.py:588} INFO - Filling up the DagBag from /home/airflow/.local/lib/python3.11/site-packages/airflow/example_dags/example_latest_only_with_trigger.py
[2025-12-24T09:26:13.498+0000] {processor.py:925} INFO - DAG(s) 'latest_only_with_trigger' retrieved from /home/airflow/.local/lib/python3.11/site-packages/airflow/example_dags/example_latest_only_with_trigger.py
[2025-12-24T09:26:13.536+0000] {logging_mixin.py:190} INFO - [2025-12-24T09:26:13.535+0000] {dag.py:3239} INFO - Sync 1 DAGs
[2025-12-24T09:26:13.567+0000] {logging_mixin.py:190} INFO - [2025-12-24T09:26:13.567+0000] {dag.py:4180} INFO - Setting next_dagrun for latest_only_with_trigger to 2025-12-24 04:00:00+00:00, run_after=2025-12-24 08:00:00+00:00
[2025-12-24T09:26:13.593+0000] {processor.py:208} INFO - Processing /home/airflow/.local/lib/python3.11/site-packages/airflow/example_dags/example_latest_only_with_trigger.py took 0.129 seconds
[2025-12-24T09:26:24.024+0000] {processor.py:186} INFO - Started process (PID=723) to work on /home/airflow/.local/lib/python3.11/site-packages/airflow/example_dags/example_latest_only_with_trigger.py
[2025-12-24T09:26:24.029+0000] {processor.py:914} INFO - Processing file /home/airflow/.local/lib/python3.11/site-packages/airflow/example_dags/example_latest_only_with_trigger.py for tasks to queue
[2025-12-24T09:26:24.033+0000] {logging_mixin.py:190} INFO - [2025-12-24T09:26:24.033+0000] {dagbag.py:588} INFO - Filling up the DagBag from /home/airflow/.local/lib/python3.11/site-packages/airflow/example_dags/example_latest_only_with_trigger.py
[2025-12-24T09:26:24.046+0000] {processor.py:925} INFO - DAG(s) 'latest_only_with_trigger' retrieved from /home/airflow/.local/lib/python3.11/site-packages/airflow/example_dags/example_latest_only_with_trigger.py
[2025-12-24T09:26:24.085+0000] {logging_mixin.py:190} INFO - [2025-12-24T09:26:24.084+0000] {dag.py:3239} INFO - Sync 1 DAGs
[2025-12-24T09:26:24.124+0000] {logging_mixin.py:190} INFO - [2025-12-24T09:26:24.123+0000] {dag.py:4180} INFO - Setting next_dagrun for latest_only_with_trigger to 2025-12-24 04:00:00+00:00, run_after=2025-12-24 08:00:00+00:00
[2025-12-24T09:26:24.171+0000] {processor.py:208} INFO - Processing /home/airflow/.local/lib/python3.11/site-packages/airflow/example_dags/example_latest_only_with_trigger.py took 0.158 seconds
[2025-12-24T09:26:34.453+0000] {processor.py:186} INFO - Started process (PID=778) to work on /home/airflow/.local/lib/python3.11/site-packages/airflow/example_dags/example_latest_only_with_trigger.py
[2025-12-24T09:26:34.455+0000] {processor.py:914} INFO - Processing file /home/airflow/.local/lib/python3.11/site-packages/airflow/example_dags/example_latest_only_with_trigger.py for tasks to queue
[2025-12-24T09:26:34.459+0000] {logging_mixin.py:190} INFO - [2025-12-24T09:26:34.459+0000] {dagbag.py:588} INFO - Filling up the DagBag from /home/airflow/.local/lib/python3.11/site-packages/airflow/example_dags/example_latest_only_with_trigger.py
[2025-12-24T09:26:34.472+0000] {processor.py:925} INFO - DAG(s) 'latest_only_with_trigger' retrieved from /home/airflow/.local/lib/python3.11/site-packages/airflow/example_dags/example_latest_only_with_trigger.py
[2025-12-24T09:26:34.514+0000] {logging_mixin.py:190} INFO - [2025-12-24T09:26:34.513+0000] {dag.py:3239} INFO - Sync 1 DAGs
[2025-12-24T09:26:34.552+0000] {logging_mixin.py:190} INFO - [2025-12-24T09:26:34.552+0000] {dag.py:4180} INFO - Setting next_dagrun for latest_only_with_trigger to 2025-12-24 04:00:00+00:00, run_after=2025-12-24 08:00:00+00:00
[2025-12-24T09:26:34.586+0000] {processor.py:208} INFO - Processing /home/airflow/.local/lib/python3.11/site-packages/airflow/example_dags/example_latest_only_with_trigger.py took 0.146 seconds
[2025-12-24T09:26:44.781+0000] {processor.py:186} INFO - Started process (PID=831) to work on /home/airflow/.local/lib/python3.11/site-packages/airflow/example_dags/example_latest_only_with_trigger.py
[2025-12-24T09:26:44.783+0000] {processor.py:914} INFO - Processing file /home/airflow/.local/lib/python3.11/site-packages/airflow/example_dags/example_latest_only_with_trigger.py for tasks to queue
[2025-12-24T09:26:44.787+0000] {logging_mixin.py:190} INFO - [2025-12-24T09:26:44.787+0000] {dagbag.py:588} INFO - Filling up the DagBag from /home/airflow/.local/lib/python3.11/site-packages/airflow/example_dags/example_latest_only_with_trigger.py
[2025-12-24T09:26:44.801+0000] {processor.py:925} INFO - DAG(s) 'latest_only_with_trigger' retrieved from /home/airflow/.local/lib/python3.11/site-packages/airflow/example_dags/example_latest_only_with_trigger.py
[2025-12-24T09:26:44.842+0000] {logging_mixin.py:190} INFO - [2025-12-24T09:26:44.841+0000] {dag.py:3239} INFO - Sync 1 DAGs
[2025-12-24T09:26:44.875+0000] {logging_mixin.py:190} INFO - [2025-12-24T09:26:44.875+0000] {dag.py:4180} INFO - Setting next_dagrun for latest_only_with_trigger to 2025-12-24 04:00:00+00:00, run_after=2025-12-24 08:00:00+00:00
[2025-12-24T09:26:44.906+0000] {processor.py:208} INFO - Processing /home/airflow/.local/lib/python3.11/site-packages/airflow/example_dags/example_latest_only_with_trigger.py took 0.136 seconds
[2025-12-24T09:27:42.001+0000] {processor.py:186} INFO - Started process (PID=887) to work on /home/airflow/.local/lib/python3.11/site-packages/airflow/example_dags/example_latest_only_with_trigger.py
[2025-12-24T09:27:42.003+0000] {processor.py:914} INFO - Processing file /home/airflow/.local/lib/python3.11/site-packages/airflow/example_dags/example_latest_only_with_trigger.py for tasks to queue
[2025-12-24T09:27:42.007+0000] {logging_mixin.py:190} INFO - [2025-12-24T09:27:42.007+0000] {dagbag.py:588} INFO - Filling up the DagBag from /home/airflow/.local/lib/python3.11/site-packages/airflow/example_dags/example_latest_only_with_trigger.py
[2025-12-24T09:27:42.023+0000] {processor.py:925} INFO - DAG(s) 'latest_only_with_trigger' retrieved from /home/airflow/.local/lib/python3.11/site-packages/airflow/example_dags/example_latest_only_with_trigger.py
[2025-12-24T09:27:42.058+0000] {logging_mixin.py:190} INFO - [2025-12-24T09:27:42.057+0000] {dag.py:3239} INFO - Sync 1 DAGs
[2025-12-24T09:27:42.091+0000] {logging_mixin.py:190} INFO - [2025-12-24T09:27:42.091+0000] {dag.py:4180} INFO - Setting next_dagrun for latest_only_with_trigger to 2025-12-24 04:00:00+00:00, run_after=2025-12-24 08:00:00+00:00
[2025-12-24T09:27:42.118+0000] {processor.py:208} INFO - Processing /home/airflow/.local/lib/python3.11/site-packages/airflow/example_dags/example_latest_only_with_trigger.py took 0.127 seconds
[2025-12-24T09:27:49.858+0000] {processor.py:186} INFO - Started process (PID=959) to work on /home/airflow/.local/lib/python3.11/site-packages/airflow/example_dags/example_latest_only_with_trigger.py
[2025-12-24T09:27:49.860+0000] {processor.py:914} INFO - Processing file /home/airflow/.local/lib/python3.11/site-packages/airflow/example_dags/example_latest_only_with_trigger.py for tasks to queue
[2025-12-24T09:27:49.866+0000] {logging_mixin.py:190} INFO - [2025-12-24T09:27:49.865+0000] {dagbag.py:588} INFO - Filling up the DagBag from /home/airflow/.local/lib/python3.11/site-packages/airflow/example_dags/example_latest_only_with_trigger.py
[2025-12-24T09:27:49.881+0000] {processor.py:925} INFO - DAG(s) 'latest_only_with_trigger' retrieved from /home/airflow/.local/lib/python3.11/site-packages/airflow/example_dags/example_latest_only_with_trigger.py
[2025-12-24T09:27:49.914+0000] {logging_mixin.py:190} INFO - [2025-12-24T09:27:49.913+0000] {dag.py:3239} INFO - Sync 1 DAGs
[2025-12-24T09:27:49.941+0000] {logging_mixin.py:190} INFO - [2025-12-24T09:27:49.941+0000] {dag.py:4180} INFO - Setting next_dagrun for latest_only_with_trigger to 2025-12-24 04:00:00+00:00, run_after=2025-12-24 08:00:00+00:00
[2025-12-24T09:27:49.969+0000] {processor.py:208} INFO - Processing /home/airflow/.local/lib/python3.11/site-packages/airflow/example_dags/example_latest_only_with_trigger.py took 0.120 seconds
[2025-12-24T09:27:59.926+0000] {processor.py:186} INFO - Started process (PID=1019) to work on /home/airflow/.local/lib/python3.11/site-packages/airflow/example_dags/example_latest_only_with_trigger.py
[2025-12-24T09:27:59.929+0000] {processor.py:914} INFO - Processing file /home/airflow/.local/lib/python3.11/site-packages/airflow/example_dags/example_latest_only_with_trigger.py for tasks to queue
[2025-12-24T09:27:59.933+0000] {logging_mixin.py:190} INFO - [2025-12-24T09:27:59.932+0000] {dagbag.py:588} INFO - Filling up the DagBag from /home/airflow/.local/lib/python3.11/site-packages/airflow/example_dags/example_latest_only_with_trigger.py
[2025-12-24T09:27:59.946+0000] {processor.py:925} INFO - DAG(s) 'latest_only_with_trigger' retrieved from /home/airflow/.local/lib/python3.11/site-packages/airflow/example_dags/example_latest_only_with_trigger.py
[2025-12-24T09:27:59.980+0000] {logging_mixin.py:190} INFO - [2025-12-24T09:27:59.980+0000] {dag.py:3239} INFO - Sync 1 DAGs
[2025-12-24T09:28:00.010+0000] {logging_mixin.py:190} INFO - [2025-12-24T09:28:00.010+0000] {dag.py:4180} INFO - Setting next_dagrun for latest_only_with_trigger to 2025-12-24 04:00:00+00:00, run_after=2025-12-24 08:00:00+00:00
[2025-12-24T09:28:00.040+0000] {processor.py:208} INFO - Processing /home/airflow/.local/lib/python3.11/site-packages/airflow/example_dags/example_latest_only_with_trigger.py took 0.125 seconds
[2025-12-24T09:28:13.915+0000] {processor.py:186} INFO - Started process (PID=1084) to work on /home/airflow/.local/lib/python3.11/site-packages/airflow/example_dags/example_latest_only_with_trigger.py
[2025-12-24T09:28:13.917+0000] {processor.py:914} INFO - Processing file /home/airflow/.local/lib/python3.11/site-packages/airflow/example_dags/example_latest_only_with_trigger.py for tasks to queue
[2025-12-24T09:28:13.921+0000] {logging_mixin.py:190} INFO - [2025-12-24T09:28:13.921+0000] {dagbag.py:588} INFO - Filling up the DagBag from /home/airflow/.local/lib/python3.11/site-packages/airflow/example_dags/example_latest_only_with_trigger.py
[2025-12-24T09:28:13.934+0000] {processor.py:925} INFO - DAG(s) 'latest_only_with_trigger' retrieved from /home/airflow/.local/lib/python3.11/site-packages/airflow/example_dags/example_latest_only_with_trigger.py
[2025-12-24T09:28:13.968+0000] {logging_mixin.py:190} INFO - [2025-12-24T09:28:13.968+0000] {dag.py:3239} INFO - Sync 1 DAGs
[2025-12-24T09:28:14.013+0000] {logging_mixin.py:190} INFO - [2025-12-24T09:28:14.012+0000] {dag.py:4180} INFO - Setting next_dagrun for latest_only_with_trigger to 2025-12-24 04:00:00+00:00, run_after=2025-12-24 08:00:00+00:00
[2025-12-24T09:28:14.079+0000] {processor.py:208} INFO - Processing /home/airflow/.local/lib/python3.11/site-packages/airflow/example_dags/example_latest_only_with_trigger.py took 0.176 seconds
[2025-12-24T09:29:11.774+0000] {processor.py:186} INFO - Started process (PID=1137) to work on /home/airflow/.local/lib/python3.11/site-packages/airflow/example_dags/example_latest_only_with_trigger.py
[2025-12-24T09:29:11.778+0000] {processor.py:914} INFO - Processing file /home/airflow/.local/lib/python3.11/site-packages/airflow/example_dags/example_latest_only_with_trigger.py for tasks to queue
[2025-12-24T09:29:11.782+0000] {logging_mixin.py:190} INFO - [2025-12-24T09:29:11.781+0000] {dagbag.py:588} INFO - Filling up the DagBag from /home/airflow/.local/lib/python3.11/site-packages/airflow/example_dags/example_latest_only_with_trigger.py
[2025-12-24T09:29:11.798+0000] {processor.py:925} INFO - DAG(s) 'latest_only_with_trigger' retrieved from /home/airflow/.local/lib/python3.11/site-packages/airflow/example_dags/example_latest_only_with_trigger.py
[2025-12-24T09:29:11.838+0000] {logging_mixin.py:190} INFO - [2025-12-24T09:29:11.838+0000] {dag.py:3239} INFO - Sync 1 DAGs
[2025-12-24T09:29:11.873+0000] {logging_mixin.py:190} INFO - [2025-12-24T09:29:11.872+0000] {dag.py:4180} INFO - Setting next_dagrun for latest_only_with_trigger to 2025-12-24 04:00:00+00:00, run_after=2025-12-24 08:00:00+00:00
[2025-12-24T09:29:11.907+0000] {processor.py:208} INFO - Processing /home/airflow/.local/lib/python3.11/site-packages/airflow/example_dags/example_latest_only_with_trigger.py took 0.144 seconds
