[2025-12-24T09:03:03.868+0000] {processor.py:186} INFO - Started process (PID=112) to work on /home/airflow/.local/lib/python3.11/site-packages/airflow/example_dags/example_branch_day_of_week_operator.py
[2025-12-24T09:03:03.871+0000] {processor.py:914} INFO - Processing file /home/airflow/.local/lib/python3.11/site-packages/airflow/example_dags/example_branch_day_of_week_operator.py for tasks to queue
[2025-12-24T09:03:03.877+0000] {logging_mixin.py:190} INFO - [2025-12-24T09:03:03.877+0000] {dagbag.py:588} INFO - Filling up the DagBag from /home/airflow/.local/lib/python3.11/site-packages/airflow/example_dags/example_branch_day_of_week_operator.py
[2025-12-24T09:03:03.903+0000] {processor.py:925} INFO - DAG(s) 'example_weekday_branch_operator' retrieved from /home/airflow/.local/lib/python3.11/site-packages/airflow/example_dags/example_branch_day_of_week_operator.py
[2025-12-24T09:03:04.112+0000] {logging_mixin.py:190} INFO - [2025-12-24T09:03:04.111+0000] {override.py:1911} INFO - Created Permission View: can edit on DAG:example_weekday_branch_operator
[2025-12-24T09:03:04.130+0000] {logging_mixin.py:190} INFO - [2025-12-24T09:03:04.129+0000] {override.py:1911} INFO - Created Permission View: can read on DAG:example_weekday_branch_operator
[2025-12-24T09:03:04.143+0000] {logging_mixin.py:190} INFO - [2025-12-24T09:03:04.142+0000] {override.py:1911} INFO - Created Permission View: can delete on DAG:example_weekday_branch_operator
[2025-12-24T09:03:04.161+0000] {logging_mixin.py:190} INFO - [2025-12-24T09:03:04.160+0000] {override.py:1911} INFO - Created Permission View: can read on DAG Run:example_weekday_branch_operator
[2025-12-24T09:03:04.174+0000] {logging_mixin.py:190} INFO - [2025-12-24T09:03:04.174+0000] {override.py:1911} INFO - Created Permission View: can create on DAG Run:example_weekday_branch_operator
[2025-12-24T09:03:04.189+0000] {logging_mixin.py:190} INFO - [2025-12-24T09:03:04.189+0000] {override.py:1911} INFO - Created Permission View: can delete on DAG Run:example_weekday_branch_operator
[2025-12-24T09:03:04.203+0000] {logging_mixin.py:190} INFO - [2025-12-24T09:03:04.202+0000] {override.py:1911} INFO - Created Permission View: menu access on DAG Run:example_weekday_branch_operator
[2025-12-24T09:03:04.204+0000] {logging_mixin.py:190} INFO - [2025-12-24T09:03:04.203+0000] {dag.py:3239} INFO - Sync 1 DAGs
[2025-12-24T09:03:04.223+0000] {logging_mixin.py:190} INFO - [2025-12-24T09:03:04.222+0000] {dag.py:3262} INFO - Creating ORM DAG for example_weekday_branch_operator
[2025-12-24T09:03:04.237+0000] {logging_mixin.py:190} INFO - [2025-12-24T09:03:04.237+0000] {dag.py:4180} INFO - Setting next_dagrun for example_weekday_branch_operator to 2025-12-23 00:00:00+00:00, run_after=2025-12-24 00:00:00+00:00
[2025-12-24T09:03:04.268+0000] {processor.py:208} INFO - Processing /home/airflow/.local/lib/python3.11/site-packages/airflow/example_dags/example_branch_day_of_week_operator.py took 0.417 seconds
[2025-12-24T09:03:14.892+0000] {processor.py:186} INFO - Started process (PID=178) to work on /home/airflow/.local/lib/python3.11/site-packages/airflow/example_dags/example_branch_day_of_week_operator.py
[2025-12-24T09:03:14.894+0000] {processor.py:914} INFO - Processing file /home/airflow/.local/lib/python3.11/site-packages/airflow/example_dags/example_branch_day_of_week_operator.py for tasks to queue
[2025-12-24T09:03:14.900+0000] {logging_mixin.py:190} INFO - [2025-12-24T09:03:14.899+0000] {dagbag.py:588} INFO - Filling up the DagBag from /home/airflow/.local/lib/python3.11/site-packages/airflow/example_dags/example_branch_day_of_week_operator.py
[2025-12-24T09:03:14.917+0000] {processor.py:925} INFO - DAG(s) 'example_weekday_branch_operator' retrieved from /home/airflow/.local/lib/python3.11/site-packages/airflow/example_dags/example_branch_day_of_week_operator.py
[2025-12-24T09:03:14.944+0000] {logging_mixin.py:190} INFO - [2025-12-24T09:03:14.943+0000] {dag.py:3239} INFO - Sync 1 DAGs
[2025-12-24T09:03:15.003+0000] {logging_mixin.py:190} INFO - [2025-12-24T09:03:15.002+0000] {dag.py:4180} INFO - Setting next_dagrun for example_weekday_branch_operator to 2025-12-23 00:00:00+00:00, run_after=2025-12-24 00:00:00+00:00
[2025-12-24T09:03:15.047+0000] {processor.py:208} INFO - Processing /home/airflow/.local/lib/python3.11/site-packages/airflow/example_dags/example_branch_day_of_week_operator.py took 0.169 seconds
[2025-12-24T09:04:18.331+0000] {processor.py:186} INFO - Started process (PID=235) to work on /home/airflow/.local/lib/python3.11/site-packages/airflow/example_dags/example_branch_day_of_week_operator.py
[2025-12-24T09:04:18.333+0000] {processor.py:914} INFO - Processing file /home/airflow/.local/lib/python3.11/site-packages/airflow/example_dags/example_branch_day_of_week_operator.py for tasks to queue
[2025-12-24T09:04:18.337+0000] {logging_mixin.py:190} INFO - [2025-12-24T09:04:18.337+0000] {dagbag.py:588} INFO - Filling up the DagBag from /home/airflow/.local/lib/python3.11/site-packages/airflow/example_dags/example_branch_day_of_week_operator.py
[2025-12-24T09:04:18.354+0000] {processor.py:925} INFO - DAG(s) 'example_weekday_branch_operator' retrieved from /home/airflow/.local/lib/python3.11/site-packages/airflow/example_dags/example_branch_day_of_week_operator.py
[2025-12-24T09:04:18.385+0000] {logging_mixin.py:190} INFO - [2025-12-24T09:04:18.385+0000] {dag.py:3239} INFO - Sync 1 DAGs
[2025-12-24T09:04:18.421+0000] {logging_mixin.py:190} INFO - [2025-12-24T09:04:18.420+0000] {dag.py:4180} INFO - Setting next_dagrun for example_weekday_branch_operator to 2025-12-23 00:00:00+00:00, run_after=2025-12-24 00:00:00+00:00
[2025-12-24T09:04:18.458+0000] {processor.py:208} INFO - Processing /home/airflow/.local/lib/python3.11/site-packages/airflow/example_dags/example_branch_day_of_week_operator.py took 0.136 seconds
[2025-12-24T09:04:58.067+0000] {processor.py:186} INFO - Started process (PID=307) to work on /home/airflow/.local/lib/python3.11/site-packages/airflow/example_dags/example_branch_day_of_week_operator.py
[2025-12-24T09:04:58.069+0000] {processor.py:914} INFO - Processing file /home/airflow/.local/lib/python3.11/site-packages/airflow/example_dags/example_branch_day_of_week_operator.py for tasks to queue
[2025-12-24T09:04:58.074+0000] {logging_mixin.py:190} INFO - [2025-12-24T09:04:58.074+0000] {dagbag.py:588} INFO - Filling up the DagBag from /home/airflow/.local/lib/python3.11/site-packages/airflow/example_dags/example_branch_day_of_week_operator.py
[2025-12-24T09:04:58.096+0000] {processor.py:925} INFO - DAG(s) 'example_weekday_branch_operator' retrieved from /home/airflow/.local/lib/python3.11/site-packages/airflow/example_dags/example_branch_day_of_week_operator.py
[2025-12-24T09:04:58.144+0000] {logging_mixin.py:190} INFO - [2025-12-24T09:04:58.143+0000] {dag.py:3239} INFO - Sync 1 DAGs
[2025-12-24T09:04:15.853+0000] {logging_mixin.py:190} INFO - [2025-12-24T09:04:15.851+0000] {dag.py:4180} INFO - Setting next_dagrun for example_weekday_branch_operator to 2025-12-23 00:00:00+00:00, run_after=2025-12-24 00:00:00+00:00
[2025-12-24T09:04:15.897+0000] {processor.py:208} INFO - Processing /home/airflow/.local/lib/python3.11/site-packages/airflow/example_dags/example_branch_day_of_week_operator.py took 0.199 seconds
[2025-12-24T09:04:45.575+0000] {processor.py:186} INFO - Started process (PID=369) to work on /home/airflow/.local/lib/python3.11/site-packages/airflow/example_dags/example_branch_day_of_week_operator.py
[2025-12-24T09:04:45.576+0000] {processor.py:914} INFO - Processing file /home/airflow/.local/lib/python3.11/site-packages/airflow/example_dags/example_branch_day_of_week_operator.py for tasks to queue
[2025-12-24T09:04:45.581+0000] {logging_mixin.py:190} INFO - [2025-12-24T09:04:45.580+0000] {dagbag.py:588} INFO - Filling up the DagBag from /home/airflow/.local/lib/python3.11/site-packages/airflow/example_dags/example_branch_day_of_week_operator.py
[2025-12-24T09:04:45.597+0000] {processor.py:925} INFO - DAG(s) 'example_weekday_branch_operator' retrieved from /home/airflow/.local/lib/python3.11/site-packages/airflow/example_dags/example_branch_day_of_week_operator.py
[2025-12-24T09:04:45.636+0000] {logging_mixin.py:190} INFO - [2025-12-24T09:04:45.636+0000] {dag.py:3239} INFO - Sync 1 DAGs
[2025-12-24T09:05:28.022+0000] {logging_mixin.py:190} INFO - [2025-12-24T09:05:28.021+0000] {dag.py:4180} INFO - Setting next_dagrun for example_weekday_branch_operator to 2025-12-23 00:00:00+00:00, run_after=2025-12-24 00:00:00+00:00
[2025-12-24T09:05:28.049+0000] {processor.py:208} INFO - Processing /home/airflow/.local/lib/python3.11/site-packages/airflow/example_dags/example_branch_day_of_week_operator.py took 0.133 seconds
[2025-12-24T09:05:29.270+0000] {processor.py:186} INFO - Started process (PID=528) to work on /home/airflow/.local/lib/python3.11/site-packages/airflow/example_dags/example_branch_day_of_week_operator.py
[2025-12-24T09:05:29.272+0000] {processor.py:914} INFO - Processing file /home/airflow/.local/lib/python3.11/site-packages/airflow/example_dags/example_branch_day_of_week_operator.py for tasks to queue
[2025-12-24T09:05:29.277+0000] {logging_mixin.py:190} INFO - [2025-12-24T09:05:29.276+0000] {dagbag.py:588} INFO - Filling up the DagBag from /home/airflow/.local/lib/python3.11/site-packages/airflow/example_dags/example_branch_day_of_week_operator.py
[2025-12-24T09:05:29.297+0000] {processor.py:925} INFO - DAG(s) 'example_weekday_branch_operator' retrieved from /home/airflow/.local/lib/python3.11/site-packages/airflow/example_dags/example_branch_day_of_week_operator.py
[2025-12-24T09:05:29.342+0000] {logging_mixin.py:190} INFO - [2025-12-24T09:05:29.342+0000] {dag.py:3239} INFO - Sync 1 DAGs
[2025-12-24T09:05:29.402+0000] {logging_mixin.py:190} INFO - [2025-12-24T09:05:29.402+0000] {dag.py:4180} INFO - Setting next_dagrun for example_weekday_branch_operator to 2025-12-23 00:00:00+00:00, run_after=2025-12-24 00:00:00+00:00
[2025-12-24T09:05:29.440+0000] {processor.py:208} INFO - Processing /home/airflow/.local/lib/python3.11/site-packages/airflow/example_dags/example_branch_day_of_week_operator.py took 0.183 seconds
[2025-12-24T09:05:41.251+0000] {processor.py:186} INFO - Started process (PID=583) to work on /home/airflow/.local/lib/python3.11/site-packages/airflow/example_dags/example_branch_day_of_week_operator.py
[2025-12-24T09:05:41.254+0000] {processor.py:914} INFO - Processing file /home/airflow/.local/lib/python3.11/site-packages/airflow/example_dags/example_branch_day_of_week_operator.py for tasks to queue
[2025-12-24T09:05:41.259+0000] {logging_mixin.py:190} INFO - [2025-12-24T09:05:41.258+0000] {dagbag.py:588} INFO - Filling up the DagBag from /home/airflow/.local/lib/python3.11/site-packages/airflow/example_dags/example_branch_day_of_week_operator.py
[2025-12-24T09:05:41.278+0000] {processor.py:925} INFO - DAG(s) 'example_weekday_branch_operator' retrieved from /home/airflow/.local/lib/python3.11/site-packages/airflow/example_dags/example_branch_day_of_week_operator.py
[2025-12-24T09:06:23.666+0000] {logging_mixin.py:190} INFO - [2025-12-24T09:06:23.666+0000] {dag.py:3239} INFO - Sync 1 DAGs
[2025-12-24T09:06:23.700+0000] {logging_mixin.py:190} INFO - [2025-12-24T09:06:23.699+0000] {dag.py:4180} INFO - Setting next_dagrun for example_weekday_branch_operator to 2025-12-23 00:00:00+00:00, run_after=2025-12-24 00:00:00+00:00
[2025-12-24T09:06:23.744+0000] {processor.py:208} INFO - Processing /home/airflow/.local/lib/python3.11/site-packages/airflow/example_dags/example_branch_day_of_week_operator.py took 0.164 seconds
[2025-12-24T09:06:58.341+0000] {processor.py:186} INFO - Started process (PID=675) to work on /home/airflow/.local/lib/python3.11/site-packages/airflow/example_dags/example_branch_day_of_week_operator.py
[2025-12-24T09:06:58.343+0000] {processor.py:914} INFO - Processing file /home/airflow/.local/lib/python3.11/site-packages/airflow/example_dags/example_branch_day_of_week_operator.py for tasks to queue
[2025-12-24T09:06:15.996+0000] {logging_mixin.py:190} INFO - [2025-12-24T09:06:15.995+0000] {dagbag.py:588} INFO - Filling up the DagBag from /home/airflow/.local/lib/python3.11/site-packages/airflow/example_dags/example_branch_day_of_week_operator.py
[2025-12-24T09:06:16.010+0000] {processor.py:925} INFO - DAG(s) 'example_weekday_branch_operator' retrieved from /home/airflow/.local/lib/python3.11/site-packages/airflow/example_dags/example_branch_day_of_week_operator.py
[2025-12-24T09:06:16.059+0000] {logging_mixin.py:190} INFO - [2025-12-24T09:06:16.058+0000] {dag.py:3239} INFO - Sync 1 DAGs
[2025-12-24T09:06:16.103+0000] {logging_mixin.py:190} INFO - [2025-12-24T09:06:16.103+0000] {dag.py:4180} INFO - Setting next_dagrun for example_weekday_branch_operator to 2025-12-23 00:00:00+00:00, run_after=2025-12-24 00:00:00+00:00
[2025-12-24T09:06:16.140+0000] {processor.py:208} INFO - Processing /home/airflow/.local/lib/python3.11/site-packages/airflow/example_dags/example_branch_day_of_week_operator.py took 0.161 seconds
[2025-12-24T09:06:46.227+0000] {processor.py:186} INFO - Started process (PID=719) to work on /home/airflow/.local/lib/python3.11/site-packages/airflow/example_dags/example_branch_day_of_week_operator.py
[2025-12-24T09:06:46.230+0000] {processor.py:914} INFO - Processing file /home/airflow/.local/lib/python3.11/site-packages/airflow/example_dags/example_branch_day_of_week_operator.py for tasks to queue
[2025-12-24T09:06:46.235+0000] {logging_mixin.py:190} INFO - [2025-12-24T09:06:46.235+0000] {dagbag.py:588} INFO - Filling up the DagBag from /home/airflow/.local/lib/python3.11/site-packages/airflow/example_dags/example_branch_day_of_week_operator.py
[2025-12-24T09:06:46.259+0000] {processor.py:925} INFO - DAG(s) 'example_weekday_branch_operator' retrieved from /home/airflow/.local/lib/python3.11/site-packages/airflow/example_dags/example_branch_day_of_week_operator.py
[2025-12-24T09:06:46.322+0000] {logging_mixin.py:190} INFO - [2025-12-24T09:06:46.322+0000] {dag.py:3239} INFO - Sync 1 DAGs
[2025-12-24T09:06:46.381+0000] {logging_mixin.py:190} INFO - [2025-12-24T09:06:46.381+0000] {dag.py:4180} INFO - Setting next_dagrun for example_weekday_branch_operator to 2025-12-23 00:00:00+00:00, run_after=2025-12-24 00:00:00+00:00
[2025-12-24T09:06:46.435+0000] {processor.py:208} INFO - Processing /home/airflow/.local/lib/python3.11/site-packages/airflow/example_dags/example_branch_day_of_week_operator.py took 0.217 seconds
[2025-12-24T09:07:16.178+0000] {processor.py:186} INFO - Started process (PID=783) to work on /home/airflow/.local/lib/python3.11/site-packages/airflow/example_dags/example_branch_day_of_week_operator.py
[2025-12-24T09:07:16.180+0000] {processor.py:914} INFO - Processing file /home/airflow/.local/lib/python3.11/site-packages/airflow/example_dags/example_branch_day_of_week_operator.py for tasks to queue
[2025-12-24T09:07:16.185+0000] {logging_mixin.py:190} INFO - [2025-12-24T09:07:16.184+0000] {dagbag.py:588} INFO - Filling up the DagBag from /home/airflow/.local/lib/python3.11/site-packages/airflow/example_dags/example_branch_day_of_week_operator.py
[2025-12-24T09:07:16.200+0000] {processor.py:925} INFO - DAG(s) 'example_weekday_branch_operator' retrieved from /home/airflow/.local/lib/python3.11/site-packages/airflow/example_dags/example_branch_day_of_week_operator.py
[2025-12-24T09:07:16.242+0000] {logging_mixin.py:190} INFO - [2025-12-24T09:07:16.241+0000] {dag.py:3239} INFO - Sync 1 DAGs
[2025-12-24T09:07:16.293+0000] {logging_mixin.py:190} INFO - [2025-12-24T09:07:16.293+0000] {dag.py:4180} INFO - Setting next_dagrun for example_weekday_branch_operator to 2025-12-23 00:00:00+00:00, run_after=2025-12-24 00:00:00+00:00
[2025-12-24T09:07:16.327+0000] {processor.py:208} INFO - Processing /home/airflow/.local/lib/python3.11/site-packages/airflow/example_dags/example_branch_day_of_week_operator.py took 0.159 seconds
[2025-12-24T09:07:26.168+0000] {processor.py:186} INFO - Started process (PID=840) to work on /home/airflow/.local/lib/python3.11/site-packages/airflow/example_dags/example_branch_day_of_week_operator.py
[2025-12-24T09:07:26.170+0000] {processor.py:914} INFO - Processing file /home/airflow/.local/lib/python3.11/site-packages/airflow/example_dags/example_branch_day_of_week_operator.py for tasks to queue
[2025-12-24T09:07:26.174+0000] {logging_mixin.py:190} INFO - [2025-12-24T09:07:26.174+0000] {dagbag.py:588} INFO - Filling up the DagBag from /home/airflow/.local/lib/python3.11/site-packages/airflow/example_dags/example_branch_day_of_week_operator.py
[2025-12-24T09:07:26.189+0000] {processor.py:925} INFO - DAG(s) 'example_weekday_branch_operator' retrieved from /home/airflow/.local/lib/python3.11/site-packages/airflow/example_dags/example_branch_day_of_week_operator.py
[2025-12-24T09:07:26.223+0000] {logging_mixin.py:190} INFO - [2025-12-24T09:07:26.222+0000] {dag.py:3239} INFO - Sync 1 DAGs
[2025-12-24T09:07:26.262+0000] {logging_mixin.py:190} INFO - [2025-12-24T09:07:26.261+0000] {dag.py:4180} INFO - Setting next_dagrun for example_weekday_branch_operator to 2025-12-23 00:00:00+00:00, run_after=2025-12-24 00:00:00+00:00
[2025-12-24T09:07:26.298+0000] {processor.py:208} INFO - Processing /home/airflow/.local/lib/python3.11/site-packages/airflow/example_dags/example_branch_day_of_week_operator.py took 0.140 seconds
[2025-12-24T09:07:35.314+0000] {processor.py:186} INFO - Started process (PID=896) to work on /home/airflow/.local/lib/python3.11/site-packages/airflow/example_dags/example_branch_day_of_week_operator.py
[2025-12-24T09:07:35.316+0000] {processor.py:914} INFO - Processing file /home/airflow/.local/lib/python3.11/site-packages/airflow/example_dags/example_branch_day_of_week_operator.py for tasks to queue
[2025-12-24T09:07:35.320+0000] {logging_mixin.py:190} INFO - [2025-12-24T09:07:35.320+0000] {dagbag.py:588} INFO - Filling up the DagBag from /home/airflow/.local/lib/python3.11/site-packages/airflow/example_dags/example_branch_day_of_week_operator.py
[2025-12-24T09:07:35.335+0000] {processor.py:925} INFO - DAG(s) 'example_weekday_branch_operator' retrieved from /home/airflow/.local/lib/python3.11/site-packages/airflow/example_dags/example_branch_day_of_week_operator.py
[2025-12-24T09:07:35.370+0000] {logging_mixin.py:190} INFO - [2025-12-24T09:07:35.370+0000] {dag.py:3239} INFO - Sync 1 DAGs
[2025-12-24T09:07:35.408+0000] {logging_mixin.py:190} INFO - [2025-12-24T09:07:35.408+0000] {dag.py:4180} INFO - Setting next_dagrun for example_weekday_branch_operator to 2025-12-23 00:00:00+00:00, run_after=2025-12-24 00:00:00+00:00
[2025-12-24T09:07:35.440+0000] {processor.py:208} INFO - Processing /home/airflow/.local/lib/python3.11/site-packages/airflow/example_dags/example_branch_day_of_week_operator.py took 0.138 seconds
[2025-12-24T09:07:44.641+0000] {processor.py:186} INFO - Started process (PID=952) to work on /home/airflow/.local/lib/python3.11/site-packages/airflow/example_dags/example_branch_day_of_week_operator.py
[2025-12-24T09:07:44.643+0000] {processor.py:914} INFO - Processing file /home/airflow/.local/lib/python3.11/site-packages/airflow/example_dags/example_branch_day_of_week_operator.py for tasks to queue
[2025-12-24T09:07:44.646+0000] {logging_mixin.py:190} INFO - [2025-12-24T09:07:44.646+0000] {dagbag.py:588} INFO - Filling up the DagBag from /home/airflow/.local/lib/python3.11/site-packages/airflow/example_dags/example_branch_day_of_week_operator.py
[2025-12-24T09:07:44.662+0000] {processor.py:925} INFO - DAG(s) 'example_weekday_branch_operator' retrieved from /home/airflow/.local/lib/python3.11/site-packages/airflow/example_dags/example_branch_day_of_week_operator.py
[2025-12-24T09:07:44.696+0000] {logging_mixin.py:190} INFO - [2025-12-24T09:07:44.695+0000] {dag.py:3239} INFO - Sync 1 DAGs
[2025-12-24T09:07:44.729+0000] {logging_mixin.py:190} INFO - [2025-12-24T09:07:44.729+0000] {dag.py:4180} INFO - Setting next_dagrun for example_weekday_branch_operator to 2025-12-23 00:00:00+00:00, run_after=2025-12-24 00:00:00+00:00
[2025-12-24T09:07:44.763+0000] {processor.py:208} INFO - Processing /home/airflow/.local/lib/python3.11/site-packages/airflow/example_dags/example_branch_day_of_week_operator.py took 0.132 seconds
[2025-12-24T09:08:42.763+0000] {processor.py:186} INFO - Started process (PID=1015) to work on /home/airflow/.local/lib/python3.11/site-packages/airflow/example_dags/example_branch_day_of_week_operator.py
[2025-12-24T09:08:42.765+0000] {processor.py:914} INFO - Processing file /home/airflow/.local/lib/python3.11/site-packages/airflow/example_dags/example_branch_day_of_week_operator.py for tasks to queue
[2025-12-24T09:08:42.769+0000] {logging_mixin.py:190} INFO - [2025-12-24T09:08:42.768+0000] {dagbag.py:588} INFO - Filling up the DagBag from /home/airflow/.local/lib/python3.11/site-packages/airflow/example_dags/example_branch_day_of_week_operator.py
[2025-12-24T09:08:42.790+0000] {processor.py:925} INFO - DAG(s) 'example_weekday_branch_operator' retrieved from /home/airflow/.local/lib/python3.11/site-packages/airflow/example_dags/example_branch_day_of_week_operator.py
[2025-12-24T09:08:42.830+0000] {logging_mixin.py:190} INFO - [2025-12-24T09:08:42.829+0000] {dag.py:3239} INFO - Sync 1 DAGs
[2025-12-24T09:08:42.865+0000] {logging_mixin.py:190} INFO - [2025-12-24T09:08:42.865+0000] {dag.py:4180} INFO - Setting next_dagrun for example_weekday_branch_operator to 2025-12-23 00:00:00+00:00, run_after=2025-12-24 00:00:00+00:00
[2025-12-24T09:08:42.896+0000] {processor.py:208} INFO - Processing /home/airflow/.local/lib/python3.11/site-packages/airflow/example_dags/example_branch_day_of_week_operator.py took 0.143 seconds
[2025-12-24T09:09:22.152+0000] {processor.py:186} INFO - Started process (PID=1082) to work on /home/airflow/.local/lib/python3.11/site-packages/airflow/example_dags/example_branch_day_of_week_operator.py
[2025-12-24T09:09:22.153+0000] {processor.py:914} INFO - Processing file /home/airflow/.local/lib/python3.11/site-packages/airflow/example_dags/example_branch_day_of_week_operator.py for tasks to queue
[2025-12-24T09:09:22.157+0000] {logging_mixin.py:190} INFO - [2025-12-24T09:09:22.156+0000] {dagbag.py:588} INFO - Filling up the DagBag from /home/airflow/.local/lib/python3.11/site-packages/airflow/example_dags/example_branch_day_of_week_operator.py
[2025-12-24T09:09:22.174+0000] {processor.py:925} INFO - DAG(s) 'example_weekday_branch_operator' retrieved from /home/airflow/.local/lib/python3.11/site-packages/airflow/example_dags/example_branch_day_of_week_operator.py
[2025-12-24T09:09:22.203+0000] {logging_mixin.py:190} INFO - [2025-12-24T09:09:22.202+0000] {dag.py:3239} INFO - Sync 1 DAGs
[2025-12-24T09:09:22.229+0000] {logging_mixin.py:190} INFO - [2025-12-24T09:09:22.229+0000] {dag.py:4180} INFO - Setting next_dagrun for example_weekday_branch_operator to 2025-12-23 00:00:00+00:00, run_after=2025-12-24 00:00:00+00:00
[2025-12-24T09:09:22.251+0000] {processor.py:208} INFO - Processing /home/airflow/.local/lib/python3.11/site-packages/airflow/example_dags/example_branch_day_of_week_operator.py took 0.108 seconds
[2025-12-24T09:09:20.659+0000] {processor.py:186} INFO - Started process (PID=1162) to work on /home/airflow/.local/lib/python3.11/site-packages/airflow/example_dags/example_branch_day_of_week_operator.py
[2025-12-24T09:09:20.661+0000] {processor.py:914} INFO - Processing file /home/airflow/.local/lib/python3.11/site-packages/airflow/example_dags/example_branch_day_of_week_operator.py for tasks to queue
[2025-12-24T09:09:20.665+0000] {logging_mixin.py:190} INFO - [2025-12-24T09:09:20.664+0000] {dagbag.py:588} INFO - Filling up the DagBag from /home/airflow/.local/lib/python3.11/site-packages/airflow/example_dags/example_branch_day_of_week_operator.py
[2025-12-24T09:09:20.679+0000] {processor.py:925} INFO - DAG(s) 'example_weekday_branch_operator' retrieved from /home/airflow/.local/lib/python3.11/site-packages/airflow/example_dags/example_branch_day_of_week_operator.py
[2025-12-24T09:09:20.715+0000] {logging_mixin.py:190} INFO - [2025-12-24T09:09:20.714+0000] {dag.py:3239} INFO - Sync 1 DAGs
[2025-12-24T09:09:20.761+0000] {logging_mixin.py:190} INFO - [2025-12-24T09:09:20.761+0000] {dag.py:4180} INFO - Setting next_dagrun for example_weekday_branch_operator to 2025-12-23 00:00:00+00:00, run_after=2025-12-24 00:00:00+00:00
[2025-12-24T09:09:20.789+0000] {processor.py:208} INFO - Processing /home/airflow/.local/lib/python3.11/site-packages/airflow/example_dags/example_branch_day_of_week_operator.py took 0.139 seconds
[2025-12-24T09:10:27.496+0000] {processor.py:186} INFO - Started process (PID=1221) to work on /home/airflow/.local/lib/python3.11/site-packages/airflow/example_dags/example_branch_day_of_week_operator.py
[2025-12-24T09:10:27.498+0000] {processor.py:914} INFO - Processing file /home/airflow/.local/lib/python3.11/site-packages/airflow/example_dags/example_branch_day_of_week_operator.py for tasks to queue
[2025-12-24T09:10:27.511+0000] {logging_mixin.py:190} INFO - [2025-12-24T09:10:27.510+0000] {dagbag.py:588} INFO - Filling up the DagBag from /home/airflow/.local/lib/python3.11/site-packages/airflow/example_dags/example_branch_day_of_week_operator.py
[2025-12-24T09:10:27.531+0000] {processor.py:925} INFO - DAG(s) 'example_weekday_branch_operator' retrieved from /home/airflow/.local/lib/python3.11/site-packages/airflow/example_dags/example_branch_day_of_week_operator.py
[2025-12-24T09:10:27.562+0000] {logging_mixin.py:190} INFO - [2025-12-24T09:10:27.561+0000] {dag.py:3239} INFO - Sync 1 DAGs
[2025-12-24T09:10:27.591+0000] {logging_mixin.py:190} INFO - [2025-12-24T09:10:27.591+0000] {dag.py:4180} INFO - Setting next_dagrun for example_weekday_branch_operator to 2025-12-23 00:00:00+00:00, run_after=2025-12-24 00:00:00+00:00
[2025-12-24T09:10:27.618+0000] {processor.py:208} INFO - Processing /home/airflow/.local/lib/python3.11/site-packages/airflow/example_dags/example_branch_day_of_week_operator.py took 0.134 seconds
[2025-12-24T09:10:21.066+0000] {processor.py:186} INFO - Started process (PID=1293) to work on /home/airflow/.local/lib/python3.11/site-packages/airflow/example_dags/example_branch_day_of_week_operator.py
[2025-12-24T09:10:21.068+0000] {processor.py:914} INFO - Processing file /home/airflow/.local/lib/python3.11/site-packages/airflow/example_dags/example_branch_day_of_week_operator.py for tasks to queue
[2025-12-24T09:10:21.072+0000] {logging_mixin.py:190} INFO - [2025-12-24T09:10:21.072+0000] {dagbag.py:588} INFO - Filling up the DagBag from /home/airflow/.local/lib/python3.11/site-packages/airflow/example_dags/example_branch_day_of_week_operator.py
[2025-12-24T09:10:21.093+0000] {processor.py:925} INFO - DAG(s) 'example_weekday_branch_operator' retrieved from /home/airflow/.local/lib/python3.11/site-packages/airflow/example_dags/example_branch_day_of_week_operator.py
[2025-12-24T09:11:03.486+0000] {logging_mixin.py:190} INFO - [2025-12-24T09:11:03.485+0000] {dag.py:3239} INFO - Sync 1 DAGs
[2025-12-24T09:11:03.523+0000] {logging_mixin.py:190} INFO - [2025-12-24T09:11:03.522+0000] {dag.py:4180} INFO - Setting next_dagrun for example_weekday_branch_operator to 2025-12-23 00:00:00+00:00, run_after=2025-12-24 00:00:00+00:00
[2025-12-24T09:11:03.554+0000] {processor.py:208} INFO - Processing /home/airflow/.local/lib/python3.11/site-packages/airflow/example_dags/example_branch_day_of_week_operator.py took 0.156 seconds
[2025-12-24T09:11:00.745+0000] {processor.py:186} INFO - Started process (PID=1400) to work on /home/airflow/.local/lib/python3.11/site-packages/airflow/example_dags/example_branch_day_of_week_operator.py
[2025-12-24T09:11:00.746+0000] {processor.py:914} INFO - Processing file /home/airflow/.local/lib/python3.11/site-packages/airflow/example_dags/example_branch_day_of_week_operator.py for tasks to queue
[2025-12-24T09:11:00.750+0000] {logging_mixin.py:190} INFO - [2025-12-24T09:11:00.749+0000] {dagbag.py:588} INFO - Filling up the DagBag from /home/airflow/.local/lib/python3.11/site-packages/airflow/example_dags/example_branch_day_of_week_operator.py
[2025-12-24T09:11:00.764+0000] {processor.py:925} INFO - DAG(s) 'example_weekday_branch_operator' retrieved from /home/airflow/.local/lib/python3.11/site-packages/airflow/example_dags/example_branch_day_of_week_operator.py
[2025-12-24T09:11:00.799+0000] {logging_mixin.py:190} INFO - [2025-12-24T09:11:00.799+0000] {dag.py:3239} INFO - Sync 1 DAGs
[2025-12-24T09:11:00.835+0000] {logging_mixin.py:190} INFO - [2025-12-24T09:11:00.834+0000] {dag.py:4180} INFO - Setting next_dagrun for example_weekday_branch_operator to 2025-12-23 00:00:00+00:00, run_after=2025-12-24 00:00:00+00:00
[2025-12-24T09:11:00.866+0000] {processor.py:208} INFO - Processing /home/airflow/.local/lib/python3.11/site-packages/airflow/example_dags/example_branch_day_of_week_operator.py took 0.130 seconds
[2025-12-24T09:11:31.928+0000] {processor.py:186} INFO - Started process (PID=1462) to work on /home/airflow/.local/lib/python3.11/site-packages/airflow/example_dags/example_branch_day_of_week_operator.py
[2025-12-24T09:11:31.930+0000] {processor.py:914} INFO - Processing file /home/airflow/.local/lib/python3.11/site-packages/airflow/example_dags/example_branch_day_of_week_operator.py for tasks to queue
[2025-12-24T09:11:31.934+0000] {logging_mixin.py:190} INFO - [2025-12-24T09:11:31.933+0000] {dagbag.py:588} INFO - Filling up the DagBag from /home/airflow/.local/lib/python3.11/site-packages/airflow/example_dags/example_branch_day_of_week_operator.py
[2025-12-24T09:11:31.947+0000] {processor.py:925} INFO - DAG(s) 'example_weekday_branch_operator' retrieved from /home/airflow/.local/lib/python3.11/site-packages/airflow/example_dags/example_branch_day_of_week_operator.py
[2025-12-24T09:11:31.976+0000] {logging_mixin.py:190} INFO - [2025-12-24T09:11:31.975+0000] {dag.py:3239} INFO - Sync 1 DAGs
[2025-12-24T09:11:32.005+0000] {logging_mixin.py:190} INFO - [2025-12-24T09:11:32.004+0000] {dag.py:4180} INFO - Setting next_dagrun for example_weekday_branch_operator to 2025-12-23 00:00:00+00:00, run_after=2025-12-24 00:00:00+00:00
[2025-12-24T09:11:32.028+0000] {processor.py:208} INFO - Processing /home/airflow/.local/lib/python3.11/site-packages/airflow/example_dags/example_branch_day_of_week_operator.py took 0.109 seconds
[2025-12-24T09:12:33.446+0000] {processor.py:186} INFO - Started process (PID=1524) to work on /home/airflow/.local/lib/python3.11/site-packages/airflow/example_dags/example_branch_day_of_week_operator.py
[2025-12-24T09:12:33.448+0000] {processor.py:914} INFO - Processing file /home/airflow/.local/lib/python3.11/site-packages/airflow/example_dags/example_branch_day_of_week_operator.py for tasks to queue
[2025-12-24T09:12:33.451+0000] {logging_mixin.py:190} INFO - [2025-12-24T09:12:33.451+0000] {dagbag.py:588} INFO - Filling up the DagBag from /home/airflow/.local/lib/python3.11/site-packages/airflow/example_dags/example_branch_day_of_week_operator.py
[2025-12-24T09:12:33.465+0000] {processor.py:925} INFO - DAG(s) 'example_weekday_branch_operator' retrieved from /home/airflow/.local/lib/python3.11/site-packages/airflow/example_dags/example_branch_day_of_week_operator.py
[2025-12-24T09:12:33.496+0000] {logging_mixin.py:190} INFO - [2025-12-24T09:12:33.496+0000] {dag.py:3239} INFO - Sync 1 DAGs
[2025-12-24T09:12:33.523+0000] {logging_mixin.py:190} INFO - [2025-12-24T09:12:33.523+0000] {dag.py:4180} INFO - Setting next_dagrun for example_weekday_branch_operator to 2025-12-23 00:00:00+00:00, run_after=2025-12-24 00:00:00+00:00
[2025-12-24T09:12:33.546+0000] {processor.py:208} INFO - Processing /home/airflow/.local/lib/python3.11/site-packages/airflow/example_dags/example_branch_day_of_week_operator.py took 0.110 seconds
[2025-12-24T09:12:45.182+0000] {processor.py:186} INFO - Started process (PID=1590) to work on /home/airflow/.local/lib/python3.11/site-packages/airflow/example_dags/example_branch_day_of_week_operator.py
[2025-12-24T09:12:45.184+0000] {processor.py:914} INFO - Processing file /home/airflow/.local/lib/python3.11/site-packages/airflow/example_dags/example_branch_day_of_week_operator.py for tasks to queue
[2025-12-24T09:12:45.189+0000] {logging_mixin.py:190} INFO - [2025-12-24T09:12:45.189+0000] {dagbag.py:588} INFO - Filling up the DagBag from /home/airflow/.local/lib/python3.11/site-packages/airflow/example_dags/example_branch_day_of_week_operator.py
[2025-12-24T09:12:45.207+0000] {processor.py:925} INFO - DAG(s) 'example_weekday_branch_operator' retrieved from /home/airflow/.local/lib/python3.11/site-packages/airflow/example_dags/example_branch_day_of_week_operator.py
[2025-12-24T09:12:45.238+0000] {logging_mixin.py:190} INFO - [2025-12-24T09:12:45.238+0000] {dag.py:3239} INFO - Sync 1 DAGs
[2025-12-24T09:12:45.273+0000] {logging_mixin.py:190} INFO - [2025-12-24T09:12:45.273+0000] {dag.py:4180} INFO - Setting next_dagrun for example_weekday_branch_operator to 2025-12-23 00:00:00+00:00, run_after=2025-12-24 00:00:00+00:00
[2025-12-24T09:12:45.296+0000] {processor.py:208} INFO - Processing /home/airflow/.local/lib/python3.11/site-packages/airflow/example_dags/example_branch_day_of_week_operator.py took 0.124 seconds
[2025-12-24T09:13:34.211+0000] {processor.py:186} INFO - Started process (PID=1657) to work on /home/airflow/.local/lib/python3.11/site-packages/airflow/example_dags/example_branch_day_of_week_operator.py
[2025-12-24T09:13:34.213+0000] {processor.py:914} INFO - Processing file /home/airflow/.local/lib/python3.11/site-packages/airflow/example_dags/example_branch_day_of_week_operator.py for tasks to queue
[2025-12-24T09:13:34.217+0000] {logging_mixin.py:190} INFO - [2025-12-24T09:13:34.216+0000] {dagbag.py:588} INFO - Filling up the DagBag from /home/airflow/.local/lib/python3.11/site-packages/airflow/example_dags/example_branch_day_of_week_operator.py
[2025-12-24T09:13:34.232+0000] {processor.py:925} INFO - DAG(s) 'example_weekday_branch_operator' retrieved from /home/airflow/.local/lib/python3.11/site-packages/airflow/example_dags/example_branch_day_of_week_operator.py
[2025-12-24T09:13:34.265+0000] {logging_mixin.py:190} INFO - [2025-12-24T09:13:34.265+0000] {dag.py:3239} INFO - Sync 1 DAGs
[2025-12-24T09:13:34.296+0000] {logging_mixin.py:190} INFO - [2025-12-24T09:13:34.295+0000] {dag.py:4180} INFO - Setting next_dagrun for example_weekday_branch_operator to 2025-12-23 00:00:00+00:00, run_after=2025-12-24 00:00:00+00:00
[2025-12-24T09:13:34.322+0000] {processor.py:208} INFO - Processing /home/airflow/.local/lib/python3.11/site-packages/airflow/example_dags/example_branch_day_of_week_operator.py took 0.120 seconds
[2025-12-24T09:14:28.559+0000] {processor.py:186} INFO - Started process (PID=1707) to work on /home/airflow/.local/lib/python3.11/site-packages/airflow/example_dags/example_branch_day_of_week_operator.py
[2025-12-24T09:14:28.561+0000] {processor.py:914} INFO - Processing file /home/airflow/.local/lib/python3.11/site-packages/airflow/example_dags/example_branch_day_of_week_operator.py for tasks to queue
[2025-12-24T09:14:28.564+0000] {logging_mixin.py:190} INFO - [2025-12-24T09:14:28.564+0000] {dagbag.py:588} INFO - Filling up the DagBag from /home/airflow/.local/lib/python3.11/site-packages/airflow/example_dags/example_branch_day_of_week_operator.py
[2025-12-24T09:14:28.579+0000] {processor.py:925} INFO - DAG(s) 'example_weekday_branch_operator' retrieved from /home/airflow/.local/lib/python3.11/site-packages/airflow/example_dags/example_branch_day_of_week_operator.py
[2025-12-24T09:14:28.610+0000] {logging_mixin.py:190} INFO - [2025-12-24T09:14:28.609+0000] {dag.py:3239} INFO - Sync 1 DAGs
[2025-12-24T09:14:28.637+0000] {logging_mixin.py:190} INFO - [2025-12-24T09:14:28.637+0000] {dag.py:4180} INFO - Setting next_dagrun for example_weekday_branch_operator to 2025-12-23 00:00:00+00:00, run_after=2025-12-24 00:00:00+00:00
[2025-12-24T09:14:28.660+0000] {processor.py:208} INFO - Processing /home/airflow/.local/lib/python3.11/site-packages/airflow/example_dags/example_branch_day_of_week_operator.py took 0.111 seconds
[2025-12-24T09:14:40.603+0000] {processor.py:186} INFO - Started process (PID=1779) to work on /home/airflow/.local/lib/python3.11/site-packages/airflow/example_dags/example_branch_day_of_week_operator.py
[2025-12-24T09:14:40.604+0000] {processor.py:914} INFO - Processing file /home/airflow/.local/lib/python3.11/site-packages/airflow/example_dags/example_branch_day_of_week_operator.py for tasks to queue
[2025-12-24T09:14:40.608+0000] {logging_mixin.py:190} INFO - [2025-12-24T09:14:40.608+0000] {dagbag.py:588} INFO - Filling up the DagBag from /home/airflow/.local/lib/python3.11/site-packages/airflow/example_dags/example_branch_day_of_week_operator.py
[2025-12-24T09:14:40.623+0000] {processor.py:925} INFO - DAG(s) 'example_weekday_branch_operator' retrieved from /home/airflow/.local/lib/python3.11/site-packages/airflow/example_dags/example_branch_day_of_week_operator.py
[2025-12-24T09:14:40.654+0000] {logging_mixin.py:190} INFO - [2025-12-24T09:14:40.653+0000] {dag.py:3239} INFO - Sync 1 DAGs
[2025-12-24T09:14:40.685+0000] {logging_mixin.py:190} INFO - [2025-12-24T09:14:40.685+0000] {dag.py:4180} INFO - Setting next_dagrun for example_weekday_branch_operator to 2025-12-23 00:00:00+00:00, run_after=2025-12-24 00:00:00+00:00
[2025-12-24T09:14:40.708+0000] {processor.py:208} INFO - Processing /home/airflow/.local/lib/python3.11/site-packages/airflow/example_dags/example_branch_day_of_week_operator.py took 0.114 seconds
[2025-12-24T09:15:11.826+0000] {processor.py:186} INFO - Started process (PID=1842) to work on /home/airflow/.local/lib/python3.11/site-packages/airflow/example_dags/example_branch_day_of_week_operator.py
[2025-12-24T09:15:11.828+0000] {processor.py:914} INFO - Processing file /home/airflow/.local/lib/python3.11/site-packages/airflow/example_dags/example_branch_day_of_week_operator.py for tasks to queue
[2025-12-24T09:15:11.833+0000] {logging_mixin.py:190} INFO - [2025-12-24T09:15:11.832+0000] {dagbag.py:588} INFO - Filling up the DagBag from /home/airflow/.local/lib/python3.11/site-packages/airflow/example_dags/example_branch_day_of_week_operator.py
[2025-12-24T09:15:11.849+0000] {processor.py:925} INFO - DAG(s) 'example_weekday_branch_operator' retrieved from /home/airflow/.local/lib/python3.11/site-packages/airflow/example_dags/example_branch_day_of_week_operator.py
[2025-12-24T09:15:11.883+0000] {logging_mixin.py:190} INFO - [2025-12-24T09:15:11.882+0000] {dag.py:3239} INFO - Sync 1 DAGs
[2025-12-24T09:15:11.916+0000] {logging_mixin.py:190} INFO - [2025-12-24T09:15:11.915+0000] {dag.py:4180} INFO - Setting next_dagrun for example_weekday_branch_operator to 2025-12-23 00:00:00+00:00, run_after=2025-12-24 00:00:00+00:00
[2025-12-24T09:15:11.944+0000] {processor.py:208} INFO - Processing /home/airflow/.local/lib/python3.11/site-packages/airflow/example_dags/example_branch_day_of_week_operator.py took 0.128 seconds
[2025-12-24T09:15:42.451+0000] {processor.py:186} INFO - Started process (PID=1903) to work on /home/airflow/.local/lib/python3.11/site-packages/airflow/example_dags/example_branch_day_of_week_operator.py
[2025-12-24T09:15:42.453+0000] {processor.py:914} INFO - Processing file /home/airflow/.local/lib/python3.11/site-packages/airflow/example_dags/example_branch_day_of_week_operator.py for tasks to queue
[2025-12-24T09:15:42.456+0000] {logging_mixin.py:190} INFO - [2025-12-24T09:15:42.456+0000] {dagbag.py:588} INFO - Filling up the DagBag from /home/airflow/.local/lib/python3.11/site-packages/airflow/example_dags/example_branch_day_of_week_operator.py
[2025-12-24T09:15:42.470+0000] {processor.py:925} INFO - DAG(s) 'example_weekday_branch_operator' retrieved from /home/airflow/.local/lib/python3.11/site-packages/airflow/example_dags/example_branch_day_of_week_operator.py
[2025-12-24T09:15:42.500+0000] {logging_mixin.py:190} INFO - [2025-12-24T09:15:42.500+0000] {dag.py:3239} INFO - Sync 1 DAGs
[2025-12-24T09:15:42.533+0000] {logging_mixin.py:190} INFO - [2025-12-24T09:15:42.533+0000] {dag.py:4180} INFO - Setting next_dagrun for example_weekday_branch_operator to 2025-12-23 00:00:00+00:00, run_after=2025-12-24 00:00:00+00:00
[2025-12-24T09:15:42.568+0000] {processor.py:208} INFO - Processing /home/airflow/.local/lib/python3.11/site-packages/airflow/example_dags/example_branch_day_of_week_operator.py took 0.126 seconds
[2025-12-24T09:16:42.549+0000] {processor.py:186} INFO - Started process (PID=1967) to work on /home/airflow/.local/lib/python3.11/site-packages/airflow/example_dags/example_branch_day_of_week_operator.py
[2025-12-24T09:16:42.551+0000] {processor.py:914} INFO - Processing file /home/airflow/.local/lib/python3.11/site-packages/airflow/example_dags/example_branch_day_of_week_operator.py for tasks to queue
[2025-12-24T09:16:42.555+0000] {logging_mixin.py:190} INFO - [2025-12-24T09:16:42.554+0000] {dagbag.py:588} INFO - Filling up the DagBag from /home/airflow/.local/lib/python3.11/site-packages/airflow/example_dags/example_branch_day_of_week_operator.py
[2025-12-24T09:16:42.569+0000] {processor.py:925} INFO - DAG(s) 'example_weekday_branch_operator' retrieved from /home/airflow/.local/lib/python3.11/site-packages/airflow/example_dags/example_branch_day_of_week_operator.py
[2025-12-24T09:16:42.600+0000] {logging_mixin.py:190} INFO - [2025-12-24T09:16:42.599+0000] {dag.py:3239} INFO - Sync 1 DAGs
[2025-12-24T09:16:42.630+0000] {logging_mixin.py:190} INFO - [2025-12-24T09:16:42.630+0000] {dag.py:4180} INFO - Setting next_dagrun for example_weekday_branch_operator to 2025-12-23 00:00:00+00:00, run_after=2025-12-24 00:00:00+00:00
[2025-12-24T09:16:42.655+0000] {processor.py:208} INFO - Processing /home/airflow/.local/lib/python3.11/site-packages/airflow/example_dags/example_branch_day_of_week_operator.py took 0.116 seconds
[2025-12-24T09:23:41.701+0000] {processor.py:186} INFO - Started process (PID=118) to work on /home/airflow/.local/lib/python3.11/site-packages/airflow/example_dags/example_branch_day_of_week_operator.py
[2025-12-24T09:23:41.704+0000] {processor.py:914} INFO - Processing file /home/airflow/.local/lib/python3.11/site-packages/airflow/example_dags/example_branch_day_of_week_operator.py for tasks to queue
[2025-12-24T09:23:41.709+0000] {logging_mixin.py:190} INFO - [2025-12-24T09:23:41.709+0000] {dagbag.py:588} INFO - Filling up the DagBag from /home/airflow/.local/lib/python3.11/site-packages/airflow/example_dags/example_branch_day_of_week_operator.py
[2025-12-24T09:23:41.735+0000] {processor.py:925} INFO - DAG(s) 'example_weekday_branch_operator' retrieved from /home/airflow/.local/lib/python3.11/site-packages/airflow/example_dags/example_branch_day_of_week_operator.py
[2025-12-24T09:23:41.983+0000] {logging_mixin.py:190} INFO - [2025-12-24T09:23:41.982+0000] {override.py:1911} INFO - Created Permission View: can delete on DAG:example_weekday_branch_operator
[2025-12-24T09:23:42.009+0000] {logging_mixin.py:190} INFO - [2025-12-24T09:23:42.009+0000] {override.py:1911} INFO - Created Permission View: can read on DAG:example_weekday_branch_operator
[2025-12-24T09:23:42.025+0000] {logging_mixin.py:190} INFO - [2025-12-24T09:23:42.024+0000] {override.py:1911} INFO - Created Permission View: can edit on DAG:example_weekday_branch_operator
[2025-12-24T09:23:42.053+0000] {logging_mixin.py:190} INFO - [2025-12-24T09:23:42.053+0000] {override.py:1911} INFO - Created Permission View: menu access on DAG Run:example_weekday_branch_operator
[2025-12-24T09:23:42.075+0000] {logging_mixin.py:190} INFO - [2025-12-24T09:23:42.075+0000] {override.py:1911} INFO - Created Permission View: can create on DAG Run:example_weekday_branch_operator
[2025-12-24T09:23:42.097+0000] {logging_mixin.py:190} INFO - [2025-12-24T09:23:42.096+0000] {override.py:1911} INFO - Created Permission View: can delete on DAG Run:example_weekday_branch_operator
[2025-12-24T09:23:42.166+0000] {logging_mixin.py:190} INFO - [2025-12-24T09:23:42.166+0000] {override.py:1911} INFO - Created Permission View: can read on DAG Run:example_weekday_branch_operator
[2025-12-24T09:23:42.168+0000] {logging_mixin.py:190} INFO - [2025-12-24T09:23:42.167+0000] {dag.py:3239} INFO - Sync 1 DAGs
[2025-12-24T09:23:42.188+0000] {logging_mixin.py:190} INFO - [2025-12-24T09:23:42.187+0000] {dag.py:3262} INFO - Creating ORM DAG for example_weekday_branch_operator
[2025-12-24T09:23:42.205+0000] {logging_mixin.py:190} INFO - [2025-12-24T09:23:42.205+0000] {dag.py:4180} INFO - Setting next_dagrun for example_weekday_branch_operator to 2025-12-23 00:00:00+00:00, run_after=2025-12-24 00:00:00+00:00
[2025-12-24T09:23:42.240+0000] {processor.py:208} INFO - Processing /home/airflow/.local/lib/python3.11/site-packages/airflow/example_dags/example_branch_day_of_week_operator.py took 0.552 seconds
[2025-12-24T09:23:58.405+0000] {processor.py:186} INFO - Started process (PID=147) to work on /home/airflow/.local/lib/python3.11/site-packages/airflow/example_dags/example_branch_day_of_week_operator.py
[2025-12-24T09:23:58.408+0000] {processor.py:914} INFO - Processing file /home/airflow/.local/lib/python3.11/site-packages/airflow/example_dags/example_branch_day_of_week_operator.py for tasks to queue
[2025-12-24T09:23:58.415+0000] {logging_mixin.py:190} INFO - [2025-12-24T09:23:58.414+0000] {dagbag.py:588} INFO - Filling up the DagBag from /home/airflow/.local/lib/python3.11/site-packages/airflow/example_dags/example_branch_day_of_week_operator.py
[2025-12-24T09:23:58.438+0000] {processor.py:925} INFO - DAG(s) 'example_weekday_branch_operator' retrieved from /home/airflow/.local/lib/python3.11/site-packages/airflow/example_dags/example_branch_day_of_week_operator.py
[2025-12-24T09:23:58.472+0000] {logging_mixin.py:190} INFO - [2025-12-24T09:23:58.470+0000] {dag.py:3239} INFO - Sync 1 DAGs
[2025-12-24T09:23:58.532+0000] {logging_mixin.py:190} INFO - [2025-12-24T09:23:58.532+0000] {dag.py:4180} INFO - Setting next_dagrun for example_weekday_branch_operator to 2025-12-23 00:00:00+00:00, run_after=2025-12-24 00:00:00+00:00
[2025-12-24T09:23:58.576+0000] {processor.py:208} INFO - Processing /home/airflow/.local/lib/python3.11/site-packages/airflow/example_dags/example_branch_day_of_week_operator.py took 0.191 seconds
[2025-12-24T09:24:05.097+0000] {processor.py:186} INFO - Started process (PID=193) to work on /home/airflow/.local/lib/python3.11/site-packages/airflow/example_dags/example_branch_day_of_week_operator.py
[2025-12-24T09:24:05.099+0000] {processor.py:914} INFO - Processing file /home/airflow/.local/lib/python3.11/site-packages/airflow/example_dags/example_branch_day_of_week_operator.py for tasks to queue
[2025-12-24T09:24:05.102+0000] {logging_mixin.py:190} INFO - [2025-12-24T09:24:05.102+0000] {dagbag.py:588} INFO - Filling up the DagBag from /home/airflow/.local/lib/python3.11/site-packages/airflow/example_dags/example_branch_day_of_week_operator.py
[2025-12-24T09:24:05.119+0000] {processor.py:925} INFO - DAG(s) 'example_weekday_branch_operator' retrieved from /home/airflow/.local/lib/python3.11/site-packages/airflow/example_dags/example_branch_day_of_week_operator.py
[2025-12-24T09:24:05.147+0000] {logging_mixin.py:190} INFO - [2025-12-24T09:24:05.146+0000] {dag.py:3239} INFO - Sync 1 DAGs
[2025-12-24T09:24:05.183+0000] {logging_mixin.py:190} INFO - [2025-12-24T09:24:05.182+0000] {dag.py:4180} INFO - Setting next_dagrun for example_weekday_branch_operator to 2025-12-23 00:00:00+00:00, run_after=2025-12-24 00:00:00+00:00
[2025-12-24T09:24:05.209+0000] {processor.py:208} INFO - Processing /home/airflow/.local/lib/python3.11/site-packages/airflow/example_dags/example_branch_day_of_week_operator.py took 0.123 seconds
[2025-12-24T09:24:16.693+0000] {processor.py:186} INFO - Started process (PID=250) to work on /home/airflow/.local/lib/python3.11/site-packages/airflow/example_dags/example_branch_day_of_week_operator.py
[2025-12-24T09:24:16.695+0000] {processor.py:914} INFO - Processing file /home/airflow/.local/lib/python3.11/site-packages/airflow/example_dags/example_branch_day_of_week_operator.py for tasks to queue
[2025-12-24T09:24:16.703+0000] {logging_mixin.py:190} INFO - [2025-12-24T09:24:16.701+0000] {dagbag.py:588} INFO - Filling up the DagBag from /home/airflow/.local/lib/python3.11/site-packages/airflow/example_dags/example_branch_day_of_week_operator.py
[2025-12-24T09:24:16.727+0000] {processor.py:925} INFO - DAG(s) 'example_weekday_branch_operator' retrieved from /home/airflow/.local/lib/python3.11/site-packages/airflow/example_dags/example_branch_day_of_week_operator.py
[2025-12-24T09:24:16.786+0000] {logging_mixin.py:190} INFO - [2025-12-24T09:24:16.785+0000] {dag.py:3239} INFO - Sync 1 DAGs
[2025-12-24T09:24:16.835+0000] {logging_mixin.py:190} INFO - [2025-12-24T09:24:16.835+0000] {dag.py:4180} INFO - Setting next_dagrun for example_weekday_branch_operator to 2025-12-23 00:00:00+00:00, run_after=2025-12-24 00:00:00+00:00
[2025-12-24T09:24:16.875+0000] {processor.py:208} INFO - Processing /home/airflow/.local/lib/python3.11/site-packages/airflow/example_dags/example_branch_day_of_week_operator.py took 0.211 seconds
[2025-12-24T09:24:45.466+0000] {processor.py:186} INFO - Started process (PID=309) to work on /home/airflow/.local/lib/python3.11/site-packages/airflow/example_dags/example_branch_day_of_week_operator.py
[2025-12-24T09:24:45.468+0000] {processor.py:914} INFO - Processing file /home/airflow/.local/lib/python3.11/site-packages/airflow/example_dags/example_branch_day_of_week_operator.py for tasks to queue
[2025-12-24T09:24:45.472+0000] {logging_mixin.py:190} INFO - [2025-12-24T09:24:45.471+0000] {dagbag.py:588} INFO - Filling up the DagBag from /home/airflow/.local/lib/python3.11/site-packages/airflow/example_dags/example_branch_day_of_week_operator.py
[2025-12-24T09:24:45.486+0000] {processor.py:925} INFO - DAG(s) 'example_weekday_branch_operator' retrieved from /home/airflow/.local/lib/python3.11/site-packages/airflow/example_dags/example_branch_day_of_week_operator.py
[2025-12-24T09:24:45.518+0000] {logging_mixin.py:190} INFO - [2025-12-24T09:24:45.518+0000] {dag.py:3239} INFO - Sync 1 DAGs
[2025-12-24T09:24:45.549+0000] {logging_mixin.py:190} INFO - [2025-12-24T09:24:45.548+0000] {dag.py:4180} INFO - Setting next_dagrun for example_weekday_branch_operator to 2025-12-23 00:00:00+00:00, run_after=2025-12-24 00:00:00+00:00
[2025-12-24T09:24:45.576+0000] {processor.py:208} INFO - Processing /home/airflow/.local/lib/python3.11/site-packages/airflow/example_dags/example_branch_day_of_week_operator.py took 0.120 seconds
[2025-12-24T09:24:57.042+0000] {processor.py:186} INFO - Started process (PID=365) to work on /home/airflow/.local/lib/python3.11/site-packages/airflow/example_dags/example_branch_day_of_week_operator.py
[2025-12-24T09:24:57.044+0000] {processor.py:914} INFO - Processing file /home/airflow/.local/lib/python3.11/site-packages/airflow/example_dags/example_branch_day_of_week_operator.py for tasks to queue
[2025-12-24T09:24:57.049+0000] {logging_mixin.py:190} INFO - [2025-12-24T09:24:57.048+0000] {dagbag.py:588} INFO - Filling up the DagBag from /home/airflow/.local/lib/python3.11/site-packages/airflow/example_dags/example_branch_day_of_week_operator.py
[2025-12-24T09:24:57.073+0000] {processor.py:925} INFO - DAG(s) 'example_weekday_branch_operator' retrieved from /home/airflow/.local/lib/python3.11/site-packages/airflow/example_dags/example_branch_day_of_week_operator.py
[2025-12-24T09:24:57.115+0000] {logging_mixin.py:190} INFO - [2025-12-24T09:24:57.114+0000] {dag.py:3239} INFO - Sync 1 DAGs
[2025-12-24T09:24:57.158+0000] {logging_mixin.py:190} INFO - [2025-12-24T09:24:57.158+0000] {dag.py:4180} INFO - Setting next_dagrun for example_weekday_branch_operator to 2025-12-23 00:00:00+00:00, run_after=2025-12-24 00:00:00+00:00
[2025-12-24T09:24:57.197+0000] {processor.py:208} INFO - Processing /home/airflow/.local/lib/python3.11/site-packages/airflow/example_dags/example_branch_day_of_week_operator.py took 0.172 seconds
[2025-12-24T09:25:15.555+0000] {processor.py:186} INFO - Started process (PID=427) to work on /home/airflow/.local/lib/python3.11/site-packages/airflow/example_dags/example_branch_day_of_week_operator.py
[2025-12-24T09:25:15.556+0000] {processor.py:914} INFO - Processing file /home/airflow/.local/lib/python3.11/site-packages/airflow/example_dags/example_branch_day_of_week_operator.py for tasks to queue
[2025-12-24T09:25:15.560+0000] {logging_mixin.py:190} INFO - [2025-12-24T09:25:15.559+0000] {dagbag.py:588} INFO - Filling up the DagBag from /home/airflow/.local/lib/python3.11/site-packages/airflow/example_dags/example_branch_day_of_week_operator.py
[2025-12-24T09:25:15.574+0000] {processor.py:925} INFO - DAG(s) 'example_weekday_branch_operator' retrieved from /home/airflow/.local/lib/python3.11/site-packages/airflow/example_dags/example_branch_day_of_week_operator.py
[2025-12-24T09:25:15.604+0000] {logging_mixin.py:190} INFO - [2025-12-24T09:25:15.604+0000] {dag.py:3239} INFO - Sync 1 DAGs
[2025-12-24T09:25:15.632+0000] {logging_mixin.py:190} INFO - [2025-12-24T09:25:15.631+0000] {dag.py:4180} INFO - Setting next_dagrun for example_weekday_branch_operator to 2025-12-23 00:00:00+00:00, run_after=2025-12-24 00:00:00+00:00
[2025-12-24T09:25:15.657+0000] {processor.py:208} INFO - Processing /home/airflow/.local/lib/python3.11/site-packages/airflow/example_dags/example_branch_day_of_week_operator.py took 0.112 seconds
[2025-12-24T09:25:21.879+0000] {processor.py:186} INFO - Started process (PID=481) to work on /home/airflow/.local/lib/python3.11/site-packages/airflow/example_dags/example_branch_day_of_week_operator.py
[2025-12-24T09:25:21.883+0000] {processor.py:914} INFO - Processing file /home/airflow/.local/lib/python3.11/site-packages/airflow/example_dags/example_branch_day_of_week_operator.py for tasks to queue
[2025-12-24T09:25:21.888+0000] {logging_mixin.py:190} INFO - [2025-12-24T09:25:21.887+0000] {dagbag.py:588} INFO - Filling up the DagBag from /home/airflow/.local/lib/python3.11/site-packages/airflow/example_dags/example_branch_day_of_week_operator.py
[2025-12-24T09:25:21.907+0000] {processor.py:925} INFO - DAG(s) 'example_weekday_branch_operator' retrieved from /home/airflow/.local/lib/python3.11/site-packages/airflow/example_dags/example_branch_day_of_week_operator.py
[2025-12-24T09:25:21.960+0000] {logging_mixin.py:190} INFO - [2025-12-24T09:25:21.959+0000] {dag.py:3239} INFO - Sync 1 DAGs
[2025-12-24T09:25:22.009+0000] {logging_mixin.py:190} INFO - [2025-12-24T09:25:22.008+0000] {dag.py:4180} INFO - Setting next_dagrun for example_weekday_branch_operator to 2025-12-23 00:00:00+00:00, run_after=2025-12-24 00:00:00+00:00
[2025-12-24T09:25:22.066+0000] {processor.py:208} INFO - Processing /home/airflow/.local/lib/python3.11/site-packages/airflow/example_dags/example_branch_day_of_week_operator.py took 0.199 seconds
[2025-12-24T09:25:58.099+0000] {processor.py:186} INFO - Started process (PID=570) to work on /home/airflow/.local/lib/python3.11/site-packages/airflow/example_dags/example_branch_day_of_week_operator.py
[2025-12-24T09:25:58.102+0000] {processor.py:914} INFO - Processing file /home/airflow/.local/lib/python3.11/site-packages/airflow/example_dags/example_branch_day_of_week_operator.py for tasks to queue
[2025-12-24T09:25:58.110+0000] {logging_mixin.py:190} INFO - [2025-12-24T09:25:58.109+0000] {dagbag.py:588} INFO - Filling up the DagBag from /home/airflow/.local/lib/python3.11/site-packages/airflow/example_dags/example_branch_day_of_week_operator.py
[2025-12-24T09:25:58.132+0000] {processor.py:925} INFO - DAG(s) 'example_weekday_branch_operator' retrieved from /home/airflow/.local/lib/python3.11/site-packages/airflow/example_dags/example_branch_day_of_week_operator.py
[2025-12-24T09:25:58.175+0000] {logging_mixin.py:190} INFO - [2025-12-24T09:25:58.174+0000] {dag.py:3239} INFO - Sync 1 DAGs
[2025-12-24T09:25:58.209+0000] {logging_mixin.py:190} INFO - [2025-12-24T09:25:58.209+0000] {dag.py:4180} INFO - Setting next_dagrun for example_weekday_branch_operator to 2025-12-23 00:00:00+00:00, run_after=2025-12-24 00:00:00+00:00
[2025-12-24T09:25:58.245+0000] {processor.py:208} INFO - Processing /home/airflow/.local/lib/python3.11/site-packages/airflow/example_dags/example_branch_day_of_week_operator.py took 0.166 seconds
[2025-12-24T09:26:07.147+0000] {processor.py:186} INFO - Started process (PID=633) to work on /home/airflow/.local/lib/python3.11/site-packages/airflow/example_dags/example_branch_day_of_week_operator.py
[2025-12-24T09:26:07.148+0000] {processor.py:914} INFO - Processing file /home/airflow/.local/lib/python3.11/site-packages/airflow/example_dags/example_branch_day_of_week_operator.py for tasks to queue
[2025-12-24T09:26:07.153+0000] {logging_mixin.py:190} INFO - [2025-12-24T09:26:07.152+0000] {dagbag.py:588} INFO - Filling up the DagBag from /home/airflow/.local/lib/python3.11/site-packages/airflow/example_dags/example_branch_day_of_week_operator.py
[2025-12-24T09:26:07.170+0000] {processor.py:925} INFO - DAG(s) 'example_weekday_branch_operator' retrieved from /home/airflow/.local/lib/python3.11/site-packages/airflow/example_dags/example_branch_day_of_week_operator.py
[2025-12-24T09:26:07.208+0000] {logging_mixin.py:190} INFO - [2025-12-24T09:26:07.207+0000] {dag.py:3239} INFO - Sync 1 DAGs
[2025-12-24T09:26:07.248+0000] {logging_mixin.py:190} INFO - [2025-12-24T09:26:07.247+0000] {dag.py:4180} INFO - Setting next_dagrun for example_weekday_branch_operator to 2025-12-23 00:00:00+00:00, run_after=2025-12-24 00:00:00+00:00
[2025-12-24T09:26:07.289+0000] {processor.py:208} INFO - Processing /home/airflow/.local/lib/python3.11/site-packages/airflow/example_dags/example_branch_day_of_week_operator.py took 0.154 seconds
[2025-12-24T09:26:15.615+0000] {processor.py:186} INFO - Started process (PID=689) to work on /home/airflow/.local/lib/python3.11/site-packages/airflow/example_dags/example_branch_day_of_week_operator.py
[2025-12-24T09:26:15.617+0000] {processor.py:914} INFO - Processing file /home/airflow/.local/lib/python3.11/site-packages/airflow/example_dags/example_branch_day_of_week_operator.py for tasks to queue
[2025-12-24T09:26:15.620+0000] {logging_mixin.py:190} INFO - [2025-12-24T09:26:15.620+0000] {dagbag.py:588} INFO - Filling up the DagBag from /home/airflow/.local/lib/python3.11/site-packages/airflow/example_dags/example_branch_day_of_week_operator.py
[2025-12-24T09:26:15.635+0000] {processor.py:925} INFO - DAG(s) 'example_weekday_branch_operator' retrieved from /home/airflow/.local/lib/python3.11/site-packages/airflow/example_dags/example_branch_day_of_week_operator.py
[2025-12-24T09:26:15.678+0000] {logging_mixin.py:190} INFO - [2025-12-24T09:26:15.677+0000] {dag.py:3239} INFO - Sync 1 DAGs
[2025-12-24T09:26:15.710+0000] {logging_mixin.py:190} INFO - [2025-12-24T09:26:15.709+0000] {dag.py:4180} INFO - Setting next_dagrun for example_weekday_branch_operator to 2025-12-23 00:00:00+00:00, run_after=2025-12-24 00:00:00+00:00
[2025-12-24T09:26:15.736+0000] {processor.py:208} INFO - Processing /home/airflow/.local/lib/python3.11/site-packages/airflow/example_dags/example_branch_day_of_week_operator.py took 0.131 seconds
[2025-12-24T09:26:26.548+0000] {processor.py:186} INFO - Started process (PID=741) to work on /home/airflow/.local/lib/python3.11/site-packages/airflow/example_dags/example_branch_day_of_week_operator.py
[2025-12-24T09:26:26.550+0000] {processor.py:914} INFO - Processing file /home/airflow/.local/lib/python3.11/site-packages/airflow/example_dags/example_branch_day_of_week_operator.py for tasks to queue
[2025-12-24T09:26:26.554+0000] {logging_mixin.py:190} INFO - [2025-12-24T09:26:26.553+0000] {dagbag.py:588} INFO - Filling up the DagBag from /home/airflow/.local/lib/python3.11/site-packages/airflow/example_dags/example_branch_day_of_week_operator.py
[2025-12-24T09:26:26.570+0000] {processor.py:925} INFO - DAG(s) 'example_weekday_branch_operator' retrieved from /home/airflow/.local/lib/python3.11/site-packages/airflow/example_dags/example_branch_day_of_week_operator.py
[2025-12-24T09:26:26.609+0000] {logging_mixin.py:190} INFO - [2025-12-24T09:26:26.608+0000] {dag.py:3239} INFO - Sync 1 DAGs
[2025-12-24T09:26:26.644+0000] {logging_mixin.py:190} INFO - [2025-12-24T09:26:26.643+0000] {dag.py:4180} INFO - Setting next_dagrun for example_weekday_branch_operator to 2025-12-23 00:00:00+00:00, run_after=2025-12-24 00:00:00+00:00
[2025-12-24T09:26:26.671+0000] {processor.py:208} INFO - Processing /home/airflow/.local/lib/python3.11/site-packages/airflow/example_dags/example_branch_day_of_week_operator.py took 0.136 seconds
[2025-12-24T09:26:37.562+0000] {processor.py:186} INFO - Started process (PID=799) to work on /home/airflow/.local/lib/python3.11/site-packages/airflow/example_dags/example_branch_day_of_week_operator.py
[2025-12-24T09:26:37.564+0000] {processor.py:914} INFO - Processing file /home/airflow/.local/lib/python3.11/site-packages/airflow/example_dags/example_branch_day_of_week_operator.py for tasks to queue
[2025-12-24T09:26:37.569+0000] {logging_mixin.py:190} INFO - [2025-12-24T09:26:37.568+0000] {dagbag.py:588} INFO - Filling up the DagBag from /home/airflow/.local/lib/python3.11/site-packages/airflow/example_dags/example_branch_day_of_week_operator.py
[2025-12-24T09:26:37.586+0000] {processor.py:925} INFO - DAG(s) 'example_weekday_branch_operator' retrieved from /home/airflow/.local/lib/python3.11/site-packages/airflow/example_dags/example_branch_day_of_week_operator.py
[2025-12-24T09:26:37.644+0000] {logging_mixin.py:190} INFO - [2025-12-24T09:26:37.644+0000] {dag.py:3239} INFO - Sync 1 DAGs
[2025-12-24T09:26:37.678+0000] {logging_mixin.py:190} INFO - [2025-12-24T09:26:37.678+0000] {dag.py:4180} INFO - Setting next_dagrun for example_weekday_branch_operator to 2025-12-23 00:00:00+00:00, run_after=2025-12-24 00:00:00+00:00
[2025-12-24T09:26:37.714+0000] {processor.py:208} INFO - Processing /home/airflow/.local/lib/python3.11/site-packages/airflow/example_dags/example_branch_day_of_week_operator.py took 0.165 seconds
[2025-12-24T09:26:48.717+0000] {processor.py:186} INFO - Started process (PID=852) to work on /home/airflow/.local/lib/python3.11/site-packages/airflow/example_dags/example_branch_day_of_week_operator.py
[2025-12-24T09:26:48.719+0000] {processor.py:914} INFO - Processing file /home/airflow/.local/lib/python3.11/site-packages/airflow/example_dags/example_branch_day_of_week_operator.py for tasks to queue
[2025-12-24T09:26:48.724+0000] {logging_mixin.py:190} INFO - [2025-12-24T09:26:48.724+0000] {dagbag.py:588} INFO - Filling up the DagBag from /home/airflow/.local/lib/python3.11/site-packages/airflow/example_dags/example_branch_day_of_week_operator.py
[2025-12-24T09:26:48.744+0000] {processor.py:925} INFO - DAG(s) 'example_weekday_branch_operator' retrieved from /home/airflow/.local/lib/python3.11/site-packages/airflow/example_dags/example_branch_day_of_week_operator.py
[2025-12-24T09:26:48.787+0000] {logging_mixin.py:190} INFO - [2025-12-24T09:26:48.786+0000] {dag.py:3239} INFO - Sync 1 DAGs
[2025-12-24T09:26:48.825+0000] {logging_mixin.py:190} INFO - [2025-12-24T09:26:48.825+0000] {dag.py:4180} INFO - Setting next_dagrun for example_weekday_branch_operator to 2025-12-23 00:00:00+00:00, run_after=2025-12-24 00:00:00+00:00
[2025-12-24T09:26:48.862+0000] {processor.py:208} INFO - Processing /home/airflow/.local/lib/python3.11/site-packages/airflow/example_dags/example_branch_day_of_week_operator.py took 0.162 seconds
[2025-12-24T09:27:45.557+0000] {processor.py:186} INFO - Started process (PID=914) to work on /home/airflow/.local/lib/python3.11/site-packages/airflow/example_dags/example_branch_day_of_week_operator.py
[2025-12-24T09:27:45.559+0000] {processor.py:914} INFO - Processing file /home/airflow/.local/lib/python3.11/site-packages/airflow/example_dags/example_branch_day_of_week_operator.py for tasks to queue
[2025-12-24T09:27:45.563+0000] {logging_mixin.py:190} INFO - [2025-12-24T09:27:45.563+0000] {dagbag.py:588} INFO - Filling up the DagBag from /home/airflow/.local/lib/python3.11/site-packages/airflow/example_dags/example_branch_day_of_week_operator.py
[2025-12-24T09:27:45.581+0000] {processor.py:925} INFO - DAG(s) 'example_weekday_branch_operator' retrieved from /home/airflow/.local/lib/python3.11/site-packages/airflow/example_dags/example_branch_day_of_week_operator.py
[2025-12-24T09:27:45.618+0000] {logging_mixin.py:190} INFO - [2025-12-24T09:27:45.617+0000] {dag.py:3239} INFO - Sync 1 DAGs
[2025-12-24T09:27:45.665+0000] {logging_mixin.py:190} INFO - [2025-12-24T09:27:45.664+0000] {dag.py:4180} INFO - Setting next_dagrun for example_weekday_branch_operator to 2025-12-23 00:00:00+00:00, run_after=2025-12-24 00:00:00+00:00
[2025-12-24T09:27:45.699+0000] {processor.py:208} INFO - Processing /home/airflow/.local/lib/python3.11/site-packages/airflow/example_dags/example_branch_day_of_week_operator.py took 0.152 seconds
[2025-12-24T09:27:52.625+0000] {processor.py:186} INFO - Started process (PID=980) to work on /home/airflow/.local/lib/python3.11/site-packages/airflow/example_dags/example_branch_day_of_week_operator.py
[2025-12-24T09:27:52.627+0000] {processor.py:914} INFO - Processing file /home/airflow/.local/lib/python3.11/site-packages/airflow/example_dags/example_branch_day_of_week_operator.py for tasks to queue
[2025-12-24T09:27:52.632+0000] {logging_mixin.py:190} INFO - [2025-12-24T09:27:52.631+0000] {dagbag.py:588} INFO - Filling up the DagBag from /home/airflow/.local/lib/python3.11/site-packages/airflow/example_dags/example_branch_day_of_week_operator.py
[2025-12-24T09:27:52.651+0000] {processor.py:925} INFO - DAG(s) 'example_weekday_branch_operator' retrieved from /home/airflow/.local/lib/python3.11/site-packages/airflow/example_dags/example_branch_day_of_week_operator.py
[2025-12-24T09:27:52.692+0000] {logging_mixin.py:190} INFO - [2025-12-24T09:27:52.692+0000] {dag.py:3239} INFO - Sync 1 DAGs
[2025-12-24T09:27:52.732+0000] {logging_mixin.py:190} INFO - [2025-12-24T09:27:52.732+0000] {dag.py:4180} INFO - Setting next_dagrun for example_weekday_branch_operator to 2025-12-23 00:00:00+00:00, run_after=2025-12-24 00:00:00+00:00
[2025-12-24T09:27:52.773+0000] {processor.py:208} INFO - Processing /home/airflow/.local/lib/python3.11/site-packages/airflow/example_dags/example_branch_day_of_week_operator.py took 0.160 seconds
[2025-12-24T09:28:02.506+0000] {processor.py:186} INFO - Started process (PID=1046) to work on /home/airflow/.local/lib/python3.11/site-packages/airflow/example_dags/example_branch_day_of_week_operator.py
[2025-12-24T09:28:02.507+0000] {processor.py:914} INFO - Processing file /home/airflow/.local/lib/python3.11/site-packages/airflow/example_dags/example_branch_day_of_week_operator.py for tasks to queue
[2025-12-24T09:28:02.512+0000] {logging_mixin.py:190} INFO - [2025-12-24T09:28:02.511+0000] {dagbag.py:588} INFO - Filling up the DagBag from /home/airflow/.local/lib/python3.11/site-packages/airflow/example_dags/example_branch_day_of_week_operator.py
[2025-12-24T09:28:02.531+0000] {processor.py:925} INFO - DAG(s) 'example_weekday_branch_operator' retrieved from /home/airflow/.local/lib/python3.11/site-packages/airflow/example_dags/example_branch_day_of_week_operator.py
[2025-12-24T09:28:02.568+0000] {logging_mixin.py:190} INFO - [2025-12-24T09:28:02.568+0000] {dag.py:3239} INFO - Sync 1 DAGs
[2025-12-24T09:28:02.601+0000] {logging_mixin.py:190} INFO - [2025-12-24T09:28:02.600+0000] {dag.py:4180} INFO - Setting next_dagrun for example_weekday_branch_operator to 2025-12-23 00:00:00+00:00, run_after=2025-12-24 00:00:00+00:00
[2025-12-24T09:28:02.630+0000] {processor.py:208} INFO - Processing /home/airflow/.local/lib/python3.11/site-packages/airflow/example_dags/example_branch_day_of_week_operator.py took 0.135 seconds
[2025-12-24T09:28:16.964+0000] {processor.py:186} INFO - Started process (PID=1105) to work on /home/airflow/.local/lib/python3.11/site-packages/airflow/example_dags/example_branch_day_of_week_operator.py
[2025-12-24T09:28:16.966+0000] {processor.py:914} INFO - Processing file /home/airflow/.local/lib/python3.11/site-packages/airflow/example_dags/example_branch_day_of_week_operator.py for tasks to queue
[2025-12-24T09:28:16.970+0000] {logging_mixin.py:190} INFO - [2025-12-24T09:28:16.970+0000] {dagbag.py:588} INFO - Filling up the DagBag from /home/airflow/.local/lib/python3.11/site-packages/airflow/example_dags/example_branch_day_of_week_operator.py
[2025-12-24T09:28:16.989+0000] {processor.py:925} INFO - DAG(s) 'example_weekday_branch_operator' retrieved from /home/airflow/.local/lib/python3.11/site-packages/airflow/example_dags/example_branch_day_of_week_operator.py
[2025-12-24T09:28:17.022+0000] {logging_mixin.py:190} INFO - [2025-12-24T09:28:17.021+0000] {dag.py:3239} INFO - Sync 1 DAGs
[2025-12-24T09:28:17.051+0000] {logging_mixin.py:190} INFO - [2025-12-24T09:28:17.050+0000] {dag.py:4180} INFO - Setting next_dagrun for example_weekday_branch_operator to 2025-12-23 00:00:00+00:00, run_after=2025-12-24 00:00:00+00:00
[2025-12-24T09:28:17.109+0000] {processor.py:208} INFO - Processing /home/airflow/.local/lib/python3.11/site-packages/airflow/example_dags/example_branch_day_of_week_operator.py took 0.154 seconds
[2025-12-24T09:29:15.485+0000] {processor.py:186} INFO - Started process (PID=1164) to work on /home/airflow/.local/lib/python3.11/site-packages/airflow/example_dags/example_branch_day_of_week_operator.py
[2025-12-24T09:29:15.489+0000] {processor.py:914} INFO - Processing file /home/airflow/.local/lib/python3.11/site-packages/airflow/example_dags/example_branch_day_of_week_operator.py for tasks to queue
[2025-12-24T09:29:15.495+0000] {logging_mixin.py:190} INFO - [2025-12-24T09:29:15.494+0000] {dagbag.py:588} INFO - Filling up the DagBag from /home/airflow/.local/lib/python3.11/site-packages/airflow/example_dags/example_branch_day_of_week_operator.py
[2025-12-24T09:29:15.535+0000] {processor.py:925} INFO - DAG(s) 'example_weekday_branch_operator' retrieved from /home/airflow/.local/lib/python3.11/site-packages/airflow/example_dags/example_branch_day_of_week_operator.py
[2025-12-24T09:29:15.596+0000] {logging_mixin.py:190} INFO - [2025-12-24T09:29:15.595+0000] {dag.py:3239} INFO - Sync 1 DAGs
[2025-12-24T09:29:15.682+0000] {logging_mixin.py:190} INFO - [2025-12-24T09:29:15.682+0000] {dag.py:4180} INFO - Setting next_dagrun for example_weekday_branch_operator to 2025-12-23 00:00:00+00:00, run_after=2025-12-24 00:00:00+00:00
[2025-12-24T09:29:15.748+0000] {processor.py:208} INFO - Processing /home/airflow/.local/lib/python3.11/site-packages/airflow/example_dags/example_branch_day_of_week_operator.py took 0.284 seconds
