[2025-12-24T09:03:01.723+0000] {processor.py:186} INFO - Started process (PID=106) to work on /home/airflow/.local/lib/python3.11/site-packages/airflow/example_dags/example_task_group.py
[2025-12-24T09:03:01.725+0000] {processor.py:914} INFO - Processing file /home/airflow/.local/lib/python3.11/site-packages/airflow/example_dags/example_task_group.py for tasks to queue
[2025-12-24T09:03:01.731+0000] {logging_mixin.py:190} INFO - [2025-12-24T09:03:01.731+0000] {dagbag.py:588} INFO - Filling up the DagBag from /home/airflow/.local/lib/python3.11/site-packages/airflow/example_dags/example_task_group.py
[2025-12-24T09:03:01.753+0000] {processor.py:925} INFO - DAG(s) 'example_task_group' retrieved from /home/airflow/.local/lib/python3.11/site-packages/airflow/example_dags/example_task_group.py
[2025-12-24T09:03:01.952+0000] {logging_mixin.py:190} INFO - [2025-12-24T09:03:01.951+0000] {override.py:1911} INFO - Created Permission View: can edit on DAG:example_task_group
[2025-12-24T09:03:01.970+0000] {logging_mixin.py:190} INFO - [2025-12-24T09:03:01.969+0000] {override.py:1911} INFO - Created Permission View: can read on DAG:example_task_group
[2025-12-24T09:03:01.987+0000] {logging_mixin.py:190} INFO - [2025-12-24T09:03:01.987+0000] {override.py:1911} INFO - Created Permission View: can delete on DAG:example_task_group
[2025-12-24T09:03:02.006+0000] {logging_mixin.py:190} INFO - [2025-12-24T09:03:02.006+0000] {override.py:1911} INFO - Created Permission View: can read on DAG Run:example_task_group
[2025-12-24T09:03:02.019+0000] {logging_mixin.py:190} INFO - [2025-12-24T09:03:02.019+0000] {override.py:1911} INFO - Created Permission View: can create on DAG Run:example_task_group
[2025-12-24T09:03:02.035+0000] {logging_mixin.py:190} INFO - [2025-12-24T09:03:02.035+0000] {override.py:1911} INFO - Created Permission View: can delete on DAG Run:example_task_group
[2025-12-24T09:03:02.048+0000] {logging_mixin.py:190} INFO - [2025-12-24T09:03:02.048+0000] {override.py:1911} INFO - Created Permission View: menu access on DAG Run:example_task_group
[2025-12-24T09:03:02.049+0000] {logging_mixin.py:190} INFO - [2025-12-24T09:03:02.049+0000] {dag.py:3239} INFO - Sync 1 DAGs
[2025-12-24T09:03:02.067+0000] {logging_mixin.py:190} INFO - [2025-12-24T09:03:02.066+0000] {dag.py:3262} INFO - Creating ORM DAG for example_task_group
[2025-12-24T09:03:02.068+0000] {logging_mixin.py:190} INFO - [2025-12-24T09:03:02.068+0000] {dag.py:4180} INFO - Setting next_dagrun for example_task_group to None, run_after=None
[2025-12-24T09:03:02.110+0000] {processor.py:208} INFO - Processing /home/airflow/.local/lib/python3.11/site-packages/airflow/example_dags/example_task_group.py took 0.402 seconds
[2025-12-24T09:03:14.146+0000] {processor.py:186} INFO - Started process (PID=165) to work on /home/airflow/.local/lib/python3.11/site-packages/airflow/example_dags/example_task_group.py
[2025-12-24T09:03:14.148+0000] {processor.py:914} INFO - Processing file /home/airflow/.local/lib/python3.11/site-packages/airflow/example_dags/example_task_group.py for tasks to queue
[2025-12-24T09:03:14.152+0000] {logging_mixin.py:190} INFO - [2025-12-24T09:03:14.152+0000] {dagbag.py:588} INFO - Filling up the DagBag from /home/airflow/.local/lib/python3.11/site-packages/airflow/example_dags/example_task_group.py
[2025-12-24T09:03:14.166+0000] {processor.py:925} INFO - DAG(s) 'example_task_group' retrieved from /home/airflow/.local/lib/python3.11/site-packages/airflow/example_dags/example_task_group.py
[2025-12-24T09:03:14.187+0000] {logging_mixin.py:190} INFO - [2025-12-24T09:03:14.187+0000] {dag.py:3239} INFO - Sync 1 DAGs
[2025-12-24T09:03:14.220+0000] {logging_mixin.py:190} INFO - [2025-12-24T09:03:14.219+0000] {dag.py:4180} INFO - Setting next_dagrun for example_task_group to None, run_after=None
[2025-12-24T09:03:14.249+0000] {processor.py:208} INFO - Processing /home/airflow/.local/lib/python3.11/site-packages/airflow/example_dags/example_task_group.py took 0.114 seconds
[2025-12-24T09:04:17.671+0000] {processor.py:186} INFO - Started process (PID=229) to work on /home/airflow/.local/lib/python3.11/site-packages/airflow/example_dags/example_task_group.py
[2025-12-24T09:04:17.680+0000] {processor.py:914} INFO - Processing file /home/airflow/.local/lib/python3.11/site-packages/airflow/example_dags/example_task_group.py for tasks to queue
[2025-12-24T09:04:17.685+0000] {logging_mixin.py:190} INFO - [2025-12-24T09:04:17.684+0000] {dagbag.py:588} INFO - Filling up the DagBag from /home/airflow/.local/lib/python3.11/site-packages/airflow/example_dags/example_task_group.py
[2025-12-24T09:04:17.700+0000] {processor.py:925} INFO - DAG(s) 'example_task_group' retrieved from /home/airflow/.local/lib/python3.11/site-packages/airflow/example_dags/example_task_group.py
[2025-12-24T09:04:17.734+0000] {logging_mixin.py:190} INFO - [2025-12-24T09:04:17.733+0000] {dag.py:3239} INFO - Sync 1 DAGs
[2025-12-24T09:04:17.754+0000] {logging_mixin.py:190} INFO - [2025-12-24T09:04:17.754+0000] {dag.py:4180} INFO - Setting next_dagrun for example_task_group to None, run_after=None
[2025-12-24T09:04:17.789+0000] {processor.py:208} INFO - Processing /home/airflow/.local/lib/python3.11/site-packages/airflow/example_dags/example_task_group.py took 0.138 seconds
[2025-12-24T09:04:14.368+0000] {processor.py:186} INFO - Started process (PID=295) to work on /home/airflow/.local/lib/python3.11/site-packages/airflow/example_dags/example_task_group.py
[2025-12-24T09:04:14.369+0000] {processor.py:914} INFO - Processing file /home/airflow/.local/lib/python3.11/site-packages/airflow/example_dags/example_task_group.py for tasks to queue
[2025-12-24T09:04:14.372+0000] {logging_mixin.py:190} INFO - [2025-12-24T09:04:14.372+0000] {dagbag.py:588} INFO - Filling up the DagBag from /home/airflow/.local/lib/python3.11/site-packages/airflow/example_dags/example_task_group.py
[2025-12-24T09:04:14.385+0000] {processor.py:925} INFO - DAG(s) 'example_task_group' retrieved from /home/airflow/.local/lib/python3.11/site-packages/airflow/example_dags/example_task_group.py
[2025-12-24T09:04:14.427+0000] {logging_mixin.py:190} INFO - [2025-12-24T09:04:14.427+0000] {dag.py:3239} INFO - Sync 1 DAGs
[2025-12-24T09:04:14.455+0000] {logging_mixin.py:190} INFO - [2025-12-24T09:04:14.454+0000] {dag.py:4180} INFO - Setting next_dagrun for example_task_group to None, run_after=None
[2025-12-24T09:04:14.489+0000] {processor.py:208} INFO - Processing /home/airflow/.local/lib/python3.11/site-packages/airflow/example_dags/example_task_group.py took 0.130 seconds
[2025-12-24T09:04:45.061+0000] {processor.py:186} INFO - Started process (PID=364) to work on /home/airflow/.local/lib/python3.11/site-packages/airflow/example_dags/example_task_group.py
[2025-12-24T09:04:45.063+0000] {processor.py:914} INFO - Processing file /home/airflow/.local/lib/python3.11/site-packages/airflow/example_dags/example_task_group.py for tasks to queue
[2025-12-24T09:04:45.069+0000] {logging_mixin.py:190} INFO - [2025-12-24T09:04:45.068+0000] {dagbag.py:588} INFO - Filling up the DagBag from /home/airflow/.local/lib/python3.11/site-packages/airflow/example_dags/example_task_group.py
[2025-12-24T09:04:45.090+0000] {processor.py:925} INFO - DAG(s) 'example_task_group' retrieved from /home/airflow/.local/lib/python3.11/site-packages/airflow/example_dags/example_task_group.py
[2025-12-24T09:04:45.124+0000] {logging_mixin.py:190} INFO - [2025-12-24T09:04:45.124+0000] {dag.py:3239} INFO - Sync 1 DAGs
[2025-12-24T09:04:45.144+0000] {logging_mixin.py:190} INFO - [2025-12-24T09:04:45.144+0000] {dag.py:4180} INFO - Setting next_dagrun for example_task_group to None, run_after=None
[2025-12-24T09:04:45.171+0000] {processor.py:208} INFO - Processing /home/airflow/.local/lib/python3.11/site-packages/airflow/example_dags/example_task_group.py took 0.122 seconds
[2025-12-24T09:04:54.728+0000] {processor.py:186} INFO - Started process (PID=423) to work on /home/airflow/.local/lib/python3.11/site-packages/airflow/example_dags/example_task_group.py
[2025-12-24T09:04:54.730+0000] {processor.py:914} INFO - Processing file /home/airflow/.local/lib/python3.11/site-packages/airflow/example_dags/example_task_group.py for tasks to queue
[2025-12-24T09:04:54.734+0000] {logging_mixin.py:190} INFO - [2025-12-24T09:04:54.734+0000] {dagbag.py:588} INFO - Filling up the DagBag from /home/airflow/.local/lib/python3.11/site-packages/airflow/example_dags/example_task_group.py
[2025-12-24T09:04:54.754+0000] {processor.py:925} INFO - DAG(s) 'example_task_group' retrieved from /home/airflow/.local/lib/python3.11/site-packages/airflow/example_dags/example_task_group.py
[2025-12-24T09:04:54.790+0000] {logging_mixin.py:190} INFO - [2025-12-24T09:04:54.790+0000] {dag.py:3239} INFO - Sync 1 DAGs
[2025-12-24T09:04:54.808+0000] {logging_mixin.py:190} INFO - [2025-12-24T09:04:54.807+0000] {dag.py:4180} INFO - Setting next_dagrun for example_task_group to None, run_after=None
[2025-12-24T09:04:54.837+0000] {processor.py:208} INFO - Processing /home/airflow/.local/lib/python3.11/site-packages/airflow/example_dags/example_task_group.py took 0.122 seconds
[2025-12-24T09:05:25.219+0000] {processor.py:186} INFO - Started process (PID=488) to work on /home/airflow/.local/lib/python3.11/site-packages/airflow/example_dags/example_task_group.py
[2025-12-24T09:05:25.220+0000] {processor.py:914} INFO - Processing file /home/airflow/.local/lib/python3.11/site-packages/airflow/example_dags/example_task_group.py for tasks to queue
[2025-12-24T09:05:25.224+0000] {logging_mixin.py:190} INFO - [2025-12-24T09:05:25.224+0000] {dagbag.py:588} INFO - Filling up the DagBag from /home/airflow/.local/lib/python3.11/site-packages/airflow/example_dags/example_task_group.py
[2025-12-24T09:05:25.238+0000] {processor.py:925} INFO - DAG(s) 'example_task_group' retrieved from /home/airflow/.local/lib/python3.11/site-packages/airflow/example_dags/example_task_group.py
[2025-12-24T09:05:25.275+0000] {logging_mixin.py:190} INFO - [2025-12-24T09:05:25.274+0000] {dag.py:3239} INFO - Sync 1 DAGs
[2025-12-24T09:05:25.292+0000] {logging_mixin.py:190} INFO - [2025-12-24T09:05:25.292+0000] {dag.py:4180} INFO - Setting next_dagrun for example_task_group to None, run_after=None
[2025-12-24T09:05:25.319+0000] {processor.py:208} INFO - Processing /home/airflow/.local/lib/python3.11/site-packages/airflow/example_dags/example_task_group.py took 0.109 seconds
[2025-12-24T09:05:28.779+0000] {processor.py:186} INFO - Started process (PID=524) to work on /home/airflow/.local/lib/python3.11/site-packages/airflow/example_dags/example_task_group.py
[2025-12-24T09:05:28.781+0000] {processor.py:914} INFO - Processing file /home/airflow/.local/lib/python3.11/site-packages/airflow/example_dags/example_task_group.py for tasks to queue
[2025-12-24T09:05:28.786+0000] {logging_mixin.py:190} INFO - [2025-12-24T09:05:28.786+0000] {dagbag.py:588} INFO - Filling up the DagBag from /home/airflow/.local/lib/python3.11/site-packages/airflow/example_dags/example_task_group.py
[2025-12-24T09:05:28.806+0000] {processor.py:925} INFO - DAG(s) 'example_task_group' retrieved from /home/airflow/.local/lib/python3.11/site-packages/airflow/example_dags/example_task_group.py
[2025-12-24T09:05:28.850+0000] {logging_mixin.py:190} INFO - [2025-12-24T09:05:28.849+0000] {dag.py:3239} INFO - Sync 1 DAGs
[2025-12-24T09:05:28.905+0000] {logging_mixin.py:190} INFO - [2025-12-24T09:05:28.905+0000] {dag.py:4180} INFO - Setting next_dagrun for example_task_group to None, run_after=None
[2025-12-24T09:05:28.952+0000] {processor.py:208} INFO - Processing /home/airflow/.local/lib/python3.11/site-packages/airflow/example_dags/example_task_group.py took 0.186 seconds
[2025-12-24T09:05:40.705+0000] {processor.py:186} INFO - Started process (PID=579) to work on /home/airflow/.local/lib/python3.11/site-packages/airflow/example_dags/example_task_group.py
[2025-12-24T09:05:40.707+0000] {processor.py:914} INFO - Processing file /home/airflow/.local/lib/python3.11/site-packages/airflow/example_dags/example_task_group.py for tasks to queue
[2025-12-24T09:05:40.712+0000] {logging_mixin.py:190} INFO - [2025-12-24T09:05:40.712+0000] {dagbag.py:588} INFO - Filling up the DagBag from /home/airflow/.local/lib/python3.11/site-packages/airflow/example_dags/example_task_group.py
[2025-12-24T09:06:23.094+0000] {processor.py:925} INFO - DAG(s) 'example_task_group' retrieved from /home/airflow/.local/lib/python3.11/site-packages/airflow/example_dags/example_task_group.py
[2025-12-24T09:06:23.137+0000] {logging_mixin.py:190} INFO - [2025-12-24T09:06:23.137+0000] {dag.py:3239} INFO - Sync 1 DAGs
[2025-12-24T09:06:23.160+0000] {logging_mixin.py:190} INFO - [2025-12-24T09:06:23.160+0000] {dag.py:4180} INFO - Setting next_dagrun for example_task_group to None, run_after=None
[2025-12-24T09:06:23.243+0000] {processor.py:208} INFO - Processing /home/airflow/.local/lib/python3.11/site-packages/airflow/example_dags/example_task_group.py took 0.201 seconds
[2025-12-24T09:06:58.340+0000] {processor.py:186} INFO - Started process (PID=674) to work on /home/airflow/.local/lib/python3.11/site-packages/airflow/example_dags/example_task_group.py
[2025-12-24T09:06:58.342+0000] {processor.py:914} INFO - Processing file /home/airflow/.local/lib/python3.11/site-packages/airflow/example_dags/example_task_group.py for tasks to queue
[2025-12-24T09:06:15.994+0000] {logging_mixin.py:190} INFO - [2025-12-24T09:06:15.993+0000] {dagbag.py:588} INFO - Filling up the DagBag from /home/airflow/.local/lib/python3.11/site-packages/airflow/example_dags/example_task_group.py
[2025-12-24T09:06:16.010+0000] {processor.py:925} INFO - DAG(s) 'example_task_group' retrieved from /home/airflow/.local/lib/python3.11/site-packages/airflow/example_dags/example_task_group.py
[2025-12-24T09:06:16.060+0000] {logging_mixin.py:190} INFO - [2025-12-24T09:06:16.060+0000] {dag.py:3239} INFO - Sync 1 DAGs
[2025-12-24T09:06:16.087+0000] {logging_mixin.py:190} INFO - [2025-12-24T09:06:16.087+0000] {dag.py:4180} INFO - Setting next_dagrun for example_task_group to None, run_after=None
[2025-12-24T09:06:16.120+0000] {processor.py:208} INFO - Processing /home/airflow/.local/lib/python3.11/site-packages/airflow/example_dags/example_task_group.py took 0.145 seconds
[2025-12-24T09:06:45.345+0000] {processor.py:186} INFO - Started process (PID=707) to work on /home/airflow/.local/lib/python3.11/site-packages/airflow/example_dags/example_task_group.py
[2025-12-24T09:06:45.347+0000] {processor.py:914} INFO - Processing file /home/airflow/.local/lib/python3.11/site-packages/airflow/example_dags/example_task_group.py for tasks to queue
[2025-12-24T09:06:45.351+0000] {logging_mixin.py:190} INFO - [2025-12-24T09:06:45.351+0000] {dagbag.py:588} INFO - Filling up the DagBag from /home/airflow/.local/lib/python3.11/site-packages/airflow/example_dags/example_task_group.py
[2025-12-24T09:06:45.369+0000] {processor.py:925} INFO - DAG(s) 'example_task_group' retrieved from /home/airflow/.local/lib/python3.11/site-packages/airflow/example_dags/example_task_group.py
[2025-12-24T09:06:45.414+0000] {logging_mixin.py:190} INFO - [2025-12-24T09:06:45.414+0000] {dag.py:3239} INFO - Sync 1 DAGs
[2025-12-24T09:06:45.436+0000] {logging_mixin.py:190} INFO - [2025-12-24T09:06:45.436+0000] {dag.py:4180} INFO - Setting next_dagrun for example_task_group to None, run_after=None
[2025-12-24T09:06:45.474+0000] {processor.py:208} INFO - Processing /home/airflow/.local/lib/python3.11/site-packages/airflow/example_dags/example_task_group.py took 0.141 seconds
[2025-12-24T09:07:15.405+0000] {processor.py:186} INFO - Started process (PID=773) to work on /home/airflow/.local/lib/python3.11/site-packages/airflow/example_dags/example_task_group.py
[2025-12-24T09:07:15.407+0000] {processor.py:914} INFO - Processing file /home/airflow/.local/lib/python3.11/site-packages/airflow/example_dags/example_task_group.py for tasks to queue
[2025-12-24T09:07:15.413+0000] {logging_mixin.py:190} INFO - [2025-12-24T09:07:15.412+0000] {dagbag.py:588} INFO - Filling up the DagBag from /home/airflow/.local/lib/python3.11/site-packages/airflow/example_dags/example_task_group.py
[2025-12-24T09:07:15.435+0000] {processor.py:925} INFO - DAG(s) 'example_task_group' retrieved from /home/airflow/.local/lib/python3.11/site-packages/airflow/example_dags/example_task_group.py
[2025-12-24T09:07:15.502+0000] {logging_mixin.py:190} INFO - [2025-12-24T09:07:15.501+0000] {dag.py:3239} INFO - Sync 1 DAGs
[2025-12-24T09:07:15.529+0000] {logging_mixin.py:190} INFO - [2025-12-24T09:07:15.529+0000] {dag.py:4180} INFO - Setting next_dagrun for example_task_group to None, run_after=None
[2025-12-24T09:07:15.565+0000] {processor.py:208} INFO - Processing /home/airflow/.local/lib/python3.11/site-packages/airflow/example_dags/example_task_group.py took 0.173 seconds
[2025-12-24T09:07:25.307+0000] {processor.py:186} INFO - Started process (PID=835) to work on /home/airflow/.local/lib/python3.11/site-packages/airflow/example_dags/example_task_group.py
[2025-12-24T09:07:25.309+0000] {processor.py:914} INFO - Processing file /home/airflow/.local/lib/python3.11/site-packages/airflow/example_dags/example_task_group.py for tasks to queue
[2025-12-24T09:07:25.315+0000] {logging_mixin.py:190} INFO - [2025-12-24T09:07:25.314+0000] {dagbag.py:588} INFO - Filling up the DagBag from /home/airflow/.local/lib/python3.11/site-packages/airflow/example_dags/example_task_group.py
[2025-12-24T09:07:25.331+0000] {processor.py:925} INFO - DAG(s) 'example_task_group' retrieved from /home/airflow/.local/lib/python3.11/site-packages/airflow/example_dags/example_task_group.py
[2025-12-24T09:07:25.365+0000] {logging_mixin.py:190} INFO - [2025-12-24T09:07:25.365+0000] {dag.py:3239} INFO - Sync 1 DAGs
[2025-12-24T09:07:25.401+0000] {logging_mixin.py:190} INFO - [2025-12-24T09:07:25.401+0000] {dag.py:4180} INFO - Setting next_dagrun for example_task_group to None, run_after=None
[2025-12-24T09:07:25.443+0000] {processor.py:208} INFO - Processing /home/airflow/.local/lib/python3.11/site-packages/airflow/example_dags/example_task_group.py took 0.148 seconds
[2025-12-24T09:07:34.794+0000] {processor.py:186} INFO - Started process (PID=892) to work on /home/airflow/.local/lib/python3.11/site-packages/airflow/example_dags/example_task_group.py
[2025-12-24T09:07:34.796+0000] {processor.py:914} INFO - Processing file /home/airflow/.local/lib/python3.11/site-packages/airflow/example_dags/example_task_group.py for tasks to queue
[2025-12-24T09:07:34.801+0000] {logging_mixin.py:190} INFO - [2025-12-24T09:07:34.800+0000] {dagbag.py:588} INFO - Filling up the DagBag from /home/airflow/.local/lib/python3.11/site-packages/airflow/example_dags/example_task_group.py
[2025-12-24T09:07:34.819+0000] {processor.py:925} INFO - DAG(s) 'example_task_group' retrieved from /home/airflow/.local/lib/python3.11/site-packages/airflow/example_dags/example_task_group.py
[2025-12-24T09:07:34.854+0000] {logging_mixin.py:190} INFO - [2025-12-24T09:07:34.854+0000] {dag.py:3239} INFO - Sync 1 DAGs
[2025-12-24T09:07:34.871+0000] {logging_mixin.py:190} INFO - [2025-12-24T09:07:34.871+0000] {dag.py:4180} INFO - Setting next_dagrun for example_task_group to None, run_after=None
[2025-12-24T09:07:34.896+0000] {processor.py:208} INFO - Processing /home/airflow/.local/lib/python3.11/site-packages/airflow/example_dags/example_task_group.py took 0.112 seconds
[2025-12-24T09:07:44.216+0000] {processor.py:186} INFO - Started process (PID=948) to work on /home/airflow/.local/lib/python3.11/site-packages/airflow/example_dags/example_task_group.py
[2025-12-24T09:07:44.218+0000] {processor.py:914} INFO - Processing file /home/airflow/.local/lib/python3.11/site-packages/airflow/example_dags/example_task_group.py for tasks to queue
[2025-12-24T09:07:44.222+0000] {logging_mixin.py:190} INFO - [2025-12-24T09:07:44.222+0000] {dagbag.py:588} INFO - Filling up the DagBag from /home/airflow/.local/lib/python3.11/site-packages/airflow/example_dags/example_task_group.py
[2025-12-24T09:07:44.236+0000] {processor.py:925} INFO - DAG(s) 'example_task_group' retrieved from /home/airflow/.local/lib/python3.11/site-packages/airflow/example_dags/example_task_group.py
[2025-12-24T09:07:44.271+0000] {logging_mixin.py:190} INFO - [2025-12-24T09:07:44.271+0000] {dag.py:3239} INFO - Sync 1 DAGs
[2025-12-24T09:07:44.295+0000] {logging_mixin.py:190} INFO - [2025-12-24T09:07:44.295+0000] {dag.py:4180} INFO - Setting next_dagrun for example_task_group to None, run_after=None
[2025-12-24T09:07:44.320+0000] {processor.py:208} INFO - Processing /home/airflow/.local/lib/python3.11/site-packages/airflow/example_dags/example_task_group.py took 0.113 seconds
[2025-12-24T09:08:42.152+0000] {processor.py:186} INFO - Started process (PID=1009) to work on /home/airflow/.local/lib/python3.11/site-packages/airflow/example_dags/example_task_group.py
[2025-12-24T09:08:42.153+0000] {processor.py:914} INFO - Processing file /home/airflow/.local/lib/python3.11/site-packages/airflow/example_dags/example_task_group.py for tasks to queue
[2025-12-24T09:08:42.157+0000] {logging_mixin.py:190} INFO - [2025-12-24T09:08:42.157+0000] {dagbag.py:588} INFO - Filling up the DagBag from /home/airflow/.local/lib/python3.11/site-packages/airflow/example_dags/example_task_group.py
[2025-12-24T09:08:42.171+0000] {processor.py:925} INFO - DAG(s) 'example_task_group' retrieved from /home/airflow/.local/lib/python3.11/site-packages/airflow/example_dags/example_task_group.py
[2025-12-24T09:08:42.205+0000] {logging_mixin.py:190} INFO - [2025-12-24T09:08:42.205+0000] {dag.py:3239} INFO - Sync 1 DAGs
[2025-12-24T09:08:42.222+0000] {logging_mixin.py:190} INFO - [2025-12-24T09:08:42.222+0000] {dag.py:4180} INFO - Setting next_dagrun for example_task_group to None, run_after=None
[2025-12-24T09:08:42.256+0000] {processor.py:208} INFO - Processing /home/airflow/.local/lib/python3.11/site-packages/airflow/example_dags/example_task_group.py took 0.113 seconds
[2025-12-24T09:09:21.557+0000] {processor.py:186} INFO - Started process (PID=1076) to work on /home/airflow/.local/lib/python3.11/site-packages/airflow/example_dags/example_task_group.py
[2025-12-24T09:09:21.560+0000] {processor.py:914} INFO - Processing file /home/airflow/.local/lib/python3.11/site-packages/airflow/example_dags/example_task_group.py for tasks to queue
[2025-12-24T09:09:21.567+0000] {logging_mixin.py:190} INFO - [2025-12-24T09:09:21.566+0000] {dagbag.py:588} INFO - Filling up the DagBag from /home/airflow/.local/lib/python3.11/site-packages/airflow/example_dags/example_task_group.py
[2025-12-24T09:09:21.584+0000] {processor.py:925} INFO - DAG(s) 'example_task_group' retrieved from /home/airflow/.local/lib/python3.11/site-packages/airflow/example_dags/example_task_group.py
[2025-12-24T09:09:21.622+0000] {logging_mixin.py:190} INFO - [2025-12-24T09:09:21.621+0000] {dag.py:3239} INFO - Sync 1 DAGs
[2025-12-24T09:09:21.648+0000] {logging_mixin.py:190} INFO - [2025-12-24T09:09:21.647+0000] {dag.py:4180} INFO - Setting next_dagrun for example_task_group to None, run_after=None
[2025-12-24T09:09:21.682+0000] {processor.py:208} INFO - Processing /home/airflow/.local/lib/python3.11/site-packages/airflow/example_dags/example_task_group.py took 0.134 seconds
[2025-12-24T09:09:19.875+0000] {processor.py:186} INFO - Started process (PID=1156) to work on /home/airflow/.local/lib/python3.11/site-packages/airflow/example_dags/example_task_group.py
[2025-12-24T09:09:19.876+0000] {processor.py:914} INFO - Processing file /home/airflow/.local/lib/python3.11/site-packages/airflow/example_dags/example_task_group.py for tasks to queue
[2025-12-24T09:09:19.880+0000] {logging_mixin.py:190} INFO - [2025-12-24T09:09:19.880+0000] {dagbag.py:588} INFO - Filling up the DagBag from /home/airflow/.local/lib/python3.11/site-packages/airflow/example_dags/example_task_group.py
[2025-12-24T09:09:19.894+0000] {processor.py:925} INFO - DAG(s) 'example_task_group' retrieved from /home/airflow/.local/lib/python3.11/site-packages/airflow/example_dags/example_task_group.py
[2025-12-24T09:09:19.927+0000] {logging_mixin.py:190} INFO - [2025-12-24T09:09:19.927+0000] {dag.py:3239} INFO - Sync 1 DAGs
[2025-12-24T09:09:19.945+0000] {logging_mixin.py:190} INFO - [2025-12-24T09:09:19.945+0000] {dag.py:4180} INFO - Setting next_dagrun for example_task_group to None, run_after=None
[2025-12-24T09:09:19.972+0000] {processor.py:208} INFO - Processing /home/airflow/.local/lib/python3.11/site-packages/airflow/example_dags/example_task_group.py took 0.107 seconds
[2025-12-24T09:10:27.084+0000] {processor.py:186} INFO - Started process (PID=1216) to work on /home/airflow/.local/lib/python3.11/site-packages/airflow/example_dags/example_task_group.py
[2025-12-24T09:10:27.086+0000] {processor.py:914} INFO - Processing file /home/airflow/.local/lib/python3.11/site-packages/airflow/example_dags/example_task_group.py for tasks to queue
[2025-12-24T09:10:27.089+0000] {logging_mixin.py:190} INFO - [2025-12-24T09:10:27.089+0000] {dagbag.py:588} INFO - Filling up the DagBag from /home/airflow/.local/lib/python3.11/site-packages/airflow/example_dags/example_task_group.py
[2025-12-24T09:10:27.102+0000] {processor.py:925} INFO - DAG(s) 'example_task_group' retrieved from /home/airflow/.local/lib/python3.11/site-packages/airflow/example_dags/example_task_group.py
[2025-12-24T09:10:27.133+0000] {logging_mixin.py:190} INFO - [2025-12-24T09:10:27.132+0000] {dag.py:3239} INFO - Sync 1 DAGs
[2025-12-24T09:10:27.150+0000] {logging_mixin.py:190} INFO - [2025-12-24T09:10:27.150+0000] {dag.py:4180} INFO - Setting next_dagrun for example_task_group to None, run_after=None
[2025-12-24T09:10:27.172+0000] {processor.py:208} INFO - Processing /home/airflow/.local/lib/python3.11/site-packages/airflow/example_dags/example_task_group.py took 0.097 seconds
[2025-12-24T09:10:20.208+0000] {processor.py:186} INFO - Started process (PID=1288) to work on /home/airflow/.local/lib/python3.11/site-packages/airflow/example_dags/example_task_group.py
[2025-12-24T09:10:20.211+0000] {processor.py:914} INFO - Processing file /home/airflow/.local/lib/python3.11/site-packages/airflow/example_dags/example_task_group.py for tasks to queue
[2025-12-24T09:10:20.217+0000] {logging_mixin.py:190} INFO - [2025-12-24T09:10:20.216+0000] {dagbag.py:588} INFO - Filling up the DagBag from /home/airflow/.local/lib/python3.11/site-packages/airflow/example_dags/example_task_group.py
[2025-12-24T09:10:20.241+0000] {processor.py:925} INFO - DAG(s) 'example_task_group' retrieved from /home/airflow/.local/lib/python3.11/site-packages/airflow/example_dags/example_task_group.py
[2025-12-24T09:10:20.301+0000] {logging_mixin.py:190} INFO - [2025-12-24T09:10:20.300+0000] {dag.py:3239} INFO - Sync 1 DAGs
[2025-12-24T09:10:20.344+0000] {logging_mixin.py:190} INFO - [2025-12-24T09:10:20.343+0000] {dag.py:4180} INFO - Setting next_dagrun for example_task_group to None, run_after=None
[2025-12-24T09:10:20.401+0000] {processor.py:208} INFO - Processing /home/airflow/.local/lib/python3.11/site-packages/airflow/example_dags/example_task_group.py took 0.208 seconds
[2025-12-24T09:10:49.975+0000] {processor.py:186} INFO - Started process (PID=1337) to work on /home/airflow/.local/lib/python3.11/site-packages/airflow/example_dags/example_task_group.py
[2025-12-24T09:10:49.976+0000] {processor.py:914} INFO - Processing file /home/airflow/.local/lib/python3.11/site-packages/airflow/example_dags/example_task_group.py for tasks to queue
[2025-12-24T09:10:49.980+0000] {logging_mixin.py:190} INFO - [2025-12-24T09:10:49.980+0000] {dagbag.py:588} INFO - Filling up the DagBag from /home/airflow/.local/lib/python3.11/site-packages/airflow/example_dags/example_task_group.py
[2025-12-24T09:10:49.994+0000] {processor.py:925} INFO - DAG(s) 'example_task_group' retrieved from /home/airflow/.local/lib/python3.11/site-packages/airflow/example_dags/example_task_group.py
[2025-12-24T09:10:50.024+0000] {logging_mixin.py:190} INFO - [2025-12-24T09:10:50.024+0000] {dag.py:3239} INFO - Sync 1 DAGs
[2025-12-24T09:10:50.040+0000] {logging_mixin.py:190} INFO - [2025-12-24T09:10:50.040+0000] {dag.py:4180} INFO - Setting next_dagrun for example_task_group to None, run_after=None
[2025-12-24T09:10:50.068+0000] {processor.py:208} INFO - Processing /home/airflow/.local/lib/python3.11/site-packages/airflow/example_dags/example_task_group.py took 0.103 seconds
[2025-12-24T09:11:00.080+0000] {processor.py:186} INFO - Started process (PID=1394) to work on /home/airflow/.local/lib/python3.11/site-packages/airflow/example_dags/example_task_group.py
[2025-12-24T09:11:00.081+0000] {processor.py:914} INFO - Processing file /home/airflow/.local/lib/python3.11/site-packages/airflow/example_dags/example_task_group.py for tasks to queue
[2025-12-24T09:11:00.085+0000] {logging_mixin.py:190} INFO - [2025-12-24T09:11:00.085+0000] {dagbag.py:588} INFO - Filling up the DagBag from /home/airflow/.local/lib/python3.11/site-packages/airflow/example_dags/example_task_group.py
[2025-12-24T09:11:00.100+0000] {processor.py:925} INFO - DAG(s) 'example_task_group' retrieved from /home/airflow/.local/lib/python3.11/site-packages/airflow/example_dags/example_task_group.py
[2025-12-24T09:11:00.133+0000] {logging_mixin.py:190} INFO - [2025-12-24T09:11:00.133+0000] {dag.py:3239} INFO - Sync 1 DAGs
[2025-12-24T09:11:00.151+0000] {logging_mixin.py:190} INFO - [2025-12-24T09:11:00.151+0000] {dag.py:4180} INFO - Setting next_dagrun for example_task_group to None, run_after=None
[2025-12-24T09:11:00.183+0000] {processor.py:208} INFO - Processing /home/airflow/.local/lib/python3.11/site-packages/airflow/example_dags/example_task_group.py took 0.112 seconds
[2025-12-24T09:12:13.572+0000] {processor.py:186} INFO - Started process (PID=1457) to work on /home/airflow/.local/lib/python3.11/site-packages/airflow/example_dags/example_task_group.py
[2025-12-24T09:12:13.573+0000] {processor.py:914} INFO - Processing file /home/airflow/.local/lib/python3.11/site-packages/airflow/example_dags/example_task_group.py for tasks to queue
[2025-12-24T09:12:13.578+0000] {logging_mixin.py:190} INFO - [2025-12-24T09:12:13.577+0000] {dagbag.py:588} INFO - Filling up the DagBag from /home/airflow/.local/lib/python3.11/site-packages/airflow/example_dags/example_task_group.py
[2025-12-24T09:12:13.590+0000] {processor.py:925} INFO - DAG(s) 'example_task_group' retrieved from /home/airflow/.local/lib/python3.11/site-packages/airflow/example_dags/example_task_group.py
[2025-12-24T09:12:13.621+0000] {logging_mixin.py:190} INFO - [2025-12-24T09:12:13.621+0000] {dag.py:3239} INFO - Sync 1 DAGs
[2025-12-24T09:12:13.638+0000] {logging_mixin.py:190} INFO - [2025-12-24T09:12:13.638+0000] {dag.py:4180} INFO - Setting next_dagrun for example_task_group to None, run_after=None
[2025-12-24T09:12:13.669+0000] {processor.py:208} INFO - Processing /home/airflow/.local/lib/python3.11/site-packages/airflow/example_dags/example_task_group.py took 0.107 seconds
[2025-12-24T09:12:44.484+0000] {processor.py:186} INFO - Started process (PID=1584) to work on /home/airflow/.local/lib/python3.11/site-packages/airflow/example_dags/example_task_group.py
[2025-12-24T09:12:44.485+0000] {processor.py:914} INFO - Processing file /home/airflow/.local/lib/python3.11/site-packages/airflow/example_dags/example_task_group.py for tasks to queue
[2025-12-24T09:12:44.489+0000] {logging_mixin.py:190} INFO - [2025-12-24T09:12:44.489+0000] {dagbag.py:588} INFO - Filling up the DagBag from /home/airflow/.local/lib/python3.11/site-packages/airflow/example_dags/example_task_group.py
[2025-12-24T09:12:44.505+0000] {processor.py:925} INFO - DAG(s) 'example_task_group' retrieved from /home/airflow/.local/lib/python3.11/site-packages/airflow/example_dags/example_task_group.py
[2025-12-24T09:12:44.540+0000] {logging_mixin.py:190} INFO - [2025-12-24T09:12:44.539+0000] {dag.py:3239} INFO - Sync 1 DAGs
[2025-12-24T09:12:44.558+0000] {logging_mixin.py:190} INFO - [2025-12-24T09:12:44.558+0000] {dag.py:4180} INFO - Setting next_dagrun for example_task_group to None, run_after=None
[2025-12-24T09:12:44.585+0000] {processor.py:208} INFO - Processing /home/airflow/.local/lib/python3.11/site-packages/airflow/example_dags/example_task_group.py took 0.112 seconds
[2025-12-24T09:13:33.615+0000] {processor.py:186} INFO - Started process (PID=1651) to work on /home/airflow/.local/lib/python3.11/site-packages/airflow/example_dags/example_task_group.py
[2025-12-24T09:13:33.616+0000] {processor.py:914} INFO - Processing file /home/airflow/.local/lib/python3.11/site-packages/airflow/example_dags/example_task_group.py for tasks to queue
[2025-12-24T09:13:33.621+0000] {logging_mixin.py:190} INFO - [2025-12-24T09:13:33.620+0000] {dagbag.py:588} INFO - Filling up the DagBag from /home/airflow/.local/lib/python3.11/site-packages/airflow/example_dags/example_task_group.py
[2025-12-24T09:13:33.640+0000] {processor.py:925} INFO - DAG(s) 'example_task_group' retrieved from /home/airflow/.local/lib/python3.11/site-packages/airflow/example_dags/example_task_group.py
[2025-12-24T09:13:33.671+0000] {logging_mixin.py:190} INFO - [2025-12-24T09:13:33.671+0000] {dag.py:3239} INFO - Sync 1 DAGs
[2025-12-24T09:13:33.694+0000] {logging_mixin.py:190} INFO - [2025-12-24T09:13:33.693+0000] {dag.py:4180} INFO - Setting next_dagrun for example_task_group to None, run_after=None
[2025-12-24T09:13:33.725+0000] {processor.py:208} INFO - Processing /home/airflow/.local/lib/python3.11/site-packages/airflow/example_dags/example_task_group.py took 0.120 seconds
[2025-12-24T09:14:27.826+0000] {processor.py:186} INFO - Started process (PID=1701) to work on /home/airflow/.local/lib/python3.11/site-packages/airflow/example_dags/example_task_group.py
[2025-12-24T09:14:27.828+0000] {processor.py:914} INFO - Processing file /home/airflow/.local/lib/python3.11/site-packages/airflow/example_dags/example_task_group.py for tasks to queue
[2025-12-24T09:14:27.833+0000] {logging_mixin.py:190} INFO - [2025-12-24T09:14:27.832+0000] {dagbag.py:588} INFO - Filling up the DagBag from /home/airflow/.local/lib/python3.11/site-packages/airflow/example_dags/example_task_group.py
[2025-12-24T09:14:27.857+0000] {processor.py:925} INFO - DAG(s) 'example_task_group' retrieved from /home/airflow/.local/lib/python3.11/site-packages/airflow/example_dags/example_task_group.py
[2025-12-24T09:14:27.927+0000] {logging_mixin.py:190} INFO - [2025-12-24T09:14:27.927+0000] {dag.py:3239} INFO - Sync 1 DAGs
[2025-12-24T09:14:27.963+0000] {logging_mixin.py:190} INFO - [2025-12-24T09:14:27.963+0000] {dag.py:4180} INFO - Setting next_dagrun for example_task_group to None, run_after=None
[2025-12-24T09:14:28.005+0000] {processor.py:208} INFO - Processing /home/airflow/.local/lib/python3.11/site-packages/airflow/example_dags/example_task_group.py took 0.191 seconds
[2025-12-24T09:14:39.944+0000] {processor.py:186} INFO - Started process (PID=1773) to work on /home/airflow/.local/lib/python3.11/site-packages/airflow/example_dags/example_task_group.py
[2025-12-24T09:14:39.946+0000] {processor.py:914} INFO - Processing file /home/airflow/.local/lib/python3.11/site-packages/airflow/example_dags/example_task_group.py for tasks to queue
[2025-12-24T09:14:39.950+0000] {logging_mixin.py:190} INFO - [2025-12-24T09:14:39.949+0000] {dagbag.py:588} INFO - Filling up the DagBag from /home/airflow/.local/lib/python3.11/site-packages/airflow/example_dags/example_task_group.py
[2025-12-24T09:14:39.970+0000] {processor.py:925} INFO - DAG(s) 'example_task_group' retrieved from /home/airflow/.local/lib/python3.11/site-packages/airflow/example_dags/example_task_group.py
[2025-12-24T09:14:40.004+0000] {logging_mixin.py:190} INFO - [2025-12-24T09:14:40.004+0000] {dag.py:3239} INFO - Sync 1 DAGs
[2025-12-24T09:14:40.021+0000] {logging_mixin.py:190} INFO - [2025-12-24T09:14:40.021+0000] {dag.py:4180} INFO - Setting next_dagrun for example_task_group to None, run_after=None
[2025-12-24T09:14:40.048+0000] {processor.py:208} INFO - Processing /home/airflow/.local/lib/python3.11/site-packages/airflow/example_dags/example_task_group.py took 0.115 seconds
[2025-12-24T09:15:11.249+0000] {processor.py:186} INFO - Started process (PID=1837) to work on /home/airflow/.local/lib/python3.11/site-packages/airflow/example_dags/example_task_group.py
[2025-12-24T09:15:11.251+0000] {processor.py:914} INFO - Processing file /home/airflow/.local/lib/python3.11/site-packages/airflow/example_dags/example_task_group.py for tasks to queue
[2025-12-24T09:15:11.256+0000] {logging_mixin.py:190} INFO - [2025-12-24T09:15:11.255+0000] {dagbag.py:588} INFO - Filling up the DagBag from /home/airflow/.local/lib/python3.11/site-packages/airflow/example_dags/example_task_group.py
[2025-12-24T09:15:11.272+0000] {processor.py:925} INFO - DAG(s) 'example_task_group' retrieved from /home/airflow/.local/lib/python3.11/site-packages/airflow/example_dags/example_task_group.py
[2025-12-24T09:15:11.309+0000] {logging_mixin.py:190} INFO - [2025-12-24T09:15:11.309+0000] {dag.py:3239} INFO - Sync 1 DAGs
[2025-12-24T09:15:11.330+0000] {logging_mixin.py:190} INFO - [2025-12-24T09:15:11.330+0000] {dag.py:4180} INFO - Setting next_dagrun for example_task_group to None, run_after=None
[2025-12-24T09:15:11.360+0000] {processor.py:208} INFO - Processing /home/airflow/.local/lib/python3.11/site-packages/airflow/example_dags/example_task_group.py took 0.124 seconds
[2025-12-24T09:15:42.073+0000] {processor.py:186} INFO - Started process (PID=1900) to work on /home/airflow/.local/lib/python3.11/site-packages/airflow/example_dags/example_task_group.py
[2025-12-24T09:15:42.075+0000] {processor.py:914} INFO - Processing file /home/airflow/.local/lib/python3.11/site-packages/airflow/example_dags/example_task_group.py for tasks to queue
[2025-12-24T09:15:42.080+0000] {logging_mixin.py:190} INFO - [2025-12-24T09:15:42.079+0000] {dagbag.py:588} INFO - Filling up the DagBag from /home/airflow/.local/lib/python3.11/site-packages/airflow/example_dags/example_task_group.py
[2025-12-24T09:15:42.093+0000] {processor.py:925} INFO - DAG(s) 'example_task_group' retrieved from /home/airflow/.local/lib/python3.11/site-packages/airflow/example_dags/example_task_group.py
[2025-12-24T09:15:42.136+0000] {logging_mixin.py:190} INFO - [2025-12-24T09:15:42.136+0000] {dag.py:3239} INFO - Sync 1 DAGs
[2025-12-24T09:15:42.157+0000] {logging_mixin.py:190} INFO - [2025-12-24T09:15:42.157+0000] {dag.py:4180} INFO - Setting next_dagrun for example_task_group to None, run_after=None
[2025-12-24T09:15:42.186+0000] {processor.py:208} INFO - Processing /home/airflow/.local/lib/python3.11/site-packages/airflow/example_dags/example_task_group.py took 0.126 seconds
[2025-12-24T09:16:41.794+0000] {processor.py:186} INFO - Started process (PID=1961) to work on /home/airflow/.local/lib/python3.11/site-packages/airflow/example_dags/example_task_group.py
[2025-12-24T09:16:41.796+0000] {processor.py:914} INFO - Processing file /home/airflow/.local/lib/python3.11/site-packages/airflow/example_dags/example_task_group.py for tasks to queue
[2025-12-24T09:16:41.800+0000] {logging_mixin.py:190} INFO - [2025-12-24T09:16:41.799+0000] {dagbag.py:588} INFO - Filling up the DagBag from /home/airflow/.local/lib/python3.11/site-packages/airflow/example_dags/example_task_group.py
[2025-12-24T09:16:41.814+0000] {processor.py:925} INFO - DAG(s) 'example_task_group' retrieved from /home/airflow/.local/lib/python3.11/site-packages/airflow/example_dags/example_task_group.py
[2025-12-24T09:16:41.855+0000] {logging_mixin.py:190} INFO - [2025-12-24T09:16:41.855+0000] {dag.py:3239} INFO - Sync 1 DAGs
[2025-12-24T09:16:41.877+0000] {logging_mixin.py:190} INFO - [2025-12-24T09:16:41.876+0000] {dag.py:4180} INFO - Setting next_dagrun for example_task_group to None, run_after=None
[2025-12-24T09:16:41.912+0000] {processor.py:208} INFO - Processing /home/airflow/.local/lib/python3.11/site-packages/airflow/example_dags/example_task_group.py took 0.129 seconds
[2025-12-24T09:24:21.765+0000] {processor.py:186} INFO - Started process (PID=112) to work on /home/airflow/.local/lib/python3.11/site-packages/airflow/example_dags/example_task_group.py
[2025-12-24T09:24:21.766+0000] {processor.py:914} INFO - Processing file /home/airflow/.local/lib/python3.11/site-packages/airflow/example_dags/example_task_group.py for tasks to queue
[2025-12-24T09:24:21.771+0000] {logging_mixin.py:190} INFO - [2025-12-24T09:24:21.770+0000] {dagbag.py:588} INFO - Filling up the DagBag from /home/airflow/.local/lib/python3.11/site-packages/airflow/example_dags/example_task_group.py
[2025-12-24T09:24:21.790+0000] {processor.py:925} INFO - DAG(s) 'example_task_group' retrieved from /home/airflow/.local/lib/python3.11/site-packages/airflow/example_dags/example_task_group.py
[2025-12-24T09:24:22.013+0000] {logging_mixin.py:190} INFO - [2025-12-24T09:24:22.012+0000] {override.py:1911} INFO - Created Permission View: can delete on DAG:example_task_group
[2025-12-24T09:24:22.051+0000] {logging_mixin.py:190} INFO - [2025-12-24T09:24:22.050+0000] {override.py:1911} INFO - Created Permission View: can read on DAG:example_task_group
[2025-12-24T09:24:22.089+0000] {logging_mixin.py:190} INFO - [2025-12-24T09:24:22.088+0000] {override.py:1911} INFO - Created Permission View: can edit on DAG:example_task_group
[2025-12-24T09:24:22.142+0000] {logging_mixin.py:190} INFO - [2025-12-24T09:24:22.141+0000] {override.py:1911} INFO - Created Permission View: menu access on DAG Run:example_task_group
[2025-12-24T09:24:22.181+0000] {logging_mixin.py:190} INFO - [2025-12-24T09:24:22.180+0000] {override.py:1911} INFO - Created Permission View: can create on DAG Run:example_task_group
[2025-12-24T09:24:22.217+0000] {logging_mixin.py:190} INFO - [2025-12-24T09:24:22.217+0000] {override.py:1911} INFO - Created Permission View: can delete on DAG Run:example_task_group
[2025-12-24T09:24:22.260+0000] {logging_mixin.py:190} INFO - [2025-12-24T09:24:22.259+0000] {override.py:1911} INFO - Created Permission View: can read on DAG Run:example_task_group
[2025-12-24T09:24:22.261+0000] {logging_mixin.py:190} INFO - [2025-12-24T09:24:22.261+0000] {dag.py:3239} INFO - Sync 1 DAGs
[2025-12-24T09:24:22.282+0000] {logging_mixin.py:190} INFO - [2025-12-24T09:24:22.281+0000] {dag.py:3262} INFO - Creating ORM DAG for example_task_group
[2025-12-24T09:24:22.283+0000] {logging_mixin.py:190} INFO - [2025-12-24T09:24:22.283+0000] {dag.py:4180} INFO - Setting next_dagrun for example_task_group to None, run_after=None
[2025-12-24T09:24:22.339+0000] {processor.py:208} INFO - Processing /home/airflow/.local/lib/python3.11/site-packages/airflow/example_dags/example_task_group.py took 0.586 seconds
[2025-12-24T09:24:15.725+0000] {processor.py:186} INFO - Started process (PID=244) to work on /home/airflow/.local/lib/python3.11/site-packages/airflow/example_dags/example_task_group.py
[2025-12-24T09:24:15.727+0000] {processor.py:914} INFO - Processing file /home/airflow/.local/lib/python3.11/site-packages/airflow/example_dags/example_task_group.py for tasks to queue
[2025-12-24T09:24:15.732+0000] {logging_mixin.py:190} INFO - [2025-12-24T09:24:15.732+0000] {dagbag.py:588} INFO - Filling up the DagBag from /home/airflow/.local/lib/python3.11/site-packages/airflow/example_dags/example_task_group.py
[2025-12-24T09:24:15.750+0000] {processor.py:925} INFO - DAG(s) 'example_task_group' retrieved from /home/airflow/.local/lib/python3.11/site-packages/airflow/example_dags/example_task_group.py
[2025-12-24T09:24:15.780+0000] {logging_mixin.py:190} INFO - [2025-12-24T09:24:15.779+0000] {dag.py:3239} INFO - Sync 1 DAGs
[2025-12-24T09:24:15.811+0000] {logging_mixin.py:190} INFO - [2025-12-24T09:24:15.810+0000] {dag.py:4180} INFO - Setting next_dagrun for example_task_group to None, run_after=None
[2025-12-24T09:24:15.849+0000] {processor.py:208} INFO - Processing /home/airflow/.local/lib/python3.11/site-packages/airflow/example_dags/example_task_group.py took 0.138 seconds
[2025-12-24T09:24:44.890+0000] {processor.py:186} INFO - Started process (PID=303) to work on /home/airflow/.local/lib/python3.11/site-packages/airflow/example_dags/example_task_group.py
[2025-12-24T09:24:44.891+0000] {processor.py:914} INFO - Processing file /home/airflow/.local/lib/python3.11/site-packages/airflow/example_dags/example_task_group.py for tasks to queue
[2025-12-24T09:24:44.895+0000] {logging_mixin.py:190} INFO - [2025-12-24T09:24:44.895+0000] {dagbag.py:588} INFO - Filling up the DagBag from /home/airflow/.local/lib/python3.11/site-packages/airflow/example_dags/example_task_group.py
[2025-12-24T09:24:44.916+0000] {processor.py:925} INFO - DAG(s) 'example_task_group' retrieved from /home/airflow/.local/lib/python3.11/site-packages/airflow/example_dags/example_task_group.py
[2025-12-24T09:24:44.942+0000] {logging_mixin.py:190} INFO - [2025-12-24T09:24:44.942+0000] {dag.py:3239} INFO - Sync 1 DAGs
[2025-12-24T09:24:44.962+0000] {logging_mixin.py:190} INFO - [2025-12-24T09:24:44.962+0000] {dag.py:4180} INFO - Setting next_dagrun for example_task_group to None, run_after=None
[2025-12-24T09:24:44.989+0000] {processor.py:208} INFO - Processing /home/airflow/.local/lib/python3.11/site-packages/airflow/example_dags/example_task_group.py took 0.110 seconds
[2025-12-24T09:24:56.257+0000] {processor.py:186} INFO - Started process (PID=359) to work on /home/airflow/.local/lib/python3.11/site-packages/airflow/example_dags/example_task_group.py
[2025-12-24T09:24:56.258+0000] {processor.py:914} INFO - Processing file /home/airflow/.local/lib/python3.11/site-packages/airflow/example_dags/example_task_group.py for tasks to queue
[2025-12-24T09:24:56.262+0000] {logging_mixin.py:190} INFO - [2025-12-24T09:24:56.262+0000] {dagbag.py:588} INFO - Filling up the DagBag from /home/airflow/.local/lib/python3.11/site-packages/airflow/example_dags/example_task_group.py
[2025-12-24T09:24:56.278+0000] {processor.py:925} INFO - DAG(s) 'example_task_group' retrieved from /home/airflow/.local/lib/python3.11/site-packages/airflow/example_dags/example_task_group.py
[2025-12-24T09:24:56.322+0000] {logging_mixin.py:190} INFO - [2025-12-24T09:24:56.322+0000] {dag.py:3239} INFO - Sync 1 DAGs
[2025-12-24T09:24:56.341+0000] {logging_mixin.py:190} INFO - [2025-12-24T09:24:56.341+0000] {dag.py:4180} INFO - Setting next_dagrun for example_task_group to None, run_after=None
[2025-12-24T09:24:56.372+0000] {processor.py:208} INFO - Processing /home/airflow/.local/lib/python3.11/site-packages/airflow/example_dags/example_task_group.py took 0.129 seconds
[2025-12-24T09:25:14.902+0000] {processor.py:186} INFO - Started process (PID=421) to work on /home/airflow/.local/lib/python3.11/site-packages/airflow/example_dags/example_task_group.py
[2025-12-24T09:25:14.904+0000] {processor.py:914} INFO - Processing file /home/airflow/.local/lib/python3.11/site-packages/airflow/example_dags/example_task_group.py for tasks to queue
[2025-12-24T09:25:14.908+0000] {logging_mixin.py:190} INFO - [2025-12-24T09:25:14.908+0000] {dagbag.py:588} INFO - Filling up the DagBag from /home/airflow/.local/lib/python3.11/site-packages/airflow/example_dags/example_task_group.py
[2025-12-24T09:25:14.924+0000] {processor.py:925} INFO - DAG(s) 'example_task_group' retrieved from /home/airflow/.local/lib/python3.11/site-packages/airflow/example_dags/example_task_group.py
[2025-12-24T09:25:14.957+0000] {logging_mixin.py:190} INFO - [2025-12-24T09:25:14.956+0000] {dag.py:3239} INFO - Sync 1 DAGs
[2025-12-24T09:25:14.986+0000] {logging_mixin.py:190} INFO - [2025-12-24T09:25:14.986+0000] {dag.py:4180} INFO - Setting next_dagrun for example_task_group to None, run_after=None
[2025-12-24T09:25:15.013+0000] {processor.py:208} INFO - Processing /home/airflow/.local/lib/python3.11/site-packages/airflow/example_dags/example_task_group.py took 0.121 seconds
[2025-12-24T09:25:21.124+0000] {processor.py:186} INFO - Started process (PID=475) to work on /home/airflow/.local/lib/python3.11/site-packages/airflow/example_dags/example_task_group.py
[2025-12-24T09:25:21.126+0000] {processor.py:914} INFO - Processing file /home/airflow/.local/lib/python3.11/site-packages/airflow/example_dags/example_task_group.py for tasks to queue
[2025-12-24T09:25:21.131+0000] {logging_mixin.py:190} INFO - [2025-12-24T09:25:21.131+0000] {dagbag.py:588} INFO - Filling up the DagBag from /home/airflow/.local/lib/python3.11/site-packages/airflow/example_dags/example_task_group.py
[2025-12-24T09:25:21.150+0000] {processor.py:925} INFO - DAG(s) 'example_task_group' retrieved from /home/airflow/.local/lib/python3.11/site-packages/airflow/example_dags/example_task_group.py
[2025-12-24T09:25:21.191+0000] {logging_mixin.py:190} INFO - [2025-12-24T09:25:21.190+0000] {dag.py:3239} INFO - Sync 1 DAGs
[2025-12-24T09:25:21.213+0000] {logging_mixin.py:190} INFO - [2025-12-24T09:25:21.213+0000] {dag.py:4180} INFO - Setting next_dagrun for example_task_group to None, run_after=None
[2025-12-24T09:25:21.250+0000] {processor.py:208} INFO - Processing /home/airflow/.local/lib/python3.11/site-packages/airflow/example_dags/example_task_group.py took 0.138 seconds
[2025-12-24T09:25:52.675+0000] {processor.py:186} INFO - Started process (PID=533) to work on /home/airflow/.local/lib/python3.11/site-packages/airflow/example_dags/example_task_group.py
[2025-12-24T09:25:52.677+0000] {processor.py:914} INFO - Processing file /home/airflow/.local/lib/python3.11/site-packages/airflow/example_dags/example_task_group.py for tasks to queue
[2025-12-24T09:25:52.682+0000] {logging_mixin.py:190} INFO - [2025-12-24T09:25:52.682+0000] {dagbag.py:588} INFO - Filling up the DagBag from /home/airflow/.local/lib/python3.11/site-packages/airflow/example_dags/example_task_group.py
[2025-12-24T09:25:52.699+0000] {processor.py:925} INFO - DAG(s) 'example_task_group' retrieved from /home/airflow/.local/lib/python3.11/site-packages/airflow/example_dags/example_task_group.py
[2025-12-24T09:26:35.075+0000] {logging_mixin.py:190} INFO - [2025-12-24T09:26:35.074+0000] {dag.py:3239} INFO - Sync 1 DAGs
[2025-12-24T09:26:35.101+0000] {logging_mixin.py:190} INFO - [2025-12-24T09:26:35.101+0000] {dag.py:4180} INFO - Setting next_dagrun for example_task_group to None, run_after=None
[2025-12-24T09:26:35.139+0000] {processor.py:208} INFO - Processing /home/airflow/.local/lib/python3.11/site-packages/airflow/example_dags/example_task_group.py took 0.153 seconds
[2025-12-24T09:26:36.687+0000] {processor.py:186} INFO - Started process (PID=793) to work on /home/airflow/.local/lib/python3.11/site-packages/airflow/example_dags/example_task_group.py
[2025-12-24T09:26:36.690+0000] {processor.py:914} INFO - Processing file /home/airflow/.local/lib/python3.11/site-packages/airflow/example_dags/example_task_group.py for tasks to queue
[2025-12-24T09:26:36.696+0000] {logging_mixin.py:190} INFO - [2025-12-24T09:26:36.695+0000] {dagbag.py:588} INFO - Filling up the DagBag from /home/airflow/.local/lib/python3.11/site-packages/airflow/example_dags/example_task_group.py
[2025-12-24T09:26:36.716+0000] {processor.py:925} INFO - DAG(s) 'example_task_group' retrieved from /home/airflow/.local/lib/python3.11/site-packages/airflow/example_dags/example_task_group.py
[2025-12-24T09:26:36.756+0000] {logging_mixin.py:190} INFO - [2025-12-24T09:26:36.755+0000] {dag.py:3239} INFO - Sync 1 DAGs
[2025-12-24T09:26:36.784+0000] {logging_mixin.py:190} INFO - [2025-12-24T09:26:36.784+0000] {dag.py:4180} INFO - Setting next_dagrun for example_task_group to None, run_after=None
[2025-12-24T09:26:36.824+0000] {processor.py:208} INFO - Processing /home/airflow/.local/lib/python3.11/site-packages/airflow/example_dags/example_task_group.py took 0.151 seconds
[2025-12-24T09:26:46.937+0000] {processor.py:186} INFO - Started process (PID=846) to work on /home/airflow/.local/lib/python3.11/site-packages/airflow/example_dags/example_task_group.py
[2025-12-24T09:26:46.957+0000] {processor.py:914} INFO - Processing file /home/airflow/.local/lib/python3.11/site-packages/airflow/example_dags/example_task_group.py for tasks to queue
[2025-12-24T09:26:46.963+0000] {logging_mixin.py:190} INFO - [2025-12-24T09:26:46.963+0000] {dagbag.py:588} INFO - Filling up the DagBag from /home/airflow/.local/lib/python3.11/site-packages/airflow/example_dags/example_task_group.py
[2025-12-24T09:26:46.984+0000] {processor.py:925} INFO - DAG(s) 'example_task_group' retrieved from /home/airflow/.local/lib/python3.11/site-packages/airflow/example_dags/example_task_group.py
[2025-12-24T09:26:47.061+0000] {logging_mixin.py:190} INFO - [2025-12-24T09:26:47.061+0000] {dag.py:3239} INFO - Sync 1 DAGs
[2025-12-24T09:26:47.096+0000] {logging_mixin.py:190} INFO - [2025-12-24T09:26:47.095+0000] {dag.py:4180} INFO - Setting next_dagrun for example_task_group to None, run_after=None
[2025-12-24T09:26:47.146+0000] {processor.py:208} INFO - Processing /home/airflow/.local/lib/python3.11/site-packages/airflow/example_dags/example_task_group.py took 0.221 seconds
[2025-12-24T09:27:44.670+0000] {processor.py:186} INFO - Started process (PID=908) to work on /home/airflow/.local/lib/python3.11/site-packages/airflow/example_dags/example_task_group.py
[2025-12-24T09:27:44.673+0000] {processor.py:914} INFO - Processing file /home/airflow/.local/lib/python3.11/site-packages/airflow/example_dags/example_task_group.py for tasks to queue
[2025-12-24T09:27:44.678+0000] {logging_mixin.py:190} INFO - [2025-12-24T09:27:44.678+0000] {dagbag.py:588} INFO - Filling up the DagBag from /home/airflow/.local/lib/python3.11/site-packages/airflow/example_dags/example_task_group.py
[2025-12-24T09:27:44.704+0000] {processor.py:925} INFO - DAG(s) 'example_task_group' retrieved from /home/airflow/.local/lib/python3.11/site-packages/airflow/example_dags/example_task_group.py
[2025-12-24T09:27:44.756+0000] {logging_mixin.py:190} INFO - [2025-12-24T09:27:44.755+0000] {dag.py:3239} INFO - Sync 1 DAGs
[2025-12-24T09:27:44.783+0000] {logging_mixin.py:190} INFO - [2025-12-24T09:27:44.783+0000] {dag.py:4180} INFO - Setting next_dagrun for example_task_group to None, run_after=None
[2025-12-24T09:27:44.822+0000] {processor.py:208} INFO - Processing /home/airflow/.local/lib/python3.11/site-packages/airflow/example_dags/example_task_group.py took 0.167 seconds
[2025-12-24T09:27:51.744+0000] {processor.py:186} INFO - Started process (PID=974) to work on /home/airflow/.local/lib/python3.11/site-packages/airflow/example_dags/example_task_group.py
[2025-12-24T09:27:51.746+0000] {processor.py:914} INFO - Processing file /home/airflow/.local/lib/python3.11/site-packages/airflow/example_dags/example_task_group.py for tasks to queue
[2025-12-24T09:27:51.750+0000] {logging_mixin.py:190} INFO - [2025-12-24T09:27:51.750+0000] {dagbag.py:588} INFO - Filling up the DagBag from /home/airflow/.local/lib/python3.11/site-packages/airflow/example_dags/example_task_group.py
[2025-12-24T09:27:51.765+0000] {processor.py:925} INFO - DAG(s) 'example_task_group' retrieved from /home/airflow/.local/lib/python3.11/site-packages/airflow/example_dags/example_task_group.py
[2025-12-24T09:27:51.810+0000] {logging_mixin.py:190} INFO - [2025-12-24T09:27:51.810+0000] {dag.py:3239} INFO - Sync 1 DAGs
[2025-12-24T09:27:51.850+0000] {logging_mixin.py:190} INFO - [2025-12-24T09:27:51.849+0000] {dag.py:4180} INFO - Setting next_dagrun for example_task_group to None, run_after=None
[2025-12-24T09:27:51.888+0000] {processor.py:208} INFO - Processing /home/airflow/.local/lib/python3.11/site-packages/airflow/example_dags/example_task_group.py took 0.154 seconds
[2025-12-24T09:28:01.721+0000] {processor.py:186} INFO - Started process (PID=1040) to work on /home/airflow/.local/lib/python3.11/site-packages/airflow/example_dags/example_task_group.py
[2025-12-24T09:28:01.723+0000] {processor.py:914} INFO - Processing file /home/airflow/.local/lib/python3.11/site-packages/airflow/example_dags/example_task_group.py for tasks to queue
[2025-12-24T09:28:01.727+0000] {logging_mixin.py:190} INFO - [2025-12-24T09:28:01.727+0000] {dagbag.py:588} INFO - Filling up the DagBag from /home/airflow/.local/lib/python3.11/site-packages/airflow/example_dags/example_task_group.py
[2025-12-24T09:28:01.743+0000] {processor.py:925} INFO - DAG(s) 'example_task_group' retrieved from /home/airflow/.local/lib/python3.11/site-packages/airflow/example_dags/example_task_group.py
[2025-12-24T09:28:01.778+0000] {logging_mixin.py:190} INFO - [2025-12-24T09:28:01.778+0000] {dag.py:3239} INFO - Sync 1 DAGs
[2025-12-24T09:28:01.801+0000] {logging_mixin.py:190} INFO - [2025-12-24T09:28:01.800+0000] {dag.py:4180} INFO - Setting next_dagrun for example_task_group to None, run_after=None
[2025-12-24T09:28:01.834+0000] {processor.py:208} INFO - Processing /home/airflow/.local/lib/python3.11/site-packages/airflow/example_dags/example_task_group.py took 0.124 seconds
[2025-12-24T09:28:16.206+0000] {processor.py:186} INFO - Started process (PID=1099) to work on /home/airflow/.local/lib/python3.11/site-packages/airflow/example_dags/example_task_group.py
[2025-12-24T09:28:16.208+0000] {processor.py:914} INFO - Processing file /home/airflow/.local/lib/python3.11/site-packages/airflow/example_dags/example_task_group.py for tasks to queue
[2025-12-24T09:28:16.211+0000] {logging_mixin.py:190} INFO - [2025-12-24T09:28:16.211+0000] {dagbag.py:588} INFO - Filling up the DagBag from /home/airflow/.local/lib/python3.11/site-packages/airflow/example_dags/example_task_group.py
[2025-12-24T09:28:16.227+0000] {processor.py:925} INFO - DAG(s) 'example_task_group' retrieved from /home/airflow/.local/lib/python3.11/site-packages/airflow/example_dags/example_task_group.py
[2025-12-24T09:28:16.258+0000] {logging_mixin.py:190} INFO - [2025-12-24T09:28:16.258+0000] {dag.py:3239} INFO - Sync 1 DAGs
[2025-12-24T09:28:16.275+0000] {logging_mixin.py:190} INFO - [2025-12-24T09:28:16.274+0000] {dag.py:4180} INFO - Setting next_dagrun for example_task_group to None, run_after=None
[2025-12-24T09:28:16.327+0000] {processor.py:208} INFO - Processing /home/airflow/.local/lib/python3.11/site-packages/airflow/example_dags/example_task_group.py took 0.132 seconds
[2025-12-24T09:29:14.242+0000] {processor.py:186} INFO - Started process (PID=1158) to work on /home/airflow/.local/lib/python3.11/site-packages/airflow/example_dags/example_task_group.py
[2025-12-24T09:29:14.249+0000] {processor.py:914} INFO - Processing file /home/airflow/.local/lib/python3.11/site-packages/airflow/example_dags/example_task_group.py for tasks to queue
[2025-12-24T09:29:14.255+0000] {logging_mixin.py:190} INFO - [2025-12-24T09:29:14.254+0000] {dagbag.py:588} INFO - Filling up the DagBag from /home/airflow/.local/lib/python3.11/site-packages/airflow/example_dags/example_task_group.py
[2025-12-24T09:29:14.279+0000] {processor.py:925} INFO - DAG(s) 'example_task_group' retrieved from /home/airflow/.local/lib/python3.11/site-packages/airflow/example_dags/example_task_group.py
[2025-12-24T09:29:14.340+0000] {logging_mixin.py:190} INFO - [2025-12-24T09:29:14.340+0000] {dag.py:3239} INFO - Sync 1 DAGs
[2025-12-24T09:29:14.373+0000] {logging_mixin.py:190} INFO - [2025-12-24T09:29:14.373+0000] {dag.py:4180} INFO - Setting next_dagrun for example_task_group to None, run_after=None
[2025-12-24T09:29:14.450+0000] {processor.py:208} INFO - Processing /home/airflow/.local/lib/python3.11/site-packages/airflow/example_dags/example_task_group.py took 0.232 seconds
