[2025-12-24T09:02:52.331+0000] {processor.py:186} INFO - Started process (PID=80) to work on /home/airflow/.local/lib/python3.11/site-packages/airflow/example_dags/example_bash_operator.py
[2025-12-24T09:02:52.333+0000] {processor.py:914} INFO - Processing file /home/airflow/.local/lib/python3.11/site-packages/airflow/example_dags/example_bash_operator.py for tasks to queue
[2025-12-24T09:02:52.337+0000] {logging_mixin.py:190} INFO - [2025-12-24T09:02:52.337+0000] {dagbag.py:588} INFO - Filling up the DagBag from /home/airflow/.local/lib/python3.11/site-packages/airflow/example_dags/example_bash_operator.py
[2025-12-24T09:02:52.362+0000] {processor.py:925} INFO - DAG(s) 'example_bash_operator' retrieved from /home/airflow/.local/lib/python3.11/site-packages/airflow/example_dags/example_bash_operator.py
[2025-12-24T09:02:52.565+0000] {logging_mixin.py:190} INFO - [2025-12-24T09:02:52.564+0000] {override.py:1911} INFO - Created Permission View: can edit on DAG:example_bash_operator
[2025-12-24T09:02:52.581+0000] {logging_mixin.py:190} INFO - [2025-12-24T09:02:52.581+0000] {override.py:1911} INFO - Created Permission View: can read on DAG:example_bash_operator
[2025-12-24T09:02:52.597+0000] {logging_mixin.py:190} INFO - [2025-12-24T09:02:52.597+0000] {override.py:1911} INFO - Created Permission View: can delete on DAG:example_bash_operator
[2025-12-24T09:02:52.616+0000] {logging_mixin.py:190} INFO - [2025-12-24T09:02:52.615+0000] {override.py:1911} INFO - Created Permission View: can read on DAG Run:example_bash_operator
[2025-12-24T09:02:52.630+0000] {logging_mixin.py:190} INFO - [2025-12-24T09:02:52.629+0000] {override.py:1911} INFO - Created Permission View: can create on DAG Run:example_bash_operator
[2025-12-24T09:02:52.641+0000] {logging_mixin.py:190} INFO - [2025-12-24T09:02:52.641+0000] {override.py:1911} INFO - Created Permission View: can delete on DAG Run:example_bash_operator
[2025-12-24T09:02:52.652+0000] {logging_mixin.py:190} INFO - [2025-12-24T09:02:52.652+0000] {override.py:1911} INFO - Created Permission View: menu access on DAG Run:example_bash_operator
[2025-12-24T09:02:52.653+0000] {logging_mixin.py:190} INFO - [2025-12-24T09:02:52.653+0000] {dag.py:3239} INFO - Sync 1 DAGs
[2025-12-24T09:02:52.671+0000] {logging_mixin.py:190} INFO - [2025-12-24T09:02:52.670+0000] {dag.py:3262} INFO - Creating ORM DAG for example_bash_operator
[2025-12-24T09:02:52.685+0000] {logging_mixin.py:190} INFO - [2025-12-24T09:02:52.685+0000] {dag.py:4180} INFO - Setting next_dagrun for example_bash_operator to 2025-12-23 00:00:00+00:00, run_after=2025-12-24 00:00:00+00:00
[2025-12-24T09:02:52.717+0000] {processor.py:208} INFO - Processing /home/airflow/.local/lib/python3.11/site-packages/airflow/example_dags/example_bash_operator.py took 0.397 seconds
[2025-12-24T09:03:53.710+0000] {processor.py:186} INFO - Started process (PID=140) to work on /home/airflow/.local/lib/python3.11/site-packages/airflow/example_dags/example_bash_operator.py
[2025-12-24T09:03:53.712+0000] {processor.py:914} INFO - Processing file /home/airflow/.local/lib/python3.11/site-packages/airflow/example_dags/example_bash_operator.py for tasks to queue
[2025-12-24T09:03:53.718+0000] {logging_mixin.py:190} INFO - [2025-12-24T09:03:53.717+0000] {dagbag.py:588} INFO - Filling up the DagBag from /home/airflow/.local/lib/python3.11/site-packages/airflow/example_dags/example_bash_operator.py
[2025-12-24T09:03:53.750+0000] {processor.py:925} INFO - DAG(s) 'example_bash_operator' retrieved from /home/airflow/.local/lib/python3.11/site-packages/airflow/example_dags/example_bash_operator.py
[2025-12-24T09:03:53.845+0000] {logging_mixin.py:190} INFO - [2025-12-24T09:03:53.844+0000] {dag.py:3239} INFO - Sync 1 DAGs
[2025-12-24T09:03:11.559+0000] {logging_mixin.py:190} INFO - [2025-12-24T09:03:11.558+0000] {dag.py:4180} INFO - Setting next_dagrun for example_bash_operator to 2025-12-23 00:00:00+00:00, run_after=2025-12-24 00:00:00+00:00
[2025-12-24T09:03:11.685+0000] {processor.py:208} INFO - Processing /home/airflow/.local/lib/python3.11/site-packages/airflow/example_dags/example_bash_operator.py took 0.348 seconds
[2025-12-24T09:04:14.118+0000] {processor.py:186} INFO - Started process (PID=203) to work on /home/airflow/.local/lib/python3.11/site-packages/airflow/example_dags/example_bash_operator.py
[2025-12-24T09:04:14.120+0000] {processor.py:914} INFO - Processing file /home/airflow/.local/lib/python3.11/site-packages/airflow/example_dags/example_bash_operator.py for tasks to queue
[2025-12-24T09:04:14.125+0000] {logging_mixin.py:190} INFO - [2025-12-24T09:04:14.124+0000] {dagbag.py:588} INFO - Filling up the DagBag from /home/airflow/.local/lib/python3.11/site-packages/airflow/example_dags/example_bash_operator.py
[2025-12-24T09:04:14.151+0000] {processor.py:925} INFO - DAG(s) 'example_bash_operator' retrieved from /home/airflow/.local/lib/python3.11/site-packages/airflow/example_dags/example_bash_operator.py
[2025-12-24T09:04:14.200+0000] {logging_mixin.py:190} INFO - [2025-12-24T09:04:14.200+0000] {dag.py:3239} INFO - Sync 1 DAGs
[2025-12-24T09:04:14.233+0000] {logging_mixin.py:190} INFO - [2025-12-24T09:04:14.233+0000] {dag.py:4180} INFO - Setting next_dagrun for example_bash_operator to 2025-12-23 00:00:00+00:00, run_after=2025-12-24 00:00:00+00:00
[2025-12-24T09:04:14.268+0000] {processor.py:208} INFO - Processing /home/airflow/.local/lib/python3.11/site-packages/airflow/example_dags/example_bash_operator.py took 0.162 seconds
[2025-12-24T09:04:11.736+0000] {processor.py:186} INFO - Started process (PID=269) to work on /home/airflow/.local/lib/python3.11/site-packages/airflow/example_dags/example_bash_operator.py
[2025-12-24T09:04:11.737+0000] {processor.py:914} INFO - Processing file /home/airflow/.local/lib/python3.11/site-packages/airflow/example_dags/example_bash_operator.py for tasks to queue
[2025-12-24T09:04:11.741+0000] {logging_mixin.py:190} INFO - [2025-12-24T09:04:11.741+0000] {dagbag.py:588} INFO - Filling up the DagBag from /home/airflow/.local/lib/python3.11/site-packages/airflow/example_dags/example_bash_operator.py
[2025-12-24T09:04:11.762+0000] {processor.py:925} INFO - DAG(s) 'example_bash_operator' retrieved from /home/airflow/.local/lib/python3.11/site-packages/airflow/example_dags/example_bash_operator.py
[2025-12-24T09:04:11.815+0000] {logging_mixin.py:190} INFO - [2025-12-24T09:04:11.814+0000] {dag.py:3239} INFO - Sync 1 DAGs
[2025-12-24T09:04:11.843+0000] {logging_mixin.py:190} INFO - [2025-12-24T09:04:11.843+0000] {dag.py:4180} INFO - Setting next_dagrun for example_bash_operator to 2025-12-23 00:00:00+00:00, run_after=2025-12-24 00:00:00+00:00
[2025-12-24T09:04:11.877+0000] {processor.py:208} INFO - Processing /home/airflow/.local/lib/python3.11/site-packages/airflow/example_dags/example_bash_operator.py took 0.151 seconds
[2025-12-24T09:04:41.948+0000] {processor.py:186} INFO - Started process (PID=332) to work on /home/airflow/.local/lib/python3.11/site-packages/airflow/example_dags/example_bash_operator.py
[2025-12-24T09:04:41.950+0000] {processor.py:914} INFO - Processing file /home/airflow/.local/lib/python3.11/site-packages/airflow/example_dags/example_bash_operator.py for tasks to queue
[2025-12-24T09:04:41.953+0000] {logging_mixin.py:190} INFO - [2025-12-24T09:04:41.953+0000] {dagbag.py:588} INFO - Filling up the DagBag from /home/airflow/.local/lib/python3.11/site-packages/airflow/example_dags/example_bash_operator.py
[2025-12-24T09:04:41.980+0000] {processor.py:925} INFO - DAG(s) 'example_bash_operator' retrieved from /home/airflow/.local/lib/python3.11/site-packages/airflow/example_dags/example_bash_operator.py
[2025-12-24T09:04:42.034+0000] {logging_mixin.py:190} INFO - [2025-12-24T09:04:42.034+0000] {dag.py:3239} INFO - Sync 1 DAGs
[2025-12-24T09:04:42.064+0000] {logging_mixin.py:190} INFO - [2025-12-24T09:04:42.064+0000] {dag.py:4180} INFO - Setting next_dagrun for example_bash_operator to 2025-12-23 00:00:00+00:00, run_after=2025-12-24 00:00:00+00:00
[2025-12-24T09:04:42.089+0000] {processor.py:208} INFO - Processing /home/airflow/.local/lib/python3.11/site-packages/airflow/example_dags/example_bash_operator.py took 0.150 seconds
[2025-12-24T09:04:51.365+0000] {processor.py:186} INFO - Started process (PID=397) to work on /home/airflow/.local/lib/python3.11/site-packages/airflow/example_dags/example_bash_operator.py
[2025-12-24T09:04:51.367+0000] {processor.py:914} INFO - Processing file /home/airflow/.local/lib/python3.11/site-packages/airflow/example_dags/example_bash_operator.py for tasks to queue
[2025-12-24T09:04:51.372+0000] {logging_mixin.py:190} INFO - [2025-12-24T09:04:51.371+0000] {dagbag.py:588} INFO - Filling up the DagBag from /home/airflow/.local/lib/python3.11/site-packages/airflow/example_dags/example_bash_operator.py
[2025-12-24T09:04:51.399+0000] {processor.py:925} INFO - DAG(s) 'example_bash_operator' retrieved from /home/airflow/.local/lib/python3.11/site-packages/airflow/example_dags/example_bash_operator.py
[2025-12-24T09:04:51.453+0000] {logging_mixin.py:190} INFO - [2025-12-24T09:04:51.453+0000] {dag.py:3239} INFO - Sync 1 DAGs
[2025-12-24T09:04:51.500+0000] {logging_mixin.py:190} INFO - [2025-12-24T09:04:51.500+0000] {dag.py:4180} INFO - Setting next_dagrun for example_bash_operator to 2025-12-23 00:00:00+00:00, run_after=2025-12-24 00:00:00+00:00
[2025-12-24T09:04:51.533+0000] {processor.py:208} INFO - Processing /home/airflow/.local/lib/python3.11/site-packages/airflow/example_dags/example_bash_operator.py took 0.179 seconds
[2025-12-24T09:05:21.697+0000] {processor.py:186} INFO - Started process (PID=462) to work on /home/airflow/.local/lib/python3.11/site-packages/airflow/example_dags/example_bash_operator.py
[2025-12-24T09:05:21.698+0000] {processor.py:914} INFO - Processing file /home/airflow/.local/lib/python3.11/site-packages/airflow/example_dags/example_bash_operator.py for tasks to queue
[2025-12-24T09:05:21.702+0000] {logging_mixin.py:190} INFO - [2025-12-24T09:05:21.702+0000] {dagbag.py:588} INFO - Filling up the DagBag from /home/airflow/.local/lib/python3.11/site-packages/airflow/example_dags/example_bash_operator.py
[2025-12-24T09:05:21.724+0000] {processor.py:925} INFO - DAG(s) 'example_bash_operator' retrieved from /home/airflow/.local/lib/python3.11/site-packages/airflow/example_dags/example_bash_operator.py
[2025-12-24T09:05:21.770+0000] {logging_mixin.py:190} INFO - [2025-12-24T09:05:21.770+0000] {dag.py:3239} INFO - Sync 1 DAGs
[2025-12-24T09:05:21.814+0000] {logging_mixin.py:190} INFO - [2025-12-24T09:05:21.814+0000] {dag.py:4180} INFO - Setting next_dagrun for example_bash_operator to 2025-12-23 00:00:00+00:00, run_after=2025-12-24 00:00:00+00:00
[2025-12-24T09:05:21.842+0000] {processor.py:208} INFO - Processing /home/airflow/.local/lib/python3.11/site-packages/airflow/example_dags/example_bash_operator.py took 0.155 seconds
[2025-12-24T09:05:26.214+0000] {processor.py:186} INFO - Started process (PID=498) to work on /home/airflow/.local/lib/python3.11/site-packages/airflow/example_dags/example_bash_operator.py
[2025-12-24T09:05:26.216+0000] {processor.py:914} INFO - Processing file /home/airflow/.local/lib/python3.11/site-packages/airflow/example_dags/example_bash_operator.py for tasks to queue
[2025-12-24T09:05:26.219+0000] {logging_mixin.py:190} INFO - [2025-12-24T09:05:26.219+0000] {dagbag.py:588} INFO - Filling up the DagBag from /home/airflow/.local/lib/python3.11/site-packages/airflow/example_dags/example_bash_operator.py
[2025-12-24T09:05:26.238+0000] {processor.py:925} INFO - DAG(s) 'example_bash_operator' retrieved from /home/airflow/.local/lib/python3.11/site-packages/airflow/example_dags/example_bash_operator.py
[2025-12-24T09:05:26.272+0000] {logging_mixin.py:190} INFO - [2025-12-24T09:05:26.272+0000] {dag.py:3239} INFO - Sync 1 DAGs
[2025-12-24T09:05:26.298+0000] {logging_mixin.py:190} INFO - [2025-12-24T09:05:26.298+0000] {dag.py:4180} INFO - Setting next_dagrun for example_bash_operator to 2025-12-23 00:00:00+00:00, run_after=2025-12-24 00:00:00+00:00
[2025-12-24T09:05:26.322+0000] {processor.py:208} INFO - Processing /home/airflow/.local/lib/python3.11/site-packages/airflow/example_dags/example_bash_operator.py took 0.117 seconds
[2025-12-24T09:05:36.266+0000] {processor.py:186} INFO - Started process (PID=553) to work on /home/airflow/.local/lib/python3.11/site-packages/airflow/example_dags/example_bash_operator.py
[2025-12-24T09:05:36.268+0000] {processor.py:914} INFO - Processing file /home/airflow/.local/lib/python3.11/site-packages/airflow/example_dags/example_bash_operator.py for tasks to queue
[2025-12-24T09:05:36.273+0000] {logging_mixin.py:190} INFO - [2025-12-24T09:05:36.273+0000] {dagbag.py:588} INFO - Filling up the DagBag from /home/airflow/.local/lib/python3.11/site-packages/airflow/example_dags/example_bash_operator.py
[2025-12-24T09:05:36.294+0000] {processor.py:925} INFO - DAG(s) 'example_bash_operator' retrieved from /home/airflow/.local/lib/python3.11/site-packages/airflow/example_dags/example_bash_operator.py
[2025-12-24T09:05:36.336+0000] {logging_mixin.py:190} INFO - [2025-12-24T09:05:36.335+0000] {dag.py:3239} INFO - Sync 1 DAGs
[2025-12-24T09:05:36.367+0000] {logging_mixin.py:190} INFO - [2025-12-24T09:05:36.366+0000] {dag.py:4180} INFO - Setting next_dagrun for example_bash_operator to 2025-12-23 00:00:00+00:00, run_after=2025-12-24 00:00:00+00:00
[2025-12-24T09:05:36.764+0000] {processor.py:208} INFO - Processing /home/airflow/.local/lib/python3.11/site-packages/airflow/example_dags/example_bash_operator.py took 0.511 seconds
[2025-12-24T09:06:39.505+0000] {processor.py:186} INFO - Started process (PID=615) to work on /home/airflow/.local/lib/python3.11/site-packages/airflow/example_dags/example_bash_operator.py
[2025-12-24T09:06:39.507+0000] {processor.py:914} INFO - Processing file /home/airflow/.local/lib/python3.11/site-packages/airflow/example_dags/example_bash_operator.py for tasks to queue
[2025-12-24T09:06:39.512+0000] {logging_mixin.py:190} INFO - [2025-12-24T09:06:39.511+0000] {dagbag.py:588} INFO - Filling up the DagBag from /home/airflow/.local/lib/python3.11/site-packages/airflow/example_dags/example_bash_operator.py
[2025-12-24T09:06:39.534+0000] {processor.py:925} INFO - DAG(s) 'example_bash_operator' retrieved from /home/airflow/.local/lib/python3.11/site-packages/airflow/example_dags/example_bash_operator.py
[2025-12-24T09:06:39.576+0000] {logging_mixin.py:190} INFO - [2025-12-24T09:06:39.576+0000] {dag.py:3239} INFO - Sync 1 DAGs
[2025-12-24T09:06:39.611+0000] {logging_mixin.py:190} INFO - [2025-12-24T09:06:39.610+0000] {dag.py:4180} INFO - Setting next_dagrun for example_bash_operator to 2025-12-23 00:00:00+00:00, run_after=2025-12-24 00:00:00+00:00
[2025-12-24T09:06:39.638+0000] {processor.py:208} INFO - Processing /home/airflow/.local/lib/python3.11/site-packages/airflow/example_dags/example_bash_operator.py took 0.145 seconds
[2025-12-24T09:06:41.981+0000] {processor.py:186} INFO - Started process (PID=681) to work on /home/airflow/.local/lib/python3.11/site-packages/airflow/example_dags/example_bash_operator.py
[2025-12-24T09:06:41.996+0000] {processor.py:914} INFO - Processing file /home/airflow/.local/lib/python3.11/site-packages/airflow/example_dags/example_bash_operator.py for tasks to queue
[2025-12-24T09:06:42.002+0000] {logging_mixin.py:190} INFO - [2025-12-24T09:06:42.001+0000] {dagbag.py:588} INFO - Filling up the DagBag from /home/airflow/.local/lib/python3.11/site-packages/airflow/example_dags/example_bash_operator.py
[2025-12-24T09:06:42.028+0000] {processor.py:925} INFO - DAG(s) 'example_bash_operator' retrieved from /home/airflow/.local/lib/python3.11/site-packages/airflow/example_dags/example_bash_operator.py
[2025-12-24T09:06:42.075+0000] {logging_mixin.py:190} INFO - [2025-12-24T09:06:42.075+0000] {dag.py:3239} INFO - Sync 1 DAGs
[2025-12-24T09:06:42.112+0000] {logging_mixin.py:190} INFO - [2025-12-24T09:06:42.111+0000] {dag.py:4180} INFO - Setting next_dagrun for example_bash_operator to 2025-12-23 00:00:00+00:00, run_after=2025-12-24 00:00:00+00:00
[2025-12-24T09:06:42.145+0000] {processor.py:208} INFO - Processing /home/airflow/.local/lib/python3.11/site-packages/airflow/example_dags/example_bash_operator.py took 0.176 seconds
[2025-12-24T09:07:53.907+0000] {processor.py:186} INFO - Started process (PID=747) to work on /home/airflow/.local/lib/python3.11/site-packages/airflow/example_dags/example_bash_operator.py
[2025-12-24T09:07:53.909+0000] {processor.py:914} INFO - Processing file /home/airflow/.local/lib/python3.11/site-packages/airflow/example_dags/example_bash_operator.py for tasks to queue
[2025-12-24T09:07:11.573+0000] {logging_mixin.py:190} INFO - [2025-12-24T09:07:11.572+0000] {dagbag.py:588} INFO - Filling up the DagBag from /home/airflow/.local/lib/python3.11/site-packages/airflow/example_dags/example_bash_operator.py
[2025-12-24T09:07:11.598+0000] {processor.py:925} INFO - DAG(s) 'example_bash_operator' retrieved from /home/airflow/.local/lib/python3.11/site-packages/airflow/example_dags/example_bash_operator.py
[2025-12-24T09:07:11.645+0000] {logging_mixin.py:190} INFO - [2025-12-24T09:07:11.645+0000] {dag.py:3239} INFO - Sync 1 DAGs
[2025-12-24T09:07:11.686+0000] {logging_mixin.py:190} INFO - [2025-12-24T09:07:11.685+0000] {dag.py:4180} INFO - Setting next_dagrun for example_bash_operator to 2025-12-23 00:00:00+00:00, run_after=2025-12-24 00:00:00+00:00
[2025-12-24T09:07:11.737+0000] {processor.py:208} INFO - Processing /home/airflow/.local/lib/python3.11/site-packages/airflow/example_dags/example_bash_operator.py took 0.184 seconds
[2025-12-24T09:07:21.230+0000] {processor.py:186} INFO - Started process (PID=809) to work on /home/airflow/.local/lib/python3.11/site-packages/airflow/example_dags/example_bash_operator.py
[2025-12-24T09:07:21.231+0000] {processor.py:914} INFO - Processing file /home/airflow/.local/lib/python3.11/site-packages/airflow/example_dags/example_bash_operator.py for tasks to queue
[2025-12-24T09:07:21.235+0000] {logging_mixin.py:190} INFO - [2025-12-24T09:07:21.235+0000] {dagbag.py:588} INFO - Filling up the DagBag from /home/airflow/.local/lib/python3.11/site-packages/airflow/example_dags/example_bash_operator.py
[2025-12-24T09:07:21.266+0000] {processor.py:925} INFO - DAG(s) 'example_bash_operator' retrieved from /home/airflow/.local/lib/python3.11/site-packages/airflow/example_dags/example_bash_operator.py
[2025-12-24T09:07:21.313+0000] {logging_mixin.py:190} INFO - [2025-12-24T09:07:21.313+0000] {dag.py:3239} INFO - Sync 1 DAGs
[2025-12-24T09:07:21.347+0000] {logging_mixin.py:190} INFO - [2025-12-24T09:07:21.346+0000] {dag.py:4180} INFO - Setting next_dagrun for example_bash_operator to 2025-12-23 00:00:00+00:00, run_after=2025-12-24 00:00:00+00:00
[2025-12-24T09:07:21.385+0000] {processor.py:208} INFO - Processing /home/airflow/.local/lib/python3.11/site-packages/airflow/example_dags/example_bash_operator.py took 0.164 seconds
[2025-12-24T09:07:31.335+0000] {processor.py:186} INFO - Started process (PID=866) to work on /home/airflow/.local/lib/python3.11/site-packages/airflow/example_dags/example_bash_operator.py
[2025-12-24T09:07:31.337+0000] {processor.py:914} INFO - Processing file /home/airflow/.local/lib/python3.11/site-packages/airflow/example_dags/example_bash_operator.py for tasks to queue
[2025-12-24T09:07:31.347+0000] {logging_mixin.py:190} INFO - [2025-12-24T09:07:31.346+0000] {dagbag.py:588} INFO - Filling up the DagBag from /home/airflow/.local/lib/python3.11/site-packages/airflow/example_dags/example_bash_operator.py
[2025-12-24T09:07:31.373+0000] {processor.py:925} INFO - DAG(s) 'example_bash_operator' retrieved from /home/airflow/.local/lib/python3.11/site-packages/airflow/example_dags/example_bash_operator.py
[2025-12-24T09:07:31.415+0000] {logging_mixin.py:190} INFO - [2025-12-24T09:07:31.414+0000] {dag.py:3239} INFO - Sync 1 DAGs
[2025-12-24T09:07:31.450+0000] {logging_mixin.py:190} INFO - [2025-12-24T09:07:31.450+0000] {dag.py:4180} INFO - Setting next_dagrun for example_bash_operator to 2025-12-23 00:00:00+00:00, run_after=2025-12-24 00:00:00+00:00
[2025-12-24T09:07:31.538+0000] {processor.py:208} INFO - Processing /home/airflow/.local/lib/python3.11/site-packages/airflow/example_dags/example_bash_operator.py took 0.228 seconds
[2025-12-24T09:07:41.290+0000] {processor.py:186} INFO - Started process (PID=922) to work on /home/airflow/.local/lib/python3.11/site-packages/airflow/example_dags/example_bash_operator.py
[2025-12-24T09:07:41.292+0000] {processor.py:914} INFO - Processing file /home/airflow/.local/lib/python3.11/site-packages/airflow/example_dags/example_bash_operator.py for tasks to queue
[2025-12-24T09:07:41.296+0000] {logging_mixin.py:190} INFO - [2025-12-24T09:07:41.295+0000] {dagbag.py:588} INFO - Filling up the DagBag from /home/airflow/.local/lib/python3.11/site-packages/airflow/example_dags/example_bash_operator.py
[2025-12-24T09:07:41.319+0000] {processor.py:925} INFO - DAG(s) 'example_bash_operator' retrieved from /home/airflow/.local/lib/python3.11/site-packages/airflow/example_dags/example_bash_operator.py
[2025-12-24T09:08:23.718+0000] {logging_mixin.py:190} INFO - [2025-12-24T09:08:23.717+0000] {dag.py:3239} INFO - Sync 1 DAGs
[2025-12-24T09:08:23.752+0000] {logging_mixin.py:190} INFO - [2025-12-24T09:08:23.752+0000] {dag.py:4180} INFO - Setting next_dagrun for example_bash_operator to 2025-12-23 00:00:00+00:00, run_after=2025-12-24 00:00:00+00:00
[2025-12-24T09:08:23.785+0000] {processor.py:208} INFO - Processing /home/airflow/.local/lib/python3.11/site-packages/airflow/example_dags/example_bash_operator.py took 0.158 seconds
[2025-12-24T09:09:08.378+0000] {processor.py:186} INFO - Started process (PID=1044) to work on /home/airflow/.local/lib/python3.11/site-packages/airflow/example_dags/example_bash_operator.py
[2025-12-24T09:09:08.379+0000] {processor.py:914} INFO - Processing file /home/airflow/.local/lib/python3.11/site-packages/airflow/example_dags/example_bash_operator.py for tasks to queue
[2025-12-24T09:09:08.384+0000] {logging_mixin.py:190} INFO - [2025-12-24T09:09:08.383+0000] {dagbag.py:588} INFO - Filling up the DagBag from /home/airflow/.local/lib/python3.11/site-packages/airflow/example_dags/example_bash_operator.py
[2025-12-24T09:09:08.403+0000] {processor.py:925} INFO - DAG(s) 'example_bash_operator' retrieved from /home/airflow/.local/lib/python3.11/site-packages/airflow/example_dags/example_bash_operator.py
[2025-12-24T09:09:08.439+0000] {logging_mixin.py:190} INFO - [2025-12-24T09:09:08.438+0000] {dag.py:3239} INFO - Sync 1 DAGs
[2025-12-24T09:09:08.481+0000] {logging_mixin.py:190} INFO - [2025-12-24T09:09:08.481+0000] {dag.py:4180} INFO - Setting next_dagrun for example_bash_operator to 2025-12-23 00:00:00+00:00, run_after=2025-12-24 00:00:00+00:00
[2025-12-24T09:09:08.517+0000] {processor.py:208} INFO - Processing /home/airflow/.local/lib/python3.11/site-packages/airflow/example_dags/example_bash_operator.py took 0.148 seconds
[2025-12-24T09:09:18.929+0000] {processor.py:186} INFO - Started process (PID=1050) to work on /home/airflow/.local/lib/python3.11/site-packages/airflow/example_dags/example_bash_operator.py
[2025-12-24T09:09:18.931+0000] {processor.py:914} INFO - Processing file /home/airflow/.local/lib/python3.11/site-packages/airflow/example_dags/example_bash_operator.py for tasks to queue
[2025-12-24T09:09:18.934+0000] {logging_mixin.py:190} INFO - [2025-12-24T09:09:18.934+0000] {dagbag.py:588} INFO - Filling up the DagBag from /home/airflow/.local/lib/python3.11/site-packages/airflow/example_dags/example_bash_operator.py
[2025-12-24T09:09:18.953+0000] {processor.py:925} INFO - DAG(s) 'example_bash_operator' retrieved from /home/airflow/.local/lib/python3.11/site-packages/airflow/example_dags/example_bash_operator.py
[2025-12-24T09:09:18.990+0000] {logging_mixin.py:190} INFO - [2025-12-24T09:09:18.989+0000] {dag.py:3239} INFO - Sync 1 DAGs
[2025-12-24T09:09:19.018+0000] {logging_mixin.py:190} INFO - [2025-12-24T09:09:19.017+0000] {dag.py:4180} INFO - Setting next_dagrun for example_bash_operator to 2025-12-23 00:00:00+00:00, run_after=2025-12-24 00:00:00+00:00
[2025-12-24T09:09:19.042+0000] {processor.py:208} INFO - Processing /home/airflow/.local/lib/python3.11/site-packages/airflow/example_dags/example_bash_operator.py took 0.121 seconds
[2025-12-24T09:09:16.624+0000] {processor.py:186} INFO - Started process (PID=1130) to work on /home/airflow/.local/lib/python3.11/site-packages/airflow/example_dags/example_bash_operator.py
[2025-12-24T09:09:16.626+0000] {processor.py:914} INFO - Processing file /home/airflow/.local/lib/python3.11/site-packages/airflow/example_dags/example_bash_operator.py for tasks to queue
[2025-12-24T09:09:16.629+0000] {logging_mixin.py:190} INFO - [2025-12-24T09:09:16.629+0000] {dagbag.py:588} INFO - Filling up the DagBag from /home/airflow/.local/lib/python3.11/site-packages/airflow/example_dags/example_bash_operator.py
[2025-12-24T09:09:16.649+0000] {processor.py:925} INFO - DAG(s) 'example_bash_operator' retrieved from /home/airflow/.local/lib/python3.11/site-packages/airflow/example_dags/example_bash_operator.py
[2025-12-24T09:09:16.684+0000] {logging_mixin.py:190} INFO - [2025-12-24T09:09:16.684+0000] {dag.py:3239} INFO - Sync 1 DAGs
[2025-12-24T09:09:16.713+0000] {logging_mixin.py:190} INFO - [2025-12-24T09:09:16.713+0000] {dag.py:4180} INFO - Setting next_dagrun for example_bash_operator to 2025-12-23 00:00:00+00:00, run_after=2025-12-24 00:00:00+00:00
[2025-12-24T09:09:16.751+0000] {processor.py:208} INFO - Processing /home/airflow/.local/lib/python3.11/site-packages/airflow/example_dags/example_bash_operator.py took 0.137 seconds
[2025-12-24T09:10:24.203+0000] {processor.py:186} INFO - Started process (PID=1190) to work on /home/airflow/.local/lib/python3.11/site-packages/airflow/example_dags/example_bash_operator.py
[2025-12-24T09:10:24.204+0000] {processor.py:914} INFO - Processing file /home/airflow/.local/lib/python3.11/site-packages/airflow/example_dags/example_bash_operator.py for tasks to queue
[2025-12-24T09:10:24.207+0000] {logging_mixin.py:190} INFO - [2025-12-24T09:10:24.207+0000] {dagbag.py:588} INFO - Filling up the DagBag from /home/airflow/.local/lib/python3.11/site-packages/airflow/example_dags/example_bash_operator.py
[2025-12-24T09:10:24.226+0000] {processor.py:925} INFO - DAG(s) 'example_bash_operator' retrieved from /home/airflow/.local/lib/python3.11/site-packages/airflow/example_dags/example_bash_operator.py
[2025-12-24T09:10:24.275+0000] {logging_mixin.py:190} INFO - [2025-12-24T09:10:24.274+0000] {dag.py:3239} INFO - Sync 1 DAGs
[2025-12-24T09:10:24.302+0000] {logging_mixin.py:190} INFO - [2025-12-24T09:10:24.301+0000] {dag.py:4180} INFO - Setting next_dagrun for example_bash_operator to 2025-12-23 00:00:00+00:00, run_after=2025-12-24 00:00:00+00:00
[2025-12-24T09:10:24.326+0000] {processor.py:208} INFO - Processing /home/airflow/.local/lib/python3.11/site-packages/airflow/example_dags/example_bash_operator.py took 0.132 seconds
[2025-12-24T09:10:16.868+0000] {processor.py:186} INFO - Started process (PID=1262) to work on /home/airflow/.local/lib/python3.11/site-packages/airflow/example_dags/example_bash_operator.py
[2025-12-24T09:10:16.870+0000] {processor.py:914} INFO - Processing file /home/airflow/.local/lib/python3.11/site-packages/airflow/example_dags/example_bash_operator.py for tasks to queue
[2025-12-24T09:10:16.875+0000] {logging_mixin.py:190} INFO - [2025-12-24T09:10:16.874+0000] {dagbag.py:588} INFO - Filling up the DagBag from /home/airflow/.local/lib/python3.11/site-packages/airflow/example_dags/example_bash_operator.py
[2025-12-24T09:10:16.896+0000] {processor.py:925} INFO - DAG(s) 'example_bash_operator' retrieved from /home/airflow/.local/lib/python3.11/site-packages/airflow/example_dags/example_bash_operator.py
[2025-12-24T09:10:16.941+0000] {logging_mixin.py:190} INFO - [2025-12-24T09:10:16.941+0000] {dag.py:3239} INFO - Sync 1 DAGs
[2025-12-24T09:10:16.977+0000] {logging_mixin.py:190} INFO - [2025-12-24T09:10:16.977+0000] {dag.py:4180} INFO - Setting next_dagrun for example_bash_operator to 2025-12-23 00:00:00+00:00, run_after=2025-12-24 00:00:00+00:00
[2025-12-24T09:10:17.009+0000] {processor.py:208} INFO - Processing /home/airflow/.local/lib/python3.11/site-packages/airflow/example_dags/example_bash_operator.py took 0.151 seconds
[2025-12-24T09:10:46.643+0000] {processor.py:186} INFO - Started process (PID=1311) to work on /home/airflow/.local/lib/python3.11/site-packages/airflow/example_dags/example_bash_operator.py
[2025-12-24T09:10:46.645+0000] {processor.py:914} INFO - Processing file /home/airflow/.local/lib/python3.11/site-packages/airflow/example_dags/example_bash_operator.py for tasks to queue
[2025-12-24T09:10:46.649+0000] {logging_mixin.py:190} INFO - [2025-12-24T09:10:46.648+0000] {dagbag.py:588} INFO - Filling up the DagBag from /home/airflow/.local/lib/python3.11/site-packages/airflow/example_dags/example_bash_operator.py
[2025-12-24T09:10:46.670+0000] {processor.py:925} INFO - DAG(s) 'example_bash_operator' retrieved from /home/airflow/.local/lib/python3.11/site-packages/airflow/example_dags/example_bash_operator.py
[2025-12-24T09:10:46.709+0000] {logging_mixin.py:190} INFO - [2025-12-24T09:10:46.709+0000] {dag.py:3239} INFO - Sync 1 DAGs
[2025-12-24T09:10:46.742+0000] {logging_mixin.py:190} INFO - [2025-12-24T09:10:46.741+0000] {dag.py:4180} INFO - Setting next_dagrun for example_bash_operator to 2025-12-23 00:00:00+00:00, run_after=2025-12-24 00:00:00+00:00
[2025-12-24T09:10:46.870+0000] {processor.py:208} INFO - Processing /home/airflow/.local/lib/python3.11/site-packages/airflow/example_dags/example_bash_operator.py took 0.239 seconds
[2025-12-24T09:10:56.647+0000] {processor.py:186} INFO - Started process (PID=1368) to work on /home/airflow/.local/lib/python3.11/site-packages/airflow/example_dags/example_bash_operator.py
[2025-12-24T09:10:56.649+0000] {processor.py:914} INFO - Processing file /home/airflow/.local/lib/python3.11/site-packages/airflow/example_dags/example_bash_operator.py for tasks to queue
[2025-12-24T09:10:56.655+0000] {logging_mixin.py:190} INFO - [2025-12-24T09:10:56.654+0000] {dagbag.py:588} INFO - Filling up the DagBag from /home/airflow/.local/lib/python3.11/site-packages/airflow/example_dags/example_bash_operator.py
[2025-12-24T09:10:56.677+0000] {processor.py:925} INFO - DAG(s) 'example_bash_operator' retrieved from /home/airflow/.local/lib/python3.11/site-packages/airflow/example_dags/example_bash_operator.py
[2025-12-24T09:10:56.719+0000] {logging_mixin.py:190} INFO - [2025-12-24T09:10:56.718+0000] {dag.py:3239} INFO - Sync 1 DAGs
[2025-12-24T09:10:56.754+0000] {logging_mixin.py:190} INFO - [2025-12-24T09:10:56.754+0000] {dag.py:4180} INFO - Setting next_dagrun for example_bash_operator to 2025-12-23 00:00:00+00:00, run_after=2025-12-24 00:00:00+00:00
[2025-12-24T09:10:56.781+0000] {processor.py:208} INFO - Processing /home/airflow/.local/lib/python3.11/site-packages/airflow/example_dags/example_bash_operator.py took 0.143 seconds
[2025-12-24T09:11:27.599+0000] {processor.py:186} INFO - Started process (PID=1431) to work on /home/airflow/.local/lib/python3.11/site-packages/airflow/example_dags/example_bash_operator.py
[2025-12-24T09:11:27.602+0000] {processor.py:914} INFO - Processing file /home/airflow/.local/lib/python3.11/site-packages/airflow/example_dags/example_bash_operator.py for tasks to queue
[2025-12-24T09:11:27.608+0000] {logging_mixin.py:190} INFO - [2025-12-24T09:11:27.607+0000] {dagbag.py:588} INFO - Filling up the DagBag from /home/airflow/.local/lib/python3.11/site-packages/airflow/example_dags/example_bash_operator.py
[2025-12-24T09:11:27.633+0000] {processor.py:925} INFO - DAG(s) 'example_bash_operator' retrieved from /home/airflow/.local/lib/python3.11/site-packages/airflow/example_dags/example_bash_operator.py
[2025-12-24T09:11:27.675+0000] {logging_mixin.py:190} INFO - [2025-12-24T09:11:27.674+0000] {dag.py:3239} INFO - Sync 1 DAGs
[2025-12-24T09:11:27.707+0000] {logging_mixin.py:190} INFO - [2025-12-24T09:11:27.707+0000] {dag.py:4180} INFO - Setting next_dagrun for example_bash_operator to 2025-12-23 00:00:00+00:00, run_after=2025-12-24 00:00:00+00:00
[2025-12-24T09:11:27.739+0000] {processor.py:208} INFO - Processing /home/airflow/.local/lib/python3.11/site-packages/airflow/example_dags/example_bash_operator.py took 0.152 seconds
[2025-12-24T09:12:29.851+0000] {processor.py:186} INFO - Started process (PID=1494) to work on /home/airflow/.local/lib/python3.11/site-packages/airflow/example_dags/example_bash_operator.py
[2025-12-24T09:12:29.852+0000] {processor.py:914} INFO - Processing file /home/airflow/.local/lib/python3.11/site-packages/airflow/example_dags/example_bash_operator.py for tasks to queue
[2025-12-24T09:12:29.856+0000] {logging_mixin.py:190} INFO - [2025-12-24T09:12:29.855+0000] {dagbag.py:588} INFO - Filling up the DagBag from /home/airflow/.local/lib/python3.11/site-packages/airflow/example_dags/example_bash_operator.py
[2025-12-24T09:12:29.875+0000] {processor.py:925} INFO - DAG(s) 'example_bash_operator' retrieved from /home/airflow/.local/lib/python3.11/site-packages/airflow/example_dags/example_bash_operator.py
[2025-12-24T09:12:29.912+0000] {logging_mixin.py:190} INFO - [2025-12-24T09:12:29.911+0000] {dag.py:3239} INFO - Sync 1 DAGs
[2025-12-24T09:12:29.942+0000] {logging_mixin.py:190} INFO - [2025-12-24T09:12:29.942+0000] {dag.py:4180} INFO - Setting next_dagrun for example_bash_operator to 2025-12-23 00:00:00+00:00, run_after=2025-12-24 00:00:00+00:00
[2025-12-24T09:12:29.976+0000] {processor.py:208} INFO - Processing /home/airflow/.local/lib/python3.11/site-packages/airflow/example_dags/example_bash_operator.py took 0.135 seconds
[2025-12-24T09:12:41.914+0000] {processor.py:186} INFO - Started process (PID=1558) to work on /home/airflow/.local/lib/python3.11/site-packages/airflow/example_dags/example_bash_operator.py
[2025-12-24T09:12:41.915+0000] {processor.py:914} INFO - Processing file /home/airflow/.local/lib/python3.11/site-packages/airflow/example_dags/example_bash_operator.py for tasks to queue
[2025-12-24T09:12:41.919+0000] {logging_mixin.py:190} INFO - [2025-12-24T09:12:41.919+0000] {dagbag.py:588} INFO - Filling up the DagBag from /home/airflow/.local/lib/python3.11/site-packages/airflow/example_dags/example_bash_operator.py
[2025-12-24T09:12:41.939+0000] {processor.py:925} INFO - DAG(s) 'example_bash_operator' retrieved from /home/airflow/.local/lib/python3.11/site-packages/airflow/example_dags/example_bash_operator.py
[2025-12-24T09:12:41.975+0000] {logging_mixin.py:190} INFO - [2025-12-24T09:12:41.975+0000] {dag.py:3239} INFO - Sync 1 DAGs
[2025-12-24T09:12:42.003+0000] {logging_mixin.py:190} INFO - [2025-12-24T09:12:42.003+0000] {dag.py:4180} INFO - Setting next_dagrun for example_bash_operator to 2025-12-23 00:00:00+00:00, run_after=2025-12-24 00:00:00+00:00
[2025-12-24T09:12:42.031+0000] {processor.py:208} INFO - Processing /home/airflow/.local/lib/python3.11/site-packages/airflow/example_dags/example_bash_operator.py took 0.127 seconds
[2025-12-24T09:13:30.724+0000] {processor.py:186} INFO - Started process (PID=1625) to work on /home/airflow/.local/lib/python3.11/site-packages/airflow/example_dags/example_bash_operator.py
[2025-12-24T09:13:30.725+0000] {processor.py:914} INFO - Processing file /home/airflow/.local/lib/python3.11/site-packages/airflow/example_dags/example_bash_operator.py for tasks to queue
[2025-12-24T09:13:30.729+0000] {logging_mixin.py:190} INFO - [2025-12-24T09:13:30.729+0000] {dagbag.py:588} INFO - Filling up the DagBag from /home/airflow/.local/lib/python3.11/site-packages/airflow/example_dags/example_bash_operator.py
[2025-12-24T09:13:30.750+0000] {processor.py:925} INFO - DAG(s) 'example_bash_operator' retrieved from /home/airflow/.local/lib/python3.11/site-packages/airflow/example_dags/example_bash_operator.py
[2025-12-24T09:13:30.784+0000] {logging_mixin.py:190} INFO - [2025-12-24T09:13:30.783+0000] {dag.py:3239} INFO - Sync 1 DAGs
[2025-12-24T09:13:30.811+0000] {logging_mixin.py:190} INFO - [2025-12-24T09:13:30.811+0000] {dag.py:4180} INFO - Setting next_dagrun for example_bash_operator to 2025-12-23 00:00:00+00:00, run_after=2025-12-24 00:00:00+00:00
[2025-12-24T09:13:30.836+0000] {processor.py:208} INFO - Processing /home/airflow/.local/lib/python3.11/site-packages/airflow/example_dags/example_bash_operator.py took 0.125 seconds
[2025-12-24T09:14:24.250+0000] {processor.py:186} INFO - Started process (PID=1675) to work on /home/airflow/.local/lib/python3.11/site-packages/airflow/example_dags/example_bash_operator.py
[2025-12-24T09:14:24.253+0000] {processor.py:914} INFO - Processing file /home/airflow/.local/lib/python3.11/site-packages/airflow/example_dags/example_bash_operator.py for tasks to queue
[2025-12-24T09:14:24.257+0000] {logging_mixin.py:190} INFO - [2025-12-24T09:14:24.257+0000] {dagbag.py:588} INFO - Filling up the DagBag from /home/airflow/.local/lib/python3.11/site-packages/airflow/example_dags/example_bash_operator.py
[2025-12-24T09:14:24.281+0000] {processor.py:925} INFO - DAG(s) 'example_bash_operator' retrieved from /home/airflow/.local/lib/python3.11/site-packages/airflow/example_dags/example_bash_operator.py
[2025-12-24T09:14:24.326+0000] {logging_mixin.py:190} INFO - [2025-12-24T09:14:24.326+0000] {dag.py:3239} INFO - Sync 1 DAGs
[2025-12-24T09:14:24.365+0000] {logging_mixin.py:190} INFO - [2025-12-24T09:14:24.364+0000] {dag.py:4180} INFO - Setting next_dagrun for example_bash_operator to 2025-12-23 00:00:00+00:00, run_after=2025-12-24 00:00:00+00:00
[2025-12-24T09:14:24.397+0000] {processor.py:208} INFO - Processing /home/airflow/.local/lib/python3.11/site-packages/airflow/example_dags/example_bash_operator.py took 0.160 seconds
[2025-12-24T09:14:37.002+0000] {processor.py:186} INFO - Started process (PID=1747) to work on /home/airflow/.local/lib/python3.11/site-packages/airflow/example_dags/example_bash_operator.py
[2025-12-24T09:14:37.003+0000] {processor.py:914} INFO - Processing file /home/airflow/.local/lib/python3.11/site-packages/airflow/example_dags/example_bash_operator.py for tasks to queue
[2025-12-24T09:14:37.007+0000] {logging_mixin.py:190} INFO - [2025-12-24T09:14:37.006+0000] {dagbag.py:588} INFO - Filling up the DagBag from /home/airflow/.local/lib/python3.11/site-packages/airflow/example_dags/example_bash_operator.py
[2025-12-24T09:14:37.025+0000] {processor.py:925} INFO - DAG(s) 'example_bash_operator' retrieved from /home/airflow/.local/lib/python3.11/site-packages/airflow/example_dags/example_bash_operator.py
[2025-12-24T09:14:37.063+0000] {logging_mixin.py:190} INFO - [2025-12-24T09:14:37.063+0000] {dag.py:3239} INFO - Sync 1 DAGs
[2025-12-24T09:14:37.093+0000] {logging_mixin.py:190} INFO - [2025-12-24T09:14:37.093+0000] {dag.py:4180} INFO - Setting next_dagrun for example_bash_operator to 2025-12-23 00:00:00+00:00, run_after=2025-12-24 00:00:00+00:00
[2025-12-24T09:14:37.117+0000] {processor.py:208} INFO - Processing /home/airflow/.local/lib/python3.11/site-packages/airflow/example_dags/example_bash_operator.py took 0.124 seconds
[2025-12-24T09:15:07.764+0000] {processor.py:186} INFO - Started process (PID=1811) to work on /home/airflow/.local/lib/python3.11/site-packages/airflow/example_dags/example_bash_operator.py
[2025-12-24T09:15:07.766+0000] {processor.py:914} INFO - Processing file /home/airflow/.local/lib/python3.11/site-packages/airflow/example_dags/example_bash_operator.py for tasks to queue
[2025-12-24T09:15:07.770+0000] {logging_mixin.py:190} INFO - [2025-12-24T09:15:07.769+0000] {dagbag.py:588} INFO - Filling up the DagBag from /home/airflow/.local/lib/python3.11/site-packages/airflow/example_dags/example_bash_operator.py
[2025-12-24T09:15:07.790+0000] {processor.py:925} INFO - DAG(s) 'example_bash_operator' retrieved from /home/airflow/.local/lib/python3.11/site-packages/airflow/example_dags/example_bash_operator.py
[2025-12-24T09:15:07.829+0000] {logging_mixin.py:190} INFO - [2025-12-24T09:15:07.829+0000] {dag.py:3239} INFO - Sync 1 DAGs
[2025-12-24T09:15:07.864+0000] {logging_mixin.py:190} INFO - [2025-12-24T09:15:07.863+0000] {dag.py:4180} INFO - Setting next_dagrun for example_bash_operator to 2025-12-23 00:00:00+00:00, run_after=2025-12-24 00:00:00+00:00
[2025-12-24T09:15:07.894+0000] {processor.py:208} INFO - Processing /home/airflow/.local/lib/python3.11/site-packages/airflow/example_dags/example_bash_operator.py took 0.140 seconds
[2025-12-24T09:15:38.614+0000] {processor.py:186} INFO - Started process (PID=1874) to work on /home/airflow/.local/lib/python3.11/site-packages/airflow/example_dags/example_bash_operator.py
[2025-12-24T09:15:38.616+0000] {processor.py:914} INFO - Processing file /home/airflow/.local/lib/python3.11/site-packages/airflow/example_dags/example_bash_operator.py for tasks to queue
[2025-12-24T09:15:38.620+0000] {logging_mixin.py:190} INFO - [2025-12-24T09:15:38.620+0000] {dagbag.py:588} INFO - Filling up the DagBag from /home/airflow/.local/lib/python3.11/site-packages/airflow/example_dags/example_bash_operator.py
[2025-12-24T09:15:38.643+0000] {processor.py:925} INFO - DAG(s) 'example_bash_operator' retrieved from /home/airflow/.local/lib/python3.11/site-packages/airflow/example_dags/example_bash_operator.py
[2025-12-24T09:15:38.699+0000] {logging_mixin.py:190} INFO - [2025-12-24T09:15:38.699+0000] {dag.py:3239} INFO - Sync 1 DAGs
[2025-12-24T09:15:38.736+0000] {logging_mixin.py:190} INFO - [2025-12-24T09:15:38.736+0000] {dag.py:4180} INFO - Setting next_dagrun for example_bash_operator to 2025-12-23 00:00:00+00:00, run_after=2025-12-24 00:00:00+00:00
[2025-12-24T09:15:38.763+0000] {processor.py:208} INFO - Processing /home/airflow/.local/lib/python3.11/site-packages/airflow/example_dags/example_bash_operator.py took 0.161 seconds
[2025-12-24T09:16:39.880+0000] {processor.py:186} INFO - Started process (PID=1940) to work on /home/airflow/.local/lib/python3.11/site-packages/airflow/example_dags/example_bash_operator.py
[2025-12-24T09:16:39.881+0000] {processor.py:914} INFO - Processing file /home/airflow/.local/lib/python3.11/site-packages/airflow/example_dags/example_bash_operator.py for tasks to queue
[2025-12-24T09:16:39.885+0000] {logging_mixin.py:190} INFO - [2025-12-24T09:16:39.884+0000] {dagbag.py:588} INFO - Filling up the DagBag from /home/airflow/.local/lib/python3.11/site-packages/airflow/example_dags/example_bash_operator.py
[2025-12-24T09:16:39.906+0000] {processor.py:925} INFO - DAG(s) 'example_bash_operator' retrieved from /home/airflow/.local/lib/python3.11/site-packages/airflow/example_dags/example_bash_operator.py
[2025-12-24T09:16:39.942+0000] {logging_mixin.py:190} INFO - [2025-12-24T09:16:39.942+0000] {dag.py:3239} INFO - Sync 1 DAGs
[2025-12-24T09:16:39.969+0000] {logging_mixin.py:190} INFO - [2025-12-24T09:16:39.969+0000] {dag.py:4180} INFO - Setting next_dagrun for example_bash_operator to 2025-12-23 00:00:00+00:00, run_after=2025-12-24 00:00:00+00:00
[2025-12-24T09:16:39.996+0000] {processor.py:208} INFO - Processing /home/airflow/.local/lib/python3.11/site-packages/airflow/example_dags/example_bash_operator.py took 0.125 seconds
[2025-12-24T09:24:10.182+0000] {processor.py:186} INFO - Started process (PID=80) to work on /home/airflow/.local/lib/python3.11/site-packages/airflow/example_dags/example_bash_operator.py
[2025-12-24T09:24:10.183+0000] {processor.py:914} INFO - Processing file /home/airflow/.local/lib/python3.11/site-packages/airflow/example_dags/example_bash_operator.py for tasks to queue
[2025-12-24T09:24:10.188+0000] {logging_mixin.py:190} INFO - [2025-12-24T09:24:10.187+0000] {dagbag.py:588} INFO - Filling up the DagBag from /home/airflow/.local/lib/python3.11/site-packages/airflow/example_dags/example_bash_operator.py
[2025-12-24T09:24:10.212+0000] {processor.py:925} INFO - DAG(s) 'example_bash_operator' retrieved from /home/airflow/.local/lib/python3.11/site-packages/airflow/example_dags/example_bash_operator.py
[2025-12-24T09:24:10.488+0000] {logging_mixin.py:190} INFO - [2025-12-24T09:24:10.487+0000] {override.py:1911} INFO - Created Permission View: can delete on DAG:example_bash_operator
[2025-12-24T09:24:10.502+0000] {logging_mixin.py:190} INFO - [2025-12-24T09:24:10.502+0000] {override.py:1911} INFO - Created Permission View: can read on DAG:example_bash_operator
[2025-12-24T09:24:10.518+0000] {logging_mixin.py:190} INFO - [2025-12-24T09:24:10.517+0000] {override.py:1911} INFO - Created Permission View: can edit on DAG:example_bash_operator
[2025-12-24T09:24:10.536+0000] {logging_mixin.py:190} INFO - [2025-12-24T09:24:10.535+0000] {override.py:1911} INFO - Created Permission View: menu access on DAG Run:example_bash_operator
[2025-12-24T09:24:10.547+0000] {logging_mixin.py:190} INFO - [2025-12-24T09:24:10.547+0000] {override.py:1911} INFO - Created Permission View: can create on DAG Run:example_bash_operator
[2025-12-24T09:24:10.558+0000] {logging_mixin.py:190} INFO - [2025-12-24T09:24:10.557+0000] {override.py:1911} INFO - Created Permission View: can delete on DAG Run:example_bash_operator
[2025-12-24T09:24:10.569+0000] {logging_mixin.py:190} INFO - [2025-12-24T09:24:10.569+0000] {override.py:1911} INFO - Created Permission View: can read on DAG Run:example_bash_operator
[2025-12-24T09:24:10.570+0000] {logging_mixin.py:190} INFO - [2025-12-24T09:24:10.570+0000] {dag.py:3239} INFO - Sync 1 DAGs
[2025-12-24T09:24:10.601+0000] {logging_mixin.py:190} INFO - [2025-12-24T09:24:10.600+0000] {dag.py:3262} INFO - Creating ORM DAG for example_bash_operator
[2025-12-24T09:24:10.618+0000] {logging_mixin.py:190} INFO - [2025-12-24T09:24:10.618+0000] {dag.py:4180} INFO - Setting next_dagrun for example_bash_operator to 2025-12-23 00:00:00+00:00, run_after=2025-12-24 00:00:00+00:00
[2025-12-24T09:24:10.655+0000] {processor.py:208} INFO - Processing /home/airflow/.local/lib/python3.11/site-packages/airflow/example_dags/example_bash_operator.py took 0.483 seconds
[2025-12-24T09:24:03.186+0000] {processor.py:186} INFO - Started process (PID=178) to work on /home/airflow/.local/lib/python3.11/site-packages/airflow/example_dags/example_bash_operator.py
[2025-12-24T09:24:03.187+0000] {processor.py:914} INFO - Processing file /home/airflow/.local/lib/python3.11/site-packages/airflow/example_dags/example_bash_operator.py for tasks to queue
[2025-12-24T09:24:03.192+0000] {logging_mixin.py:190} INFO - [2025-12-24T09:24:03.191+0000] {dagbag.py:588} INFO - Filling up the DagBag from /home/airflow/.local/lib/python3.11/site-packages/airflow/example_dags/example_bash_operator.py
[2025-12-24T09:24:03.214+0000] {processor.py:925} INFO - DAG(s) 'example_bash_operator' retrieved from /home/airflow/.local/lib/python3.11/site-packages/airflow/example_dags/example_bash_operator.py
[2025-12-24T09:24:03.240+0000] {logging_mixin.py:190} INFO - [2025-12-24T09:24:03.240+0000] {dag.py:3239} INFO - Sync 1 DAGs
[2025-12-24T09:24:03.283+0000] {logging_mixin.py:190} INFO - [2025-12-24T09:24:03.283+0000] {dag.py:4180} INFO - Setting next_dagrun for example_bash_operator to 2025-12-23 00:00:00+00:00, run_after=2025-12-24 00:00:00+00:00
[2025-12-24T09:24:03.332+0000] {processor.py:208} INFO - Processing /home/airflow/.local/lib/python3.11/site-packages/airflow/example_dags/example_bash_operator.py took 0.161 seconds
[2025-12-24T09:24:11.797+0000] {processor.py:186} INFO - Started process (PID=218) to work on /home/airflow/.local/lib/python3.11/site-packages/airflow/example_dags/example_bash_operator.py
[2025-12-24T09:24:11.799+0000] {processor.py:914} INFO - Processing file /home/airflow/.local/lib/python3.11/site-packages/airflow/example_dags/example_bash_operator.py for tasks to queue
[2025-12-24T09:24:11.805+0000] {logging_mixin.py:190} INFO - [2025-12-24T09:24:11.804+0000] {dagbag.py:588} INFO - Filling up the DagBag from /home/airflow/.local/lib/python3.11/site-packages/airflow/example_dags/example_bash_operator.py
[2025-12-24T09:24:11.832+0000] {processor.py:925} INFO - DAG(s) 'example_bash_operator' retrieved from /home/airflow/.local/lib/python3.11/site-packages/airflow/example_dags/example_bash_operator.py
[2025-12-24T09:24:11.888+0000] {logging_mixin.py:190} INFO - [2025-12-24T09:24:11.887+0000] {dag.py:3239} INFO - Sync 1 DAGs
[2025-12-24T09:24:11.943+0000] {logging_mixin.py:190} INFO - [2025-12-24T09:24:11.942+0000] {dag.py:4180} INFO - Setting next_dagrun for example_bash_operator to 2025-12-23 00:00:00+00:00, run_after=2025-12-24 00:00:00+00:00
[2025-12-24T09:24:11.983+0000] {processor.py:208} INFO - Processing /home/airflow/.local/lib/python3.11/site-packages/airflow/example_dags/example_bash_operator.py took 0.199 seconds
[2025-12-24T09:24:41.963+0000] {processor.py:186} INFO - Started process (PID=279) to work on /home/airflow/.local/lib/python3.11/site-packages/airflow/example_dags/example_bash_operator.py
[2025-12-24T09:24:41.966+0000] {processor.py:914} INFO - Processing file /home/airflow/.local/lib/python3.11/site-packages/airflow/example_dags/example_bash_operator.py for tasks to queue
[2025-12-24T09:24:41.970+0000] {logging_mixin.py:190} INFO - [2025-12-24T09:24:41.970+0000] {dagbag.py:588} INFO - Filling up the DagBag from /home/airflow/.local/lib/python3.11/site-packages/airflow/example_dags/example_bash_operator.py
[2025-12-24T09:24:42.011+0000] {processor.py:925} INFO - DAG(s) 'example_bash_operator' retrieved from /home/airflow/.local/lib/python3.11/site-packages/airflow/example_dags/example_bash_operator.py
[2025-12-24T09:24:42.071+0000] {logging_mixin.py:190} INFO - [2025-12-24T09:24:42.070+0000] {dag.py:3239} INFO - Sync 1 DAGs
[2025-12-24T09:24:42.113+0000] {logging_mixin.py:190} INFO - [2025-12-24T09:24:42.112+0000] {dag.py:4180} INFO - Setting next_dagrun for example_bash_operator to 2025-12-23 00:00:00+00:00, run_after=2025-12-24 00:00:00+00:00
[2025-12-24T09:24:42.158+0000] {processor.py:208} INFO - Processing /home/airflow/.local/lib/python3.11/site-packages/airflow/example_dags/example_bash_operator.py took 0.209 seconds
[2025-12-24T09:24:53.201+0000] {processor.py:186} INFO - Started process (PID=335) to work on /home/airflow/.local/lib/python3.11/site-packages/airflow/example_dags/example_bash_operator.py
[2025-12-24T09:24:53.203+0000] {processor.py:914} INFO - Processing file /home/airflow/.local/lib/python3.11/site-packages/airflow/example_dags/example_bash_operator.py for tasks to queue
[2025-12-24T09:24:53.208+0000] {logging_mixin.py:190} INFO - [2025-12-24T09:24:53.207+0000] {dagbag.py:588} INFO - Filling up the DagBag from /home/airflow/.local/lib/python3.11/site-packages/airflow/example_dags/example_bash_operator.py
[2025-12-24T09:24:53.235+0000] {processor.py:925} INFO - DAG(s) 'example_bash_operator' retrieved from /home/airflow/.local/lib/python3.11/site-packages/airflow/example_dags/example_bash_operator.py
[2025-12-24T09:24:53.291+0000] {logging_mixin.py:190} INFO - [2025-12-24T09:24:53.290+0000] {dag.py:3239} INFO - Sync 1 DAGs
[2025-12-24T09:24:53.325+0000] {logging_mixin.py:190} INFO - [2025-12-24T09:24:53.324+0000] {dag.py:4180} INFO - Setting next_dagrun for example_bash_operator to 2025-12-23 00:00:00+00:00, run_after=2025-12-24 00:00:00+00:00
[2025-12-24T09:24:53.358+0000] {processor.py:208} INFO - Processing /home/airflow/.local/lib/python3.11/site-packages/airflow/example_dags/example_bash_operator.py took 0.172 seconds
[2025-12-24T09:25:11.920+0000] {processor.py:186} INFO - Started process (PID=397) to work on /home/airflow/.local/lib/python3.11/site-packages/airflow/example_dags/example_bash_operator.py
[2025-12-24T09:25:11.922+0000] {processor.py:914} INFO - Processing file /home/airflow/.local/lib/python3.11/site-packages/airflow/example_dags/example_bash_operator.py for tasks to queue
[2025-12-24T09:25:11.930+0000] {logging_mixin.py:190} INFO - [2025-12-24T09:25:11.929+0000] {dagbag.py:588} INFO - Filling up the DagBag from /home/airflow/.local/lib/python3.11/site-packages/airflow/example_dags/example_bash_operator.py
[2025-12-24T09:25:11.952+0000] {processor.py:925} INFO - DAG(s) 'example_bash_operator' retrieved from /home/airflow/.local/lib/python3.11/site-packages/airflow/example_dags/example_bash_operator.py
[2025-12-24T09:25:11.994+0000] {logging_mixin.py:190} INFO - [2025-12-24T09:25:11.993+0000] {dag.py:3239} INFO - Sync 1 DAGs
[2025-12-24T09:25:12.023+0000] {logging_mixin.py:190} INFO - [2025-12-24T09:25:12.023+0000] {dag.py:4180} INFO - Setting next_dagrun for example_bash_operator to 2025-12-23 00:00:00+00:00, run_after=2025-12-24 00:00:00+00:00
[2025-12-24T09:25:12.050+0000] {processor.py:208} INFO - Processing /home/airflow/.local/lib/python3.11/site-packages/airflow/example_dags/example_bash_operator.py took 0.144 seconds
[2025-12-24T09:25:18.278+0000] {processor.py:186} INFO - Started process (PID=451) to work on /home/airflow/.local/lib/python3.11/site-packages/airflow/example_dags/example_bash_operator.py
[2025-12-24T09:25:18.280+0000] {processor.py:914} INFO - Processing file /home/airflow/.local/lib/python3.11/site-packages/airflow/example_dags/example_bash_operator.py for tasks to queue
[2025-12-24T09:25:18.284+0000] {logging_mixin.py:190} INFO - [2025-12-24T09:25:18.283+0000] {dagbag.py:588} INFO - Filling up the DagBag from /home/airflow/.local/lib/python3.11/site-packages/airflow/example_dags/example_bash_operator.py
[2025-12-24T09:25:18.305+0000] {processor.py:925} INFO - DAG(s) 'example_bash_operator' retrieved from /home/airflow/.local/lib/python3.11/site-packages/airflow/example_dags/example_bash_operator.py
[2025-12-24T09:25:18.350+0000] {logging_mixin.py:190} INFO - [2025-12-24T09:25:18.350+0000] {dag.py:3239} INFO - Sync 1 DAGs
[2025-12-24T09:25:18.386+0000] {logging_mixin.py:190} INFO - [2025-12-24T09:25:18.386+0000] {dag.py:4180} INFO - Setting next_dagrun for example_bash_operator to 2025-12-23 00:00:00+00:00, run_after=2025-12-24 00:00:00+00:00
[2025-12-24T09:25:18.414+0000] {processor.py:208} INFO - Processing /home/airflow/.local/lib/python3.11/site-packages/airflow/example_dags/example_bash_operator.py took 0.147 seconds
[2025-12-24T09:25:49.151+0000] {processor.py:186} INFO - Started process (PID=509) to work on /home/airflow/.local/lib/python3.11/site-packages/airflow/example_dags/example_bash_operator.py
[2025-12-24T09:25:49.153+0000] {processor.py:914} INFO - Processing file /home/airflow/.local/lib/python3.11/site-packages/airflow/example_dags/example_bash_operator.py for tasks to queue
[2025-12-24T09:25:49.158+0000] {logging_mixin.py:190} INFO - [2025-12-24T09:25:49.158+0000] {dagbag.py:588} INFO - Filling up the DagBag from /home/airflow/.local/lib/python3.11/site-packages/airflow/example_dags/example_bash_operator.py
[2025-12-24T09:25:49.188+0000] {processor.py:925} INFO - DAG(s) 'example_bash_operator' retrieved from /home/airflow/.local/lib/python3.11/site-packages/airflow/example_dags/example_bash_operator.py
[2025-12-24T09:25:49.249+0000] {logging_mixin.py:190} INFO - [2025-12-24T09:25:49.248+0000] {dag.py:3239} INFO - Sync 1 DAGs
[2025-12-24T09:25:49.290+0000] {logging_mixin.py:190} INFO - [2025-12-24T09:25:49.290+0000] {dag.py:4180} INFO - Setting next_dagrun for example_bash_operator to 2025-12-23 00:00:00+00:00, run_after=2025-12-24 00:00:00+00:00
[2025-12-24T09:25:49.329+0000] {processor.py:208} INFO - Processing /home/airflow/.local/lib/python3.11/site-packages/airflow/example_dags/example_bash_operator.py took 0.192 seconds
[2025-12-24T09:25:53.591+0000] {processor.py:186} INFO - Started process (PID=540) to work on /home/airflow/.local/lib/python3.11/site-packages/airflow/example_dags/example_bash_operator.py
[2025-12-24T09:25:53.593+0000] {processor.py:914} INFO - Processing file /home/airflow/.local/lib/python3.11/site-packages/airflow/example_dags/example_bash_operator.py for tasks to queue
[2025-12-24T09:25:53.598+0000] {logging_mixin.py:190} INFO - [2025-12-24T09:25:53.597+0000] {dagbag.py:588} INFO - Filling up the DagBag from /home/airflow/.local/lib/python3.11/site-packages/airflow/example_dags/example_bash_operator.py
[2025-12-24T09:25:53.626+0000] {processor.py:925} INFO - DAG(s) 'example_bash_operator' retrieved from /home/airflow/.local/lib/python3.11/site-packages/airflow/example_dags/example_bash_operator.py
[2025-12-24T09:25:53.686+0000] {logging_mixin.py:190} INFO - [2025-12-24T09:25:53.685+0000] {dag.py:3239} INFO - Sync 1 DAGs
[2025-12-24T09:25:53.742+0000] {logging_mixin.py:190} INFO - [2025-12-24T09:25:53.741+0000] {dag.py:4180} INFO - Setting next_dagrun for example_bash_operator to 2025-12-23 00:00:00+00:00, run_after=2025-12-24 00:00:00+00:00
[2025-12-24T09:25:53.786+0000] {processor.py:208} INFO - Processing /home/airflow/.local/lib/python3.11/site-packages/airflow/example_dags/example_bash_operator.py took 0.209 seconds
[2025-12-24T09:26:03.432+0000] {processor.py:186} INFO - Started process (PID=604) to work on /home/airflow/.local/lib/python3.11/site-packages/airflow/example_dags/example_bash_operator.py
[2025-12-24T09:26:03.434+0000] {processor.py:914} INFO - Processing file /home/airflow/.local/lib/python3.11/site-packages/airflow/example_dags/example_bash_operator.py for tasks to queue
[2025-12-24T09:26:03.439+0000] {logging_mixin.py:190} INFO - [2025-12-24T09:26:03.438+0000] {dagbag.py:588} INFO - Filling up the DagBag from /home/airflow/.local/lib/python3.11/site-packages/airflow/example_dags/example_bash_operator.py
[2025-12-24T09:26:03.461+0000] {processor.py:925} INFO - DAG(s) 'example_bash_operator' retrieved from /home/airflow/.local/lib/python3.11/site-packages/airflow/example_dags/example_bash_operator.py
[2025-12-24T09:26:03.510+0000] {logging_mixin.py:190} INFO - [2025-12-24T09:26:03.509+0000] {dag.py:3239} INFO - Sync 1 DAGs
[2025-12-24T09:26:03.555+0000] {logging_mixin.py:190} INFO - [2025-12-24T09:26:03.555+0000] {dag.py:4180} INFO - Setting next_dagrun for example_bash_operator to 2025-12-23 00:00:00+00:00, run_after=2025-12-24 00:00:00+00:00
[2025-12-24T09:26:03.591+0000] {processor.py:208} INFO - Processing /home/airflow/.local/lib/python3.11/site-packages/airflow/example_dags/example_bash_operator.py took 0.171 seconds
[2025-12-24T09:26:12.204+0000] {processor.py:186} INFO - Started process (PID=660) to work on /home/airflow/.local/lib/python3.11/site-packages/airflow/example_dags/example_bash_operator.py
[2025-12-24T09:26:12.207+0000] {processor.py:914} INFO - Processing file /home/airflow/.local/lib/python3.11/site-packages/airflow/example_dags/example_bash_operator.py for tasks to queue
[2025-12-24T09:26:12.212+0000] {logging_mixin.py:190} INFO - [2025-12-24T09:26:12.211+0000] {dagbag.py:588} INFO - Filling up the DagBag from /home/airflow/.local/lib/python3.11/site-packages/airflow/example_dags/example_bash_operator.py
[2025-12-24T09:26:12.245+0000] {processor.py:925} INFO - DAG(s) 'example_bash_operator' retrieved from /home/airflow/.local/lib/python3.11/site-packages/airflow/example_dags/example_bash_operator.py
[2025-12-24T09:26:12.303+0000] {logging_mixin.py:190} INFO - [2025-12-24T09:26:12.303+0000] {dag.py:3239} INFO - Sync 1 DAGs
[2025-12-24T09:26:12.353+0000] {logging_mixin.py:190} INFO - [2025-12-24T09:26:12.352+0000] {dag.py:4180} INFO - Setting next_dagrun for example_bash_operator to 2025-12-23 00:00:00+00:00, run_after=2025-12-24 00:00:00+00:00
[2025-12-24T09:26:12.398+0000] {processor.py:208} INFO - Processing /home/airflow/.local/lib/python3.11/site-packages/airflow/example_dags/example_bash_operator.py took 0.208 seconds
[2025-12-24T09:26:23.175+0000] {processor.py:186} INFO - Started process (PID=714) to work on /home/airflow/.local/lib/python3.11/site-packages/airflow/example_dags/example_bash_operator.py
[2025-12-24T09:26:23.176+0000] {processor.py:914} INFO - Processing file /home/airflow/.local/lib/python3.11/site-packages/airflow/example_dags/example_bash_operator.py for tasks to queue
[2025-12-24T09:26:23.180+0000] {logging_mixin.py:190} INFO - [2025-12-24T09:26:23.180+0000] {dagbag.py:588} INFO - Filling up the DagBag from /home/airflow/.local/lib/python3.11/site-packages/airflow/example_dags/example_bash_operator.py
[2025-12-24T09:26:23.217+0000] {processor.py:925} INFO - DAG(s) 'example_bash_operator' retrieved from /home/airflow/.local/lib/python3.11/site-packages/airflow/example_dags/example_bash_operator.py
[2025-12-24T09:26:23.258+0000] {logging_mixin.py:190} INFO - [2025-12-24T09:26:23.257+0000] {dag.py:3239} INFO - Sync 1 DAGs
[2025-12-24T09:26:23.292+0000] {logging_mixin.py:190} INFO - [2025-12-24T09:26:23.292+0000] {dag.py:4180} INFO - Setting next_dagrun for example_bash_operator to 2025-12-23 00:00:00+00:00, run_after=2025-12-24 00:00:00+00:00
[2025-12-24T09:26:23.319+0000] {processor.py:208} INFO - Processing /home/airflow/.local/lib/python3.11/site-packages/airflow/example_dags/example_bash_operator.py took 0.154 seconds
[2025-12-24T09:26:33.120+0000] {processor.py:186} INFO - Started process (PID=769) to work on /home/airflow/.local/lib/python3.11/site-packages/airflow/example_dags/example_bash_operator.py
[2025-12-24T09:26:33.122+0000] {processor.py:914} INFO - Processing file /home/airflow/.local/lib/python3.11/site-packages/airflow/example_dags/example_bash_operator.py for tasks to queue
[2025-12-24T09:26:33.127+0000] {logging_mixin.py:190} INFO - [2025-12-24T09:26:33.126+0000] {dagbag.py:588} INFO - Filling up the DagBag from /home/airflow/.local/lib/python3.11/site-packages/airflow/example_dags/example_bash_operator.py
[2025-12-24T09:26:33.154+0000] {processor.py:925} INFO - DAG(s) 'example_bash_operator' retrieved from /home/airflow/.local/lib/python3.11/site-packages/airflow/example_dags/example_bash_operator.py
[2025-12-24T09:26:33.207+0000] {logging_mixin.py:190} INFO - [2025-12-24T09:26:33.207+0000] {dag.py:3239} INFO - Sync 1 DAGs
[2025-12-24T09:26:33.242+0000] {logging_mixin.py:190} INFO - [2025-12-24T09:26:33.242+0000] {dag.py:4180} INFO - Setting next_dagrun for example_bash_operator to 2025-12-23 00:00:00+00:00, run_after=2025-12-24 00:00:00+00:00
[2025-12-24T09:26:33.279+0000] {processor.py:208} INFO - Processing /home/airflow/.local/lib/python3.11/site-packages/airflow/example_dags/example_bash_operator.py took 0.170 seconds
[2025-12-24T09:26:43.272+0000] {processor.py:186} INFO - Started process (PID=821) to work on /home/airflow/.local/lib/python3.11/site-packages/airflow/example_dags/example_bash_operator.py
[2025-12-24T09:26:43.276+0000] {processor.py:914} INFO - Processing file /home/airflow/.local/lib/python3.11/site-packages/airflow/example_dags/example_bash_operator.py for tasks to queue
[2025-12-24T09:26:43.283+0000] {logging_mixin.py:190} INFO - [2025-12-24T09:26:43.282+0000] {dagbag.py:588} INFO - Filling up the DagBag from /home/airflow/.local/lib/python3.11/site-packages/airflow/example_dags/example_bash_operator.py
[2025-12-24T09:26:43.315+0000] {processor.py:925} INFO - DAG(s) 'example_bash_operator' retrieved from /home/airflow/.local/lib/python3.11/site-packages/airflow/example_dags/example_bash_operator.py
[2025-12-24T09:26:43.382+0000] {logging_mixin.py:190} INFO - [2025-12-24T09:26:43.382+0000] {dag.py:3239} INFO - Sync 1 DAGs
[2025-12-24T09:26:43.455+0000] {logging_mixin.py:190} INFO - [2025-12-24T09:26:43.454+0000] {dag.py:4180} INFO - Setting next_dagrun for example_bash_operator to 2025-12-23 00:00:00+00:00, run_after=2025-12-24 00:00:00+00:00
[2025-12-24T09:26:43.512+0000] {processor.py:208} INFO - Processing /home/airflow/.local/lib/python3.11/site-packages/airflow/example_dags/example_bash_operator.py took 0.259 seconds
[2025-12-24T09:27:40.795+0000] {processor.py:186} INFO - Started process (PID=876) to work on /home/airflow/.local/lib/python3.11/site-packages/airflow/example_dags/example_bash_operator.py
[2025-12-24T09:27:40.797+0000] {processor.py:914} INFO - Processing file /home/airflow/.local/lib/python3.11/site-packages/airflow/example_dags/example_bash_operator.py for tasks to queue
[2025-12-24T09:27:40.801+0000] {logging_mixin.py:190} INFO - [2025-12-24T09:27:40.801+0000] {dagbag.py:588} INFO - Filling up the DagBag from /home/airflow/.local/lib/python3.11/site-packages/airflow/example_dags/example_bash_operator.py
[2025-12-24T09:27:40.827+0000] {processor.py:925} INFO - DAG(s) 'example_bash_operator' retrieved from /home/airflow/.local/lib/python3.11/site-packages/airflow/example_dags/example_bash_operator.py
[2025-12-24T09:27:40.881+0000] {logging_mixin.py:190} INFO - [2025-12-24T09:27:40.880+0000] {dag.py:3239} INFO - Sync 1 DAGs
[2025-12-24T09:27:40.918+0000] {logging_mixin.py:190} INFO - [2025-12-24T09:27:40.918+0000] {dag.py:4180} INFO - Setting next_dagrun for example_bash_operator to 2025-12-23 00:00:00+00:00, run_after=2025-12-24 00:00:00+00:00
[2025-12-24T09:27:40.945+0000] {processor.py:208} INFO - Processing /home/airflow/.local/lib/python3.11/site-packages/airflow/example_dags/example_bash_operator.py took 0.161 seconds
[2025-12-24T09:27:48.542+0000] {processor.py:186} INFO - Started process (PID=948) to work on /home/airflow/.local/lib/python3.11/site-packages/airflow/example_dags/example_bash_operator.py
[2025-12-24T09:27:48.545+0000] {processor.py:914} INFO - Processing file /home/airflow/.local/lib/python3.11/site-packages/airflow/example_dags/example_bash_operator.py for tasks to queue
[2025-12-24T09:27:48.561+0000] {logging_mixin.py:190} INFO - [2025-12-24T09:27:48.561+0000] {dagbag.py:588} INFO - Filling up the DagBag from /home/airflow/.local/lib/python3.11/site-packages/airflow/example_dags/example_bash_operator.py
[2025-12-24T09:27:48.592+0000] {processor.py:925} INFO - DAG(s) 'example_bash_operator' retrieved from /home/airflow/.local/lib/python3.11/site-packages/airflow/example_dags/example_bash_operator.py
[2025-12-24T09:27:48.639+0000] {logging_mixin.py:190} INFO - [2025-12-24T09:27:48.639+0000] {dag.py:3239} INFO - Sync 1 DAGs
[2025-12-24T09:27:48.672+0000] {logging_mixin.py:190} INFO - [2025-12-24T09:27:48.672+0000] {dag.py:4180} INFO - Setting next_dagrun for example_bash_operator to 2025-12-23 00:00:00+00:00, run_after=2025-12-24 00:00:00+00:00
[2025-12-24T09:27:48.705+0000] {processor.py:208} INFO - Processing /home/airflow/.local/lib/python3.11/site-packages/airflow/example_dags/example_bash_operator.py took 0.173 seconds
[2025-12-24T09:27:58.617+0000] {processor.py:186} INFO - Started process (PID=1008) to work on /home/airflow/.local/lib/python3.11/site-packages/airflow/example_dags/example_bash_operator.py
[2025-12-24T09:27:58.619+0000] {processor.py:914} INFO - Processing file /home/airflow/.local/lib/python3.11/site-packages/airflow/example_dags/example_bash_operator.py for tasks to queue
[2025-12-24T09:27:58.624+0000] {logging_mixin.py:190} INFO - [2025-12-24T09:27:58.623+0000] {dagbag.py:588} INFO - Filling up the DagBag from /home/airflow/.local/lib/python3.11/site-packages/airflow/example_dags/example_bash_operator.py
[2025-12-24T09:27:58.665+0000] {processor.py:925} INFO - DAG(s) 'example_bash_operator' retrieved from /home/airflow/.local/lib/python3.11/site-packages/airflow/example_dags/example_bash_operator.py
[2025-12-24T09:27:58.724+0000] {logging_mixin.py:190} INFO - [2025-12-24T09:27:58.724+0000] {dag.py:3239} INFO - Sync 1 DAGs
[2025-12-24T09:27:58.765+0000] {logging_mixin.py:190} INFO - [2025-12-24T09:27:58.765+0000] {dag.py:4180} INFO - Setting next_dagrun for example_bash_operator to 2025-12-23 00:00:00+00:00, run_after=2025-12-24 00:00:00+00:00
[2025-12-24T09:27:58.807+0000] {processor.py:208} INFO - Processing /home/airflow/.local/lib/python3.11/site-packages/airflow/example_dags/example_bash_operator.py took 0.204 seconds
[2025-12-24T09:28:11.871+0000] {processor.py:186} INFO - Started process (PID=1073) to work on /home/airflow/.local/lib/python3.11/site-packages/airflow/example_dags/example_bash_operator.py
[2025-12-24T09:28:11.873+0000] {processor.py:914} INFO - Processing file /home/airflow/.local/lib/python3.11/site-packages/airflow/example_dags/example_bash_operator.py for tasks to queue
[2025-12-24T09:28:11.878+0000] {logging_mixin.py:190} INFO - [2025-12-24T09:28:11.877+0000] {dagbag.py:588} INFO - Filling up the DagBag from /home/airflow/.local/lib/python3.11/site-packages/airflow/example_dags/example_bash_operator.py
[2025-12-24T09:28:11.902+0000] {processor.py:925} INFO - DAG(s) 'example_bash_operator' retrieved from /home/airflow/.local/lib/python3.11/site-packages/airflow/example_dags/example_bash_operator.py
[2025-12-24T09:28:11.954+0000] {logging_mixin.py:190} INFO - [2025-12-24T09:28:11.953+0000] {dag.py:3239} INFO - Sync 1 DAGs
[2025-12-24T09:28:11.985+0000] {logging_mixin.py:190} INFO - [2025-12-24T09:28:11.985+0000] {dag.py:4180} INFO - Setting next_dagrun for example_bash_operator to 2025-12-23 00:00:00+00:00, run_after=2025-12-24 00:00:00+00:00
[2025-12-24T09:28:12.012+0000] {processor.py:208} INFO - Processing /home/airflow/.local/lib/python3.11/site-packages/airflow/example_dags/example_bash_operator.py took 0.152 seconds
[2025-12-24T09:29:10.752+0000] {processor.py:186} INFO - Started process (PID=1129) to work on /home/airflow/.local/lib/python3.11/site-packages/airflow/example_dags/example_bash_operator.py
[2025-12-24T09:29:10.753+0000] {processor.py:914} INFO - Processing file /home/airflow/.local/lib/python3.11/site-packages/airflow/example_dags/example_bash_operator.py for tasks to queue
[2025-12-24T09:29:10.758+0000] {logging_mixin.py:190} INFO - [2025-12-24T09:29:10.757+0000] {dagbag.py:588} INFO - Filling up the DagBag from /home/airflow/.local/lib/python3.11/site-packages/airflow/example_dags/example_bash_operator.py
[2025-12-24T09:29:10.778+0000] {processor.py:925} INFO - DAG(s) 'example_bash_operator' retrieved from /home/airflow/.local/lib/python3.11/site-packages/airflow/example_dags/example_bash_operator.py
[2025-12-24T09:29:10.816+0000] {logging_mixin.py:190} INFO - [2025-12-24T09:29:10.816+0000] {dag.py:3239} INFO - Sync 1 DAGs
[2025-12-24T09:29:10.848+0000] {logging_mixin.py:190} INFO - [2025-12-24T09:29:10.847+0000] {dag.py:4180} INFO - Setting next_dagrun for example_bash_operator to 2025-12-23 00:00:00+00:00, run_after=2025-12-24 00:00:00+00:00
[2025-12-24T09:29:10.873+0000] {processor.py:208} INFO - Processing /home/airflow/.local/lib/python3.11/site-packages/airflow/example_dags/example_bash_operator.py took 0.132 seconds
