[2025-12-24T09:02:59.890+0000] {processor.py:186} INFO - Started process (PID=100) to work on /home/airflow/.local/lib/python3.11/site-packages/airflow/example_dags/example_setup_teardown.py
[2025-12-24T09:02:59.892+0000] {processor.py:914} INFO - Processing file /home/airflow/.local/lib/python3.11/site-packages/airflow/example_dags/example_setup_teardown.py for tasks to queue
[2025-12-24T09:02:59.900+0000] {logging_mixin.py:190} INFO - [2025-12-24T09:02:59.899+0000] {dagbag.py:588} INFO - Filling up the DagBag from /home/airflow/.local/lib/python3.11/site-packages/airflow/example_dags/example_setup_teardown.py
[2025-12-24T09:02:59.927+0000] {processor.py:925} INFO - DAG(s) 'example_setup_teardown' retrieved from /home/airflow/.local/lib/python3.11/site-packages/airflow/example_dags/example_setup_teardown.py
[2025-12-24T09:03:00.182+0000] {logging_mixin.py:190} INFO - [2025-12-24T09:03:00.181+0000] {override.py:1911} INFO - Created Permission View: can edit on DAG:example_setup_teardown
[2025-12-24T09:03:00.202+0000] {logging_mixin.py:190} INFO - [2025-12-24T09:03:00.202+0000] {override.py:1911} INFO - Created Permission View: can read on DAG:example_setup_teardown
[2025-12-24T09:03:00.217+0000] {logging_mixin.py:190} INFO - [2025-12-24T09:03:00.216+0000] {override.py:1911} INFO - Created Permission View: can delete on DAG:example_setup_teardown
[2025-12-24T09:03:00.237+0000] {logging_mixin.py:190} INFO - [2025-12-24T09:03:00.237+0000] {override.py:1911} INFO - Created Permission View: can read on DAG Run:example_setup_teardown
[2025-12-24T09:03:00.254+0000] {logging_mixin.py:190} INFO - [2025-12-24T09:03:00.253+0000] {override.py:1911} INFO - Created Permission View: can create on DAG Run:example_setup_teardown
[2025-12-24T09:03:00.269+0000] {logging_mixin.py:190} INFO - [2025-12-24T09:03:00.268+0000] {override.py:1911} INFO - Created Permission View: can delete on DAG Run:example_setup_teardown
[2025-12-24T09:03:00.281+0000] {logging_mixin.py:190} INFO - [2025-12-24T09:03:00.281+0000] {override.py:1911} INFO - Created Permission View: menu access on DAG Run:example_setup_teardown
[2025-12-24T09:03:00.282+0000] {logging_mixin.py:190} INFO - [2025-12-24T09:03:00.282+0000] {dag.py:3239} INFO - Sync 1 DAGs
[2025-12-24T09:03:00.303+0000] {logging_mixin.py:190} INFO - [2025-12-24T09:03:00.303+0000] {dag.py:3262} INFO - Creating ORM DAG for example_setup_teardown
[2025-12-24T09:03:00.304+0000] {logging_mixin.py:190} INFO - [2025-12-24T09:03:00.304+0000] {dag.py:4180} INFO - Setting next_dagrun for example_setup_teardown to None, run_after=None
[2025-12-24T09:03:00.349+0000] {processor.py:208} INFO - Processing /home/airflow/.local/lib/python3.11/site-packages/airflow/example_dags/example_setup_teardown.py took 0.477 seconds
[2025-12-24T09:03:13.603+0000] {processor.py:186} INFO - Started process (PID=159) to work on /home/airflow/.local/lib/python3.11/site-packages/airflow/example_dags/example_setup_teardown.py
[2025-12-24T09:03:13.605+0000] {processor.py:914} INFO - Processing file /home/airflow/.local/lib/python3.11/site-packages/airflow/example_dags/example_setup_teardown.py for tasks to queue
[2025-12-24T09:03:13.609+0000] {logging_mixin.py:190} INFO - [2025-12-24T09:03:13.609+0000] {dagbag.py:588} INFO - Filling up the DagBag from /home/airflow/.local/lib/python3.11/site-packages/airflow/example_dags/example_setup_teardown.py
[2025-12-24T09:03:13.626+0000] {processor.py:925} INFO - DAG(s) 'example_setup_teardown' retrieved from /home/airflow/.local/lib/python3.11/site-packages/airflow/example_dags/example_setup_teardown.py
[2025-12-24T09:03:13.645+0000] {logging_mixin.py:190} INFO - [2025-12-24T09:03:13.645+0000] {dag.py:3239} INFO - Sync 1 DAGs
[2025-12-24T09:03:13.663+0000] {logging_mixin.py:190} INFO - [2025-12-24T09:03:13.663+0000] {dag.py:4180} INFO - Setting next_dagrun for example_setup_teardown to None, run_after=None
[2025-12-24T09:03:13.700+0000] {processor.py:208} INFO - Processing /home/airflow/.local/lib/python3.11/site-packages/airflow/example_dags/example_setup_teardown.py took 0.106 seconds
[2025-12-24T09:04:16.858+0000] {processor.py:186} INFO - Started process (PID=223) to work on /home/airflow/.local/lib/python3.11/site-packages/airflow/example_dags/example_setup_teardown.py
[2025-12-24T09:04:16.859+0000] {processor.py:914} INFO - Processing file /home/airflow/.local/lib/python3.11/site-packages/airflow/example_dags/example_setup_teardown.py for tasks to queue
[2025-12-24T09:04:16.864+0000] {logging_mixin.py:190} INFO - [2025-12-24T09:04:16.863+0000] {dagbag.py:588} INFO - Filling up the DagBag from /home/airflow/.local/lib/python3.11/site-packages/airflow/example_dags/example_setup_teardown.py
[2025-12-24T09:04:16.888+0000] {processor.py:925} INFO - DAG(s) 'example_setup_teardown' retrieved from /home/airflow/.local/lib/python3.11/site-packages/airflow/example_dags/example_setup_teardown.py
[2025-12-24T09:04:16.937+0000] {logging_mixin.py:190} INFO - [2025-12-24T09:04:16.937+0000] {dag.py:3239} INFO - Sync 1 DAGs
[2025-12-24T09:04:16.956+0000] {logging_mixin.py:190} INFO - [2025-12-24T09:04:16.956+0000] {dag.py:4180} INFO - Setting next_dagrun for example_setup_teardown to None, run_after=None
[2025-12-24T09:04:16.987+0000] {processor.py:208} INFO - Processing /home/airflow/.local/lib/python3.11/site-packages/airflow/example_dags/example_setup_teardown.py took 0.141 seconds
[2025-12-24T09:04:13.767+0000] {processor.py:186} INFO - Started process (PID=289) to work on /home/airflow/.local/lib/python3.11/site-packages/airflow/example_dags/example_setup_teardown.py
[2025-12-24T09:04:13.769+0000] {processor.py:914} INFO - Processing file /home/airflow/.local/lib/python3.11/site-packages/airflow/example_dags/example_setup_teardown.py for tasks to queue
[2025-12-24T09:04:13.773+0000] {logging_mixin.py:190} INFO - [2025-12-24T09:04:13.772+0000] {dagbag.py:588} INFO - Filling up the DagBag from /home/airflow/.local/lib/python3.11/site-packages/airflow/example_dags/example_setup_teardown.py
[2025-12-24T09:04:13.796+0000] {processor.py:925} INFO - DAG(s) 'example_setup_teardown' retrieved from /home/airflow/.local/lib/python3.11/site-packages/airflow/example_dags/example_setup_teardown.py
[2025-12-24T09:04:13.836+0000] {logging_mixin.py:190} INFO - [2025-12-24T09:04:13.836+0000] {dag.py:3239} INFO - Sync 1 DAGs
[2025-12-24T09:04:13.854+0000] {logging_mixin.py:190} INFO - [2025-12-24T09:04:13.853+0000] {dag.py:4180} INFO - Setting next_dagrun for example_setup_teardown to None, run_after=None
[2025-12-24T09:04:13.882+0000] {processor.py:208} INFO - Processing /home/airflow/.local/lib/python3.11/site-packages/airflow/example_dags/example_setup_teardown.py took 0.125 seconds
[2025-12-24T09:04:44.295+0000] {processor.py:186} INFO - Started process (PID=352) to work on /home/airflow/.local/lib/python3.11/site-packages/airflow/example_dags/example_setup_teardown.py
[2025-12-24T09:04:44.297+0000] {processor.py:914} INFO - Processing file /home/airflow/.local/lib/python3.11/site-packages/airflow/example_dags/example_setup_teardown.py for tasks to queue
[2025-12-24T09:04:44.303+0000] {logging_mixin.py:190} INFO - [2025-12-24T09:04:44.302+0000] {dagbag.py:588} INFO - Filling up the DagBag from /home/airflow/.local/lib/python3.11/site-packages/airflow/example_dags/example_setup_teardown.py
[2025-12-24T09:04:44.322+0000] {processor.py:925} INFO - DAG(s) 'example_setup_teardown' retrieved from /home/airflow/.local/lib/python3.11/site-packages/airflow/example_dags/example_setup_teardown.py
[2025-12-24T09:04:44.365+0000] {logging_mixin.py:190} INFO - [2025-12-24T09:04:44.365+0000] {dag.py:3239} INFO - Sync 1 DAGs
[2025-12-24T09:04:44.389+0000] {logging_mixin.py:190} INFO - [2025-12-24T09:04:44.389+0000] {dag.py:4180} INFO - Setting next_dagrun for example_setup_teardown to None, run_after=None
[2025-12-24T09:04:44.424+0000] {processor.py:208} INFO - Processing /home/airflow/.local/lib/python3.11/site-packages/airflow/example_dags/example_setup_teardown.py took 0.145 seconds
[2025-12-24T09:04:53.942+0000] {processor.py:186} INFO - Started process (PID=417) to work on /home/airflow/.local/lib/python3.11/site-packages/airflow/example_dags/example_setup_teardown.py
[2025-12-24T09:04:53.945+0000] {processor.py:914} INFO - Processing file /home/airflow/.local/lib/python3.11/site-packages/airflow/example_dags/example_setup_teardown.py for tasks to queue
[2025-12-24T09:04:53.950+0000] {logging_mixin.py:190} INFO - [2025-12-24T09:04:53.949+0000] {dagbag.py:588} INFO - Filling up the DagBag from /home/airflow/.local/lib/python3.11/site-packages/airflow/example_dags/example_setup_teardown.py
[2025-12-24T09:04:53.970+0000] {processor.py:925} INFO - DAG(s) 'example_setup_teardown' retrieved from /home/airflow/.local/lib/python3.11/site-packages/airflow/example_dags/example_setup_teardown.py
[2025-12-24T09:04:54.013+0000] {logging_mixin.py:190} INFO - [2025-12-24T09:04:54.013+0000] {dag.py:3239} INFO - Sync 1 DAGs
[2025-12-24T09:04:54.043+0000] {logging_mixin.py:190} INFO - [2025-12-24T09:04:54.043+0000] {dag.py:4180} INFO - Setting next_dagrun for example_setup_teardown to None, run_after=None
[2025-12-24T09:04:54.090+0000] {processor.py:208} INFO - Processing /home/airflow/.local/lib/python3.11/site-packages/airflow/example_dags/example_setup_teardown.py took 0.163 seconds
[2025-12-24T09:05:24.272+0000] {processor.py:186} INFO - Started process (PID=482) to work on /home/airflow/.local/lib/python3.11/site-packages/airflow/example_dags/example_setup_teardown.py
[2025-12-24T09:05:24.273+0000] {processor.py:914} INFO - Processing file /home/airflow/.local/lib/python3.11/site-packages/airflow/example_dags/example_setup_teardown.py for tasks to queue
[2025-12-24T09:05:24.277+0000] {logging_mixin.py:190} INFO - [2025-12-24T09:05:24.276+0000] {dagbag.py:588} INFO - Filling up the DagBag from /home/airflow/.local/lib/python3.11/site-packages/airflow/example_dags/example_setup_teardown.py
[2025-12-24T09:05:24.289+0000] {processor.py:925} INFO - DAG(s) 'example_setup_teardown' retrieved from /home/airflow/.local/lib/python3.11/site-packages/airflow/example_dags/example_setup_teardown.py
[2025-12-24T09:05:24.323+0000] {logging_mixin.py:190} INFO - [2025-12-24T09:05:24.323+0000] {dag.py:3239} INFO - Sync 1 DAGs
[2025-12-24T09:05:24.344+0000] {logging_mixin.py:190} INFO - [2025-12-24T09:05:24.343+0000] {dag.py:4180} INFO - Setting next_dagrun for example_setup_teardown to None, run_after=None
[2025-12-24T09:05:24.366+0000] {processor.py:208} INFO - Processing /home/airflow/.local/lib/python3.11/site-packages/airflow/example_dags/example_setup_teardown.py took 0.104 seconds
[2025-12-24T09:05:28.056+0000] {processor.py:186} INFO - Started process (PID=518) to work on /home/airflow/.local/lib/python3.11/site-packages/airflow/example_dags/example_setup_teardown.py
[2025-12-24T09:05:28.058+0000] {processor.py:914} INFO - Processing file /home/airflow/.local/lib/python3.11/site-packages/airflow/example_dags/example_setup_teardown.py for tasks to queue
[2025-12-24T09:05:28.061+0000] {logging_mixin.py:190} INFO - [2025-12-24T09:05:28.061+0000] {dagbag.py:588} INFO - Filling up the DagBag from /home/airflow/.local/lib/python3.11/site-packages/airflow/example_dags/example_setup_teardown.py
[2025-12-24T09:05:28.080+0000] {processor.py:925} INFO - DAG(s) 'example_setup_teardown' retrieved from /home/airflow/.local/lib/python3.11/site-packages/airflow/example_dags/example_setup_teardown.py
[2025-12-24T09:05:28.126+0000] {logging_mixin.py:190} INFO - [2025-12-24T09:05:28.125+0000] {dag.py:3239} INFO - Sync 1 DAGs
[2025-12-24T09:05:28.153+0000] {logging_mixin.py:190} INFO - [2025-12-24T09:05:28.153+0000] {dag.py:4180} INFO - Setting next_dagrun for example_setup_teardown to None, run_after=None
[2025-12-24T09:05:28.189+0000] {processor.py:208} INFO - Processing /home/airflow/.local/lib/python3.11/site-packages/airflow/example_dags/example_setup_teardown.py took 0.142 seconds
[2025-12-24T09:05:39.835+0000] {processor.py:186} INFO - Started process (PID=573) to work on /home/airflow/.local/lib/python3.11/site-packages/airflow/example_dags/example_setup_teardown.py
[2025-12-24T09:05:39.837+0000] {processor.py:914} INFO - Processing file /home/airflow/.local/lib/python3.11/site-packages/airflow/example_dags/example_setup_teardown.py for tasks to queue
[2025-12-24T09:05:39.845+0000] {logging_mixin.py:190} INFO - [2025-12-24T09:05:39.845+0000] {dagbag.py:588} INFO - Filling up the DagBag from /home/airflow/.local/lib/python3.11/site-packages/airflow/example_dags/example_setup_teardown.py
[2025-12-24T09:05:39.862+0000] {processor.py:925} INFO - DAG(s) 'example_setup_teardown' retrieved from /home/airflow/.local/lib/python3.11/site-packages/airflow/example_dags/example_setup_teardown.py
[2025-12-24T09:05:39.898+0000] {logging_mixin.py:190} INFO - [2025-12-24T09:05:39.898+0000] {dag.py:3239} INFO - Sync 1 DAGs
[2025-12-24T09:05:39.924+0000] {logging_mixin.py:190} INFO - [2025-12-24T09:05:39.924+0000] {dag.py:4180} INFO - Setting next_dagrun for example_setup_teardown to None, run_after=None
[2025-12-24T09:05:40.018+0000] {processor.py:208} INFO - Processing /home/airflow/.local/lib/python3.11/site-packages/airflow/example_dags/example_setup_teardown.py took 0.194 seconds
[2025-12-24T09:06:42.145+0000] {processor.py:186} INFO - Started process (PID=635) to work on /home/airflow/.local/lib/python3.11/site-packages/airflow/example_dags/example_setup_teardown.py
[2025-12-24T09:06:42.147+0000] {processor.py:914} INFO - Processing file /home/airflow/.local/lib/python3.11/site-packages/airflow/example_dags/example_setup_teardown.py for tasks to queue
[2025-12-24T09:06:42.153+0000] {logging_mixin.py:190} INFO - [2025-12-24T09:06:42.152+0000] {dagbag.py:588} INFO - Filling up the DagBag from /home/airflow/.local/lib/python3.11/site-packages/airflow/example_dags/example_setup_teardown.py
[2025-12-24T09:06:42.172+0000] {processor.py:925} INFO - DAG(s) 'example_setup_teardown' retrieved from /home/airflow/.local/lib/python3.11/site-packages/airflow/example_dags/example_setup_teardown.py
[2025-12-24T09:06:42.212+0000] {logging_mixin.py:190} INFO - [2025-12-24T09:06:42.212+0000] {dag.py:3239} INFO - Sync 1 DAGs
[2025-12-24T09:06:42.241+0000] {logging_mixin.py:190} INFO - [2025-12-24T09:06:42.241+0000] {dag.py:4180} INFO - Setting next_dagrun for example_setup_teardown to None, run_after=None
[2025-12-24T09:06:42.288+0000] {processor.py:208} INFO - Processing /home/airflow/.local/lib/python3.11/site-packages/airflow/example_dags/example_setup_teardown.py took 0.156 seconds
[2025-12-24T09:06:44.619+0000] {processor.py:186} INFO - Started process (PID=701) to work on /home/airflow/.local/lib/python3.11/site-packages/airflow/example_dags/example_setup_teardown.py
[2025-12-24T09:06:44.621+0000] {processor.py:914} INFO - Processing file /home/airflow/.local/lib/python3.11/site-packages/airflow/example_dags/example_setup_teardown.py for tasks to queue
[2025-12-24T09:06:44.625+0000] {logging_mixin.py:190} INFO - [2025-12-24T09:06:44.625+0000] {dagbag.py:588} INFO - Filling up the DagBag from /home/airflow/.local/lib/python3.11/site-packages/airflow/example_dags/example_setup_teardown.py
[2025-12-24T09:06:44.642+0000] {processor.py:925} INFO - DAG(s) 'example_setup_teardown' retrieved from /home/airflow/.local/lib/python3.11/site-packages/airflow/example_dags/example_setup_teardown.py
[2025-12-24T09:06:44.681+0000] {logging_mixin.py:190} INFO - [2025-12-24T09:06:44.680+0000] {dag.py:3239} INFO - Sync 1 DAGs
[2025-12-24T09:06:44.701+0000] {logging_mixin.py:190} INFO - [2025-12-24T09:06:44.701+0000] {dag.py:4180} INFO - Setting next_dagrun for example_setup_teardown to None, run_after=None
[2025-12-24T09:06:44.731+0000] {processor.py:208} INFO - Processing /home/airflow/.local/lib/python3.11/site-packages/airflow/example_dags/example_setup_teardown.py took 0.124 seconds
[2025-12-24T09:07:14.400+0000] {processor.py:186} INFO - Started process (PID=767) to work on /home/airflow/.local/lib/python3.11/site-packages/airflow/example_dags/example_setup_teardown.py
[2025-12-24T09:07:14.402+0000] {processor.py:914} INFO - Processing file /home/airflow/.local/lib/python3.11/site-packages/airflow/example_dags/example_setup_teardown.py for tasks to queue
[2025-12-24T09:07:14.407+0000] {logging_mixin.py:190} INFO - [2025-12-24T09:07:14.407+0000] {dagbag.py:588} INFO - Filling up the DagBag from /home/airflow/.local/lib/python3.11/site-packages/airflow/example_dags/example_setup_teardown.py
[2025-12-24T09:07:14.424+0000] {processor.py:925} INFO - DAG(s) 'example_setup_teardown' retrieved from /home/airflow/.local/lib/python3.11/site-packages/airflow/example_dags/example_setup_teardown.py
[2025-12-24T09:07:14.461+0000] {logging_mixin.py:190} INFO - [2025-12-24T09:07:14.461+0000] {dag.py:3239} INFO - Sync 1 DAGs
[2025-12-24T09:07:14.491+0000] {logging_mixin.py:190} INFO - [2025-12-24T09:07:14.490+0000] {dag.py:4180} INFO - Setting next_dagrun for example_setup_teardown to None, run_after=None
[2025-12-24T09:07:14.522+0000] {processor.py:208} INFO - Processing /home/airflow/.local/lib/python3.11/site-packages/airflow/example_dags/example_setup_teardown.py took 0.134 seconds
[2025-12-24T09:07:24.495+0000] {processor.py:186} INFO - Started process (PID=829) to work on /home/airflow/.local/lib/python3.11/site-packages/airflow/example_dags/example_setup_teardown.py
[2025-12-24T09:07:24.497+0000] {processor.py:914} INFO - Processing file /home/airflow/.local/lib/python3.11/site-packages/airflow/example_dags/example_setup_teardown.py for tasks to queue
[2025-12-24T09:07:24.500+0000] {logging_mixin.py:190} INFO - [2025-12-24T09:07:24.500+0000] {dagbag.py:588} INFO - Filling up the DagBag from /home/airflow/.local/lib/python3.11/site-packages/airflow/example_dags/example_setup_teardown.py
[2025-12-24T09:07:24.513+0000] {processor.py:925} INFO - DAG(s) 'example_setup_teardown' retrieved from /home/airflow/.local/lib/python3.11/site-packages/airflow/example_dags/example_setup_teardown.py
[2025-12-24T09:07:24.542+0000] {logging_mixin.py:190} INFO - [2025-12-24T09:07:24.542+0000] {dag.py:3239} INFO - Sync 1 DAGs
[2025-12-24T09:07:24.559+0000] {logging_mixin.py:190} INFO - [2025-12-24T09:07:24.559+0000] {dag.py:4180} INFO - Setting next_dagrun for example_setup_teardown to None, run_after=None
[2025-12-24T09:07:24.634+0000] {processor.py:208} INFO - Processing /home/airflow/.local/lib/python3.11/site-packages/airflow/example_dags/example_setup_teardown.py took 0.149 seconds
[2025-12-24T09:07:34.169+0000] {processor.py:186} INFO - Started process (PID=886) to work on /home/airflow/.local/lib/python3.11/site-packages/airflow/example_dags/example_setup_teardown.py
[2025-12-24T09:07:34.171+0000] {processor.py:914} INFO - Processing file /home/airflow/.local/lib/python3.11/site-packages/airflow/example_dags/example_setup_teardown.py for tasks to queue
[2025-12-24T09:07:34.174+0000] {logging_mixin.py:190} INFO - [2025-12-24T09:07:34.174+0000] {dagbag.py:588} INFO - Filling up the DagBag from /home/airflow/.local/lib/python3.11/site-packages/airflow/example_dags/example_setup_teardown.py
[2025-12-24T09:07:34.188+0000] {processor.py:925} INFO - DAG(s) 'example_setup_teardown' retrieved from /home/airflow/.local/lib/python3.11/site-packages/airflow/example_dags/example_setup_teardown.py
[2025-12-24T09:07:34.227+0000] {logging_mixin.py:190} INFO - [2025-12-24T09:07:34.227+0000] {dag.py:3239} INFO - Sync 1 DAGs
[2025-12-24T09:07:34.244+0000] {logging_mixin.py:190} INFO - [2025-12-24T09:07:34.244+0000] {dag.py:4180} INFO - Setting next_dagrun for example_setup_teardown to None, run_after=None
[2025-12-24T09:07:34.273+0000] {processor.py:208} INFO - Processing /home/airflow/.local/lib/python3.11/site-packages/airflow/example_dags/example_setup_teardown.py took 0.113 seconds
[2025-12-24T09:07:43.687+0000] {processor.py:186} INFO - Started process (PID=942) to work on /home/airflow/.local/lib/python3.11/site-packages/airflow/example_dags/example_setup_teardown.py
[2025-12-24T09:07:43.690+0000] {processor.py:914} INFO - Processing file /home/airflow/.local/lib/python3.11/site-packages/airflow/example_dags/example_setup_teardown.py for tasks to queue
[2025-12-24T09:07:43.694+0000] {logging_mixin.py:190} INFO - [2025-12-24T09:07:43.693+0000] {dagbag.py:588} INFO - Filling up the DagBag from /home/airflow/.local/lib/python3.11/site-packages/airflow/example_dags/example_setup_teardown.py
[2025-12-24T09:07:43.708+0000] {processor.py:925} INFO - DAG(s) 'example_setup_teardown' retrieved from /home/airflow/.local/lib/python3.11/site-packages/airflow/example_dags/example_setup_teardown.py
[2025-12-24T09:07:43.736+0000] {logging_mixin.py:190} INFO - [2025-12-24T09:07:43.736+0000] {dag.py:3239} INFO - Sync 1 DAGs
[2025-12-24T09:07:43.753+0000] {logging_mixin.py:190} INFO - [2025-12-24T09:07:43.752+0000] {dag.py:4180} INFO - Setting next_dagrun for example_setup_teardown to None, run_after=None
[2025-12-24T09:07:43.776+0000] {processor.py:208} INFO - Processing /home/airflow/.local/lib/python3.11/site-packages/airflow/example_dags/example_setup_teardown.py took 0.099 seconds
[2025-12-24T09:08:41.639+0000] {processor.py:186} INFO - Started process (PID=1003) to work on /home/airflow/.local/lib/python3.11/site-packages/airflow/example_dags/example_setup_teardown.py
[2025-12-24T09:08:41.641+0000] {processor.py:914} INFO - Processing file /home/airflow/.local/lib/python3.11/site-packages/airflow/example_dags/example_setup_teardown.py for tasks to queue
[2025-12-24T09:08:41.644+0000] {logging_mixin.py:190} INFO - [2025-12-24T09:08:41.644+0000] {dagbag.py:588} INFO - Filling up the DagBag from /home/airflow/.local/lib/python3.11/site-packages/airflow/example_dags/example_setup_teardown.py
[2025-12-24T09:08:41.657+0000] {processor.py:925} INFO - DAG(s) 'example_setup_teardown' retrieved from /home/airflow/.local/lib/python3.11/site-packages/airflow/example_dags/example_setup_teardown.py
[2025-12-24T09:08:41.686+0000] {logging_mixin.py:190} INFO - [2025-12-24T09:08:41.686+0000] {dag.py:3239} INFO - Sync 1 DAGs
[2025-12-24T09:08:41.704+0000] {logging_mixin.py:190} INFO - [2025-12-24T09:08:41.704+0000] {dag.py:4180} INFO - Setting next_dagrun for example_setup_teardown to None, run_after=None
[2025-12-24T09:08:41.743+0000] {processor.py:208} INFO - Processing /home/airflow/.local/lib/python3.11/site-packages/airflow/example_dags/example_setup_teardown.py took 0.114 seconds
[2025-12-24T09:09:21.062+0000] {processor.py:186} INFO - Started process (PID=1070) to work on /home/airflow/.local/lib/python3.11/site-packages/airflow/example_dags/example_setup_teardown.py
[2025-12-24T09:09:21.073+0000] {processor.py:914} INFO - Processing file /home/airflow/.local/lib/python3.11/site-packages/airflow/example_dags/example_setup_teardown.py for tasks to queue
[2025-12-24T09:09:21.077+0000] {logging_mixin.py:190} INFO - [2025-12-24T09:09:21.076+0000] {dagbag.py:588} INFO - Filling up the DagBag from /home/airflow/.local/lib/python3.11/site-packages/airflow/example_dags/example_setup_teardown.py
[2025-12-24T09:09:21.090+0000] {processor.py:925} INFO - DAG(s) 'example_setup_teardown' retrieved from /home/airflow/.local/lib/python3.11/site-packages/airflow/example_dags/example_setup_teardown.py
[2025-12-24T09:09:21.120+0000] {logging_mixin.py:190} INFO - [2025-12-24T09:09:21.120+0000] {dag.py:3239} INFO - Sync 1 DAGs
[2025-12-24T09:09:21.137+0000] {logging_mixin.py:190} INFO - [2025-12-24T09:09:21.137+0000] {dag.py:4180} INFO - Setting next_dagrun for example_setup_teardown to None, run_after=None
[2025-12-24T09:09:21.162+0000] {processor.py:208} INFO - Processing /home/airflow/.local/lib/python3.11/site-packages/airflow/example_dags/example_setup_teardown.py took 0.113 seconds
[2025-12-24T09:09:19.304+0000] {processor.py:186} INFO - Started process (PID=1150) to work on /home/airflow/.local/lib/python3.11/site-packages/airflow/example_dags/example_setup_teardown.py
[2025-12-24T09:09:19.306+0000] {processor.py:914} INFO - Processing file /home/airflow/.local/lib/python3.11/site-packages/airflow/example_dags/example_setup_teardown.py for tasks to queue
[2025-12-24T09:09:19.310+0000] {logging_mixin.py:190} INFO - [2025-12-24T09:09:19.309+0000] {dagbag.py:588} INFO - Filling up the DagBag from /home/airflow/.local/lib/python3.11/site-packages/airflow/example_dags/example_setup_teardown.py
[2025-12-24T09:09:19.323+0000] {processor.py:925} INFO - DAG(s) 'example_setup_teardown' retrieved from /home/airflow/.local/lib/python3.11/site-packages/airflow/example_dags/example_setup_teardown.py
[2025-12-24T09:09:19.356+0000] {logging_mixin.py:190} INFO - [2025-12-24T09:09:19.356+0000] {dag.py:3239} INFO - Sync 1 DAGs
[2025-12-24T09:09:19.374+0000] {logging_mixin.py:190} INFO - [2025-12-24T09:09:19.374+0000] {dag.py:4180} INFO - Setting next_dagrun for example_setup_teardown to None, run_after=None
[2025-12-24T09:09:19.402+0000] {processor.py:208} INFO - Processing /home/airflow/.local/lib/python3.11/site-packages/airflow/example_dags/example_setup_teardown.py took 0.107 seconds
[2025-12-24T09:10:26.587+0000] {processor.py:186} INFO - Started process (PID=1210) to work on /home/airflow/.local/lib/python3.11/site-packages/airflow/example_dags/example_setup_teardown.py
[2025-12-24T09:10:26.589+0000] {processor.py:914} INFO - Processing file /home/airflow/.local/lib/python3.11/site-packages/airflow/example_dags/example_setup_teardown.py for tasks to queue
[2025-12-24T09:10:26.593+0000] {logging_mixin.py:190} INFO - [2025-12-24T09:10:26.592+0000] {dagbag.py:588} INFO - Filling up the DagBag from /home/airflow/.local/lib/python3.11/site-packages/airflow/example_dags/example_setup_teardown.py
[2025-12-24T09:10:26.606+0000] {processor.py:925} INFO - DAG(s) 'example_setup_teardown' retrieved from /home/airflow/.local/lib/python3.11/site-packages/airflow/example_dags/example_setup_teardown.py
[2025-12-24T09:10:26.636+0000] {logging_mixin.py:190} INFO - [2025-12-24T09:10:26.635+0000] {dag.py:3239} INFO - Sync 1 DAGs
[2025-12-24T09:10:26.653+0000] {logging_mixin.py:190} INFO - [2025-12-24T09:10:26.652+0000] {dag.py:4180} INFO - Setting next_dagrun for example_setup_teardown to None, run_after=None
[2025-12-24T09:10:26.676+0000] {processor.py:208} INFO - Processing /home/airflow/.local/lib/python3.11/site-packages/airflow/example_dags/example_setup_teardown.py took 0.099 seconds
[2025-12-24T09:10:19.420+0000] {processor.py:186} INFO - Started process (PID=1282) to work on /home/airflow/.local/lib/python3.11/site-packages/airflow/example_dags/example_setup_teardown.py
[2025-12-24T09:10:19.422+0000] {processor.py:914} INFO - Processing file /home/airflow/.local/lib/python3.11/site-packages/airflow/example_dags/example_setup_teardown.py for tasks to queue
[2025-12-24T09:10:19.428+0000] {logging_mixin.py:190} INFO - [2025-12-24T09:10:19.427+0000] {dagbag.py:588} INFO - Filling up the DagBag from /home/airflow/.local/lib/python3.11/site-packages/airflow/example_dags/example_setup_teardown.py
[2025-12-24T09:10:19.455+0000] {processor.py:925} INFO - DAG(s) 'example_setup_teardown' retrieved from /home/airflow/.local/lib/python3.11/site-packages/airflow/example_dags/example_setup_teardown.py
[2025-12-24T09:10:19.493+0000] {logging_mixin.py:190} INFO - [2025-12-24T09:10:19.492+0000] {dag.py:3239} INFO - Sync 1 DAGs
[2025-12-24T09:10:19.513+0000] {logging_mixin.py:190} INFO - [2025-12-24T09:10:19.513+0000] {dag.py:4180} INFO - Setting next_dagrun for example_setup_teardown to None, run_after=None
[2025-12-24T09:10:19.542+0000] {processor.py:208} INFO - Processing /home/airflow/.local/lib/python3.11/site-packages/airflow/example_dags/example_setup_teardown.py took 0.134 seconds
[2025-12-24T09:10:49.466+0000] {processor.py:186} INFO - Started process (PID=1331) to work on /home/airflow/.local/lib/python3.11/site-packages/airflow/example_dags/example_setup_teardown.py
[2025-12-24T09:10:49.468+0000] {processor.py:914} INFO - Processing file /home/airflow/.local/lib/python3.11/site-packages/airflow/example_dags/example_setup_teardown.py for tasks to queue
[2025-12-24T09:10:49.472+0000] {logging_mixin.py:190} INFO - [2025-12-24T09:10:49.471+0000] {dagbag.py:588} INFO - Filling up the DagBag from /home/airflow/.local/lib/python3.11/site-packages/airflow/example_dags/example_setup_teardown.py
[2025-12-24T09:10:49.485+0000] {processor.py:925} INFO - DAG(s) 'example_setup_teardown' retrieved from /home/airflow/.local/lib/python3.11/site-packages/airflow/example_dags/example_setup_teardown.py
[2025-12-24T09:10:49.515+0000] {logging_mixin.py:190} INFO - [2025-12-24T09:10:49.515+0000] {dag.py:3239} INFO - Sync 1 DAGs
[2025-12-24T09:10:49.533+0000] {logging_mixin.py:190} INFO - [2025-12-24T09:10:49.533+0000] {dag.py:4180} INFO - Setting next_dagrun for example_setup_teardown to None, run_after=None
[2025-12-24T09:10:49.562+0000] {processor.py:208} INFO - Processing /home/airflow/.local/lib/python3.11/site-packages/airflow/example_dags/example_setup_teardown.py took 0.106 seconds
[2025-12-24T09:10:59.460+0000] {processor.py:186} INFO - Started process (PID=1388) to work on /home/airflow/.local/lib/python3.11/site-packages/airflow/example_dags/example_setup_teardown.py
[2025-12-24T09:10:59.464+0000] {processor.py:914} INFO - Processing file /home/airflow/.local/lib/python3.11/site-packages/airflow/example_dags/example_setup_teardown.py for tasks to queue
[2025-12-24T09:10:59.469+0000] {logging_mixin.py:190} INFO - [2025-12-24T09:10:59.468+0000] {dagbag.py:588} INFO - Filling up the DagBag from /home/airflow/.local/lib/python3.11/site-packages/airflow/example_dags/example_setup_teardown.py
[2025-12-24T09:10:59.486+0000] {processor.py:925} INFO - DAG(s) 'example_setup_teardown' retrieved from /home/airflow/.local/lib/python3.11/site-packages/airflow/example_dags/example_setup_teardown.py
[2025-12-24T09:10:59.528+0000] {logging_mixin.py:190} INFO - [2025-12-24T09:10:59.527+0000] {dag.py:3239} INFO - Sync 1 DAGs
[2025-12-24T09:10:59.552+0000] {logging_mixin.py:190} INFO - [2025-12-24T09:10:59.551+0000] {dag.py:4180} INFO - Setting next_dagrun for example_setup_teardown to None, run_after=None
[2025-12-24T09:10:59.588+0000] {processor.py:208} INFO - Processing /home/airflow/.local/lib/python3.11/site-packages/airflow/example_dags/example_setup_teardown.py took 0.142 seconds
[2025-12-24T09:11:30.693+0000] {processor.py:186} INFO - Started process (PID=1451) to work on /home/airflow/.local/lib/python3.11/site-packages/airflow/example_dags/example_setup_teardown.py
[2025-12-24T09:11:30.694+0000] {processor.py:914} INFO - Processing file /home/airflow/.local/lib/python3.11/site-packages/airflow/example_dags/example_setup_teardown.py for tasks to queue
[2025-12-24T09:11:30.698+0000] {logging_mixin.py:190} INFO - [2025-12-24T09:11:30.697+0000] {dagbag.py:588} INFO - Filling up the DagBag from /home/airflow/.local/lib/python3.11/site-packages/airflow/example_dags/example_setup_teardown.py
[2025-12-24T09:11:30.710+0000] {processor.py:925} INFO - DAG(s) 'example_setup_teardown' retrieved from /home/airflow/.local/lib/python3.11/site-packages/airflow/example_dags/example_setup_teardown.py
[2025-12-24T09:11:30.738+0000] {logging_mixin.py:190} INFO - [2025-12-24T09:11:30.738+0000] {dag.py:3239} INFO - Sync 1 DAGs
[2025-12-24T09:11:30.755+0000] {logging_mixin.py:190} INFO - [2025-12-24T09:11:30.755+0000] {dag.py:4180} INFO - Setting next_dagrun for example_setup_teardown to None, run_after=None
[2025-12-24T09:11:30.777+0000] {processor.py:208} INFO - Processing /home/airflow/.local/lib/python3.11/site-packages/airflow/example_dags/example_setup_teardown.py took 0.093 seconds
[2025-12-24T09:12:32.022+0000] {processor.py:186} INFO - Started process (PID=1514) to work on /home/airflow/.local/lib/python3.11/site-packages/airflow/example_dags/example_setup_teardown.py
[2025-12-24T09:12:32.023+0000] {processor.py:914} INFO - Processing file /home/airflow/.local/lib/python3.11/site-packages/airflow/example_dags/example_setup_teardown.py for tasks to queue
[2025-12-24T09:12:32.027+0000] {logging_mixin.py:190} INFO - [2025-12-24T09:12:32.026+0000] {dagbag.py:588} INFO - Filling up the DagBag from /home/airflow/.local/lib/python3.11/site-packages/airflow/example_dags/example_setup_teardown.py
[2025-12-24T09:12:32.039+0000] {processor.py:925} INFO - DAG(s) 'example_setup_teardown' retrieved from /home/airflow/.local/lib/python3.11/site-packages/airflow/example_dags/example_setup_teardown.py
[2025-12-24T09:12:32.067+0000] {logging_mixin.py:190} INFO - [2025-12-24T09:12:32.067+0000] {dag.py:3239} INFO - Sync 1 DAGs
[2025-12-24T09:12:32.083+0000] {logging_mixin.py:190} INFO - [2025-12-24T09:12:32.083+0000] {dag.py:4180} INFO - Setting next_dagrun for example_setup_teardown to None, run_after=None
[2025-12-24T09:12:32.106+0000] {processor.py:208} INFO - Processing /home/airflow/.local/lib/python3.11/site-packages/airflow/example_dags/example_setup_teardown.py took 0.093 seconds
[2025-12-24T09:12:43.995+0000] {processor.py:186} INFO - Started process (PID=1578) to work on /home/airflow/.local/lib/python3.11/site-packages/airflow/example_dags/example_setup_teardown.py
[2025-12-24T09:12:43.997+0000] {processor.py:914} INFO - Processing file /home/airflow/.local/lib/python3.11/site-packages/airflow/example_dags/example_setup_teardown.py for tasks to queue
[2025-12-24T09:12:44.001+0000] {logging_mixin.py:190} INFO - [2025-12-24T09:12:44.001+0000] {dagbag.py:588} INFO - Filling up the DagBag from /home/airflow/.local/lib/python3.11/site-packages/airflow/example_dags/example_setup_teardown.py
[2025-12-24T09:12:44.014+0000] {processor.py:925} INFO - DAG(s) 'example_setup_teardown' retrieved from /home/airflow/.local/lib/python3.11/site-packages/airflow/example_dags/example_setup_teardown.py
[2025-12-24T09:12:44.044+0000] {logging_mixin.py:190} INFO - [2025-12-24T09:12:44.044+0000] {dag.py:3239} INFO - Sync 1 DAGs
[2025-12-24T09:12:44.062+0000] {logging_mixin.py:190} INFO - [2025-12-24T09:12:44.061+0000] {dag.py:4180} INFO - Setting next_dagrun for example_setup_teardown to None, run_after=None
[2025-12-24T09:12:44.085+0000] {processor.py:208} INFO - Processing /home/airflow/.local/lib/python3.11/site-packages/airflow/example_dags/example_setup_teardown.py took 0.103 seconds
[2025-12-24T09:13:33.094+0000] {processor.py:186} INFO - Started process (PID=1645) to work on /home/airflow/.local/lib/python3.11/site-packages/airflow/example_dags/example_setup_teardown.py
[2025-12-24T09:13:33.096+0000] {processor.py:914} INFO - Processing file /home/airflow/.local/lib/python3.11/site-packages/airflow/example_dags/example_setup_teardown.py for tasks to queue
[2025-12-24T09:13:33.100+0000] {logging_mixin.py:190} INFO - [2025-12-24T09:13:33.100+0000] {dagbag.py:588} INFO - Filling up the DagBag from /home/airflow/.local/lib/python3.11/site-packages/airflow/example_dags/example_setup_teardown.py
[2025-12-24T09:13:33.114+0000] {processor.py:925} INFO - DAG(s) 'example_setup_teardown' retrieved from /home/airflow/.local/lib/python3.11/site-packages/airflow/example_dags/example_setup_teardown.py
[2025-12-24T09:13:33.142+0000] {logging_mixin.py:190} INFO - [2025-12-24T09:13:33.142+0000] {dag.py:3239} INFO - Sync 1 DAGs
[2025-12-24T09:13:33.162+0000] {logging_mixin.py:190} INFO - [2025-12-24T09:13:33.161+0000] {dag.py:4180} INFO - Setting next_dagrun for example_setup_teardown to None, run_after=None
[2025-12-24T09:13:33.185+0000] {processor.py:208} INFO - Processing /home/airflow/.local/lib/python3.11/site-packages/airflow/example_dags/example_setup_teardown.py took 0.101 seconds
[2025-12-24T09:14:27.276+0000] {processor.py:186} INFO - Started process (PID=1695) to work on /home/airflow/.local/lib/python3.11/site-packages/airflow/example_dags/example_setup_teardown.py
[2025-12-24T09:14:27.278+0000] {processor.py:914} INFO - Processing file /home/airflow/.local/lib/python3.11/site-packages/airflow/example_dags/example_setup_teardown.py for tasks to queue
[2025-12-24T09:14:27.281+0000] {logging_mixin.py:190} INFO - [2025-12-24T09:14:27.281+0000] {dagbag.py:588} INFO - Filling up the DagBag from /home/airflow/.local/lib/python3.11/site-packages/airflow/example_dags/example_setup_teardown.py
[2025-12-24T09:14:27.296+0000] {processor.py:925} INFO - DAG(s) 'example_setup_teardown' retrieved from /home/airflow/.local/lib/python3.11/site-packages/airflow/example_dags/example_setup_teardown.py
[2025-12-24T09:14:27.328+0000] {logging_mixin.py:190} INFO - [2025-12-24T09:14:27.328+0000] {dag.py:3239} INFO - Sync 1 DAGs
[2025-12-24T09:14:27.347+0000] {logging_mixin.py:190} INFO - [2025-12-24T09:14:27.346+0000] {dag.py:4180} INFO - Setting next_dagrun for example_setup_teardown to None, run_after=None
[2025-12-24T09:14:27.375+0000] {processor.py:208} INFO - Processing /home/airflow/.local/lib/python3.11/site-packages/airflow/example_dags/example_setup_teardown.py took 0.109 seconds
[2025-12-24T09:14:39.283+0000] {processor.py:186} INFO - Started process (PID=1767) to work on /home/airflow/.local/lib/python3.11/site-packages/airflow/example_dags/example_setup_teardown.py
[2025-12-24T09:14:39.285+0000] {processor.py:914} INFO - Processing file /home/airflow/.local/lib/python3.11/site-packages/airflow/example_dags/example_setup_teardown.py for tasks to queue
[2025-12-24T09:14:39.290+0000] {logging_mixin.py:190} INFO - [2025-12-24T09:14:39.289+0000] {dagbag.py:588} INFO - Filling up the DagBag from /home/airflow/.local/lib/python3.11/site-packages/airflow/example_dags/example_setup_teardown.py
[2025-12-24T09:14:39.302+0000] {processor.py:925} INFO - DAG(s) 'example_setup_teardown' retrieved from /home/airflow/.local/lib/python3.11/site-packages/airflow/example_dags/example_setup_teardown.py
[2025-12-24T09:14:39.331+0000] {logging_mixin.py:190} INFO - [2025-12-24T09:14:39.331+0000] {dag.py:3239} INFO - Sync 1 DAGs
[2025-12-24T09:14:39.349+0000] {logging_mixin.py:190} INFO - [2025-12-24T09:14:39.348+0000] {dag.py:4180} INFO - Setting next_dagrun for example_setup_teardown to None, run_after=None
[2025-12-24T09:14:39.373+0000] {processor.py:208} INFO - Processing /home/airflow/.local/lib/python3.11/site-packages/airflow/example_dags/example_setup_teardown.py took 0.099 seconds
[2025-12-24T09:15:10.516+0000] {processor.py:186} INFO - Started process (PID=1831) to work on /home/airflow/.local/lib/python3.11/site-packages/airflow/example_dags/example_setup_teardown.py
[2025-12-24T09:15:10.517+0000] {processor.py:914} INFO - Processing file /home/airflow/.local/lib/python3.11/site-packages/airflow/example_dags/example_setup_teardown.py for tasks to queue
[2025-12-24T09:15:10.520+0000] {logging_mixin.py:190} INFO - [2025-12-24T09:15:10.520+0000] {dagbag.py:588} INFO - Filling up the DagBag from /home/airflow/.local/lib/python3.11/site-packages/airflow/example_dags/example_setup_teardown.py
[2025-12-24T09:15:10.533+0000] {processor.py:925} INFO - DAG(s) 'example_setup_teardown' retrieved from /home/airflow/.local/lib/python3.11/site-packages/airflow/example_dags/example_setup_teardown.py
[2025-12-24T09:15:10.563+0000] {logging_mixin.py:190} INFO - [2025-12-24T09:15:10.562+0000] {dag.py:3239} INFO - Sync 1 DAGs
[2025-12-24T09:15:10.581+0000] {logging_mixin.py:190} INFO - [2025-12-24T09:15:10.580+0000] {dag.py:4180} INFO - Setting next_dagrun for example_setup_teardown to None, run_after=None
[2025-12-24T09:15:10.605+0000] {processor.py:208} INFO - Processing /home/airflow/.local/lib/python3.11/site-packages/airflow/example_dags/example_setup_teardown.py took 0.099 seconds
[2025-12-24T09:15:41.112+0000] {processor.py:186} INFO - Started process (PID=1894) to work on /home/airflow/.local/lib/python3.11/site-packages/airflow/example_dags/example_setup_teardown.py
[2025-12-24T09:15:41.118+0000] {processor.py:914} INFO - Processing file /home/airflow/.local/lib/python3.11/site-packages/airflow/example_dags/example_setup_teardown.py for tasks to queue
[2025-12-24T09:15:41.122+0000] {logging_mixin.py:190} INFO - [2025-12-24T09:15:41.121+0000] {dagbag.py:588} INFO - Filling up the DagBag from /home/airflow/.local/lib/python3.11/site-packages/airflow/example_dags/example_setup_teardown.py
[2025-12-24T09:15:41.141+0000] {processor.py:925} INFO - DAG(s) 'example_setup_teardown' retrieved from /home/airflow/.local/lib/python3.11/site-packages/airflow/example_dags/example_setup_teardown.py
[2025-12-24T09:15:41.187+0000] {logging_mixin.py:190} INFO - [2025-12-24T09:15:41.187+0000] {dag.py:3239} INFO - Sync 1 DAGs
[2025-12-24T09:15:41.209+0000] {logging_mixin.py:190} INFO - [2025-12-24T09:15:41.209+0000] {dag.py:4180} INFO - Setting next_dagrun for example_setup_teardown to None, run_after=None
[2025-12-24T09:15:41.240+0000] {processor.py:208} INFO - Processing /home/airflow/.local/lib/python3.11/site-packages/airflow/example_dags/example_setup_teardown.py took 0.140 seconds
[2025-12-24T09:16:41.616+0000] {processor.py:186} INFO - Started process (PID=1959) to work on /home/airflow/.local/lib/python3.11/site-packages/airflow/example_dags/example_setup_teardown.py
[2025-12-24T09:16:41.617+0000] {processor.py:914} INFO - Processing file /home/airflow/.local/lib/python3.11/site-packages/airflow/example_dags/example_setup_teardown.py for tasks to queue
[2025-12-24T09:16:41.621+0000] {logging_mixin.py:190} INFO - [2025-12-24T09:16:41.621+0000] {dagbag.py:588} INFO - Filling up the DagBag from /home/airflow/.local/lib/python3.11/site-packages/airflow/example_dags/example_setup_teardown.py
[2025-12-24T09:16:41.637+0000] {processor.py:925} INFO - DAG(s) 'example_setup_teardown' retrieved from /home/airflow/.local/lib/python3.11/site-packages/airflow/example_dags/example_setup_teardown.py
[2025-12-24T09:16:41.672+0000] {logging_mixin.py:190} INFO - [2025-12-24T09:16:41.672+0000] {dag.py:3239} INFO - Sync 1 DAGs
[2025-12-24T09:16:41.691+0000] {logging_mixin.py:190} INFO - [2025-12-24T09:16:41.691+0000] {dag.py:4180} INFO - Setting next_dagrun for example_setup_teardown to None, run_after=None
[2025-12-24T09:16:41.726+0000] {processor.py:208} INFO - Processing /home/airflow/.local/lib/python3.11/site-packages/airflow/example_dags/example_setup_teardown.py took 0.121 seconds
[2025-12-24T09:24:19.397+0000] {processor.py:186} INFO - Started process (PID=106) to work on /home/airflow/.local/lib/python3.11/site-packages/airflow/example_dags/example_setup_teardown.py
[2025-12-24T09:24:19.404+0000] {processor.py:914} INFO - Processing file /home/airflow/.local/lib/python3.11/site-packages/airflow/example_dags/example_setup_teardown.py for tasks to queue
[2025-12-24T09:24:19.411+0000] {logging_mixin.py:190} INFO - [2025-12-24T09:24:19.410+0000] {dagbag.py:588} INFO - Filling up the DagBag from /home/airflow/.local/lib/python3.11/site-packages/airflow/example_dags/example_setup_teardown.py
[2025-12-24T09:24:19.436+0000] {processor.py:925} INFO - DAG(s) 'example_setup_teardown' retrieved from /home/airflow/.local/lib/python3.11/site-packages/airflow/example_dags/example_setup_teardown.py
[2025-12-24T09:24:19.693+0000] {logging_mixin.py:190} INFO - [2025-12-24T09:24:19.692+0000] {override.py:1911} INFO - Created Permission View: can delete on DAG:example_setup_teardown
[2025-12-24T09:24:19.726+0000] {logging_mixin.py:190} INFO - [2025-12-24T09:24:19.725+0000] {override.py:1911} INFO - Created Permission View: can read on DAG:example_setup_teardown
[2025-12-24T09:24:19.744+0000] {logging_mixin.py:190} INFO - [2025-12-24T09:24:19.743+0000] {override.py:1911} INFO - Created Permission View: can edit on DAG:example_setup_teardown
[2025-12-24T09:24:19.790+0000] {logging_mixin.py:190} INFO - [2025-12-24T09:24:19.789+0000] {override.py:1911} INFO - Created Permission View: menu access on DAG Run:example_setup_teardown
[2025-12-24T09:24:19.821+0000] {logging_mixin.py:190} INFO - [2025-12-24T09:24:19.819+0000] {override.py:1911} INFO - Created Permission View: can create on DAG Run:example_setup_teardown
[2025-12-24T09:24:19.852+0000] {logging_mixin.py:190} INFO - [2025-12-24T09:24:19.851+0000] {override.py:1911} INFO - Created Permission View: can delete on DAG Run:example_setup_teardown
[2025-12-24T09:24:19.886+0000] {logging_mixin.py:190} INFO - [2025-12-24T09:24:19.886+0000] {override.py:1911} INFO - Created Permission View: can read on DAG Run:example_setup_teardown
[2025-12-24T09:24:19.900+0000] {logging_mixin.py:190} INFO - [2025-12-24T09:24:19.899+0000] {dag.py:3239} INFO - Sync 1 DAGs
[2025-12-24T09:24:19.934+0000] {logging_mixin.py:190} INFO - [2025-12-24T09:24:19.934+0000] {dag.py:3262} INFO - Creating ORM DAG for example_setup_teardown
[2025-12-24T09:24:19.937+0000] {logging_mixin.py:190} INFO - [2025-12-24T09:24:19.936+0000] {dag.py:4180} INFO - Setting next_dagrun for example_setup_teardown to None, run_after=None
[2025-12-24T09:24:20.002+0000] {processor.py:208} INFO - Processing /home/airflow/.local/lib/python3.11/site-packages/airflow/example_dags/example_setup_teardown.py took 0.626 seconds
[2025-12-24T09:24:15.006+0000] {processor.py:186} INFO - Started process (PID=238) to work on /home/airflow/.local/lib/python3.11/site-packages/airflow/example_dags/example_setup_teardown.py
[2025-12-24T09:24:15.009+0000] {processor.py:914} INFO - Processing file /home/airflow/.local/lib/python3.11/site-packages/airflow/example_dags/example_setup_teardown.py for tasks to queue
[2025-12-24T09:24:15.013+0000] {logging_mixin.py:190} INFO - [2025-12-24T09:24:15.013+0000] {dagbag.py:588} INFO - Filling up the DagBag from /home/airflow/.local/lib/python3.11/site-packages/airflow/example_dags/example_setup_teardown.py
[2025-12-24T09:24:15.029+0000] {processor.py:925} INFO - DAG(s) 'example_setup_teardown' retrieved from /home/airflow/.local/lib/python3.11/site-packages/airflow/example_dags/example_setup_teardown.py
[2025-12-24T09:24:15.054+0000] {logging_mixin.py:190} INFO - [2025-12-24T09:24:15.053+0000] {dag.py:3239} INFO - Sync 1 DAGs
[2025-12-24T09:24:15.090+0000] {logging_mixin.py:190} INFO - [2025-12-24T09:24:15.090+0000] {dag.py:4180} INFO - Setting next_dagrun for example_setup_teardown to None, run_after=None
[2025-12-24T09:24:15.127+0000] {processor.py:208} INFO - Processing /home/airflow/.local/lib/python3.11/site-packages/airflow/example_dags/example_setup_teardown.py took 0.134 seconds
[2025-12-24T09:24:44.239+0000] {processor.py:186} INFO - Started process (PID=297) to work on /home/airflow/.local/lib/python3.11/site-packages/airflow/example_dags/example_setup_teardown.py
[2025-12-24T09:24:44.241+0000] {processor.py:914} INFO - Processing file /home/airflow/.local/lib/python3.11/site-packages/airflow/example_dags/example_setup_teardown.py for tasks to queue
[2025-12-24T09:24:44.244+0000] {logging_mixin.py:190} INFO - [2025-12-24T09:24:44.244+0000] {dagbag.py:588} INFO - Filling up the DagBag from /home/airflow/.local/lib/python3.11/site-packages/airflow/example_dags/example_setup_teardown.py
[2025-12-24T09:24:44.261+0000] {processor.py:925} INFO - DAG(s) 'example_setup_teardown' retrieved from /home/airflow/.local/lib/python3.11/site-packages/airflow/example_dags/example_setup_teardown.py
[2025-12-24T09:24:44.282+0000] {logging_mixin.py:190} INFO - [2025-12-24T09:24:44.282+0000] {dag.py:3239} INFO - Sync 1 DAGs
[2025-12-24T09:24:44.303+0000] {logging_mixin.py:190} INFO - [2025-12-24T09:24:44.302+0000] {dag.py:4180} INFO - Setting next_dagrun for example_setup_teardown to None, run_after=None
[2025-12-24T09:24:44.329+0000] {processor.py:208} INFO - Processing /home/airflow/.local/lib/python3.11/site-packages/airflow/example_dags/example_setup_teardown.py took 0.103 seconds
[2025-12-24T09:24:55.597+0000] {processor.py:186} INFO - Started process (PID=353) to work on /home/airflow/.local/lib/python3.11/site-packages/airflow/example_dags/example_setup_teardown.py
[2025-12-24T09:24:55.598+0000] {processor.py:914} INFO - Processing file /home/airflow/.local/lib/python3.11/site-packages/airflow/example_dags/example_setup_teardown.py for tasks to queue
[2025-12-24T09:24:55.603+0000] {logging_mixin.py:190} INFO - [2025-12-24T09:24:55.602+0000] {dagbag.py:588} INFO - Filling up the DagBag from /home/airflow/.local/lib/python3.11/site-packages/airflow/example_dags/example_setup_teardown.py
[2025-12-24T09:24:55.619+0000] {processor.py:925} INFO - DAG(s) 'example_setup_teardown' retrieved from /home/airflow/.local/lib/python3.11/site-packages/airflow/example_dags/example_setup_teardown.py
[2025-12-24T09:24:55.652+0000] {logging_mixin.py:190} INFO - [2025-12-24T09:24:55.652+0000] {dag.py:3239} INFO - Sync 1 DAGs
[2025-12-24T09:24:55.669+0000] {logging_mixin.py:190} INFO - [2025-12-24T09:24:55.668+0000] {dag.py:4180} INFO - Setting next_dagrun for example_setup_teardown to None, run_after=None
[2025-12-24T09:24:55.696+0000] {processor.py:208} INFO - Processing /home/airflow/.local/lib/python3.11/site-packages/airflow/example_dags/example_setup_teardown.py took 0.109 seconds
[2025-12-24T09:25:14.282+0000] {processor.py:186} INFO - Started process (PID=415) to work on /home/airflow/.local/lib/python3.11/site-packages/airflow/example_dags/example_setup_teardown.py
[2025-12-24T09:25:14.286+0000] {processor.py:914} INFO - Processing file /home/airflow/.local/lib/python3.11/site-packages/airflow/example_dags/example_setup_teardown.py for tasks to queue
[2025-12-24T09:25:14.292+0000] {logging_mixin.py:190} INFO - [2025-12-24T09:25:14.291+0000] {dagbag.py:588} INFO - Filling up the DagBag from /home/airflow/.local/lib/python3.11/site-packages/airflow/example_dags/example_setup_teardown.py
[2025-12-24T09:25:14.311+0000] {processor.py:925} INFO - DAG(s) 'example_setup_teardown' retrieved from /home/airflow/.local/lib/python3.11/site-packages/airflow/example_dags/example_setup_teardown.py
[2025-12-24T09:25:14.352+0000] {logging_mixin.py:190} INFO - [2025-12-24T09:25:14.352+0000] {dag.py:3239} INFO - Sync 1 DAGs
[2025-12-24T09:25:14.379+0000] {logging_mixin.py:190} INFO - [2025-12-24T09:25:14.379+0000] {dag.py:4180} INFO - Setting next_dagrun for example_setup_teardown to None, run_after=None
[2025-12-24T09:25:14.419+0000] {processor.py:208} INFO - Processing /home/airflow/.local/lib/python3.11/site-packages/airflow/example_dags/example_setup_teardown.py took 0.150 seconds
[2025-12-24T09:25:20.409+0000] {processor.py:186} INFO - Started process (PID=469) to work on /home/airflow/.local/lib/python3.11/site-packages/airflow/example_dags/example_setup_teardown.py
[2025-12-24T09:25:20.412+0000] {processor.py:914} INFO - Processing file /home/airflow/.local/lib/python3.11/site-packages/airflow/example_dags/example_setup_teardown.py for tasks to queue
[2025-12-24T09:25:20.417+0000] {logging_mixin.py:190} INFO - [2025-12-24T09:25:20.416+0000] {dagbag.py:588} INFO - Filling up the DagBag from /home/airflow/.local/lib/python3.11/site-packages/airflow/example_dags/example_setup_teardown.py
[2025-12-24T09:25:20.436+0000] {processor.py:925} INFO - DAG(s) 'example_setup_teardown' retrieved from /home/airflow/.local/lib/python3.11/site-packages/airflow/example_dags/example_setup_teardown.py
[2025-12-24T09:25:20.477+0000] {logging_mixin.py:190} INFO - [2025-12-24T09:25:20.477+0000] {dag.py:3239} INFO - Sync 1 DAGs
[2025-12-24T09:25:20.500+0000] {logging_mixin.py:190} INFO - [2025-12-24T09:25:20.500+0000] {dag.py:4180} INFO - Setting next_dagrun for example_setup_teardown to None, run_after=None
[2025-12-24T09:25:20.550+0000] {processor.py:208} INFO - Processing /home/airflow/.local/lib/python3.11/site-packages/airflow/example_dags/example_setup_teardown.py took 0.156 seconds
[2025-12-24T09:25:51.722+0000] {processor.py:186} INFO - Started process (PID=527) to work on /home/airflow/.local/lib/python3.11/site-packages/airflow/example_dags/example_setup_teardown.py
[2025-12-24T09:25:51.724+0000] {processor.py:914} INFO - Processing file /home/airflow/.local/lib/python3.11/site-packages/airflow/example_dags/example_setup_teardown.py for tasks to queue
[2025-12-24T09:25:51.728+0000] {logging_mixin.py:190} INFO - [2025-12-24T09:25:51.728+0000] {dagbag.py:588} INFO - Filling up the DagBag from /home/airflow/.local/lib/python3.11/site-packages/airflow/example_dags/example_setup_teardown.py
[2025-12-24T09:25:51.741+0000] {processor.py:925} INFO - DAG(s) 'example_setup_teardown' retrieved from /home/airflow/.local/lib/python3.11/site-packages/airflow/example_dags/example_setup_teardown.py
[2025-12-24T09:25:51.780+0000] {logging_mixin.py:190} INFO - [2025-12-24T09:25:51.779+0000] {dag.py:3239} INFO - Sync 1 DAGs
[2025-12-24T09:25:51.801+0000] {logging_mixin.py:190} INFO - [2025-12-24T09:25:51.801+0000] {dag.py:4180} INFO - Setting next_dagrun for example_setup_teardown to None, run_after=None
[2025-12-24T09:25:51.831+0000] {processor.py:208} INFO - Processing /home/airflow/.local/lib/python3.11/site-packages/airflow/example_dags/example_setup_teardown.py took 0.129 seconds
[2025-12-24T09:25:56.827+0000] {processor.py:186} INFO - Started process (PID=560) to work on /home/airflow/.local/lib/python3.11/site-packages/airflow/example_dags/example_setup_teardown.py
[2025-12-24T09:25:56.830+0000] {processor.py:914} INFO - Processing file /home/airflow/.local/lib/python3.11/site-packages/airflow/example_dags/example_setup_teardown.py for tasks to queue
[2025-12-24T09:25:56.836+0000] {logging_mixin.py:190} INFO - [2025-12-24T09:25:56.835+0000] {dagbag.py:588} INFO - Filling up the DagBag from /home/airflow/.local/lib/python3.11/site-packages/airflow/example_dags/example_setup_teardown.py
[2025-12-24T09:25:56.858+0000] {processor.py:925} INFO - DAG(s) 'example_setup_teardown' retrieved from /home/airflow/.local/lib/python3.11/site-packages/airflow/example_dags/example_setup_teardown.py
[2025-12-24T09:25:56.898+0000] {logging_mixin.py:190} INFO - [2025-12-24T09:25:56.898+0000] {dag.py:3239} INFO - Sync 1 DAGs
[2025-12-24T09:25:56.926+0000] {logging_mixin.py:190} INFO - [2025-12-24T09:25:56.925+0000] {dag.py:4180} INFO - Setting next_dagrun for example_setup_teardown to None, run_after=None
[2025-12-24T09:25:56.959+0000] {processor.py:208} INFO - Processing /home/airflow/.local/lib/python3.11/site-packages/airflow/example_dags/example_setup_teardown.py took 0.147 seconds
[2025-12-24T09:26:06.046+0000] {processor.py:186} INFO - Started process (PID=624) to work on /home/airflow/.local/lib/python3.11/site-packages/airflow/example_dags/example_setup_teardown.py
[2025-12-24T09:26:06.049+0000] {processor.py:914} INFO - Processing file /home/airflow/.local/lib/python3.11/site-packages/airflow/example_dags/example_setup_teardown.py for tasks to queue
[2025-12-24T09:26:06.056+0000] {logging_mixin.py:190} INFO - [2025-12-24T09:26:06.055+0000] {dagbag.py:588} INFO - Filling up the DagBag from /home/airflow/.local/lib/python3.11/site-packages/airflow/example_dags/example_setup_teardown.py
[2025-12-24T09:26:06.086+0000] {processor.py:925} INFO - DAG(s) 'example_setup_teardown' retrieved from /home/airflow/.local/lib/python3.11/site-packages/airflow/example_dags/example_setup_teardown.py
[2025-12-24T09:26:06.130+0000] {logging_mixin.py:190} INFO - [2025-12-24T09:26:06.129+0000] {dag.py:3239} INFO - Sync 1 DAGs
[2025-12-24T09:26:06.156+0000] {logging_mixin.py:190} INFO - [2025-12-24T09:26:06.155+0000] {dag.py:4180} INFO - Setting next_dagrun for example_setup_teardown to None, run_after=None
[2025-12-24T09:26:06.194+0000] {processor.py:208} INFO - Processing /home/airflow/.local/lib/python3.11/site-packages/airflow/example_dags/example_setup_teardown.py took 0.160 seconds
[2025-12-24T09:26:14.602+0000] {processor.py:186} INFO - Started process (PID=680) to work on /home/airflow/.local/lib/python3.11/site-packages/airflow/example_dags/example_setup_teardown.py
[2025-12-24T09:26:14.604+0000] {processor.py:914} INFO - Processing file /home/airflow/.local/lib/python3.11/site-packages/airflow/example_dags/example_setup_teardown.py for tasks to queue
[2025-12-24T09:26:14.608+0000] {logging_mixin.py:190} INFO - [2025-12-24T09:26:14.608+0000] {dagbag.py:588} INFO - Filling up the DagBag from /home/airflow/.local/lib/python3.11/site-packages/airflow/example_dags/example_setup_teardown.py
[2025-12-24T09:26:14.625+0000] {processor.py:925} INFO - DAG(s) 'example_setup_teardown' retrieved from /home/airflow/.local/lib/python3.11/site-packages/airflow/example_dags/example_setup_teardown.py
[2025-12-24T09:26:14.681+0000] {logging_mixin.py:190} INFO - [2025-12-24T09:26:14.681+0000] {dag.py:3239} INFO - Sync 1 DAGs
[2025-12-24T09:26:14.715+0000] {logging_mixin.py:190} INFO - [2025-12-24T09:26:14.714+0000] {dag.py:4180} INFO - Setting next_dagrun for example_setup_teardown to None, run_after=None
[2025-12-24T09:26:14.748+0000] {processor.py:208} INFO - Processing /home/airflow/.local/lib/python3.11/site-packages/airflow/example_dags/example_setup_teardown.py took 0.156 seconds
[2025-12-24T09:26:25.532+0000] {processor.py:186} INFO - Started process (PID=732) to work on /home/airflow/.local/lib/python3.11/site-packages/airflow/example_dags/example_setup_teardown.py
[2025-12-24T09:26:25.534+0000] {processor.py:914} INFO - Processing file /home/airflow/.local/lib/python3.11/site-packages/airflow/example_dags/example_setup_teardown.py for tasks to queue
[2025-12-24T09:26:25.540+0000] {logging_mixin.py:190} INFO - [2025-12-24T09:26:25.540+0000] {dagbag.py:588} INFO - Filling up the DagBag from /home/airflow/.local/lib/python3.11/site-packages/airflow/example_dags/example_setup_teardown.py
[2025-12-24T09:26:25.564+0000] {processor.py:925} INFO - DAG(s) 'example_setup_teardown' retrieved from /home/airflow/.local/lib/python3.11/site-packages/airflow/example_dags/example_setup_teardown.py
[2025-12-24T09:26:25.614+0000] {logging_mixin.py:190} INFO - [2025-12-24T09:26:25.613+0000] {dag.py:3239} INFO - Sync 1 DAGs
[2025-12-24T09:26:25.634+0000] {logging_mixin.py:190} INFO - [2025-12-24T09:26:25.634+0000] {dag.py:4180} INFO - Setting next_dagrun for example_setup_teardown to None, run_after=None
[2025-12-24T09:26:25.663+0000] {processor.py:208} INFO - Processing /home/airflow/.local/lib/python3.11/site-packages/airflow/example_dags/example_setup_teardown.py took 0.142 seconds
[2025-12-24T09:26:35.779+0000] {processor.py:186} INFO - Started process (PID=787) to work on /home/airflow/.local/lib/python3.11/site-packages/airflow/example_dags/example_setup_teardown.py
[2025-12-24T09:26:35.782+0000] {processor.py:914} INFO - Processing file /home/airflow/.local/lib/python3.11/site-packages/airflow/example_dags/example_setup_teardown.py for tasks to queue
[2025-12-24T09:26:35.789+0000] {logging_mixin.py:190} INFO - [2025-12-24T09:26:35.789+0000] {dagbag.py:588} INFO - Filling up the DagBag from /home/airflow/.local/lib/python3.11/site-packages/airflow/example_dags/example_setup_teardown.py
[2025-12-24T09:26:35.810+0000] {processor.py:925} INFO - DAG(s) 'example_setup_teardown' retrieved from /home/airflow/.local/lib/python3.11/site-packages/airflow/example_dags/example_setup_teardown.py
[2025-12-24T09:26:35.860+0000] {logging_mixin.py:190} INFO - [2025-12-24T09:26:35.859+0000] {dag.py:3239} INFO - Sync 1 DAGs
[2025-12-24T09:26:35.905+0000] {logging_mixin.py:190} INFO - [2025-12-24T09:26:35.905+0000] {dag.py:4180} INFO - Setting next_dagrun for example_setup_teardown to None, run_after=None
[2025-12-24T09:26:35.938+0000] {processor.py:208} INFO - Processing /home/airflow/.local/lib/python3.11/site-packages/airflow/example_dags/example_setup_teardown.py took 0.179 seconds
[2025-12-24T09:26:46.060+0000] {processor.py:186} INFO - Started process (PID=840) to work on /home/airflow/.local/lib/python3.11/site-packages/airflow/example_dags/example_setup_teardown.py
[2025-12-24T09:26:46.062+0000] {processor.py:914} INFO - Processing file /home/airflow/.local/lib/python3.11/site-packages/airflow/example_dags/example_setup_teardown.py for tasks to queue
[2025-12-24T09:26:46.067+0000] {logging_mixin.py:190} INFO - [2025-12-24T09:26:46.066+0000] {dagbag.py:588} INFO - Filling up the DagBag from /home/airflow/.local/lib/python3.11/site-packages/airflow/example_dags/example_setup_teardown.py
[2025-12-24T09:26:46.085+0000] {processor.py:925} INFO - DAG(s) 'example_setup_teardown' retrieved from /home/airflow/.local/lib/python3.11/site-packages/airflow/example_dags/example_setup_teardown.py
[2025-12-24T09:26:46.120+0000] {logging_mixin.py:190} INFO - [2025-12-24T09:26:46.119+0000] {dag.py:3239} INFO - Sync 1 DAGs
[2025-12-24T09:26:46.140+0000] {logging_mixin.py:190} INFO - [2025-12-24T09:26:46.140+0000] {dag.py:4180} INFO - Setting next_dagrun for example_setup_teardown to None, run_after=None
[2025-12-24T09:26:46.179+0000] {processor.py:208} INFO - Processing /home/airflow/.local/lib/python3.11/site-packages/airflow/example_dags/example_setup_teardown.py took 0.129 seconds
[2025-12-24T09:27:43.749+0000] {processor.py:186} INFO - Started process (PID=902) to work on /home/airflow/.local/lib/python3.11/site-packages/airflow/example_dags/example_setup_teardown.py
[2025-12-24T09:27:43.752+0000] {processor.py:914} INFO - Processing file /home/airflow/.local/lib/python3.11/site-packages/airflow/example_dags/example_setup_teardown.py for tasks to queue
[2025-12-24T09:27:43.757+0000] {logging_mixin.py:190} INFO - [2025-12-24T09:27:43.757+0000] {dagbag.py:588} INFO - Filling up the DagBag from /home/airflow/.local/lib/python3.11/site-packages/airflow/example_dags/example_setup_teardown.py
[2025-12-24T09:27:43.776+0000] {processor.py:925} INFO - DAG(s) 'example_setup_teardown' retrieved from /home/airflow/.local/lib/python3.11/site-packages/airflow/example_dags/example_setup_teardown.py
[2025-12-24T09:27:43.822+0000] {logging_mixin.py:190} INFO - [2025-12-24T09:27:43.821+0000] {dag.py:3239} INFO - Sync 1 DAGs
[2025-12-24T09:27:43.855+0000] {logging_mixin.py:190} INFO - [2025-12-24T09:27:43.854+0000] {dag.py:4180} INFO - Setting next_dagrun for example_setup_teardown to None, run_after=None
[2025-12-24T09:27:43.917+0000] {processor.py:208} INFO - Processing /home/airflow/.local/lib/python3.11/site-packages/airflow/example_dags/example_setup_teardown.py took 0.184 seconds
[2025-12-24T09:27:51.023+0000] {processor.py:186} INFO - Started process (PID=968) to work on /home/airflow/.local/lib/python3.11/site-packages/airflow/example_dags/example_setup_teardown.py
[2025-12-24T09:27:51.026+0000] {processor.py:914} INFO - Processing file /home/airflow/.local/lib/python3.11/site-packages/airflow/example_dags/example_setup_teardown.py for tasks to queue
[2025-12-24T09:27:51.031+0000] {logging_mixin.py:190} INFO - [2025-12-24T09:27:51.030+0000] {dagbag.py:588} INFO - Filling up the DagBag from /home/airflow/.local/lib/python3.11/site-packages/airflow/example_dags/example_setup_teardown.py
[2025-12-24T09:27:51.047+0000] {processor.py:925} INFO - DAG(s) 'example_setup_teardown' retrieved from /home/airflow/.local/lib/python3.11/site-packages/airflow/example_dags/example_setup_teardown.py
[2025-12-24T09:27:51.095+0000] {logging_mixin.py:190} INFO - [2025-12-24T09:27:51.095+0000] {dag.py:3239} INFO - Sync 1 DAGs
[2025-12-24T09:27:51.122+0000] {logging_mixin.py:190} INFO - [2025-12-24T09:27:51.122+0000] {dag.py:4180} INFO - Setting next_dagrun for example_setup_teardown to None, run_after=None
[2025-12-24T09:27:51.158+0000] {processor.py:208} INFO - Processing /home/airflow/.local/lib/python3.11/site-packages/airflow/example_dags/example_setup_teardown.py took 0.148 seconds
[2025-12-24T09:28:01.038+0000] {processor.py:186} INFO - Started process (PID=1034) to work on /home/airflow/.local/lib/python3.11/site-packages/airflow/example_dags/example_setup_teardown.py
[2025-12-24T09:28:01.040+0000] {processor.py:914} INFO - Processing file /home/airflow/.local/lib/python3.11/site-packages/airflow/example_dags/example_setup_teardown.py for tasks to queue
[2025-12-24T09:28:01.044+0000] {logging_mixin.py:190} INFO - [2025-12-24T09:28:01.044+0000] {dagbag.py:588} INFO - Filling up the DagBag from /home/airflow/.local/lib/python3.11/site-packages/airflow/example_dags/example_setup_teardown.py
[2025-12-24T09:28:01.069+0000] {processor.py:925} INFO - DAG(s) 'example_setup_teardown' retrieved from /home/airflow/.local/lib/python3.11/site-packages/airflow/example_dags/example_setup_teardown.py
[2025-12-24T09:28:01.106+0000] {logging_mixin.py:190} INFO - [2025-12-24T09:28:01.106+0000] {dag.py:3239} INFO - Sync 1 DAGs
[2025-12-24T09:28:01.126+0000] {logging_mixin.py:190} INFO - [2025-12-24T09:28:01.125+0000] {dag.py:4180} INFO - Setting next_dagrun for example_setup_teardown to None, run_after=None
[2025-12-24T09:28:01.158+0000] {processor.py:208} INFO - Processing /home/airflow/.local/lib/python3.11/site-packages/airflow/example_dags/example_setup_teardown.py took 0.135 seconds
[2025-12-24T09:28:15.606+0000] {processor.py:186} INFO - Started process (PID=1093) to work on /home/airflow/.local/lib/python3.11/site-packages/airflow/example_dags/example_setup_teardown.py
[2025-12-24T09:28:15.608+0000] {processor.py:914} INFO - Processing file /home/airflow/.local/lib/python3.11/site-packages/airflow/example_dags/example_setup_teardown.py for tasks to queue
[2025-12-24T09:28:15.613+0000] {logging_mixin.py:190} INFO - [2025-12-24T09:28:15.612+0000] {dagbag.py:588} INFO - Filling up the DagBag from /home/airflow/.local/lib/python3.11/site-packages/airflow/example_dags/example_setup_teardown.py
[2025-12-24T09:28:15.629+0000] {processor.py:925} INFO - DAG(s) 'example_setup_teardown' retrieved from /home/airflow/.local/lib/python3.11/site-packages/airflow/example_dags/example_setup_teardown.py
[2025-12-24T09:28:15.664+0000] {logging_mixin.py:190} INFO - [2025-12-24T09:28:15.664+0000] {dag.py:3239} INFO - Sync 1 DAGs
[2025-12-24T09:28:15.682+0000] {logging_mixin.py:190} INFO - [2025-12-24T09:28:15.682+0000] {dag.py:4180} INFO - Setting next_dagrun for example_setup_teardown to None, run_after=None
[2025-12-24T09:28:15.722+0000] {processor.py:208} INFO - Processing /home/airflow/.local/lib/python3.11/site-packages/airflow/example_dags/example_setup_teardown.py took 0.129 seconds
[2025-12-24T09:29:13.325+0000] {processor.py:186} INFO - Started process (PID=1152) to work on /home/airflow/.local/lib/python3.11/site-packages/airflow/example_dags/example_setup_teardown.py
[2025-12-24T09:29:13.327+0000] {processor.py:914} INFO - Processing file /home/airflow/.local/lib/python3.11/site-packages/airflow/example_dags/example_setup_teardown.py for tasks to queue
[2025-12-24T09:29:13.333+0000] {logging_mixin.py:190} INFO - [2025-12-24T09:29:13.332+0000] {dagbag.py:588} INFO - Filling up the DagBag from /home/airflow/.local/lib/python3.11/site-packages/airflow/example_dags/example_setup_teardown.py
[2025-12-24T09:29:13.356+0000] {processor.py:925} INFO - DAG(s) 'example_setup_teardown' retrieved from /home/airflow/.local/lib/python3.11/site-packages/airflow/example_dags/example_setup_teardown.py
[2025-12-24T09:29:13.405+0000] {logging_mixin.py:190} INFO - [2025-12-24T09:29:13.405+0000] {dag.py:3239} INFO - Sync 1 DAGs
[2025-12-24T09:29:13.433+0000] {logging_mixin.py:190} INFO - [2025-12-24T09:29:13.433+0000] {dag.py:4180} INFO - Setting next_dagrun for example_setup_teardown to None, run_after=None
[2025-12-24T09:29:13.497+0000] {processor.py:208} INFO - Processing /home/airflow/.local/lib/python3.11/site-packages/airflow/example_dags/example_setup_teardown.py took 0.187 seconds
