[2025-12-24T09:03:07.885+0000] {processor.py:186} INFO - Started process (PID=126) to work on /home/airflow/.local/lib/python3.11/site-packages/airflow/example_dags/example_workday_timetable.py
[2025-12-24T09:03:07.909+0000] {processor.py:914} INFO - Processing file /home/airflow/.local/lib/python3.11/site-packages/airflow/example_dags/example_workday_timetable.py for tasks to queue
[2025-12-24T09:03:07.915+0000] {logging_mixin.py:190} INFO - [2025-12-24T09:03:07.915+0000] {dagbag.py:588} INFO - Filling up the DagBag from /home/airflow/.local/lib/python3.11/site-packages/airflow/example_dags/example_workday_timetable.py
[2025-12-24T09:03:07.930+0000] {processor.py:925} INFO - DAG(s) 'example_workday_timetable' retrieved from /home/airflow/.local/lib/python3.11/site-packages/airflow/example_dags/example_workday_timetable.py
[2025-12-24T09:03:08.169+0000] {logging_mixin.py:190} INFO - [2025-12-24T09:03:08.168+0000] {override.py:1911} INFO - Created Permission View: can edit on DAG:example_workday_timetable
[2025-12-24T09:03:08.194+0000] {logging_mixin.py:190} INFO - [2025-12-24T09:03:08.193+0000] {override.py:1911} INFO - Created Permission View: can read on DAG:example_workday_timetable
[2025-12-24T09:03:08.209+0000] {logging_mixin.py:190} INFO - [2025-12-24T09:03:08.208+0000] {override.py:1911} INFO - Created Permission View: can delete on DAG:example_workday_timetable
[2025-12-24T09:03:08.229+0000] {logging_mixin.py:190} INFO - [2025-12-24T09:03:08.229+0000] {override.py:1911} INFO - Created Permission View: can read on DAG Run:example_workday_timetable
[2025-12-24T09:03:08.246+0000] {logging_mixin.py:190} INFO - [2025-12-24T09:03:08.246+0000] {override.py:1911} INFO - Created Permission View: can create on DAG Run:example_workday_timetable
[2025-12-24T09:03:08.265+0000] {logging_mixin.py:190} INFO - [2025-12-24T09:03:08.265+0000] {override.py:1911} INFO - Created Permission View: can delete on DAG Run:example_workday_timetable
[2025-12-24T09:03:08.281+0000] {logging_mixin.py:190} INFO - [2025-12-24T09:03:08.280+0000] {override.py:1911} INFO - Created Permission View: menu access on DAG Run:example_workday_timetable
[2025-12-24T09:03:08.282+0000] {logging_mixin.py:190} INFO - [2025-12-24T09:03:08.282+0000] {dag.py:3239} INFO - Sync 1 DAGs
[2025-12-24T09:03:08.305+0000] {logging_mixin.py:190} INFO - [2025-12-24T09:03:08.305+0000] {dag.py:3262} INFO - Creating ORM DAG for example_workday_timetable
[2025-12-24T09:03:08.444+0000] {logging_mixin.py:190} INFO - [2025-12-24T09:03:08.444+0000] {dag.py:4180} INFO - Setting next_dagrun for example_workday_timetable to 2021-01-04 00:00:00+00:00, run_after=2021-01-05 00:00:00+00:00
[2025-12-24T09:03:08.486+0000] {processor.py:208} INFO - Processing /home/airflow/.local/lib/python3.11/site-packages/airflow/example_dags/example_workday_timetable.py took 0.619 seconds
[2025-12-24T09:03:17.515+0000] {processor.py:186} INFO - Started process (PID=191) to work on /home/airflow/.local/lib/python3.11/site-packages/airflow/example_dags/example_workday_timetable.py
[2025-12-24T09:03:17.517+0000] {processor.py:914} INFO - Processing file /home/airflow/.local/lib/python3.11/site-packages/airflow/example_dags/example_workday_timetable.py for tasks to queue
[2025-12-24T09:03:17.522+0000] {logging_mixin.py:190} INFO - [2025-12-24T09:03:17.521+0000] {dagbag.py:588} INFO - Filling up the DagBag from /home/airflow/.local/lib/python3.11/site-packages/airflow/example_dags/example_workday_timetable.py
[2025-12-24T09:03:17.535+0000] {processor.py:925} INFO - DAG(s) 'example_workday_timetable' retrieved from /home/airflow/.local/lib/python3.11/site-packages/airflow/example_dags/example_workday_timetable.py
[2025-12-24T09:03:17.569+0000] {logging_mixin.py:190} INFO - [2025-12-24T09:03:17.568+0000] {dag.py:3239} INFO - Sync 1 DAGs
[2025-12-24T09:03:17.670+0000] {logging_mixin.py:190} INFO - [2025-12-24T09:03:17.669+0000] {dag.py:4180} INFO - Setting next_dagrun for example_workday_timetable to 2021-01-04 00:00:00+00:00, run_after=2021-01-05 00:00:00+00:00
[2025-12-24T09:03:17.755+0000] {processor.py:208} INFO - Processing /home/airflow/.local/lib/python3.11/site-packages/airflow/example_dags/example_workday_timetable.py took 0.259 seconds
[2025-12-24T09:04:19.612+0000] {processor.py:186} INFO - Started process (PID=246) to work on /home/airflow/.local/lib/python3.11/site-packages/airflow/example_dags/example_workday_timetable.py
[2025-12-24T09:04:19.614+0000] {processor.py:914} INFO - Processing file /home/airflow/.local/lib/python3.11/site-packages/airflow/example_dags/example_workday_timetable.py for tasks to queue
[2025-12-24T09:04:19.618+0000] {logging_mixin.py:190} INFO - [2025-12-24T09:04:19.617+0000] {dagbag.py:588} INFO - Filling up the DagBag from /home/airflow/.local/lib/python3.11/site-packages/airflow/example_dags/example_workday_timetable.py
[2025-12-24T09:04:19.627+0000] {processor.py:925} INFO - DAG(s) 'example_workday_timetable' retrieved from /home/airflow/.local/lib/python3.11/site-packages/airflow/example_dags/example_workday_timetable.py
[2025-12-24T09:04:19.662+0000] {logging_mixin.py:190} INFO - [2025-12-24T09:04:19.661+0000] {dag.py:3239} INFO - Sync 1 DAGs
[2025-12-24T09:04:19.761+0000] {logging_mixin.py:190} INFO - [2025-12-24T09:04:19.760+0000] {dag.py:4180} INFO - Setting next_dagrun for example_workday_timetable to 2021-01-04 00:00:00+00:00, run_after=2021-01-05 00:00:00+00:00
[2025-12-24T09:04:19.787+0000] {processor.py:208} INFO - Processing /home/airflow/.local/lib/python3.11/site-packages/airflow/example_dags/example_workday_timetable.py took 0.186 seconds
[2025-12-24T09:04:18.424+0000] {processor.py:186} INFO - Started process (PID=319) to work on /home/airflow/.local/lib/python3.11/site-packages/airflow/example_dags/example_workday_timetable.py
[2025-12-24T09:04:18.428+0000] {processor.py:914} INFO - Processing file /home/airflow/.local/lib/python3.11/site-packages/airflow/example_dags/example_workday_timetable.py for tasks to queue
[2025-12-24T09:04:18.434+0000] {logging_mixin.py:190} INFO - [2025-12-24T09:04:18.434+0000] {dagbag.py:588} INFO - Filling up the DagBag from /home/airflow/.local/lib/python3.11/site-packages/airflow/example_dags/example_workday_timetable.py
[2025-12-24T09:04:18.449+0000] {processor.py:925} INFO - DAG(s) 'example_workday_timetable' retrieved from /home/airflow/.local/lib/python3.11/site-packages/airflow/example_dags/example_workday_timetable.py
[2025-12-24T09:04:18.498+0000] {logging_mixin.py:190} INFO - [2025-12-24T09:04:18.497+0000] {dag.py:3239} INFO - Sync 1 DAGs
[2025-12-24T09:04:18.670+0000] {logging_mixin.py:190} INFO - [2025-12-24T09:04:18.670+0000] {dag.py:4180} INFO - Setting next_dagrun for example_workday_timetable to 2021-01-04 00:00:00+00:00, run_after=2021-01-05 00:00:00+00:00
[2025-12-24T09:04:18.706+0000] {processor.py:208} INFO - Processing /home/airflow/.local/lib/python3.11/site-packages/airflow/example_dags/example_workday_timetable.py took 0.302 seconds
[2025-12-24T09:04:47.756+0000] {processor.py:186} INFO - Started process (PID=383) to work on /home/airflow/.local/lib/python3.11/site-packages/airflow/example_dags/example_workday_timetable.py
[2025-12-24T09:04:47.758+0000] {processor.py:914} INFO - Processing file /home/airflow/.local/lib/python3.11/site-packages/airflow/example_dags/example_workday_timetable.py for tasks to queue
[2025-12-24T09:04:47.762+0000] {logging_mixin.py:190} INFO - [2025-12-24T09:04:47.761+0000] {dagbag.py:588} INFO - Filling up the DagBag from /home/airflow/.local/lib/python3.11/site-packages/airflow/example_dags/example_workday_timetable.py
[2025-12-24T09:04:47.773+0000] {processor.py:925} INFO - DAG(s) 'example_workday_timetable' retrieved from /home/airflow/.local/lib/python3.11/site-packages/airflow/example_dags/example_workday_timetable.py
[2025-12-24T09:04:47.827+0000] {logging_mixin.py:190} INFO - [2025-12-24T09:04:47.826+0000] {dag.py:3239} INFO - Sync 1 DAGs
[2025-12-24T09:04:47.931+0000] {logging_mixin.py:190} INFO - [2025-12-24T09:04:47.931+0000] {dag.py:4180} INFO - Setting next_dagrun for example_workday_timetable to 2021-01-04 00:00:00+00:00, run_after=2021-01-05 00:00:00+00:00
[2025-12-24T09:04:47.963+0000] {processor.py:208} INFO - Processing /home/airflow/.local/lib/python3.11/site-packages/airflow/example_dags/example_workday_timetable.py took 0.215 seconds
[2025-12-24T09:04:57.097+0000] {processor.py:186} INFO - Started process (PID=441) to work on /home/airflow/.local/lib/python3.11/site-packages/airflow/example_dags/example_workday_timetable.py
[2025-12-24T09:04:57.099+0000] {processor.py:914} INFO - Processing file /home/airflow/.local/lib/python3.11/site-packages/airflow/example_dags/example_workday_timetable.py for tasks to queue
[2025-12-24T09:04:57.102+0000] {logging_mixin.py:190} INFO - [2025-12-24T09:04:57.102+0000] {dagbag.py:588} INFO - Filling up the DagBag from /home/airflow/.local/lib/python3.11/site-packages/airflow/example_dags/example_workday_timetable.py
[2025-12-24T09:04:57.118+0000] {processor.py:925} INFO - DAG(s) 'example_workday_timetable' retrieved from /home/airflow/.local/lib/python3.11/site-packages/airflow/example_dags/example_workday_timetable.py
[2025-12-24T09:04:57.152+0000] {logging_mixin.py:190} INFO - [2025-12-24T09:04:57.151+0000] {dag.py:3239} INFO - Sync 1 DAGs
[2025-12-24T09:04:57.221+0000] {logging_mixin.py:190} INFO - [2025-12-24T09:04:57.221+0000] {dag.py:4180} INFO - Setting next_dagrun for example_workday_timetable to 2021-01-04 00:00:00+00:00, run_after=2021-01-05 00:00:00+00:00
[2025-12-24T09:04:57.248+0000] {processor.py:208} INFO - Processing /home/airflow/.local/lib/python3.11/site-packages/airflow/example_dags/example_workday_timetable.py took 0.162 seconds
[2025-12-24T09:06:13.248+0000] {processor.py:186} INFO - Started process (PID=540) to work on /home/airflow/.local/lib/python3.11/site-packages/airflow/example_dags/example_workday_timetable.py
[2025-12-24T09:06:13.250+0000] {processor.py:914} INFO - Processing file /home/airflow/.local/lib/python3.11/site-packages/airflow/example_dags/example_workday_timetable.py for tasks to queue
[2025-12-24T09:06:13.253+0000] {logging_mixin.py:190} INFO - [2025-12-24T09:06:13.253+0000] {dagbag.py:588} INFO - Filling up the DagBag from /home/airflow/.local/lib/python3.11/site-packages/airflow/example_dags/example_workday_timetable.py
[2025-12-24T09:06:13.263+0000] {processor.py:925} INFO - DAG(s) 'example_workday_timetable' retrieved from /home/airflow/.local/lib/python3.11/site-packages/airflow/example_dags/example_workday_timetable.py
[2025-12-24T09:05:30.949+0000] {logging_mixin.py:190} INFO - [2025-12-24T09:05:30.948+0000] {dag.py:3239} INFO - Sync 1 DAGs
[2025-12-24T09:05:31.035+0000] {logging_mixin.py:190} INFO - [2025-12-24T09:05:31.035+0000] {dag.py:4180} INFO - Setting next_dagrun for example_workday_timetable to 2021-01-04 00:00:00+00:00, run_after=2021-01-05 00:00:00+00:00
[2025-12-24T09:05:31.065+0000] {processor.py:208} INFO - Processing /home/airflow/.local/lib/python3.11/site-packages/airflow/example_dags/example_workday_timetable.py took 0.174 seconds
[2025-12-24T09:05:43.445+0000] {processor.py:186} INFO - Started process (PID=595) to work on /home/airflow/.local/lib/python3.11/site-packages/airflow/example_dags/example_workday_timetable.py
[2025-12-24T09:05:43.447+0000] {processor.py:914} INFO - Processing file /home/airflow/.local/lib/python3.11/site-packages/airflow/example_dags/example_workday_timetable.py for tasks to queue
[2025-12-24T09:05:43.451+0000] {logging_mixin.py:190} INFO - [2025-12-24T09:05:43.450+0000] {dagbag.py:588} INFO - Filling up the DagBag from /home/airflow/.local/lib/python3.11/site-packages/airflow/example_dags/example_workday_timetable.py
[2025-12-24T09:05:43.461+0000] {processor.py:925} INFO - DAG(s) 'example_workday_timetable' retrieved from /home/airflow/.local/lib/python3.11/site-packages/airflow/example_dags/example_workday_timetable.py
[2025-12-24T09:05:43.514+0000] {logging_mixin.py:190} INFO - [2025-12-24T09:05:43.513+0000] {dag.py:3239} INFO - Sync 1 DAGs
[2025-12-24T09:05:43.583+0000] {logging_mixin.py:190} INFO - [2025-12-24T09:05:43.583+0000] {dag.py:4180} INFO - Setting next_dagrun for example_workday_timetable to 2021-01-04 00:00:00+00:00, run_after=2021-01-05 00:00:00+00:00
[2025-12-24T09:05:43.717+0000] {processor.py:208} INFO - Processing /home/airflow/.local/lib/python3.11/site-packages/airflow/example_dags/example_workday_timetable.py took 0.283 seconds
[2025-12-24T09:06:44.713+0000] {processor.py:186} INFO - Started process (PID=657) to work on /home/airflow/.local/lib/python3.11/site-packages/airflow/example_dags/example_workday_timetable.py
[2025-12-24T09:06:44.715+0000] {processor.py:914} INFO - Processing file /home/airflow/.local/lib/python3.11/site-packages/airflow/example_dags/example_workday_timetable.py for tasks to queue
[2025-12-24T09:06:44.719+0000] {logging_mixin.py:190} INFO - [2025-12-24T09:06:44.718+0000] {dagbag.py:588} INFO - Filling up the DagBag from /home/airflow/.local/lib/python3.11/site-packages/airflow/example_dags/example_workday_timetable.py
[2025-12-24T09:06:44.728+0000] {processor.py:925} INFO - DAG(s) 'example_workday_timetable' retrieved from /home/airflow/.local/lib/python3.11/site-packages/airflow/example_dags/example_workday_timetable.py
[2025-12-24T09:06:44.765+0000] {logging_mixin.py:190} INFO - [2025-12-24T09:06:44.764+0000] {dag.py:3239} INFO - Sync 1 DAGs
[2025-12-24T09:06:44.848+0000] {logging_mixin.py:190} INFO - [2025-12-24T09:06:44.848+0000] {dag.py:4180} INFO - Setting next_dagrun for example_workday_timetable to 2021-01-04 00:00:00+00:00, run_after=2021-01-05 00:00:00+00:00
[2025-12-24T09:06:44.872+0000] {processor.py:208} INFO - Processing /home/airflow/.local/lib/python3.11/site-packages/airflow/example_dags/example_workday_timetable.py took 0.170 seconds
[2025-12-24T09:06:49.161+0000] {processor.py:186} INFO - Started process (PID=733) to work on /home/airflow/.local/lib/python3.11/site-packages/airflow/example_dags/example_workday_timetable.py
[2025-12-24T09:06:49.163+0000] {processor.py:914} INFO - Processing file /home/airflow/.local/lib/python3.11/site-packages/airflow/example_dags/example_workday_timetable.py for tasks to queue
[2025-12-24T09:06:49.168+0000] {logging_mixin.py:190} INFO - [2025-12-24T09:06:49.167+0000] {dagbag.py:588} INFO - Filling up the DagBag from /home/airflow/.local/lib/python3.11/site-packages/airflow/example_dags/example_workday_timetable.py
[2025-12-24T09:06:49.181+0000] {processor.py:925} INFO - DAG(s) 'example_workday_timetable' retrieved from /home/airflow/.local/lib/python3.11/site-packages/airflow/example_dags/example_workday_timetable.py
[2025-12-24T09:06:49.227+0000] {logging_mixin.py:190} INFO - [2025-12-24T09:06:49.226+0000] {dag.py:3239} INFO - Sync 1 DAGs
[2025-12-24T09:06:49.361+0000] {logging_mixin.py:190} INFO - [2025-12-24T09:06:49.360+0000] {dag.py:4180} INFO - Setting next_dagrun for example_workday_timetable to 2021-01-04 00:00:00+00:00, run_after=2021-01-05 00:00:00+00:00
[2025-12-24T09:06:49.404+0000] {processor.py:208} INFO - Processing /home/airflow/.local/lib/python3.11/site-packages/airflow/example_dags/example_workday_timetable.py took 0.253 seconds
[2025-12-24T09:07:18.540+0000] {processor.py:186} INFO - Started process (PID=797) to work on /home/airflow/.local/lib/python3.11/site-packages/airflow/example_dags/example_workday_timetable.py
[2025-12-24T09:07:18.545+0000] {processor.py:914} INFO - Processing file /home/airflow/.local/lib/python3.11/site-packages/airflow/example_dags/example_workday_timetable.py for tasks to queue
[2025-12-24T09:07:18.555+0000] {logging_mixin.py:190} INFO - [2025-12-24T09:07:18.554+0000] {dagbag.py:588} INFO - Filling up the DagBag from /home/airflow/.local/lib/python3.11/site-packages/airflow/example_dags/example_workday_timetable.py
[2025-12-24T09:07:18.575+0000] {processor.py:925} INFO - DAG(s) 'example_workday_timetable' retrieved from /home/airflow/.local/lib/python3.11/site-packages/airflow/example_dags/example_workday_timetable.py
[2025-12-24T09:07:18.667+0000] {logging_mixin.py:190} INFO - [2025-12-24T09:07:18.666+0000] {dag.py:3239} INFO - Sync 1 DAGs
[2025-12-24T09:07:18.835+0000] {logging_mixin.py:190} INFO - [2025-12-24T09:07:18.835+0000] {dag.py:4180} INFO - Setting next_dagrun for example_workday_timetable to 2021-01-04 00:00:00+00:00, run_after=2021-01-05 00:00:00+00:00
[2025-12-24T09:07:18.897+0000] {processor.py:208} INFO - Processing /home/airflow/.local/lib/python3.11/site-packages/airflow/example_dags/example_workday_timetable.py took 0.373 seconds
[2025-12-24T09:07:28.770+0000] {processor.py:186} INFO - Started process (PID=854) to work on /home/airflow/.local/lib/python3.11/site-packages/airflow/example_dags/example_workday_timetable.py
[2025-12-24T09:07:28.772+0000] {processor.py:914} INFO - Processing file /home/airflow/.local/lib/python3.11/site-packages/airflow/example_dags/example_workday_timetable.py for tasks to queue
[2025-12-24T09:07:28.777+0000] {logging_mixin.py:190} INFO - [2025-12-24T09:07:28.777+0000] {dagbag.py:588} INFO - Filling up the DagBag from /home/airflow/.local/lib/python3.11/site-packages/airflow/example_dags/example_workday_timetable.py
[2025-12-24T09:07:28.788+0000] {processor.py:925} INFO - DAG(s) 'example_workday_timetable' retrieved from /home/airflow/.local/lib/python3.11/site-packages/airflow/example_dags/example_workday_timetable.py
[2025-12-24T09:07:28.822+0000] {logging_mixin.py:190} INFO - [2025-12-24T09:07:28.821+0000] {dag.py:3239} INFO - Sync 1 DAGs
[2025-12-24T09:07:28.930+0000] {logging_mixin.py:190} INFO - [2025-12-24T09:07:28.929+0000] {dag.py:4180} INFO - Setting next_dagrun for example_workday_timetable to 2021-01-04 00:00:00+00:00, run_after=2021-01-05 00:00:00+00:00
[2025-12-24T09:07:28.979+0000] {processor.py:208} INFO - Processing /home/airflow/.local/lib/python3.11/site-packages/airflow/example_dags/example_workday_timetable.py took 0.222 seconds
[2025-12-24T09:07:37.749+0000] {processor.py:186} INFO - Started process (PID=910) to work on /home/airflow/.local/lib/python3.11/site-packages/airflow/example_dags/example_workday_timetable.py
[2025-12-24T09:07:37.756+0000] {processor.py:914} INFO - Processing file /home/airflow/.local/lib/python3.11/site-packages/airflow/example_dags/example_workday_timetable.py for tasks to queue
[2025-12-24T09:07:37.762+0000] {logging_mixin.py:190} INFO - [2025-12-24T09:07:37.761+0000] {dagbag.py:588} INFO - Filling up the DagBag from /home/airflow/.local/lib/python3.11/site-packages/airflow/example_dags/example_workday_timetable.py
[2025-12-24T09:07:37.777+0000] {processor.py:925} INFO - DAG(s) 'example_workday_timetable' retrieved from /home/airflow/.local/lib/python3.11/site-packages/airflow/example_dags/example_workday_timetable.py
[2025-12-24T09:07:37.815+0000] {logging_mixin.py:190} INFO - [2025-12-24T09:07:37.814+0000] {dag.py:3239} INFO - Sync 1 DAGs
[2025-12-24T09:07:37.899+0000] {logging_mixin.py:190} INFO - [2025-12-24T09:07:37.899+0000] {dag.py:4180} INFO - Setting next_dagrun for example_workday_timetable to 2021-01-04 00:00:00+00:00, run_after=2021-01-05 00:00:00+00:00
[2025-12-24T09:07:37.938+0000] {processor.py:208} INFO - Processing /home/airflow/.local/lib/python3.11/site-packages/airflow/example_dags/example_workday_timetable.py took 0.205 seconds
[2025-12-24T09:07:46.830+0000] {processor.py:186} INFO - Started process (PID=971) to work on /home/airflow/.local/lib/python3.11/site-packages/airflow/example_dags/example_workday_timetable.py
[2025-12-24T09:07:46.832+0000] {processor.py:914} INFO - Processing file /home/airflow/.local/lib/python3.11/site-packages/airflow/example_dags/example_workday_timetable.py for tasks to queue
[2025-12-24T09:07:46.838+0000] {logging_mixin.py:190} INFO - [2025-12-24T09:07:46.838+0000] {dagbag.py:588} INFO - Filling up the DagBag from /home/airflow/.local/lib/python3.11/site-packages/airflow/example_dags/example_workday_timetable.py
[2025-12-24T09:07:46.861+0000] {processor.py:925} INFO - DAG(s) 'example_workday_timetable' retrieved from /home/airflow/.local/lib/python3.11/site-packages/airflow/example_dags/example_workday_timetable.py
[2025-12-24T09:07:46.905+0000] {logging_mixin.py:190} INFO - [2025-12-24T09:07:46.904+0000] {dag.py:3239} INFO - Sync 1 DAGs
[2025-12-24T09:07:47.052+0000] {logging_mixin.py:190} INFO - [2025-12-24T09:07:47.052+0000] {dag.py:4180} INFO - Setting next_dagrun for example_workday_timetable to 2021-01-04 00:00:00+00:00, run_after=2021-01-05 00:00:00+00:00
[2025-12-24T09:07:47.103+0000] {processor.py:208} INFO - Processing /home/airflow/.local/lib/python3.11/site-packages/airflow/example_dags/example_workday_timetable.py took 0.286 seconds
[2025-12-24T09:08:44.582+0000] {processor.py:186} INFO - Started process (PID=1027) to work on /home/airflow/.local/lib/python3.11/site-packages/airflow/example_dags/example_workday_timetable.py
[2025-12-24T09:08:44.584+0000] {processor.py:914} INFO - Processing file /home/airflow/.local/lib/python3.11/site-packages/airflow/example_dags/example_workday_timetable.py for tasks to queue
[2025-12-24T09:08:44.589+0000] {logging_mixin.py:190} INFO - [2025-12-24T09:08:44.588+0000] {dagbag.py:588} INFO - Filling up the DagBag from /home/airflow/.local/lib/python3.11/site-packages/airflow/example_dags/example_workday_timetable.py
[2025-12-24T09:08:44.599+0000] {processor.py:925} INFO - DAG(s) 'example_workday_timetable' retrieved from /home/airflow/.local/lib/python3.11/site-packages/airflow/example_dags/example_workday_timetable.py
[2025-12-24T09:08:44.636+0000] {logging_mixin.py:190} INFO - [2025-12-24T09:08:44.635+0000] {dag.py:3239} INFO - Sync 1 DAGs
[2025-12-24T09:08:44.728+0000] {logging_mixin.py:190} INFO - [2025-12-24T09:08:44.728+0000] {dag.py:4180} INFO - Setting next_dagrun for example_workday_timetable to 2021-01-04 00:00:00+00:00, run_after=2021-01-05 00:00:00+00:00
[2025-12-24T09:08:44.761+0000] {processor.py:208} INFO - Processing /home/airflow/.local/lib/python3.11/site-packages/airflow/example_dags/example_workday_timetable.py took 0.189 seconds
[2025-12-24T09:09:23.812+0000] {processor.py:186} INFO - Started process (PID=1095) to work on /home/airflow/.local/lib/python3.11/site-packages/airflow/example_dags/example_workday_timetable.py
[2025-12-24T09:09:23.814+0000] {processor.py:914} INFO - Processing file /home/airflow/.local/lib/python3.11/site-packages/airflow/example_dags/example_workday_timetable.py for tasks to queue
[2025-12-24T09:09:23.818+0000] {logging_mixin.py:190} INFO - [2025-12-24T09:09:23.818+0000] {dagbag.py:588} INFO - Filling up the DagBag from /home/airflow/.local/lib/python3.11/site-packages/airflow/example_dags/example_workday_timetable.py
[2025-12-24T09:09:23.827+0000] {processor.py:925} INFO - DAG(s) 'example_workday_timetable' retrieved from /home/airflow/.local/lib/python3.11/site-packages/airflow/example_dags/example_workday_timetable.py
[2025-12-24T09:09:23.864+0000] {logging_mixin.py:190} INFO - [2025-12-24T09:09:23.863+0000] {dag.py:3239} INFO - Sync 1 DAGs
[2025-12-24T09:08:41.591+0000] {logging_mixin.py:190} INFO - [2025-12-24T09:08:41.590+0000] {dag.py:4180} INFO - Setting next_dagrun for example_workday_timetable to 2021-01-04 00:00:00+00:00, run_after=2021-01-05 00:00:00+00:00
[2025-12-24T09:08:41.627+0000] {processor.py:208} INFO - Processing /home/airflow/.local/lib/python3.11/site-packages/airflow/example_dags/example_workday_timetable.py took 0.173 seconds
[2025-12-24T09:09:11.726+0000] {processor.py:186} INFO - Started process (PID=1110) to work on /home/airflow/.local/lib/python3.11/site-packages/airflow/example_dags/example_workday_timetable.py
[2025-12-24T09:09:11.729+0000] {processor.py:914} INFO - Processing file /home/airflow/.local/lib/python3.11/site-packages/airflow/example_dags/example_workday_timetable.py for tasks to queue
[2025-12-24T09:09:11.733+0000] {logging_mixin.py:190} INFO - [2025-12-24T09:09:11.732+0000] {dagbag.py:588} INFO - Filling up the DagBag from /home/airflow/.local/lib/python3.11/site-packages/airflow/example_dags/example_workday_timetable.py
[2025-12-24T09:09:11.744+0000] {processor.py:925} INFO - DAG(s) 'example_workday_timetable' retrieved from /home/airflow/.local/lib/python3.11/site-packages/airflow/example_dags/example_workday_timetable.py
[2025-12-24T09:09:11.784+0000] {logging_mixin.py:190} INFO - [2025-12-24T09:09:11.783+0000] {dag.py:3239} INFO - Sync 1 DAGs
[2025-12-24T09:09:11.851+0000] {logging_mixin.py:190} INFO - [2025-12-24T09:09:11.850+0000] {dag.py:4180} INFO - Setting next_dagrun for example_workday_timetable to 2021-01-04 00:00:00+00:00, run_after=2021-01-05 00:00:00+00:00
[2025-12-24T09:09:11.872+0000] {processor.py:208} INFO - Processing /home/airflow/.local/lib/python3.11/site-packages/airflow/example_dags/example_workday_timetable.py took 0.158 seconds
[2025-12-24T09:09:23.349+0000] {processor.py:186} INFO - Started process (PID=1176) to work on /home/airflow/.local/lib/python3.11/site-packages/airflow/example_dags/example_workday_timetable.py
[2025-12-24T09:09:23.350+0000] {processor.py:914} INFO - Processing file /home/airflow/.local/lib/python3.11/site-packages/airflow/example_dags/example_workday_timetable.py for tasks to queue
[2025-12-24T09:09:23.354+0000] {logging_mixin.py:190} INFO - [2025-12-24T09:09:23.354+0000] {dagbag.py:588} INFO - Filling up the DagBag from /home/airflow/.local/lib/python3.11/site-packages/airflow/example_dags/example_workday_timetable.py
[2025-12-24T09:09:23.364+0000] {processor.py:925} INFO - DAG(s) 'example_workday_timetable' retrieved from /home/airflow/.local/lib/python3.11/site-packages/airflow/example_dags/example_workday_timetable.py
[2025-12-24T09:09:23.395+0000] {logging_mixin.py:190} INFO - [2025-12-24T09:09:23.394+0000] {dag.py:3239} INFO - Sync 1 DAGs
[2025-12-24T09:09:23.472+0000] {logging_mixin.py:190} INFO - [2025-12-24T09:09:23.471+0000] {dag.py:4180} INFO - Setting next_dagrun for example_workday_timetable to 2021-01-04 00:00:00+00:00, run_after=2021-01-05 00:00:00+00:00
[2025-12-24T09:09:23.499+0000] {processor.py:208} INFO - Processing /home/airflow/.local/lib/python3.11/site-packages/airflow/example_dags/example_workday_timetable.py took 0.161 seconds
[2025-12-24T09:10:29.355+0000] {processor.py:186} INFO - Started process (PID=1241) to work on /home/airflow/.local/lib/python3.11/site-packages/airflow/example_dags/example_workday_timetable.py
[2025-12-24T09:10:29.357+0000] {processor.py:914} INFO - Processing file /home/airflow/.local/lib/python3.11/site-packages/airflow/example_dags/example_workday_timetable.py for tasks to queue
[2025-12-24T09:10:29.361+0000] {logging_mixin.py:190} INFO - [2025-12-24T09:10:29.360+0000] {dagbag.py:588} INFO - Filling up the DagBag from /home/airflow/.local/lib/python3.11/site-packages/airflow/example_dags/example_workday_timetable.py
[2025-12-24T09:10:29.371+0000] {processor.py:925} INFO - DAG(s) 'example_workday_timetable' retrieved from /home/airflow/.local/lib/python3.11/site-packages/airflow/example_dags/example_workday_timetable.py
[2025-12-24T09:10:29.400+0000] {logging_mixin.py:190} INFO - [2025-12-24T09:10:29.400+0000] {dag.py:3239} INFO - Sync 1 DAGs
[2025-12-24T09:10:29.470+0000] {logging_mixin.py:190} INFO - [2025-12-24T09:10:29.469+0000] {dag.py:4180} INFO - Setting next_dagrun for example_workday_timetable to 2021-01-04 00:00:00+00:00, run_after=2021-01-05 00:00:00+00:00
[2025-12-24T09:10:29.492+0000] {processor.py:208} INFO - Processing /home/airflow/.local/lib/python3.11/site-packages/airflow/example_dags/example_workday_timetable.py took 0.146 seconds
[2025-12-24T09:10:52.375+0000] {processor.py:186} INFO - Started process (PID=1355) to work on /home/airflow/.local/lib/python3.11/site-packages/airflow/example_dags/example_workday_timetable.py
[2025-12-24T09:10:52.377+0000] {processor.py:914} INFO - Processing file /home/airflow/.local/lib/python3.11/site-packages/airflow/example_dags/example_workday_timetable.py for tasks to queue
[2025-12-24T09:10:52.380+0000] {logging_mixin.py:190} INFO - [2025-12-24T09:10:52.380+0000] {dagbag.py:588} INFO - Filling up the DagBag from /home/airflow/.local/lib/python3.11/site-packages/airflow/example_dags/example_workday_timetable.py
[2025-12-24T09:10:52.389+0000] {processor.py:925} INFO - DAG(s) 'example_workday_timetable' retrieved from /home/airflow/.local/lib/python3.11/site-packages/airflow/example_dags/example_workday_timetable.py
[2025-12-24T09:10:52.424+0000] {logging_mixin.py:190} INFO - [2025-12-24T09:10:52.423+0000] {dag.py:3239} INFO - Sync 1 DAGs
[2025-12-24T09:10:52.500+0000] {logging_mixin.py:190} INFO - [2025-12-24T09:10:52.500+0000] {dag.py:4180} INFO - Setting next_dagrun for example_workday_timetable to 2021-01-04 00:00:00+00:00, run_after=2021-01-05 00:00:00+00:00
[2025-12-24T09:10:52.525+0000] {processor.py:208} INFO - Processing /home/airflow/.local/lib/python3.11/site-packages/airflow/example_dags/example_workday_timetable.py took 0.158 seconds
[2025-12-24T09:11:02.842+0000] {processor.py:186} INFO - Started process (PID=1412) to work on /home/airflow/.local/lib/python3.11/site-packages/airflow/example_dags/example_workday_timetable.py
[2025-12-24T09:11:02.843+0000] {processor.py:914} INFO - Processing file /home/airflow/.local/lib/python3.11/site-packages/airflow/example_dags/example_workday_timetable.py for tasks to queue
[2025-12-24T09:11:02.849+0000] {logging_mixin.py:190} INFO - [2025-12-24T09:11:02.848+0000] {dagbag.py:588} INFO - Filling up the DagBag from /home/airflow/.local/lib/python3.11/site-packages/airflow/example_dags/example_workday_timetable.py
[2025-12-24T09:11:02.859+0000] {processor.py:925} INFO - DAG(s) 'example_workday_timetable' retrieved from /home/airflow/.local/lib/python3.11/site-packages/airflow/example_dags/example_workday_timetable.py
[2025-12-24T09:11:02.911+0000] {logging_mixin.py:190} INFO - [2025-12-24T09:11:02.911+0000] {dag.py:3239} INFO - Sync 1 DAGs
[2025-12-24T09:11:02.996+0000] {logging_mixin.py:190} INFO - [2025-12-24T09:11:02.996+0000] {dag.py:4180} INFO - Setting next_dagrun for example_workday_timetable to 2021-01-04 00:00:00+00:00, run_after=2021-01-05 00:00:00+00:00
[2025-12-24T09:11:03.022+0000] {processor.py:208} INFO - Processing /home/airflow/.local/lib/python3.11/site-packages/airflow/example_dags/example_workday_timetable.py took 0.194 seconds
[2025-12-24T09:11:34.020+0000] {processor.py:186} INFO - Started process (PID=1474) to work on /home/airflow/.local/lib/python3.11/site-packages/airflow/example_dags/example_workday_timetable.py
[2025-12-24T09:11:34.022+0000] {processor.py:914} INFO - Processing file /home/airflow/.local/lib/python3.11/site-packages/airflow/example_dags/example_workday_timetable.py for tasks to queue
[2025-12-24T09:11:34.025+0000] {logging_mixin.py:190} INFO - [2025-12-24T09:11:34.025+0000] {dagbag.py:588} INFO - Filling up the DagBag from /home/airflow/.local/lib/python3.11/site-packages/airflow/example_dags/example_workday_timetable.py
[2025-12-24T09:11:34.036+0000] {processor.py:925} INFO - DAG(s) 'example_workday_timetable' retrieved from /home/airflow/.local/lib/python3.11/site-packages/airflow/example_dags/example_workday_timetable.py
[2025-12-24T09:11:34.067+0000] {logging_mixin.py:190} INFO - [2025-12-24T09:11:34.066+0000] {dag.py:3239} INFO - Sync 1 DAGs
[2025-12-24T09:11:34.134+0000] {logging_mixin.py:190} INFO - [2025-12-24T09:11:34.134+0000] {dag.py:4180} INFO - Setting next_dagrun for example_workday_timetable to 2021-01-04 00:00:00+00:00, run_after=2021-01-05 00:00:00+00:00
[2025-12-24T09:11:34.160+0000] {processor.py:208} INFO - Processing /home/airflow/.local/lib/python3.11/site-packages/airflow/example_dags/example_workday_timetable.py took 0.149 seconds
[2025-12-24T09:12:35.287+0000] {processor.py:186} INFO - Started process (PID=1538) to work on /home/airflow/.local/lib/python3.11/site-packages/airflow/example_dags/example_workday_timetable.py
[2025-12-24T09:12:35.289+0000] {processor.py:914} INFO - Processing file /home/airflow/.local/lib/python3.11/site-packages/airflow/example_dags/example_workday_timetable.py for tasks to queue
[2025-12-24T09:12:35.292+0000] {logging_mixin.py:190} INFO - [2025-12-24T09:12:35.292+0000] {dagbag.py:588} INFO - Filling up the DagBag from /home/airflow/.local/lib/python3.11/site-packages/airflow/example_dags/example_workday_timetable.py
[2025-12-24T09:12:35.301+0000] {processor.py:925} INFO - DAG(s) 'example_workday_timetable' retrieved from /home/airflow/.local/lib/python3.11/site-packages/airflow/example_dags/example_workday_timetable.py
[2025-12-24T09:12:35.330+0000] {logging_mixin.py:190} INFO - [2025-12-24T09:12:35.329+0000] {dag.py:3239} INFO - Sync 1 DAGs
[2025-12-24T09:12:35.400+0000] {logging_mixin.py:190} INFO - [2025-12-24T09:12:35.400+0000] {dag.py:4180} INFO - Setting next_dagrun for example_workday_timetable to 2021-01-04 00:00:00+00:00, run_after=2021-01-05 00:00:00+00:00
[2025-12-24T09:12:35.423+0000] {processor.py:208} INFO - Processing /home/airflow/.local/lib/python3.11/site-packages/airflow/example_dags/example_workday_timetable.py took 0.147 seconds
[2025-12-24T09:13:29.445+0000] {processor.py:186} INFO - Started process (PID=1611) to work on /home/airflow/.local/lib/python3.11/site-packages/airflow/example_dags/example_workday_timetable.py
[2025-12-24T09:13:29.446+0000] {processor.py:914} INFO - Processing file /home/airflow/.local/lib/python3.11/site-packages/airflow/example_dags/example_workday_timetable.py for tasks to queue
[2025-12-24T09:13:29.451+0000] {logging_mixin.py:190} INFO - [2025-12-24T09:13:29.450+0000] {dagbag.py:588} INFO - Filling up the DagBag from /home/airflow/.local/lib/python3.11/site-packages/airflow/example_dags/example_workday_timetable.py
[2025-12-24T09:13:29.460+0000] {processor.py:925} INFO - DAG(s) 'example_workday_timetable' retrieved from /home/airflow/.local/lib/python3.11/site-packages/airflow/example_dags/example_workday_timetable.py
[2025-12-24T09:13:29.493+0000] {logging_mixin.py:190} INFO - [2025-12-24T09:13:29.492+0000] {dag.py:3239} INFO - Sync 1 DAGs
[2025-12-24T09:13:29.565+0000] {logging_mixin.py:190} INFO - [2025-12-24T09:13:29.565+0000] {dag.py:4180} INFO - Setting next_dagrun for example_workday_timetable to 2021-01-04 00:00:00+00:00, run_after=2021-01-05 00:00:00+00:00
[2025-12-24T09:13:29.587+0000] {processor.py:208} INFO - Processing /home/airflow/.local/lib/python3.11/site-packages/airflow/example_dags/example_workday_timetable.py took 0.152 seconds
[2025-12-24T09:14:30.428+0000] {processor.py:186} INFO - Started process (PID=1727) to work on /home/airflow/.local/lib/python3.11/site-packages/airflow/example_dags/example_workday_timetable.py
[2025-12-24T09:14:30.429+0000] {processor.py:914} INFO - Processing file /home/airflow/.local/lib/python3.11/site-packages/airflow/example_dags/example_workday_timetable.py for tasks to queue
[2025-12-24T09:14:30.433+0000] {logging_mixin.py:190} INFO - [2025-12-24T09:14:30.433+0000] {dagbag.py:588} INFO - Filling up the DagBag from /home/airflow/.local/lib/python3.11/site-packages/airflow/example_dags/example_workday_timetable.py
[2025-12-24T09:14:30.442+0000] {processor.py:925} INFO - DAG(s) 'example_workday_timetable' retrieved from /home/airflow/.local/lib/python3.11/site-packages/airflow/example_dags/example_workday_timetable.py
[2025-12-24T09:14:30.472+0000] {logging_mixin.py:190} INFO - [2025-12-24T09:14:30.472+0000] {dag.py:3239} INFO - Sync 1 DAGs
[2025-12-24T09:14:30.550+0000] {logging_mixin.py:190} INFO - [2025-12-24T09:14:30.550+0000] {dag.py:4180} INFO - Setting next_dagrun for example_workday_timetable to 2021-01-04 00:00:00+00:00, run_after=2021-01-05 00:00:00+00:00
[2025-12-24T09:14:30.573+0000] {processor.py:208} INFO - Processing /home/airflow/.local/lib/python3.11/site-packages/airflow/example_dags/example_workday_timetable.py took 0.156 seconds
[2025-12-24T09:14:42.345+0000] {processor.py:186} INFO - Started process (PID=1793) to work on /home/airflow/.local/lib/python3.11/site-packages/airflow/example_dags/example_workday_timetable.py
[2025-12-24T09:14:42.347+0000] {processor.py:914} INFO - Processing file /home/airflow/.local/lib/python3.11/site-packages/airflow/example_dags/example_workday_timetable.py for tasks to queue
[2025-12-24T09:14:42.351+0000] {logging_mixin.py:190} INFO - [2025-12-24T09:14:42.350+0000] {dagbag.py:588} INFO - Filling up the DagBag from /home/airflow/.local/lib/python3.11/site-packages/airflow/example_dags/example_workday_timetable.py
[2025-12-24T09:14:42.359+0000] {processor.py:925} INFO - DAG(s) 'example_workday_timetable' retrieved from /home/airflow/.local/lib/python3.11/site-packages/airflow/example_dags/example_workday_timetable.py
[2025-12-24T09:14:42.389+0000] {logging_mixin.py:190} INFO - [2025-12-24T09:14:42.388+0000] {dag.py:3239} INFO - Sync 1 DAGs
[2025-12-24T09:14:42.456+0000] {logging_mixin.py:190} INFO - [2025-12-24T09:14:42.456+0000] {dag.py:4180} INFO - Setting next_dagrun for example_workday_timetable to 2021-01-04 00:00:00+00:00, run_after=2021-01-05 00:00:00+00:00
[2025-12-24T09:14:42.480+0000] {processor.py:208} INFO - Processing /home/airflow/.local/lib/python3.11/site-packages/airflow/example_dags/example_workday_timetable.py took 0.144 seconds
[2025-12-24T09:15:14.329+0000] {processor.py:186} INFO - Started process (PID=1856) to work on /home/airflow/.local/lib/python3.11/site-packages/airflow/example_dags/example_workday_timetable.py
[2025-12-24T09:15:14.330+0000] {processor.py:914} INFO - Processing file /home/airflow/.local/lib/python3.11/site-packages/airflow/example_dags/example_workday_timetable.py for tasks to queue
[2025-12-24T09:15:14.333+0000] {logging_mixin.py:190} INFO - [2025-12-24T09:15:14.333+0000] {dagbag.py:588} INFO - Filling up the DagBag from /home/airflow/.local/lib/python3.11/site-packages/airflow/example_dags/example_workday_timetable.py
[2025-12-24T09:15:14.342+0000] {processor.py:925} INFO - DAG(s) 'example_workday_timetable' retrieved from /home/airflow/.local/lib/python3.11/site-packages/airflow/example_dags/example_workday_timetable.py
[2025-12-24T09:15:14.371+0000] {logging_mixin.py:190} INFO - [2025-12-24T09:15:14.370+0000] {dag.py:3239} INFO - Sync 1 DAGs
[2025-12-24T09:15:14.438+0000] {logging_mixin.py:190} INFO - [2025-12-24T09:15:14.438+0000] {dag.py:4180} INFO - Setting next_dagrun for example_workday_timetable to 2021-01-04 00:00:00+00:00, run_after=2021-01-05 00:00:00+00:00
[2025-12-24T09:15:14.460+0000] {processor.py:208} INFO - Processing /home/airflow/.local/lib/python3.11/site-packages/airflow/example_dags/example_workday_timetable.py took 0.140 seconds
[2025-12-24T09:15:45.160+0000] {processor.py:186} INFO - Started process (PID=1917) to work on /home/airflow/.local/lib/python3.11/site-packages/airflow/example_dags/example_workday_timetable.py
[2025-12-24T09:15:45.162+0000] {processor.py:914} INFO - Processing file /home/airflow/.local/lib/python3.11/site-packages/airflow/example_dags/example_workday_timetable.py for tasks to queue
[2025-12-24T09:15:45.166+0000] {logging_mixin.py:190} INFO - [2025-12-24T09:15:45.165+0000] {dagbag.py:588} INFO - Filling up the DagBag from /home/airflow/.local/lib/python3.11/site-packages/airflow/example_dags/example_workday_timetable.py
[2025-12-24T09:15:45.177+0000] {processor.py:925} INFO - DAG(s) 'example_workday_timetable' retrieved from /home/airflow/.local/lib/python3.11/site-packages/airflow/example_dags/example_workday_timetable.py
[2025-12-24T09:15:45.210+0000] {logging_mixin.py:190} INFO - [2025-12-24T09:15:45.209+0000] {dag.py:3239} INFO - Sync 1 DAGs
[2025-12-24T09:15:45.287+0000] {logging_mixin.py:190} INFO - [2025-12-24T09:15:45.287+0000] {dag.py:4180} INFO - Setting next_dagrun for example_workday_timetable to 2021-01-04 00:00:00+00:00, run_after=2021-01-05 00:00:00+00:00
[2025-12-24T09:15:45.312+0000] {processor.py:208} INFO - Processing /home/airflow/.local/lib/python3.11/site-packages/airflow/example_dags/example_workday_timetable.py took 0.164 seconds
[2025-12-24T09:23:47.248+0000] {processor.py:186} INFO - Started process (PID=132) to work on /home/airflow/.local/lib/python3.11/site-packages/airflow/example_dags/example_workday_timetable.py
[2025-12-24T09:23:47.251+0000] {processor.py:914} INFO - Processing file /home/airflow/.local/lib/python3.11/site-packages/airflow/example_dags/example_workday_timetable.py for tasks to queue
[2025-12-24T09:23:47.257+0000] {logging_mixin.py:190} INFO - [2025-12-24T09:23:47.256+0000] {dagbag.py:588} INFO - Filling up the DagBag from /home/airflow/.local/lib/python3.11/site-packages/airflow/example_dags/example_workday_timetable.py
[2025-12-24T09:23:47.275+0000] {processor.py:925} INFO - DAG(s) 'example_workday_timetable' retrieved from /home/airflow/.local/lib/python3.11/site-packages/airflow/example_dags/example_workday_timetable.py
[2025-12-24T09:24:29.872+0000] {logging_mixin.py:190} INFO - [2025-12-24T09:24:29.871+0000] {override.py:1911} INFO - Created Permission View: can delete on DAG:example_workday_timetable
[2025-12-24T09:24:29.899+0000] {logging_mixin.py:190} INFO - [2025-12-24T09:24:29.899+0000] {override.py:1911} INFO - Created Permission View: can read on DAG:example_workday_timetable
[2025-12-24T09:24:29.917+0000] {logging_mixin.py:190} INFO - [2025-12-24T09:24:29.916+0000] {override.py:1911} INFO - Created Permission View: can edit on DAG:example_workday_timetable
[2025-12-24T09:24:29.940+0000] {logging_mixin.py:190} INFO - [2025-12-24T09:24:29.939+0000] {override.py:1911} INFO - Created Permission View: menu access on DAG Run:example_workday_timetable
[2025-12-24T09:24:29.987+0000] {logging_mixin.py:190} INFO - [2025-12-24T09:24:29.986+0000] {override.py:1911} INFO - Created Permission View: can create on DAG Run:example_workday_timetable
[2025-12-24T09:24:30.004+0000] {logging_mixin.py:190} INFO - [2025-12-24T09:24:30.004+0000] {override.py:1911} INFO - Created Permission View: can delete on DAG Run:example_workday_timetable
[2025-12-24T09:24:30.027+0000] {logging_mixin.py:190} INFO - [2025-12-24T09:24:30.026+0000] {override.py:1911} INFO - Created Permission View: can read on DAG Run:example_workday_timetable
[2025-12-24T09:24:30.030+0000] {logging_mixin.py:190} INFO - [2025-12-24T09:24:30.029+0000] {dag.py:3239} INFO - Sync 1 DAGs
[2025-12-24T09:23:47.729+0000] {logging_mixin.py:190} INFO - [2025-12-24T09:23:47.728+0000] {dag.py:3262} INFO - Creating ORM DAG for example_workday_timetable
[2025-12-24T09:23:47.872+0000] {logging_mixin.py:190} INFO - [2025-12-24T09:23:47.872+0000] {dag.py:4180} INFO - Setting next_dagrun for example_workday_timetable to 2021-01-04 00:00:00+00:00, run_after=2021-01-05 00:00:00+00:00
[2025-12-24T09:23:47.946+0000] {processor.py:208} INFO - Processing /home/airflow/.local/lib/python3.11/site-packages/airflow/example_dags/example_workday_timetable.py took 0.712 seconds
[2025-12-24T09:24:00.545+0000] {processor.py:186} INFO - Started process (PID=165) to work on /home/airflow/.local/lib/python3.11/site-packages/airflow/example_dags/example_workday_timetable.py
[2025-12-24T09:24:00.547+0000] {processor.py:914} INFO - Processing file /home/airflow/.local/lib/python3.11/site-packages/airflow/example_dags/example_workday_timetable.py for tasks to queue
[2025-12-24T09:24:00.553+0000] {logging_mixin.py:190} INFO - [2025-12-24T09:24:00.552+0000] {dagbag.py:588} INFO - Filling up the DagBag from /home/airflow/.local/lib/python3.11/site-packages/airflow/example_dags/example_workday_timetable.py
[2025-12-24T09:24:00.568+0000] {processor.py:925} INFO - DAG(s) 'example_workday_timetable' retrieved from /home/airflow/.local/lib/python3.11/site-packages/airflow/example_dags/example_workday_timetable.py
[2025-12-24T09:24:00.601+0000] {logging_mixin.py:190} INFO - [2025-12-24T09:24:00.600+0000] {dag.py:3239} INFO - Sync 1 DAGs
[2025-12-24T09:24:00.732+0000] {logging_mixin.py:190} INFO - [2025-12-24T09:24:00.731+0000] {dag.py:4180} INFO - Setting next_dagrun for example_workday_timetable to 2021-01-04 00:00:00+00:00, run_after=2021-01-05 00:00:00+00:00
[2025-12-24T09:24:00.784+0000] {processor.py:208} INFO - Processing /home/airflow/.local/lib/python3.11/site-packages/airflow/example_dags/example_workday_timetable.py took 0.279 seconds
[2025-12-24T09:24:06.883+0000] {processor.py:186} INFO - Started process (PID=205) to work on /home/airflow/.local/lib/python3.11/site-packages/airflow/example_dags/example_workday_timetable.py
[2025-12-24T09:24:06.886+0000] {processor.py:914} INFO - Processing file /home/airflow/.local/lib/python3.11/site-packages/airflow/example_dags/example_workday_timetable.py for tasks to queue
[2025-12-24T09:24:06.895+0000] {logging_mixin.py:190} INFO - [2025-12-24T09:24:06.894+0000] {dagbag.py:588} INFO - Filling up the DagBag from /home/airflow/.local/lib/python3.11/site-packages/airflow/example_dags/example_workday_timetable.py
[2025-12-24T09:24:06.907+0000] {processor.py:925} INFO - DAG(s) 'example_workday_timetable' retrieved from /home/airflow/.local/lib/python3.11/site-packages/airflow/example_dags/example_workday_timetable.py
[2025-12-24T09:24:06.933+0000] {logging_mixin.py:190} INFO - [2025-12-24T09:24:06.932+0000] {dag.py:3239} INFO - Sync 1 DAGs
[2025-12-24T09:24:07.022+0000] {logging_mixin.py:190} INFO - [2025-12-24T09:24:07.021+0000] {dag.py:4180} INFO - Setting next_dagrun for example_workday_timetable to 2021-01-04 00:00:00+00:00, run_after=2021-01-05 00:00:00+00:00
[2025-12-24T09:24:07.056+0000] {processor.py:208} INFO - Processing /home/airflow/.local/lib/python3.11/site-packages/airflow/example_dags/example_workday_timetable.py took 0.184 seconds
[2025-12-24T09:24:18.579+0000] {processor.py:186} INFO - Started process (PID=262) to work on /home/airflow/.local/lib/python3.11/site-packages/airflow/example_dags/example_workday_timetable.py
[2025-12-24T09:24:18.581+0000] {processor.py:914} INFO - Processing file /home/airflow/.local/lib/python3.11/site-packages/airflow/example_dags/example_workday_timetable.py for tasks to queue
[2025-12-24T09:24:18.584+0000] {logging_mixin.py:190} INFO - [2025-12-24T09:24:18.584+0000] {dagbag.py:588} INFO - Filling up the DagBag from /home/airflow/.local/lib/python3.11/site-packages/airflow/example_dags/example_workday_timetable.py
[2025-12-24T09:24:18.594+0000] {processor.py:925} INFO - DAG(s) 'example_workday_timetable' retrieved from /home/airflow/.local/lib/python3.11/site-packages/airflow/example_dags/example_workday_timetable.py
[2025-12-24T09:24:18.630+0000] {logging_mixin.py:190} INFO - [2025-12-24T09:24:18.630+0000] {dag.py:3239} INFO - Sync 1 DAGs
[2025-12-24T09:24:18.767+0000] {logging_mixin.py:190} INFO - [2025-12-24T09:24:18.766+0000] {dag.py:4180} INFO - Setting next_dagrun for example_workday_timetable to 2021-01-04 00:00:00+00:00, run_after=2021-01-05 00:00:00+00:00
[2025-12-24T09:24:18.811+0000] {processor.py:208} INFO - Processing /home/airflow/.local/lib/python3.11/site-packages/airflow/example_dags/example_workday_timetable.py took 0.243 seconds
[2025-12-24T09:24:47.195+0000] {processor.py:186} INFO - Started process (PID=321) to work on /home/airflow/.local/lib/python3.11/site-packages/airflow/example_dags/example_workday_timetable.py
[2025-12-24T09:24:47.197+0000] {processor.py:914} INFO - Processing file /home/airflow/.local/lib/python3.11/site-packages/airflow/example_dags/example_workday_timetable.py for tasks to queue
[2025-12-24T09:24:47.203+0000] {logging_mixin.py:190} INFO - [2025-12-24T09:24:47.202+0000] {dagbag.py:588} INFO - Filling up the DagBag from /home/airflow/.local/lib/python3.11/site-packages/airflow/example_dags/example_workday_timetable.py
[2025-12-24T09:24:47.216+0000] {processor.py:925} INFO - DAG(s) 'example_workday_timetable' retrieved from /home/airflow/.local/lib/python3.11/site-packages/airflow/example_dags/example_workday_timetable.py
[2025-12-24T09:24:47.265+0000] {logging_mixin.py:190} INFO - [2025-12-24T09:24:47.264+0000] {dag.py:3239} INFO - Sync 1 DAGs
[2025-12-24T09:24:47.392+0000] {logging_mixin.py:190} INFO - [2025-12-24T09:24:47.392+0000] {dag.py:4180} INFO - Setting next_dagrun for example_workday_timetable to 2021-01-04 00:00:00+00:00, run_after=2021-01-05 00:00:00+00:00
[2025-12-24T09:24:47.453+0000] {processor.py:208} INFO - Processing /home/airflow/.local/lib/python3.11/site-packages/airflow/example_dags/example_workday_timetable.py took 0.271 seconds
[2025-12-24T09:24:59.400+0000] {processor.py:186} INFO - Started process (PID=379) to work on /home/airflow/.local/lib/python3.11/site-packages/airflow/example_dags/example_workday_timetable.py
[2025-12-24T09:24:59.402+0000] {processor.py:914} INFO - Processing file /home/airflow/.local/lib/python3.11/site-packages/airflow/example_dags/example_workday_timetable.py for tasks to queue
[2025-12-24T09:24:59.408+0000] {logging_mixin.py:190} INFO - [2025-12-24T09:24:59.408+0000] {dagbag.py:588} INFO - Filling up the DagBag from /home/airflow/.local/lib/python3.11/site-packages/airflow/example_dags/example_workday_timetable.py
[2025-12-24T09:24:59.421+0000] {processor.py:925} INFO - DAG(s) 'example_workday_timetable' retrieved from /home/airflow/.local/lib/python3.11/site-packages/airflow/example_dags/example_workday_timetable.py
[2025-12-24T09:24:59.464+0000] {logging_mixin.py:190} INFO - [2025-12-24T09:24:59.463+0000] {dag.py:3239} INFO - Sync 1 DAGs
[2025-12-24T09:24:59.587+0000] {logging_mixin.py:190} INFO - [2025-12-24T09:24:59.587+0000] {dag.py:4180} INFO - Setting next_dagrun for example_workday_timetable to 2021-01-04 00:00:00+00:00, run_after=2021-01-05 00:00:00+00:00
[2025-12-24T09:24:59.624+0000] {processor.py:208} INFO - Processing /home/airflow/.local/lib/python3.11/site-packages/airflow/example_dags/example_workday_timetable.py took 0.236 seconds
[2025-12-24T09:25:17.001+0000] {processor.py:186} INFO - Started process (PID=439) to work on /home/airflow/.local/lib/python3.11/site-packages/airflow/example_dags/example_workday_timetable.py
[2025-12-24T09:25:17.002+0000] {processor.py:914} INFO - Processing file /home/airflow/.local/lib/python3.11/site-packages/airflow/example_dags/example_workday_timetable.py for tasks to queue
[2025-12-24T09:25:17.006+0000] {logging_mixin.py:190} INFO - [2025-12-24T09:25:17.005+0000] {dagbag.py:588} INFO - Filling up the DagBag from /home/airflow/.local/lib/python3.11/site-packages/airflow/example_dags/example_workday_timetable.py
[2025-12-24T09:25:17.014+0000] {processor.py:925} INFO - DAG(s) 'example_workday_timetable' retrieved from /home/airflow/.local/lib/python3.11/site-packages/airflow/example_dags/example_workday_timetable.py
[2025-12-24T09:25:17.045+0000] {logging_mixin.py:190} INFO - [2025-12-24T09:25:17.044+0000] {dag.py:3239} INFO - Sync 1 DAGs
[2025-12-24T09:25:17.126+0000] {logging_mixin.py:190} INFO - [2025-12-24T09:25:17.126+0000] {dag.py:4180} INFO - Setting next_dagrun for example_workday_timetable to 2021-01-04 00:00:00+00:00, run_after=2021-01-05 00:00:00+00:00
[2025-12-24T09:25:17.157+0000] {processor.py:208} INFO - Processing /home/airflow/.local/lib/python3.11/site-packages/airflow/example_dags/example_workday_timetable.py took 0.178 seconds
[2025-12-24T09:25:23.424+0000] {processor.py:186} INFO - Started process (PID=493) to work on /home/airflow/.local/lib/python3.11/site-packages/airflow/example_dags/example_workday_timetable.py
[2025-12-24T09:25:23.426+0000] {processor.py:914} INFO - Processing file /home/airflow/.local/lib/python3.11/site-packages/airflow/example_dags/example_workday_timetable.py for tasks to queue
[2025-12-24T09:25:23.430+0000] {logging_mixin.py:190} INFO - [2025-12-24T09:25:23.430+0000] {dagbag.py:588} INFO - Filling up the DagBag from /home/airflow/.local/lib/python3.11/site-packages/airflow/example_dags/example_workday_timetable.py
[2025-12-24T09:25:23.441+0000] {processor.py:925} INFO - DAG(s) 'example_workday_timetable' retrieved from /home/airflow/.local/lib/python3.11/site-packages/airflow/example_dags/example_workday_timetable.py
[2025-12-24T09:25:23.469+0000] {logging_mixin.py:190} INFO - [2025-12-24T09:25:23.469+0000] {dag.py:3239} INFO - Sync 1 DAGs
[2025-12-24T09:25:23.554+0000] {logging_mixin.py:190} INFO - [2025-12-24T09:25:23.554+0000] {dag.py:4180} INFO - Setting next_dagrun for example_workday_timetable to 2021-01-04 00:00:00+00:00, run_after=2021-01-05 00:00:00+00:00
[2025-12-24T09:25:23.591+0000] {processor.py:208} INFO - Processing /home/airflow/.local/lib/python3.11/site-packages/airflow/example_dags/example_workday_timetable.py took 0.177 seconds
[2025-12-24T09:26:00.611+0000] {processor.py:186} INFO - Started process (PID=590) to work on /home/airflow/.local/lib/python3.11/site-packages/airflow/example_dags/example_workday_timetable.py
[2025-12-24T09:26:00.613+0000] {processor.py:914} INFO - Processing file /home/airflow/.local/lib/python3.11/site-packages/airflow/example_dags/example_workday_timetable.py for tasks to queue
[2025-12-24T09:26:00.618+0000] {logging_mixin.py:190} INFO - [2025-12-24T09:26:00.618+0000] {dagbag.py:588} INFO - Filling up the DagBag from /home/airflow/.local/lib/python3.11/site-packages/airflow/example_dags/example_workday_timetable.py
[2025-12-24T09:26:00.629+0000] {processor.py:925} INFO - DAG(s) 'example_workday_timetable' retrieved from /home/airflow/.local/lib/python3.11/site-packages/airflow/example_dags/example_workday_timetable.py
[2025-12-24T09:26:00.673+0000] {logging_mixin.py:190} INFO - [2025-12-24T09:26:00.672+0000] {dag.py:3239} INFO - Sync 1 DAGs
[2025-12-24T09:26:00.797+0000] {logging_mixin.py:190} INFO - [2025-12-24T09:26:00.796+0000] {dag.py:4180} INFO - Setting next_dagrun for example_workday_timetable to 2021-01-04 00:00:00+00:00, run_after=2021-01-05 00:00:00+00:00
[2025-12-24T09:26:00.832+0000] {processor.py:208} INFO - Processing /home/airflow/.local/lib/python3.11/site-packages/airflow/example_dags/example_workday_timetable.py took 0.237 seconds
[2025-12-24T09:26:09.241+0000] {processor.py:186} INFO - Started process (PID=647) to work on /home/airflow/.local/lib/python3.11/site-packages/airflow/example_dags/example_workday_timetable.py
[2025-12-24T09:26:09.242+0000] {processor.py:914} INFO - Processing file /home/airflow/.local/lib/python3.11/site-packages/airflow/example_dags/example_workday_timetable.py for tasks to queue
[2025-12-24T09:26:09.248+0000] {logging_mixin.py:190} INFO - [2025-12-24T09:26:09.247+0000] {dagbag.py:588} INFO - Filling up the DagBag from /home/airflow/.local/lib/python3.11/site-packages/airflow/example_dags/example_workday_timetable.py
[2025-12-24T09:26:09.260+0000] {processor.py:925} INFO - DAG(s) 'example_workday_timetable' retrieved from /home/airflow/.local/lib/python3.11/site-packages/airflow/example_dags/example_workday_timetable.py
[2025-12-24T09:26:09.297+0000] {logging_mixin.py:190} INFO - [2025-12-24T09:26:09.297+0000] {dag.py:3239} INFO - Sync 1 DAGs
[2025-12-24T09:26:09.402+0000] {logging_mixin.py:190} INFO - [2025-12-24T09:26:09.401+0000] {dag.py:4180} INFO - Setting next_dagrun for example_workday_timetable to 2021-01-04 00:00:00+00:00, run_after=2021-01-05 00:00:00+00:00
[2025-12-24T09:26:09.442+0000] {processor.py:208} INFO - Processing /home/airflow/.local/lib/python3.11/site-packages/airflow/example_dags/example_workday_timetable.py took 0.212 seconds
[2025-12-24T09:26:17.465+0000] {processor.py:186} INFO - Started process (PID=701) to work on /home/airflow/.local/lib/python3.11/site-packages/airflow/example_dags/example_workday_timetable.py
[2025-12-24T09:26:17.467+0000] {processor.py:914} INFO - Processing file /home/airflow/.local/lib/python3.11/site-packages/airflow/example_dags/example_workday_timetable.py for tasks to queue
[2025-12-24T09:26:17.473+0000] {logging_mixin.py:190} INFO - [2025-12-24T09:26:17.472+0000] {dagbag.py:588} INFO - Filling up the DagBag from /home/airflow/.local/lib/python3.11/site-packages/airflow/example_dags/example_workday_timetable.py
[2025-12-24T09:26:17.486+0000] {processor.py:925} INFO - DAG(s) 'example_workday_timetable' retrieved from /home/airflow/.local/lib/python3.11/site-packages/airflow/example_dags/example_workday_timetable.py
[2025-12-24T09:26:17.529+0000] {logging_mixin.py:190} INFO - [2025-12-24T09:26:17.528+0000] {dag.py:3239} INFO - Sync 1 DAGs
[2025-12-24T09:26:17.657+0000] {logging_mixin.py:190} INFO - [2025-12-24T09:26:17.656+0000] {dag.py:4180} INFO - Setting next_dagrun for example_workday_timetable to 2021-01-04 00:00:00+00:00, run_after=2021-01-05 00:00:00+00:00
[2025-12-24T09:26:17.710+0000] {processor.py:208} INFO - Processing /home/airflow/.local/lib/python3.11/site-packages/airflow/example_dags/example_workday_timetable.py took 0.258 seconds
[2025-12-24T09:26:28.860+0000] {processor.py:186} INFO - Started process (PID=753) to work on /home/airflow/.local/lib/python3.11/site-packages/airflow/example_dags/example_workday_timetable.py
[2025-12-24T09:26:28.863+0000] {processor.py:914} INFO - Processing file /home/airflow/.local/lib/python3.11/site-packages/airflow/example_dags/example_workday_timetable.py for tasks to queue
[2025-12-24T09:26:28.868+0000] {logging_mixin.py:190} INFO - [2025-12-24T09:26:28.868+0000] {dagbag.py:588} INFO - Filling up the DagBag from /home/airflow/.local/lib/python3.11/site-packages/airflow/example_dags/example_workday_timetable.py
[2025-12-24T09:26:28.881+0000] {processor.py:925} INFO - DAG(s) 'example_workday_timetable' retrieved from /home/airflow/.local/lib/python3.11/site-packages/airflow/example_dags/example_workday_timetable.py
[2025-12-24T09:26:28.926+0000] {logging_mixin.py:190} INFO - [2025-12-24T09:26:28.925+0000] {dag.py:3239} INFO - Sync 1 DAGs
[2025-12-24T09:26:29.033+0000] {logging_mixin.py:190} INFO - [2025-12-24T09:26:29.033+0000] {dag.py:4180} INFO - Setting next_dagrun for example_workday_timetable to 2021-01-04 00:00:00+00:00, run_after=2021-01-05 00:00:00+00:00
[2025-12-24T09:26:29.062+0000] {processor.py:208} INFO - Processing /home/airflow/.local/lib/python3.11/site-packages/airflow/example_dags/example_workday_timetable.py took 0.216 seconds
[2025-12-24T09:26:39.589+0000] {processor.py:186} INFO - Started process (PID=810) to work on /home/airflow/.local/lib/python3.11/site-packages/airflow/example_dags/example_workday_timetable.py
[2025-12-24T09:26:39.596+0000] {processor.py:914} INFO - Processing file /home/airflow/.local/lib/python3.11/site-packages/airflow/example_dags/example_workday_timetable.py for tasks to queue
[2025-12-24T09:26:39.601+0000] {logging_mixin.py:190} INFO - [2025-12-24T09:26:39.601+0000] {dagbag.py:588} INFO - Filling up the DagBag from /home/airflow/.local/lib/python3.11/site-packages/airflow/example_dags/example_workday_timetable.py
[2025-12-24T09:26:39.614+0000] {processor.py:925} INFO - DAG(s) 'example_workday_timetable' retrieved from /home/airflow/.local/lib/python3.11/site-packages/airflow/example_dags/example_workday_timetable.py
[2025-12-24T09:26:39.683+0000] {logging_mixin.py:190} INFO - [2025-12-24T09:26:39.682+0000] {dag.py:3239} INFO - Sync 1 DAGs
[2025-12-24T09:26:39.805+0000] {logging_mixin.py:190} INFO - [2025-12-24T09:26:39.805+0000] {dag.py:4180} INFO - Setting next_dagrun for example_workday_timetable to 2021-01-04 00:00:00+00:00, run_after=2021-01-05 00:00:00+00:00
[2025-12-24T09:26:39.847+0000] {processor.py:208} INFO - Processing /home/airflow/.local/lib/python3.11/site-packages/airflow/example_dags/example_workday_timetable.py took 0.274 seconds
[2025-12-24T09:26:50.512+0000] {processor.py:186} INFO - Started process (PID=863) to work on /home/airflow/.local/lib/python3.11/site-packages/airflow/example_dags/example_workday_timetable.py
[2025-12-24T09:26:50.515+0000] {processor.py:914} INFO - Processing file /home/airflow/.local/lib/python3.11/site-packages/airflow/example_dags/example_workday_timetable.py for tasks to queue
[2025-12-24T09:26:50.522+0000] {logging_mixin.py:190} INFO - [2025-12-24T09:26:50.521+0000] {dagbag.py:588} INFO - Filling up the DagBag from /home/airflow/.local/lib/python3.11/site-packages/airflow/example_dags/example_workday_timetable.py
[2025-12-24T09:26:50.537+0000] {processor.py:925} INFO - DAG(s) 'example_workday_timetable' retrieved from /home/airflow/.local/lib/python3.11/site-packages/airflow/example_dags/example_workday_timetable.py
[2025-12-24T09:26:50.587+0000] {logging_mixin.py:190} INFO - [2025-12-24T09:26:50.587+0000] {dag.py:3239} INFO - Sync 1 DAGs
[2025-12-24T09:26:50.705+0000] {logging_mixin.py:190} INFO - [2025-12-24T09:26:50.705+0000] {dag.py:4180} INFO - Setting next_dagrun for example_workday_timetable to 2021-01-04 00:00:00+00:00, run_after=2021-01-05 00:00:00+00:00
[2025-12-24T09:26:50.761+0000] {processor.py:208} INFO - Processing /home/airflow/.local/lib/python3.11/site-packages/airflow/example_dags/example_workday_timetable.py took 0.260 seconds
[2025-12-24T09:27:47.077+0000] {processor.py:186} INFO - Started process (PID=925) to work on /home/airflow/.local/lib/python3.11/site-packages/airflow/example_dags/example_workday_timetable.py
[2025-12-24T09:27:47.079+0000] {processor.py:914} INFO - Processing file /home/airflow/.local/lib/python3.11/site-packages/airflow/example_dags/example_workday_timetable.py for tasks to queue
[2025-12-24T09:27:47.083+0000] {logging_mixin.py:190} INFO - [2025-12-24T09:27:47.083+0000] {dagbag.py:588} INFO - Filling up the DagBag from /home/airflow/.local/lib/python3.11/site-packages/airflow/example_dags/example_workday_timetable.py
[2025-12-24T09:27:47.094+0000] {processor.py:925} INFO - DAG(s) 'example_workday_timetable' retrieved from /home/airflow/.local/lib/python3.11/site-packages/airflow/example_dags/example_workday_timetable.py
[2025-12-24T09:27:47.143+0000] {logging_mixin.py:190} INFO - [2025-12-24T09:27:47.142+0000] {dag.py:3239} INFO - Sync 1 DAGs
[2025-12-24T09:27:47.247+0000] {logging_mixin.py:190} INFO - [2025-12-24T09:27:47.247+0000] {dag.py:4180} INFO - Setting next_dagrun for example_workday_timetable to 2021-01-04 00:00:00+00:00, run_after=2021-01-05 00:00:00+00:00
[2025-12-24T09:27:47.286+0000] {processor.py:208} INFO - Processing /home/airflow/.local/lib/python3.11/site-packages/airflow/example_dags/example_workday_timetable.py took 0.219 seconds
[2025-12-24T09:27:54.906+0000] {processor.py:186} INFO - Started process (PID=994) to work on /home/airflow/.local/lib/python3.11/site-packages/airflow/example_dags/example_workday_timetable.py
[2025-12-24T09:27:54.908+0000] {processor.py:914} INFO - Processing file /home/airflow/.local/lib/python3.11/site-packages/airflow/example_dags/example_workday_timetable.py for tasks to queue
[2025-12-24T09:27:54.915+0000] {logging_mixin.py:190} INFO - [2025-12-24T09:27:54.914+0000] {dagbag.py:588} INFO - Filling up the DagBag from /home/airflow/.local/lib/python3.11/site-packages/airflow/example_dags/example_workday_timetable.py
[2025-12-24T09:27:54.927+0000] {processor.py:925} INFO - DAG(s) 'example_workday_timetable' retrieved from /home/airflow/.local/lib/python3.11/site-packages/airflow/example_dags/example_workday_timetable.py
[2025-12-24T09:27:54.972+0000] {logging_mixin.py:190} INFO - [2025-12-24T09:27:54.971+0000] {dag.py:3239} INFO - Sync 1 DAGs
[2025-12-24T09:27:55.085+0000] {logging_mixin.py:190} INFO - [2025-12-24T09:27:55.085+0000] {dag.py:4180} INFO - Setting next_dagrun for example_workday_timetable to 2021-01-04 00:00:00+00:00, run_after=2021-01-05 00:00:00+00:00
[2025-12-24T09:27:55.139+0000] {processor.py:208} INFO - Processing /home/airflow/.local/lib/python3.11/site-packages/airflow/example_dags/example_workday_timetable.py took 0.248 seconds
[2025-12-24T09:28:05.158+0000] {processor.py:186} INFO - Started process (PID=1059) to work on /home/airflow/.local/lib/python3.11/site-packages/airflow/example_dags/example_workday_timetable.py
[2025-12-24T09:28:05.160+0000] {processor.py:914} INFO - Processing file /home/airflow/.local/lib/python3.11/site-packages/airflow/example_dags/example_workday_timetable.py for tasks to queue
[2025-12-24T09:28:05.166+0000] {logging_mixin.py:190} INFO - [2025-12-24T09:28:05.165+0000] {dagbag.py:588} INFO - Filling up the DagBag from /home/airflow/.local/lib/python3.11/site-packages/airflow/example_dags/example_workday_timetable.py
[2025-12-24T09:28:05.179+0000] {processor.py:925} INFO - DAG(s) 'example_workday_timetable' retrieved from /home/airflow/.local/lib/python3.11/site-packages/airflow/example_dags/example_workday_timetable.py
[2025-12-24T09:28:05.229+0000] {logging_mixin.py:190} INFO - [2025-12-24T09:28:05.228+0000] {dag.py:3239} INFO - Sync 1 DAGs
[2025-12-24T09:28:05.319+0000] {logging_mixin.py:190} INFO - [2025-12-24T09:28:05.318+0000] {dag.py:4180} INFO - Setting next_dagrun for example_workday_timetable to 2021-01-04 00:00:00+00:00, run_after=2021-01-05 00:00:00+00:00
[2025-12-24T09:28:05.359+0000] {processor.py:208} INFO - Processing /home/airflow/.local/lib/python3.11/site-packages/airflow/example_dags/example_workday_timetable.py took 0.216 seconds
[2025-12-24T09:28:19.385+0000] {processor.py:186} INFO - Started process (PID=1116) to work on /home/airflow/.local/lib/python3.11/site-packages/airflow/example_dags/example_workday_timetable.py
[2025-12-24T09:28:19.387+0000] {processor.py:914} INFO - Processing file /home/airflow/.local/lib/python3.11/site-packages/airflow/example_dags/example_workday_timetable.py for tasks to queue
[2025-12-24T09:28:19.390+0000] {logging_mixin.py:190} INFO - [2025-12-24T09:28:19.389+0000] {dagbag.py:588} INFO - Filling up the DagBag from /home/airflow/.local/lib/python3.11/site-packages/airflow/example_dags/example_workday_timetable.py
[2025-12-24T09:28:19.399+0000] {processor.py:925} INFO - DAG(s) 'example_workday_timetable' retrieved from /home/airflow/.local/lib/python3.11/site-packages/airflow/example_dags/example_workday_timetable.py
[2025-12-24T09:28:19.430+0000] {logging_mixin.py:190} INFO - [2025-12-24T09:28:19.430+0000] {dag.py:3239} INFO - Sync 1 DAGs
[2025-12-24T09:28:19.505+0000] {logging_mixin.py:190} INFO - [2025-12-24T09:28:19.505+0000] {dag.py:4180} INFO - Setting next_dagrun for example_workday_timetable to 2021-01-04 00:00:00+00:00, run_after=2021-01-05 00:00:00+00:00
[2025-12-24T09:28:19.561+0000] {processor.py:208} INFO - Processing /home/airflow/.local/lib/python3.11/site-packages/airflow/example_dags/example_workday_timetable.py took 0.184 seconds
[2025-12-24T09:29:17.710+0000] {processor.py:186} INFO - Started process (PID=1176) to work on /home/airflow/.local/lib/python3.11/site-packages/airflow/example_dags/example_workday_timetable.py
[2025-12-24T09:29:17.711+0000] {processor.py:914} INFO - Processing file /home/airflow/.local/lib/python3.11/site-packages/airflow/example_dags/example_workday_timetable.py for tasks to queue
[2025-12-24T09:29:17.716+0000] {logging_mixin.py:190} INFO - [2025-12-24T09:29:17.716+0000] {dagbag.py:588} INFO - Filling up the DagBag from /home/airflow/.local/lib/python3.11/site-packages/airflow/example_dags/example_workday_timetable.py
[2025-12-24T09:29:17.737+0000] {processor.py:925} INFO - DAG(s) 'example_workday_timetable' retrieved from /home/airflow/.local/lib/python3.11/site-packages/airflow/example_dags/example_workday_timetable.py
[2025-12-24T09:29:17.834+0000] {logging_mixin.py:190} INFO - [2025-12-24T09:29:17.833+0000] {dag.py:3239} INFO - Sync 1 DAGs
[2025-12-24T09:29:17.975+0000] {logging_mixin.py:190} INFO - [2025-12-24T09:29:17.975+0000] {dag.py:4180} INFO - Setting next_dagrun for example_workday_timetable to 2021-01-04 00:00:00+00:00, run_after=2021-01-05 00:00:00+00:00
[2025-12-24T09:29:18.006+0000] {processor.py:208} INFO - Processing /home/airflow/.local/lib/python3.11/site-packages/airflow/example_dags/example_workday_timetable.py took 0.308 seconds
