[2025-12-24T09:02:53.582+0000] {processor.py:186} INFO - Started process (PID=85) to work on /home/airflow/.local/lib/python3.11/site-packages/airflow/example_dags/example_bash_decorator.py
[2025-12-24T09:02:53.584+0000] {processor.py:914} INFO - Processing file /home/airflow/.local/lib/python3.11/site-packages/airflow/example_dags/example_bash_decorator.py for tasks to queue
[2025-12-24T09:02:53.589+0000] {logging_mixin.py:190} INFO - [2025-12-24T09:02:53.589+0000] {dagbag.py:588} INFO - Filling up the DagBag from /home/airflow/.local/lib/python3.11/site-packages/airflow/example_dags/example_bash_decorator.py
[2025-12-24T09:02:53.620+0000] {processor.py:925} INFO - DAG(s) 'example_bash_decorator' retrieved from /home/airflow/.local/lib/python3.11/site-packages/airflow/example_dags/example_bash_decorator.py
[2025-12-24T09:02:53.849+0000] {logging_mixin.py:190} INFO - [2025-12-24T09:02:53.847+0000] {override.py:1911} INFO - Created Permission View: can edit on DAG:example_bash_decorator
[2025-12-24T09:02:53.870+0000] {logging_mixin.py:190} INFO - [2025-12-24T09:02:53.869+0000] {override.py:1911} INFO - Created Permission View: can read on DAG:example_bash_decorator
[2025-12-24T09:02:53.883+0000] {logging_mixin.py:190} INFO - [2025-12-24T09:02:53.883+0000] {override.py:1911} INFO - Created Permission View: can delete on DAG:example_bash_decorator
[2025-12-24T09:02:53.905+0000] {logging_mixin.py:190} INFO - [2025-12-24T09:02:53.905+0000] {override.py:1911} INFO - Created Permission View: can read on DAG Run:example_bash_decorator
[2025-12-24T09:02:53.918+0000] {logging_mixin.py:190} INFO - [2025-12-24T09:02:53.917+0000] {override.py:1911} INFO - Created Permission View: can create on DAG Run:example_bash_decorator
[2025-12-24T09:02:53.930+0000] {logging_mixin.py:190} INFO - [2025-12-24T09:02:53.930+0000] {override.py:1911} INFO - Created Permission View: can delete on DAG Run:example_bash_decorator
[2025-12-24T09:02:53.942+0000] {logging_mixin.py:190} INFO - [2025-12-24T09:02:53.941+0000] {override.py:1911} INFO - Created Permission View: menu access on DAG Run:example_bash_decorator
[2025-12-24T09:02:53.943+0000] {logging_mixin.py:190} INFO - [2025-12-24T09:02:53.943+0000] {dag.py:3239} INFO - Sync 1 DAGs
[2025-12-24T09:02:53.965+0000] {logging_mixin.py:190} INFO - [2025-12-24T09:02:53.963+0000] {dag.py:3262} INFO - Creating ORM DAG for example_bash_decorator
[2025-12-24T09:02:53.968+0000] {logging_mixin.py:190} INFO - [2025-12-24T09:02:53.967+0000] {dag.py:4180} INFO - Setting next_dagrun for example_bash_decorator to None, run_after=None
[2025-12-24T09:02:54.002+0000] {processor.py:208} INFO - Processing /home/airflow/.local/lib/python3.11/site-packages/airflow/example_dags/example_bash_decorator.py took 0.432 seconds
[2025-12-24T09:03:12.073+0000] {processor.py:186} INFO - Started process (PID=145) to work on /home/airflow/.local/lib/python3.11/site-packages/airflow/example_dags/example_bash_decorator.py
[2025-12-24T09:03:12.075+0000] {processor.py:914} INFO - Processing file /home/airflow/.local/lib/python3.11/site-packages/airflow/example_dags/example_bash_decorator.py for tasks to queue
[2025-12-24T09:03:12.079+0000] {logging_mixin.py:190} INFO - [2025-12-24T09:03:12.079+0000] {dagbag.py:588} INFO - Filling up the DagBag from /home/airflow/.local/lib/python3.11/site-packages/airflow/example_dags/example_bash_decorator.py
[2025-12-24T09:03:12.103+0000] {processor.py:925} INFO - DAG(s) 'example_bash_decorator' retrieved from /home/airflow/.local/lib/python3.11/site-packages/airflow/example_dags/example_bash_decorator.py
[2025-12-24T09:03:12.125+0000] {logging_mixin.py:190} INFO - [2025-12-24T09:03:12.124+0000] {dag.py:3239} INFO - Sync 1 DAGs
[2025-12-24T09:03:12.144+0000] {logging_mixin.py:190} INFO - [2025-12-24T09:03:12.143+0000] {dag.py:4180} INFO - Setting next_dagrun for example_bash_decorator to None, run_after=None
[2025-12-24T09:03:12.173+0000] {processor.py:208} INFO - Processing /home/airflow/.local/lib/python3.11/site-packages/airflow/example_dags/example_bash_decorator.py took 0.112 seconds
[2025-12-24T09:04:14.680+0000] {processor.py:186} INFO - Started process (PID=208) to work on /home/airflow/.local/lib/python3.11/site-packages/airflow/example_dags/example_bash_decorator.py
[2025-12-24T09:04:14.682+0000] {processor.py:914} INFO - Processing file /home/airflow/.local/lib/python3.11/site-packages/airflow/example_dags/example_bash_decorator.py for tasks to queue
[2025-12-24T09:04:14.686+0000] {logging_mixin.py:190} INFO - [2025-12-24T09:04:14.685+0000] {dagbag.py:588} INFO - Filling up the DagBag from /home/airflow/.local/lib/python3.11/site-packages/airflow/example_dags/example_bash_decorator.py
[2025-12-24T09:04:14.717+0000] {processor.py:925} INFO - DAG(s) 'example_bash_decorator' retrieved from /home/airflow/.local/lib/python3.11/site-packages/airflow/example_dags/example_bash_decorator.py
[2025-12-24T09:04:14.753+0000] {logging_mixin.py:190} INFO - [2025-12-24T09:04:14.753+0000] {dag.py:3239} INFO - Sync 1 DAGs
[2025-12-24T09:04:14.771+0000] {logging_mixin.py:190} INFO - [2025-12-24T09:04:14.771+0000] {dag.py:4180} INFO - Setting next_dagrun for example_bash_decorator to None, run_after=None
[2025-12-24T09:04:14.800+0000] {processor.py:208} INFO - Processing /home/airflow/.local/lib/python3.11/site-packages/airflow/example_dags/example_bash_decorator.py took 0.131 seconds
[2025-12-24T09:04:12.174+0000] {processor.py:186} INFO - Started process (PID=274) to work on /home/airflow/.local/lib/python3.11/site-packages/airflow/example_dags/example_bash_decorator.py
[2025-12-24T09:04:12.176+0000] {processor.py:914} INFO - Processing file /home/airflow/.local/lib/python3.11/site-packages/airflow/example_dags/example_bash_decorator.py for tasks to queue
[2025-12-24T09:04:12.180+0000] {logging_mixin.py:190} INFO - [2025-12-24T09:04:12.179+0000] {dagbag.py:588} INFO - Filling up the DagBag from /home/airflow/.local/lib/python3.11/site-packages/airflow/example_dags/example_bash_decorator.py
[2025-12-24T09:04:12.204+0000] {processor.py:925} INFO - DAG(s) 'example_bash_decorator' retrieved from /home/airflow/.local/lib/python3.11/site-packages/airflow/example_dags/example_bash_decorator.py
[2025-12-24T09:04:12.238+0000] {logging_mixin.py:190} INFO - [2025-12-24T09:04:12.238+0000] {dag.py:3239} INFO - Sync 1 DAGs
[2025-12-24T09:04:12.261+0000] {logging_mixin.py:190} INFO - [2025-12-24T09:04:12.261+0000] {dag.py:4180} INFO - Setting next_dagrun for example_bash_decorator to None, run_after=None
[2025-12-24T09:04:12.298+0000] {processor.py:208} INFO - Processing /home/airflow/.local/lib/python3.11/site-packages/airflow/example_dags/example_bash_decorator.py took 0.133 seconds
[2025-12-24T09:04:42.365+0000] {processor.py:186} INFO - Started process (PID=337) to work on /home/airflow/.local/lib/python3.11/site-packages/airflow/example_dags/example_bash_decorator.py
[2025-12-24T09:04:42.366+0000] {processor.py:914} INFO - Processing file /home/airflow/.local/lib/python3.11/site-packages/airflow/example_dags/example_bash_decorator.py for tasks to queue
[2025-12-24T09:04:42.370+0000] {logging_mixin.py:190} INFO - [2025-12-24T09:04:42.369+0000] {dagbag.py:588} INFO - Filling up the DagBag from /home/airflow/.local/lib/python3.11/site-packages/airflow/example_dags/example_bash_decorator.py
[2025-12-24T09:04:42.392+0000] {processor.py:925} INFO - DAG(s) 'example_bash_decorator' retrieved from /home/airflow/.local/lib/python3.11/site-packages/airflow/example_dags/example_bash_decorator.py
[2025-12-24T09:04:42.424+0000] {logging_mixin.py:190} INFO - [2025-12-24T09:04:42.424+0000] {dag.py:3239} INFO - Sync 1 DAGs
[2025-12-24T09:04:42.441+0000] {logging_mixin.py:190} INFO - [2025-12-24T09:04:42.441+0000] {dag.py:4180} INFO - Setting next_dagrun for example_bash_decorator to None, run_after=None
[2025-12-24T09:04:42.468+0000] {processor.py:208} INFO - Processing /home/airflow/.local/lib/python3.11/site-packages/airflow/example_dags/example_bash_decorator.py took 0.112 seconds
[2025-12-24T09:04:51.843+0000] {processor.py:186} INFO - Started process (PID=402) to work on /home/airflow/.local/lib/python3.11/site-packages/airflow/example_dags/example_bash_decorator.py
[2025-12-24T09:04:51.845+0000] {processor.py:914} INFO - Processing file /home/airflow/.local/lib/python3.11/site-packages/airflow/example_dags/example_bash_decorator.py for tasks to queue
[2025-12-24T09:04:51.849+0000] {logging_mixin.py:190} INFO - [2025-12-24T09:04:51.848+0000] {dagbag.py:588} INFO - Filling up the DagBag from /home/airflow/.local/lib/python3.11/site-packages/airflow/example_dags/example_bash_decorator.py
[2025-12-24T09:04:51.870+0000] {processor.py:925} INFO - DAG(s) 'example_bash_decorator' retrieved from /home/airflow/.local/lib/python3.11/site-packages/airflow/example_dags/example_bash_decorator.py
[2025-12-24T09:04:51.901+0000] {logging_mixin.py:190} INFO - [2025-12-24T09:04:51.901+0000] {dag.py:3239} INFO - Sync 1 DAGs
[2025-12-24T09:04:51.919+0000] {logging_mixin.py:190} INFO - [2025-12-24T09:04:51.919+0000] {dag.py:4180} INFO - Setting next_dagrun for example_bash_decorator to None, run_after=None
[2025-12-24T09:04:51.950+0000] {processor.py:208} INFO - Processing /home/airflow/.local/lib/python3.11/site-packages/airflow/example_dags/example_bash_decorator.py took 0.119 seconds
[2025-12-24T09:05:22.362+0000] {processor.py:186} INFO - Started process (PID=467) to work on /home/airflow/.local/lib/python3.11/site-packages/airflow/example_dags/example_bash_decorator.py
[2025-12-24T09:05:22.364+0000] {processor.py:914} INFO - Processing file /home/airflow/.local/lib/python3.11/site-packages/airflow/example_dags/example_bash_decorator.py for tasks to queue
[2025-12-24T09:05:22.369+0000] {logging_mixin.py:190} INFO - [2025-12-24T09:05:22.368+0000] {dagbag.py:588} INFO - Filling up the DagBag from /home/airflow/.local/lib/python3.11/site-packages/airflow/example_dags/example_bash_decorator.py
[2025-12-24T09:05:22.396+0000] {processor.py:925} INFO - DAG(s) 'example_bash_decorator' retrieved from /home/airflow/.local/lib/python3.11/site-packages/airflow/example_dags/example_bash_decorator.py
[2025-12-24T09:05:22.442+0000] {logging_mixin.py:190} INFO - [2025-12-24T09:05:22.442+0000] {dag.py:3239} INFO - Sync 1 DAGs
[2025-12-24T09:05:22.463+0000] {logging_mixin.py:190} INFO - [2025-12-24T09:05:22.462+0000] {dag.py:4180} INFO - Setting next_dagrun for example_bash_decorator to None, run_after=None
[2025-12-24T09:05:22.497+0000] {processor.py:208} INFO - Processing /home/airflow/.local/lib/python3.11/site-packages/airflow/example_dags/example_bash_decorator.py took 0.147 seconds
[2025-12-24T09:05:26.599+0000] {processor.py:186} INFO - Started process (PID=503) to work on /home/airflow/.local/lib/python3.11/site-packages/airflow/example_dags/example_bash_decorator.py
[2025-12-24T09:05:26.600+0000] {processor.py:914} INFO - Processing file /home/airflow/.local/lib/python3.11/site-packages/airflow/example_dags/example_bash_decorator.py for tasks to queue
[2025-12-24T09:05:26.604+0000] {logging_mixin.py:190} INFO - [2025-12-24T09:05:26.604+0000] {dagbag.py:588} INFO - Filling up the DagBag from /home/airflow/.local/lib/python3.11/site-packages/airflow/example_dags/example_bash_decorator.py
[2025-12-24T09:05:26.628+0000] {processor.py:925} INFO - DAG(s) 'example_bash_decorator' retrieved from /home/airflow/.local/lib/python3.11/site-packages/airflow/example_dags/example_bash_decorator.py
[2025-12-24T09:05:26.662+0000] {logging_mixin.py:190} INFO - [2025-12-24T09:05:26.661+0000] {dag.py:3239} INFO - Sync 1 DAGs
[2025-12-24T09:05:26.679+0000] {logging_mixin.py:190} INFO - [2025-12-24T09:05:26.679+0000] {dag.py:4180} INFO - Setting next_dagrun for example_bash_decorator to None, run_after=None
[2025-12-24T09:05:26.706+0000] {processor.py:208} INFO - Processing /home/airflow/.local/lib/python3.11/site-packages/airflow/example_dags/example_bash_decorator.py took 0.117 seconds
[2025-12-24T09:05:37.282+0000] {processor.py:186} INFO - Started process (PID=558) to work on /home/airflow/.local/lib/python3.11/site-packages/airflow/example_dags/example_bash_decorator.py
[2025-12-24T09:05:37.284+0000] {processor.py:914} INFO - Processing file /home/airflow/.local/lib/python3.11/site-packages/airflow/example_dags/example_bash_decorator.py for tasks to queue
[2025-12-24T09:05:37.287+0000] {logging_mixin.py:190} INFO - [2025-12-24T09:05:37.287+0000] {dagbag.py:588} INFO - Filling up the DagBag from /home/airflow/.local/lib/python3.11/site-packages/airflow/example_dags/example_bash_decorator.py
[2025-12-24T09:05:37.307+0000] {processor.py:925} INFO - DAG(s) 'example_bash_decorator' retrieved from /home/airflow/.local/lib/python3.11/site-packages/airflow/example_dags/example_bash_decorator.py
[2025-12-24T09:05:37.341+0000] {logging_mixin.py:190} INFO - [2025-12-24T09:05:37.341+0000] {dag.py:3239} INFO - Sync 1 DAGs
[2025-12-24T09:05:37.357+0000] {logging_mixin.py:190} INFO - [2025-12-24T09:05:37.357+0000] {dag.py:4180} INFO - Setting next_dagrun for example_bash_decorator to None, run_after=None
[2025-12-24T09:05:37.382+0000] {processor.py:208} INFO - Processing /home/airflow/.local/lib/python3.11/site-packages/airflow/example_dags/example_bash_decorator.py took 0.109 seconds
[2025-12-24T09:06:39.943+0000] {processor.py:186} INFO - Started process (PID=620) to work on /home/airflow/.local/lib/python3.11/site-packages/airflow/example_dags/example_bash_decorator.py
[2025-12-24T09:06:39.946+0000] {processor.py:914} INFO - Processing file /home/airflow/.local/lib/python3.11/site-packages/airflow/example_dags/example_bash_decorator.py for tasks to queue
[2025-12-24T09:06:39.950+0000] {logging_mixin.py:190} INFO - [2025-12-24T09:06:39.949+0000] {dagbag.py:588} INFO - Filling up the DagBag from /home/airflow/.local/lib/python3.11/site-packages/airflow/example_dags/example_bash_decorator.py
[2025-12-24T09:06:39.972+0000] {processor.py:925} INFO - DAG(s) 'example_bash_decorator' retrieved from /home/airflow/.local/lib/python3.11/site-packages/airflow/example_dags/example_bash_decorator.py
[2025-12-24T09:06:40.016+0000] {logging_mixin.py:190} INFO - [2025-12-24T09:06:40.016+0000] {dag.py:3239} INFO - Sync 1 DAGs
[2025-12-24T09:06:40.035+0000] {logging_mixin.py:190} INFO - [2025-12-24T09:06:40.035+0000] {dag.py:4180} INFO - Setting next_dagrun for example_bash_decorator to None, run_after=None
[2025-12-24T09:06:40.058+0000] {processor.py:208} INFO - Processing /home/airflow/.local/lib/python3.11/site-packages/airflow/example_dags/example_bash_decorator.py took 0.125 seconds
[2025-12-24T09:06:42.524+0000] {processor.py:186} INFO - Started process (PID=686) to work on /home/airflow/.local/lib/python3.11/site-packages/airflow/example_dags/example_bash_decorator.py
[2025-12-24T09:06:42.526+0000] {processor.py:914} INFO - Processing file /home/airflow/.local/lib/python3.11/site-packages/airflow/example_dags/example_bash_decorator.py for tasks to queue
[2025-12-24T09:06:42.530+0000] {logging_mixin.py:190} INFO - [2025-12-24T09:06:42.530+0000] {dagbag.py:588} INFO - Filling up the DagBag from /home/airflow/.local/lib/python3.11/site-packages/airflow/example_dags/example_bash_decorator.py
[2025-12-24T09:06:42.554+0000] {processor.py:925} INFO - DAG(s) 'example_bash_decorator' retrieved from /home/airflow/.local/lib/python3.11/site-packages/airflow/example_dags/example_bash_decorator.py
[2025-12-24T09:06:42.593+0000] {logging_mixin.py:190} INFO - [2025-12-24T09:06:42.592+0000] {dag.py:3239} INFO - Sync 1 DAGs
[2025-12-24T09:06:42.611+0000] {logging_mixin.py:190} INFO - [2025-12-24T09:06:42.611+0000] {dag.py:4180} INFO - Setting next_dagrun for example_bash_decorator to None, run_after=None
[2025-12-24T09:06:42.643+0000] {processor.py:208} INFO - Processing /home/airflow/.local/lib/python3.11/site-packages/airflow/example_dags/example_bash_decorator.py took 0.130 seconds
[2025-12-24T09:07:12.093+0000] {processor.py:186} INFO - Started process (PID=752) to work on /home/airflow/.local/lib/python3.11/site-packages/airflow/example_dags/example_bash_decorator.py
[2025-12-24T09:07:12.095+0000] {processor.py:914} INFO - Processing file /home/airflow/.local/lib/python3.11/site-packages/airflow/example_dags/example_bash_decorator.py for tasks to queue
[2025-12-24T09:07:12.099+0000] {logging_mixin.py:190} INFO - [2025-12-24T09:07:12.099+0000] {dagbag.py:588} INFO - Filling up the DagBag from /home/airflow/.local/lib/python3.11/site-packages/airflow/example_dags/example_bash_decorator.py
[2025-12-24T09:07:12.126+0000] {processor.py:925} INFO - DAG(s) 'example_bash_decorator' retrieved from /home/airflow/.local/lib/python3.11/site-packages/airflow/example_dags/example_bash_decorator.py
[2025-12-24T09:07:12.163+0000] {logging_mixin.py:190} INFO - [2025-12-24T09:07:12.162+0000] {dag.py:3239} INFO - Sync 1 DAGs
[2025-12-24T09:07:12.186+0000] {logging_mixin.py:190} INFO - [2025-12-24T09:07:12.186+0000] {dag.py:4180} INFO - Setting next_dagrun for example_bash_decorator to None, run_after=None
[2025-12-24T09:07:12.243+0000] {processor.py:208} INFO - Processing /home/airflow/.local/lib/python3.11/site-packages/airflow/example_dags/example_bash_decorator.py took 0.162 seconds
[2025-12-24T09:07:21.698+0000] {processor.py:186} INFO - Started process (PID=814) to work on /home/airflow/.local/lib/python3.11/site-packages/airflow/example_dags/example_bash_decorator.py
[2025-12-24T09:07:21.699+0000] {processor.py:914} INFO - Processing file /home/airflow/.local/lib/python3.11/site-packages/airflow/example_dags/example_bash_decorator.py for tasks to queue
[2025-12-24T09:07:21.703+0000] {logging_mixin.py:190} INFO - [2025-12-24T09:07:21.703+0000] {dagbag.py:588} INFO - Filling up the DagBag from /home/airflow/.local/lib/python3.11/site-packages/airflow/example_dags/example_bash_decorator.py
[2025-12-24T09:07:21.726+0000] {processor.py:925} INFO - DAG(s) 'example_bash_decorator' retrieved from /home/airflow/.local/lib/python3.11/site-packages/airflow/example_dags/example_bash_decorator.py
[2025-12-24T09:07:21.759+0000] {logging_mixin.py:190} INFO - [2025-12-24T09:07:21.758+0000] {dag.py:3239} INFO - Sync 1 DAGs
[2025-12-24T09:07:21.776+0000] {logging_mixin.py:190} INFO - [2025-12-24T09:07:21.776+0000] {dag.py:4180} INFO - Setting next_dagrun for example_bash_decorator to None, run_after=None
[2025-12-24T09:07:21.816+0000] {processor.py:208} INFO - Processing /home/airflow/.local/lib/python3.11/site-packages/airflow/example_dags/example_bash_decorator.py took 0.127 seconds
[2025-12-24T09:07:31.995+0000] {processor.py:186} INFO - Started process (PID=871) to work on /home/airflow/.local/lib/python3.11/site-packages/airflow/example_dags/example_bash_decorator.py
[2025-12-24T09:07:31.996+0000] {processor.py:914} INFO - Processing file /home/airflow/.local/lib/python3.11/site-packages/airflow/example_dags/example_bash_decorator.py for tasks to queue
[2025-12-24T09:07:32.000+0000] {logging_mixin.py:190} INFO - [2025-12-24T09:07:31.999+0000] {dagbag.py:588} INFO - Filling up the DagBag from /home/airflow/.local/lib/python3.11/site-packages/airflow/example_dags/example_bash_decorator.py
[2025-12-24T09:07:32.022+0000] {processor.py:925} INFO - DAG(s) 'example_bash_decorator' retrieved from /home/airflow/.local/lib/python3.11/site-packages/airflow/example_dags/example_bash_decorator.py
[2025-12-24T09:07:32.055+0000] {logging_mixin.py:190} INFO - [2025-12-24T09:07:32.055+0000] {dag.py:3239} INFO - Sync 1 DAGs
[2025-12-24T09:07:32.072+0000] {logging_mixin.py:190} INFO - [2025-12-24T09:07:32.072+0000] {dag.py:4180} INFO - Setting next_dagrun for example_bash_decorator to None, run_after=None
[2025-12-24T09:07:32.097+0000] {processor.py:208} INFO - Processing /home/airflow/.local/lib/python3.11/site-packages/airflow/example_dags/example_bash_decorator.py took 0.111 seconds
[2025-12-24T09:07:41.887+0000] {processor.py:186} INFO - Started process (PID=927) to work on /home/airflow/.local/lib/python3.11/site-packages/airflow/example_dags/example_bash_decorator.py
[2025-12-24T09:07:41.889+0000] {processor.py:914} INFO - Processing file /home/airflow/.local/lib/python3.11/site-packages/airflow/example_dags/example_bash_decorator.py for tasks to queue
[2025-12-24T09:07:41.893+0000] {logging_mixin.py:190} INFO - [2025-12-24T09:07:41.893+0000] {dagbag.py:588} INFO - Filling up the DagBag from /home/airflow/.local/lib/python3.11/site-packages/airflow/example_dags/example_bash_decorator.py
[2025-12-24T09:07:41.921+0000] {processor.py:925} INFO - DAG(s) 'example_bash_decorator' retrieved from /home/airflow/.local/lib/python3.11/site-packages/airflow/example_dags/example_bash_decorator.py
[2025-12-24T09:07:41.966+0000] {logging_mixin.py:190} INFO - [2025-12-24T09:07:41.966+0000] {dag.py:3239} INFO - Sync 1 DAGs
[2025-12-24T09:07:41.989+0000] {logging_mixin.py:190} INFO - [2025-12-24T09:07:41.989+0000] {dag.py:4180} INFO - Setting next_dagrun for example_bash_decorator to None, run_after=None
[2025-12-24T09:07:42.038+0000] {processor.py:208} INFO - Processing /home/airflow/.local/lib/python3.11/site-packages/airflow/example_dags/example_bash_decorator.py took 0.163 seconds
[2025-12-24T09:08:39.355+0000] {processor.py:186} INFO - Started process (PID=988) to work on /home/airflow/.local/lib/python3.11/site-packages/airflow/example_dags/example_bash_decorator.py
[2025-12-24T09:08:39.360+0000] {processor.py:914} INFO - Processing file /home/airflow/.local/lib/python3.11/site-packages/airflow/example_dags/example_bash_decorator.py for tasks to queue
[2025-12-24T09:08:39.365+0000] {logging_mixin.py:190} INFO - [2025-12-24T09:08:39.364+0000] {dagbag.py:588} INFO - Filling up the DagBag from /home/airflow/.local/lib/python3.11/site-packages/airflow/example_dags/example_bash_decorator.py
[2025-12-24T09:08:39.393+0000] {processor.py:925} INFO - DAG(s) 'example_bash_decorator' retrieved from /home/airflow/.local/lib/python3.11/site-packages/airflow/example_dags/example_bash_decorator.py
[2025-12-24T09:08:39.441+0000] {logging_mixin.py:190} INFO - [2025-12-24T09:08:39.441+0000] {dag.py:3239} INFO - Sync 1 DAGs
[2025-12-24T09:08:39.473+0000] {logging_mixin.py:190} INFO - [2025-12-24T09:08:39.473+0000] {dag.py:4180} INFO - Setting next_dagrun for example_bash_decorator to None, run_after=None
[2025-12-24T09:08:39.523+0000] {processor.py:208} INFO - Processing /home/airflow/.local/lib/python3.11/site-packages/airflow/example_dags/example_bash_decorator.py took 0.180 seconds
[2025-12-24T09:09:19.366+0000] {processor.py:186} INFO - Started process (PID=1055) to work on /home/airflow/.local/lib/python3.11/site-packages/airflow/example_dags/example_bash_decorator.py
[2025-12-24T09:09:19.368+0000] {processor.py:914} INFO - Processing file /home/airflow/.local/lib/python3.11/site-packages/airflow/example_dags/example_bash_decorator.py for tasks to queue
[2025-12-24T09:09:19.372+0000] {logging_mixin.py:190} INFO - [2025-12-24T09:09:19.371+0000] {dagbag.py:588} INFO - Filling up the DagBag from /home/airflow/.local/lib/python3.11/site-packages/airflow/example_dags/example_bash_decorator.py
[2025-12-24T09:09:19.393+0000] {processor.py:925} INFO - DAG(s) 'example_bash_decorator' retrieved from /home/airflow/.local/lib/python3.11/site-packages/airflow/example_dags/example_bash_decorator.py
[2025-12-24T09:09:19.424+0000] {logging_mixin.py:190} INFO - [2025-12-24T09:09:19.424+0000] {dag.py:3239} INFO - Sync 1 DAGs
[2025-12-24T09:09:19.442+0000] {logging_mixin.py:190} INFO - [2025-12-24T09:09:19.442+0000] {dag.py:4180} INFO - Setting next_dagrun for example_bash_decorator to None, run_after=None
[2025-12-24T09:09:19.466+0000] {processor.py:208} INFO - Processing /home/airflow/.local/lib/python3.11/site-packages/airflow/example_dags/example_bash_decorator.py took 0.109 seconds
[2025-12-24T09:09:17.039+0000] {processor.py:186} INFO - Started process (PID=1135) to work on /home/airflow/.local/lib/python3.11/site-packages/airflow/example_dags/example_bash_decorator.py
[2025-12-24T09:09:17.040+0000] {processor.py:914} INFO - Processing file /home/airflow/.local/lib/python3.11/site-packages/airflow/example_dags/example_bash_decorator.py for tasks to queue
[2025-12-24T09:09:17.044+0000] {logging_mixin.py:190} INFO - [2025-12-24T09:09:17.043+0000] {dagbag.py:588} INFO - Filling up the DagBag from /home/airflow/.local/lib/python3.11/site-packages/airflow/example_dags/example_bash_decorator.py
[2025-12-24T09:09:17.070+0000] {processor.py:925} INFO - DAG(s) 'example_bash_decorator' retrieved from /home/airflow/.local/lib/python3.11/site-packages/airflow/example_dags/example_bash_decorator.py
[2025-12-24T09:09:17.106+0000] {logging_mixin.py:190} INFO - [2025-12-24T09:09:17.106+0000] {dag.py:3239} INFO - Sync 1 DAGs
[2025-12-24T09:09:17.126+0000] {logging_mixin.py:190} INFO - [2025-12-24T09:09:17.126+0000] {dag.py:4180} INFO - Setting next_dagrun for example_bash_decorator to None, run_after=None
[2025-12-24T09:09:17.152+0000] {processor.py:208} INFO - Processing /home/airflow/.local/lib/python3.11/site-packages/airflow/example_dags/example_bash_decorator.py took 0.124 seconds
[2025-12-24T09:10:24.586+0000] {processor.py:186} INFO - Started process (PID=1195) to work on /home/airflow/.local/lib/python3.11/site-packages/airflow/example_dags/example_bash_decorator.py
[2025-12-24T09:10:24.587+0000] {processor.py:914} INFO - Processing file /home/airflow/.local/lib/python3.11/site-packages/airflow/example_dags/example_bash_decorator.py for tasks to queue
[2025-12-24T09:10:24.591+0000] {logging_mixin.py:190} INFO - [2025-12-24T09:10:24.591+0000] {dagbag.py:588} INFO - Filling up the DagBag from /home/airflow/.local/lib/python3.11/site-packages/airflow/example_dags/example_bash_decorator.py
[2025-12-24T09:10:24.612+0000] {processor.py:925} INFO - DAG(s) 'example_bash_decorator' retrieved from /home/airflow/.local/lib/python3.11/site-packages/airflow/example_dags/example_bash_decorator.py
[2025-12-24T09:10:24.646+0000] {logging_mixin.py:190} INFO - [2025-12-24T09:10:24.646+0000] {dag.py:3239} INFO - Sync 1 DAGs
[2025-12-24T09:10:24.664+0000] {logging_mixin.py:190} INFO - [2025-12-24T09:10:24.664+0000] {dag.py:4180} INFO - Setting next_dagrun for example_bash_decorator to None, run_after=None
[2025-12-24T09:10:24.687+0000] {processor.py:208} INFO - Processing /home/airflow/.local/lib/python3.11/site-packages/airflow/example_dags/example_bash_decorator.py took 0.111 seconds
[2025-12-24T09:10:17.344+0000] {processor.py:186} INFO - Started process (PID=1267) to work on /home/airflow/.local/lib/python3.11/site-packages/airflow/example_dags/example_bash_decorator.py
[2025-12-24T09:10:17.345+0000] {processor.py:914} INFO - Processing file /home/airflow/.local/lib/python3.11/site-packages/airflow/example_dags/example_bash_decorator.py for tasks to queue
[2025-12-24T09:10:17.351+0000] {logging_mixin.py:190} INFO - [2025-12-24T09:10:17.350+0000] {dagbag.py:588} INFO - Filling up the DagBag from /home/airflow/.local/lib/python3.11/site-packages/airflow/example_dags/example_bash_decorator.py
[2025-12-24T09:10:17.384+0000] {processor.py:925} INFO - DAG(s) 'example_bash_decorator' retrieved from /home/airflow/.local/lib/python3.11/site-packages/airflow/example_dags/example_bash_decorator.py
[2025-12-24T09:10:17.432+0000] {logging_mixin.py:190} INFO - [2025-12-24T09:10:17.432+0000] {dag.py:3239} INFO - Sync 1 DAGs
[2025-12-24T09:10:17.466+0000] {logging_mixin.py:190} INFO - [2025-12-24T09:10:17.466+0000] {dag.py:4180} INFO - Setting next_dagrun for example_bash_decorator to None, run_after=None
[2025-12-24T09:10:17.500+0000] {processor.py:208} INFO - Processing /home/airflow/.local/lib/python3.11/site-packages/airflow/example_dags/example_bash_decorator.py took 0.166 seconds
[2025-12-24T09:10:47.345+0000] {processor.py:186} INFO - Started process (PID=1316) to work on /home/airflow/.local/lib/python3.11/site-packages/airflow/example_dags/example_bash_decorator.py
[2025-12-24T09:10:47.347+0000] {processor.py:914} INFO - Processing file /home/airflow/.local/lib/python3.11/site-packages/airflow/example_dags/example_bash_decorator.py for tasks to queue
[2025-12-24T09:10:47.351+0000] {logging_mixin.py:190} INFO - [2025-12-24T09:10:47.351+0000] {dagbag.py:588} INFO - Filling up the DagBag from /home/airflow/.local/lib/python3.11/site-packages/airflow/example_dags/example_bash_decorator.py
[2025-12-24T09:10:47.372+0000] {processor.py:925} INFO - DAG(s) 'example_bash_decorator' retrieved from /home/airflow/.local/lib/python3.11/site-packages/airflow/example_dags/example_bash_decorator.py
[2025-12-24T09:10:47.406+0000] {logging_mixin.py:190} INFO - [2025-12-24T09:10:47.405+0000] {dag.py:3239} INFO - Sync 1 DAGs
[2025-12-24T09:10:47.424+0000] {logging_mixin.py:190} INFO - [2025-12-24T09:10:47.424+0000] {dag.py:4180} INFO - Setting next_dagrun for example_bash_decorator to None, run_after=None
[2025-12-24T09:10:47.455+0000] {processor.py:208} INFO - Processing /home/airflow/.local/lib/python3.11/site-packages/airflow/example_dags/example_bash_decorator.py took 0.119 seconds
[2025-12-24T09:10:57.067+0000] {processor.py:186} INFO - Started process (PID=1373) to work on /home/airflow/.local/lib/python3.11/site-packages/airflow/example_dags/example_bash_decorator.py
[2025-12-24T09:10:57.069+0000] {processor.py:914} INFO - Processing file /home/airflow/.local/lib/python3.11/site-packages/airflow/example_dags/example_bash_decorator.py for tasks to queue
[2025-12-24T09:10:57.072+0000] {logging_mixin.py:190} INFO - [2025-12-24T09:10:57.072+0000] {dagbag.py:588} INFO - Filling up the DagBag from /home/airflow/.local/lib/python3.11/site-packages/airflow/example_dags/example_bash_decorator.py
[2025-12-24T09:10:57.100+0000] {processor.py:925} INFO - DAG(s) 'example_bash_decorator' retrieved from /home/airflow/.local/lib/python3.11/site-packages/airflow/example_dags/example_bash_decorator.py
[2025-12-24T09:10:57.135+0000] {logging_mixin.py:190} INFO - [2025-12-24T09:10:57.134+0000] {dag.py:3239} INFO - Sync 1 DAGs
[2025-12-24T09:10:57.153+0000] {logging_mixin.py:190} INFO - [2025-12-24T09:10:57.153+0000] {dag.py:4180} INFO - Setting next_dagrun for example_bash_decorator to None, run_after=None
[2025-12-24T09:10:57.181+0000] {processor.py:208} INFO - Processing /home/airflow/.local/lib/python3.11/site-packages/airflow/example_dags/example_bash_decorator.py took 0.123 seconds
[2025-12-24T09:11:28.034+0000] {processor.py:186} INFO - Started process (PID=1436) to work on /home/airflow/.local/lib/python3.11/site-packages/airflow/example_dags/example_bash_decorator.py
[2025-12-24T09:11:28.036+0000] {processor.py:914} INFO - Processing file /home/airflow/.local/lib/python3.11/site-packages/airflow/example_dags/example_bash_decorator.py for tasks to queue
[2025-12-24T09:11:28.040+0000] {logging_mixin.py:190} INFO - [2025-12-24T09:11:28.040+0000] {dagbag.py:588} INFO - Filling up the DagBag from /home/airflow/.local/lib/python3.11/site-packages/airflow/example_dags/example_bash_decorator.py
[2025-12-24T09:11:28.065+0000] {processor.py:925} INFO - DAG(s) 'example_bash_decorator' retrieved from /home/airflow/.local/lib/python3.11/site-packages/airflow/example_dags/example_bash_decorator.py
[2025-12-24T09:11:28.101+0000] {logging_mixin.py:190} INFO - [2025-12-24T09:11:28.101+0000] {dag.py:3239} INFO - Sync 1 DAGs
[2025-12-24T09:11:28.122+0000] {logging_mixin.py:190} INFO - [2025-12-24T09:11:28.122+0000] {dag.py:4180} INFO - Setting next_dagrun for example_bash_decorator to None, run_after=None
[2025-12-24T09:11:28.153+0000] {processor.py:208} INFO - Processing /home/airflow/.local/lib/python3.11/site-packages/airflow/example_dags/example_bash_decorator.py took 0.131 seconds
[2025-12-24T09:12:30.279+0000] {processor.py:186} INFO - Started process (PID=1499) to work on /home/airflow/.local/lib/python3.11/site-packages/airflow/example_dags/example_bash_decorator.py
[2025-12-24T09:12:30.281+0000] {processor.py:914} INFO - Processing file /home/airflow/.local/lib/python3.11/site-packages/airflow/example_dags/example_bash_decorator.py for tasks to queue
[2025-12-24T09:12:30.286+0000] {logging_mixin.py:190} INFO - [2025-12-24T09:12:30.286+0000] {dagbag.py:588} INFO - Filling up the DagBag from /home/airflow/.local/lib/python3.11/site-packages/airflow/example_dags/example_bash_decorator.py
[2025-12-24T09:12:30.311+0000] {processor.py:925} INFO - DAG(s) 'example_bash_decorator' retrieved from /home/airflow/.local/lib/python3.11/site-packages/airflow/example_dags/example_bash_decorator.py
[2025-12-24T09:12:30.351+0000] {logging_mixin.py:190} INFO - [2025-12-24T09:12:30.351+0000] {dag.py:3239} INFO - Sync 1 DAGs
[2025-12-24T09:12:30.371+0000] {logging_mixin.py:190} INFO - [2025-12-24T09:12:30.371+0000] {dag.py:4180} INFO - Setting next_dagrun for example_bash_decorator to None, run_after=None
[2025-12-24T09:12:30.397+0000] {processor.py:208} INFO - Processing /home/airflow/.local/lib/python3.11/site-packages/airflow/example_dags/example_bash_decorator.py took 0.128 seconds
[2025-12-24T09:12:42.312+0000] {processor.py:186} INFO - Started process (PID=1563) to work on /home/airflow/.local/lib/python3.11/site-packages/airflow/example_dags/example_bash_decorator.py
[2025-12-24T09:12:42.313+0000] {processor.py:914} INFO - Processing file /home/airflow/.local/lib/python3.11/site-packages/airflow/example_dags/example_bash_decorator.py for tasks to queue
[2025-12-24T09:12:42.318+0000] {logging_mixin.py:190} INFO - [2025-12-24T09:12:42.317+0000] {dagbag.py:588} INFO - Filling up the DagBag from /home/airflow/.local/lib/python3.11/site-packages/airflow/example_dags/example_bash_decorator.py
[2025-12-24T09:12:42.340+0000] {processor.py:925} INFO - DAG(s) 'example_bash_decorator' retrieved from /home/airflow/.local/lib/python3.11/site-packages/airflow/example_dags/example_bash_decorator.py
[2025-12-24T09:12:42.374+0000] {logging_mixin.py:190} INFO - [2025-12-24T09:12:42.374+0000] {dag.py:3239} INFO - Sync 1 DAGs
[2025-12-24T09:12:42.393+0000] {logging_mixin.py:190} INFO - [2025-12-24T09:12:42.393+0000] {dag.py:4180} INFO - Setting next_dagrun for example_bash_decorator to None, run_after=None
[2025-12-24T09:12:42.425+0000] {processor.py:208} INFO - Processing /home/airflow/.local/lib/python3.11/site-packages/airflow/example_dags/example_bash_decorator.py took 0.122 seconds
[2025-12-24T09:13:31.087+0000] {processor.py:186} INFO - Started process (PID=1630) to work on /home/airflow/.local/lib/python3.11/site-packages/airflow/example_dags/example_bash_decorator.py
[2025-12-24T09:13:31.091+0000] {processor.py:914} INFO - Processing file /home/airflow/.local/lib/python3.11/site-packages/airflow/example_dags/example_bash_decorator.py for tasks to queue
[2025-12-24T09:13:31.095+0000] {logging_mixin.py:190} INFO - [2025-12-24T09:13:31.095+0000] {dagbag.py:588} INFO - Filling up the DagBag from /home/airflow/.local/lib/python3.11/site-packages/airflow/example_dags/example_bash_decorator.py
[2025-12-24T09:13:31.124+0000] {processor.py:925} INFO - DAG(s) 'example_bash_decorator' retrieved from /home/airflow/.local/lib/python3.11/site-packages/airflow/example_dags/example_bash_decorator.py
[2025-12-24T09:13:31.167+0000] {logging_mixin.py:190} INFO - [2025-12-24T09:13:31.167+0000] {dag.py:3239} INFO - Sync 1 DAGs
[2025-12-24T09:13:31.194+0000] {logging_mixin.py:190} INFO - [2025-12-24T09:13:31.194+0000] {dag.py:4180} INFO - Setting next_dagrun for example_bash_decorator to None, run_after=None
[2025-12-24T09:13:31.223+0000] {processor.py:208} INFO - Processing /home/airflow/.local/lib/python3.11/site-packages/airflow/example_dags/example_bash_decorator.py took 0.148 seconds
[2025-12-24T09:14:24.687+0000] {processor.py:186} INFO - Started process (PID=1680) to work on /home/airflow/.local/lib/python3.11/site-packages/airflow/example_dags/example_bash_decorator.py
[2025-12-24T09:14:24.690+0000] {processor.py:914} INFO - Processing file /home/airflow/.local/lib/python3.11/site-packages/airflow/example_dags/example_bash_decorator.py for tasks to queue
[2025-12-24T09:14:24.695+0000] {logging_mixin.py:190} INFO - [2025-12-24T09:14:24.695+0000] {dagbag.py:588} INFO - Filling up the DagBag from /home/airflow/.local/lib/python3.11/site-packages/airflow/example_dags/example_bash_decorator.py
[2025-12-24T09:14:24.719+0000] {processor.py:925} INFO - DAG(s) 'example_bash_decorator' retrieved from /home/airflow/.local/lib/python3.11/site-packages/airflow/example_dags/example_bash_decorator.py
[2025-12-24T09:14:24.761+0000] {logging_mixin.py:190} INFO - [2025-12-24T09:14:24.761+0000] {dag.py:3239} INFO - Sync 1 DAGs
[2025-12-24T09:14:24.780+0000] {logging_mixin.py:190} INFO - [2025-12-24T09:14:24.780+0000] {dag.py:4180} INFO - Setting next_dagrun for example_bash_decorator to None, run_after=None
[2025-12-24T09:14:24.807+0000] {processor.py:208} INFO - Processing /home/airflow/.local/lib/python3.11/site-packages/airflow/example_dags/example_bash_decorator.py took 0.130 seconds
[2025-12-24T09:14:37.416+0000] {processor.py:186} INFO - Started process (PID=1752) to work on /home/airflow/.local/lib/python3.11/site-packages/airflow/example_dags/example_bash_decorator.py
[2025-12-24T09:14:37.418+0000] {processor.py:914} INFO - Processing file /home/airflow/.local/lib/python3.11/site-packages/airflow/example_dags/example_bash_decorator.py for tasks to queue
[2025-12-24T09:14:37.421+0000] {logging_mixin.py:190} INFO - [2025-12-24T09:14:37.421+0000] {dagbag.py:588} INFO - Filling up the DagBag from /home/airflow/.local/lib/python3.11/site-packages/airflow/example_dags/example_bash_decorator.py
[2025-12-24T09:14:37.443+0000] {processor.py:925} INFO - DAG(s) 'example_bash_decorator' retrieved from /home/airflow/.local/lib/python3.11/site-packages/airflow/example_dags/example_bash_decorator.py
[2025-12-24T09:14:37.476+0000] {logging_mixin.py:190} INFO - [2025-12-24T09:14:37.476+0000] {dag.py:3239} INFO - Sync 1 DAGs
[2025-12-24T09:14:37.495+0000] {logging_mixin.py:190} INFO - [2025-12-24T09:14:37.495+0000] {dag.py:4180} INFO - Setting next_dagrun for example_bash_decorator to None, run_after=None
[2025-12-24T09:14:37.526+0000] {processor.py:208} INFO - Processing /home/airflow/.local/lib/python3.11/site-packages/airflow/example_dags/example_bash_decorator.py took 0.121 seconds
[2025-12-24T09:15:08.301+0000] {processor.py:186} INFO - Started process (PID=1816) to work on /home/airflow/.local/lib/python3.11/site-packages/airflow/example_dags/example_bash_decorator.py
[2025-12-24T09:15:08.303+0000] {processor.py:914} INFO - Processing file /home/airflow/.local/lib/python3.11/site-packages/airflow/example_dags/example_bash_decorator.py for tasks to queue
[2025-12-24T09:15:08.308+0000] {logging_mixin.py:190} INFO - [2025-12-24T09:15:08.307+0000] {dagbag.py:588} INFO - Filling up the DagBag from /home/airflow/.local/lib/python3.11/site-packages/airflow/example_dags/example_bash_decorator.py
[2025-12-24T09:15:08.338+0000] {processor.py:925} INFO - DAG(s) 'example_bash_decorator' retrieved from /home/airflow/.local/lib/python3.11/site-packages/airflow/example_dags/example_bash_decorator.py
[2025-12-24T09:15:08.376+0000] {logging_mixin.py:190} INFO - [2025-12-24T09:15:08.376+0000] {dag.py:3239} INFO - Sync 1 DAGs
[2025-12-24T09:15:08.397+0000] {logging_mixin.py:190} INFO - [2025-12-24T09:15:08.396+0000] {dag.py:4180} INFO - Setting next_dagrun for example_bash_decorator to None, run_after=None
[2025-12-24T09:15:08.425+0000] {processor.py:208} INFO - Processing /home/airflow/.local/lib/python3.11/site-packages/airflow/example_dags/example_bash_decorator.py took 0.135 seconds
[2025-12-24T09:15:39.181+0000] {processor.py:186} INFO - Started process (PID=1879) to work on /home/airflow/.local/lib/python3.11/site-packages/airflow/example_dags/example_bash_decorator.py
[2025-12-24T09:15:39.183+0000] {processor.py:914} INFO - Processing file /home/airflow/.local/lib/python3.11/site-packages/airflow/example_dags/example_bash_decorator.py for tasks to queue
[2025-12-24T09:15:39.188+0000] {logging_mixin.py:190} INFO - [2025-12-24T09:15:39.187+0000] {dagbag.py:588} INFO - Filling up the DagBag from /home/airflow/.local/lib/python3.11/site-packages/airflow/example_dags/example_bash_decorator.py
[2025-12-24T09:15:39.215+0000] {processor.py:925} INFO - DAG(s) 'example_bash_decorator' retrieved from /home/airflow/.local/lib/python3.11/site-packages/airflow/example_dags/example_bash_decorator.py
[2025-12-24T09:15:39.260+0000] {logging_mixin.py:190} INFO - [2025-12-24T09:15:39.259+0000] {dag.py:3239} INFO - Sync 1 DAGs
[2025-12-24T09:15:39.281+0000] {logging_mixin.py:190} INFO - [2025-12-24T09:15:39.280+0000] {dag.py:4180} INFO - Setting next_dagrun for example_bash_decorator to None, run_after=None
[2025-12-24T09:15:39.313+0000] {processor.py:208} INFO - Processing /home/airflow/.local/lib/python3.11/site-packages/airflow/example_dags/example_bash_decorator.py took 0.144 seconds
[2025-12-24T09:16:40.255+0000] {processor.py:186} INFO - Started process (PID=1945) to work on /home/airflow/.local/lib/python3.11/site-packages/airflow/example_dags/example_bash_decorator.py
[2025-12-24T09:16:40.257+0000] {processor.py:914} INFO - Processing file /home/airflow/.local/lib/python3.11/site-packages/airflow/example_dags/example_bash_decorator.py for tasks to queue
[2025-12-24T09:16:40.260+0000] {logging_mixin.py:190} INFO - [2025-12-24T09:16:40.260+0000] {dagbag.py:588} INFO - Filling up the DagBag from /home/airflow/.local/lib/python3.11/site-packages/airflow/example_dags/example_bash_decorator.py
[2025-12-24T09:16:40.280+0000] {processor.py:925} INFO - DAG(s) 'example_bash_decorator' retrieved from /home/airflow/.local/lib/python3.11/site-packages/airflow/example_dags/example_bash_decorator.py
[2025-12-24T09:16:40.313+0000] {logging_mixin.py:190} INFO - [2025-12-24T09:16:40.312+0000] {dag.py:3239} INFO - Sync 1 DAGs
[2025-12-24T09:16:40.331+0000] {logging_mixin.py:190} INFO - [2025-12-24T09:16:40.330+0000] {dag.py:4180} INFO - Setting next_dagrun for example_bash_decorator to None, run_after=None
[2025-12-24T09:16:40.355+0000] {processor.py:208} INFO - Processing /home/airflow/.local/lib/python3.11/site-packages/airflow/example_dags/example_bash_decorator.py took 0.110 seconds
[2025-12-24T09:24:11.690+0000] {processor.py:186} INFO - Started process (PID=91) to work on /home/airflow/.local/lib/python3.11/site-packages/airflow/example_dags/example_bash_decorator.py
[2025-12-24T09:24:11.693+0000] {processor.py:914} INFO - Processing file /home/airflow/.local/lib/python3.11/site-packages/airflow/example_dags/example_bash_decorator.py for tasks to queue
[2025-12-24T09:24:11.698+0000] {logging_mixin.py:190} INFO - [2025-12-24T09:24:11.698+0000] {dagbag.py:588} INFO - Filling up the DagBag from /home/airflow/.local/lib/python3.11/site-packages/airflow/example_dags/example_bash_decorator.py
[2025-12-24T09:24:11.747+0000] {processor.py:925} INFO - DAG(s) 'example_bash_decorator' retrieved from /home/airflow/.local/lib/python3.11/site-packages/airflow/example_dags/example_bash_decorator.py
[2025-12-24T09:24:12.249+0000] {logging_mixin.py:190} INFO - [2025-12-24T09:24:12.248+0000] {override.py:1911} INFO - Created Permission View: can delete on DAG:example_bash_decorator
[2025-12-24T09:24:12.273+0000] {logging_mixin.py:190} INFO - [2025-12-24T09:24:12.273+0000] {override.py:1911} INFO - Created Permission View: can read on DAG:example_bash_decorator
[2025-12-24T09:24:12.292+0000] {logging_mixin.py:190} INFO - [2025-12-24T09:24:12.291+0000] {override.py:1911} INFO - Created Permission View: can edit on DAG:example_bash_decorator
[2025-12-24T09:24:12.314+0000] {logging_mixin.py:190} INFO - [2025-12-24T09:24:12.313+0000] {override.py:1911} INFO - Created Permission View: menu access on DAG Run:example_bash_decorator
[2025-12-24T09:24:12.331+0000] {logging_mixin.py:190} INFO - [2025-12-24T09:24:12.330+0000] {override.py:1911} INFO - Created Permission View: can create on DAG Run:example_bash_decorator
[2025-12-24T09:24:12.362+0000] {logging_mixin.py:190} INFO - [2025-12-24T09:24:12.362+0000] {override.py:1911} INFO - Created Permission View: can delete on DAG Run:example_bash_decorator
[2025-12-24T09:24:12.383+0000] {logging_mixin.py:190} INFO - [2025-12-24T09:24:12.383+0000] {override.py:1911} INFO - Created Permission View: can read on DAG Run:example_bash_decorator
[2025-12-24T09:24:12.385+0000] {logging_mixin.py:190} INFO - [2025-12-24T09:24:12.384+0000] {dag.py:3239} INFO - Sync 1 DAGs
[2025-12-24T09:24:12.411+0000] {logging_mixin.py:190} INFO - [2025-12-24T09:24:12.410+0000] {dag.py:3262} INFO - Creating ORM DAG for example_bash_decorator
[2025-12-24T09:24:12.412+0000] {logging_mixin.py:190} INFO - [2025-12-24T09:24:12.412+0000] {dag.py:4180} INFO - Setting next_dagrun for example_bash_decorator to None, run_after=None
[2025-12-24T09:24:12.444+0000] {processor.py:208} INFO - Processing /home/airflow/.local/lib/python3.11/site-packages/airflow/example_dags/example_bash_decorator.py took 0.766 seconds
[2025-12-24T09:24:03.977+0000] {processor.py:186} INFO - Started process (PID=183) to work on /home/airflow/.local/lib/python3.11/site-packages/airflow/example_dags/example_bash_decorator.py
[2025-12-24T09:24:03.979+0000] {processor.py:914} INFO - Processing file /home/airflow/.local/lib/python3.11/site-packages/airflow/example_dags/example_bash_decorator.py for tasks to queue
[2025-12-24T09:24:03.984+0000] {logging_mixin.py:190} INFO - [2025-12-24T09:24:03.984+0000] {dagbag.py:588} INFO - Filling up the DagBag from /home/airflow/.local/lib/python3.11/site-packages/airflow/example_dags/example_bash_decorator.py
[2025-12-24T09:24:04.012+0000] {processor.py:925} INFO - DAG(s) 'example_bash_decorator' retrieved from /home/airflow/.local/lib/python3.11/site-packages/airflow/example_dags/example_bash_decorator.py
[2025-12-24T09:24:04.034+0000] {logging_mixin.py:190} INFO - [2025-12-24T09:24:04.034+0000] {dag.py:3239} INFO - Sync 1 DAGs
[2025-12-24T09:24:04.067+0000] {logging_mixin.py:190} INFO - [2025-12-24T09:24:04.066+0000] {dag.py:4180} INFO - Setting next_dagrun for example_bash_decorator to None, run_after=None
[2025-12-24T09:24:04.096+0000] {processor.py:208} INFO - Processing /home/airflow/.local/lib/python3.11/site-packages/airflow/example_dags/example_bash_decorator.py took 0.133 seconds
[2025-12-24T09:24:12.947+0000] {processor.py:186} INFO - Started process (PID=223) to work on /home/airflow/.local/lib/python3.11/site-packages/airflow/example_dags/example_bash_decorator.py
[2025-12-24T09:24:12.949+0000] {processor.py:914} INFO - Processing file /home/airflow/.local/lib/python3.11/site-packages/airflow/example_dags/example_bash_decorator.py for tasks to queue
[2025-12-24T09:24:12.956+0000] {logging_mixin.py:190} INFO - [2025-12-24T09:24:12.955+0000] {dagbag.py:588} INFO - Filling up the DagBag from /home/airflow/.local/lib/python3.11/site-packages/airflow/example_dags/example_bash_decorator.py
[2025-12-24T09:24:12.994+0000] {processor.py:925} INFO - DAG(s) 'example_bash_decorator' retrieved from /home/airflow/.local/lib/python3.11/site-packages/airflow/example_dags/example_bash_decorator.py
[2025-12-24T09:24:13.022+0000] {logging_mixin.py:190} INFO - [2025-12-24T09:24:13.022+0000] {dag.py:3239} INFO - Sync 1 DAGs
[2025-12-24T09:24:13.051+0000] {logging_mixin.py:190} INFO - [2025-12-24T09:24:13.051+0000] {dag.py:4180} INFO - Setting next_dagrun for example_bash_decorator to None, run_after=None
[2025-12-24T09:24:13.099+0000] {processor.py:208} INFO - Processing /home/airflow/.local/lib/python3.11/site-packages/airflow/example_dags/example_bash_decorator.py took 0.167 seconds
[2025-12-24T09:24:42.303+0000] {processor.py:186} INFO - Started process (PID=282) to work on /home/airflow/.local/lib/python3.11/site-packages/airflow/example_dags/example_bash_decorator.py
[2025-12-24T09:24:42.305+0000] {processor.py:914} INFO - Processing file /home/airflow/.local/lib/python3.11/site-packages/airflow/example_dags/example_bash_decorator.py for tasks to queue
[2025-12-24T09:24:42.309+0000] {logging_mixin.py:190} INFO - [2025-12-24T09:24:42.309+0000] {dagbag.py:588} INFO - Filling up the DagBag from /home/airflow/.local/lib/python3.11/site-packages/airflow/example_dags/example_bash_decorator.py
[2025-12-24T09:24:42.336+0000] {processor.py:925} INFO - DAG(s) 'example_bash_decorator' retrieved from /home/airflow/.local/lib/python3.11/site-packages/airflow/example_dags/example_bash_decorator.py
[2025-12-24T09:24:42.381+0000] {logging_mixin.py:190} INFO - [2025-12-24T09:24:42.381+0000] {dag.py:3239} INFO - Sync 1 DAGs
[2025-12-24T09:24:42.422+0000] {logging_mixin.py:190} INFO - [2025-12-24T09:24:42.419+0000] {dag.py:4180} INFO - Setting next_dagrun for example_bash_decorator to None, run_after=None
[2025-12-24T09:24:42.471+0000] {processor.py:208} INFO - Processing /home/airflow/.local/lib/python3.11/site-packages/airflow/example_dags/example_bash_decorator.py took 0.178 seconds
[2025-12-24T09:24:53.754+0000] {processor.py:186} INFO - Started process (PID=340) to work on /home/airflow/.local/lib/python3.11/site-packages/airflow/example_dags/example_bash_decorator.py
[2025-12-24T09:24:53.756+0000] {processor.py:914} INFO - Processing file /home/airflow/.local/lib/python3.11/site-packages/airflow/example_dags/example_bash_decorator.py for tasks to queue
[2025-12-24T09:24:53.761+0000] {logging_mixin.py:190} INFO - [2025-12-24T09:24:53.760+0000] {dagbag.py:588} INFO - Filling up the DagBag from /home/airflow/.local/lib/python3.11/site-packages/airflow/example_dags/example_bash_decorator.py
[2025-12-24T09:24:53.790+0000] {processor.py:925} INFO - DAG(s) 'example_bash_decorator' retrieved from /home/airflow/.local/lib/python3.11/site-packages/airflow/example_dags/example_bash_decorator.py
[2025-12-24T09:24:53.849+0000] {logging_mixin.py:190} INFO - [2025-12-24T09:24:53.848+0000] {dag.py:3239} INFO - Sync 1 DAGs
[2025-12-24T09:24:53.874+0000] {logging_mixin.py:190} INFO - [2025-12-24T09:24:53.873+0000] {dag.py:4180} INFO - Setting next_dagrun for example_bash_decorator to None, run_after=None
[2025-12-24T09:24:53.910+0000] {processor.py:208} INFO - Processing /home/airflow/.local/lib/python3.11/site-packages/airflow/example_dags/example_bash_decorator.py took 0.167 seconds
[2025-12-24T09:25:12.355+0000] {processor.py:186} INFO - Started process (PID=402) to work on /home/airflow/.local/lib/python3.11/site-packages/airflow/example_dags/example_bash_decorator.py
[2025-12-24T09:25:12.357+0000] {processor.py:914} INFO - Processing file /home/airflow/.local/lib/python3.11/site-packages/airflow/example_dags/example_bash_decorator.py for tasks to queue
[2025-12-24T09:25:12.361+0000] {logging_mixin.py:190} INFO - [2025-12-24T09:25:12.361+0000] {dagbag.py:588} INFO - Filling up the DagBag from /home/airflow/.local/lib/python3.11/site-packages/airflow/example_dags/example_bash_decorator.py
[2025-12-24T09:25:12.387+0000] {processor.py:925} INFO - DAG(s) 'example_bash_decorator' retrieved from /home/airflow/.local/lib/python3.11/site-packages/airflow/example_dags/example_bash_decorator.py
[2025-12-24T09:25:12.467+0000] {logging_mixin.py:190} INFO - [2025-12-24T09:25:12.467+0000] {dag.py:3239} INFO - Sync 1 DAGs
[2025-12-24T09:25:12.493+0000] {logging_mixin.py:190} INFO - [2025-12-24T09:25:12.492+0000] {dag.py:4180} INFO - Setting next_dagrun for example_bash_decorator to None, run_after=None
[2025-12-24T09:25:12.526+0000] {processor.py:208} INFO - Processing /home/airflow/.local/lib/python3.11/site-packages/airflow/example_dags/example_bash_decorator.py took 0.181 seconds
[2025-12-24T09:25:18.776+0000] {processor.py:186} INFO - Started process (PID=456) to work on /home/airflow/.local/lib/python3.11/site-packages/airflow/example_dags/example_bash_decorator.py
[2025-12-24T09:25:18.778+0000] {processor.py:914} INFO - Processing file /home/airflow/.local/lib/python3.11/site-packages/airflow/example_dags/example_bash_decorator.py for tasks to queue
[2025-12-24T09:25:18.783+0000] {logging_mixin.py:190} INFO - [2025-12-24T09:25:18.783+0000] {dagbag.py:588} INFO - Filling up the DagBag from /home/airflow/.local/lib/python3.11/site-packages/airflow/example_dags/example_bash_decorator.py
[2025-12-24T09:25:18.813+0000] {processor.py:925} INFO - DAG(s) 'example_bash_decorator' retrieved from /home/airflow/.local/lib/python3.11/site-packages/airflow/example_dags/example_bash_decorator.py
[2025-12-24T09:25:18.862+0000] {logging_mixin.py:190} INFO - [2025-12-24T09:25:18.861+0000] {dag.py:3239} INFO - Sync 1 DAGs
[2025-12-24T09:25:18.892+0000] {logging_mixin.py:190} INFO - [2025-12-24T09:25:18.891+0000] {dag.py:4180} INFO - Setting next_dagrun for example_bash_decorator to None, run_after=None
[2025-12-24T09:25:18.938+0000] {processor.py:208} INFO - Processing /home/airflow/.local/lib/python3.11/site-packages/airflow/example_dags/example_bash_decorator.py took 0.200 seconds
[2025-12-24T09:25:49.749+0000] {processor.py:186} INFO - Started process (PID=514) to work on /home/airflow/.local/lib/python3.11/site-packages/airflow/example_dags/example_bash_decorator.py
[2025-12-24T09:25:49.750+0000] {processor.py:914} INFO - Processing file /home/airflow/.local/lib/python3.11/site-packages/airflow/example_dags/example_bash_decorator.py for tasks to queue
[2025-12-24T09:25:49.754+0000] {logging_mixin.py:190} INFO - [2025-12-24T09:25:49.754+0000] {dagbag.py:588} INFO - Filling up the DagBag from /home/airflow/.local/lib/python3.11/site-packages/airflow/example_dags/example_bash_decorator.py
[2025-12-24T09:25:49.781+0000] {processor.py:925} INFO - DAG(s) 'example_bash_decorator' retrieved from /home/airflow/.local/lib/python3.11/site-packages/airflow/example_dags/example_bash_decorator.py
[2025-12-24T09:25:49.822+0000] {logging_mixin.py:190} INFO - [2025-12-24T09:25:49.822+0000] {dag.py:3239} INFO - Sync 1 DAGs
[2025-12-24T09:25:49.848+0000] {logging_mixin.py:190} INFO - [2025-12-24T09:25:49.847+0000] {dag.py:4180} INFO - Setting next_dagrun for example_bash_decorator to None, run_after=None
[2025-12-24T09:25:49.879+0000] {processor.py:208} INFO - Processing /home/airflow/.local/lib/python3.11/site-packages/airflow/example_dags/example_bash_decorator.py took 0.142 seconds
[2025-12-24T09:25:54.629+0000] {processor.py:186} INFO - Started process (PID=545) to work on /home/airflow/.local/lib/python3.11/site-packages/airflow/example_dags/example_bash_decorator.py
[2025-12-24T09:25:54.631+0000] {processor.py:914} INFO - Processing file /home/airflow/.local/lib/python3.11/site-packages/airflow/example_dags/example_bash_decorator.py for tasks to queue
[2025-12-24T09:25:54.635+0000] {logging_mixin.py:190} INFO - [2025-12-24T09:25:54.634+0000] {dagbag.py:588} INFO - Filling up the DagBag from /home/airflow/.local/lib/python3.11/site-packages/airflow/example_dags/example_bash_decorator.py
[2025-12-24T09:25:54.664+0000] {processor.py:925} INFO - DAG(s) 'example_bash_decorator' retrieved from /home/airflow/.local/lib/python3.11/site-packages/airflow/example_dags/example_bash_decorator.py
[2025-12-24T09:25:54.706+0000] {logging_mixin.py:190} INFO - [2025-12-24T09:25:54.706+0000] {dag.py:3239} INFO - Sync 1 DAGs
[2025-12-24T09:25:54.727+0000] {logging_mixin.py:190} INFO - [2025-12-24T09:25:54.727+0000] {dag.py:4180} INFO - Setting next_dagrun for example_bash_decorator to None, run_after=None
[2025-12-24T09:25:54.772+0000] {processor.py:208} INFO - Processing /home/airflow/.local/lib/python3.11/site-packages/airflow/example_dags/example_bash_decorator.py took 0.154 seconds
[2025-12-24T09:26:03.987+0000] {processor.py:186} INFO - Started process (PID=609) to work on /home/airflow/.local/lib/python3.11/site-packages/airflow/example_dags/example_bash_decorator.py
[2025-12-24T09:26:03.989+0000] {processor.py:914} INFO - Processing file /home/airflow/.local/lib/python3.11/site-packages/airflow/example_dags/example_bash_decorator.py for tasks to queue
[2025-12-24T09:26:03.993+0000] {logging_mixin.py:190} INFO - [2025-12-24T09:26:03.993+0000] {dagbag.py:588} INFO - Filling up the DagBag from /home/airflow/.local/lib/python3.11/site-packages/airflow/example_dags/example_bash_decorator.py
[2025-12-24T09:26:04.017+0000] {processor.py:925} INFO - DAG(s) 'example_bash_decorator' retrieved from /home/airflow/.local/lib/python3.11/site-packages/airflow/example_dags/example_bash_decorator.py
[2025-12-24T09:26:04.074+0000] {logging_mixin.py:190} INFO - [2025-12-24T09:26:04.073+0000] {dag.py:3239} INFO - Sync 1 DAGs
[2025-12-24T09:26:04.097+0000] {logging_mixin.py:190} INFO - [2025-12-24T09:26:04.097+0000] {dag.py:4180} INFO - Setting next_dagrun for example_bash_decorator to None, run_after=None
[2025-12-24T09:26:04.141+0000] {processor.py:208} INFO - Processing /home/airflow/.local/lib/python3.11/site-packages/airflow/example_dags/example_bash_decorator.py took 0.164 seconds
[2025-12-24T09:26:55.150+0000] {processor.py:186} INFO - Started process (PID=665) to work on /home/airflow/.local/lib/python3.11/site-packages/airflow/example_dags/example_bash_decorator.py
[2025-12-24T09:26:55.152+0000] {processor.py:914} INFO - Processing file /home/airflow/.local/lib/python3.11/site-packages/airflow/example_dags/example_bash_decorator.py for tasks to queue
[2025-12-24T09:26:55.156+0000] {logging_mixin.py:190} INFO - [2025-12-24T09:26:55.156+0000] {dagbag.py:588} INFO - Filling up the DagBag from /home/airflow/.local/lib/python3.11/site-packages/airflow/example_dags/example_bash_decorator.py
[2025-12-24T09:26:55.184+0000] {processor.py:925} INFO - DAG(s) 'example_bash_decorator' retrieved from /home/airflow/.local/lib/python3.11/site-packages/airflow/example_dags/example_bash_decorator.py
[2025-12-24T09:26:55.234+0000] {logging_mixin.py:190} INFO - [2025-12-24T09:26:55.234+0000] {dag.py:3239} INFO - Sync 1 DAGs
[2025-12-24T09:26:55.254+0000] {logging_mixin.py:190} INFO - [2025-12-24T09:26:55.254+0000] {dag.py:4180} INFO - Setting next_dagrun for example_bash_decorator to None, run_after=None
[2025-12-24T09:26:55.289+0000] {processor.py:208} INFO - Processing /home/airflow/.local/lib/python3.11/site-packages/airflow/example_dags/example_bash_decorator.py took 0.151 seconds
[2025-12-24T09:26:23.420+0000] {processor.py:186} INFO - Started process (PID=717) to work on /home/airflow/.local/lib/python3.11/site-packages/airflow/example_dags/example_bash_decorator.py
[2025-12-24T09:26:23.422+0000] {processor.py:914} INFO - Processing file /home/airflow/.local/lib/python3.11/site-packages/airflow/example_dags/example_bash_decorator.py for tasks to queue
[2025-12-24T09:26:23.428+0000] {logging_mixin.py:190} INFO - [2025-12-24T09:26:23.427+0000] {dagbag.py:588} INFO - Filling up the DagBag from /home/airflow/.local/lib/python3.11/site-packages/airflow/example_dags/example_bash_decorator.py
[2025-12-24T09:26:23.454+0000] {processor.py:925} INFO - DAG(s) 'example_bash_decorator' retrieved from /home/airflow/.local/lib/python3.11/site-packages/airflow/example_dags/example_bash_decorator.py
[2025-12-24T09:26:23.498+0000] {logging_mixin.py:190} INFO - [2025-12-24T09:26:23.497+0000] {dag.py:3239} INFO - Sync 1 DAGs
[2025-12-24T09:26:23.517+0000] {logging_mixin.py:190} INFO - [2025-12-24T09:26:23.517+0000] {dag.py:4180} INFO - Setting next_dagrun for example_bash_decorator to None, run_after=None
[2025-12-24T09:26:23.548+0000] {processor.py:208} INFO - Processing /home/airflow/.local/lib/python3.11/site-packages/airflow/example_dags/example_bash_decorator.py took 0.137 seconds
[2025-12-24T09:26:33.569+0000] {processor.py:186} INFO - Started process (PID=772) to work on /home/airflow/.local/lib/python3.11/site-packages/airflow/example_dags/example_bash_decorator.py
[2025-12-24T09:26:33.571+0000] {processor.py:914} INFO - Processing file /home/airflow/.local/lib/python3.11/site-packages/airflow/example_dags/example_bash_decorator.py for tasks to queue
[2025-12-24T09:26:33.576+0000] {logging_mixin.py:190} INFO - [2025-12-24T09:26:33.575+0000] {dagbag.py:588} INFO - Filling up the DagBag from /home/airflow/.local/lib/python3.11/site-packages/airflow/example_dags/example_bash_decorator.py
[2025-12-24T09:26:33.609+0000] {processor.py:925} INFO - DAG(s) 'example_bash_decorator' retrieved from /home/airflow/.local/lib/python3.11/site-packages/airflow/example_dags/example_bash_decorator.py
[2025-12-24T09:26:33.657+0000] {logging_mixin.py:190} INFO - [2025-12-24T09:26:33.657+0000] {dag.py:3239} INFO - Sync 1 DAGs
[2025-12-24T09:26:33.678+0000] {logging_mixin.py:190} INFO - [2025-12-24T09:26:33.677+0000] {dag.py:4180} INFO - Setting next_dagrun for example_bash_decorator to None, run_after=None
[2025-12-24T09:26:33.708+0000] {processor.py:208} INFO - Processing /home/airflow/.local/lib/python3.11/site-packages/airflow/example_dags/example_bash_decorator.py took 0.152 seconds
[2025-12-24T09:26:43.901+0000] {processor.py:186} INFO - Started process (PID=825) to work on /home/airflow/.local/lib/python3.11/site-packages/airflow/example_dags/example_bash_decorator.py
[2025-12-24T09:26:43.904+0000] {processor.py:914} INFO - Processing file /home/airflow/.local/lib/python3.11/site-packages/airflow/example_dags/example_bash_decorator.py for tasks to queue
[2025-12-24T09:26:43.932+0000] {logging_mixin.py:190} INFO - [2025-12-24T09:26:43.931+0000] {dagbag.py:588} INFO - Filling up the DagBag from /home/airflow/.local/lib/python3.11/site-packages/airflow/example_dags/example_bash_decorator.py
[2025-12-24T09:26:43.970+0000] {processor.py:925} INFO - DAG(s) 'example_bash_decorator' retrieved from /home/airflow/.local/lib/python3.11/site-packages/airflow/example_dags/example_bash_decorator.py
[2025-12-24T09:26:44.031+0000] {logging_mixin.py:190} INFO - [2025-12-24T09:26:44.030+0000] {dag.py:3239} INFO - Sync 1 DAGs
[2025-12-24T09:26:44.073+0000] {logging_mixin.py:190} INFO - [2025-12-24T09:26:44.072+0000] {dag.py:4180} INFO - Setting next_dagrun for example_bash_decorator to None, run_after=None
[2025-12-24T09:26:44.115+0000] {processor.py:208} INFO - Processing /home/airflow/.local/lib/python3.11/site-packages/airflow/example_dags/example_bash_decorator.py took 0.230 seconds
[2025-12-24T09:27:41.372+0000] {processor.py:186} INFO - Started process (PID=881) to work on /home/airflow/.local/lib/python3.11/site-packages/airflow/example_dags/example_bash_decorator.py
[2025-12-24T09:27:41.376+0000] {processor.py:914} INFO - Processing file /home/airflow/.local/lib/python3.11/site-packages/airflow/example_dags/example_bash_decorator.py for tasks to queue
[2025-12-24T09:27:41.381+0000] {logging_mixin.py:190} INFO - [2025-12-24T09:27:41.380+0000] {dagbag.py:588} INFO - Filling up the DagBag from /home/airflow/.local/lib/python3.11/site-packages/airflow/example_dags/example_bash_decorator.py
[2025-12-24T09:27:41.407+0000] {processor.py:925} INFO - DAG(s) 'example_bash_decorator' retrieved from /home/airflow/.local/lib/python3.11/site-packages/airflow/example_dags/example_bash_decorator.py
[2025-12-24T09:27:41.452+0000] {logging_mixin.py:190} INFO - [2025-12-24T09:27:41.452+0000] {dag.py:3239} INFO - Sync 1 DAGs
[2025-12-24T09:27:41.475+0000] {logging_mixin.py:190} INFO - [2025-12-24T09:27:41.475+0000] {dag.py:4180} INFO - Setting next_dagrun for example_bash_decorator to None, run_after=None
[2025-12-24T09:27:41.509+0000] {processor.py:208} INFO - Processing /home/airflow/.local/lib/python3.11/site-packages/airflow/example_dags/example_bash_decorator.py took 0.153 seconds
[2025-12-24T09:27:49.088+0000] {processor.py:186} INFO - Started process (PID=953) to work on /home/airflow/.local/lib/python3.11/site-packages/airflow/example_dags/example_bash_decorator.py
[2025-12-24T09:27:49.090+0000] {processor.py:914} INFO - Processing file /home/airflow/.local/lib/python3.11/site-packages/airflow/example_dags/example_bash_decorator.py for tasks to queue
[2025-12-24T09:27:49.094+0000] {logging_mixin.py:190} INFO - [2025-12-24T09:27:49.094+0000] {dagbag.py:588} INFO - Filling up the DagBag from /home/airflow/.local/lib/python3.11/site-packages/airflow/example_dags/example_bash_decorator.py
[2025-12-24T09:27:49.117+0000] {processor.py:925} INFO - DAG(s) 'example_bash_decorator' retrieved from /home/airflow/.local/lib/python3.11/site-packages/airflow/example_dags/example_bash_decorator.py
[2025-12-24T09:27:49.153+0000] {logging_mixin.py:190} INFO - [2025-12-24T09:27:49.153+0000] {dag.py:3239} INFO - Sync 1 DAGs
[2025-12-24T09:27:49.175+0000] {logging_mixin.py:190} INFO - [2025-12-24T09:27:49.174+0000] {dag.py:4180} INFO - Setting next_dagrun for example_bash_decorator to None, run_after=None
[2025-12-24T09:27:49.204+0000] {processor.py:208} INFO - Processing /home/airflow/.local/lib/python3.11/site-packages/airflow/example_dags/example_bash_decorator.py took 0.126 seconds
[2025-12-24T09:27:59.246+0000] {processor.py:186} INFO - Started process (PID=1013) to work on /home/airflow/.local/lib/python3.11/site-packages/airflow/example_dags/example_bash_decorator.py
[2025-12-24T09:27:59.248+0000] {processor.py:914} INFO - Processing file /home/airflow/.local/lib/python3.11/site-packages/airflow/example_dags/example_bash_decorator.py for tasks to queue
[2025-12-24T09:27:59.252+0000] {logging_mixin.py:190} INFO - [2025-12-24T09:27:59.251+0000] {dagbag.py:588} INFO - Filling up the DagBag from /home/airflow/.local/lib/python3.11/site-packages/airflow/example_dags/example_bash_decorator.py
[2025-12-24T09:27:59.277+0000] {processor.py:925} INFO - DAG(s) 'example_bash_decorator' retrieved from /home/airflow/.local/lib/python3.11/site-packages/airflow/example_dags/example_bash_decorator.py
[2025-12-24T09:27:59.321+0000] {logging_mixin.py:190} INFO - [2025-12-24T09:27:59.321+0000] {dag.py:3239} INFO - Sync 1 DAGs
[2025-12-24T09:27:59.343+0000] {logging_mixin.py:190} INFO - [2025-12-24T09:27:59.342+0000] {dag.py:4180} INFO - Setting next_dagrun for example_bash_decorator to None, run_after=None
[2025-12-24T09:27:59.378+0000] {processor.py:208} INFO - Processing /home/airflow/.local/lib/python3.11/site-packages/airflow/example_dags/example_bash_decorator.py took 0.142 seconds
[2025-12-24T09:28:12.832+0000] {processor.py:186} INFO - Started process (PID=1078) to work on /home/airflow/.local/lib/python3.11/site-packages/airflow/example_dags/example_bash_decorator.py
[2025-12-24T09:28:12.834+0000] {processor.py:914} INFO - Processing file /home/airflow/.local/lib/python3.11/site-packages/airflow/example_dags/example_bash_decorator.py for tasks to queue
[2025-12-24T09:28:12.837+0000] {logging_mixin.py:190} INFO - [2025-12-24T09:28:12.837+0000] {dagbag.py:588} INFO - Filling up the DagBag from /home/airflow/.local/lib/python3.11/site-packages/airflow/example_dags/example_bash_decorator.py
[2025-12-24T09:28:12.862+0000] {processor.py:925} INFO - DAG(s) 'example_bash_decorator' retrieved from /home/airflow/.local/lib/python3.11/site-packages/airflow/example_dags/example_bash_decorator.py
[2025-12-24T09:28:12.898+0000] {logging_mixin.py:190} INFO - [2025-12-24T09:28:12.898+0000] {dag.py:3239} INFO - Sync 1 DAGs
[2025-12-24T09:28:12.917+0000] {logging_mixin.py:190} INFO - [2025-12-24T09:28:12.917+0000] {dag.py:4180} INFO - Setting next_dagrun for example_bash_decorator to None, run_after=None
[2025-12-24T09:28:55.269+0000] {processor.py:208} INFO - Processing /home/airflow/.local/lib/python3.11/site-packages/airflow/example_dags/example_bash_decorator.py took 0.127 seconds
