[2025-12-24T09:03:07.806+0000] {processor.py:186} INFO - Started process (PID=125) to work on /home/airflow/.local/lib/python3.11/site-packages/airflow/example_dags/example_local_kubernetes_executor.py
[2025-12-24T09:03:07.809+0000] {processor.py:914} INFO - Processing file /home/airflow/.local/lib/python3.11/site-packages/airflow/example_dags/example_local_kubernetes_executor.py for tasks to queue
[2025-12-24T09:03:07.815+0000] {logging_mixin.py:190} INFO - [2025-12-24T09:03:07.814+0000] {dagbag.py:588} INFO - Filling up the DagBag from /home/airflow/.local/lib/python3.11/site-packages/airflow/example_dags/example_local_kubernetes_executor.py
[2025-12-24T09:03:07.840+0000] {processor.py:925} INFO - DAG(s) 'example_local_kubernetes_executor' retrieved from /home/airflow/.local/lib/python3.11/site-packages/airflow/example_dags/example_local_kubernetes_executor.py
[2025-12-24T09:03:08.064+0000] {logging_mixin.py:190} INFO - [2025-12-24T09:03:08.062+0000] {override.py:1911} INFO - Created Permission View: can edit on DAG:example_local_kubernetes_executor
[2025-12-24T09:03:08.087+0000] {logging_mixin.py:190} INFO - [2025-12-24T09:03:08.086+0000] {override.py:1911} INFO - Created Permission View: can read on DAG:example_local_kubernetes_executor
[2025-12-24T09:03:08.106+0000] {logging_mixin.py:190} INFO - [2025-12-24T09:03:08.105+0000] {override.py:1911} INFO - Created Permission View: can delete on DAG:example_local_kubernetes_executor
[2025-12-24T09:03:08.128+0000] {logging_mixin.py:190} INFO - [2025-12-24T09:03:08.128+0000] {override.py:1911} INFO - Created Permission View: can read on DAG Run:example_local_kubernetes_executor
[2025-12-24T09:03:08.164+0000] {logging_mixin.py:190} INFO - [2025-12-24T09:03:08.163+0000] {override.py:1911} INFO - Created Permission View: can create on DAG Run:example_local_kubernetes_executor
[2025-12-24T09:03:08.181+0000] {logging_mixin.py:190} INFO - [2025-12-24T09:03:08.180+0000] {override.py:1911} INFO - Created Permission View: can delete on DAG Run:example_local_kubernetes_executor
[2025-12-24T09:03:08.202+0000] {logging_mixin.py:190} INFO - [2025-12-24T09:03:08.202+0000] {override.py:1911} INFO - Created Permission View: menu access on DAG Run:example_local_kubernetes_executor
[2025-12-24T09:03:08.204+0000] {logging_mixin.py:190} INFO - [2025-12-24T09:03:08.203+0000] {dag.py:3239} INFO - Sync 1 DAGs
[2025-12-24T09:03:08.223+0000] {logging_mixin.py:190} INFO - [2025-12-24T09:03:08.223+0000] {dag.py:3262} INFO - Creating ORM DAG for example_local_kubernetes_executor
[2025-12-24T09:03:08.224+0000] {logging_mixin.py:190} INFO - [2025-12-24T09:03:08.224+0000] {dag.py:4180} INFO - Setting next_dagrun for example_local_kubernetes_executor to None, run_after=None
[2025-12-24T09:03:08.256+0000] {processor.py:208} INFO - Processing /home/airflow/.local/lib/python3.11/site-packages/airflow/example_dags/example_local_kubernetes_executor.py took 0.462 seconds
[2025-12-24T09:03:17.284+0000] {processor.py:186} INFO - Started process (PID=190) to work on /home/airflow/.local/lib/python3.11/site-packages/airflow/example_dags/example_local_kubernetes_executor.py
[2025-12-24T09:03:17.286+0000] {processor.py:914} INFO - Processing file /home/airflow/.local/lib/python3.11/site-packages/airflow/example_dags/example_local_kubernetes_executor.py for tasks to queue
[2025-12-24T09:03:17.292+0000] {logging_mixin.py:190} INFO - [2025-12-24T09:03:17.291+0000] {dagbag.py:588} INFO - Filling up the DagBag from /home/airflow/.local/lib/python3.11/site-packages/airflow/example_dags/example_local_kubernetes_executor.py
[2025-12-24T09:03:17.314+0000] {processor.py:925} INFO - DAG(s) 'example_local_kubernetes_executor' retrieved from /home/airflow/.local/lib/python3.11/site-packages/airflow/example_dags/example_local_kubernetes_executor.py
[2025-12-24T09:03:17.357+0000] {logging_mixin.py:190} INFO - [2025-12-24T09:03:17.356+0000] {dag.py:3239} INFO - Sync 1 DAGs
[2025-12-24T09:03:17.395+0000] {logging_mixin.py:190} INFO - [2025-12-24T09:03:17.395+0000] {dag.py:4180} INFO - Setting next_dagrun for example_local_kubernetes_executor to None, run_after=None
[2025-12-24T09:03:17.474+0000] {processor.py:208} INFO - Processing /home/airflow/.local/lib/python3.11/site-packages/airflow/example_dags/example_local_kubernetes_executor.py took 0.202 seconds
[2025-12-24T09:04:19.576+0000] {processor.py:186} INFO - Started process (PID=245) to work on /home/airflow/.local/lib/python3.11/site-packages/airflow/example_dags/example_local_kubernetes_executor.py
[2025-12-24T09:04:19.577+0000] {processor.py:914} INFO - Processing file /home/airflow/.local/lib/python3.11/site-packages/airflow/example_dags/example_local_kubernetes_executor.py for tasks to queue
[2025-12-24T09:04:19.581+0000] {logging_mixin.py:190} INFO - [2025-12-24T09:04:19.581+0000] {dagbag.py:588} INFO - Filling up the DagBag from /home/airflow/.local/lib/python3.11/site-packages/airflow/example_dags/example_local_kubernetes_executor.py
[2025-12-24T09:04:19.599+0000] {processor.py:925} INFO - DAG(s) 'example_local_kubernetes_executor' retrieved from /home/airflow/.local/lib/python3.11/site-packages/airflow/example_dags/example_local_kubernetes_executor.py
[2025-12-24T09:04:19.641+0000] {logging_mixin.py:190} INFO - [2025-12-24T09:04:19.640+0000] {dag.py:3239} INFO - Sync 1 DAGs
[2025-12-24T09:04:19.664+0000] {logging_mixin.py:190} INFO - [2025-12-24T09:04:19.664+0000] {dag.py:4180} INFO - Setting next_dagrun for example_local_kubernetes_executor to None, run_after=None
[2025-12-24T09:04:19.713+0000] {processor.py:208} INFO - Processing /home/airflow/.local/lib/python3.11/site-packages/airflow/example_dags/example_local_kubernetes_executor.py took 0.147 seconds
[2025-12-24T09:04:18.222+0000] {processor.py:186} INFO - Started process (PID=318) to work on /home/airflow/.local/lib/python3.11/site-packages/airflow/example_dags/example_local_kubernetes_executor.py
[2025-12-24T09:04:18.224+0000] {processor.py:914} INFO - Processing file /home/airflow/.local/lib/python3.11/site-packages/airflow/example_dags/example_local_kubernetes_executor.py for tasks to queue
[2025-12-24T09:04:18.229+0000] {logging_mixin.py:190} INFO - [2025-12-24T09:04:18.228+0000] {dagbag.py:588} INFO - Filling up the DagBag from /home/airflow/.local/lib/python3.11/site-packages/airflow/example_dags/example_local_kubernetes_executor.py
[2025-12-24T09:04:18.252+0000] {processor.py:925} INFO - DAG(s) 'example_local_kubernetes_executor' retrieved from /home/airflow/.local/lib/python3.11/site-packages/airflow/example_dags/example_local_kubernetes_executor.py
[2025-12-24T09:04:18.299+0000] {logging_mixin.py:190} INFO - [2025-12-24T09:04:18.298+0000] {dag.py:3239} INFO - Sync 1 DAGs
[2025-12-24T09:04:18.338+0000] {logging_mixin.py:190} INFO - [2025-12-24T09:04:18.338+0000] {dag.py:4180} INFO - Setting next_dagrun for example_local_kubernetes_executor to None, run_after=None
[2025-12-24T09:04:18.390+0000] {processor.py:208} INFO - Processing /home/airflow/.local/lib/python3.11/site-packages/airflow/example_dags/example_local_kubernetes_executor.py took 0.183 seconds
[2025-12-24T09:04:47.571+0000] {processor.py:186} INFO - Started process (PID=382) to work on /home/airflow/.local/lib/python3.11/site-packages/airflow/example_dags/example_local_kubernetes_executor.py
[2025-12-24T09:04:47.572+0000] {processor.py:914} INFO - Processing file /home/airflow/.local/lib/python3.11/site-packages/airflow/example_dags/example_local_kubernetes_executor.py for tasks to queue
[2025-12-24T09:04:47.576+0000] {logging_mixin.py:190} INFO - [2025-12-24T09:04:47.576+0000] {dagbag.py:588} INFO - Filling up the DagBag from /home/airflow/.local/lib/python3.11/site-packages/airflow/example_dags/example_local_kubernetes_executor.py
[2025-12-24T09:04:47.593+0000] {processor.py:925} INFO - DAG(s) 'example_local_kubernetes_executor' retrieved from /home/airflow/.local/lib/python3.11/site-packages/airflow/example_dags/example_local_kubernetes_executor.py
[2025-12-24T09:04:47.629+0000] {logging_mixin.py:190} INFO - [2025-12-24T09:04:47.629+0000] {dag.py:3239} INFO - Sync 1 DAGs
[2025-12-24T09:04:47.660+0000] {logging_mixin.py:190} INFO - [2025-12-24T09:04:47.660+0000] {dag.py:4180} INFO - Setting next_dagrun for example_local_kubernetes_executor to None, run_after=None
[2025-12-24T09:04:47.686+0000] {processor.py:208} INFO - Processing /home/airflow/.local/lib/python3.11/site-packages/airflow/example_dags/example_local_kubernetes_executor.py took 0.129 seconds
[2025-12-24T09:04:56.953+0000] {processor.py:186} INFO - Started process (PID=440) to work on /home/airflow/.local/lib/python3.11/site-packages/airflow/example_dags/example_local_kubernetes_executor.py
[2025-12-24T09:04:56.954+0000] {processor.py:914} INFO - Processing file /home/airflow/.local/lib/python3.11/site-packages/airflow/example_dags/example_local_kubernetes_executor.py for tasks to queue
[2025-12-24T09:04:56.959+0000] {logging_mixin.py:190} INFO - [2025-12-24T09:04:56.958+0000] {dagbag.py:588} INFO - Filling up the DagBag from /home/airflow/.local/lib/python3.11/site-packages/airflow/example_dags/example_local_kubernetes_executor.py
[2025-12-24T09:04:56.973+0000] {processor.py:925} INFO - DAG(s) 'example_local_kubernetes_executor' retrieved from /home/airflow/.local/lib/python3.11/site-packages/airflow/example_dags/example_local_kubernetes_executor.py
[2025-12-24T09:04:57.010+0000] {logging_mixin.py:190} INFO - [2025-12-24T09:04:57.010+0000] {dag.py:3239} INFO - Sync 1 DAGs
[2025-12-24T09:04:57.030+0000] {logging_mixin.py:190} INFO - [2025-12-24T09:04:57.030+0000] {dag.py:4180} INFO - Setting next_dagrun for example_local_kubernetes_executor to None, run_after=None
[2025-12-24T09:04:57.059+0000] {processor.py:208} INFO - Processing /home/airflow/.local/lib/python3.11/site-packages/airflow/example_dags/example_local_kubernetes_executor.py took 0.115 seconds
[2025-12-24T09:06:13.179+0000] {processor.py:186} INFO - Started process (PID=539) to work on /home/airflow/.local/lib/python3.11/site-packages/airflow/example_dags/example_local_kubernetes_executor.py
[2025-12-24T09:06:13.181+0000] {processor.py:914} INFO - Processing file /home/airflow/.local/lib/python3.11/site-packages/airflow/example_dags/example_local_kubernetes_executor.py for tasks to queue
[2025-12-24T09:06:13.185+0000] {logging_mixin.py:190} INFO - [2025-12-24T09:06:13.184+0000] {dagbag.py:588} INFO - Filling up the DagBag from /home/airflow/.local/lib/python3.11/site-packages/airflow/example_dags/example_local_kubernetes_executor.py
[2025-12-24T09:06:13.202+0000] {processor.py:925} INFO - DAG(s) 'example_local_kubernetes_executor' retrieved from /home/airflow/.local/lib/python3.11/site-packages/airflow/example_dags/example_local_kubernetes_executor.py
[2025-12-24T09:06:13.258+0000] {logging_mixin.py:190} INFO - [2025-12-24T09:06:13.258+0000] {dag.py:3239} INFO - Sync 1 DAGs
[2025-12-24T09:06:13.278+0000] {logging_mixin.py:190} INFO - [2025-12-24T09:06:13.278+0000] {dag.py:4180} INFO - Setting next_dagrun for example_local_kubernetes_executor to None, run_after=None
[2025-12-24T09:05:30.960+0000] {processor.py:208} INFO - Processing /home/airflow/.local/lib/python3.11/site-packages/airflow/example_dags/example_local_kubernetes_executor.py took 0.138 seconds
[2025-12-24T09:05:43.098+0000] {processor.py:186} INFO - Started process (PID=594) to work on /home/airflow/.local/lib/python3.11/site-packages/airflow/example_dags/example_local_kubernetes_executor.py
[2025-12-24T09:05:43.100+0000] {processor.py:914} INFO - Processing file /home/airflow/.local/lib/python3.11/site-packages/airflow/example_dags/example_local_kubernetes_executor.py for tasks to queue
[2025-12-24T09:05:43.105+0000] {logging_mixin.py:190} INFO - [2025-12-24T09:05:43.104+0000] {dagbag.py:588} INFO - Filling up the DagBag from /home/airflow/.local/lib/python3.11/site-packages/airflow/example_dags/example_local_kubernetes_executor.py
[2025-12-24T09:05:43.125+0000] {processor.py:925} INFO - DAG(s) 'example_local_kubernetes_executor' retrieved from /home/airflow/.local/lib/python3.11/site-packages/airflow/example_dags/example_local_kubernetes_executor.py
[2025-12-24T09:05:43.159+0000] {logging_mixin.py:190} INFO - [2025-12-24T09:05:43.158+0000] {dag.py:3239} INFO - Sync 1 DAGs
[2025-12-24T09:05:43.176+0000] {logging_mixin.py:190} INFO - [2025-12-24T09:05:43.175+0000] {dag.py:4180} INFO - Setting next_dagrun for example_local_kubernetes_executor to None, run_after=None
[2025-12-24T09:05:43.374+0000] {processor.py:208} INFO - Processing /home/airflow/.local/lib/python3.11/site-packages/airflow/example_dags/example_local_kubernetes_executor.py took 0.288 seconds
[2025-12-24T09:06:44.643+0000] {processor.py:186} INFO - Started process (PID=656) to work on /home/airflow/.local/lib/python3.11/site-packages/airflow/example_dags/example_local_kubernetes_executor.py
[2025-12-24T09:06:44.645+0000] {processor.py:914} INFO - Processing file /home/airflow/.local/lib/python3.11/site-packages/airflow/example_dags/example_local_kubernetes_executor.py for tasks to queue
[2025-12-24T09:06:44.648+0000] {logging_mixin.py:190} INFO - [2025-12-24T09:06:44.648+0000] {dagbag.py:588} INFO - Filling up the DagBag from /home/airflow/.local/lib/python3.11/site-packages/airflow/example_dags/example_local_kubernetes_executor.py
[2025-12-24T09:06:44.662+0000] {processor.py:925} INFO - DAG(s) 'example_local_kubernetes_executor' retrieved from /home/airflow/.local/lib/python3.11/site-packages/airflow/example_dags/example_local_kubernetes_executor.py
[2025-12-24T09:06:44.706+0000] {logging_mixin.py:190} INFO - [2025-12-24T09:06:44.706+0000] {dag.py:3239} INFO - Sync 1 DAGs
[2025-12-24T09:06:44.729+0000] {logging_mixin.py:190} INFO - [2025-12-24T09:06:44.729+0000] {dag.py:4180} INFO - Setting next_dagrun for example_local_kubernetes_executor to None, run_after=None
[2025-12-24T09:06:44.766+0000] {processor.py:208} INFO - Processing /home/airflow/.local/lib/python3.11/site-packages/airflow/example_dags/example_local_kubernetes_executor.py took 0.132 seconds
[2025-12-24T09:06:48.915+0000] {processor.py:186} INFO - Started process (PID=732) to work on /home/airflow/.local/lib/python3.11/site-packages/airflow/example_dags/example_local_kubernetes_executor.py
[2025-12-24T09:06:48.917+0000] {processor.py:914} INFO - Processing file /home/airflow/.local/lib/python3.11/site-packages/airflow/example_dags/example_local_kubernetes_executor.py for tasks to queue
[2025-12-24T09:06:48.922+0000] {logging_mixin.py:190} INFO - [2025-12-24T09:06:48.921+0000] {dagbag.py:588} INFO - Filling up the DagBag from /home/airflow/.local/lib/python3.11/site-packages/airflow/example_dags/example_local_kubernetes_executor.py
[2025-12-24T09:06:48.944+0000] {processor.py:925} INFO - DAG(s) 'example_local_kubernetes_executor' retrieved from /home/airflow/.local/lib/python3.11/site-packages/airflow/example_dags/example_local_kubernetes_executor.py
[2025-12-24T09:06:48.995+0000] {logging_mixin.py:190} INFO - [2025-12-24T09:06:48.994+0000] {dag.py:3239} INFO - Sync 1 DAGs
[2025-12-24T09:06:49.024+0000] {logging_mixin.py:190} INFO - [2025-12-24T09:06:49.024+0000] {dag.py:4180} INFO - Setting next_dagrun for example_local_kubernetes_executor to None, run_after=None
[2025-12-24T09:06:49.086+0000] {processor.py:208} INFO - Processing /home/airflow/.local/lib/python3.11/site-packages/airflow/example_dags/example_local_kubernetes_executor.py took 0.182 seconds
[2025-12-24T09:07:18.228+0000] {processor.py:186} INFO - Started process (PID=796) to work on /home/airflow/.local/lib/python3.11/site-packages/airflow/example_dags/example_local_kubernetes_executor.py
[2025-12-24T09:07:18.230+0000] {processor.py:914} INFO - Processing file /home/airflow/.local/lib/python3.11/site-packages/airflow/example_dags/example_local_kubernetes_executor.py for tasks to queue
[2025-12-24T09:07:18.235+0000] {logging_mixin.py:190} INFO - [2025-12-24T09:07:18.234+0000] {dagbag.py:588} INFO - Filling up the DagBag from /home/airflow/.local/lib/python3.11/site-packages/airflow/example_dags/example_local_kubernetes_executor.py
[2025-12-24T09:07:18.256+0000] {processor.py:925} INFO - DAG(s) 'example_local_kubernetes_executor' retrieved from /home/airflow/.local/lib/python3.11/site-packages/airflow/example_dags/example_local_kubernetes_executor.py
[2025-12-24T09:07:18.310+0000] {logging_mixin.py:190} INFO - [2025-12-24T09:07:18.309+0000] {dag.py:3239} INFO - Sync 1 DAGs
[2025-12-24T09:07:18.361+0000] {logging_mixin.py:190} INFO - [2025-12-24T09:07:18.360+0000] {dag.py:4180} INFO - Setting next_dagrun for example_local_kubernetes_executor to None, run_after=None
[2025-12-24T09:07:18.409+0000] {processor.py:208} INFO - Processing /home/airflow/.local/lib/python3.11/site-packages/airflow/example_dags/example_local_kubernetes_executor.py took 0.199 seconds
[2025-12-24T09:07:28.497+0000] {processor.py:186} INFO - Started process (PID=853) to work on /home/airflow/.local/lib/python3.11/site-packages/airflow/example_dags/example_local_kubernetes_executor.py
[2025-12-24T09:07:28.499+0000] {processor.py:914} INFO - Processing file /home/airflow/.local/lib/python3.11/site-packages/airflow/example_dags/example_local_kubernetes_executor.py for tasks to queue
[2025-12-24T09:07:28.505+0000] {logging_mixin.py:190} INFO - [2025-12-24T09:07:28.504+0000] {dagbag.py:588} INFO - Filling up the DagBag from /home/airflow/.local/lib/python3.11/site-packages/airflow/example_dags/example_local_kubernetes_executor.py
[2025-12-24T09:07:28.527+0000] {processor.py:925} INFO - DAG(s) 'example_local_kubernetes_executor' retrieved from /home/airflow/.local/lib/python3.11/site-packages/airflow/example_dags/example_local_kubernetes_executor.py
[2025-12-24T09:07:28.575+0000] {logging_mixin.py:190} INFO - [2025-12-24T09:07:28.574+0000] {dag.py:3239} INFO - Sync 1 DAGs
[2025-12-24T09:07:28.606+0000] {logging_mixin.py:190} INFO - [2025-12-24T09:07:28.605+0000] {dag.py:4180} INFO - Setting next_dagrun for example_local_kubernetes_executor to None, run_after=None
[2025-12-24T09:07:28.651+0000] {processor.py:208} INFO - Processing /home/airflow/.local/lib/python3.11/site-packages/airflow/example_dags/example_local_kubernetes_executor.py took 0.169 seconds
[2025-12-24T09:07:37.534+0000] {processor.py:186} INFO - Started process (PID=909) to work on /home/airflow/.local/lib/python3.11/site-packages/airflow/example_dags/example_local_kubernetes_executor.py
[2025-12-24T09:07:37.536+0000] {processor.py:914} INFO - Processing file /home/airflow/.local/lib/python3.11/site-packages/airflow/example_dags/example_local_kubernetes_executor.py for tasks to queue
[2025-12-24T09:07:37.539+0000] {logging_mixin.py:190} INFO - [2025-12-24T09:07:37.539+0000] {dagbag.py:588} INFO - Filling up the DagBag from /home/airflow/.local/lib/python3.11/site-packages/airflow/example_dags/example_local_kubernetes_executor.py
[2025-12-24T09:07:37.554+0000] {processor.py:925} INFO - DAG(s) 'example_local_kubernetes_executor' retrieved from /home/airflow/.local/lib/python3.11/site-packages/airflow/example_dags/example_local_kubernetes_executor.py
[2025-12-24T09:07:37.602+0000] {logging_mixin.py:190} INFO - [2025-12-24T09:07:37.601+0000] {dag.py:3239} INFO - Sync 1 DAGs
[2025-12-24T09:07:37.630+0000] {logging_mixin.py:190} INFO - [2025-12-24T09:07:37.630+0000] {dag.py:4180} INFO - Setting next_dagrun for example_local_kubernetes_executor to None, run_after=None
[2025-12-24T09:07:37.666+0000] {processor.py:208} INFO - Processing /home/airflow/.local/lib/python3.11/site-packages/airflow/example_dags/example_local_kubernetes_executor.py took 0.145 seconds
[2025-12-24T09:07:46.612+0000] {processor.py:186} INFO - Started process (PID=970) to work on /home/airflow/.local/lib/python3.11/site-packages/airflow/example_dags/example_local_kubernetes_executor.py
[2025-12-24T09:07:46.615+0000] {processor.py:914} INFO - Processing file /home/airflow/.local/lib/python3.11/site-packages/airflow/example_dags/example_local_kubernetes_executor.py for tasks to queue
[2025-12-24T09:07:46.621+0000] {logging_mixin.py:190} INFO - [2025-12-24T09:07:46.620+0000] {dagbag.py:588} INFO - Filling up the DagBag from /home/airflow/.local/lib/python3.11/site-packages/airflow/example_dags/example_local_kubernetes_executor.py
[2025-12-24T09:07:46.652+0000] {processor.py:925} INFO - DAG(s) 'example_local_kubernetes_executor' retrieved from /home/airflow/.local/lib/python3.11/site-packages/airflow/example_dags/example_local_kubernetes_executor.py
[2025-12-24T09:07:46.730+0000] {logging_mixin.py:190} INFO - [2025-12-24T09:07:46.729+0000] {dag.py:3239} INFO - Sync 1 DAGs
[2025-12-24T09:07:46.761+0000] {logging_mixin.py:190} INFO - [2025-12-24T09:07:46.761+0000] {dag.py:4180} INFO - Setting next_dagrun for example_local_kubernetes_executor to None, run_after=None
[2025-12-24T09:07:46.815+0000] {processor.py:208} INFO - Processing /home/airflow/.local/lib/python3.11/site-packages/airflow/example_dags/example_local_kubernetes_executor.py took 0.228 seconds
[2025-12-24T09:08:44.502+0000] {processor.py:186} INFO - Started process (PID=1026) to work on /home/airflow/.local/lib/python3.11/site-packages/airflow/example_dags/example_local_kubernetes_executor.py
[2025-12-24T09:08:44.508+0000] {processor.py:914} INFO - Processing file /home/airflow/.local/lib/python3.11/site-packages/airflow/example_dags/example_local_kubernetes_executor.py for tasks to queue
[2025-12-24T09:08:44.520+0000] {logging_mixin.py:190} INFO - [2025-12-24T09:08:44.519+0000] {dagbag.py:588} INFO - Filling up the DagBag from /home/airflow/.local/lib/python3.11/site-packages/airflow/example_dags/example_local_kubernetes_executor.py
[2025-12-24T09:08:44.545+0000] {processor.py:925} INFO - DAG(s) 'example_local_kubernetes_executor' retrieved from /home/airflow/.local/lib/python3.11/site-packages/airflow/example_dags/example_local_kubernetes_executor.py
[2025-12-24T09:08:44.581+0000] {logging_mixin.py:190} INFO - [2025-12-24T09:08:44.580+0000] {dag.py:3239} INFO - Sync 1 DAGs
[2025-12-24T09:08:44.607+0000] {logging_mixin.py:190} INFO - [2025-12-24T09:08:44.606+0000] {dag.py:4180} INFO - Setting next_dagrun for example_local_kubernetes_executor to None, run_after=None
[2025-12-24T09:08:44.641+0000] {processor.py:208} INFO - Processing /home/airflow/.local/lib/python3.11/site-packages/airflow/example_dags/example_local_kubernetes_executor.py took 0.148 seconds
[2025-12-24T09:09:23.767+0000] {processor.py:186} INFO - Started process (PID=1094) to work on /home/airflow/.local/lib/python3.11/site-packages/airflow/example_dags/example_local_kubernetes_executor.py
[2025-12-24T09:09:23.769+0000] {processor.py:914} INFO - Processing file /home/airflow/.local/lib/python3.11/site-packages/airflow/example_dags/example_local_kubernetes_executor.py for tasks to queue
[2025-12-24T09:09:23.772+0000] {logging_mixin.py:190} INFO - [2025-12-24T09:09:23.772+0000] {dagbag.py:588} INFO - Filling up the DagBag from /home/airflow/.local/lib/python3.11/site-packages/airflow/example_dags/example_local_kubernetes_executor.py
[2025-12-24T09:09:23.787+0000] {processor.py:925} INFO - DAG(s) 'example_local_kubernetes_executor' retrieved from /home/airflow/.local/lib/python3.11/site-packages/airflow/example_dags/example_local_kubernetes_executor.py
[2025-12-24T09:09:23.817+0000] {logging_mixin.py:190} INFO - [2025-12-24T09:09:23.816+0000] {dag.py:3239} INFO - Sync 1 DAGs
[2025-12-24T09:09:23.837+0000] {logging_mixin.py:190} INFO - [2025-12-24T09:09:23.837+0000] {dag.py:4180} INFO - Setting next_dagrun for example_local_kubernetes_executor to None, run_after=None
[2025-12-24T09:09:23.865+0000] {processor.py:208} INFO - Processing /home/airflow/.local/lib/python3.11/site-packages/airflow/example_dags/example_local_kubernetes_executor.py took 0.107 seconds
[2025-12-24T09:09:23.162+0000] {processor.py:186} INFO - Started process (PID=1175) to work on /home/airflow/.local/lib/python3.11/site-packages/airflow/example_dags/example_local_kubernetes_executor.py
[2025-12-24T09:09:23.164+0000] {processor.py:914} INFO - Processing file /home/airflow/.local/lib/python3.11/site-packages/airflow/example_dags/example_local_kubernetes_executor.py for tasks to queue
[2025-12-24T09:09:23.168+0000] {logging_mixin.py:190} INFO - [2025-12-24T09:09:23.167+0000] {dagbag.py:588} INFO - Filling up the DagBag from /home/airflow/.local/lib/python3.11/site-packages/airflow/example_dags/example_local_kubernetes_executor.py
[2025-12-24T09:09:23.182+0000] {processor.py:925} INFO - DAG(s) 'example_local_kubernetes_executor' retrieved from /home/airflow/.local/lib/python3.11/site-packages/airflow/example_dags/example_local_kubernetes_executor.py
[2025-12-24T09:09:23.215+0000] {logging_mixin.py:190} INFO - [2025-12-24T09:09:23.214+0000] {dag.py:3239} INFO - Sync 1 DAGs
[2025-12-24T09:09:23.232+0000] {logging_mixin.py:190} INFO - [2025-12-24T09:09:23.232+0000] {dag.py:4180} INFO - Setting next_dagrun for example_local_kubernetes_executor to None, run_after=None
[2025-12-24T09:09:23.274+0000] {processor.py:208} INFO - Processing /home/airflow/.local/lib/python3.11/site-packages/airflow/example_dags/example_local_kubernetes_executor.py took 0.122 seconds
[2025-12-24T09:10:29.310+0000] {processor.py:186} INFO - Started process (PID=1240) to work on /home/airflow/.local/lib/python3.11/site-packages/airflow/example_dags/example_local_kubernetes_executor.py
[2025-12-24T09:10:29.312+0000] {processor.py:914} INFO - Processing file /home/airflow/.local/lib/python3.11/site-packages/airflow/example_dags/example_local_kubernetes_executor.py for tasks to queue
[2025-12-24T09:10:29.317+0000] {logging_mixin.py:190} INFO - [2025-12-24T09:10:29.316+0000] {dagbag.py:588} INFO - Filling up the DagBag from /home/airflow/.local/lib/python3.11/site-packages/airflow/example_dags/example_local_kubernetes_executor.py
[2025-12-24T09:10:29.332+0000] {processor.py:925} INFO - DAG(s) 'example_local_kubernetes_executor' retrieved from /home/airflow/.local/lib/python3.11/site-packages/airflow/example_dags/example_local_kubernetes_executor.py
[2025-12-24T09:10:29.365+0000] {logging_mixin.py:190} INFO - [2025-12-24T09:10:29.364+0000] {dag.py:3239} INFO - Sync 1 DAGs
[2025-12-24T09:10:29.383+0000] {logging_mixin.py:190} INFO - [2025-12-24T09:10:29.383+0000] {dag.py:4180} INFO - Setting next_dagrun for example_local_kubernetes_executor to None, run_after=None
[2025-12-24T09:10:29.407+0000] {processor.py:208} INFO - Processing /home/airflow/.local/lib/python3.11/site-packages/airflow/example_dags/example_local_kubernetes_executor.py took 0.106 seconds
[2025-12-24T09:10:52.224+0000] {processor.py:186} INFO - Started process (PID=1354) to work on /home/airflow/.local/lib/python3.11/site-packages/airflow/example_dags/example_local_kubernetes_executor.py
[2025-12-24T09:10:52.225+0000] {processor.py:914} INFO - Processing file /home/airflow/.local/lib/python3.11/site-packages/airflow/example_dags/example_local_kubernetes_executor.py for tasks to queue
[2025-12-24T09:10:52.229+0000] {logging_mixin.py:190} INFO - [2025-12-24T09:10:52.228+0000] {dagbag.py:588} INFO - Filling up the DagBag from /home/airflow/.local/lib/python3.11/site-packages/airflow/example_dags/example_local_kubernetes_executor.py
[2025-12-24T09:10:52.242+0000] {processor.py:925} INFO - DAG(s) 'example_local_kubernetes_executor' retrieved from /home/airflow/.local/lib/python3.11/site-packages/airflow/example_dags/example_local_kubernetes_executor.py
[2025-12-24T09:10:52.273+0000] {logging_mixin.py:190} INFO - [2025-12-24T09:10:52.272+0000] {dag.py:3239} INFO - Sync 1 DAGs
[2025-12-24T09:10:52.289+0000] {logging_mixin.py:190} INFO - [2025-12-24T09:10:52.288+0000] {dag.py:4180} INFO - Setting next_dagrun for example_local_kubernetes_executor to None, run_after=None
[2025-12-24T09:10:52.312+0000] {processor.py:208} INFO - Processing /home/airflow/.local/lib/python3.11/site-packages/airflow/example_dags/example_local_kubernetes_executor.py took 0.097 seconds
[2025-12-24T09:11:02.838+0000] {processor.py:186} INFO - Started process (PID=1411) to work on /home/airflow/.local/lib/python3.11/site-packages/airflow/example_dags/example_local_kubernetes_executor.py
[2025-12-24T09:11:02.839+0000] {processor.py:914} INFO - Processing file /home/airflow/.local/lib/python3.11/site-packages/airflow/example_dags/example_local_kubernetes_executor.py for tasks to queue
[2025-12-24T09:11:02.844+0000] {logging_mixin.py:190} INFO - [2025-12-24T09:11:02.844+0000] {dagbag.py:588} INFO - Filling up the DagBag from /home/airflow/.local/lib/python3.11/site-packages/airflow/example_dags/example_local_kubernetes_executor.py
[2025-12-24T09:11:02.860+0000] {processor.py:925} INFO - DAG(s) 'example_local_kubernetes_executor' retrieved from /home/airflow/.local/lib/python3.11/site-packages/airflow/example_dags/example_local_kubernetes_executor.py
[2025-12-24T09:11:02.914+0000] {logging_mixin.py:190} INFO - [2025-12-24T09:11:02.913+0000] {dag.py:3239} INFO - Sync 1 DAGs
[2025-12-24T09:11:02.937+0000] {logging_mixin.py:190} INFO - [2025-12-24T09:11:02.937+0000] {dag.py:4180} INFO - Setting next_dagrun for example_local_kubernetes_executor to None, run_after=None
[2025-12-24T09:11:02.971+0000] {processor.py:208} INFO - Processing /home/airflow/.local/lib/python3.11/site-packages/airflow/example_dags/example_local_kubernetes_executor.py took 0.144 seconds
[2025-12-24T09:11:34.018+0000] {processor.py:186} INFO - Started process (PID=1473) to work on /home/airflow/.local/lib/python3.11/site-packages/airflow/example_dags/example_local_kubernetes_executor.py
[2025-12-24T09:11:34.019+0000] {processor.py:914} INFO - Processing file /home/airflow/.local/lib/python3.11/site-packages/airflow/example_dags/example_local_kubernetes_executor.py for tasks to queue
[2025-12-24T09:11:34.023+0000] {logging_mixin.py:190} INFO - [2025-12-24T09:11:34.023+0000] {dagbag.py:588} INFO - Filling up the DagBag from /home/airflow/.local/lib/python3.11/site-packages/airflow/example_dags/example_local_kubernetes_executor.py
[2025-12-24T09:11:34.037+0000] {processor.py:925} INFO - DAG(s) 'example_local_kubernetes_executor' retrieved from /home/airflow/.local/lib/python3.11/site-packages/airflow/example_dags/example_local_kubernetes_executor.py
[2025-12-24T09:11:34.068+0000] {logging_mixin.py:190} INFO - [2025-12-24T09:11:34.068+0000] {dag.py:3239} INFO - Sync 1 DAGs
[2025-12-24T09:11:34.084+0000] {logging_mixin.py:190} INFO - [2025-12-24T09:11:34.084+0000] {dag.py:4180} INFO - Setting next_dagrun for example_local_kubernetes_executor to None, run_after=None
[2025-12-24T09:11:34.110+0000] {processor.py:208} INFO - Processing /home/airflow/.local/lib/python3.11/site-packages/airflow/example_dags/example_local_kubernetes_executor.py took 0.103 seconds
[2025-12-24T09:12:35.243+0000] {processor.py:186} INFO - Started process (PID=1537) to work on /home/airflow/.local/lib/python3.11/site-packages/airflow/example_dags/example_local_kubernetes_executor.py
[2025-12-24T09:12:35.245+0000] {processor.py:914} INFO - Processing file /home/airflow/.local/lib/python3.11/site-packages/airflow/example_dags/example_local_kubernetes_executor.py for tasks to queue
[2025-12-24T09:12:35.250+0000] {logging_mixin.py:190} INFO - [2025-12-24T09:12:35.250+0000] {dagbag.py:588} INFO - Filling up the DagBag from /home/airflow/.local/lib/python3.11/site-packages/airflow/example_dags/example_local_kubernetes_executor.py
[2025-12-24T09:12:35.267+0000] {processor.py:925} INFO - DAG(s) 'example_local_kubernetes_executor' retrieved from /home/airflow/.local/lib/python3.11/site-packages/airflow/example_dags/example_local_kubernetes_executor.py
[2025-12-24T09:12:35.304+0000] {logging_mixin.py:190} INFO - [2025-12-24T09:12:35.304+0000] {dag.py:3239} INFO - Sync 1 DAGs
[2025-12-24T09:12:35.322+0000] {logging_mixin.py:190} INFO - [2025-12-24T09:12:35.322+0000] {dag.py:4180} INFO - Setting next_dagrun for example_local_kubernetes_executor to None, run_after=None
[2025-12-24T09:12:35.345+0000] {processor.py:208} INFO - Processing /home/airflow/.local/lib/python3.11/site-packages/airflow/example_dags/example_local_kubernetes_executor.py took 0.114 seconds
[2025-12-24T09:13:29.412+0000] {processor.py:186} INFO - Started process (PID=1610) to work on /home/airflow/.local/lib/python3.11/site-packages/airflow/example_dags/example_local_kubernetes_executor.py
[2025-12-24T09:13:29.414+0000] {processor.py:914} INFO - Processing file /home/airflow/.local/lib/python3.11/site-packages/airflow/example_dags/example_local_kubernetes_executor.py for tasks to queue
[2025-12-24T09:13:29.417+0000] {logging_mixin.py:190} INFO - [2025-12-24T09:13:29.417+0000] {dagbag.py:588} INFO - Filling up the DagBag from /home/airflow/.local/lib/python3.11/site-packages/airflow/example_dags/example_local_kubernetes_executor.py
[2025-12-24T09:13:29.431+0000] {processor.py:925} INFO - DAG(s) 'example_local_kubernetes_executor' retrieved from /home/airflow/.local/lib/python3.11/site-packages/airflow/example_dags/example_local_kubernetes_executor.py
[2025-12-24T09:13:29.463+0000] {logging_mixin.py:190} INFO - [2025-12-24T09:13:29.462+0000] {dag.py:3239} INFO - Sync 1 DAGs
[2025-12-24T09:13:29.482+0000] {logging_mixin.py:190} INFO - [2025-12-24T09:13:29.481+0000] {dag.py:4180} INFO - Setting next_dagrun for example_local_kubernetes_executor to None, run_after=None
[2025-12-24T09:13:29.507+0000] {processor.py:208} INFO - Processing /home/airflow/.local/lib/python3.11/site-packages/airflow/example_dags/example_local_kubernetes_executor.py took 0.105 seconds
[2025-12-24T09:14:30.380+0000] {processor.py:186} INFO - Started process (PID=1726) to work on /home/airflow/.local/lib/python3.11/site-packages/airflow/example_dags/example_local_kubernetes_executor.py
[2025-12-24T09:14:30.382+0000] {processor.py:914} INFO - Processing file /home/airflow/.local/lib/python3.11/site-packages/airflow/example_dags/example_local_kubernetes_executor.py for tasks to queue
[2025-12-24T09:14:30.387+0000] {logging_mixin.py:190} INFO - [2025-12-24T09:14:30.387+0000] {dagbag.py:588} INFO - Filling up the DagBag from /home/airflow/.local/lib/python3.11/site-packages/airflow/example_dags/example_local_kubernetes_executor.py
[2025-12-24T09:14:30.404+0000] {processor.py:925} INFO - DAG(s) 'example_local_kubernetes_executor' retrieved from /home/airflow/.local/lib/python3.11/site-packages/airflow/example_dags/example_local_kubernetes_executor.py
[2025-12-24T09:14:30.437+0000] {logging_mixin.py:190} INFO - [2025-12-24T09:14:30.437+0000] {dag.py:3239} INFO - Sync 1 DAGs
[2025-12-24T09:14:30.458+0000] {logging_mixin.py:190} INFO - [2025-12-24T09:14:30.458+0000] {dag.py:4180} INFO - Setting next_dagrun for example_local_kubernetes_executor to None, run_after=None
[2025-12-24T09:14:30.484+0000] {processor.py:208} INFO - Processing /home/airflow/.local/lib/python3.11/site-packages/airflow/example_dags/example_local_kubernetes_executor.py took 0.113 seconds
[2025-12-24T09:14:42.239+0000] {processor.py:186} INFO - Started process (PID=1792) to work on /home/airflow/.local/lib/python3.11/site-packages/airflow/example_dags/example_local_kubernetes_executor.py
[2025-12-24T09:14:42.240+0000] {processor.py:914} INFO - Processing file /home/airflow/.local/lib/python3.11/site-packages/airflow/example_dags/example_local_kubernetes_executor.py for tasks to queue
[2025-12-24T09:14:42.244+0000] {logging_mixin.py:190} INFO - [2025-12-24T09:14:42.244+0000] {dagbag.py:588} INFO - Filling up the DagBag from /home/airflow/.local/lib/python3.11/site-packages/airflow/example_dags/example_local_kubernetes_executor.py
[2025-12-24T09:14:42.260+0000] {processor.py:925} INFO - DAG(s) 'example_local_kubernetes_executor' retrieved from /home/airflow/.local/lib/python3.11/site-packages/airflow/example_dags/example_local_kubernetes_executor.py
[2025-12-24T09:14:42.293+0000] {logging_mixin.py:190} INFO - [2025-12-24T09:14:42.293+0000] {dag.py:3239} INFO - Sync 1 DAGs
[2025-12-24T09:14:42.311+0000] {logging_mixin.py:190} INFO - [2025-12-24T09:14:42.311+0000] {dag.py:4180} INFO - Setting next_dagrun for example_local_kubernetes_executor to None, run_after=None
[2025-12-24T09:14:42.342+0000] {processor.py:208} INFO - Processing /home/airflow/.local/lib/python3.11/site-packages/airflow/example_dags/example_local_kubernetes_executor.py took 0.112 seconds
[2025-12-24T09:15:14.181+0000] {processor.py:186} INFO - Started process (PID=1855) to work on /home/airflow/.local/lib/python3.11/site-packages/airflow/example_dags/example_local_kubernetes_executor.py
[2025-12-24T09:15:14.183+0000] {processor.py:914} INFO - Processing file /home/airflow/.local/lib/python3.11/site-packages/airflow/example_dags/example_local_kubernetes_executor.py for tasks to queue
[2025-12-24T09:15:14.186+0000] {logging_mixin.py:190} INFO - [2025-12-24T09:15:14.186+0000] {dagbag.py:588} INFO - Filling up the DagBag from /home/airflow/.local/lib/python3.11/site-packages/airflow/example_dags/example_local_kubernetes_executor.py
[2025-12-24T09:15:14.200+0000] {processor.py:925} INFO - DAG(s) 'example_local_kubernetes_executor' retrieved from /home/airflow/.local/lib/python3.11/site-packages/airflow/example_dags/example_local_kubernetes_executor.py
[2025-12-24T09:15:14.230+0000] {logging_mixin.py:190} INFO - [2025-12-24T09:15:14.229+0000] {dag.py:3239} INFO - Sync 1 DAGs
[2025-12-24T09:15:14.246+0000] {logging_mixin.py:190} INFO - [2025-12-24T09:15:14.246+0000] {dag.py:4180} INFO - Setting next_dagrun for example_local_kubernetes_executor to None, run_after=None
[2025-12-24T09:15:14.268+0000] {processor.py:208} INFO - Processing /home/airflow/.local/lib/python3.11/site-packages/airflow/example_dags/example_local_kubernetes_executor.py took 0.096 seconds
[2025-12-24T09:15:45.129+0000] {processor.py:186} INFO - Started process (PID=1916) to work on /home/airflow/.local/lib/python3.11/site-packages/airflow/example_dags/example_local_kubernetes_executor.py
[2025-12-24T09:15:45.130+0000] {processor.py:914} INFO - Processing file /home/airflow/.local/lib/python3.11/site-packages/airflow/example_dags/example_local_kubernetes_executor.py for tasks to queue
[2025-12-24T09:15:45.137+0000] {logging_mixin.py:190} INFO - [2025-12-24T09:15:45.137+0000] {dagbag.py:588} INFO - Filling up the DagBag from /home/airflow/.local/lib/python3.11/site-packages/airflow/example_dags/example_local_kubernetes_executor.py
[2025-12-24T09:15:45.156+0000] {processor.py:925} INFO - DAG(s) 'example_local_kubernetes_executor' retrieved from /home/airflow/.local/lib/python3.11/site-packages/airflow/example_dags/example_local_kubernetes_executor.py
[2025-12-24T09:15:45.189+0000] {logging_mixin.py:190} INFO - [2025-12-24T09:15:45.188+0000] {dag.py:3239} INFO - Sync 1 DAGs
[2025-12-24T09:15:45.210+0000] {logging_mixin.py:190} INFO - [2025-12-24T09:15:45.210+0000] {dag.py:4180} INFO - Setting next_dagrun for example_local_kubernetes_executor to None, run_after=None
[2025-12-24T09:15:45.238+0000] {processor.py:208} INFO - Processing /home/airflow/.local/lib/python3.11/site-packages/airflow/example_dags/example_local_kubernetes_executor.py took 0.118 seconds
[2025-12-24T09:23:47.058+0000] {processor.py:186} INFO - Started process (PID=131) to work on /home/airflow/.local/lib/python3.11/site-packages/airflow/example_dags/example_local_kubernetes_executor.py
[2025-12-24T09:23:47.060+0000] {processor.py:914} INFO - Processing file /home/airflow/.local/lib/python3.11/site-packages/airflow/example_dags/example_local_kubernetes_executor.py for tasks to queue
[2025-12-24T09:23:47.066+0000] {logging_mixin.py:190} INFO - [2025-12-24T09:23:47.065+0000] {dagbag.py:588} INFO - Filling up the DagBag from /home/airflow/.local/lib/python3.11/site-packages/airflow/example_dags/example_local_kubernetes_executor.py
[2025-12-24T09:23:47.090+0000] {processor.py:925} INFO - DAG(s) 'example_local_kubernetes_executor' retrieved from /home/airflow/.local/lib/python3.11/site-packages/airflow/example_dags/example_local_kubernetes_executor.py
[2025-12-24T09:23:47.340+0000] {logging_mixin.py:190} INFO - [2025-12-24T09:23:47.339+0000] {override.py:1911} INFO - Created Permission View: can delete on DAG:example_local_kubernetes_executor
[2025-12-24T09:23:47.370+0000] {logging_mixin.py:190} INFO - [2025-12-24T09:23:47.369+0000] {override.py:1911} INFO - Created Permission View: can read on DAG:example_local_kubernetes_executor
[2025-12-24T09:23:47.403+0000] {logging_mixin.py:190} INFO - [2025-12-24T09:23:47.403+0000] {override.py:1911} INFO - Created Permission View: can edit on DAG:example_local_kubernetes_executor
[2025-12-24T09:23:47.428+0000] {logging_mixin.py:190} INFO - [2025-12-24T09:23:47.427+0000] {override.py:1911} INFO - Created Permission View: menu access on DAG Run:example_local_kubernetes_executor
[2025-12-24T09:23:47.458+0000] {logging_mixin.py:190} INFO - [2025-12-24T09:23:47.457+0000] {override.py:1911} INFO - Created Permission View: can create on DAG Run:example_local_kubernetes_executor
[2025-12-24T09:23:47.477+0000] {logging_mixin.py:190} INFO - [2025-12-24T09:23:47.476+0000] {override.py:1911} INFO - Created Permission View: can delete on DAG Run:example_local_kubernetes_executor
[2025-12-24T09:24:29.824+0000] {logging_mixin.py:190} INFO - [2025-12-24T09:23:47.495+0000] {override.py:1911} INFO - Created Permission View: can read on DAG Run:example_local_kubernetes_executor
[2025-12-24T09:24:29.826+0000] {logging_mixin.py:190} INFO - [2025-12-24T09:24:29.825+0000] {dag.py:3239} INFO - Sync 1 DAGs
[2025-12-24T09:24:29.851+0000] {logging_mixin.py:190} INFO - [2025-12-24T09:24:29.850+0000] {dag.py:3262} INFO - Creating ORM DAG for example_local_kubernetes_executor
[2025-12-24T09:24:29.853+0000] {logging_mixin.py:190} INFO - [2025-12-24T09:24:29.853+0000] {dag.py:4180} INFO - Setting next_dagrun for example_local_kubernetes_executor to None, run_after=None
[2025-12-24T09:24:29.893+0000] {processor.py:208} INFO - Processing /home/airflow/.local/lib/python3.11/site-packages/airflow/example_dags/example_local_kubernetes_executor.py took 0.521 seconds
[2025-12-24T09:24:47.136+0000] {processor.py:186} INFO - Started process (PID=320) to work on /home/airflow/.local/lib/python3.11/site-packages/airflow/example_dags/example_local_kubernetes_executor.py
[2025-12-24T09:24:47.138+0000] {processor.py:914} INFO - Processing file /home/airflow/.local/lib/python3.11/site-packages/airflow/example_dags/example_local_kubernetes_executor.py for tasks to queue
[2025-12-24T09:24:47.142+0000] {logging_mixin.py:190} INFO - [2025-12-24T09:24:47.141+0000] {dagbag.py:588} INFO - Filling up the DagBag from /home/airflow/.local/lib/python3.11/site-packages/airflow/example_dags/example_local_kubernetes_executor.py
[2025-12-24T09:24:47.161+0000] {processor.py:925} INFO - DAG(s) 'example_local_kubernetes_executor' retrieved from /home/airflow/.local/lib/python3.11/site-packages/airflow/example_dags/example_local_kubernetes_executor.py
[2025-12-24T09:24:47.218+0000] {logging_mixin.py:190} INFO - [2025-12-24T09:24:47.217+0000] {dag.py:3239} INFO - Sync 1 DAGs
[2025-12-24T09:24:47.247+0000] {logging_mixin.py:190} INFO - [2025-12-24T09:24:47.247+0000] {dag.py:4180} INFO - Setting next_dagrun for example_local_kubernetes_executor to None, run_after=None
[2025-12-24T09:24:47.286+0000] {processor.py:208} INFO - Processing /home/airflow/.local/lib/python3.11/site-packages/airflow/example_dags/example_local_kubernetes_executor.py took 0.162 seconds
[2025-12-24T09:24:59.163+0000] {processor.py:186} INFO - Started process (PID=378) to work on /home/airflow/.local/lib/python3.11/site-packages/airflow/example_dags/example_local_kubernetes_executor.py
[2025-12-24T09:24:59.165+0000] {processor.py:914} INFO - Processing file /home/airflow/.local/lib/python3.11/site-packages/airflow/example_dags/example_local_kubernetes_executor.py for tasks to queue
[2025-12-24T09:24:59.170+0000] {logging_mixin.py:190} INFO - [2025-12-24T09:24:59.170+0000] {dagbag.py:588} INFO - Filling up the DagBag from /home/airflow/.local/lib/python3.11/site-packages/airflow/example_dags/example_local_kubernetes_executor.py
[2025-12-24T09:24:59.191+0000] {processor.py:925} INFO - DAG(s) 'example_local_kubernetes_executor' retrieved from /home/airflow/.local/lib/python3.11/site-packages/airflow/example_dags/example_local_kubernetes_executor.py
[2025-12-24T09:24:59.240+0000] {logging_mixin.py:190} INFO - [2025-12-24T09:24:59.239+0000] {dag.py:3239} INFO - Sync 1 DAGs
[2025-12-24T09:24:59.265+0000] {logging_mixin.py:190} INFO - [2025-12-24T09:24:59.265+0000] {dag.py:4180} INFO - Setting next_dagrun for example_local_kubernetes_executor to None, run_after=None
[2025-12-24T09:24:59.298+0000] {processor.py:208} INFO - Processing /home/airflow/.local/lib/python3.11/site-packages/airflow/example_dags/example_local_kubernetes_executor.py took 0.148 seconds
[2025-12-24T09:25:16.840+0000] {processor.py:186} INFO - Started process (PID=438) to work on /home/airflow/.local/lib/python3.11/site-packages/airflow/example_dags/example_local_kubernetes_executor.py
[2025-12-24T09:25:16.842+0000] {processor.py:914} INFO - Processing file /home/airflow/.local/lib/python3.11/site-packages/airflow/example_dags/example_local_kubernetes_executor.py for tasks to queue
[2025-12-24T09:25:16.845+0000] {logging_mixin.py:190} INFO - [2025-12-24T09:25:16.845+0000] {dagbag.py:588} INFO - Filling up the DagBag from /home/airflow/.local/lib/python3.11/site-packages/airflow/example_dags/example_local_kubernetes_executor.py
[2025-12-24T09:25:16.859+0000] {processor.py:925} INFO - DAG(s) 'example_local_kubernetes_executor' retrieved from /home/airflow/.local/lib/python3.11/site-packages/airflow/example_dags/example_local_kubernetes_executor.py
[2025-12-24T09:25:16.895+0000] {logging_mixin.py:190} INFO - [2025-12-24T09:25:16.894+0000] {dag.py:3239} INFO - Sync 1 DAGs
[2025-12-24T09:25:16.914+0000] {logging_mixin.py:190} INFO - [2025-12-24T09:25:16.914+0000] {dag.py:4180} INFO - Setting next_dagrun for example_local_kubernetes_executor to None, run_after=None
[2025-12-24T09:25:16.941+0000] {processor.py:208} INFO - Processing /home/airflow/.local/lib/python3.11/site-packages/airflow/example_dags/example_local_kubernetes_executor.py took 0.111 seconds
[2025-12-24T09:25:23.276+0000] {processor.py:186} INFO - Started process (PID=492) to work on /home/airflow/.local/lib/python3.11/site-packages/airflow/example_dags/example_local_kubernetes_executor.py
[2025-12-24T09:25:23.298+0000] {processor.py:914} INFO - Processing file /home/airflow/.local/lib/python3.11/site-packages/airflow/example_dags/example_local_kubernetes_executor.py for tasks to queue
[2025-12-24T09:25:23.303+0000] {logging_mixin.py:190} INFO - [2025-12-24T09:25:23.303+0000] {dagbag.py:588} INFO - Filling up the DagBag from /home/airflow/.local/lib/python3.11/site-packages/airflow/example_dags/example_local_kubernetes_executor.py
[2025-12-24T09:25:23.325+0000] {processor.py:925} INFO - DAG(s) 'example_local_kubernetes_executor' retrieved from /home/airflow/.local/lib/python3.11/site-packages/airflow/example_dags/example_local_kubernetes_executor.py
[2025-12-24T09:25:23.360+0000] {logging_mixin.py:190} INFO - [2025-12-24T09:25:23.360+0000] {dag.py:3239} INFO - Sync 1 DAGs
[2025-12-24T09:25:23.380+0000] {logging_mixin.py:190} INFO - [2025-12-24T09:25:23.379+0000] {dag.py:4180} INFO - Setting next_dagrun for example_local_kubernetes_executor to None, run_after=None
[2025-12-24T09:25:23.408+0000] {processor.py:208} INFO - Processing /home/airflow/.local/lib/python3.11/site-packages/airflow/example_dags/example_local_kubernetes_executor.py took 0.149 seconds
[2025-12-24T09:26:00.354+0000] {processor.py:186} INFO - Started process (PID=589) to work on /home/airflow/.local/lib/python3.11/site-packages/airflow/example_dags/example_local_kubernetes_executor.py
[2025-12-24T09:26:00.356+0000] {processor.py:914} INFO - Processing file /home/airflow/.local/lib/python3.11/site-packages/airflow/example_dags/example_local_kubernetes_executor.py for tasks to queue
[2025-12-24T09:26:00.361+0000] {logging_mixin.py:190} INFO - [2025-12-24T09:26:00.360+0000] {dagbag.py:588} INFO - Filling up the DagBag from /home/airflow/.local/lib/python3.11/site-packages/airflow/example_dags/example_local_kubernetes_executor.py
[2025-12-24T09:26:00.386+0000] {processor.py:925} INFO - DAG(s) 'example_local_kubernetes_executor' retrieved from /home/airflow/.local/lib/python3.11/site-packages/airflow/example_dags/example_local_kubernetes_executor.py
[2025-12-24T09:26:00.440+0000] {logging_mixin.py:190} INFO - [2025-12-24T09:26:00.439+0000] {dag.py:3239} INFO - Sync 1 DAGs
[2025-12-24T09:26:00.468+0000] {logging_mixin.py:190} INFO - [2025-12-24T09:26:00.468+0000] {dag.py:4180} INFO - Setting next_dagrun for example_local_kubernetes_executor to None, run_after=None
[2025-12-24T09:26:00.507+0000] {processor.py:208} INFO - Processing /home/airflow/.local/lib/python3.11/site-packages/airflow/example_dags/example_local_kubernetes_executor.py took 0.165 seconds
[2025-12-24T09:26:09.068+0000] {processor.py:186} INFO - Started process (PID=646) to work on /home/airflow/.local/lib/python3.11/site-packages/airflow/example_dags/example_local_kubernetes_executor.py
[2025-12-24T09:26:09.071+0000] {processor.py:914} INFO - Processing file /home/airflow/.local/lib/python3.11/site-packages/airflow/example_dags/example_local_kubernetes_executor.py for tasks to queue
[2025-12-24T09:26:09.076+0000] {logging_mixin.py:190} INFO - [2025-12-24T09:26:09.075+0000] {dagbag.py:588} INFO - Filling up the DagBag from /home/airflow/.local/lib/python3.11/site-packages/airflow/example_dags/example_local_kubernetes_executor.py
[2025-12-24T09:26:09.095+0000] {processor.py:925} INFO - DAG(s) 'example_local_kubernetes_executor' retrieved from /home/airflow/.local/lib/python3.11/site-packages/airflow/example_dags/example_local_kubernetes_executor.py
[2025-12-24T09:26:09.157+0000] {logging_mixin.py:190} INFO - [2025-12-24T09:26:09.156+0000] {dag.py:3239} INFO - Sync 1 DAGs
[2025-12-24T09:26:09.180+0000] {logging_mixin.py:190} INFO - [2025-12-24T09:26:09.180+0000] {dag.py:4180} INFO - Setting next_dagrun for example_local_kubernetes_executor to None, run_after=None
[2025-12-24T09:26:09.219+0000] {processor.py:208} INFO - Processing /home/airflow/.local/lib/python3.11/site-packages/airflow/example_dags/example_local_kubernetes_executor.py took 0.161 seconds
[2025-12-24T09:26:17.350+0000] {processor.py:186} INFO - Started process (PID=700) to work on /home/airflow/.local/lib/python3.11/site-packages/airflow/example_dags/example_local_kubernetes_executor.py
[2025-12-24T09:26:17.353+0000] {processor.py:914} INFO - Processing file /home/airflow/.local/lib/python3.11/site-packages/airflow/example_dags/example_local_kubernetes_executor.py for tasks to queue
[2025-12-24T09:26:17.358+0000] {logging_mixin.py:190} INFO - [2025-12-24T09:26:17.358+0000] {dagbag.py:588} INFO - Filling up the DagBag from /home/airflow/.local/lib/python3.11/site-packages/airflow/example_dags/example_local_kubernetes_executor.py
[2025-12-24T09:26:17.387+0000] {processor.py:925} INFO - DAG(s) 'example_local_kubernetes_executor' retrieved from /home/airflow/.local/lib/python3.11/site-packages/airflow/example_dags/example_local_kubernetes_executor.py
[2025-12-24T09:26:17.450+0000] {logging_mixin.py:190} INFO - [2025-12-24T09:26:17.449+0000] {dag.py:3239} INFO - Sync 1 DAGs
[2025-12-24T09:26:17.478+0000] {logging_mixin.py:190} INFO - [2025-12-24T09:26:17.478+0000] {dag.py:4180} INFO - Setting next_dagrun for example_local_kubernetes_executor to None, run_after=None
[2025-12-24T09:26:17.518+0000] {processor.py:208} INFO - Processing /home/airflow/.local/lib/python3.11/site-packages/airflow/example_dags/example_local_kubernetes_executor.py took 0.187 seconds
[2025-12-24T09:26:28.680+0000] {processor.py:186} INFO - Started process (PID=752) to work on /home/airflow/.local/lib/python3.11/site-packages/airflow/example_dags/example_local_kubernetes_executor.py
[2025-12-24T09:26:28.682+0000] {processor.py:914} INFO - Processing file /home/airflow/.local/lib/python3.11/site-packages/airflow/example_dags/example_local_kubernetes_executor.py for tasks to queue
[2025-12-24T09:26:28.686+0000] {logging_mixin.py:190} INFO - [2025-12-24T09:26:28.686+0000] {dagbag.py:588} INFO - Filling up the DagBag from /home/airflow/.local/lib/python3.11/site-packages/airflow/example_dags/example_local_kubernetes_executor.py
[2025-12-24T09:26:28.701+0000] {processor.py:925} INFO - DAG(s) 'example_local_kubernetes_executor' retrieved from /home/airflow/.local/lib/python3.11/site-packages/airflow/example_dags/example_local_kubernetes_executor.py
[2025-12-24T09:26:28.747+0000] {logging_mixin.py:190} INFO - [2025-12-24T09:26:28.746+0000] {dag.py:3239} INFO - Sync 1 DAGs
[2025-12-24T09:26:28.783+0000] {logging_mixin.py:190} INFO - [2025-12-24T09:26:28.782+0000] {dag.py:4180} INFO - Setting next_dagrun for example_local_kubernetes_executor to None, run_after=None
[2025-12-24T09:26:28.819+0000] {processor.py:208} INFO - Processing /home/airflow/.local/lib/python3.11/site-packages/airflow/example_dags/example_local_kubernetes_executor.py took 0.151 seconds
[2025-12-24T09:26:39.368+0000] {processor.py:186} INFO - Started process (PID=809) to work on /home/airflow/.local/lib/python3.11/site-packages/airflow/example_dags/example_local_kubernetes_executor.py
[2025-12-24T09:26:39.370+0000] {processor.py:914} INFO - Processing file /home/airflow/.local/lib/python3.11/site-packages/airflow/example_dags/example_local_kubernetes_executor.py for tasks to queue
[2025-12-24T09:26:39.384+0000] {logging_mixin.py:190} INFO - [2025-12-24T09:26:39.384+0000] {dagbag.py:588} INFO - Filling up the DagBag from /home/airflow/.local/lib/python3.11/site-packages/airflow/example_dags/example_local_kubernetes_executor.py
[2025-12-24T09:26:39.420+0000] {processor.py:925} INFO - DAG(s) 'example_local_kubernetes_executor' retrieved from /home/airflow/.local/lib/python3.11/site-packages/airflow/example_dags/example_local_kubernetes_executor.py
[2025-12-24T09:26:39.473+0000] {logging_mixin.py:190} INFO - [2025-12-24T09:26:39.472+0000] {dag.py:3239} INFO - Sync 1 DAGs
[2025-12-24T09:26:39.500+0000] {logging_mixin.py:190} INFO - [2025-12-24T09:26:39.499+0000] {dag.py:4180} INFO - Setting next_dagrun for example_local_kubernetes_executor to None, run_after=None
[2025-12-24T09:26:39.547+0000] {processor.py:208} INFO - Processing /home/airflow/.local/lib/python3.11/site-packages/airflow/example_dags/example_local_kubernetes_executor.py took 0.193 seconds
[2025-12-24T09:26:50.434+0000] {processor.py:186} INFO - Started process (PID=862) to work on /home/airflow/.local/lib/python3.11/site-packages/airflow/example_dags/example_local_kubernetes_executor.py
[2025-12-24T09:26:50.437+0000] {processor.py:914} INFO - Processing file /home/airflow/.local/lib/python3.11/site-packages/airflow/example_dags/example_local_kubernetes_executor.py for tasks to queue
[2025-12-24T09:26:50.450+0000] {logging_mixin.py:190} INFO - [2025-12-24T09:26:50.449+0000] {dagbag.py:588} INFO - Filling up the DagBag from /home/airflow/.local/lib/python3.11/site-packages/airflow/example_dags/example_local_kubernetes_executor.py
[2025-12-24T09:26:50.481+0000] {processor.py:925} INFO - DAG(s) 'example_local_kubernetes_executor' retrieved from /home/airflow/.local/lib/python3.11/site-packages/airflow/example_dags/example_local_kubernetes_executor.py
[2025-12-24T09:26:50.533+0000] {logging_mixin.py:190} INFO - [2025-12-24T09:26:50.532+0000] {dag.py:3239} INFO - Sync 1 DAGs
[2025-12-24T09:26:50.565+0000] {logging_mixin.py:190} INFO - [2025-12-24T09:26:50.564+0000] {dag.py:4180} INFO - Setting next_dagrun for example_local_kubernetes_executor to None, run_after=None
[2025-12-24T09:26:50.607+0000] {processor.py:208} INFO - Processing /home/airflow/.local/lib/python3.11/site-packages/airflow/example_dags/example_local_kubernetes_executor.py took 0.192 seconds
[2025-12-24T09:27:46.956+0000] {processor.py:186} INFO - Started process (PID=924) to work on /home/airflow/.local/lib/python3.11/site-packages/airflow/example_dags/example_local_kubernetes_executor.py
[2025-12-24T09:27:46.958+0000] {processor.py:914} INFO - Processing file /home/airflow/.local/lib/python3.11/site-packages/airflow/example_dags/example_local_kubernetes_executor.py for tasks to queue
[2025-12-24T09:27:46.964+0000] {logging_mixin.py:190} INFO - [2025-12-24T09:27:46.963+0000] {dagbag.py:588} INFO - Filling up the DagBag from /home/airflow/.local/lib/python3.11/site-packages/airflow/example_dags/example_local_kubernetes_executor.py
[2025-12-24T09:27:46.985+0000] {processor.py:925} INFO - DAG(s) 'example_local_kubernetes_executor' retrieved from /home/airflow/.local/lib/python3.11/site-packages/airflow/example_dags/example_local_kubernetes_executor.py
[2025-12-24T09:27:47.034+0000] {logging_mixin.py:190} INFO - [2025-12-24T09:27:47.033+0000] {dag.py:3239} INFO - Sync 1 DAGs
[2025-12-24T09:27:47.060+0000] {logging_mixin.py:190} INFO - [2025-12-24T09:27:47.060+0000] {dag.py:4180} INFO - Setting next_dagrun for example_local_kubernetes_executor to None, run_after=None
[2025-12-24T09:27:47.088+0000] {processor.py:208} INFO - Processing /home/airflow/.local/lib/python3.11/site-packages/airflow/example_dags/example_local_kubernetes_executor.py took 0.147 seconds
[2025-12-24T09:27:54.785+0000] {processor.py:186} INFO - Started process (PID=993) to work on /home/airflow/.local/lib/python3.11/site-packages/airflow/example_dags/example_local_kubernetes_executor.py
[2025-12-24T09:27:54.787+0000] {processor.py:914} INFO - Processing file /home/airflow/.local/lib/python3.11/site-packages/airflow/example_dags/example_local_kubernetes_executor.py for tasks to queue
[2025-12-24T09:27:54.792+0000] {logging_mixin.py:190} INFO - [2025-12-24T09:27:54.792+0000] {dagbag.py:588} INFO - Filling up the DagBag from /home/airflow/.local/lib/python3.11/site-packages/airflow/example_dags/example_local_kubernetes_executor.py
[2025-12-24T09:27:54.813+0000] {processor.py:925} INFO - DAG(s) 'example_local_kubernetes_executor' retrieved from /home/airflow/.local/lib/python3.11/site-packages/airflow/example_dags/example_local_kubernetes_executor.py
[2025-12-24T09:27:54.878+0000] {logging_mixin.py:190} INFO - [2025-12-24T09:27:54.874+0000] {dag.py:3239} INFO - Sync 1 DAGs
[2025-12-24T09:27:54.906+0000] {logging_mixin.py:190} INFO - [2025-12-24T09:27:54.906+0000] {dag.py:4180} INFO - Setting next_dagrun for example_local_kubernetes_executor to None, run_after=None
[2025-12-24T09:27:54.946+0000] {processor.py:208} INFO - Processing /home/airflow/.local/lib/python3.11/site-packages/airflow/example_dags/example_local_kubernetes_executor.py took 0.173 seconds
[2025-12-24T09:28:05.146+0000] {processor.py:186} INFO - Started process (PID=1058) to work on /home/airflow/.local/lib/python3.11/site-packages/airflow/example_dags/example_local_kubernetes_executor.py
[2025-12-24T09:28:05.148+0000] {processor.py:914} INFO - Processing file /home/airflow/.local/lib/python3.11/site-packages/airflow/example_dags/example_local_kubernetes_executor.py for tasks to queue
[2025-12-24T09:28:05.154+0000] {logging_mixin.py:190} INFO - [2025-12-24T09:28:05.153+0000] {dagbag.py:588} INFO - Filling up the DagBag from /home/airflow/.local/lib/python3.11/site-packages/airflow/example_dags/example_local_kubernetes_executor.py
[2025-12-24T09:28:05.175+0000] {processor.py:925} INFO - DAG(s) 'example_local_kubernetes_executor' retrieved from /home/airflow/.local/lib/python3.11/site-packages/airflow/example_dags/example_local_kubernetes_executor.py
[2025-12-24T09:28:05.234+0000] {logging_mixin.py:190} INFO - [2025-12-24T09:28:05.234+0000] {dag.py:3239} INFO - Sync 1 DAGs
[2025-12-24T09:28:05.257+0000] {logging_mixin.py:190} INFO - [2025-12-24T09:28:05.257+0000] {dag.py:4180} INFO - Setting next_dagrun for example_local_kubernetes_executor to None, run_after=None
[2025-12-24T09:28:05.308+0000] {processor.py:208} INFO - Processing /home/airflow/.local/lib/python3.11/site-packages/airflow/example_dags/example_local_kubernetes_executor.py took 0.175 seconds
[2025-12-24T09:28:19.058+0000] {processor.py:186} INFO - Started process (PID=1115) to work on /home/airflow/.local/lib/python3.11/site-packages/airflow/example_dags/example_local_kubernetes_executor.py
[2025-12-24T09:28:19.063+0000] {processor.py:914} INFO - Processing file /home/airflow/.local/lib/python3.11/site-packages/airflow/example_dags/example_local_kubernetes_executor.py for tasks to queue
[2025-12-24T09:28:19.068+0000] {logging_mixin.py:190} INFO - [2025-12-24T09:28:19.068+0000] {dagbag.py:588} INFO - Filling up the DagBag from /home/airflow/.local/lib/python3.11/site-packages/airflow/example_dags/example_local_kubernetes_executor.py
[2025-12-24T09:28:19.125+0000] {processor.py:925} INFO - DAG(s) 'example_local_kubernetes_executor' retrieved from /home/airflow/.local/lib/python3.11/site-packages/airflow/example_dags/example_local_kubernetes_executor.py
[2025-12-24T09:28:19.177+0000] {logging_mixin.py:190} INFO - [2025-12-24T09:28:19.176+0000] {dag.py:3239} INFO - Sync 1 DAGs
[2025-12-24T09:28:19.197+0000] {logging_mixin.py:190} INFO - [2025-12-24T09:28:19.197+0000] {dag.py:4180} INFO - Setting next_dagrun for example_local_kubernetes_executor to None, run_after=None
[2025-12-24T09:28:19.312+0000] {processor.py:208} INFO - Processing /home/airflow/.local/lib/python3.11/site-packages/airflow/example_dags/example_local_kubernetes_executor.py took 0.268 seconds
[2025-12-24T09:29:17.671+0000] {processor.py:186} INFO - Started process (PID=1175) to work on /home/airflow/.local/lib/python3.11/site-packages/airflow/example_dags/example_local_kubernetes_executor.py
[2025-12-24T09:29:17.673+0000] {processor.py:914} INFO - Processing file /home/airflow/.local/lib/python3.11/site-packages/airflow/example_dags/example_local_kubernetes_executor.py for tasks to queue
[2025-12-24T09:29:17.678+0000] {logging_mixin.py:190} INFO - [2025-12-24T09:29:17.678+0000] {dagbag.py:588} INFO - Filling up the DagBag from /home/airflow/.local/lib/python3.11/site-packages/airflow/example_dags/example_local_kubernetes_executor.py
[2025-12-24T09:29:17.697+0000] {processor.py:925} INFO - DAG(s) 'example_local_kubernetes_executor' retrieved from /home/airflow/.local/lib/python3.11/site-packages/airflow/example_dags/example_local_kubernetes_executor.py
[2025-12-24T09:29:17.754+0000] {logging_mixin.py:190} INFO - [2025-12-24T09:29:17.753+0000] {dag.py:3239} INFO - Sync 1 DAGs
[2025-12-24T09:29:17.811+0000] {logging_mixin.py:190} INFO - [2025-12-24T09:29:17.811+0000] {dag.py:4180} INFO - Setting next_dagrun for example_local_kubernetes_executor to None, run_after=None
[2025-12-24T09:29:17.861+0000] {processor.py:208} INFO - Processing /home/airflow/.local/lib/python3.11/site-packages/airflow/example_dags/example_local_kubernetes_executor.py took 0.202 seconds
