[2025-12-24T09:03:01.009+0000] {processor.py:186} INFO - Started process (PID=103) to work on /home/airflow/.local/lib/python3.11/site-packages/airflow/example_dags/example_xcomargs.py
[2025-12-24T09:03:01.012+0000] {processor.py:914} INFO - Processing file /home/airflow/.local/lib/python3.11/site-packages/airflow/example_dags/example_xcomargs.py for tasks to queue
[2025-12-24T09:03:01.019+0000] {logging_mixin.py:190} INFO - [2025-12-24T09:03:01.018+0000] {dagbag.py:588} INFO - Filling up the DagBag from /home/airflow/.local/lib/python3.11/site-packages/airflow/example_dags/example_xcomargs.py
[2025-12-24T09:03:01.044+0000] {processor.py:925} INFO - DAG(s) 'example_xcom_args', 'example_xcom_args_with_operators' retrieved from /home/airflow/.local/lib/python3.11/site-packages/airflow/example_dags/example_xcomargs.py
[2025-12-24T09:03:01.258+0000] {logging_mixin.py:190} INFO - [2025-12-24T09:03:01.257+0000] {override.py:1911} INFO - Created Permission View: can edit on DAG:example_xcom_args
[2025-12-24T09:03:01.281+0000] {logging_mixin.py:190} INFO - [2025-12-24T09:03:01.280+0000] {override.py:1911} INFO - Created Permission View: can read on DAG:example_xcom_args
[2025-12-24T09:03:01.295+0000] {logging_mixin.py:190} INFO - [2025-12-24T09:03:01.294+0000] {override.py:1911} INFO - Created Permission View: can delete on DAG:example_xcom_args
[2025-12-24T09:03:01.316+0000] {logging_mixin.py:190} INFO - [2025-12-24T09:03:01.316+0000] {override.py:1911} INFO - Created Permission View: can read on DAG Run:example_xcom_args
[2025-12-24T09:03:01.358+0000] {logging_mixin.py:190} INFO - [2025-12-24T09:03:01.357+0000] {override.py:1911} INFO - Created Permission View: can create on DAG Run:example_xcom_args
[2025-12-24T09:03:01.374+0000] {logging_mixin.py:190} INFO - [2025-12-24T09:03:01.374+0000] {override.py:1911} INFO - Created Permission View: can delete on DAG Run:example_xcom_args
[2025-12-24T09:03:01.390+0000] {logging_mixin.py:190} INFO - [2025-12-24T09:03:01.390+0000] {override.py:1911} INFO - Created Permission View: menu access on DAG Run:example_xcom_args
[2025-12-24T09:03:01.427+0000] {logging_mixin.py:190} INFO - [2025-12-24T09:03:01.427+0000] {override.py:1911} INFO - Created Permission View: can edit on DAG:example_xcom_args_with_operators
[2025-12-24T09:03:01.440+0000] {logging_mixin.py:190} INFO - [2025-12-24T09:03:01.439+0000] {override.py:1911} INFO - Created Permission View: can read on DAG:example_xcom_args_with_operators
[2025-12-24T09:03:01.457+0000] {logging_mixin.py:190} INFO - [2025-12-24T09:03:01.457+0000] {override.py:1911} INFO - Created Permission View: can delete on DAG:example_xcom_args_with_operators
[2025-12-24T09:03:01.480+0000] {logging_mixin.py:190} INFO - [2025-12-24T09:03:01.479+0000] {override.py:1911} INFO - Created Permission View: can read on DAG Run:example_xcom_args_with_operators
[2025-12-24T09:03:01.497+0000] {logging_mixin.py:190} INFO - [2025-12-24T09:03:01.497+0000] {override.py:1911} INFO - Created Permission View: can create on DAG Run:example_xcom_args_with_operators
[2025-12-24T09:03:01.516+0000] {logging_mixin.py:190} INFO - [2025-12-24T09:03:01.515+0000] {override.py:1911} INFO - Created Permission View: can delete on DAG Run:example_xcom_args_with_operators
[2025-12-24T09:03:01.534+0000] {logging_mixin.py:190} INFO - [2025-12-24T09:03:01.533+0000] {override.py:1911} INFO - Created Permission View: menu access on DAG Run:example_xcom_args_with_operators
[2025-12-24T09:03:01.535+0000] {logging_mixin.py:190} INFO - [2025-12-24T09:03:01.535+0000] {dag.py:3239} INFO - Sync 2 DAGs
[2025-12-24T09:03:01.557+0000] {logging_mixin.py:190} INFO - [2025-12-24T09:03:01.556+0000] {dag.py:3262} INFO - Creating ORM DAG for example_xcom_args_with_operators
[2025-12-24T09:03:01.559+0000] {logging_mixin.py:190} INFO - [2025-12-24T09:03:01.559+0000] {dag.py:3262} INFO - Creating ORM DAG for example_xcom_args
[2025-12-24T09:03:01.561+0000] {logging_mixin.py:190} INFO - [2025-12-24T09:03:01.561+0000] {dag.py:4180} INFO - Setting next_dagrun for example_xcom_args to None, run_after=None
[2025-12-24T09:03:01.563+0000] {logging_mixin.py:190} INFO - [2025-12-24T09:03:01.563+0000] {dag.py:4180} INFO - Setting next_dagrun for example_xcom_args_with_operators to None, run_after=None
[2025-12-24T09:03:01.622+0000] {processor.py:208} INFO - Processing /home/airflow/.local/lib/python3.11/site-packages/airflow/example_dags/example_xcomargs.py took 0.629 seconds
[2025-12-24T09:03:13.859+0000] {processor.py:186} INFO - Started process (PID=162) to work on /home/airflow/.local/lib/python3.11/site-packages/airflow/example_dags/example_xcomargs.py
[2025-12-24T09:03:13.860+0000] {processor.py:914} INFO - Processing file /home/airflow/.local/lib/python3.11/site-packages/airflow/example_dags/example_xcomargs.py for tasks to queue
[2025-12-24T09:03:13.864+0000] {logging_mixin.py:190} INFO - [2025-12-24T09:03:13.864+0000] {dagbag.py:588} INFO - Filling up the DagBag from /home/airflow/.local/lib/python3.11/site-packages/airflow/example_dags/example_xcomargs.py
[2025-12-24T09:03:13.881+0000] {processor.py:925} INFO - DAG(s) 'example_xcom_args_with_operators', 'example_xcom_args' retrieved from /home/airflow/.local/lib/python3.11/site-packages/airflow/example_dags/example_xcomargs.py
[2025-12-24T09:03:13.902+0000] {logging_mixin.py:190} INFO - [2025-12-24T09:03:13.901+0000] {dag.py:3239} INFO - Sync 2 DAGs
[2025-12-24T09:03:13.923+0000] {logging_mixin.py:190} INFO - [2025-12-24T09:03:13.922+0000] {dag.py:4180} INFO - Setting next_dagrun for example_xcom_args to None, run_after=None
[2025-12-24T09:03:13.928+0000] {logging_mixin.py:190} INFO - [2025-12-24T09:03:13.928+0000] {dag.py:4180} INFO - Setting next_dagrun for example_xcom_args_with_operators to None, run_after=None
[2025-12-24T09:03:13.964+0000] {processor.py:208} INFO - Processing /home/airflow/.local/lib/python3.11/site-packages/airflow/example_dags/example_xcomargs.py took 0.116 seconds
[2025-12-24T09:04:17.274+0000] {processor.py:186} INFO - Started process (PID=226) to work on /home/airflow/.local/lib/python3.11/site-packages/airflow/example_dags/example_xcomargs.py
[2025-12-24T09:04:17.276+0000] {processor.py:914} INFO - Processing file /home/airflow/.local/lib/python3.11/site-packages/airflow/example_dags/example_xcomargs.py for tasks to queue
[2025-12-24T09:04:17.281+0000] {logging_mixin.py:190} INFO - [2025-12-24T09:04:17.281+0000] {dagbag.py:588} INFO - Filling up the DagBag from /home/airflow/.local/lib/python3.11/site-packages/airflow/example_dags/example_xcomargs.py
[2025-12-24T09:04:17.303+0000] {processor.py:925} INFO - DAG(s) 'example_xcom_args_with_operators', 'example_xcom_args' retrieved from /home/airflow/.local/lib/python3.11/site-packages/airflow/example_dags/example_xcomargs.py
[2025-12-24T09:04:17.344+0000] {logging_mixin.py:190} INFO - [2025-12-24T09:04:17.344+0000] {dag.py:3239} INFO - Sync 2 DAGs
[2025-12-24T09:04:17.366+0000] {logging_mixin.py:190} INFO - [2025-12-24T09:04:17.366+0000] {dag.py:4180} INFO - Setting next_dagrun for example_xcom_args to None, run_after=None
[2025-12-24T09:04:17.371+0000] {logging_mixin.py:190} INFO - [2025-12-24T09:04:17.371+0000] {dag.py:4180} INFO - Setting next_dagrun for example_xcom_args_with_operators to None, run_after=None
[2025-12-24T09:04:17.398+0000] {processor.py:208} INFO - Processing /home/airflow/.local/lib/python3.11/site-packages/airflow/example_dags/example_xcomargs.py took 0.136 seconds
[2025-12-24T09:04:13.999+0000] {processor.py:186} INFO - Started process (PID=292) to work on /home/airflow/.local/lib/python3.11/site-packages/airflow/example_dags/example_xcomargs.py
[2025-12-24T09:04:14.001+0000] {processor.py:914} INFO - Processing file /home/airflow/.local/lib/python3.11/site-packages/airflow/example_dags/example_xcomargs.py for tasks to queue
[2025-12-24T09:04:14.005+0000] {logging_mixin.py:190} INFO - [2025-12-24T09:04:14.005+0000] {dagbag.py:588} INFO - Filling up the DagBag from /home/airflow/.local/lib/python3.11/site-packages/airflow/example_dags/example_xcomargs.py
[2025-12-24T09:04:14.022+0000] {processor.py:925} INFO - DAG(s) 'example_xcom_args', 'example_xcom_args_with_operators' retrieved from /home/airflow/.local/lib/python3.11/site-packages/airflow/example_dags/example_xcomargs.py
[2025-12-24T09:04:14.068+0000] {logging_mixin.py:190} INFO - [2025-12-24T09:04:14.067+0000] {dag.py:3239} INFO - Sync 2 DAGs
[2025-12-24T09:04:14.087+0000] {logging_mixin.py:190} INFO - [2025-12-24T09:04:14.087+0000] {dag.py:4180} INFO - Setting next_dagrun for example_xcom_args to None, run_after=None
[2025-12-24T09:04:14.092+0000] {logging_mixin.py:190} INFO - [2025-12-24T09:04:14.091+0000] {dag.py:4180} INFO - Setting next_dagrun for example_xcom_args_with_operators to None, run_after=None
[2025-12-24T09:04:14.115+0000] {processor.py:208} INFO - Processing /home/airflow/.local/lib/python3.11/site-packages/airflow/example_dags/example_xcomargs.py took 0.125 seconds
[2025-12-24T09:04:44.641+0000] {processor.py:186} INFO - Started process (PID=355) to work on /home/airflow/.local/lib/python3.11/site-packages/airflow/example_dags/example_xcomargs.py
[2025-12-24T09:04:44.643+0000] {processor.py:914} INFO - Processing file /home/airflow/.local/lib/python3.11/site-packages/airflow/example_dags/example_xcomargs.py for tasks to queue
[2025-12-24T09:04:44.648+0000] {logging_mixin.py:190} INFO - [2025-12-24T09:04:44.648+0000] {dagbag.py:588} INFO - Filling up the DagBag from /home/airflow/.local/lib/python3.11/site-packages/airflow/example_dags/example_xcomargs.py
[2025-12-24T09:04:44.671+0000] {processor.py:925} INFO - DAG(s) 'example_xcom_args_with_operators', 'example_xcom_args' retrieved from /home/airflow/.local/lib/python3.11/site-packages/airflow/example_dags/example_xcomargs.py
[2025-12-24T09:04:44.719+0000] {logging_mixin.py:190} INFO - [2025-12-24T09:04:44.719+0000] {dag.py:3239} INFO - Sync 2 DAGs
[2025-12-24T09:04:44.747+0000] {logging_mixin.py:190} INFO - [2025-12-24T09:04:44.746+0000] {dag.py:4180} INFO - Setting next_dagrun for example_xcom_args to None, run_after=None
[2025-12-24T09:04:44.765+0000] {logging_mixin.py:190} INFO - [2025-12-24T09:04:44.765+0000] {dag.py:4180} INFO - Setting next_dagrun for example_xcom_args_with_operators to None, run_after=None
[2025-12-24T09:04:44.805+0000] {processor.py:208} INFO - Processing /home/airflow/.local/lib/python3.11/site-packages/airflow/example_dags/example_xcomargs.py took 0.177 seconds
[2025-12-24T09:04:54.298+0000] {processor.py:186} INFO - Started process (PID=420) to work on /home/airflow/.local/lib/python3.11/site-packages/airflow/example_dags/example_xcomargs.py
[2025-12-24T09:04:54.299+0000] {processor.py:914} INFO - Processing file /home/airflow/.local/lib/python3.11/site-packages/airflow/example_dags/example_xcomargs.py for tasks to queue
[2025-12-24T09:04:54.304+0000] {logging_mixin.py:190} INFO - [2025-12-24T09:04:54.303+0000] {dagbag.py:588} INFO - Filling up the DagBag from /home/airflow/.local/lib/python3.11/site-packages/airflow/example_dags/example_xcomargs.py
[2025-12-24T09:04:54.327+0000] {processor.py:925} INFO - DAG(s) 'example_xcom_args_with_operators', 'example_xcom_args' retrieved from /home/airflow/.local/lib/python3.11/site-packages/airflow/example_dags/example_xcomargs.py
[2025-12-24T09:04:54.407+0000] {logging_mixin.py:190} INFO - [2025-12-24T09:04:54.407+0000] {dag.py:3239} INFO - Sync 2 DAGs
[2025-12-24T09:04:54.448+0000] {logging_mixin.py:190} INFO - [2025-12-24T09:04:54.448+0000] {dag.py:4180} INFO - Setting next_dagrun for example_xcom_args to None, run_after=None
[2025-12-24T09:04:54.455+0000] {logging_mixin.py:190} INFO - [2025-12-24T09:04:54.455+0000] {dag.py:4180} INFO - Setting next_dagrun for example_xcom_args_with_operators to None, run_after=None
[2025-12-24T09:04:54.492+0000] {processor.py:208} INFO - Processing /home/airflow/.local/lib/python3.11/site-packages/airflow/example_dags/example_xcomargs.py took 0.209 seconds
[2025-12-24T09:05:24.639+0000] {processor.py:186} INFO - Started process (PID=485) to work on /home/airflow/.local/lib/python3.11/site-packages/airflow/example_dags/example_xcomargs.py
[2025-12-24T09:05:24.640+0000] {processor.py:914} INFO - Processing file /home/airflow/.local/lib/python3.11/site-packages/airflow/example_dags/example_xcomargs.py for tasks to queue
[2025-12-24T09:05:24.644+0000] {logging_mixin.py:190} INFO - [2025-12-24T09:05:24.644+0000] {dagbag.py:588} INFO - Filling up the DagBag from /home/airflow/.local/lib/python3.11/site-packages/airflow/example_dags/example_xcomargs.py
[2025-12-24T09:05:24.659+0000] {processor.py:925} INFO - DAG(s) 'example_xcom_args_with_operators', 'example_xcom_args' retrieved from /home/airflow/.local/lib/python3.11/site-packages/airflow/example_dags/example_xcomargs.py
[2025-12-24T09:05:24.695+0000] {logging_mixin.py:190} INFO - [2025-12-24T09:05:24.695+0000] {dag.py:3239} INFO - Sync 2 DAGs
[2025-12-24T09:05:24.725+0000] {logging_mixin.py:190} INFO - [2025-12-24T09:05:24.724+0000] {dag.py:4180} INFO - Setting next_dagrun for example_xcom_args to None, run_after=None
[2025-12-24T09:05:24.737+0000] {logging_mixin.py:190} INFO - [2025-12-24T09:05:24.737+0000] {dag.py:4180} INFO - Setting next_dagrun for example_xcom_args_with_operators to None, run_after=None
[2025-12-24T09:05:24.770+0000] {processor.py:208} INFO - Processing /home/airflow/.local/lib/python3.11/site-packages/airflow/example_dags/example_xcomargs.py took 0.141 seconds
[2025-12-24T09:05:28.337+0000] {processor.py:186} INFO - Started process (PID=521) to work on /home/airflow/.local/lib/python3.11/site-packages/airflow/example_dags/example_xcomargs.py
[2025-12-24T09:05:28.341+0000] {processor.py:914} INFO - Processing file /home/airflow/.local/lib/python3.11/site-packages/airflow/example_dags/example_xcomargs.py for tasks to queue
[2025-12-24T09:05:28.353+0000] {logging_mixin.py:190} INFO - [2025-12-24T09:05:28.353+0000] {dagbag.py:588} INFO - Filling up the DagBag from /home/airflow/.local/lib/python3.11/site-packages/airflow/example_dags/example_xcomargs.py
[2025-12-24T09:05:28.392+0000] {processor.py:925} INFO - DAG(s) 'example_xcom_args', 'example_xcom_args_with_operators' retrieved from /home/airflow/.local/lib/python3.11/site-packages/airflow/example_dags/example_xcomargs.py
[2025-12-24T09:05:28.438+0000] {logging_mixin.py:190} INFO - [2025-12-24T09:05:28.437+0000] {dag.py:3239} INFO - Sync 2 DAGs
[2025-12-24T09:05:28.469+0000] {logging_mixin.py:190} INFO - [2025-12-24T09:05:28.468+0000] {dag.py:4180} INFO - Setting next_dagrun for example_xcom_args to None, run_after=None
[2025-12-24T09:05:28.476+0000] {logging_mixin.py:190} INFO - [2025-12-24T09:05:28.476+0000] {dag.py:4180} INFO - Setting next_dagrun for example_xcom_args_with_operators to None, run_after=None
[2025-12-24T09:05:28.512+0000] {processor.py:208} INFO - Processing /home/airflow/.local/lib/python3.11/site-packages/airflow/example_dags/example_xcomargs.py took 0.187 seconds
[2025-12-24T09:05:40.215+0000] {processor.py:186} INFO - Started process (PID=576) to work on /home/airflow/.local/lib/python3.11/site-packages/airflow/example_dags/example_xcomargs.py
[2025-12-24T09:05:40.220+0000] {processor.py:914} INFO - Processing file /home/airflow/.local/lib/python3.11/site-packages/airflow/example_dags/example_xcomargs.py for tasks to queue
[2025-12-24T09:05:40.234+0000] {logging_mixin.py:190} INFO - [2025-12-24T09:05:40.233+0000] {dagbag.py:588} INFO - Filling up the DagBag from /home/airflow/.local/lib/python3.11/site-packages/airflow/example_dags/example_xcomargs.py
[2025-12-24T09:05:40.263+0000] {processor.py:925} INFO - DAG(s) 'example_xcom_args_with_operators', 'example_xcom_args' retrieved from /home/airflow/.local/lib/python3.11/site-packages/airflow/example_dags/example_xcomargs.py
[2025-12-24T09:05:40.321+0000] {logging_mixin.py:190} INFO - [2025-12-24T09:05:40.321+0000] {dag.py:3239} INFO - Sync 2 DAGs
[2025-12-24T09:05:40.354+0000] {logging_mixin.py:190} INFO - [2025-12-24T09:05:40.353+0000] {dag.py:4180} INFO - Setting next_dagrun for example_xcom_args to None, run_after=None
[2025-12-24T09:05:40.361+0000] {logging_mixin.py:190} INFO - [2025-12-24T09:05:40.360+0000] {dag.py:4180} INFO - Setting next_dagrun for example_xcom_args_with_operators to None, run_after=None
[2025-12-24T09:05:40.397+0000] {processor.py:208} INFO - Processing /home/airflow/.local/lib/python3.11/site-packages/airflow/example_dags/example_xcomargs.py took 0.197 seconds
[2025-12-24T09:06:42.445+0000] {processor.py:186} INFO - Started process (PID=638) to work on /home/airflow/.local/lib/python3.11/site-packages/airflow/example_dags/example_xcomargs.py
[2025-12-24T09:06:42.447+0000] {processor.py:914} INFO - Processing file /home/airflow/.local/lib/python3.11/site-packages/airflow/example_dags/example_xcomargs.py for tasks to queue
[2025-12-24T09:06:42.452+0000] {logging_mixin.py:190} INFO - [2025-12-24T09:06:42.452+0000] {dagbag.py:588} INFO - Filling up the DagBag from /home/airflow/.local/lib/python3.11/site-packages/airflow/example_dags/example_xcomargs.py
[2025-12-24T09:06:42.474+0000] {processor.py:925} INFO - DAG(s) 'example_xcom_args', 'example_xcom_args_with_operators' retrieved from /home/airflow/.local/lib/python3.11/site-packages/airflow/example_dags/example_xcomargs.py
[2025-12-24T09:06:42.533+0000] {logging_mixin.py:190} INFO - [2025-12-24T09:06:42.532+0000] {dag.py:3239} INFO - Sync 2 DAGs
[2025-12-24T09:06:42.558+0000] {logging_mixin.py:190} INFO - [2025-12-24T09:06:42.558+0000] {dag.py:4180} INFO - Setting next_dagrun for example_xcom_args to None, run_after=None
[2025-12-24T09:06:42.566+0000] {logging_mixin.py:190} INFO - [2025-12-24T09:06:42.565+0000] {dag.py:4180} INFO - Setting next_dagrun for example_xcom_args_with_operators to None, run_after=None
[2025-12-24T09:06:42.600+0000] {processor.py:208} INFO - Processing /home/airflow/.local/lib/python3.11/site-packages/airflow/example_dags/example_xcomargs.py took 0.167 seconds
[2025-12-24T09:06:44.932+0000] {processor.py:186} INFO - Started process (PID=704) to work on /home/airflow/.local/lib/python3.11/site-packages/airflow/example_dags/example_xcomargs.py
[2025-12-24T09:06:44.935+0000] {processor.py:914} INFO - Processing file /home/airflow/.local/lib/python3.11/site-packages/airflow/example_dags/example_xcomargs.py for tasks to queue
[2025-12-24T09:06:44.939+0000] {logging_mixin.py:190} INFO - [2025-12-24T09:06:44.939+0000] {dagbag.py:588} INFO - Filling up the DagBag from /home/airflow/.local/lib/python3.11/site-packages/airflow/example_dags/example_xcomargs.py
[2025-12-24T09:06:44.963+0000] {processor.py:925} INFO - DAG(s) 'example_xcom_args', 'example_xcom_args_with_operators' retrieved from /home/airflow/.local/lib/python3.11/site-packages/airflow/example_dags/example_xcomargs.py
[2025-12-24T09:06:45.023+0000] {logging_mixin.py:190} INFO - [2025-12-24T09:06:45.022+0000] {dag.py:3239} INFO - Sync 2 DAGs
[2025-12-24T09:06:45.052+0000] {logging_mixin.py:190} INFO - [2025-12-24T09:06:45.052+0000] {dag.py:4180} INFO - Setting next_dagrun for example_xcom_args to None, run_after=None
[2025-12-24T09:06:45.059+0000] {logging_mixin.py:190} INFO - [2025-12-24T09:06:45.058+0000] {dag.py:4180} INFO - Setting next_dagrun for example_xcom_args_with_operators to None, run_after=None
[2025-12-24T09:06:45.085+0000] {processor.py:208} INFO - Processing /home/airflow/.local/lib/python3.11/site-packages/airflow/example_dags/example_xcomargs.py took 0.165 seconds
[2025-12-24T09:07:14.861+0000] {processor.py:186} INFO - Started process (PID=770) to work on /home/airflow/.local/lib/python3.11/site-packages/airflow/example_dags/example_xcomargs.py
[2025-12-24T09:07:14.863+0000] {processor.py:914} INFO - Processing file /home/airflow/.local/lib/python3.11/site-packages/airflow/example_dags/example_xcomargs.py for tasks to queue
[2025-12-24T09:07:14.869+0000] {logging_mixin.py:190} INFO - [2025-12-24T09:07:14.868+0000] {dagbag.py:588} INFO - Filling up the DagBag from /home/airflow/.local/lib/python3.11/site-packages/airflow/example_dags/example_xcomargs.py
[2025-12-24T09:07:14.890+0000] {processor.py:925} INFO - DAG(s) 'example_xcom_args_with_operators', 'example_xcom_args' retrieved from /home/airflow/.local/lib/python3.11/site-packages/airflow/example_dags/example_xcomargs.py
[2025-12-24T09:07:14.940+0000] {logging_mixin.py:190} INFO - [2025-12-24T09:07:14.940+0000] {dag.py:3239} INFO - Sync 2 DAGs
[2025-12-24T09:07:14.967+0000] {logging_mixin.py:190} INFO - [2025-12-24T09:07:14.966+0000] {dag.py:4180} INFO - Setting next_dagrun for example_xcom_args to None, run_after=None
[2025-12-24T09:07:14.985+0000] {logging_mixin.py:190} INFO - [2025-12-24T09:07:14.984+0000] {dag.py:4180} INFO - Setting next_dagrun for example_xcom_args_with_operators to None, run_after=None
[2025-12-24T09:07:15.016+0000] {processor.py:208} INFO - Processing /home/airflow/.local/lib/python3.11/site-packages/airflow/example_dags/example_xcomargs.py took 0.167 seconds
[2025-12-24T09:07:24.883+0000] {processor.py:186} INFO - Started process (PID=832) to work on /home/airflow/.local/lib/python3.11/site-packages/airflow/example_dags/example_xcomargs.py
[2025-12-24T09:07:24.885+0000] {processor.py:914} INFO - Processing file /home/airflow/.local/lib/python3.11/site-packages/airflow/example_dags/example_xcomargs.py for tasks to queue
[2025-12-24T09:07:24.888+0000] {logging_mixin.py:190} INFO - [2025-12-24T09:07:24.888+0000] {dagbag.py:588} INFO - Filling up the DagBag from /home/airflow/.local/lib/python3.11/site-packages/airflow/example_dags/example_xcomargs.py
[2025-12-24T09:07:24.907+0000] {processor.py:925} INFO - DAG(s) 'example_xcom_args_with_operators', 'example_xcom_args' retrieved from /home/airflow/.local/lib/python3.11/site-packages/airflow/example_dags/example_xcomargs.py
[2025-12-24T09:07:24.941+0000] {logging_mixin.py:190} INFO - [2025-12-24T09:07:24.941+0000] {dag.py:3239} INFO - Sync 2 DAGs
[2025-12-24T09:07:24.960+0000] {logging_mixin.py:190} INFO - [2025-12-24T09:07:24.960+0000] {dag.py:4180} INFO - Setting next_dagrun for example_xcom_args to None, run_after=None
[2025-12-24T09:07:24.964+0000] {logging_mixin.py:190} INFO - [2025-12-24T09:07:24.964+0000] {dag.py:4180} INFO - Setting next_dagrun for example_xcom_args_with_operators to None, run_after=None
[2025-12-24T09:07:25.004+0000] {processor.py:208} INFO - Processing /home/airflow/.local/lib/python3.11/site-packages/airflow/example_dags/example_xcomargs.py took 0.135 seconds
[2025-12-24T09:07:34.557+0000] {processor.py:186} INFO - Started process (PID=889) to work on /home/airflow/.local/lib/python3.11/site-packages/airflow/example_dags/example_xcomargs.py
[2025-12-24T09:07:34.559+0000] {processor.py:914} INFO - Processing file /home/airflow/.local/lib/python3.11/site-packages/airflow/example_dags/example_xcomargs.py for tasks to queue
[2025-12-24T09:07:34.564+0000] {logging_mixin.py:190} INFO - [2025-12-24T09:07:34.563+0000] {dagbag.py:588} INFO - Filling up the DagBag from /home/airflow/.local/lib/python3.11/site-packages/airflow/example_dags/example_xcomargs.py
[2025-12-24T09:07:34.580+0000] {processor.py:925} INFO - DAG(s) 'example_xcom_args', 'example_xcom_args_with_operators' retrieved from /home/airflow/.local/lib/python3.11/site-packages/airflow/example_dags/example_xcomargs.py
[2025-12-24T09:07:34.615+0000] {logging_mixin.py:190} INFO - [2025-12-24T09:07:34.615+0000] {dag.py:3239} INFO - Sync 2 DAGs
[2025-12-24T09:07:34.635+0000] {logging_mixin.py:190} INFO - [2025-12-24T09:07:34.634+0000] {dag.py:4180} INFO - Setting next_dagrun for example_xcom_args to None, run_after=None
[2025-12-24T09:07:34.640+0000] {logging_mixin.py:190} INFO - [2025-12-24T09:07:34.639+0000] {dag.py:4180} INFO - Setting next_dagrun for example_xcom_args_with_operators to None, run_after=None
[2025-12-24T09:07:34.668+0000] {processor.py:208} INFO - Processing /home/airflow/.local/lib/python3.11/site-packages/airflow/example_dags/example_xcomargs.py took 0.122 seconds
[2025-12-24T09:07:43.917+0000] {processor.py:186} INFO - Started process (PID=945) to work on /home/airflow/.local/lib/python3.11/site-packages/airflow/example_dags/example_xcomargs.py
[2025-12-24T09:07:43.919+0000] {processor.py:914} INFO - Processing file /home/airflow/.local/lib/python3.11/site-packages/airflow/example_dags/example_xcomargs.py for tasks to queue
[2025-12-24T09:07:43.922+0000] {logging_mixin.py:190} INFO - [2025-12-24T09:07:43.922+0000] {dagbag.py:588} INFO - Filling up the DagBag from /home/airflow/.local/lib/python3.11/site-packages/airflow/example_dags/example_xcomargs.py
[2025-12-24T09:07:43.937+0000] {processor.py:925} INFO - DAG(s) 'example_xcom_args_with_operators', 'example_xcom_args' retrieved from /home/airflow/.local/lib/python3.11/site-packages/airflow/example_dags/example_xcomargs.py
[2025-12-24T09:07:43.970+0000] {logging_mixin.py:190} INFO - [2025-12-24T09:07:43.970+0000] {dag.py:3239} INFO - Sync 2 DAGs
[2025-12-24T09:07:43.988+0000] {logging_mixin.py:190} INFO - [2025-12-24T09:07:43.988+0000] {dag.py:4180} INFO - Setting next_dagrun for example_xcom_args to None, run_after=None
[2025-12-24T09:07:43.993+0000] {logging_mixin.py:190} INFO - [2025-12-24T09:07:43.993+0000] {dag.py:4180} INFO - Setting next_dagrun for example_xcom_args_with_operators to None, run_after=None
[2025-12-24T09:07:44.017+0000] {processor.py:208} INFO - Processing /home/airflow/.local/lib/python3.11/site-packages/airflow/example_dags/example_xcomargs.py took 0.108 seconds
[2025-12-24T09:08:41.857+0000] {processor.py:186} INFO - Started process (PID=1006) to work on /home/airflow/.local/lib/python3.11/site-packages/airflow/example_dags/example_xcomargs.py
[2025-12-24T09:08:41.858+0000] {processor.py:914} INFO - Processing file /home/airflow/.local/lib/python3.11/site-packages/airflow/example_dags/example_xcomargs.py for tasks to queue
[2025-12-24T09:08:41.861+0000] {logging_mixin.py:190} INFO - [2025-12-24T09:08:41.861+0000] {dagbag.py:588} INFO - Filling up the DagBag from /home/airflow/.local/lib/python3.11/site-packages/airflow/example_dags/example_xcomargs.py
[2025-12-24T09:08:41.875+0000] {processor.py:925} INFO - DAG(s) 'example_xcom_args_with_operators', 'example_xcom_args' retrieved from /home/airflow/.local/lib/python3.11/site-packages/airflow/example_dags/example_xcomargs.py
[2025-12-24T09:08:41.907+0000] {logging_mixin.py:190} INFO - [2025-12-24T09:08:41.907+0000] {dag.py:3239} INFO - Sync 2 DAGs
[2025-12-24T09:08:41.924+0000] {logging_mixin.py:190} INFO - [2025-12-24T09:08:41.924+0000] {dag.py:4180} INFO - Setting next_dagrun for example_xcom_args to None, run_after=None
[2025-12-24T09:08:41.929+0000] {logging_mixin.py:190} INFO - [2025-12-24T09:08:41.928+0000] {dag.py:4180} INFO - Setting next_dagrun for example_xcom_args_with_operators to None, run_after=None
[2025-12-24T09:08:41.953+0000] {processor.py:208} INFO - Processing /home/airflow/.local/lib/python3.11/site-packages/airflow/example_dags/example_xcomargs.py took 0.106 seconds
[2025-12-24T09:09:21.289+0000] {processor.py:186} INFO - Started process (PID=1073) to work on /home/airflow/.local/lib/python3.11/site-packages/airflow/example_dags/example_xcomargs.py
[2025-12-24T09:09:21.290+0000] {processor.py:914} INFO - Processing file /home/airflow/.local/lib/python3.11/site-packages/airflow/example_dags/example_xcomargs.py for tasks to queue
[2025-12-24T09:09:21.294+0000] {logging_mixin.py:190} INFO - [2025-12-24T09:09:21.293+0000] {dagbag.py:588} INFO - Filling up the DagBag from /home/airflow/.local/lib/python3.11/site-packages/airflow/example_dags/example_xcomargs.py
[2025-12-24T09:09:21.309+0000] {processor.py:925} INFO - DAG(s) 'example_xcom_args', 'example_xcom_args_with_operators' retrieved from /home/airflow/.local/lib/python3.11/site-packages/airflow/example_dags/example_xcomargs.py
[2025-12-24T09:09:21.352+0000] {logging_mixin.py:190} INFO - [2025-12-24T09:09:21.351+0000] {dag.py:3239} INFO - Sync 2 DAGs
[2025-12-24T09:09:21.370+0000] {logging_mixin.py:190} INFO - [2025-12-24T09:09:21.369+0000] {dag.py:4180} INFO - Setting next_dagrun for example_xcom_args to None, run_after=None
[2025-12-24T09:09:21.375+0000] {logging_mixin.py:190} INFO - [2025-12-24T09:09:21.374+0000] {dag.py:4180} INFO - Setting next_dagrun for example_xcom_args_with_operators to None, run_after=None
[2025-12-24T09:09:21.398+0000] {processor.py:208} INFO - Processing /home/airflow/.local/lib/python3.11/site-packages/airflow/example_dags/example_xcomargs.py took 0.118 seconds
[2025-12-24T09:09:19.513+0000] {processor.py:186} INFO - Started process (PID=1153) to work on /home/airflow/.local/lib/python3.11/site-packages/airflow/example_dags/example_xcomargs.py
[2025-12-24T09:09:19.515+0000] {processor.py:914} INFO - Processing file /home/airflow/.local/lib/python3.11/site-packages/airflow/example_dags/example_xcomargs.py for tasks to queue
[2025-12-24T09:09:19.520+0000] {logging_mixin.py:190} INFO - [2025-12-24T09:09:19.519+0000] {dagbag.py:588} INFO - Filling up the DagBag from /home/airflow/.local/lib/python3.11/site-packages/airflow/example_dags/example_xcomargs.py
[2025-12-24T09:09:19.538+0000] {processor.py:925} INFO - DAG(s) 'example_xcom_args_with_operators', 'example_xcom_args' retrieved from /home/airflow/.local/lib/python3.11/site-packages/airflow/example_dags/example_xcomargs.py
[2025-12-24T09:09:19.577+0000] {logging_mixin.py:190} INFO - [2025-12-24T09:09:19.577+0000] {dag.py:3239} INFO - Sync 2 DAGs
[2025-12-24T09:09:19.597+0000] {logging_mixin.py:190} INFO - [2025-12-24T09:09:19.597+0000] {dag.py:4180} INFO - Setting next_dagrun for example_xcom_args to None, run_after=None
[2025-12-24T09:09:19.603+0000] {logging_mixin.py:190} INFO - [2025-12-24T09:09:19.602+0000] {dag.py:4180} INFO - Setting next_dagrun for example_xcom_args_with_operators to None, run_after=None
[2025-12-24T09:09:19.627+0000] {processor.py:208} INFO - Processing /home/airflow/.local/lib/python3.11/site-packages/airflow/example_dags/example_xcomargs.py took 0.140 seconds
[2025-12-24T09:10:26.822+0000] {processor.py:186} INFO - Started process (PID=1213) to work on /home/airflow/.local/lib/python3.11/site-packages/airflow/example_dags/example_xcomargs.py
[2025-12-24T09:10:26.824+0000] {processor.py:914} INFO - Processing file /home/airflow/.local/lib/python3.11/site-packages/airflow/example_dags/example_xcomargs.py for tasks to queue
[2025-12-24T09:10:26.827+0000] {logging_mixin.py:190} INFO - [2025-12-24T09:10:26.827+0000] {dagbag.py:588} INFO - Filling up the DagBag from /home/airflow/.local/lib/python3.11/site-packages/airflow/example_dags/example_xcomargs.py
[2025-12-24T09:10:26.843+0000] {processor.py:925} INFO - DAG(s) 'example_xcom_args_with_operators', 'example_xcom_args' retrieved from /home/airflow/.local/lib/python3.11/site-packages/airflow/example_dags/example_xcomargs.py
[2025-12-24T09:10:26.874+0000] {logging_mixin.py:190} INFO - [2025-12-24T09:10:26.874+0000] {dag.py:3239} INFO - Sync 2 DAGs
[2025-12-24T09:10:26.893+0000] {logging_mixin.py:190} INFO - [2025-12-24T09:10:26.893+0000] {dag.py:4180} INFO - Setting next_dagrun for example_xcom_args to None, run_after=None
[2025-12-24T09:10:26.898+0000] {logging_mixin.py:190} INFO - [2025-12-24T09:10:26.898+0000] {dag.py:4180} INFO - Setting next_dagrun for example_xcom_args_with_operators to None, run_after=None
[2025-12-24T09:10:26.920+0000] {processor.py:208} INFO - Processing /home/airflow/.local/lib/python3.11/site-packages/airflow/example_dags/example_xcomargs.py took 0.108 seconds
[2025-12-24T09:10:19.779+0000] {processor.py:186} INFO - Started process (PID=1285) to work on /home/airflow/.local/lib/python3.11/site-packages/airflow/example_dags/example_xcomargs.py
[2025-12-24T09:10:19.781+0000] {processor.py:914} INFO - Processing file /home/airflow/.local/lib/python3.11/site-packages/airflow/example_dags/example_xcomargs.py for tasks to queue
[2025-12-24T09:10:19.786+0000] {logging_mixin.py:190} INFO - [2025-12-24T09:10:19.786+0000] {dagbag.py:588} INFO - Filling up the DagBag from /home/airflow/.local/lib/python3.11/site-packages/airflow/example_dags/example_xcomargs.py
[2025-12-24T09:10:19.809+0000] {processor.py:925} INFO - DAG(s) 'example_xcom_args', 'example_xcom_args_with_operators' retrieved from /home/airflow/.local/lib/python3.11/site-packages/airflow/example_dags/example_xcomargs.py
[2025-12-24T09:10:19.859+0000] {logging_mixin.py:190} INFO - [2025-12-24T09:10:19.858+0000] {dag.py:3239} INFO - Sync 2 DAGs
[2025-12-24T09:10:19.890+0000] {logging_mixin.py:190} INFO - [2025-12-24T09:10:19.890+0000] {dag.py:4180} INFO - Setting next_dagrun for example_xcom_args to None, run_after=None
[2025-12-24T09:10:19.898+0000] {logging_mixin.py:190} INFO - [2025-12-24T09:10:19.898+0000] {dag.py:4180} INFO - Setting next_dagrun for example_xcom_args_with_operators to None, run_after=None
[2025-12-24T09:10:19.955+0000] {processor.py:208} INFO - Processing /home/airflow/.local/lib/python3.11/site-packages/airflow/example_dags/example_xcomargs.py took 0.190 seconds
[2025-12-24T09:10:49.673+0000] {processor.py:186} INFO - Started process (PID=1334) to work on /home/airflow/.local/lib/python3.11/site-packages/airflow/example_dags/example_xcomargs.py
[2025-12-24T09:10:49.675+0000] {processor.py:914} INFO - Processing file /home/airflow/.local/lib/python3.11/site-packages/airflow/example_dags/example_xcomargs.py for tasks to queue
[2025-12-24T09:10:49.680+0000] {logging_mixin.py:190} INFO - [2025-12-24T09:10:49.679+0000] {dagbag.py:588} INFO - Filling up the DagBag from /home/airflow/.local/lib/python3.11/site-packages/airflow/example_dags/example_xcomargs.py
[2025-12-24T09:10:49.694+0000] {processor.py:925} INFO - DAG(s) 'example_xcom_args', 'example_xcom_args_with_operators' retrieved from /home/airflow/.local/lib/python3.11/site-packages/airflow/example_dags/example_xcomargs.py
[2025-12-24T09:10:49.727+0000] {logging_mixin.py:190} INFO - [2025-12-24T09:10:49.726+0000] {dag.py:3239} INFO - Sync 2 DAGs
[2025-12-24T09:10:49.744+0000] {logging_mixin.py:190} INFO - [2025-12-24T09:10:49.744+0000] {dag.py:4180} INFO - Setting next_dagrun for example_xcom_args to None, run_after=None
[2025-12-24T09:10:49.749+0000] {logging_mixin.py:190} INFO - [2025-12-24T09:10:49.748+0000] {dag.py:4180} INFO - Setting next_dagrun for example_xcom_args_with_operators to None, run_after=None
[2025-12-24T09:10:49.775+0000] {processor.py:208} INFO - Processing /home/airflow/.local/lib/python3.11/site-packages/airflow/example_dags/example_xcomargs.py took 0.112 seconds
[2025-12-24T09:10:59.826+0000] {processor.py:186} INFO - Started process (PID=1391) to work on /home/airflow/.local/lib/python3.11/site-packages/airflow/example_dags/example_xcomargs.py
[2025-12-24T09:10:59.828+0000] {processor.py:914} INFO - Processing file /home/airflow/.local/lib/python3.11/site-packages/airflow/example_dags/example_xcomargs.py for tasks to queue
[2025-12-24T09:10:59.834+0000] {logging_mixin.py:190} INFO - [2025-12-24T09:10:59.833+0000] {dagbag.py:588} INFO - Filling up the DagBag from /home/airflow/.local/lib/python3.11/site-packages/airflow/example_dags/example_xcomargs.py
[2025-12-24T09:10:59.855+0000] {processor.py:925} INFO - DAG(s) 'example_xcom_args', 'example_xcom_args_with_operators' retrieved from /home/airflow/.local/lib/python3.11/site-packages/airflow/example_dags/example_xcomargs.py
[2025-12-24T09:10:59.898+0000] {logging_mixin.py:190} INFO - [2025-12-24T09:10:59.898+0000] {dag.py:3239} INFO - Sync 2 DAGs
[2025-12-24T09:10:59.918+0000] {logging_mixin.py:190} INFO - [2025-12-24T09:10:59.918+0000] {dag.py:4180} INFO - Setting next_dagrun for example_xcom_args to None, run_after=None
[2025-12-24T09:10:59.923+0000] {logging_mixin.py:190} INFO - [2025-12-24T09:10:59.922+0000] {dag.py:4180} INFO - Setting next_dagrun for example_xcom_args_with_operators to None, run_after=None
[2025-12-24T09:10:59.947+0000] {processor.py:208} INFO - Processing /home/airflow/.local/lib/python3.11/site-packages/airflow/example_dags/example_xcomargs.py took 0.135 seconds
[2025-12-24T09:11:31.050+0000] {processor.py:186} INFO - Started process (PID=1454) to work on /home/airflow/.local/lib/python3.11/site-packages/airflow/example_dags/example_xcomargs.py
[2025-12-24T09:11:31.051+0000] {processor.py:914} INFO - Processing file /home/airflow/.local/lib/python3.11/site-packages/airflow/example_dags/example_xcomargs.py for tasks to queue
[2025-12-24T09:11:31.055+0000] {logging_mixin.py:190} INFO - [2025-12-24T09:11:31.054+0000] {dagbag.py:588} INFO - Filling up the DagBag from /home/airflow/.local/lib/python3.11/site-packages/airflow/example_dags/example_xcomargs.py
[2025-12-24T09:11:31.070+0000] {processor.py:925} INFO - DAG(s) 'example_xcom_args', 'example_xcom_args_with_operators' retrieved from /home/airflow/.local/lib/python3.11/site-packages/airflow/example_dags/example_xcomargs.py
[2025-12-24T09:11:31.105+0000] {logging_mixin.py:190} INFO - [2025-12-24T09:11:31.104+0000] {dag.py:3239} INFO - Sync 2 DAGs
[2025-12-24T09:11:31.123+0000] {logging_mixin.py:190} INFO - [2025-12-24T09:11:31.123+0000] {dag.py:4180} INFO - Setting next_dagrun for example_xcom_args to None, run_after=None
[2025-12-24T09:11:31.128+0000] {logging_mixin.py:190} INFO - [2025-12-24T09:11:31.127+0000] {dag.py:4180} INFO - Setting next_dagrun for example_xcom_args_with_operators to None, run_after=None
[2025-12-24T09:11:31.149+0000] {processor.py:208} INFO - Processing /home/airflow/.local/lib/python3.11/site-packages/airflow/example_dags/example_xcomargs.py took 0.110 seconds
[2025-12-24T09:12:32.359+0000] {processor.py:186} INFO - Started process (PID=1517) to work on /home/airflow/.local/lib/python3.11/site-packages/airflow/example_dags/example_xcomargs.py
[2025-12-24T09:12:32.361+0000] {processor.py:914} INFO - Processing file /home/airflow/.local/lib/python3.11/site-packages/airflow/example_dags/example_xcomargs.py for tasks to queue
[2025-12-24T09:12:32.365+0000] {logging_mixin.py:190} INFO - [2025-12-24T09:12:32.364+0000] {dagbag.py:588} INFO - Filling up the DagBag from /home/airflow/.local/lib/python3.11/site-packages/airflow/example_dags/example_xcomargs.py
[2025-12-24T09:12:32.380+0000] {processor.py:925} INFO - DAG(s) 'example_xcom_args_with_operators', 'example_xcom_args' retrieved from /home/airflow/.local/lib/python3.11/site-packages/airflow/example_dags/example_xcomargs.py
[2025-12-24T09:12:32.412+0000] {logging_mixin.py:190} INFO - [2025-12-24T09:12:32.412+0000] {dag.py:3239} INFO - Sync 2 DAGs
[2025-12-24T09:12:32.430+0000] {logging_mixin.py:190} INFO - [2025-12-24T09:12:32.430+0000] {dag.py:4180} INFO - Setting next_dagrun for example_xcom_args to None, run_after=None
[2025-12-24T09:12:32.435+0000] {logging_mixin.py:190} INFO - [2025-12-24T09:12:32.434+0000] {dag.py:4180} INFO - Setting next_dagrun for example_xcom_args_with_operators to None, run_after=None
[2025-12-24T09:12:32.457+0000] {processor.py:208} INFO - Processing /home/airflow/.local/lib/python3.11/site-packages/airflow/example_dags/example_xcomargs.py took 0.107 seconds
[2025-12-24T09:12:44.232+0000] {processor.py:186} INFO - Started process (PID=1581) to work on /home/airflow/.local/lib/python3.11/site-packages/airflow/example_dags/example_xcomargs.py
[2025-12-24T09:12:44.235+0000] {processor.py:914} INFO - Processing file /home/airflow/.local/lib/python3.11/site-packages/airflow/example_dags/example_xcomargs.py for tasks to queue
[2025-12-24T09:12:44.239+0000] {logging_mixin.py:190} INFO - [2025-12-24T09:12:44.239+0000] {dagbag.py:588} INFO - Filling up the DagBag from /home/airflow/.local/lib/python3.11/site-packages/airflow/example_dags/example_xcomargs.py
[2025-12-24T09:12:44.254+0000] {processor.py:925} INFO - DAG(s) 'example_xcom_args', 'example_xcom_args_with_operators' retrieved from /home/airflow/.local/lib/python3.11/site-packages/airflow/example_dags/example_xcomargs.py
[2025-12-24T09:12:44.285+0000] {logging_mixin.py:190} INFO - [2025-12-24T09:12:44.285+0000] {dag.py:3239} INFO - Sync 2 DAGs
[2025-12-24T09:12:44.303+0000] {logging_mixin.py:190} INFO - [2025-12-24T09:12:44.302+0000] {dag.py:4180} INFO - Setting next_dagrun for example_xcom_args to None, run_after=None
[2025-12-24T09:12:44.307+0000] {logging_mixin.py:190} INFO - [2025-12-24T09:12:44.307+0000] {dag.py:4180} INFO - Setting next_dagrun for example_xcom_args_with_operators to None, run_after=None
[2025-12-24T09:12:44.331+0000] {processor.py:208} INFO - Processing /home/airflow/.local/lib/python3.11/site-packages/airflow/example_dags/example_xcomargs.py took 0.111 seconds
[2025-12-24T09:13:33.305+0000] {processor.py:186} INFO - Started process (PID=1648) to work on /home/airflow/.local/lib/python3.11/site-packages/airflow/example_dags/example_xcomargs.py
[2025-12-24T09:13:33.307+0000] {processor.py:914} INFO - Processing file /home/airflow/.local/lib/python3.11/site-packages/airflow/example_dags/example_xcomargs.py for tasks to queue
[2025-12-24T09:13:33.311+0000] {logging_mixin.py:190} INFO - [2025-12-24T09:13:33.311+0000] {dagbag.py:588} INFO - Filling up the DagBag from /home/airflow/.local/lib/python3.11/site-packages/airflow/example_dags/example_xcomargs.py
[2025-12-24T09:13:33.328+0000] {processor.py:925} INFO - DAG(s) 'example_xcom_args_with_operators', 'example_xcom_args' retrieved from /home/airflow/.local/lib/python3.11/site-packages/airflow/example_dags/example_xcomargs.py
[2025-12-24T09:13:33.361+0000] {logging_mixin.py:190} INFO - [2025-12-24T09:13:33.361+0000] {dag.py:3239} INFO - Sync 2 DAGs
[2025-12-24T09:13:33.379+0000] {logging_mixin.py:190} INFO - [2025-12-24T09:13:33.379+0000] {dag.py:4180} INFO - Setting next_dagrun for example_xcom_args to None, run_after=None
[2025-12-24T09:13:33.384+0000] {logging_mixin.py:190} INFO - [2025-12-24T09:13:33.384+0000] {dag.py:4180} INFO - Setting next_dagrun for example_xcom_args_with_operators to None, run_after=None
[2025-12-24T09:13:33.411+0000] {processor.py:208} INFO - Processing /home/airflow/.local/lib/python3.11/site-packages/airflow/example_dags/example_xcomargs.py took 0.116 seconds
[2025-12-24T09:14:27.526+0000] {processor.py:186} INFO - Started process (PID=1698) to work on /home/airflow/.local/lib/python3.11/site-packages/airflow/example_dags/example_xcomargs.py
[2025-12-24T09:14:27.529+0000] {processor.py:914} INFO - Processing file /home/airflow/.local/lib/python3.11/site-packages/airflow/example_dags/example_xcomargs.py for tasks to queue
[2025-12-24T09:14:27.534+0000] {logging_mixin.py:190} INFO - [2025-12-24T09:14:27.533+0000] {dagbag.py:588} INFO - Filling up the DagBag from /home/airflow/.local/lib/python3.11/site-packages/airflow/example_dags/example_xcomargs.py
[2025-12-24T09:14:27.559+0000] {processor.py:925} INFO - DAG(s) 'example_xcom_args', 'example_xcom_args_with_operators' retrieved from /home/airflow/.local/lib/python3.11/site-packages/airflow/example_dags/example_xcomargs.py
[2025-12-24T09:14:27.600+0000] {logging_mixin.py:190} INFO - [2025-12-24T09:14:27.600+0000] {dag.py:3239} INFO - Sync 2 DAGs
[2025-12-24T09:14:27.620+0000] {logging_mixin.py:190} INFO - [2025-12-24T09:14:27.619+0000] {dag.py:4180} INFO - Setting next_dagrun for example_xcom_args to None, run_after=None
[2025-12-24T09:14:27.625+0000] {logging_mixin.py:190} INFO - [2025-12-24T09:14:27.624+0000] {dag.py:4180} INFO - Setting next_dagrun for example_xcom_args_with_operators to None, run_after=None
[2025-12-24T09:14:27.651+0000] {processor.py:208} INFO - Processing /home/airflow/.local/lib/python3.11/site-packages/airflow/example_dags/example_xcomargs.py took 0.138 seconds
[2025-12-24T09:14:39.616+0000] {processor.py:186} INFO - Started process (PID=1770) to work on /home/airflow/.local/lib/python3.11/site-packages/airflow/example_dags/example_xcomargs.py
[2025-12-24T09:14:39.617+0000] {processor.py:914} INFO - Processing file /home/airflow/.local/lib/python3.11/site-packages/airflow/example_dags/example_xcomargs.py for tasks to queue
[2025-12-24T09:14:39.621+0000] {logging_mixin.py:190} INFO - [2025-12-24T09:14:39.621+0000] {dagbag.py:588} INFO - Filling up the DagBag from /home/airflow/.local/lib/python3.11/site-packages/airflow/example_dags/example_xcomargs.py
[2025-12-24T09:14:39.636+0000] {processor.py:925} INFO - DAG(s) 'example_xcom_args_with_operators', 'example_xcom_args' retrieved from /home/airflow/.local/lib/python3.11/site-packages/airflow/example_dags/example_xcomargs.py
[2025-12-24T09:14:39.668+0000] {logging_mixin.py:190} INFO - [2025-12-24T09:14:39.667+0000] {dag.py:3239} INFO - Sync 2 DAGs
[2025-12-24T09:14:39.686+0000] {logging_mixin.py:190} INFO - [2025-12-24T09:14:39.686+0000] {dag.py:4180} INFO - Setting next_dagrun for example_xcom_args to None, run_after=None
[2025-12-24T09:14:39.690+0000] {logging_mixin.py:190} INFO - [2025-12-24T09:14:39.690+0000] {dag.py:4180} INFO - Setting next_dagrun for example_xcom_args_with_operators to None, run_after=None
[2025-12-24T09:14:39.716+0000] {processor.py:208} INFO - Processing /home/airflow/.local/lib/python3.11/site-packages/airflow/example_dags/example_xcomargs.py took 0.109 seconds
[2025-12-24T09:15:10.867+0000] {processor.py:186} INFO - Started process (PID=1834) to work on /home/airflow/.local/lib/python3.11/site-packages/airflow/example_dags/example_xcomargs.py
[2025-12-24T09:15:10.869+0000] {processor.py:914} INFO - Processing file /home/airflow/.local/lib/python3.11/site-packages/airflow/example_dags/example_xcomargs.py for tasks to queue
[2025-12-24T09:15:10.874+0000] {logging_mixin.py:190} INFO - [2025-12-24T09:15:10.873+0000] {dagbag.py:588} INFO - Filling up the DagBag from /home/airflow/.local/lib/python3.11/site-packages/airflow/example_dags/example_xcomargs.py
[2025-12-24T09:15:10.893+0000] {processor.py:925} INFO - DAG(s) 'example_xcom_args_with_operators', 'example_xcom_args' retrieved from /home/airflow/.local/lib/python3.11/site-packages/airflow/example_dags/example_xcomargs.py
[2025-12-24T09:15:10.927+0000] {logging_mixin.py:190} INFO - [2025-12-24T09:15:10.927+0000] {dag.py:3239} INFO - Sync 2 DAGs
[2025-12-24T09:15:10.947+0000] {logging_mixin.py:190} INFO - [2025-12-24T09:15:10.946+0000] {dag.py:4180} INFO - Setting next_dagrun for example_xcom_args to None, run_after=None
[2025-12-24T09:15:10.952+0000] {logging_mixin.py:190} INFO - [2025-12-24T09:15:10.951+0000] {dag.py:4180} INFO - Setting next_dagrun for example_xcom_args_with_operators to None, run_after=None
[2025-12-24T09:15:10.975+0000] {processor.py:208} INFO - Processing /home/airflow/.local/lib/python3.11/site-packages/airflow/example_dags/example_xcomargs.py took 0.120 seconds
[2025-12-24T09:16:23.852+0000] {processor.py:186} INFO - Started process (PID=1897) to work on /home/airflow/.local/lib/python3.11/site-packages/airflow/example_dags/example_xcomargs.py
[2025-12-24T09:16:23.854+0000] {processor.py:914} INFO - Processing file /home/airflow/.local/lib/python3.11/site-packages/airflow/example_dags/example_xcomargs.py for tasks to queue
[2025-12-24T09:16:23.859+0000] {logging_mixin.py:190} INFO - [2025-12-24T09:16:23.858+0000] {dagbag.py:588} INFO - Filling up the DagBag from /home/airflow/.local/lib/python3.11/site-packages/airflow/example_dags/example_xcomargs.py
[2025-12-24T09:16:23.879+0000] {processor.py:925} INFO - DAG(s) 'example_xcom_args', 'example_xcom_args_with_operators' retrieved from /home/airflow/.local/lib/python3.11/site-packages/airflow/example_dags/example_xcomargs.py
[2025-12-24T09:16:23.914+0000] {logging_mixin.py:190} INFO - [2025-12-24T09:16:23.913+0000] {dag.py:3239} INFO - Sync 2 DAGs
[2025-12-24T09:16:23.937+0000] {logging_mixin.py:190} INFO - [2025-12-24T09:16:23.937+0000] {dag.py:4180} INFO - Setting next_dagrun for example_xcom_args to None, run_after=None
[2025-12-24T09:16:23.943+0000] {logging_mixin.py:190} INFO - [2025-12-24T09:16:23.942+0000] {dag.py:4180} INFO - Setting next_dagrun for example_xcom_args_with_operators to None, run_after=None
[2025-12-24T09:16:23.965+0000] {processor.py:208} INFO - Processing /home/airflow/.local/lib/python3.11/site-packages/airflow/example_dags/example_xcomargs.py took 0.123 seconds
[2025-12-24T09:24:20.457+0000] {processor.py:186} INFO - Started process (PID=109) to work on /home/airflow/.local/lib/python3.11/site-packages/airflow/example_dags/example_xcomargs.py
[2025-12-24T09:24:20.459+0000] {processor.py:914} INFO - Processing file /home/airflow/.local/lib/python3.11/site-packages/airflow/example_dags/example_xcomargs.py for tasks to queue
[2025-12-24T09:24:20.464+0000] {logging_mixin.py:190} INFO - [2025-12-24T09:24:20.464+0000] {dagbag.py:588} INFO - Filling up the DagBag from /home/airflow/.local/lib/python3.11/site-packages/airflow/example_dags/example_xcomargs.py
[2025-12-24T09:24:20.492+0000] {processor.py:925} INFO - DAG(s) 'example_xcom_args', 'example_xcom_args_with_operators' retrieved from /home/airflow/.local/lib/python3.11/site-packages/airflow/example_dags/example_xcomargs.py
[2025-12-24T09:24:20.710+0000] {logging_mixin.py:190} INFO - [2025-12-24T09:24:20.709+0000] {override.py:1911} INFO - Created Permission View: can delete on DAG:example_xcom_args
[2025-12-24T09:24:20.748+0000] {logging_mixin.py:190} INFO - [2025-12-24T09:24:20.747+0000] {override.py:1911} INFO - Created Permission View: can read on DAG:example_xcom_args
[2025-12-24T09:24:20.786+0000] {logging_mixin.py:190} INFO - [2025-12-24T09:24:20.785+0000] {override.py:1911} INFO - Created Permission View: can edit on DAG:example_xcom_args
[2025-12-24T09:24:20.832+0000] {logging_mixin.py:190} INFO - [2025-12-24T09:24:20.832+0000] {override.py:1911} INFO - Created Permission View: menu access on DAG Run:example_xcom_args
[2025-12-24T09:24:20.870+0000] {logging_mixin.py:190} INFO - [2025-12-24T09:24:20.870+0000] {override.py:1911} INFO - Created Permission View: can create on DAG Run:example_xcom_args
[2025-12-24T09:24:20.914+0000] {logging_mixin.py:190} INFO - [2025-12-24T09:24:20.914+0000] {override.py:1911} INFO - Created Permission View: can delete on DAG Run:example_xcom_args
[2025-12-24T09:24:20.952+0000] {logging_mixin.py:190} INFO - [2025-12-24T09:24:20.951+0000] {override.py:1911} INFO - Created Permission View: can read on DAG Run:example_xcom_args
[2025-12-24T09:24:21.010+0000] {logging_mixin.py:190} INFO - [2025-12-24T09:24:21.010+0000] {override.py:1911} INFO - Created Permission View: can delete on DAG:example_xcom_args_with_operators
[2025-12-24T09:24:21.053+0000] {logging_mixin.py:190} INFO - [2025-12-24T09:24:21.053+0000] {override.py:1911} INFO - Created Permission View: can read on DAG:example_xcom_args_with_operators
[2025-12-24T09:24:21.099+0000] {logging_mixin.py:190} INFO - [2025-12-24T09:24:21.098+0000] {override.py:1911} INFO - Created Permission View: can edit on DAG:example_xcom_args_with_operators
[2025-12-24T09:24:21.128+0000] {logging_mixin.py:190} INFO - [2025-12-24T09:24:21.127+0000] {override.py:1911} INFO - Created Permission View: menu access on DAG Run:example_xcom_args_with_operators
[2025-12-24T09:24:21.170+0000] {logging_mixin.py:190} INFO - [2025-12-24T09:24:21.170+0000] {override.py:1911} INFO - Created Permission View: can create on DAG Run:example_xcom_args_with_operators
[2025-12-24T09:24:21.213+0000] {logging_mixin.py:190} INFO - [2025-12-24T09:24:21.212+0000] {override.py:1911} INFO - Created Permission View: can delete on DAG Run:example_xcom_args_with_operators
[2025-12-24T09:24:21.234+0000] {logging_mixin.py:190} INFO - [2025-12-24T09:24:21.233+0000] {override.py:1911} INFO - Created Permission View: can read on DAG Run:example_xcom_args_with_operators
[2025-12-24T09:24:21.234+0000] {logging_mixin.py:190} INFO - [2025-12-24T09:24:21.234+0000] {dag.py:3239} INFO - Sync 2 DAGs
[2025-12-24T09:24:21.252+0000] {logging_mixin.py:190} INFO - [2025-12-24T09:24:21.251+0000] {dag.py:3262} INFO - Creating ORM DAG for example_xcom_args
[2025-12-24T09:24:21.253+0000] {logging_mixin.py:190} INFO - [2025-12-24T09:24:21.253+0000] {dag.py:3262} INFO - Creating ORM DAG for example_xcom_args_with_operators
[2025-12-24T09:24:21.254+0000] {logging_mixin.py:190} INFO - [2025-12-24T09:24:21.254+0000] {dag.py:4180} INFO - Setting next_dagrun for example_xcom_args to None, run_after=None
[2025-12-24T09:24:21.255+0000] {logging_mixin.py:190} INFO - [2025-12-24T09:24:21.255+0000] {dag.py:4180} INFO - Setting next_dagrun for example_xcom_args_with_operators to None, run_after=None
[2025-12-24T09:24:21.293+0000] {processor.py:208} INFO - Processing /home/airflow/.local/lib/python3.11/site-packages/airflow/example_dags/example_xcomargs.py took 0.850 seconds
[2025-12-24T09:24:15.357+0000] {processor.py:186} INFO - Started process (PID=241) to work on /home/airflow/.local/lib/python3.11/site-packages/airflow/example_dags/example_xcomargs.py
[2025-12-24T09:24:15.358+0000] {processor.py:914} INFO - Processing file /home/airflow/.local/lib/python3.11/site-packages/airflow/example_dags/example_xcomargs.py for tasks to queue
[2025-12-24T09:24:15.362+0000] {logging_mixin.py:190} INFO - [2025-12-24T09:24:15.362+0000] {dagbag.py:588} INFO - Filling up the DagBag from /home/airflow/.local/lib/python3.11/site-packages/airflow/example_dags/example_xcomargs.py
[2025-12-24T09:24:15.385+0000] {processor.py:925} INFO - DAG(s) 'example_xcom_args_with_operators', 'example_xcom_args' retrieved from /home/airflow/.local/lib/python3.11/site-packages/airflow/example_dags/example_xcomargs.py
[2025-12-24T09:24:15.422+0000] {logging_mixin.py:190} INFO - [2025-12-24T09:24:15.421+0000] {dag.py:3239} INFO - Sync 2 DAGs
[2025-12-24T09:24:15.450+0000] {logging_mixin.py:190} INFO - [2025-12-24T09:24:15.449+0000] {dag.py:4180} INFO - Setting next_dagrun for example_xcom_args to None, run_after=None
[2025-12-24T09:24:15.456+0000] {logging_mixin.py:190} INFO - [2025-12-24T09:24:15.456+0000] {dag.py:4180} INFO - Setting next_dagrun for example_xcom_args_with_operators to None, run_after=None
[2025-12-24T09:24:15.486+0000] {processor.py:208} INFO - Processing /home/airflow/.local/lib/python3.11/site-packages/airflow/example_dags/example_xcomargs.py took 0.146 seconds
[2025-12-24T09:24:44.584+0000] {processor.py:186} INFO - Started process (PID=300) to work on /home/airflow/.local/lib/python3.11/site-packages/airflow/example_dags/example_xcomargs.py
[2025-12-24T09:24:44.586+0000] {processor.py:914} INFO - Processing file /home/airflow/.local/lib/python3.11/site-packages/airflow/example_dags/example_xcomargs.py for tasks to queue
[2025-12-24T09:24:44.590+0000] {logging_mixin.py:190} INFO - [2025-12-24T09:24:44.589+0000] {dagbag.py:588} INFO - Filling up the DagBag from /home/airflow/.local/lib/python3.11/site-packages/airflow/example_dags/example_xcomargs.py
[2025-12-24T09:24:44.610+0000] {processor.py:925} INFO - DAG(s) 'example_xcom_args_with_operators', 'example_xcom_args' retrieved from /home/airflow/.local/lib/python3.11/site-packages/airflow/example_dags/example_xcomargs.py
[2025-12-24T09:24:44.634+0000] {logging_mixin.py:190} INFO - [2025-12-24T09:24:44.634+0000] {dag.py:3239} INFO - Sync 2 DAGs
[2025-12-24T09:24:44.656+0000] {logging_mixin.py:190} INFO - [2025-12-24T09:24:44.655+0000] {dag.py:4180} INFO - Setting next_dagrun for example_xcom_args to None, run_after=None
[2025-12-24T09:24:44.668+0000] {logging_mixin.py:190} INFO - [2025-12-24T09:24:44.668+0000] {dag.py:4180} INFO - Setting next_dagrun for example_xcom_args_with_operators to None, run_after=None
[2025-12-24T09:24:44.693+0000] {processor.py:208} INFO - Processing /home/airflow/.local/lib/python3.11/site-packages/airflow/example_dags/example_xcomargs.py took 0.119 seconds
[2025-12-24T09:24:55.951+0000] {processor.py:186} INFO - Started process (PID=356) to work on /home/airflow/.local/lib/python3.11/site-packages/airflow/example_dags/example_xcomargs.py
[2025-12-24T09:24:55.953+0000] {processor.py:914} INFO - Processing file /home/airflow/.local/lib/python3.11/site-packages/airflow/example_dags/example_xcomargs.py for tasks to queue
[2025-12-24T09:24:55.957+0000] {logging_mixin.py:190} INFO - [2025-12-24T09:24:55.957+0000] {dagbag.py:588} INFO - Filling up the DagBag from /home/airflow/.local/lib/python3.11/site-packages/airflow/example_dags/example_xcomargs.py
[2025-12-24T09:24:55.981+0000] {processor.py:925} INFO - DAG(s) 'example_xcom_args_with_operators', 'example_xcom_args' retrieved from /home/airflow/.local/lib/python3.11/site-packages/airflow/example_dags/example_xcomargs.py
[2025-12-24T09:24:56.047+0000] {logging_mixin.py:190} INFO - [2025-12-24T09:24:56.047+0000] {dag.py:3239} INFO - Sync 2 DAGs
[2025-12-24T09:24:56.078+0000] {logging_mixin.py:190} INFO - [2025-12-24T09:24:56.078+0000] {dag.py:4180} INFO - Setting next_dagrun for example_xcom_args to None, run_after=None
[2025-12-24T09:24:56.083+0000] {logging_mixin.py:190} INFO - [2025-12-24T09:24:56.083+0000] {dag.py:4180} INFO - Setting next_dagrun for example_xcom_args_with_operators to None, run_after=None
[2025-12-24T09:24:56.108+0000] {processor.py:208} INFO - Processing /home/airflow/.local/lib/python3.11/site-packages/airflow/example_dags/example_xcomargs.py took 0.168 seconds
[2025-12-24T09:25:14.606+0000] {processor.py:186} INFO - Started process (PID=418) to work on /home/airflow/.local/lib/python3.11/site-packages/airflow/example_dags/example_xcomargs.py
[2025-12-24T09:25:14.607+0000] {processor.py:914} INFO - Processing file /home/airflow/.local/lib/python3.11/site-packages/airflow/example_dags/example_xcomargs.py for tasks to queue
[2025-12-24T09:25:14.610+0000] {logging_mixin.py:190} INFO - [2025-12-24T09:25:14.610+0000] {dagbag.py:588} INFO - Filling up the DagBag from /home/airflow/.local/lib/python3.11/site-packages/airflow/example_dags/example_xcomargs.py
[2025-12-24T09:25:14.628+0000] {processor.py:925} INFO - DAG(s) 'example_xcom_args', 'example_xcom_args_with_operators' retrieved from /home/airflow/.local/lib/python3.11/site-packages/airflow/example_dags/example_xcomargs.py
[2025-12-24T09:25:14.663+0000] {logging_mixin.py:190} INFO - [2025-12-24T09:25:14.663+0000] {dag.py:3239} INFO - Sync 2 DAGs
[2025-12-24T09:25:14.682+0000] {logging_mixin.py:190} INFO - [2025-12-24T09:25:14.682+0000] {dag.py:4180} INFO - Setting next_dagrun for example_xcom_args to None, run_after=None
[2025-12-24T09:25:14.690+0000] {logging_mixin.py:190} INFO - [2025-12-24T09:25:14.690+0000] {dag.py:4180} INFO - Setting next_dagrun for example_xcom_args_with_operators to None, run_after=None
[2025-12-24T09:25:14.724+0000] {processor.py:208} INFO - Processing /home/airflow/.local/lib/python3.11/site-packages/airflow/example_dags/example_xcomargs.py took 0.127 seconds
[2025-12-24T09:25:20.720+0000] {processor.py:186} INFO - Started process (PID=472) to work on /home/airflow/.local/lib/python3.11/site-packages/airflow/example_dags/example_xcomargs.py
[2025-12-24T09:25:20.722+0000] {processor.py:914} INFO - Processing file /home/airflow/.local/lib/python3.11/site-packages/airflow/example_dags/example_xcomargs.py for tasks to queue
[2025-12-24T09:25:20.726+0000] {logging_mixin.py:190} INFO - [2025-12-24T09:25:20.726+0000] {dagbag.py:588} INFO - Filling up the DagBag from /home/airflow/.local/lib/python3.11/site-packages/airflow/example_dags/example_xcomargs.py
[2025-12-24T09:25:20.748+0000] {processor.py:925} INFO - DAG(s) 'example_xcom_args_with_operators', 'example_xcom_args' retrieved from /home/airflow/.local/lib/python3.11/site-packages/airflow/example_dags/example_xcomargs.py
[2025-12-24T09:25:20.807+0000] {logging_mixin.py:190} INFO - [2025-12-24T09:25:20.807+0000] {dag.py:3239} INFO - Sync 2 DAGs
[2025-12-24T09:25:20.830+0000] {logging_mixin.py:190} INFO - [2025-12-24T09:25:20.830+0000] {dag.py:4180} INFO - Setting next_dagrun for example_xcom_args to None, run_after=None
[2025-12-24T09:25:20.836+0000] {logging_mixin.py:190} INFO - [2025-12-24T09:25:20.836+0000] {dag.py:4180} INFO - Setting next_dagrun for example_xcom_args_with_operators to None, run_after=None
[2025-12-24T09:25:20.868+0000] {processor.py:208} INFO - Processing /home/airflow/.local/lib/python3.11/site-packages/airflow/example_dags/example_xcomargs.py took 0.162 seconds
[2025-12-24T09:25:52.201+0000] {processor.py:186} INFO - Started process (PID=530) to work on /home/airflow/.local/lib/python3.11/site-packages/airflow/example_dags/example_xcomargs.py
[2025-12-24T09:25:52.203+0000] {processor.py:914} INFO - Processing file /home/airflow/.local/lib/python3.11/site-packages/airflow/example_dags/example_xcomargs.py for tasks to queue
[2025-12-24T09:25:52.208+0000] {logging_mixin.py:190} INFO - [2025-12-24T09:25:52.207+0000] {dagbag.py:588} INFO - Filling up the DagBag from /home/airflow/.local/lib/python3.11/site-packages/airflow/example_dags/example_xcomargs.py
[2025-12-24T09:25:52.238+0000] {processor.py:925} INFO - DAG(s) 'example_xcom_args', 'example_xcom_args_with_operators' retrieved from /home/airflow/.local/lib/python3.11/site-packages/airflow/example_dags/example_xcomargs.py
[2025-12-24T09:25:52.288+0000] {logging_mixin.py:190} INFO - [2025-12-24T09:25:52.287+0000] {dag.py:3239} INFO - Sync 2 DAGs
[2025-12-24T09:25:52.315+0000] {logging_mixin.py:190} INFO - [2025-12-24T09:25:52.315+0000] {dag.py:4180} INFO - Setting next_dagrun for example_xcom_args to None, run_after=None
[2025-12-24T09:25:52.322+0000] {logging_mixin.py:190} INFO - [2025-12-24T09:25:52.322+0000] {dag.py:4180} INFO - Setting next_dagrun for example_xcom_args_with_operators to None, run_after=None
[2025-12-24T09:25:52.358+0000] {processor.py:208} INFO - Processing /home/airflow/.local/lib/python3.11/site-packages/airflow/example_dags/example_xcomargs.py took 0.169 seconds
[2025-12-24T09:25:57.193+0000] {processor.py:186} INFO - Started process (PID=563) to work on /home/airflow/.local/lib/python3.11/site-packages/airflow/example_dags/example_xcomargs.py
[2025-12-24T09:25:57.195+0000] {processor.py:914} INFO - Processing file /home/airflow/.local/lib/python3.11/site-packages/airflow/example_dags/example_xcomargs.py for tasks to queue
[2025-12-24T09:25:57.199+0000] {logging_mixin.py:190} INFO - [2025-12-24T09:25:57.198+0000] {dagbag.py:588} INFO - Filling up the DagBag from /home/airflow/.local/lib/python3.11/site-packages/airflow/example_dags/example_xcomargs.py
[2025-12-24T09:25:57.217+0000] {processor.py:925} INFO - DAG(s) 'example_xcom_args', 'example_xcom_args_with_operators' retrieved from /home/airflow/.local/lib/python3.11/site-packages/airflow/example_dags/example_xcomargs.py
[2025-12-24T09:25:57.264+0000] {logging_mixin.py:190} INFO - [2025-12-24T09:25:57.264+0000] {dag.py:3239} INFO - Sync 2 DAGs
[2025-12-24T09:25:57.292+0000] {logging_mixin.py:190} INFO - [2025-12-24T09:25:57.292+0000] {dag.py:4180} INFO - Setting next_dagrun for example_xcom_args to None, run_after=None
[2025-12-24T09:25:57.301+0000] {logging_mixin.py:190} INFO - [2025-12-24T09:25:57.300+0000] {dag.py:4180} INFO - Setting next_dagrun for example_xcom_args_with_operators to None, run_after=None
[2025-12-24T09:25:57.329+0000] {processor.py:208} INFO - Processing /home/airflow/.local/lib/python3.11/site-packages/airflow/example_dags/example_xcomargs.py took 0.146 seconds
[2025-12-24T09:26:06.393+0000] {processor.py:186} INFO - Started process (PID=627) to work on /home/airflow/.local/lib/python3.11/site-packages/airflow/example_dags/example_xcomargs.py
[2025-12-24T09:26:06.395+0000] {processor.py:914} INFO - Processing file /home/airflow/.local/lib/python3.11/site-packages/airflow/example_dags/example_xcomargs.py for tasks to queue
[2025-12-24T09:26:06.399+0000] {logging_mixin.py:190} INFO - [2025-12-24T09:26:06.398+0000] {dagbag.py:588} INFO - Filling up the DagBag from /home/airflow/.local/lib/python3.11/site-packages/airflow/example_dags/example_xcomargs.py
[2025-12-24T09:26:06.415+0000] {processor.py:925} INFO - DAG(s) 'example_xcom_args', 'example_xcom_args_with_operators' retrieved from /home/airflow/.local/lib/python3.11/site-packages/airflow/example_dags/example_xcomargs.py
[2025-12-24T09:26:06.455+0000] {logging_mixin.py:190} INFO - [2025-12-24T09:26:06.455+0000] {dag.py:3239} INFO - Sync 2 DAGs
[2025-12-24T09:26:06.474+0000] {logging_mixin.py:190} INFO - [2025-12-24T09:26:06.474+0000] {dag.py:4180} INFO - Setting next_dagrun for example_xcom_args to None, run_after=None
[2025-12-24T09:26:06.480+0000] {logging_mixin.py:190} INFO - [2025-12-24T09:26:06.479+0000] {dag.py:4180} INFO - Setting next_dagrun for example_xcom_args_with_operators to None, run_after=None
[2025-12-24T09:26:06.505+0000] {processor.py:208} INFO - Processing /home/airflow/.local/lib/python3.11/site-packages/airflow/example_dags/example_xcomargs.py took 0.123 seconds
[2025-12-24T09:26:14.934+0000] {processor.py:186} INFO - Started process (PID=683) to work on /home/airflow/.local/lib/python3.11/site-packages/airflow/example_dags/example_xcomargs.py
[2025-12-24T09:26:14.936+0000] {processor.py:914} INFO - Processing file /home/airflow/.local/lib/python3.11/site-packages/airflow/example_dags/example_xcomargs.py for tasks to queue
[2025-12-24T09:26:14.940+0000] {logging_mixin.py:190} INFO - [2025-12-24T09:26:14.940+0000] {dagbag.py:588} INFO - Filling up the DagBag from /home/airflow/.local/lib/python3.11/site-packages/airflow/example_dags/example_xcomargs.py
[2025-12-24T09:26:14.959+0000] {processor.py:925} INFO - DAG(s) 'example_xcom_args_with_operators', 'example_xcom_args' retrieved from /home/airflow/.local/lib/python3.11/site-packages/airflow/example_dags/example_xcomargs.py
[2025-12-24T09:26:14.995+0000] {logging_mixin.py:190} INFO - [2025-12-24T09:26:14.995+0000] {dag.py:3239} INFO - Sync 2 DAGs
[2025-12-24T09:26:15.015+0000] {logging_mixin.py:190} INFO - [2025-12-24T09:26:15.015+0000] {dag.py:4180} INFO - Setting next_dagrun for example_xcom_args to None, run_after=None
[2025-12-24T09:26:15.021+0000] {logging_mixin.py:190} INFO - [2025-12-24T09:26:15.020+0000] {dag.py:4180} INFO - Setting next_dagrun for example_xcom_args_with_operators to None, run_after=None
[2025-12-24T09:26:15.045+0000] {processor.py:208} INFO - Processing /home/airflow/.local/lib/python3.11/site-packages/airflow/example_dags/example_xcomargs.py took 0.122 seconds
[2025-12-24T09:26:25.831+0000] {processor.py:186} INFO - Started process (PID=735) to work on /home/airflow/.local/lib/python3.11/site-packages/airflow/example_dags/example_xcomargs.py
[2025-12-24T09:26:25.833+0000] {processor.py:914} INFO - Processing file /home/airflow/.local/lib/python3.11/site-packages/airflow/example_dags/example_xcomargs.py for tasks to queue
[2025-12-24T09:26:25.837+0000] {logging_mixin.py:190} INFO - [2025-12-24T09:26:25.837+0000] {dagbag.py:588} INFO - Filling up the DagBag from /home/airflow/.local/lib/python3.11/site-packages/airflow/example_dags/example_xcomargs.py
[2025-12-24T09:26:25.855+0000] {processor.py:925} INFO - DAG(s) 'example_xcom_args_with_operators', 'example_xcom_args' retrieved from /home/airflow/.local/lib/python3.11/site-packages/airflow/example_dags/example_xcomargs.py
[2025-12-24T09:26:25.891+0000] {logging_mixin.py:190} INFO - [2025-12-24T09:26:25.891+0000] {dag.py:3239} INFO - Sync 2 DAGs
[2025-12-24T09:26:25.910+0000] {logging_mixin.py:190} INFO - [2025-12-24T09:26:25.909+0000] {dag.py:4180} INFO - Setting next_dagrun for example_xcom_args to None, run_after=None
[2025-12-24T09:26:25.915+0000] {logging_mixin.py:190} INFO - [2025-12-24T09:26:25.915+0000] {dag.py:4180} INFO - Setting next_dagrun for example_xcom_args_with_operators to None, run_after=None
[2025-12-24T09:26:25.940+0000] {processor.py:208} INFO - Processing /home/airflow/.local/lib/python3.11/site-packages/airflow/example_dags/example_xcomargs.py took 0.120 seconds
[2025-12-24T09:26:36.236+0000] {processor.py:186} INFO - Started process (PID=790) to work on /home/airflow/.local/lib/python3.11/site-packages/airflow/example_dags/example_xcomargs.py
[2025-12-24T09:26:36.242+0000] {processor.py:914} INFO - Processing file /home/airflow/.local/lib/python3.11/site-packages/airflow/example_dags/example_xcomargs.py for tasks to queue
[2025-12-24T09:26:36.262+0000] {logging_mixin.py:190} INFO - [2025-12-24T09:26:36.261+0000] {dagbag.py:588} INFO - Filling up the DagBag from /home/airflow/.local/lib/python3.11/site-packages/airflow/example_dags/example_xcomargs.py
[2025-12-24T09:26:36.289+0000] {processor.py:925} INFO - DAG(s) 'example_xcom_args', 'example_xcom_args_with_operators' retrieved from /home/airflow/.local/lib/python3.11/site-packages/airflow/example_dags/example_xcomargs.py
[2025-12-24T09:26:36.347+0000] {logging_mixin.py:190} INFO - [2025-12-24T09:26:36.347+0000] {dag.py:3239} INFO - Sync 2 DAGs
[2025-12-24T09:26:36.401+0000] {logging_mixin.py:190} INFO - [2025-12-24T09:26:36.400+0000] {dag.py:4180} INFO - Setting next_dagrun for example_xcom_args to None, run_after=None
[2025-12-24T09:26:36.408+0000] {logging_mixin.py:190} INFO - [2025-12-24T09:26:36.408+0000] {dag.py:4180} INFO - Setting next_dagrun for example_xcom_args_with_operators to None, run_after=None
[2025-12-24T09:26:36.455+0000] {processor.py:208} INFO - Processing /home/airflow/.local/lib/python3.11/site-packages/airflow/example_dags/example_xcomargs.py took 0.250 seconds
[2025-12-24T09:26:46.488+0000] {processor.py:186} INFO - Started process (PID=843) to work on /home/airflow/.local/lib/python3.11/site-packages/airflow/example_dags/example_xcomargs.py
[2025-12-24T09:26:46.491+0000] {processor.py:914} INFO - Processing file /home/airflow/.local/lib/python3.11/site-packages/airflow/example_dags/example_xcomargs.py for tasks to queue
[2025-12-24T09:26:46.496+0000] {logging_mixin.py:190} INFO - [2025-12-24T09:26:46.496+0000] {dagbag.py:588} INFO - Filling up the DagBag from /home/airflow/.local/lib/python3.11/site-packages/airflow/example_dags/example_xcomargs.py
[2025-12-24T09:26:46.518+0000] {processor.py:925} INFO - DAG(s) 'example_xcom_args', 'example_xcom_args_with_operators' retrieved from /home/airflow/.local/lib/python3.11/site-packages/airflow/example_dags/example_xcomargs.py
[2025-12-24T09:26:46.558+0000] {logging_mixin.py:190} INFO - [2025-12-24T09:26:46.558+0000] {dag.py:3239} INFO - Sync 2 DAGs
[2025-12-24T09:26:46.581+0000] {logging_mixin.py:190} INFO - [2025-12-24T09:26:46.580+0000] {dag.py:4180} INFO - Setting next_dagrun for example_xcom_args to None, run_after=None
[2025-12-24T09:26:46.587+0000] {logging_mixin.py:190} INFO - [2025-12-24T09:26:46.586+0000] {dag.py:4180} INFO - Setting next_dagrun for example_xcom_args_with_operators to None, run_after=None
[2025-12-24T09:26:46.617+0000] {processor.py:208} INFO - Processing /home/airflow/.local/lib/python3.11/site-packages/airflow/example_dags/example_xcomargs.py took 0.141 seconds
[2025-12-24T09:27:44.122+0000] {processor.py:186} INFO - Started process (PID=905) to work on /home/airflow/.local/lib/python3.11/site-packages/airflow/example_dags/example_xcomargs.py
[2025-12-24T09:27:44.125+0000] {processor.py:914} INFO - Processing file /home/airflow/.local/lib/python3.11/site-packages/airflow/example_dags/example_xcomargs.py for tasks to queue
[2025-12-24T09:27:44.145+0000] {logging_mixin.py:190} INFO - [2025-12-24T09:27:44.144+0000] {dagbag.py:588} INFO - Filling up the DagBag from /home/airflow/.local/lib/python3.11/site-packages/airflow/example_dags/example_xcomargs.py
[2025-12-24T09:27:44.172+0000] {processor.py:925} INFO - DAG(s) 'example_xcom_args', 'example_xcom_args_with_operators' retrieved from /home/airflow/.local/lib/python3.11/site-packages/airflow/example_dags/example_xcomargs.py
[2025-12-24T09:27:44.224+0000] {logging_mixin.py:190} INFO - [2025-12-24T09:27:44.224+0000] {dag.py:3239} INFO - Sync 2 DAGs
[2025-12-24T09:27:44.254+0000] {logging_mixin.py:190} INFO - [2025-12-24T09:27:44.254+0000] {dag.py:4180} INFO - Setting next_dagrun for example_xcom_args to None, run_after=None
[2025-12-24T09:27:44.262+0000] {logging_mixin.py:190} INFO - [2025-12-24T09:27:44.262+0000] {dag.py:4180} INFO - Setting next_dagrun for example_xcom_args_with_operators to None, run_after=None
[2025-12-24T09:27:44.302+0000] {processor.py:208} INFO - Processing /home/airflow/.local/lib/python3.11/site-packages/airflow/example_dags/example_xcomargs.py took 0.194 seconds
[2025-12-24T09:27:51.408+0000] {processor.py:186} INFO - Started process (PID=971) to work on /home/airflow/.local/lib/python3.11/site-packages/airflow/example_dags/example_xcomargs.py
[2025-12-24T09:27:51.410+0000] {processor.py:914} INFO - Processing file /home/airflow/.local/lib/python3.11/site-packages/airflow/example_dags/example_xcomargs.py for tasks to queue
[2025-12-24T09:27:51.415+0000] {logging_mixin.py:190} INFO - [2025-12-24T09:27:51.414+0000] {dagbag.py:588} INFO - Filling up the DagBag from /home/airflow/.local/lib/python3.11/site-packages/airflow/example_dags/example_xcomargs.py
[2025-12-24T09:27:51.441+0000] {processor.py:925} INFO - DAG(s) 'example_xcom_args_with_operators', 'example_xcom_args' retrieved from /home/airflow/.local/lib/python3.11/site-packages/airflow/example_dags/example_xcomargs.py
[2025-12-24T09:27:51.487+0000] {logging_mixin.py:190} INFO - [2025-12-24T09:27:51.486+0000] {dag.py:3239} INFO - Sync 2 DAGs
[2025-12-24T09:27:51.512+0000] {logging_mixin.py:190} INFO - [2025-12-24T09:27:51.512+0000] {dag.py:4180} INFO - Setting next_dagrun for example_xcom_args to None, run_after=None
[2025-12-24T09:27:51.517+0000] {logging_mixin.py:190} INFO - [2025-12-24T09:27:51.517+0000] {dag.py:4180} INFO - Setting next_dagrun for example_xcom_args_with_operators to None, run_after=None
[2025-12-24T09:27:51.549+0000] {processor.py:208} INFO - Processing /home/airflow/.local/lib/python3.11/site-packages/airflow/example_dags/example_xcomargs.py took 0.155 seconds
[2025-12-24T09:28:01.328+0000] {processor.py:186} INFO - Started process (PID=1037) to work on /home/airflow/.local/lib/python3.11/site-packages/airflow/example_dags/example_xcomargs.py
[2025-12-24T09:28:01.330+0000] {processor.py:914} INFO - Processing file /home/airflow/.local/lib/python3.11/site-packages/airflow/example_dags/example_xcomargs.py for tasks to queue
[2025-12-24T09:28:01.334+0000] {logging_mixin.py:190} INFO - [2025-12-24T09:28:01.334+0000] {dagbag.py:588} INFO - Filling up the DagBag from /home/airflow/.local/lib/python3.11/site-packages/airflow/example_dags/example_xcomargs.py
[2025-12-24T09:28:01.349+0000] {processor.py:925} INFO - DAG(s) 'example_xcom_args_with_operators', 'example_xcom_args' retrieved from /home/airflow/.local/lib/python3.11/site-packages/airflow/example_dags/example_xcomargs.py
[2025-12-24T09:28:01.387+0000] {logging_mixin.py:190} INFO - [2025-12-24T09:28:01.387+0000] {dag.py:3239} INFO - Sync 2 DAGs
[2025-12-24T09:28:01.407+0000] {logging_mixin.py:190} INFO - [2025-12-24T09:28:01.407+0000] {dag.py:4180} INFO - Setting next_dagrun for example_xcom_args to None, run_after=None
[2025-12-24T09:28:01.414+0000] {logging_mixin.py:190} INFO - [2025-12-24T09:28:01.414+0000] {dag.py:4180} INFO - Setting next_dagrun for example_xcom_args_with_operators to None, run_after=None
[2025-12-24T09:28:01.460+0000] {processor.py:208} INFO - Processing /home/airflow/.local/lib/python3.11/site-packages/airflow/example_dags/example_xcomargs.py took 0.142 seconds
[2025-12-24T09:28:15.934+0000] {processor.py:186} INFO - Started process (PID=1096) to work on /home/airflow/.local/lib/python3.11/site-packages/airflow/example_dags/example_xcomargs.py
[2025-12-24T09:28:15.937+0000] {processor.py:914} INFO - Processing file /home/airflow/.local/lib/python3.11/site-packages/airflow/example_dags/example_xcomargs.py for tasks to queue
[2025-12-24T09:28:15.941+0000] {logging_mixin.py:190} INFO - [2025-12-24T09:28:15.941+0000] {dagbag.py:588} INFO - Filling up the DagBag from /home/airflow/.local/lib/python3.11/site-packages/airflow/example_dags/example_xcomargs.py
[2025-12-24T09:28:15.960+0000] {processor.py:925} INFO - DAG(s) 'example_xcom_args', 'example_xcom_args_with_operators' retrieved from /home/airflow/.local/lib/python3.11/site-packages/airflow/example_dags/example_xcomargs.py
[2025-12-24T09:28:15.995+0000] {logging_mixin.py:190} INFO - [2025-12-24T09:28:15.994+0000] {dag.py:3239} INFO - Sync 2 DAGs
[2025-12-24T09:28:16.016+0000] {logging_mixin.py:190} INFO - [2025-12-24T09:28:16.016+0000] {dag.py:4180} INFO - Setting next_dagrun for example_xcom_args to None, run_after=None
[2025-12-24T09:28:16.021+0000] {logging_mixin.py:190} INFO - [2025-12-24T09:28:16.021+0000] {dag.py:4180} INFO - Setting next_dagrun for example_xcom_args_with_operators to None, run_after=None
[2025-12-24T09:28:16.064+0000] {processor.py:208} INFO - Processing /home/airflow/.local/lib/python3.11/site-packages/airflow/example_dags/example_xcomargs.py took 0.140 seconds
[2025-12-24T09:29:13.734+0000] {processor.py:186} INFO - Started process (PID=1155) to work on /home/airflow/.local/lib/python3.11/site-packages/airflow/example_dags/example_xcomargs.py
[2025-12-24T09:29:13.737+0000] {processor.py:914} INFO - Processing file /home/airflow/.local/lib/python3.11/site-packages/airflow/example_dags/example_xcomargs.py for tasks to queue
[2025-12-24T09:29:13.745+0000] {logging_mixin.py:190} INFO - [2025-12-24T09:29:13.744+0000] {dagbag.py:588} INFO - Filling up the DagBag from /home/airflow/.local/lib/python3.11/site-packages/airflow/example_dags/example_xcomargs.py
[2025-12-24T09:29:13.777+0000] {processor.py:925} INFO - DAG(s) 'example_xcom_args_with_operators', 'example_xcom_args' retrieved from /home/airflow/.local/lib/python3.11/site-packages/airflow/example_dags/example_xcomargs.py
[2025-12-24T09:29:13.839+0000] {logging_mixin.py:190} INFO - [2025-12-24T09:29:13.838+0000] {dag.py:3239} INFO - Sync 2 DAGs
[2025-12-24T09:29:13.874+0000] {logging_mixin.py:190} INFO - [2025-12-24T09:29:13.873+0000] {dag.py:4180} INFO - Setting next_dagrun for example_xcom_args to None, run_after=None
[2025-12-24T09:29:13.884+0000] {logging_mixin.py:190} INFO - [2025-12-24T09:29:13.883+0000] {dag.py:4180} INFO - Setting next_dagrun for example_xcom_args_with_operators to None, run_after=None
[2025-12-24T09:29:13.925+0000] {processor.py:208} INFO - Processing /home/airflow/.local/lib/python3.11/site-packages/airflow/example_dags/example_xcomargs.py took 0.225 seconds
