[2025-12-24T09:02:54.874+0000] {processor.py:186} INFO - Started process (PID=90) to work on /home/airflow/.local/lib/python3.11/site-packages/airflow/example_dags/example_external_task_marker_dag.py
[2025-12-24T09:02:54.877+0000] {processor.py:914} INFO - Processing file /home/airflow/.local/lib/python3.11/site-packages/airflow/example_dags/example_external_task_marker_dag.py for tasks to queue
[2025-12-24T09:02:54.883+0000] {logging_mixin.py:190} INFO - [2025-12-24T09:02:54.883+0000] {dagbag.py:588} INFO - Filling up the DagBag from /home/airflow/.local/lib/python3.11/site-packages/airflow/example_dags/example_external_task_marker_dag.py
[2025-12-24T09:02:54.916+0000] {processor.py:925} INFO - DAG(s) 'example_external_task_marker_parent', 'example_external_task_marker_child' retrieved from /home/airflow/.local/lib/python3.11/site-packages/airflow/example_dags/example_external_task_marker_dag.py
[2025-12-24T09:02:55.129+0000] {logging_mixin.py:190} INFO - [2025-12-24T09:02:55.128+0000] {override.py:1911} INFO - Created Permission View: can edit on DAG:example_external_task_marker_parent
[2025-12-24T09:02:55.149+0000] {logging_mixin.py:190} INFO - [2025-12-24T09:02:55.149+0000] {override.py:1911} INFO - Created Permission View: can read on DAG:example_external_task_marker_parent
[2025-12-24T09:02:55.164+0000] {logging_mixin.py:190} INFO - [2025-12-24T09:02:55.164+0000] {override.py:1911} INFO - Created Permission View: can delete on DAG:example_external_task_marker_parent
[2025-12-24T09:02:55.183+0000] {logging_mixin.py:190} INFO - [2025-12-24T09:02:55.182+0000] {override.py:1911} INFO - Created Permission View: can read on DAG Run:example_external_task_marker_parent
[2025-12-24T09:02:55.196+0000] {logging_mixin.py:190} INFO - [2025-12-24T09:02:55.195+0000] {override.py:1911} INFO - Created Permission View: can create on DAG Run:example_external_task_marker_parent
[2025-12-24T09:02:55.209+0000] {logging_mixin.py:190} INFO - [2025-12-24T09:02:55.208+0000] {override.py:1911} INFO - Created Permission View: can delete on DAG Run:example_external_task_marker_parent
[2025-12-24T09:02:55.225+0000] {logging_mixin.py:190} INFO - [2025-12-24T09:02:55.224+0000] {override.py:1911} INFO - Created Permission View: menu access on DAG Run:example_external_task_marker_parent
[2025-12-24T09:02:55.261+0000] {logging_mixin.py:190} INFO - [2025-12-24T09:02:55.260+0000] {override.py:1911} INFO - Created Permission View: can edit on DAG:example_external_task_marker_child
[2025-12-24T09:02:55.299+0000] {logging_mixin.py:190} INFO - [2025-12-24T09:02:55.299+0000] {override.py:1911} INFO - Created Permission View: can read on DAG:example_external_task_marker_child
[2025-12-24T09:02:55.314+0000] {logging_mixin.py:190} INFO - [2025-12-24T09:02:55.314+0000] {override.py:1911} INFO - Created Permission View: can delete on DAG:example_external_task_marker_child
[2025-12-24T09:02:55.338+0000] {logging_mixin.py:190} INFO - [2025-12-24T09:02:55.338+0000] {override.py:1911} INFO - Created Permission View: can read on DAG Run:example_external_task_marker_child
[2025-12-24T09:02:55.356+0000] {logging_mixin.py:190} INFO - [2025-12-24T09:02:55.355+0000] {override.py:1911} INFO - Created Permission View: can create on DAG Run:example_external_task_marker_child
[2025-12-24T09:02:55.373+0000] {logging_mixin.py:190} INFO - [2025-12-24T09:02:55.372+0000] {override.py:1911} INFO - Created Permission View: can delete on DAG Run:example_external_task_marker_child
[2025-12-24T09:02:55.388+0000] {logging_mixin.py:190} INFO - [2025-12-24T09:02:55.387+0000] {override.py:1911} INFO - Created Permission View: menu access on DAG Run:example_external_task_marker_child
[2025-12-24T09:02:55.390+0000] {logging_mixin.py:190} INFO - [2025-12-24T09:02:55.389+0000] {dag.py:3239} INFO - Sync 2 DAGs
[2025-12-24T09:02:55.409+0000] {logging_mixin.py:190} INFO - [2025-12-24T09:02:55.409+0000] {dag.py:3262} INFO - Creating ORM DAG for example_external_task_marker_child
[2025-12-24T09:02:55.411+0000] {logging_mixin.py:190} INFO - [2025-12-24T09:02:55.410+0000] {dag.py:3262} INFO - Creating ORM DAG for example_external_task_marker_parent
[2025-12-24T09:02:55.411+0000] {logging_mixin.py:190} INFO - [2025-12-24T09:02:55.411+0000] {dag.py:4180} INFO - Setting next_dagrun for example_external_task_marker_child to None, run_after=None
[2025-12-24T09:02:55.412+0000] {logging_mixin.py:190} INFO - [2025-12-24T09:02:55.412+0000] {dag.py:4180} INFO - Setting next_dagrun for example_external_task_marker_parent to None, run_after=None
[2025-12-24T09:02:55.440+0000] {processor.py:208} INFO - Processing /home/airflow/.local/lib/python3.11/site-packages/airflow/example_dags/example_external_task_marker_dag.py took 0.579 seconds
[2025-12-24T09:03:12.559+0000] {processor.py:186} INFO - Started process (PID=150) to work on /home/airflow/.local/lib/python3.11/site-packages/airflow/example_dags/example_external_task_marker_dag.py
[2025-12-24T09:03:12.561+0000] {processor.py:914} INFO - Processing file /home/airflow/.local/lib/python3.11/site-packages/airflow/example_dags/example_external_task_marker_dag.py for tasks to queue
[2025-12-24T09:03:12.566+0000] {logging_mixin.py:190} INFO - [2025-12-24T09:03:12.565+0000] {dagbag.py:588} INFO - Filling up the DagBag from /home/airflow/.local/lib/python3.11/site-packages/airflow/example_dags/example_external_task_marker_dag.py
[2025-12-24T09:03:12.581+0000] {processor.py:925} INFO - DAG(s) 'example_external_task_marker_parent', 'example_external_task_marker_child' retrieved from /home/airflow/.local/lib/python3.11/site-packages/airflow/example_dags/example_external_task_marker_dag.py
[2025-12-24T09:03:12.615+0000] {logging_mixin.py:190} INFO - [2025-12-24T09:03:12.614+0000] {dag.py:3239} INFO - Sync 2 DAGs
[2025-12-24T09:03:12.635+0000] {logging_mixin.py:190} INFO - [2025-12-24T09:03:12.634+0000] {dag.py:4180} INFO - Setting next_dagrun for example_external_task_marker_child to None, run_after=None
[2025-12-24T09:03:12.641+0000] {logging_mixin.py:190} INFO - [2025-12-24T09:03:12.641+0000] {dag.py:4180} INFO - Setting next_dagrun for example_external_task_marker_parent to None, run_after=None
[2025-12-24T09:03:12.667+0000] {processor.py:208} INFO - Processing /home/airflow/.local/lib/python3.11/site-packages/airflow/example_dags/example_external_task_marker_dag.py took 0.120 seconds
[2025-12-24T09:04:15.230+0000] {processor.py:186} INFO - Started process (PID=213) to work on /home/airflow/.local/lib/python3.11/site-packages/airflow/example_dags/example_external_task_marker_dag.py
[2025-12-24T09:04:15.236+0000] {processor.py:914} INFO - Processing file /home/airflow/.local/lib/python3.11/site-packages/airflow/example_dags/example_external_task_marker_dag.py for tasks to queue
[2025-12-24T09:04:15.241+0000] {logging_mixin.py:190} INFO - [2025-12-24T09:04:15.241+0000] {dagbag.py:588} INFO - Filling up the DagBag from /home/airflow/.local/lib/python3.11/site-packages/airflow/example_dags/example_external_task_marker_dag.py
[2025-12-24T09:04:15.256+0000] {processor.py:925} INFO - DAG(s) 'example_external_task_marker_child', 'example_external_task_marker_parent' retrieved from /home/airflow/.local/lib/python3.11/site-packages/airflow/example_dags/example_external_task_marker_dag.py
[2025-12-24T09:04:15.297+0000] {logging_mixin.py:190} INFO - [2025-12-24T09:04:15.297+0000] {dag.py:3239} INFO - Sync 2 DAGs
[2025-12-24T09:04:15.320+0000] {logging_mixin.py:190} INFO - [2025-12-24T09:04:15.319+0000] {dag.py:4180} INFO - Setting next_dagrun for example_external_task_marker_child to None, run_after=None
[2025-12-24T09:04:15.325+0000] {logging_mixin.py:190} INFO - [2025-12-24T09:04:15.325+0000] {dag.py:4180} INFO - Setting next_dagrun for example_external_task_marker_parent to None, run_after=None
[2025-12-24T09:04:15.351+0000] {processor.py:208} INFO - Processing /home/airflow/.local/lib/python3.11/site-packages/airflow/example_dags/example_external_task_marker_dag.py took 0.132 seconds
[2025-12-24T09:04:12.677+0000] {processor.py:186} INFO - Started process (PID=279) to work on /home/airflow/.local/lib/python3.11/site-packages/airflow/example_dags/example_external_task_marker_dag.py
[2025-12-24T09:04:12.679+0000] {processor.py:914} INFO - Processing file /home/airflow/.local/lib/python3.11/site-packages/airflow/example_dags/example_external_task_marker_dag.py for tasks to queue
[2025-12-24T09:04:12.683+0000] {logging_mixin.py:190} INFO - [2025-12-24T09:04:12.683+0000] {dagbag.py:588} INFO - Filling up the DagBag from /home/airflow/.local/lib/python3.11/site-packages/airflow/example_dags/example_external_task_marker_dag.py
[2025-12-24T09:04:12.698+0000] {processor.py:925} INFO - DAG(s) 'example_external_task_marker_parent', 'example_external_task_marker_child' retrieved from /home/airflow/.local/lib/python3.11/site-packages/airflow/example_dags/example_external_task_marker_dag.py
[2025-12-24T09:04:12.745+0000] {logging_mixin.py:190} INFO - [2025-12-24T09:04:12.744+0000] {dag.py:3239} INFO - Sync 2 DAGs
[2025-12-24T09:04:12.768+0000] {logging_mixin.py:190} INFO - [2025-12-24T09:04:12.768+0000] {dag.py:4180} INFO - Setting next_dagrun for example_external_task_marker_child to None, run_after=None
[2025-12-24T09:04:12.773+0000] {logging_mixin.py:190} INFO - [2025-12-24T09:04:12.773+0000] {dag.py:4180} INFO - Setting next_dagrun for example_external_task_marker_parent to None, run_after=None
[2025-12-24T09:04:12.813+0000] {processor.py:208} INFO - Processing /home/airflow/.local/lib/python3.11/site-packages/airflow/example_dags/example_external_task_marker_dag.py took 0.145 seconds
[2025-12-24T09:04:42.881+0000] {processor.py:186} INFO - Started process (PID=342) to work on /home/airflow/.local/lib/python3.11/site-packages/airflow/example_dags/example_external_task_marker_dag.py
[2025-12-24T09:04:42.883+0000] {processor.py:914} INFO - Processing file /home/airflow/.local/lib/python3.11/site-packages/airflow/example_dags/example_external_task_marker_dag.py for tasks to queue
[2025-12-24T09:04:42.890+0000] {logging_mixin.py:190} INFO - [2025-12-24T09:04:42.890+0000] {dagbag.py:588} INFO - Filling up the DagBag from /home/airflow/.local/lib/python3.11/site-packages/airflow/example_dags/example_external_task_marker_dag.py
[2025-12-24T09:04:42.918+0000] {processor.py:925} INFO - DAG(s) 'example_external_task_marker_child', 'example_external_task_marker_parent' retrieved from /home/airflow/.local/lib/python3.11/site-packages/airflow/example_dags/example_external_task_marker_dag.py
[2025-12-24T09:04:42.993+0000] {logging_mixin.py:190} INFO - [2025-12-24T09:04:42.992+0000] {dag.py:3239} INFO - Sync 2 DAGs
[2025-12-24T09:04:43.050+0000] {logging_mixin.py:190} INFO - [2025-12-24T09:04:43.050+0000] {dag.py:4180} INFO - Setting next_dagrun for example_external_task_marker_child to None, run_after=None
[2025-12-24T09:04:43.059+0000] {logging_mixin.py:190} INFO - [2025-12-24T09:04:43.058+0000] {dag.py:4180} INFO - Setting next_dagrun for example_external_task_marker_parent to None, run_after=None
[2025-12-24T09:04:43.094+0000] {processor.py:208} INFO - Processing /home/airflow/.local/lib/python3.11/site-packages/airflow/example_dags/example_external_task_marker_dag.py took 0.226 seconds
[2025-12-24T09:04:52.387+0000] {processor.py:186} INFO - Started process (PID=407) to work on /home/airflow/.local/lib/python3.11/site-packages/airflow/example_dags/example_external_task_marker_dag.py
[2025-12-24T09:04:52.388+0000] {processor.py:914} INFO - Processing file /home/airflow/.local/lib/python3.11/site-packages/airflow/example_dags/example_external_task_marker_dag.py for tasks to queue
[2025-12-24T09:04:52.392+0000] {logging_mixin.py:190} INFO - [2025-12-24T09:04:52.392+0000] {dagbag.py:588} INFO - Filling up the DagBag from /home/airflow/.local/lib/python3.11/site-packages/airflow/example_dags/example_external_task_marker_dag.py
[2025-12-24T09:04:52.406+0000] {processor.py:925} INFO - DAG(s) 'example_external_task_marker_child', 'example_external_task_marker_parent' retrieved from /home/airflow/.local/lib/python3.11/site-packages/airflow/example_dags/example_external_task_marker_dag.py
[2025-12-24T09:04:52.444+0000] {logging_mixin.py:190} INFO - [2025-12-24T09:04:52.444+0000] {dag.py:3239} INFO - Sync 2 DAGs
[2025-12-24T09:04:52.468+0000] {logging_mixin.py:190} INFO - [2025-12-24T09:04:52.468+0000] {dag.py:4180} INFO - Setting next_dagrun for example_external_task_marker_child to None, run_after=None
[2025-12-24T09:04:52.473+0000] {logging_mixin.py:190} INFO - [2025-12-24T09:04:52.473+0000] {dag.py:4180} INFO - Setting next_dagrun for example_external_task_marker_parent to None, run_after=None
[2025-12-24T09:04:52.500+0000] {processor.py:208} INFO - Processing /home/airflow/.local/lib/python3.11/site-packages/airflow/example_dags/example_external_task_marker_dag.py took 0.123 seconds
[2025-12-24T09:05:22.991+0000] {processor.py:186} INFO - Started process (PID=472) to work on /home/airflow/.local/lib/python3.11/site-packages/airflow/example_dags/example_external_task_marker_dag.py
[2025-12-24T09:05:22.993+0000] {processor.py:914} INFO - Processing file /home/airflow/.local/lib/python3.11/site-packages/airflow/example_dags/example_external_task_marker_dag.py for tasks to queue
[2025-12-24T09:05:22.996+0000] {logging_mixin.py:190} INFO - [2025-12-24T09:05:22.996+0000] {dagbag.py:588} INFO - Filling up the DagBag from /home/airflow/.local/lib/python3.11/site-packages/airflow/example_dags/example_external_task_marker_dag.py
[2025-12-24T09:05:23.008+0000] {processor.py:925} INFO - DAG(s) 'example_external_task_marker_parent', 'example_external_task_marker_child' retrieved from /home/airflow/.local/lib/python3.11/site-packages/airflow/example_dags/example_external_task_marker_dag.py
[2025-12-24T09:05:23.040+0000] {logging_mixin.py:190} INFO - [2025-12-24T09:05:23.040+0000] {dag.py:3239} INFO - Sync 2 DAGs
[2025-12-24T09:05:23.068+0000] {logging_mixin.py:190} INFO - [2025-12-24T09:05:23.068+0000] {dag.py:4180} INFO - Setting next_dagrun for example_external_task_marker_child to None, run_after=None
[2025-12-24T09:05:23.072+0000] {logging_mixin.py:190} INFO - [2025-12-24T09:05:23.072+0000] {dag.py:4180} INFO - Setting next_dagrun for example_external_task_marker_parent to None, run_after=None
[2025-12-24T09:05:23.099+0000] {processor.py:208} INFO - Processing /home/airflow/.local/lib/python3.11/site-packages/airflow/example_dags/example_external_task_marker_dag.py took 0.117 seconds
[2025-12-24T09:05:27.055+0000] {processor.py:186} INFO - Started process (PID=508) to work on /home/airflow/.local/lib/python3.11/site-packages/airflow/example_dags/example_external_task_marker_dag.py
[2025-12-24T09:05:27.057+0000] {processor.py:914} INFO - Processing file /home/airflow/.local/lib/python3.11/site-packages/airflow/example_dags/example_external_task_marker_dag.py for tasks to queue
[2025-12-24T09:05:27.061+0000] {logging_mixin.py:190} INFO - [2025-12-24T09:05:27.060+0000] {dagbag.py:588} INFO - Filling up the DagBag from /home/airflow/.local/lib/python3.11/site-packages/airflow/example_dags/example_external_task_marker_dag.py
[2025-12-24T09:05:27.072+0000] {processor.py:925} INFO - DAG(s) 'example_external_task_marker_parent', 'example_external_task_marker_child' retrieved from /home/airflow/.local/lib/python3.11/site-packages/airflow/example_dags/example_external_task_marker_dag.py
[2025-12-24T09:05:27.115+0000] {logging_mixin.py:190} INFO - [2025-12-24T09:05:27.115+0000] {dag.py:3239} INFO - Sync 2 DAGs
[2025-12-24T09:05:27.133+0000] {logging_mixin.py:190} INFO - [2025-12-24T09:05:27.132+0000] {dag.py:4180} INFO - Setting next_dagrun for example_external_task_marker_child to None, run_after=None
[2025-12-24T09:05:27.136+0000] {logging_mixin.py:190} INFO - [2025-12-24T09:05:27.136+0000] {dag.py:4180} INFO - Setting next_dagrun for example_external_task_marker_parent to None, run_after=None
[2025-12-24T09:05:27.157+0000] {processor.py:208} INFO - Processing /home/airflow/.local/lib/python3.11/site-packages/airflow/example_dags/example_external_task_marker_dag.py took 0.115 seconds
[2025-12-24T09:05:38.014+0000] {processor.py:186} INFO - Started process (PID=563) to work on /home/airflow/.local/lib/python3.11/site-packages/airflow/example_dags/example_external_task_marker_dag.py
[2025-12-24T09:05:38.016+0000] {processor.py:914} INFO - Processing file /home/airflow/.local/lib/python3.11/site-packages/airflow/example_dags/example_external_task_marker_dag.py for tasks to queue
[2025-12-24T09:05:38.020+0000] {logging_mixin.py:190} INFO - [2025-12-24T09:05:38.020+0000] {dagbag.py:588} INFO - Filling up the DagBag from /home/airflow/.local/lib/python3.11/site-packages/airflow/example_dags/example_external_task_marker_dag.py
[2025-12-24T09:05:38.036+0000] {processor.py:925} INFO - DAG(s) 'example_external_task_marker_parent', 'example_external_task_marker_child' retrieved from /home/airflow/.local/lib/python3.11/site-packages/airflow/example_dags/example_external_task_marker_dag.py
[2025-12-24T09:05:38.080+0000] {logging_mixin.py:190} INFO - [2025-12-24T09:05:38.079+0000] {dag.py:3239} INFO - Sync 2 DAGs
[2025-12-24T09:05:38.106+0000] {logging_mixin.py:190} INFO - [2025-12-24T09:05:38.106+0000] {dag.py:4180} INFO - Setting next_dagrun for example_external_task_marker_child to None, run_after=None
[2025-12-24T09:05:38.111+0000] {logging_mixin.py:190} INFO - [2025-12-24T09:05:38.111+0000] {dag.py:4180} INFO - Setting next_dagrun for example_external_task_marker_parent to None, run_after=None
[2025-12-24T09:05:38.195+0000] {processor.py:208} INFO - Processing /home/airflow/.local/lib/python3.11/site-packages/airflow/example_dags/example_external_task_marker_dag.py took 0.192 seconds
[2025-12-24T09:06:40.441+0000] {processor.py:186} INFO - Started process (PID=625) to work on /home/airflow/.local/lib/python3.11/site-packages/airflow/example_dags/example_external_task_marker_dag.py
[2025-12-24T09:06:40.443+0000] {processor.py:914} INFO - Processing file /home/airflow/.local/lib/python3.11/site-packages/airflow/example_dags/example_external_task_marker_dag.py for tasks to queue
[2025-12-24T09:06:40.448+0000] {logging_mixin.py:190} INFO - [2025-12-24T09:06:40.447+0000] {dagbag.py:588} INFO - Filling up the DagBag from /home/airflow/.local/lib/python3.11/site-packages/airflow/example_dags/example_external_task_marker_dag.py
[2025-12-24T09:06:40.461+0000] {processor.py:925} INFO - DAG(s) 'example_external_task_marker_parent', 'example_external_task_marker_child' retrieved from /home/airflow/.local/lib/python3.11/site-packages/airflow/example_dags/example_external_task_marker_dag.py
[2025-12-24T09:06:40.508+0000] {logging_mixin.py:190} INFO - [2025-12-24T09:06:40.508+0000] {dag.py:3239} INFO - Sync 2 DAGs
[2025-12-24T09:06:40.529+0000] {logging_mixin.py:190} INFO - [2025-12-24T09:06:40.528+0000] {dag.py:4180} INFO - Setting next_dagrun for example_external_task_marker_child to None, run_after=None
[2025-12-24T09:06:40.534+0000] {logging_mixin.py:190} INFO - [2025-12-24T09:06:40.534+0000] {dag.py:4180} INFO - Setting next_dagrun for example_external_task_marker_parent to None, run_after=None
[2025-12-24T09:06:40.556+0000] {processor.py:208} INFO - Processing /home/airflow/.local/lib/python3.11/site-packages/airflow/example_dags/example_external_task_marker_dag.py took 0.126 seconds
[2025-12-24T09:06:43.233+0000] {processor.py:186} INFO - Started process (PID=691) to work on /home/airflow/.local/lib/python3.11/site-packages/airflow/example_dags/example_external_task_marker_dag.py
[2025-12-24T09:06:43.258+0000] {processor.py:914} INFO - Processing file /home/airflow/.local/lib/python3.11/site-packages/airflow/example_dags/example_external_task_marker_dag.py for tasks to queue
[2025-12-24T09:06:43.269+0000] {logging_mixin.py:190} INFO - [2025-12-24T09:06:43.269+0000] {dagbag.py:588} INFO - Filling up the DagBag from /home/airflow/.local/lib/python3.11/site-packages/airflow/example_dags/example_external_task_marker_dag.py
[2025-12-24T09:06:43.288+0000] {processor.py:925} INFO - DAG(s) 'example_external_task_marker_child', 'example_external_task_marker_parent' retrieved from /home/airflow/.local/lib/python3.11/site-packages/airflow/example_dags/example_external_task_marker_dag.py
[2025-12-24T09:06:43.334+0000] {logging_mixin.py:190} INFO - [2025-12-24T09:06:43.334+0000] {dag.py:3239} INFO - Sync 2 DAGs
[2025-12-24T09:06:43.364+0000] {logging_mixin.py:190} INFO - [2025-12-24T09:06:43.364+0000] {dag.py:4180} INFO - Setting next_dagrun for example_external_task_marker_child to None, run_after=None
[2025-12-24T09:06:43.371+0000] {logging_mixin.py:190} INFO - [2025-12-24T09:06:43.370+0000] {dag.py:4180} INFO - Setting next_dagrun for example_external_task_marker_parent to None, run_after=None
[2025-12-24T09:06:43.403+0000] {processor.py:208} INFO - Processing /home/airflow/.local/lib/python3.11/site-packages/airflow/example_dags/example_external_task_marker_dag.py took 0.186 seconds
[2025-12-24T09:07:12.770+0000] {processor.py:186} INFO - Started process (PID=757) to work on /home/airflow/.local/lib/python3.11/site-packages/airflow/example_dags/example_external_task_marker_dag.py
[2025-12-24T09:07:12.771+0000] {processor.py:914} INFO - Processing file /home/airflow/.local/lib/python3.11/site-packages/airflow/example_dags/example_external_task_marker_dag.py for tasks to queue
[2025-12-24T09:07:12.776+0000] {logging_mixin.py:190} INFO - [2025-12-24T09:07:12.775+0000] {dagbag.py:588} INFO - Filling up the DagBag from /home/airflow/.local/lib/python3.11/site-packages/airflow/example_dags/example_external_task_marker_dag.py
[2025-12-24T09:07:12.793+0000] {processor.py:925} INFO - DAG(s) 'example_external_task_marker_child', 'example_external_task_marker_parent' retrieved from /home/airflow/.local/lib/python3.11/site-packages/airflow/example_dags/example_external_task_marker_dag.py
[2025-12-24T09:07:12.836+0000] {logging_mixin.py:190} INFO - [2025-12-24T09:07:12.835+0000] {dag.py:3239} INFO - Sync 2 DAGs
[2025-12-24T09:07:12.858+0000] {logging_mixin.py:190} INFO - [2025-12-24T09:07:12.858+0000] {dag.py:4180} INFO - Setting next_dagrun for example_external_task_marker_child to None, run_after=None
[2025-12-24T09:07:12.864+0000] {logging_mixin.py:190} INFO - [2025-12-24T09:07:12.863+0000] {dag.py:4180} INFO - Setting next_dagrun for example_external_task_marker_parent to None, run_after=None
[2025-12-24T09:07:12.893+0000] {processor.py:208} INFO - Processing /home/airflow/.local/lib/python3.11/site-packages/airflow/example_dags/example_external_task_marker_dag.py took 0.135 seconds
[2025-12-24T09:07:22.517+0000] {processor.py:186} INFO - Started process (PID=819) to work on /home/airflow/.local/lib/python3.11/site-packages/airflow/example_dags/example_external_task_marker_dag.py
[2025-12-24T09:07:22.519+0000] {processor.py:914} INFO - Processing file /home/airflow/.local/lib/python3.11/site-packages/airflow/example_dags/example_external_task_marker_dag.py for tasks to queue
[2025-12-24T09:07:22.524+0000] {logging_mixin.py:190} INFO - [2025-12-24T09:07:22.523+0000] {dagbag.py:588} INFO - Filling up the DagBag from /home/airflow/.local/lib/python3.11/site-packages/airflow/example_dags/example_external_task_marker_dag.py
[2025-12-24T09:07:22.537+0000] {processor.py:925} INFO - DAG(s) 'example_external_task_marker_child', 'example_external_task_marker_parent' retrieved from /home/airflow/.local/lib/python3.11/site-packages/airflow/example_dags/example_external_task_marker_dag.py
[2025-12-24T09:07:22.574+0000] {logging_mixin.py:190} INFO - [2025-12-24T09:07:22.573+0000] {dag.py:3239} INFO - Sync 2 DAGs
[2025-12-24T09:07:22.594+0000] {logging_mixin.py:190} INFO - [2025-12-24T09:07:22.593+0000] {dag.py:4180} INFO - Setting next_dagrun for example_external_task_marker_child to None, run_after=None
[2025-12-24T09:07:22.598+0000] {logging_mixin.py:190} INFO - [2025-12-24T09:07:22.598+0000] {dag.py:4180} INFO - Setting next_dagrun for example_external_task_marker_parent to None, run_after=None
[2025-12-24T09:07:22.726+0000] {processor.py:208} INFO - Processing /home/airflow/.local/lib/python3.11/site-packages/airflow/example_dags/example_external_task_marker_dag.py took 0.219 seconds
[2025-12-24T09:07:32.599+0000] {processor.py:186} INFO - Started process (PID=876) to work on /home/airflow/.local/lib/python3.11/site-packages/airflow/example_dags/example_external_task_marker_dag.py
[2025-12-24T09:07:32.601+0000] {processor.py:914} INFO - Processing file /home/airflow/.local/lib/python3.11/site-packages/airflow/example_dags/example_external_task_marker_dag.py for tasks to queue
[2025-12-24T09:07:32.606+0000] {logging_mixin.py:190} INFO - [2025-12-24T09:07:32.605+0000] {dagbag.py:588} INFO - Filling up the DagBag from /home/airflow/.local/lib/python3.11/site-packages/airflow/example_dags/example_external_task_marker_dag.py
[2025-12-24T09:07:32.618+0000] {processor.py:925} INFO - DAG(s) 'example_external_task_marker_parent', 'example_external_task_marker_child' retrieved from /home/airflow/.local/lib/python3.11/site-packages/airflow/example_dags/example_external_task_marker_dag.py
[2025-12-24T09:07:32.656+0000] {logging_mixin.py:190} INFO - [2025-12-24T09:07:32.655+0000] {dag.py:3239} INFO - Sync 2 DAGs
[2025-12-24T09:07:32.676+0000] {logging_mixin.py:190} INFO - [2025-12-24T09:07:32.676+0000] {dag.py:4180} INFO - Setting next_dagrun for example_external_task_marker_child to None, run_after=None
[2025-12-24T09:07:32.681+0000] {logging_mixin.py:190} INFO - [2025-12-24T09:07:32.680+0000] {dag.py:4180} INFO - Setting next_dagrun for example_external_task_marker_parent to None, run_after=None
[2025-12-24T09:07:32.706+0000] {processor.py:208} INFO - Processing /home/airflow/.local/lib/python3.11/site-packages/airflow/example_dags/example_external_task_marker_dag.py took 0.118 seconds
[2025-12-24T09:07:42.411+0000] {processor.py:186} INFO - Started process (PID=932) to work on /home/airflow/.local/lib/python3.11/site-packages/airflow/example_dags/example_external_task_marker_dag.py
[2025-12-24T09:07:42.412+0000] {processor.py:914} INFO - Processing file /home/airflow/.local/lib/python3.11/site-packages/airflow/example_dags/example_external_task_marker_dag.py for tasks to queue
[2025-12-24T09:07:42.416+0000] {logging_mixin.py:190} INFO - [2025-12-24T09:07:42.416+0000] {dagbag.py:588} INFO - Filling up the DagBag from /home/airflow/.local/lib/python3.11/site-packages/airflow/example_dags/example_external_task_marker_dag.py
[2025-12-24T09:07:42.430+0000] {processor.py:925} INFO - DAG(s) 'example_external_task_marker_child', 'example_external_task_marker_parent' retrieved from /home/airflow/.local/lib/python3.11/site-packages/airflow/example_dags/example_external_task_marker_dag.py
[2025-12-24T09:07:42.474+0000] {logging_mixin.py:190} INFO - [2025-12-24T09:07:42.473+0000] {dag.py:3239} INFO - Sync 2 DAGs
[2025-12-24T09:07:42.493+0000] {logging_mixin.py:190} INFO - [2025-12-24T09:07:42.493+0000] {dag.py:4180} INFO - Setting next_dagrun for example_external_task_marker_child to None, run_after=None
[2025-12-24T09:07:42.498+0000] {logging_mixin.py:190} INFO - [2025-12-24T09:07:42.497+0000] {dag.py:4180} INFO - Setting next_dagrun for example_external_task_marker_parent to None, run_after=None
[2025-12-24T09:07:42.528+0000] {processor.py:208} INFO - Processing /home/airflow/.local/lib/python3.11/site-packages/airflow/example_dags/example_external_task_marker_dag.py took 0.127 seconds
[2025-12-24T09:08:39.998+0000] {processor.py:186} INFO - Started process (PID=993) to work on /home/airflow/.local/lib/python3.11/site-packages/airflow/example_dags/example_external_task_marker_dag.py
[2025-12-24T09:08:40.001+0000] {processor.py:914} INFO - Processing file /home/airflow/.local/lib/python3.11/site-packages/airflow/example_dags/example_external_task_marker_dag.py for tasks to queue
[2025-12-24T09:08:40.006+0000] {logging_mixin.py:190} INFO - [2025-12-24T09:08:40.005+0000] {dagbag.py:588} INFO - Filling up the DagBag from /home/airflow/.local/lib/python3.11/site-packages/airflow/example_dags/example_external_task_marker_dag.py
[2025-12-24T09:08:40.024+0000] {processor.py:925} INFO - DAG(s) 'example_external_task_marker_child', 'example_external_task_marker_parent' retrieved from /home/airflow/.local/lib/python3.11/site-packages/airflow/example_dags/example_external_task_marker_dag.py
[2025-12-24T09:08:40.069+0000] {logging_mixin.py:190} INFO - [2025-12-24T09:08:40.068+0000] {dag.py:3239} INFO - Sync 2 DAGs
[2025-12-24T09:08:40.096+0000] {logging_mixin.py:190} INFO - [2025-12-24T09:08:40.095+0000] {dag.py:4180} INFO - Setting next_dagrun for example_external_task_marker_child to None, run_after=None
[2025-12-24T09:08:40.102+0000] {logging_mixin.py:190} INFO - [2025-12-24T09:08:40.102+0000] {dag.py:4180} INFO - Setting next_dagrun for example_external_task_marker_parent to None, run_after=None
[2025-12-24T09:08:40.132+0000] {processor.py:208} INFO - Processing /home/airflow/.local/lib/python3.11/site-packages/airflow/example_dags/example_external_task_marker_dag.py took 0.162 seconds
[2025-12-24T09:09:19.779+0000] {processor.py:186} INFO - Started process (PID=1060) to work on /home/airflow/.local/lib/python3.11/site-packages/airflow/example_dags/example_external_task_marker_dag.py
[2025-12-24T09:09:19.780+0000] {processor.py:914} INFO - Processing file /home/airflow/.local/lib/python3.11/site-packages/airflow/example_dags/example_external_task_marker_dag.py for tasks to queue
[2025-12-24T09:09:19.784+0000] {logging_mixin.py:190} INFO - [2025-12-24T09:09:19.783+0000] {dagbag.py:588} INFO - Filling up the DagBag from /home/airflow/.local/lib/python3.11/site-packages/airflow/example_dags/example_external_task_marker_dag.py
[2025-12-24T09:09:19.811+0000] {processor.py:925} INFO - DAG(s) 'example_external_task_marker_child', 'example_external_task_marker_parent' retrieved from /home/airflow/.local/lib/python3.11/site-packages/airflow/example_dags/example_external_task_marker_dag.py
[2025-12-24T09:09:19.855+0000] {logging_mixin.py:190} INFO - [2025-12-24T09:09:19.854+0000] {dag.py:3239} INFO - Sync 2 DAGs
[2025-12-24T09:09:19.880+0000] {logging_mixin.py:190} INFO - [2025-12-24T09:09:19.880+0000] {dag.py:4180} INFO - Setting next_dagrun for example_external_task_marker_child to None, run_after=None
[2025-12-24T09:09:19.887+0000] {logging_mixin.py:190} INFO - [2025-12-24T09:09:19.886+0000] {dag.py:4180} INFO - Setting next_dagrun for example_external_task_marker_parent to None, run_after=None
[2025-12-24T09:09:19.918+0000] {processor.py:208} INFO - Processing /home/airflow/.local/lib/python3.11/site-packages/airflow/example_dags/example_external_task_marker_dag.py took 0.148 seconds
[2025-12-24T09:09:17.783+0000] {processor.py:186} INFO - Started process (PID=1140) to work on /home/airflow/.local/lib/python3.11/site-packages/airflow/example_dags/example_external_task_marker_dag.py
[2025-12-24T09:09:17.785+0000] {processor.py:914} INFO - Processing file /home/airflow/.local/lib/python3.11/site-packages/airflow/example_dags/example_external_task_marker_dag.py for tasks to queue
[2025-12-24T09:09:17.791+0000] {logging_mixin.py:190} INFO - [2025-12-24T09:09:17.790+0000] {dagbag.py:588} INFO - Filling up the DagBag from /home/airflow/.local/lib/python3.11/site-packages/airflow/example_dags/example_external_task_marker_dag.py
[2025-12-24T09:09:17.813+0000] {processor.py:925} INFO - DAG(s) 'example_external_task_marker_child', 'example_external_task_marker_parent' retrieved from /home/airflow/.local/lib/python3.11/site-packages/airflow/example_dags/example_external_task_marker_dag.py
[2025-12-24T09:09:17.855+0000] {logging_mixin.py:190} INFO - [2025-12-24T09:09:17.854+0000] {dag.py:3239} INFO - Sync 2 DAGs
[2025-12-24T09:09:17.878+0000] {logging_mixin.py:190} INFO - [2025-12-24T09:09:17.878+0000] {dag.py:4180} INFO - Setting next_dagrun for example_external_task_marker_child to None, run_after=None
[2025-12-24T09:09:17.887+0000] {logging_mixin.py:190} INFO - [2025-12-24T09:09:17.886+0000] {dag.py:4180} INFO - Setting next_dagrun for example_external_task_marker_parent to None, run_after=None
[2025-12-24T09:09:17.915+0000] {processor.py:208} INFO - Processing /home/airflow/.local/lib/python3.11/site-packages/airflow/example_dags/example_external_task_marker_dag.py took 0.143 seconds
[2025-12-24T09:10:25.052+0000] {processor.py:186} INFO - Started process (PID=1200) to work on /home/airflow/.local/lib/python3.11/site-packages/airflow/example_dags/example_external_task_marker_dag.py
[2025-12-24T09:10:25.054+0000] {processor.py:914} INFO - Processing file /home/airflow/.local/lib/python3.11/site-packages/airflow/example_dags/example_external_task_marker_dag.py for tasks to queue
[2025-12-24T09:10:25.057+0000] {logging_mixin.py:190} INFO - [2025-12-24T09:10:25.057+0000] {dagbag.py:588} INFO - Filling up the DagBag from /home/airflow/.local/lib/python3.11/site-packages/airflow/example_dags/example_external_task_marker_dag.py
[2025-12-24T09:10:25.070+0000] {processor.py:925} INFO - DAG(s) 'example_external_task_marker_parent', 'example_external_task_marker_child' retrieved from /home/airflow/.local/lib/python3.11/site-packages/airflow/example_dags/example_external_task_marker_dag.py
[2025-12-24T09:10:25.101+0000] {logging_mixin.py:190} INFO - [2025-12-24T09:10:25.101+0000] {dag.py:3239} INFO - Sync 2 DAGs
[2025-12-24T09:10:25.121+0000] {logging_mixin.py:190} INFO - [2025-12-24T09:10:25.121+0000] {dag.py:4180} INFO - Setting next_dagrun for example_external_task_marker_child to None, run_after=None
[2025-12-24T09:10:25.127+0000] {logging_mixin.py:190} INFO - [2025-12-24T09:10:25.127+0000] {dag.py:4180} INFO - Setting next_dagrun for example_external_task_marker_parent to None, run_after=None
[2025-12-24T09:10:25.159+0000] {processor.py:208} INFO - Processing /home/airflow/.local/lib/python3.11/site-packages/airflow/example_dags/example_external_task_marker_dag.py took 0.117 seconds
[2025-12-24T09:10:17.952+0000] {processor.py:186} INFO - Started process (PID=1272) to work on /home/airflow/.local/lib/python3.11/site-packages/airflow/example_dags/example_external_task_marker_dag.py
[2025-12-24T09:10:17.954+0000] {processor.py:914} INFO - Processing file /home/airflow/.local/lib/python3.11/site-packages/airflow/example_dags/example_external_task_marker_dag.py for tasks to queue
[2025-12-24T09:10:17.958+0000] {logging_mixin.py:190} INFO - [2025-12-24T09:10:17.958+0000] {dagbag.py:588} INFO - Filling up the DagBag from /home/airflow/.local/lib/python3.11/site-packages/airflow/example_dags/example_external_task_marker_dag.py
[2025-12-24T09:10:17.972+0000] {processor.py:925} INFO - DAG(s) 'example_external_task_marker_child', 'example_external_task_marker_parent' retrieved from /home/airflow/.local/lib/python3.11/site-packages/airflow/example_dags/example_external_task_marker_dag.py
[2025-12-24T09:10:18.040+0000] {logging_mixin.py:190} INFO - [2025-12-24T09:10:18.039+0000] {dag.py:3239} INFO - Sync 2 DAGs
[2025-12-24T09:10:18.065+0000] {logging_mixin.py:190} INFO - [2025-12-24T09:10:18.065+0000] {dag.py:4180} INFO - Setting next_dagrun for example_external_task_marker_child to None, run_after=None
[2025-12-24T09:10:18.071+0000] {logging_mixin.py:190} INFO - [2025-12-24T09:10:18.071+0000] {dag.py:4180} INFO - Setting next_dagrun for example_external_task_marker_parent to None, run_after=None
[2025-12-24T09:10:18.100+0000] {processor.py:208} INFO - Processing /home/airflow/.local/lib/python3.11/site-packages/airflow/example_dags/example_external_task_marker_dag.py took 0.167 seconds
[2025-12-24T09:10:47.926+0000] {processor.py:186} INFO - Started process (PID=1321) to work on /home/airflow/.local/lib/python3.11/site-packages/airflow/example_dags/example_external_task_marker_dag.py
[2025-12-24T09:10:47.927+0000] {processor.py:914} INFO - Processing file /home/airflow/.local/lib/python3.11/site-packages/airflow/example_dags/example_external_task_marker_dag.py for tasks to queue
[2025-12-24T09:10:47.931+0000] {logging_mixin.py:190} INFO - [2025-12-24T09:10:47.930+0000] {dagbag.py:588} INFO - Filling up the DagBag from /home/airflow/.local/lib/python3.11/site-packages/airflow/example_dags/example_external_task_marker_dag.py
[2025-12-24T09:10:47.945+0000] {processor.py:925} INFO - DAG(s) 'example_external_task_marker_parent', 'example_external_task_marker_child' retrieved from /home/airflow/.local/lib/python3.11/site-packages/airflow/example_dags/example_external_task_marker_dag.py
[2025-12-24T09:10:47.984+0000] {logging_mixin.py:190} INFO - [2025-12-24T09:10:47.983+0000] {dag.py:3239} INFO - Sync 2 DAGs
[2025-12-24T09:10:48.001+0000] {logging_mixin.py:190} INFO - [2025-12-24T09:10:48.001+0000] {dag.py:4180} INFO - Setting next_dagrun for example_external_task_marker_child to None, run_after=None
[2025-12-24T09:10:48.006+0000] {logging_mixin.py:190} INFO - [2025-12-24T09:10:48.005+0000] {dag.py:4180} INFO - Setting next_dagrun for example_external_task_marker_parent to None, run_after=None
[2025-12-24T09:10:48.125+0000] {processor.py:208} INFO - Processing /home/airflow/.local/lib/python3.11/site-packages/airflow/example_dags/example_external_task_marker_dag.py took 0.207 seconds
[2025-12-24T09:10:57.571+0000] {processor.py:186} INFO - Started process (PID=1378) to work on /home/airflow/.local/lib/python3.11/site-packages/airflow/example_dags/example_external_task_marker_dag.py
[2025-12-24T09:10:57.573+0000] {processor.py:914} INFO - Processing file /home/airflow/.local/lib/python3.11/site-packages/airflow/example_dags/example_external_task_marker_dag.py for tasks to queue
[2025-12-24T09:10:57.578+0000] {logging_mixin.py:190} INFO - [2025-12-24T09:10:57.577+0000] {dagbag.py:588} INFO - Filling up the DagBag from /home/airflow/.local/lib/python3.11/site-packages/airflow/example_dags/example_external_task_marker_dag.py
[2025-12-24T09:10:57.594+0000] {processor.py:925} INFO - DAG(s) 'example_external_task_marker_parent', 'example_external_task_marker_child' retrieved from /home/airflow/.local/lib/python3.11/site-packages/airflow/example_dags/example_external_task_marker_dag.py
[2025-12-24T09:10:57.635+0000] {logging_mixin.py:190} INFO - [2025-12-24T09:10:57.634+0000] {dag.py:3239} INFO - Sync 2 DAGs
[2025-12-24T09:10:57.657+0000] {logging_mixin.py:190} INFO - [2025-12-24T09:10:57.657+0000] {dag.py:4180} INFO - Setting next_dagrun for example_external_task_marker_child to None, run_after=None
[2025-12-24T09:10:57.662+0000] {logging_mixin.py:190} INFO - [2025-12-24T09:10:57.662+0000] {dag.py:4180} INFO - Setting next_dagrun for example_external_task_marker_parent to None, run_after=None
[2025-12-24T09:10:57.686+0000] {processor.py:208} INFO - Processing /home/airflow/.local/lib/python3.11/site-packages/airflow/example_dags/example_external_task_marker_dag.py took 0.127 seconds
[2025-12-24T09:11:28.541+0000] {processor.py:186} INFO - Started process (PID=1441) to work on /home/airflow/.local/lib/python3.11/site-packages/airflow/example_dags/example_external_task_marker_dag.py
[2025-12-24T09:11:28.542+0000] {processor.py:914} INFO - Processing file /home/airflow/.local/lib/python3.11/site-packages/airflow/example_dags/example_external_task_marker_dag.py for tasks to queue
[2025-12-24T09:11:28.546+0000] {logging_mixin.py:190} INFO - [2025-12-24T09:11:28.546+0000] {dagbag.py:588} INFO - Filling up the DagBag from /home/airflow/.local/lib/python3.11/site-packages/airflow/example_dags/example_external_task_marker_dag.py
[2025-12-24T09:11:28.557+0000] {processor.py:925} INFO - DAG(s) 'example_external_task_marker_child', 'example_external_task_marker_parent' retrieved from /home/airflow/.local/lib/python3.11/site-packages/airflow/example_dags/example_external_task_marker_dag.py
[2025-12-24T09:11:28.587+0000] {logging_mixin.py:190} INFO - [2025-12-24T09:11:28.587+0000] {dag.py:3239} INFO - Sync 2 DAGs
[2025-12-24T09:11:28.605+0000] {logging_mixin.py:190} INFO - [2025-12-24T09:11:28.605+0000] {dag.py:4180} INFO - Setting next_dagrun for example_external_task_marker_child to None, run_after=None
[2025-12-24T09:11:28.609+0000] {logging_mixin.py:190} INFO - [2025-12-24T09:11:28.609+0000] {dag.py:4180} INFO - Setting next_dagrun for example_external_task_marker_parent to None, run_after=None
[2025-12-24T09:11:28.636+0000] {processor.py:208} INFO - Processing /home/airflow/.local/lib/python3.11/site-packages/airflow/example_dags/example_external_task_marker_dag.py took 0.103 seconds
[2025-12-24T09:12:30.772+0000] {processor.py:186} INFO - Started process (PID=1504) to work on /home/airflow/.local/lib/python3.11/site-packages/airflow/example_dags/example_external_task_marker_dag.py
[2025-12-24T09:12:30.774+0000] {processor.py:914} INFO - Processing file /home/airflow/.local/lib/python3.11/site-packages/airflow/example_dags/example_external_task_marker_dag.py for tasks to queue
[2025-12-24T09:12:30.779+0000] {logging_mixin.py:190} INFO - [2025-12-24T09:12:30.778+0000] {dagbag.py:588} INFO - Filling up the DagBag from /home/airflow/.local/lib/python3.11/site-packages/airflow/example_dags/example_external_task_marker_dag.py
[2025-12-24T09:12:30.800+0000] {processor.py:925} INFO - DAG(s) 'example_external_task_marker_child', 'example_external_task_marker_parent' retrieved from /home/airflow/.local/lib/python3.11/site-packages/airflow/example_dags/example_external_task_marker_dag.py
[2025-12-24T09:12:30.841+0000] {logging_mixin.py:190} INFO - [2025-12-24T09:12:30.840+0000] {dag.py:3239} INFO - Sync 2 DAGs
[2025-12-24T09:12:30.862+0000] {logging_mixin.py:190} INFO - [2025-12-24T09:12:30.862+0000] {dag.py:4180} INFO - Setting next_dagrun for example_external_task_marker_child to None, run_after=None
[2025-12-24T09:12:30.867+0000] {logging_mixin.py:190} INFO - [2025-12-24T09:12:30.867+0000] {dag.py:4180} INFO - Setting next_dagrun for example_external_task_marker_parent to None, run_after=None
[2025-12-24T09:12:30.894+0000] {processor.py:208} INFO - Processing /home/airflow/.local/lib/python3.11/site-packages/airflow/example_dags/example_external_task_marker_dag.py took 0.134 seconds
[2025-12-24T09:12:42.806+0000] {processor.py:186} INFO - Started process (PID=1568) to work on /home/airflow/.local/lib/python3.11/site-packages/airflow/example_dags/example_external_task_marker_dag.py
[2025-12-24T09:12:42.808+0000] {processor.py:914} INFO - Processing file /home/airflow/.local/lib/python3.11/site-packages/airflow/example_dags/example_external_task_marker_dag.py for tasks to queue
[2025-12-24T09:12:42.812+0000] {logging_mixin.py:190} INFO - [2025-12-24T09:12:42.812+0000] {dagbag.py:588} INFO - Filling up the DagBag from /home/airflow/.local/lib/python3.11/site-packages/airflow/example_dags/example_external_task_marker_dag.py
[2025-12-24T09:12:42.828+0000] {processor.py:925} INFO - DAG(s) 'example_external_task_marker_parent', 'example_external_task_marker_child' retrieved from /home/airflow/.local/lib/python3.11/site-packages/airflow/example_dags/example_external_task_marker_dag.py
[2025-12-24T09:12:42.861+0000] {logging_mixin.py:190} INFO - [2025-12-24T09:12:42.861+0000] {dag.py:3239} INFO - Sync 2 DAGs
[2025-12-24T09:12:42.879+0000] {logging_mixin.py:190} INFO - [2025-12-24T09:12:42.879+0000] {dag.py:4180} INFO - Setting next_dagrun for example_external_task_marker_child to None, run_after=None
[2025-12-24T09:12:42.883+0000] {logging_mixin.py:190} INFO - [2025-12-24T09:12:42.883+0000] {dag.py:4180} INFO - Setting next_dagrun for example_external_task_marker_parent to None, run_after=None
[2025-12-24T09:12:42.909+0000] {processor.py:208} INFO - Processing /home/airflow/.local/lib/python3.11/site-packages/airflow/example_dags/example_external_task_marker_dag.py took 0.111 seconds
[2025-12-24T09:13:31.604+0000] {processor.py:186} INFO - Started process (PID=1635) to work on /home/airflow/.local/lib/python3.11/site-packages/airflow/example_dags/example_external_task_marker_dag.py
[2025-12-24T09:13:31.606+0000] {processor.py:914} INFO - Processing file /home/airflow/.local/lib/python3.11/site-packages/airflow/example_dags/example_external_task_marker_dag.py for tasks to queue
[2025-12-24T09:13:31.611+0000] {logging_mixin.py:190} INFO - [2025-12-24T09:13:31.611+0000] {dagbag.py:588} INFO - Filling up the DagBag from /home/airflow/.local/lib/python3.11/site-packages/airflow/example_dags/example_external_task_marker_dag.py
[2025-12-24T09:13:31.624+0000] {processor.py:925} INFO - DAG(s) 'example_external_task_marker_child', 'example_external_task_marker_parent' retrieved from /home/airflow/.local/lib/python3.11/site-packages/airflow/example_dags/example_external_task_marker_dag.py
[2025-12-24T09:13:31.659+0000] {logging_mixin.py:190} INFO - [2025-12-24T09:13:31.659+0000] {dag.py:3239} INFO - Sync 2 DAGs
[2025-12-24T09:13:31.681+0000] {logging_mixin.py:190} INFO - [2025-12-24T09:13:31.680+0000] {dag.py:4180} INFO - Setting next_dagrun for example_external_task_marker_child to None, run_after=None
[2025-12-24T09:13:31.688+0000] {logging_mixin.py:190} INFO - [2025-12-24T09:13:31.688+0000] {dag.py:4180} INFO - Setting next_dagrun for example_external_task_marker_parent to None, run_after=None
[2025-12-24T09:13:31.711+0000] {processor.py:208} INFO - Processing /home/airflow/.local/lib/python3.11/site-packages/airflow/example_dags/example_external_task_marker_dag.py took 0.117 seconds
[2025-12-24T09:14:25.265+0000] {processor.py:186} INFO - Started process (PID=1685) to work on /home/airflow/.local/lib/python3.11/site-packages/airflow/example_dags/example_external_task_marker_dag.py
[2025-12-24T09:14:25.269+0000] {processor.py:914} INFO - Processing file /home/airflow/.local/lib/python3.11/site-packages/airflow/example_dags/example_external_task_marker_dag.py for tasks to queue
[2025-12-24T09:14:25.276+0000] {logging_mixin.py:190} INFO - [2025-12-24T09:14:25.275+0000] {dagbag.py:588} INFO - Filling up the DagBag from /home/airflow/.local/lib/python3.11/site-packages/airflow/example_dags/example_external_task_marker_dag.py
[2025-12-24T09:14:25.303+0000] {processor.py:925} INFO - DAG(s) 'example_external_task_marker_child', 'example_external_task_marker_parent' retrieved from /home/airflow/.local/lib/python3.11/site-packages/airflow/example_dags/example_external_task_marker_dag.py
[2025-12-24T09:14:25.378+0000] {logging_mixin.py:190} INFO - [2025-12-24T09:14:25.377+0000] {dag.py:3239} INFO - Sync 2 DAGs
[2025-12-24T09:14:25.429+0000] {logging_mixin.py:190} INFO - [2025-12-24T09:14:25.428+0000] {dag.py:4180} INFO - Setting next_dagrun for example_external_task_marker_child to None, run_after=None
[2025-12-24T09:14:25.441+0000] {logging_mixin.py:190} INFO - [2025-12-24T09:14:25.439+0000] {dag.py:4180} INFO - Setting next_dagrun for example_external_task_marker_parent to None, run_after=None
[2025-12-24T09:14:25.480+0000] {processor.py:208} INFO - Processing /home/airflow/.local/lib/python3.11/site-packages/airflow/example_dags/example_external_task_marker_dag.py took 0.236 seconds
[2025-12-24T09:14:37.973+0000] {processor.py:186} INFO - Started process (PID=1757) to work on /home/airflow/.local/lib/python3.11/site-packages/airflow/example_dags/example_external_task_marker_dag.py
[2025-12-24T09:14:37.975+0000] {processor.py:914} INFO - Processing file /home/airflow/.local/lib/python3.11/site-packages/airflow/example_dags/example_external_task_marker_dag.py for tasks to queue
[2025-12-24T09:14:37.980+0000] {logging_mixin.py:190} INFO - [2025-12-24T09:14:37.979+0000] {dagbag.py:588} INFO - Filling up the DagBag from /home/airflow/.local/lib/python3.11/site-packages/airflow/example_dags/example_external_task_marker_dag.py
[2025-12-24T09:14:37.999+0000] {processor.py:925} INFO - DAG(s) 'example_external_task_marker_parent', 'example_external_task_marker_child' retrieved from /home/airflow/.local/lib/python3.11/site-packages/airflow/example_dags/example_external_task_marker_dag.py
[2025-12-24T09:14:38.041+0000] {logging_mixin.py:190} INFO - [2025-12-24T09:14:38.040+0000] {dag.py:3239} INFO - Sync 2 DAGs
[2025-12-24T09:14:38.065+0000] {logging_mixin.py:190} INFO - [2025-12-24T09:14:38.065+0000] {dag.py:4180} INFO - Setting next_dagrun for example_external_task_marker_child to None, run_after=None
[2025-12-24T09:14:38.071+0000] {logging_mixin.py:190} INFO - [2025-12-24T09:14:38.071+0000] {dag.py:4180} INFO - Setting next_dagrun for example_external_task_marker_parent to None, run_after=None
[2025-12-24T09:14:38.099+0000] {processor.py:208} INFO - Processing /home/airflow/.local/lib/python3.11/site-packages/airflow/example_dags/example_external_task_marker_dag.py took 0.141 seconds
[2025-12-24T09:15:08.748+0000] {processor.py:186} INFO - Started process (PID=1821) to work on /home/airflow/.local/lib/python3.11/site-packages/airflow/example_dags/example_external_task_marker_dag.py
[2025-12-24T09:15:08.752+0000] {processor.py:914} INFO - Processing file /home/airflow/.local/lib/python3.11/site-packages/airflow/example_dags/example_external_task_marker_dag.py for tasks to queue
[2025-12-24T09:15:08.757+0000] {logging_mixin.py:190} INFO - [2025-12-24T09:15:08.757+0000] {dagbag.py:588} INFO - Filling up the DagBag from /home/airflow/.local/lib/python3.11/site-packages/airflow/example_dags/example_external_task_marker_dag.py
[2025-12-24T09:15:08.771+0000] {processor.py:925} INFO - DAG(s) 'example_external_task_marker_parent', 'example_external_task_marker_child' retrieved from /home/airflow/.local/lib/python3.11/site-packages/airflow/example_dags/example_external_task_marker_dag.py
[2025-12-24T09:15:08.806+0000] {logging_mixin.py:190} INFO - [2025-12-24T09:15:08.805+0000] {dag.py:3239} INFO - Sync 2 DAGs
[2025-12-24T09:15:08.840+0000] {logging_mixin.py:190} INFO - [2025-12-24T09:15:08.840+0000] {dag.py:4180} INFO - Setting next_dagrun for example_external_task_marker_child to None, run_after=None
[2025-12-24T09:15:08.847+0000] {logging_mixin.py:190} INFO - [2025-12-24T09:15:08.847+0000] {dag.py:4180} INFO - Setting next_dagrun for example_external_task_marker_parent to None, run_after=None
[2025-12-24T09:15:08.888+0000] {processor.py:208} INFO - Processing /home/airflow/.local/lib/python3.11/site-packages/airflow/example_dags/example_external_task_marker_dag.py took 0.152 seconds
[2025-12-24T09:15:39.761+0000] {processor.py:186} INFO - Started process (PID=1884) to work on /home/airflow/.local/lib/python3.11/site-packages/airflow/example_dags/example_external_task_marker_dag.py
[2025-12-24T09:15:39.763+0000] {processor.py:914} INFO - Processing file /home/airflow/.local/lib/python3.11/site-packages/airflow/example_dags/example_external_task_marker_dag.py for tasks to queue
[2025-12-24T09:15:39.769+0000] {logging_mixin.py:190} INFO - [2025-12-24T09:15:39.769+0000] {dagbag.py:588} INFO - Filling up the DagBag from /home/airflow/.local/lib/python3.11/site-packages/airflow/example_dags/example_external_task_marker_dag.py
[2025-12-24T09:15:39.788+0000] {processor.py:925} INFO - DAG(s) 'example_external_task_marker_child', 'example_external_task_marker_parent' retrieved from /home/airflow/.local/lib/python3.11/site-packages/airflow/example_dags/example_external_task_marker_dag.py
[2025-12-24T09:15:39.838+0000] {logging_mixin.py:190} INFO - [2025-12-24T09:15:39.837+0000] {dag.py:3239} INFO - Sync 2 DAGs
[2025-12-24T09:15:39.865+0000] {logging_mixin.py:190} INFO - [2025-12-24T09:15:39.864+0000] {dag.py:4180} INFO - Setting next_dagrun for example_external_task_marker_child to None, run_after=None
[2025-12-24T09:15:39.871+0000] {logging_mixin.py:190} INFO - [2025-12-24T09:15:39.871+0000] {dag.py:4180} INFO - Setting next_dagrun for example_external_task_marker_parent to None, run_after=None
[2025-12-24T09:15:39.906+0000] {processor.py:208} INFO - Processing /home/airflow/.local/lib/python3.11/site-packages/airflow/example_dags/example_external_task_marker_dag.py took 0.160 seconds
[2025-12-24T09:16:40.686+0000] {processor.py:186} INFO - Started process (PID=1950) to work on /home/airflow/.local/lib/python3.11/site-packages/airflow/example_dags/example_external_task_marker_dag.py
[2025-12-24T09:16:40.688+0000] {processor.py:914} INFO - Processing file /home/airflow/.local/lib/python3.11/site-packages/airflow/example_dags/example_external_task_marker_dag.py for tasks to queue
[2025-12-24T09:16:40.692+0000] {logging_mixin.py:190} INFO - [2025-12-24T09:16:40.691+0000] {dagbag.py:588} INFO - Filling up the DagBag from /home/airflow/.local/lib/python3.11/site-packages/airflow/example_dags/example_external_task_marker_dag.py
[2025-12-24T09:16:40.704+0000] {processor.py:925} INFO - DAG(s) 'example_external_task_marker_parent', 'example_external_task_marker_child' retrieved from /home/airflow/.local/lib/python3.11/site-packages/airflow/example_dags/example_external_task_marker_dag.py
[2025-12-24T09:16:40.741+0000] {logging_mixin.py:190} INFO - [2025-12-24T09:16:40.740+0000] {dag.py:3239} INFO - Sync 2 DAGs
[2025-12-24T09:16:40.766+0000] {logging_mixin.py:190} INFO - [2025-12-24T09:16:40.766+0000] {dag.py:4180} INFO - Setting next_dagrun for example_external_task_marker_child to None, run_after=None
[2025-12-24T09:16:40.773+0000] {logging_mixin.py:190} INFO - [2025-12-24T09:16:40.773+0000] {dag.py:4180} INFO - Setting next_dagrun for example_external_task_marker_parent to None, run_after=None
[2025-12-24T09:16:40.801+0000] {processor.py:208} INFO - Processing /home/airflow/.local/lib/python3.11/site-packages/airflow/example_dags/example_external_task_marker_dag.py took 0.127 seconds
[2025-12-24T09:24:13.864+0000] {processor.py:186} INFO - Started process (PID=96) to work on /home/airflow/.local/lib/python3.11/site-packages/airflow/example_dags/example_external_task_marker_dag.py
[2025-12-24T09:24:13.870+0000] {processor.py:914} INFO - Processing file /home/airflow/.local/lib/python3.11/site-packages/airflow/example_dags/example_external_task_marker_dag.py for tasks to queue
[2025-12-24T09:24:13.888+0000] {logging_mixin.py:190} INFO - [2025-12-24T09:24:13.888+0000] {dagbag.py:588} INFO - Filling up the DagBag from /home/airflow/.local/lib/python3.11/site-packages/airflow/example_dags/example_external_task_marker_dag.py
[2025-12-24T09:24:13.904+0000] {processor.py:925} INFO - DAG(s) 'example_external_task_marker_parent', 'example_external_task_marker_child' retrieved from /home/airflow/.local/lib/python3.11/site-packages/airflow/example_dags/example_external_task_marker_dag.py
[2025-12-24T09:24:14.064+0000] {logging_mixin.py:190} INFO - [2025-12-24T09:24:14.063+0000] {override.py:1911} INFO - Created Permission View: can delete on DAG:example_external_task_marker_parent
[2025-12-24T09:24:14.085+0000] {logging_mixin.py:190} INFO - [2025-12-24T09:24:14.084+0000] {override.py:1911} INFO - Created Permission View: can read on DAG:example_external_task_marker_parent
[2025-12-24T09:24:14.097+0000] {logging_mixin.py:190} INFO - [2025-12-24T09:24:14.097+0000] {override.py:1911} INFO - Created Permission View: can edit on DAG:example_external_task_marker_parent
[2025-12-24T09:24:14.130+0000] {logging_mixin.py:190} INFO - [2025-12-24T09:24:14.130+0000] {override.py:1911} INFO - Created Permission View: menu access on DAG Run:example_external_task_marker_parent
[2025-12-24T09:24:14.143+0000] {logging_mixin.py:190} INFO - [2025-12-24T09:24:14.142+0000] {override.py:1911} INFO - Created Permission View: can create on DAG Run:example_external_task_marker_parent
[2025-12-24T09:24:14.154+0000] {logging_mixin.py:190} INFO - [2025-12-24T09:24:14.153+0000] {override.py:1911} INFO - Created Permission View: can delete on DAG Run:example_external_task_marker_parent
[2025-12-24T09:24:14.164+0000] {logging_mixin.py:190} INFO - [2025-12-24T09:24:14.163+0000] {override.py:1911} INFO - Created Permission View: can read on DAG Run:example_external_task_marker_parent
[2025-12-24T09:24:14.189+0000] {logging_mixin.py:190} INFO - [2025-12-24T09:24:14.188+0000] {override.py:1911} INFO - Created Permission View: can delete on DAG:example_external_task_marker_child
[2025-12-24T09:24:14.209+0000] {logging_mixin.py:190} INFO - [2025-12-24T09:24:14.209+0000] {override.py:1911} INFO - Created Permission View: can read on DAG:example_external_task_marker_child
[2025-12-24T09:24:14.226+0000] {logging_mixin.py:190} INFO - [2025-12-24T09:24:14.225+0000] {override.py:1911} INFO - Created Permission View: can edit on DAG:example_external_task_marker_child
[2025-12-24T09:24:14.253+0000] {logging_mixin.py:190} INFO - [2025-12-24T09:24:14.252+0000] {override.py:1911} INFO - Created Permission View: menu access on DAG Run:example_external_task_marker_child
[2025-12-24T09:24:14.263+0000] {logging_mixin.py:190} INFO - [2025-12-24T09:24:14.263+0000] {override.py:1911} INFO - Created Permission View: can create on DAG Run:example_external_task_marker_child
[2025-12-24T09:24:14.274+0000] {logging_mixin.py:190} INFO - [2025-12-24T09:24:14.274+0000] {override.py:1911} INFO - Created Permission View: can delete on DAG Run:example_external_task_marker_child
[2025-12-24T09:24:14.286+0000] {logging_mixin.py:190} INFO - [2025-12-24T09:24:14.285+0000] {override.py:1911} INFO - Created Permission View: can read on DAG Run:example_external_task_marker_child
[2025-12-24T09:24:14.287+0000] {logging_mixin.py:190} INFO - [2025-12-24T09:24:14.286+0000] {dag.py:3239} INFO - Sync 2 DAGs
[2025-12-24T09:24:14.302+0000] {logging_mixin.py:190} INFO - [2025-12-24T09:24:14.302+0000] {dag.py:3262} INFO - Creating ORM DAG for example_external_task_marker_child
[2025-12-24T09:24:14.303+0000] {logging_mixin.py:190} INFO - [2025-12-24T09:24:14.303+0000] {dag.py:3262} INFO - Creating ORM DAG for example_external_task_marker_parent
[2025-12-24T09:24:14.304+0000] {logging_mixin.py:190} INFO - [2025-12-24T09:24:14.304+0000] {dag.py:4180} INFO - Setting next_dagrun for example_external_task_marker_child to None, run_after=None
[2025-12-24T09:24:14.305+0000] {logging_mixin.py:190} INFO - [2025-12-24T09:24:14.305+0000] {dag.py:4180} INFO - Setting next_dagrun for example_external_task_marker_parent to None, run_after=None
[2025-12-24T09:24:14.329+0000] {processor.py:208} INFO - Processing /home/airflow/.local/lib/python3.11/site-packages/airflow/example_dags/example_external_task_marker_dag.py took 0.478 seconds
[2025-12-24T09:24:04.443+0000] {processor.py:186} INFO - Started process (PID=188) to work on /home/airflow/.local/lib/python3.11/site-packages/airflow/example_dags/example_external_task_marker_dag.py
[2025-12-24T09:24:04.445+0000] {processor.py:914} INFO - Processing file /home/airflow/.local/lib/python3.11/site-packages/airflow/example_dags/example_external_task_marker_dag.py for tasks to queue
[2025-12-24T09:24:04.449+0000] {logging_mixin.py:190} INFO - [2025-12-24T09:24:04.449+0000] {dagbag.py:588} INFO - Filling up the DagBag from /home/airflow/.local/lib/python3.11/site-packages/airflow/example_dags/example_external_task_marker_dag.py
[2025-12-24T09:24:04.463+0000] {processor.py:925} INFO - DAG(s) 'example_external_task_marker_parent', 'example_external_task_marker_child' retrieved from /home/airflow/.local/lib/python3.11/site-packages/airflow/example_dags/example_external_task_marker_dag.py
[2025-12-24T09:24:04.490+0000] {logging_mixin.py:190} INFO - [2025-12-24T09:24:04.490+0000] {dag.py:3239} INFO - Sync 2 DAGs
[2025-12-24T09:24:04.513+0000] {logging_mixin.py:190} INFO - [2025-12-24T09:24:04.513+0000] {dag.py:4180} INFO - Setting next_dagrun for example_external_task_marker_child to None, run_after=None
[2025-12-24T09:24:04.522+0000] {logging_mixin.py:190} INFO - [2025-12-24T09:24:04.521+0000] {dag.py:4180} INFO - Setting next_dagrun for example_external_task_marker_parent to None, run_after=None
[2025-12-24T09:24:04.555+0000] {processor.py:208} INFO - Processing /home/airflow/.local/lib/python3.11/site-packages/airflow/example_dags/example_external_task_marker_dag.py took 0.126 seconds
[2025-12-24T09:24:13.743+0000] {processor.py:186} INFO - Started process (PID=228) to work on /home/airflow/.local/lib/python3.11/site-packages/airflow/example_dags/example_external_task_marker_dag.py
[2025-12-24T09:24:13.744+0000] {processor.py:914} INFO - Processing file /home/airflow/.local/lib/python3.11/site-packages/airflow/example_dags/example_external_task_marker_dag.py for tasks to queue
[2025-12-24T09:24:13.748+0000] {logging_mixin.py:190} INFO - [2025-12-24T09:24:13.748+0000] {dagbag.py:588} INFO - Filling up the DagBag from /home/airflow/.local/lib/python3.11/site-packages/airflow/example_dags/example_external_task_marker_dag.py
[2025-12-24T09:24:13.762+0000] {processor.py:925} INFO - DAG(s) 'example_external_task_marker_parent', 'example_external_task_marker_child' retrieved from /home/airflow/.local/lib/python3.11/site-packages/airflow/example_dags/example_external_task_marker_dag.py
[2025-12-24T09:24:13.786+0000] {logging_mixin.py:190} INFO - [2025-12-24T09:24:13.786+0000] {dag.py:3239} INFO - Sync 2 DAGs
[2025-12-24T09:24:13.805+0000] {logging_mixin.py:190} INFO - [2025-12-24T09:24:13.805+0000] {dag.py:4180} INFO - Setting next_dagrun for example_external_task_marker_child to None, run_after=None
[2025-12-24T09:24:13.810+0000] {logging_mixin.py:190} INFO - [2025-12-24T09:24:13.810+0000] {dag.py:4180} INFO - Setting next_dagrun for example_external_task_marker_parent to None, run_after=None
[2025-12-24T09:24:13.833+0000] {processor.py:208} INFO - Processing /home/airflow/.local/lib/python3.11/site-packages/airflow/example_dags/example_external_task_marker_dag.py took 0.101 seconds
[2025-12-24T09:24:43.000+0000] {processor.py:186} INFO - Started process (PID=287) to work on /home/airflow/.local/lib/python3.11/site-packages/airflow/example_dags/example_external_task_marker_dag.py
[2025-12-24T09:24:43.002+0000] {processor.py:914} INFO - Processing file /home/airflow/.local/lib/python3.11/site-packages/airflow/example_dags/example_external_task_marker_dag.py for tasks to queue
[2025-12-24T09:24:43.007+0000] {logging_mixin.py:190} INFO - [2025-12-24T09:24:43.007+0000] {dagbag.py:588} INFO - Filling up the DagBag from /home/airflow/.local/lib/python3.11/site-packages/airflow/example_dags/example_external_task_marker_dag.py
[2025-12-24T09:24:43.025+0000] {processor.py:925} INFO - DAG(s) 'example_external_task_marker_child', 'example_external_task_marker_parent' retrieved from /home/airflow/.local/lib/python3.11/site-packages/airflow/example_dags/example_external_task_marker_dag.py
[2025-12-24T09:24:43.053+0000] {logging_mixin.py:190} INFO - [2025-12-24T09:24:43.052+0000] {dag.py:3239} INFO - Sync 2 DAGs
[2025-12-24T09:24:43.082+0000] {logging_mixin.py:190} INFO - [2025-12-24T09:24:43.081+0000] {dag.py:4180} INFO - Setting next_dagrun for example_external_task_marker_child to None, run_after=None
[2025-12-24T09:24:43.088+0000] {logging_mixin.py:190} INFO - [2025-12-24T09:24:43.088+0000] {dag.py:4180} INFO - Setting next_dagrun for example_external_task_marker_parent to None, run_after=None
[2025-12-24T09:24:43.120+0000] {processor.py:208} INFO - Processing /home/airflow/.local/lib/python3.11/site-packages/airflow/example_dags/example_external_task_marker_dag.py took 0.134 seconds
[2025-12-24T09:24:54.165+0000] {processor.py:186} INFO - Started process (PID=343) to work on /home/airflow/.local/lib/python3.11/site-packages/airflow/example_dags/example_external_task_marker_dag.py
[2025-12-24T09:24:54.167+0000] {processor.py:914} INFO - Processing file /home/airflow/.local/lib/python3.11/site-packages/airflow/example_dags/example_external_task_marker_dag.py for tasks to queue
[2025-12-24T09:24:54.172+0000] {logging_mixin.py:190} INFO - [2025-12-24T09:24:54.171+0000] {dagbag.py:588} INFO - Filling up the DagBag from /home/airflow/.local/lib/python3.11/site-packages/airflow/example_dags/example_external_task_marker_dag.py
[2025-12-24T09:24:54.189+0000] {processor.py:925} INFO - DAG(s) 'example_external_task_marker_child', 'example_external_task_marker_parent' retrieved from /home/airflow/.local/lib/python3.11/site-packages/airflow/example_dags/example_external_task_marker_dag.py
[2025-12-24T09:24:54.233+0000] {logging_mixin.py:190} INFO - [2025-12-24T09:24:54.232+0000] {dag.py:3239} INFO - Sync 2 DAGs
[2025-12-24T09:24:54.261+0000] {logging_mixin.py:190} INFO - [2025-12-24T09:24:54.261+0000] {dag.py:4180} INFO - Setting next_dagrun for example_external_task_marker_child to None, run_after=None
[2025-12-24T09:24:54.267+0000] {logging_mixin.py:190} INFO - [2025-12-24T09:24:54.267+0000] {dag.py:4180} INFO - Setting next_dagrun for example_external_task_marker_parent to None, run_after=None
[2025-12-24T09:24:54.309+0000] {processor.py:208} INFO - Processing /home/airflow/.local/lib/python3.11/site-packages/airflow/example_dags/example_external_task_marker_dag.py took 0.154 seconds
[2025-12-24T09:25:55.085+0000] {processor.py:186} INFO - Started process (PID=405) to work on /home/airflow/.local/lib/python3.11/site-packages/airflow/example_dags/example_external_task_marker_dag.py
[2025-12-24T09:25:55.087+0000] {processor.py:914} INFO - Processing file /home/airflow/.local/lib/python3.11/site-packages/airflow/example_dags/example_external_task_marker_dag.py for tasks to queue
[2025-12-24T09:25:55.092+0000] {logging_mixin.py:190} INFO - [2025-12-24T09:25:55.091+0000] {dagbag.py:588} INFO - Filling up the DagBag from /home/airflow/.local/lib/python3.11/site-packages/airflow/example_dags/example_external_task_marker_dag.py
[2025-12-24T09:25:55.108+0000] {processor.py:925} INFO - DAG(s) 'example_external_task_marker_parent', 'example_external_task_marker_child' retrieved from /home/airflow/.local/lib/python3.11/site-packages/airflow/example_dags/example_external_task_marker_dag.py
[2025-12-24T09:25:55.160+0000] {logging_mixin.py:190} INFO - [2025-12-24T09:25:55.159+0000] {dag.py:3239} INFO - Sync 2 DAGs
[2025-12-24T09:25:55.191+0000] {logging_mixin.py:190} INFO - [2025-12-24T09:25:55.190+0000] {dag.py:4180} INFO - Setting next_dagrun for example_external_task_marker_child to None, run_after=None
[2025-12-24T09:25:55.199+0000] {logging_mixin.py:190} INFO - [2025-12-24T09:25:55.198+0000] {dag.py:4180} INFO - Setting next_dagrun for example_external_task_marker_parent to None, run_after=None
[2025-12-24T09:25:12.908+0000] {processor.py:208} INFO - Processing /home/airflow/.local/lib/python3.11/site-packages/airflow/example_dags/example_external_task_marker_dag.py took 0.160 seconds
[2025-12-24T09:25:19.158+0000] {processor.py:186} INFO - Started process (PID=459) to work on /home/airflow/.local/lib/python3.11/site-packages/airflow/example_dags/example_external_task_marker_dag.py
[2025-12-24T09:25:19.160+0000] {processor.py:914} INFO - Processing file /home/airflow/.local/lib/python3.11/site-packages/airflow/example_dags/example_external_task_marker_dag.py for tasks to queue
[2025-12-24T09:25:19.164+0000] {logging_mixin.py:190} INFO - [2025-12-24T09:25:19.164+0000] {dagbag.py:588} INFO - Filling up the DagBag from /home/airflow/.local/lib/python3.11/site-packages/airflow/example_dags/example_external_task_marker_dag.py
[2025-12-24T09:25:19.178+0000] {processor.py:925} INFO - DAG(s) 'example_external_task_marker_parent', 'example_external_task_marker_child' retrieved from /home/airflow/.local/lib/python3.11/site-packages/airflow/example_dags/example_external_task_marker_dag.py
[2025-12-24T09:25:19.215+0000] {logging_mixin.py:190} INFO - [2025-12-24T09:25:19.214+0000] {dag.py:3239} INFO - Sync 2 DAGs
[2025-12-24T09:25:19.235+0000] {logging_mixin.py:190} INFO - [2025-12-24T09:25:19.235+0000] {dag.py:4180} INFO - Setting next_dagrun for example_external_task_marker_child to None, run_after=None
[2025-12-24T09:25:19.240+0000] {logging_mixin.py:190} INFO - [2025-12-24T09:25:19.239+0000] {dag.py:4180} INFO - Setting next_dagrun for example_external_task_marker_parent to None, run_after=None
[2025-12-24T09:25:19.277+0000] {processor.py:208} INFO - Processing /home/airflow/.local/lib/python3.11/site-packages/airflow/example_dags/example_external_task_marker_dag.py took 0.130 seconds
[2025-12-24T09:25:50.094+0000] {processor.py:186} INFO - Started process (PID=517) to work on /home/airflow/.local/lib/python3.11/site-packages/airflow/example_dags/example_external_task_marker_dag.py
[2025-12-24T09:25:50.096+0000] {processor.py:914} INFO - Processing file /home/airflow/.local/lib/python3.11/site-packages/airflow/example_dags/example_external_task_marker_dag.py for tasks to queue
[2025-12-24T09:25:50.101+0000] {logging_mixin.py:190} INFO - [2025-12-24T09:25:50.100+0000] {dagbag.py:588} INFO - Filling up the DagBag from /home/airflow/.local/lib/python3.11/site-packages/airflow/example_dags/example_external_task_marker_dag.py
[2025-12-24T09:25:50.115+0000] {processor.py:925} INFO - DAG(s) 'example_external_task_marker_child', 'example_external_task_marker_parent' retrieved from /home/airflow/.local/lib/python3.11/site-packages/airflow/example_dags/example_external_task_marker_dag.py
[2025-12-24T09:25:50.153+0000] {logging_mixin.py:190} INFO - [2025-12-24T09:25:50.153+0000] {dag.py:3239} INFO - Sync 2 DAGs
[2025-12-24T09:25:50.174+0000] {logging_mixin.py:190} INFO - [2025-12-24T09:25:50.174+0000] {dag.py:4180} INFO - Setting next_dagrun for example_external_task_marker_child to None, run_after=None
[2025-12-24T09:25:50.179+0000] {logging_mixin.py:190} INFO - [2025-12-24T09:25:50.179+0000] {dag.py:4180} INFO - Setting next_dagrun for example_external_task_marker_parent to None, run_after=None
[2025-12-24T09:25:50.211+0000] {processor.py:208} INFO - Processing /home/airflow/.local/lib/python3.11/site-packages/airflow/example_dags/example_external_task_marker_dag.py took 0.128 seconds
[2025-12-24T09:25:55.295+0000] {processor.py:186} INFO - Started process (PID=550) to work on /home/airflow/.local/lib/python3.11/site-packages/airflow/example_dags/example_external_task_marker_dag.py
[2025-12-24T09:25:55.298+0000] {processor.py:914} INFO - Processing file /home/airflow/.local/lib/python3.11/site-packages/airflow/example_dags/example_external_task_marker_dag.py for tasks to queue
[2025-12-24T09:25:55.303+0000] {logging_mixin.py:190} INFO - [2025-12-24T09:25:55.303+0000] {dagbag.py:588} INFO - Filling up the DagBag from /home/airflow/.local/lib/python3.11/site-packages/airflow/example_dags/example_external_task_marker_dag.py
[2025-12-24T09:25:55.317+0000] {processor.py:925} INFO - DAG(s) 'example_external_task_marker_parent', 'example_external_task_marker_child' retrieved from /home/airflow/.local/lib/python3.11/site-packages/airflow/example_dags/example_external_task_marker_dag.py
[2025-12-24T09:25:55.363+0000] {logging_mixin.py:190} INFO - [2025-12-24T09:25:55.363+0000] {dag.py:3239} INFO - Sync 2 DAGs
[2025-12-24T09:25:55.384+0000] {logging_mixin.py:190} INFO - [2025-12-24T09:25:55.383+0000] {dag.py:4180} INFO - Setting next_dagrun for example_external_task_marker_child to None, run_after=None
[2025-12-24T09:25:55.389+0000] {logging_mixin.py:190} INFO - [2025-12-24T09:25:55.389+0000] {dag.py:4180} INFO - Setting next_dagrun for example_external_task_marker_parent to None, run_after=None
[2025-12-24T09:25:55.422+0000] {processor.py:208} INFO - Processing /home/airflow/.local/lib/python3.11/site-packages/airflow/example_dags/example_external_task_marker_dag.py took 0.139 seconds
[2025-12-24T09:26:04.613+0000] {processor.py:186} INFO - Started process (PID=614) to work on /home/airflow/.local/lib/python3.11/site-packages/airflow/example_dags/example_external_task_marker_dag.py
[2025-12-24T09:26:04.615+0000] {processor.py:914} INFO - Processing file /home/airflow/.local/lib/python3.11/site-packages/airflow/example_dags/example_external_task_marker_dag.py for tasks to queue
[2025-12-24T09:26:04.619+0000] {logging_mixin.py:190} INFO - [2025-12-24T09:26:04.619+0000] {dagbag.py:588} INFO - Filling up the DagBag from /home/airflow/.local/lib/python3.11/site-packages/airflow/example_dags/example_external_task_marker_dag.py
[2025-12-24T09:26:04.635+0000] {processor.py:925} INFO - DAG(s) 'example_external_task_marker_child', 'example_external_task_marker_parent' retrieved from /home/airflow/.local/lib/python3.11/site-packages/airflow/example_dags/example_external_task_marker_dag.py
[2025-12-24T09:26:04.678+0000] {logging_mixin.py:190} INFO - [2025-12-24T09:26:04.678+0000] {dag.py:3239} INFO - Sync 2 DAGs
[2025-12-24T09:26:04.712+0000] {logging_mixin.py:190} INFO - [2025-12-24T09:26:04.712+0000] {dag.py:4180} INFO - Setting next_dagrun for example_external_task_marker_child to None, run_after=None
[2025-12-24T09:26:04.719+0000] {logging_mixin.py:190} INFO - [2025-12-24T09:26:04.719+0000] {dag.py:4180} INFO - Setting next_dagrun for example_external_task_marker_parent to None, run_after=None
[2025-12-24T09:26:04.753+0000] {processor.py:208} INFO - Processing /home/airflow/.local/lib/python3.11/site-packages/airflow/example_dags/example_external_task_marker_dag.py took 0.154 seconds
[2025-12-24T09:26:13.409+0000] {processor.py:186} INFO - Started process (PID=670) to work on /home/airflow/.local/lib/python3.11/site-packages/airflow/example_dags/example_external_task_marker_dag.py
[2025-12-24T09:26:13.411+0000] {processor.py:914} INFO - Processing file /home/airflow/.local/lib/python3.11/site-packages/airflow/example_dags/example_external_task_marker_dag.py for tasks to queue
[2025-12-24T09:26:13.416+0000] {logging_mixin.py:190} INFO - [2025-12-24T09:26:13.416+0000] {dagbag.py:588} INFO - Filling up the DagBag from /home/airflow/.local/lib/python3.11/site-packages/airflow/example_dags/example_external_task_marker_dag.py
[2025-12-24T09:26:13.431+0000] {processor.py:925} INFO - DAG(s) 'example_external_task_marker_parent', 'example_external_task_marker_child' retrieved from /home/airflow/.local/lib/python3.11/site-packages/airflow/example_dags/example_external_task_marker_dag.py
[2025-12-24T09:26:13.471+0000] {logging_mixin.py:190} INFO - [2025-12-24T09:26:13.470+0000] {dag.py:3239} INFO - Sync 2 DAGs
[2025-12-24T09:26:13.495+0000] {logging_mixin.py:190} INFO - [2025-12-24T09:26:13.495+0000] {dag.py:4180} INFO - Setting next_dagrun for example_external_task_marker_child to None, run_after=None
[2025-12-24T09:26:13.500+0000] {logging_mixin.py:190} INFO - [2025-12-24T09:26:13.500+0000] {dag.py:4180} INFO - Setting next_dagrun for example_external_task_marker_parent to None, run_after=None
[2025-12-24T09:26:13.527+0000] {processor.py:208} INFO - Processing /home/airflow/.local/lib/python3.11/site-packages/airflow/example_dags/example_external_task_marker_dag.py took 0.127 seconds
[2025-12-24T09:26:23.987+0000] {processor.py:186} INFO - Started process (PID=722) to work on /home/airflow/.local/lib/python3.11/site-packages/airflow/example_dags/example_external_task_marker_dag.py
[2025-12-24T09:26:23.988+0000] {processor.py:914} INFO - Processing file /home/airflow/.local/lib/python3.11/site-packages/airflow/example_dags/example_external_task_marker_dag.py for tasks to queue
[2025-12-24T09:26:23.992+0000] {logging_mixin.py:190} INFO - [2025-12-24T09:26:23.992+0000] {dagbag.py:588} INFO - Filling up the DagBag from /home/airflow/.local/lib/python3.11/site-packages/airflow/example_dags/example_external_task_marker_dag.py
[2025-12-24T09:26:24.005+0000] {processor.py:925} INFO - DAG(s) 'example_external_task_marker_child', 'example_external_task_marker_parent' retrieved from /home/airflow/.local/lib/python3.11/site-packages/airflow/example_dags/example_external_task_marker_dag.py
[2025-12-24T09:26:24.043+0000] {logging_mixin.py:190} INFO - [2025-12-24T09:26:24.042+0000] {dag.py:3239} INFO - Sync 2 DAGs
[2025-12-24T09:26:24.068+0000] {logging_mixin.py:190} INFO - [2025-12-24T09:26:24.068+0000] {dag.py:4180} INFO - Setting next_dagrun for example_external_task_marker_child to None, run_after=None
[2025-12-24T09:26:24.074+0000] {logging_mixin.py:190} INFO - [2025-12-24T09:26:24.074+0000] {dag.py:4180} INFO - Setting next_dagrun for example_external_task_marker_parent to None, run_after=None
[2025-12-24T09:26:24.102+0000] {processor.py:208} INFO - Processing /home/airflow/.local/lib/python3.11/site-packages/airflow/example_dags/example_external_task_marker_dag.py took 0.124 seconds
[2025-12-24T09:26:34.218+0000] {processor.py:186} INFO - Started process (PID=777) to work on /home/airflow/.local/lib/python3.11/site-packages/airflow/example_dags/example_external_task_marker_dag.py
[2025-12-24T09:26:34.220+0000] {processor.py:914} INFO - Processing file /home/airflow/.local/lib/python3.11/site-packages/airflow/example_dags/example_external_task_marker_dag.py for tasks to queue
[2025-12-24T09:26:34.224+0000] {logging_mixin.py:190} INFO - [2025-12-24T09:26:34.224+0000] {dagbag.py:588} INFO - Filling up the DagBag from /home/airflow/.local/lib/python3.11/site-packages/airflow/example_dags/example_external_task_marker_dag.py
[2025-12-24T09:26:34.240+0000] {processor.py:925} INFO - DAG(s) 'example_external_task_marker_child', 'example_external_task_marker_parent' retrieved from /home/airflow/.local/lib/python3.11/site-packages/airflow/example_dags/example_external_task_marker_dag.py
[2025-12-24T09:26:34.292+0000] {logging_mixin.py:190} INFO - [2025-12-24T09:26:34.291+0000] {dag.py:3239} INFO - Sync 2 DAGs
[2025-12-24T09:26:34.317+0000] {logging_mixin.py:190} INFO - [2025-12-24T09:26:34.316+0000] {dag.py:4180} INFO - Setting next_dagrun for example_external_task_marker_child to None, run_after=None
[2025-12-24T09:26:34.323+0000] {logging_mixin.py:190} INFO - [2025-12-24T09:26:34.323+0000] {dag.py:4180} INFO - Setting next_dagrun for example_external_task_marker_parent to None, run_after=None
[2025-12-24T09:26:34.366+0000] {processor.py:208} INFO - Processing /home/airflow/.local/lib/python3.11/site-packages/airflow/example_dags/example_external_task_marker_dag.py took 0.163 seconds
[2025-12-24T09:26:44.726+0000] {processor.py:186} INFO - Started process (PID=830) to work on /home/airflow/.local/lib/python3.11/site-packages/airflow/example_dags/example_external_task_marker_dag.py
[2025-12-24T09:26:44.728+0000] {processor.py:914} INFO - Processing file /home/airflow/.local/lib/python3.11/site-packages/airflow/example_dags/example_external_task_marker_dag.py for tasks to queue
[2025-12-24T09:26:44.734+0000] {logging_mixin.py:190} INFO - [2025-12-24T09:26:44.733+0000] {dagbag.py:588} INFO - Filling up the DagBag from /home/airflow/.local/lib/python3.11/site-packages/airflow/example_dags/example_external_task_marker_dag.py
[2025-12-24T09:26:44.753+0000] {processor.py:925} INFO - DAG(s) 'example_external_task_marker_parent', 'example_external_task_marker_child' retrieved from /home/airflow/.local/lib/python3.11/site-packages/airflow/example_dags/example_external_task_marker_dag.py
[2025-12-24T09:26:44.796+0000] {logging_mixin.py:190} INFO - [2025-12-24T09:26:44.796+0000] {dag.py:3239} INFO - Sync 2 DAGs
[2025-12-24T09:26:44.819+0000] {logging_mixin.py:190} INFO - [2025-12-24T09:26:44.819+0000] {dag.py:4180} INFO - Setting next_dagrun for example_external_task_marker_child to None, run_after=None
[2025-12-24T09:26:44.826+0000] {logging_mixin.py:190} INFO - [2025-12-24T09:26:44.825+0000] {dag.py:4180} INFO - Setting next_dagrun for example_external_task_marker_parent to None, run_after=None
[2025-12-24T09:26:44.855+0000] {processor.py:208} INFO - Processing /home/airflow/.local/lib/python3.11/site-packages/airflow/example_dags/example_external_task_marker_dag.py took 0.141 seconds
[2025-12-24T09:27:41.951+0000] {processor.py:186} INFO - Started process (PID=886) to work on /home/airflow/.local/lib/python3.11/site-packages/airflow/example_dags/example_external_task_marker_dag.py
[2025-12-24T09:27:41.953+0000] {processor.py:914} INFO - Processing file /home/airflow/.local/lib/python3.11/site-packages/airflow/example_dags/example_external_task_marker_dag.py for tasks to queue
[2025-12-24T09:27:41.957+0000] {logging_mixin.py:190} INFO - [2025-12-24T09:27:41.956+0000] {dagbag.py:588} INFO - Filling up the DagBag from /home/airflow/.local/lib/python3.11/site-packages/airflow/example_dags/example_external_task_marker_dag.py
[2025-12-24T09:27:41.970+0000] {processor.py:925} INFO - DAG(s) 'example_external_task_marker_child', 'example_external_task_marker_parent' retrieved from /home/airflow/.local/lib/python3.11/site-packages/airflow/example_dags/example_external_task_marker_dag.py
[2025-12-24T09:27:42.006+0000] {logging_mixin.py:190} INFO - [2025-12-24T09:27:42.006+0000] {dag.py:3239} INFO - Sync 2 DAGs
[2025-12-24T09:27:42.029+0000] {logging_mixin.py:190} INFO - [2025-12-24T09:27:42.028+0000] {dag.py:4180} INFO - Setting next_dagrun for example_external_task_marker_child to None, run_after=None
[2025-12-24T09:27:42.033+0000] {logging_mixin.py:190} INFO - [2025-12-24T09:27:42.033+0000] {dag.py:4180} INFO - Setting next_dagrun for example_external_task_marker_parent to None, run_after=None
[2025-12-24T09:27:42.057+0000] {processor.py:208} INFO - Processing /home/airflow/.local/lib/python3.11/site-packages/airflow/example_dags/example_external_task_marker_dag.py took 0.117 seconds
[2025-12-24T09:27:49.688+0000] {processor.py:186} INFO - Started process (PID=958) to work on /home/airflow/.local/lib/python3.11/site-packages/airflow/example_dags/example_external_task_marker_dag.py
[2025-12-24T09:27:49.690+0000] {processor.py:914} INFO - Processing file /home/airflow/.local/lib/python3.11/site-packages/airflow/example_dags/example_external_task_marker_dag.py for tasks to queue
[2025-12-24T09:27:49.694+0000] {logging_mixin.py:190} INFO - [2025-12-24T09:27:49.694+0000] {dagbag.py:588} INFO - Filling up the DagBag from /home/airflow/.local/lib/python3.11/site-packages/airflow/example_dags/example_external_task_marker_dag.py
[2025-12-24T09:27:49.707+0000] {processor.py:925} INFO - DAG(s) 'example_external_task_marker_parent', 'example_external_task_marker_child' retrieved from /home/airflow/.local/lib/python3.11/site-packages/airflow/example_dags/example_external_task_marker_dag.py
[2025-12-24T09:27:49.743+0000] {logging_mixin.py:190} INFO - [2025-12-24T09:27:49.742+0000] {dag.py:3239} INFO - Sync 2 DAGs
[2025-12-24T09:27:49.761+0000] {logging_mixin.py:190} INFO - [2025-12-24T09:27:49.761+0000] {dag.py:4180} INFO - Setting next_dagrun for example_external_task_marker_child to None, run_after=None
[2025-12-24T09:27:49.766+0000] {logging_mixin.py:190} INFO - [2025-12-24T09:27:49.766+0000] {dag.py:4180} INFO - Setting next_dagrun for example_external_task_marker_parent to None, run_after=None
[2025-12-24T09:27:49.789+0000] {processor.py:208} INFO - Processing /home/airflow/.local/lib/python3.11/site-packages/airflow/example_dags/example_external_task_marker_dag.py took 0.112 seconds
[2025-12-24T09:27:59.848+0000] {processor.py:186} INFO - Started process (PID=1018) to work on /home/airflow/.local/lib/python3.11/site-packages/airflow/example_dags/example_external_task_marker_dag.py
[2025-12-24T09:27:59.850+0000] {processor.py:914} INFO - Processing file /home/airflow/.local/lib/python3.11/site-packages/airflow/example_dags/example_external_task_marker_dag.py for tasks to queue
[2025-12-24T09:27:59.855+0000] {logging_mixin.py:190} INFO - [2025-12-24T09:27:59.854+0000] {dagbag.py:588} INFO - Filling up the DagBag from /home/airflow/.local/lib/python3.11/site-packages/airflow/example_dags/example_external_task_marker_dag.py
[2025-12-24T09:27:59.871+0000] {processor.py:925} INFO - DAG(s) 'example_external_task_marker_child', 'example_external_task_marker_parent' retrieved from /home/airflow/.local/lib/python3.11/site-packages/airflow/example_dags/example_external_task_marker_dag.py
[2025-12-24T09:27:59.920+0000] {logging_mixin.py:190} INFO - [2025-12-24T09:27:59.919+0000] {dag.py:3239} INFO - Sync 2 DAGs
[2025-12-24T09:27:59.941+0000] {logging_mixin.py:190} INFO - [2025-12-24T09:27:59.941+0000] {dag.py:4180} INFO - Setting next_dagrun for example_external_task_marker_child to None, run_after=None
[2025-12-24T09:27:59.947+0000] {logging_mixin.py:190} INFO - [2025-12-24T09:27:59.947+0000] {dag.py:4180} INFO - Setting next_dagrun for example_external_task_marker_parent to None, run_after=None
[2025-12-24T09:27:59.971+0000] {processor.py:208} INFO - Processing /home/airflow/.local/lib/python3.11/site-packages/airflow/example_dags/example_external_task_marker_dag.py took 0.137 seconds
[2025-12-24T09:28:13.417+0000] {processor.py:186} INFO - Started process (PID=1083) to work on /home/airflow/.local/lib/python3.11/site-packages/airflow/example_dags/example_external_task_marker_dag.py
[2025-12-24T09:28:13.418+0000] {processor.py:914} INFO - Processing file /home/airflow/.local/lib/python3.11/site-packages/airflow/example_dags/example_external_task_marker_dag.py for tasks to queue
[2025-12-24T09:28:13.423+0000] {logging_mixin.py:190} INFO - [2025-12-24T09:28:13.423+0000] {dagbag.py:588} INFO - Filling up the DagBag from /home/airflow/.local/lib/python3.11/site-packages/airflow/example_dags/example_external_task_marker_dag.py
[2025-12-24T09:28:13.437+0000] {processor.py:925} INFO - DAG(s) 'example_external_task_marker_child', 'example_external_task_marker_parent' retrieved from /home/airflow/.local/lib/python3.11/site-packages/airflow/example_dags/example_external_task_marker_dag.py
[2025-12-24T09:28:13.491+0000] {logging_mixin.py:190} INFO - [2025-12-24T09:28:13.490+0000] {dag.py:3239} INFO - Sync 2 DAGs
[2025-12-24T09:28:13.520+0000] {logging_mixin.py:190} INFO - [2025-12-24T09:28:13.519+0000] {dag.py:4180} INFO - Setting next_dagrun for example_external_task_marker_child to None, run_after=None
[2025-12-24T09:28:13.527+0000] {logging_mixin.py:190} INFO - [2025-12-24T09:28:13.526+0000] {dag.py:4180} INFO - Setting next_dagrun for example_external_task_marker_parent to None, run_after=None
[2025-12-24T09:28:13.813+0000] {processor.py:208} INFO - Processing /home/airflow/.local/lib/python3.11/site-packages/airflow/example_dags/example_external_task_marker_dag.py took 0.406 seconds
[2025-12-24T09:29:11.607+0000] {processor.py:186} INFO - Started process (PID=1136) to work on /home/airflow/.local/lib/python3.11/site-packages/airflow/example_dags/example_external_task_marker_dag.py
[2025-12-24T09:29:11.609+0000] {processor.py:914} INFO - Processing file /home/airflow/.local/lib/python3.11/site-packages/airflow/example_dags/example_external_task_marker_dag.py for tasks to queue
[2025-12-24T09:29:11.613+0000] {logging_mixin.py:190} INFO - [2025-12-24T09:29:11.612+0000] {dagbag.py:588} INFO - Filling up the DagBag from /home/airflow/.local/lib/python3.11/site-packages/airflow/example_dags/example_external_task_marker_dag.py
[2025-12-24T09:29:11.629+0000] {processor.py:925} INFO - DAG(s) 'example_external_task_marker_child', 'example_external_task_marker_parent' retrieved from /home/airflow/.local/lib/python3.11/site-packages/airflow/example_dags/example_external_task_marker_dag.py
[2025-12-24T09:29:11.673+0000] {logging_mixin.py:190} INFO - [2025-12-24T09:29:11.672+0000] {dag.py:3239} INFO - Sync 2 DAGs
[2025-12-24T09:29:11.710+0000] {logging_mixin.py:190} INFO - [2025-12-24T09:29:11.709+0000] {dag.py:4180} INFO - Setting next_dagrun for example_external_task_marker_child to None, run_after=None
[2025-12-24T09:29:11.730+0000] {logging_mixin.py:190} INFO - [2025-12-24T09:29:11.729+0000] {dag.py:4180} INFO - Setting next_dagrun for example_external_task_marker_parent to None, run_after=None
[2025-12-24T09:29:11.764+0000] {processor.py:208} INFO - Processing /home/airflow/.local/lib/python3.11/site-packages/airflow/example_dags/example_external_task_marker_dag.py took 0.167 seconds
