[2025-12-24T09:02:58.267+0000] {processor.py:186} INFO - Started process (PID=98) to work on /home/airflow/.local/lib/python3.11/site-packages/airflow/example_dags/example_task_group_decorator.py
[2025-12-24T09:02:58.270+0000] {processor.py:914} INFO - Processing file /home/airflow/.local/lib/python3.11/site-packages/airflow/example_dags/example_task_group_decorator.py for tasks to queue
[2025-12-24T09:02:58.306+0000] {logging_mixin.py:190} INFO - [2025-12-24T09:02:58.305+0000] {dagbag.py:588} INFO - Filling up the DagBag from /home/airflow/.local/lib/python3.11/site-packages/airflow/example_dags/example_task_group_decorator.py
[2025-12-24T09:02:58.357+0000] {processor.py:925} INFO - DAG(s) 'example_task_group_decorator' retrieved from /home/airflow/.local/lib/python3.11/site-packages/airflow/example_dags/example_task_group_decorator.py
[2025-12-24T09:02:58.721+0000] {logging_mixin.py:190} INFO - [2025-12-24T09:02:58.720+0000] {override.py:1911} INFO - Created Permission View: can edit on DAG:example_task_group_decorator
[2025-12-24T09:02:58.760+0000] {logging_mixin.py:190} INFO - [2025-12-24T09:02:58.759+0000] {override.py:1911} INFO - Created Permission View: can read on DAG:example_task_group_decorator
[2025-12-24T09:02:58.800+0000] {logging_mixin.py:190} INFO - [2025-12-24T09:02:58.799+0000] {override.py:1911} INFO - Created Permission View: can delete on DAG:example_task_group_decorator
[2025-12-24T09:02:58.865+0000] {logging_mixin.py:190} INFO - [2025-12-24T09:02:58.865+0000] {override.py:1911} INFO - Created Permission View: can read on DAG Run:example_task_group_decorator
[2025-12-24T09:02:58.882+0000] {logging_mixin.py:190} INFO - [2025-12-24T09:02:58.882+0000] {override.py:1911} INFO - Created Permission View: can create on DAG Run:example_task_group_decorator
[2025-12-24T09:02:58.899+0000] {logging_mixin.py:190} INFO - [2025-12-24T09:02:58.898+0000] {override.py:1911} INFO - Created Permission View: can delete on DAG Run:example_task_group_decorator
[2025-12-24T09:02:58.919+0000] {logging_mixin.py:190} INFO - [2025-12-24T09:02:58.918+0000] {override.py:1911} INFO - Created Permission View: menu access on DAG Run:example_task_group_decorator
[2025-12-24T09:02:58.921+0000] {logging_mixin.py:190} INFO - [2025-12-24T09:02:58.920+0000] {dag.py:3239} INFO - Sync 1 DAGs
[2025-12-24T09:02:58.944+0000] {logging_mixin.py:190} INFO - [2025-12-24T09:02:58.943+0000] {dag.py:3262} INFO - Creating ORM DAG for example_task_group_decorator
[2025-12-24T09:02:58.945+0000] {logging_mixin.py:190} INFO - [2025-12-24T09:02:58.945+0000] {dag.py:4180} INFO - Setting next_dagrun for example_task_group_decorator to None, run_after=None
[2025-12-24T09:02:58.990+0000] {processor.py:208} INFO - Processing /home/airflow/.local/lib/python3.11/site-packages/airflow/example_dags/example_task_group_decorator.py took 0.746 seconds
[2025-12-24T09:03:13.413+0000] {processor.py:186} INFO - Started process (PID=157) to work on /home/airflow/.local/lib/python3.11/site-packages/airflow/example_dags/example_task_group_decorator.py
[2025-12-24T09:03:13.414+0000] {processor.py:914} INFO - Processing file /home/airflow/.local/lib/python3.11/site-packages/airflow/example_dags/example_task_group_decorator.py for tasks to queue
[2025-12-24T09:03:13.419+0000] {logging_mixin.py:190} INFO - [2025-12-24T09:03:13.418+0000] {dagbag.py:588} INFO - Filling up the DagBag from /home/airflow/.local/lib/python3.11/site-packages/airflow/example_dags/example_task_group_decorator.py
[2025-12-24T09:03:13.452+0000] {processor.py:925} INFO - DAG(s) 'example_task_group_decorator' retrieved from /home/airflow/.local/lib/python3.11/site-packages/airflow/example_dags/example_task_group_decorator.py
[2025-12-24T09:03:13.482+0000] {logging_mixin.py:190} INFO - [2025-12-24T09:03:13.482+0000] {dag.py:3239} INFO - Sync 1 DAGs
[2025-12-24T09:03:13.511+0000] {logging_mixin.py:190} INFO - [2025-12-24T09:03:13.511+0000] {dag.py:4180} INFO - Setting next_dagrun for example_task_group_decorator to None, run_after=None
[2025-12-24T09:03:13.540+0000] {processor.py:208} INFO - Processing /home/airflow/.local/lib/python3.11/site-packages/airflow/example_dags/example_task_group_decorator.py took 0.138 seconds
[2025-12-24T09:04:16.648+0000] {processor.py:186} INFO - Started process (PID=221) to work on /home/airflow/.local/lib/python3.11/site-packages/airflow/example_dags/example_task_group_decorator.py
[2025-12-24T09:04:16.650+0000] {processor.py:914} INFO - Processing file /home/airflow/.local/lib/python3.11/site-packages/airflow/example_dags/example_task_group_decorator.py for tasks to queue
[2025-12-24T09:04:16.654+0000] {logging_mixin.py:190} INFO - [2025-12-24T09:04:16.654+0000] {dagbag.py:588} INFO - Filling up the DagBag from /home/airflow/.local/lib/python3.11/site-packages/airflow/example_dags/example_task_group_decorator.py
[2025-12-24T09:04:16.691+0000] {processor.py:925} INFO - DAG(s) 'example_task_group_decorator' retrieved from /home/airflow/.local/lib/python3.11/site-packages/airflow/example_dags/example_task_group_decorator.py
[2025-12-24T09:04:16.734+0000] {logging_mixin.py:190} INFO - [2025-12-24T09:04:16.733+0000] {dag.py:3239} INFO - Sync 1 DAGs
[2025-12-24T09:04:16.754+0000] {logging_mixin.py:190} INFO - [2025-12-24T09:04:16.754+0000] {dag.py:4180} INFO - Setting next_dagrun for example_task_group_decorator to None, run_after=None
[2025-12-24T09:04:16.782+0000] {processor.py:208} INFO - Processing /home/airflow/.local/lib/python3.11/site-packages/airflow/example_dags/example_task_group_decorator.py took 0.145 seconds
[2025-12-24T09:04:13.566+0000] {processor.py:186} INFO - Started process (PID=287) to work on /home/airflow/.local/lib/python3.11/site-packages/airflow/example_dags/example_task_group_decorator.py
[2025-12-24T09:04:13.567+0000] {processor.py:914} INFO - Processing file /home/airflow/.local/lib/python3.11/site-packages/airflow/example_dags/example_task_group_decorator.py for tasks to queue
[2025-12-24T09:04:13.572+0000] {logging_mixin.py:190} INFO - [2025-12-24T09:04:13.571+0000] {dagbag.py:588} INFO - Filling up the DagBag from /home/airflow/.local/lib/python3.11/site-packages/airflow/example_dags/example_task_group_decorator.py
[2025-12-24T09:04:13.598+0000] {processor.py:925} INFO - DAG(s) 'example_task_group_decorator' retrieved from /home/airflow/.local/lib/python3.11/site-packages/airflow/example_dags/example_task_group_decorator.py
[2025-12-24T09:04:13.638+0000] {logging_mixin.py:190} INFO - [2025-12-24T09:04:13.637+0000] {dag.py:3239} INFO - Sync 1 DAGs
[2025-12-24T09:04:13.668+0000] {logging_mixin.py:190} INFO - [2025-12-24T09:04:13.667+0000] {dag.py:4180} INFO - Setting next_dagrun for example_task_group_decorator to None, run_after=None
[2025-12-24T09:04:13.696+0000] {processor.py:208} INFO - Processing /home/airflow/.local/lib/python3.11/site-packages/airflow/example_dags/example_task_group_decorator.py took 0.139 seconds
[2025-12-24T09:04:44.033+0000] {processor.py:186} INFO - Started process (PID=350) to work on /home/airflow/.local/lib/python3.11/site-packages/airflow/example_dags/example_task_group_decorator.py
[2025-12-24T09:04:44.035+0000] {processor.py:914} INFO - Processing file /home/airflow/.local/lib/python3.11/site-packages/airflow/example_dags/example_task_group_decorator.py for tasks to queue
[2025-12-24T09:04:44.040+0000] {logging_mixin.py:190} INFO - [2025-12-24T09:04:44.039+0000] {dagbag.py:588} INFO - Filling up the DagBag from /home/airflow/.local/lib/python3.11/site-packages/airflow/example_dags/example_task_group_decorator.py
[2025-12-24T09:04:44.072+0000] {processor.py:925} INFO - DAG(s) 'example_task_group_decorator' retrieved from /home/airflow/.local/lib/python3.11/site-packages/airflow/example_dags/example_task_group_decorator.py
[2025-12-24T09:04:44.121+0000] {logging_mixin.py:190} INFO - [2025-12-24T09:04:44.120+0000] {dag.py:3239} INFO - Sync 1 DAGs
[2025-12-24T09:04:44.145+0000] {logging_mixin.py:190} INFO - [2025-12-24T09:04:44.145+0000] {dag.py:4180} INFO - Setting next_dagrun for example_task_group_decorator to None, run_after=None
[2025-12-24T09:04:44.178+0000] {processor.py:208} INFO - Processing /home/airflow/.local/lib/python3.11/site-packages/airflow/example_dags/example_task_group_decorator.py took 0.157 seconds
[2025-12-24T09:04:53.656+0000] {processor.py:186} INFO - Started process (PID=415) to work on /home/airflow/.local/lib/python3.11/site-packages/airflow/example_dags/example_task_group_decorator.py
[2025-12-24T09:04:53.658+0000] {processor.py:914} INFO - Processing file /home/airflow/.local/lib/python3.11/site-packages/airflow/example_dags/example_task_group_decorator.py for tasks to queue
[2025-12-24T09:04:53.663+0000] {logging_mixin.py:190} INFO - [2025-12-24T09:04:53.662+0000] {dagbag.py:588} INFO - Filling up the DagBag from /home/airflow/.local/lib/python3.11/site-packages/airflow/example_dags/example_task_group_decorator.py
[2025-12-24T09:04:53.692+0000] {processor.py:925} INFO - DAG(s) 'example_task_group_decorator' retrieved from /home/airflow/.local/lib/python3.11/site-packages/airflow/example_dags/example_task_group_decorator.py
[2025-12-24T09:04:53.739+0000] {logging_mixin.py:190} INFO - [2025-12-24T09:04:53.738+0000] {dag.py:3239} INFO - Sync 1 DAGs
[2025-12-24T09:04:53.761+0000] {logging_mixin.py:190} INFO - [2025-12-24T09:04:53.761+0000] {dag.py:4180} INFO - Setting next_dagrun for example_task_group_decorator to None, run_after=None
[2025-12-24T09:04:53.853+0000] {processor.py:208} INFO - Processing /home/airflow/.local/lib/python3.11/site-packages/airflow/example_dags/example_task_group_decorator.py took 0.209 seconds
[2025-12-24T09:05:23.950+0000] {processor.py:186} INFO - Started process (PID=480) to work on /home/airflow/.local/lib/python3.11/site-packages/airflow/example_dags/example_task_group_decorator.py
[2025-12-24T09:05:23.952+0000] {processor.py:914} INFO - Processing file /home/airflow/.local/lib/python3.11/site-packages/airflow/example_dags/example_task_group_decorator.py for tasks to queue
[2025-12-24T09:05:23.955+0000] {logging_mixin.py:190} INFO - [2025-12-24T09:05:23.955+0000] {dagbag.py:588} INFO - Filling up the DagBag from /home/airflow/.local/lib/python3.11/site-packages/airflow/example_dags/example_task_group_decorator.py
[2025-12-24T09:05:23.977+0000] {processor.py:925} INFO - DAG(s) 'example_task_group_decorator' retrieved from /home/airflow/.local/lib/python3.11/site-packages/airflow/example_dags/example_task_group_decorator.py
[2025-12-24T09:05:24.012+0000] {logging_mixin.py:190} INFO - [2025-12-24T09:05:24.011+0000] {dag.py:3239} INFO - Sync 1 DAGs
[2025-12-24T09:05:24.029+0000] {logging_mixin.py:190} INFO - [2025-12-24T09:05:24.028+0000] {dag.py:4180} INFO - Setting next_dagrun for example_task_group_decorator to None, run_after=None
[2025-12-24T09:05:24.055+0000] {processor.py:208} INFO - Processing /home/airflow/.local/lib/python3.11/site-packages/airflow/example_dags/example_task_group_decorator.py took 0.115 seconds
[2025-12-24T09:05:27.854+0000] {processor.py:186} INFO - Started process (PID=516) to work on /home/airflow/.local/lib/python3.11/site-packages/airflow/example_dags/example_task_group_decorator.py
[2025-12-24T09:05:27.857+0000] {processor.py:914} INFO - Processing file /home/airflow/.local/lib/python3.11/site-packages/airflow/example_dags/example_task_group_decorator.py for tasks to queue
[2025-12-24T09:05:27.867+0000] {logging_mixin.py:190} INFO - [2025-12-24T09:05:27.866+0000] {dagbag.py:588} INFO - Filling up the DagBag from /home/airflow/.local/lib/python3.11/site-packages/airflow/example_dags/example_task_group_decorator.py
[2025-12-24T09:05:27.897+0000] {processor.py:925} INFO - DAG(s) 'example_task_group_decorator' retrieved from /home/airflow/.local/lib/python3.11/site-packages/airflow/example_dags/example_task_group_decorator.py
[2025-12-24T09:05:27.936+0000] {logging_mixin.py:190} INFO - [2025-12-24T09:05:27.936+0000] {dag.py:3239} INFO - Sync 1 DAGs
[2025-12-24T09:05:27.956+0000] {logging_mixin.py:190} INFO - [2025-12-24T09:05:27.955+0000] {dag.py:4180} INFO - Setting next_dagrun for example_task_group_decorator to None, run_after=None
[2025-12-24T09:05:27.989+0000] {processor.py:208} INFO - Processing /home/airflow/.local/lib/python3.11/site-packages/airflow/example_dags/example_task_group_decorator.py took 0.153 seconds
[2025-12-24T09:05:39.549+0000] {processor.py:186} INFO - Started process (PID=571) to work on /home/airflow/.local/lib/python3.11/site-packages/airflow/example_dags/example_task_group_decorator.py
[2025-12-24T09:05:39.551+0000] {processor.py:914} INFO - Processing file /home/airflow/.local/lib/python3.11/site-packages/airflow/example_dags/example_task_group_decorator.py for tasks to queue
[2025-12-24T09:05:39.556+0000] {logging_mixin.py:190} INFO - [2025-12-24T09:05:39.556+0000] {dagbag.py:588} INFO - Filling up the DagBag from /home/airflow/.local/lib/python3.11/site-packages/airflow/example_dags/example_task_group_decorator.py
[2025-12-24T09:05:39.595+0000] {processor.py:925} INFO - DAG(s) 'example_task_group_decorator' retrieved from /home/airflow/.local/lib/python3.11/site-packages/airflow/example_dags/example_task_group_decorator.py
[2025-12-24T09:05:39.646+0000] {logging_mixin.py:190} INFO - [2025-12-24T09:05:39.645+0000] {dag.py:3239} INFO - Sync 1 DAGs
[2025-12-24T09:05:39.665+0000] {logging_mixin.py:190} INFO - [2025-12-24T09:05:39.665+0000] {dag.py:4180} INFO - Setting next_dagrun for example_task_group_decorator to None, run_after=None
[2025-12-24T09:05:39.760+0000] {processor.py:208} INFO - Processing /home/airflow/.local/lib/python3.11/site-packages/airflow/example_dags/example_task_group_decorator.py took 0.223 seconds
[2025-12-24T09:06:41.901+0000] {processor.py:186} INFO - Started process (PID=633) to work on /home/airflow/.local/lib/python3.11/site-packages/airflow/example_dags/example_task_group_decorator.py
[2025-12-24T09:06:41.903+0000] {processor.py:914} INFO - Processing file /home/airflow/.local/lib/python3.11/site-packages/airflow/example_dags/example_task_group_decorator.py for tasks to queue
[2025-12-24T09:06:41.907+0000] {logging_mixin.py:190} INFO - [2025-12-24T09:06:41.907+0000] {dagbag.py:588} INFO - Filling up the DagBag from /home/airflow/.local/lib/python3.11/site-packages/airflow/example_dags/example_task_group_decorator.py
[2025-12-24T09:06:41.938+0000] {processor.py:925} INFO - DAG(s) 'example_task_group_decorator' retrieved from /home/airflow/.local/lib/python3.11/site-packages/airflow/example_dags/example_task_group_decorator.py
[2025-12-24T09:06:42.002+0000] {logging_mixin.py:190} INFO - [2025-12-24T09:06:42.001+0000] {dag.py:3239} INFO - Sync 1 DAGs
[2025-12-24T09:06:42.028+0000] {logging_mixin.py:190} INFO - [2025-12-24T09:06:42.028+0000] {dag.py:4180} INFO - Setting next_dagrun for example_task_group_decorator to None, run_after=None
[2025-12-24T09:06:42.061+0000] {processor.py:208} INFO - Processing /home/airflow/.local/lib/python3.11/site-packages/airflow/example_dags/example_task_group_decorator.py took 0.172 seconds
[2025-12-24T09:06:44.366+0000] {processor.py:186} INFO - Started process (PID=699) to work on /home/airflow/.local/lib/python3.11/site-packages/airflow/example_dags/example_task_group_decorator.py
[2025-12-24T09:06:44.368+0000] {processor.py:914} INFO - Processing file /home/airflow/.local/lib/python3.11/site-packages/airflow/example_dags/example_task_group_decorator.py for tasks to queue
[2025-12-24T09:06:44.372+0000] {logging_mixin.py:190} INFO - [2025-12-24T09:06:44.371+0000] {dagbag.py:588} INFO - Filling up the DagBag from /home/airflow/.local/lib/python3.11/site-packages/airflow/example_dags/example_task_group_decorator.py
[2025-12-24T09:06:44.402+0000] {processor.py:925} INFO - DAG(s) 'example_task_group_decorator' retrieved from /home/airflow/.local/lib/python3.11/site-packages/airflow/example_dags/example_task_group_decorator.py
[2025-12-24T09:06:44.454+0000] {logging_mixin.py:190} INFO - [2025-12-24T09:06:44.453+0000] {dag.py:3239} INFO - Sync 1 DAGs
[2025-12-24T09:06:44.481+0000] {logging_mixin.py:190} INFO - [2025-12-24T09:06:44.481+0000] {dag.py:4180} INFO - Setting next_dagrun for example_task_group_decorator to None, run_after=None
[2025-12-24T09:06:44.526+0000] {processor.py:208} INFO - Processing /home/airflow/.local/lib/python3.11/site-packages/airflow/example_dags/example_task_group_decorator.py took 0.172 seconds
[2025-12-24T09:07:14.179+0000] {processor.py:186} INFO - Started process (PID=765) to work on /home/airflow/.local/lib/python3.11/site-packages/airflow/example_dags/example_task_group_decorator.py
[2025-12-24T09:07:14.181+0000] {processor.py:914} INFO - Processing file /home/airflow/.local/lib/python3.11/site-packages/airflow/example_dags/example_task_group_decorator.py for tasks to queue
[2025-12-24T09:07:14.185+0000] {logging_mixin.py:190} INFO - [2025-12-24T09:07:14.184+0000] {dagbag.py:588} INFO - Filling up the DagBag from /home/airflow/.local/lib/python3.11/site-packages/airflow/example_dags/example_task_group_decorator.py
[2025-12-24T09:07:14.212+0000] {processor.py:925} INFO - DAG(s) 'example_task_group_decorator' retrieved from /home/airflow/.local/lib/python3.11/site-packages/airflow/example_dags/example_task_group_decorator.py
[2025-12-24T09:07:14.266+0000] {logging_mixin.py:190} INFO - [2025-12-24T09:07:14.265+0000] {dag.py:3239} INFO - Sync 1 DAGs
[2025-12-24T09:07:14.286+0000] {logging_mixin.py:190} INFO - [2025-12-24T09:07:14.285+0000] {dag.py:4180} INFO - Setting next_dagrun for example_task_group_decorator to None, run_after=None
[2025-12-24T09:07:14.312+0000] {processor.py:208} INFO - Processing /home/airflow/.local/lib/python3.11/site-packages/airflow/example_dags/example_task_group_decorator.py took 0.143 seconds
[2025-12-24T09:07:24.287+0000] {processor.py:186} INFO - Started process (PID=827) to work on /home/airflow/.local/lib/python3.11/site-packages/airflow/example_dags/example_task_group_decorator.py
[2025-12-24T09:07:24.288+0000] {processor.py:914} INFO - Processing file /home/airflow/.local/lib/python3.11/site-packages/airflow/example_dags/example_task_group_decorator.py for tasks to queue
[2025-12-24T09:07:24.293+0000] {logging_mixin.py:190} INFO - [2025-12-24T09:07:24.292+0000] {dagbag.py:588} INFO - Filling up the DagBag from /home/airflow/.local/lib/python3.11/site-packages/airflow/example_dags/example_task_group_decorator.py
[2025-12-24T09:07:24.313+0000] {processor.py:925} INFO - DAG(s) 'example_task_group_decorator' retrieved from /home/airflow/.local/lib/python3.11/site-packages/airflow/example_dags/example_task_group_decorator.py
[2025-12-24T09:07:24.348+0000] {logging_mixin.py:190} INFO - [2025-12-24T09:07:24.347+0000] {dag.py:3239} INFO - Sync 1 DAGs
[2025-12-24T09:07:24.367+0000] {logging_mixin.py:190} INFO - [2025-12-24T09:07:24.367+0000] {dag.py:4180} INFO - Setting next_dagrun for example_task_group_decorator to None, run_after=None
[2025-12-24T09:07:24.420+0000] {processor.py:208} INFO - Processing /home/airflow/.local/lib/python3.11/site-packages/airflow/example_dags/example_task_group_decorator.py took 0.142 seconds
[2025-12-24T09:07:33.782+0000] {processor.py:186} INFO - Started process (PID=884) to work on /home/airflow/.local/lib/python3.11/site-packages/airflow/example_dags/example_task_group_decorator.py
[2025-12-24T09:07:33.783+0000] {processor.py:914} INFO - Processing file /home/airflow/.local/lib/python3.11/site-packages/airflow/example_dags/example_task_group_decorator.py for tasks to queue
[2025-12-24T09:07:33.787+0000] {logging_mixin.py:190} INFO - [2025-12-24T09:07:33.787+0000] {dagbag.py:588} INFO - Filling up the DagBag from /home/airflow/.local/lib/python3.11/site-packages/airflow/example_dags/example_task_group_decorator.py
[2025-12-24T09:07:33.810+0000] {processor.py:925} INFO - DAG(s) 'example_task_group_decorator' retrieved from /home/airflow/.local/lib/python3.11/site-packages/airflow/example_dags/example_task_group_decorator.py
[2025-12-24T09:07:33.847+0000] {logging_mixin.py:190} INFO - [2025-12-24T09:07:33.846+0000] {dag.py:3239} INFO - Sync 1 DAGs
[2025-12-24T09:07:33.867+0000] {logging_mixin.py:190} INFO - [2025-12-24T09:07:33.866+0000] {dag.py:4180} INFO - Setting next_dagrun for example_task_group_decorator to None, run_after=None
[2025-12-24T09:07:33.898+0000] {processor.py:208} INFO - Processing /home/airflow/.local/lib/python3.11/site-packages/airflow/example_dags/example_task_group_decorator.py took 0.127 seconds
[2025-12-24T09:07:43.479+0000] {processor.py:186} INFO - Started process (PID=940) to work on /home/airflow/.local/lib/python3.11/site-packages/airflow/example_dags/example_task_group_decorator.py
[2025-12-24T09:07:43.486+0000] {processor.py:914} INFO - Processing file /home/airflow/.local/lib/python3.11/site-packages/airflow/example_dags/example_task_group_decorator.py for tasks to queue
[2025-12-24T09:07:43.492+0000] {logging_mixin.py:190} INFO - [2025-12-24T09:07:43.492+0000] {dagbag.py:588} INFO - Filling up the DagBag from /home/airflow/.local/lib/python3.11/site-packages/airflow/example_dags/example_task_group_decorator.py
[2025-12-24T09:07:43.532+0000] {processor.py:925} INFO - DAG(s) 'example_task_group_decorator' retrieved from /home/airflow/.local/lib/python3.11/site-packages/airflow/example_dags/example_task_group_decorator.py
[2025-12-24T09:07:43.585+0000] {logging_mixin.py:190} INFO - [2025-12-24T09:07:43.584+0000] {dag.py:3239} INFO - Sync 1 DAGs
[2025-12-24T09:07:43.602+0000] {logging_mixin.py:190} INFO - [2025-12-24T09:07:43.602+0000] {dag.py:4180} INFO - Setting next_dagrun for example_task_group_decorator to None, run_after=None
[2025-12-24T09:07:43.628+0000] {processor.py:208} INFO - Processing /home/airflow/.local/lib/python3.11/site-packages/airflow/example_dags/example_task_group_decorator.py took 0.159 seconds
[2025-12-24T09:08:41.463+0000] {processor.py:186} INFO - Started process (PID=1001) to work on /home/airflow/.local/lib/python3.11/site-packages/airflow/example_dags/example_task_group_decorator.py
[2025-12-24T09:08:41.464+0000] {processor.py:914} INFO - Processing file /home/airflow/.local/lib/python3.11/site-packages/airflow/example_dags/example_task_group_decorator.py for tasks to queue
[2025-12-24T09:08:41.468+0000] {logging_mixin.py:190} INFO - [2025-12-24T09:08:41.468+0000] {dagbag.py:588} INFO - Filling up the DagBag from /home/airflow/.local/lib/python3.11/site-packages/airflow/example_dags/example_task_group_decorator.py
[2025-12-24T09:08:41.506+0000] {processor.py:925} INFO - DAG(s) 'example_task_group_decorator' retrieved from /home/airflow/.local/lib/python3.11/site-packages/airflow/example_dags/example_task_group_decorator.py
[2025-12-24T09:08:41.541+0000] {logging_mixin.py:190} INFO - [2025-12-24T09:08:41.540+0000] {dag.py:3239} INFO - Sync 1 DAGs
[2025-12-24T09:08:41.559+0000] {logging_mixin.py:190} INFO - [2025-12-24T09:08:41.558+0000] {dag.py:4180} INFO - Setting next_dagrun for example_task_group_decorator to None, run_after=None
[2025-12-24T09:08:41.582+0000] {processor.py:208} INFO - Processing /home/airflow/.local/lib/python3.11/site-packages/airflow/example_dags/example_task_group_decorator.py took 0.128 seconds
[2025-12-24T09:09:20.730+0000] {processor.py:186} INFO - Started process (PID=1068) to work on /home/airflow/.local/lib/python3.11/site-packages/airflow/example_dags/example_task_group_decorator.py
[2025-12-24T09:09:20.731+0000] {processor.py:914} INFO - Processing file /home/airflow/.local/lib/python3.11/site-packages/airflow/example_dags/example_task_group_decorator.py for tasks to queue
[2025-12-24T09:09:20.735+0000] {logging_mixin.py:190} INFO - [2025-12-24T09:09:20.734+0000] {dagbag.py:588} INFO - Filling up the DagBag from /home/airflow/.local/lib/python3.11/site-packages/airflow/example_dags/example_task_group_decorator.py
[2025-12-24T09:09:20.759+0000] {processor.py:925} INFO - DAG(s) 'example_task_group_decorator' retrieved from /home/airflow/.local/lib/python3.11/site-packages/airflow/example_dags/example_task_group_decorator.py
[2025-12-24T09:09:20.795+0000] {logging_mixin.py:190} INFO - [2025-12-24T09:09:20.794+0000] {dag.py:3239} INFO - Sync 1 DAGs
[2025-12-24T09:09:20.837+0000] {logging_mixin.py:190} INFO - [2025-12-24T09:09:20.837+0000] {dag.py:4180} INFO - Setting next_dagrun for example_task_group_decorator to None, run_after=None
[2025-12-24T09:09:20.867+0000] {processor.py:208} INFO - Processing /home/airflow/.local/lib/python3.11/site-packages/airflow/example_dags/example_task_group_decorator.py took 0.148 seconds
[2025-12-24T09:09:18.908+0000] {processor.py:186} INFO - Started process (PID=1148) to work on /home/airflow/.local/lib/python3.11/site-packages/airflow/example_dags/example_task_group_decorator.py
[2025-12-24T09:09:18.909+0000] {processor.py:914} INFO - Processing file /home/airflow/.local/lib/python3.11/site-packages/airflow/example_dags/example_task_group_decorator.py for tasks to queue
[2025-12-24T09:09:18.914+0000] {logging_mixin.py:190} INFO - [2025-12-24T09:09:18.913+0000] {dagbag.py:588} INFO - Filling up the DagBag from /home/airflow/.local/lib/python3.11/site-packages/airflow/example_dags/example_task_group_decorator.py
[2025-12-24T09:09:18.937+0000] {processor.py:925} INFO - DAG(s) 'example_task_group_decorator' retrieved from /home/airflow/.local/lib/python3.11/site-packages/airflow/example_dags/example_task_group_decorator.py
[2025-12-24T09:09:18.975+0000] {logging_mixin.py:190} INFO - [2025-12-24T09:09:18.974+0000] {dag.py:3239} INFO - Sync 1 DAGs
[2025-12-24T09:09:19.002+0000] {logging_mixin.py:190} INFO - [2025-12-24T09:09:19.002+0000] {dag.py:4180} INFO - Setting next_dagrun for example_task_group_decorator to None, run_after=None
[2025-12-24T09:09:19.029+0000] {processor.py:208} INFO - Processing /home/airflow/.local/lib/python3.11/site-packages/airflow/example_dags/example_task_group_decorator.py took 0.131 seconds
[2025-12-24T09:10:26.424+0000] {processor.py:186} INFO - Started process (PID=1208) to work on /home/airflow/.local/lib/python3.11/site-packages/airflow/example_dags/example_task_group_decorator.py
[2025-12-24T09:10:26.426+0000] {processor.py:914} INFO - Processing file /home/airflow/.local/lib/python3.11/site-packages/airflow/example_dags/example_task_group_decorator.py for tasks to queue
[2025-12-24T09:10:26.429+0000] {logging_mixin.py:190} INFO - [2025-12-24T09:10:26.429+0000] {dagbag.py:588} INFO - Filling up the DagBag from /home/airflow/.local/lib/python3.11/site-packages/airflow/example_dags/example_task_group_decorator.py
[2025-12-24T09:10:26.450+0000] {processor.py:925} INFO - DAG(s) 'example_task_group_decorator' retrieved from /home/airflow/.local/lib/python3.11/site-packages/airflow/example_dags/example_task_group_decorator.py
[2025-12-24T09:10:26.482+0000] {logging_mixin.py:190} INFO - [2025-12-24T09:10:26.481+0000] {dag.py:3239} INFO - Sync 1 DAGs
[2025-12-24T09:10:26.503+0000] {logging_mixin.py:190} INFO - [2025-12-24T09:10:26.502+0000] {dag.py:4180} INFO - Setting next_dagrun for example_task_group_decorator to None, run_after=None
[2025-12-24T09:10:26.531+0000] {processor.py:208} INFO - Processing /home/airflow/.local/lib/python3.11/site-packages/airflow/example_dags/example_task_group_decorator.py took 0.117 seconds
[2025-12-24T09:10:19.161+0000] {processor.py:186} INFO - Started process (PID=1280) to work on /home/airflow/.local/lib/python3.11/site-packages/airflow/example_dags/example_task_group_decorator.py
[2025-12-24T09:10:19.163+0000] {processor.py:914} INFO - Processing file /home/airflow/.local/lib/python3.11/site-packages/airflow/example_dags/example_task_group_decorator.py for tasks to queue
[2025-12-24T09:10:19.169+0000] {logging_mixin.py:190} INFO - [2025-12-24T09:10:19.168+0000] {dagbag.py:588} INFO - Filling up the DagBag from /home/airflow/.local/lib/python3.11/site-packages/airflow/example_dags/example_task_group_decorator.py
[2025-12-24T09:10:19.204+0000] {processor.py:925} INFO - DAG(s) 'example_task_group_decorator' retrieved from /home/airflow/.local/lib/python3.11/site-packages/airflow/example_dags/example_task_group_decorator.py
[2025-12-24T09:10:19.244+0000] {logging_mixin.py:190} INFO - [2025-12-24T09:10:19.243+0000] {dag.py:3239} INFO - Sync 1 DAGs
[2025-12-24T09:10:19.262+0000] {logging_mixin.py:190} INFO - [2025-12-24T09:10:19.261+0000] {dag.py:4180} INFO - Setting next_dagrun for example_task_group_decorator to None, run_after=None
[2025-12-24T09:10:19.289+0000] {processor.py:208} INFO - Processing /home/airflow/.local/lib/python3.11/site-packages/airflow/example_dags/example_task_group_decorator.py took 0.138 seconds
[2025-12-24T09:10:49.181+0000] {processor.py:186} INFO - Started process (PID=1329) to work on /home/airflow/.local/lib/python3.11/site-packages/airflow/example_dags/example_task_group_decorator.py
[2025-12-24T09:10:49.182+0000] {processor.py:914} INFO - Processing file /home/airflow/.local/lib/python3.11/site-packages/airflow/example_dags/example_task_group_decorator.py for tasks to queue
[2025-12-24T09:10:49.186+0000] {logging_mixin.py:190} INFO - [2025-12-24T09:10:49.185+0000] {dagbag.py:588} INFO - Filling up the DagBag from /home/airflow/.local/lib/python3.11/site-packages/airflow/example_dags/example_task_group_decorator.py
[2025-12-24T09:10:49.205+0000] {processor.py:925} INFO - DAG(s) 'example_task_group_decorator' retrieved from /home/airflow/.local/lib/python3.11/site-packages/airflow/example_dags/example_task_group_decorator.py
[2025-12-24T09:10:49.242+0000] {logging_mixin.py:190} INFO - [2025-12-24T09:10:49.241+0000] {dag.py:3239} INFO - Sync 1 DAGs
[2025-12-24T09:10:49.260+0000] {logging_mixin.py:190} INFO - [2025-12-24T09:10:49.259+0000] {dag.py:4180} INFO - Setting next_dagrun for example_task_group_decorator to None, run_after=None
[2025-12-24T09:10:49.284+0000] {processor.py:208} INFO - Processing /home/airflow/.local/lib/python3.11/site-packages/airflow/example_dags/example_task_group_decorator.py took 0.113 seconds
[2025-12-24T09:10:59.218+0000] {processor.py:186} INFO - Started process (PID=1386) to work on /home/airflow/.local/lib/python3.11/site-packages/airflow/example_dags/example_task_group_decorator.py
[2025-12-24T09:10:59.221+0000] {processor.py:914} INFO - Processing file /home/airflow/.local/lib/python3.11/site-packages/airflow/example_dags/example_task_group_decorator.py for tasks to queue
[2025-12-24T09:10:59.226+0000] {logging_mixin.py:190} INFO - [2025-12-24T09:10:59.226+0000] {dagbag.py:588} INFO - Filling up the DagBag from /home/airflow/.local/lib/python3.11/site-packages/airflow/example_dags/example_task_group_decorator.py
[2025-12-24T09:10:59.254+0000] {processor.py:925} INFO - DAG(s) 'example_task_group_decorator' retrieved from /home/airflow/.local/lib/python3.11/site-packages/airflow/example_dags/example_task_group_decorator.py
[2025-12-24T09:10:59.308+0000] {logging_mixin.py:190} INFO - [2025-12-24T09:10:59.306+0000] {dag.py:3239} INFO - Sync 1 DAGs
[2025-12-24T09:10:59.335+0000] {logging_mixin.py:190} INFO - [2025-12-24T09:10:59.335+0000] {dag.py:4180} INFO - Setting next_dagrun for example_task_group_decorator to None, run_after=None
[2025-12-24T09:10:59.374+0000] {processor.py:208} INFO - Processing /home/airflow/.local/lib/python3.11/site-packages/airflow/example_dags/example_task_group_decorator.py took 0.169 seconds
[2025-12-24T09:11:30.355+0000] {processor.py:186} INFO - Started process (PID=1449) to work on /home/airflow/.local/lib/python3.11/site-packages/airflow/example_dags/example_task_group_decorator.py
[2025-12-24T09:11:30.356+0000] {processor.py:914} INFO - Processing file /home/airflow/.local/lib/python3.11/site-packages/airflow/example_dags/example_task_group_decorator.py for tasks to queue
[2025-12-24T09:11:30.360+0000] {logging_mixin.py:190} INFO - [2025-12-24T09:11:30.360+0000] {dagbag.py:588} INFO - Filling up the DagBag from /home/airflow/.local/lib/python3.11/site-packages/airflow/example_dags/example_task_group_decorator.py
[2025-12-24T09:11:30.382+0000] {processor.py:925} INFO - DAG(s) 'example_task_group_decorator' retrieved from /home/airflow/.local/lib/python3.11/site-packages/airflow/example_dags/example_task_group_decorator.py
[2025-12-24T09:11:30.419+0000] {logging_mixin.py:190} INFO - [2025-12-24T09:11:30.419+0000] {dag.py:3239} INFO - Sync 1 DAGs
[2025-12-24T09:11:30.440+0000] {logging_mixin.py:190} INFO - [2025-12-24T09:11:30.439+0000] {dag.py:4180} INFO - Setting next_dagrun for example_task_group_decorator to None, run_after=None
[2025-12-24T09:11:30.464+0000] {processor.py:208} INFO - Processing /home/airflow/.local/lib/python3.11/site-packages/airflow/example_dags/example_task_group_decorator.py took 0.118 seconds
[2025-12-24T09:12:31.690+0000] {processor.py:186} INFO - Started process (PID=1512) to work on /home/airflow/.local/lib/python3.11/site-packages/airflow/example_dags/example_task_group_decorator.py
[2025-12-24T09:12:31.691+0000] {processor.py:914} INFO - Processing file /home/airflow/.local/lib/python3.11/site-packages/airflow/example_dags/example_task_group_decorator.py for tasks to queue
[2025-12-24T09:12:31.695+0000] {logging_mixin.py:190} INFO - [2025-12-24T09:12:31.695+0000] {dagbag.py:588} INFO - Filling up the DagBag from /home/airflow/.local/lib/python3.11/site-packages/airflow/example_dags/example_task_group_decorator.py
[2025-12-24T09:12:31.715+0000] {processor.py:925} INFO - DAG(s) 'example_task_group_decorator' retrieved from /home/airflow/.local/lib/python3.11/site-packages/airflow/example_dags/example_task_group_decorator.py
[2025-12-24T09:12:31.749+0000] {logging_mixin.py:190} INFO - [2025-12-24T09:12:31.748+0000] {dag.py:3239} INFO - Sync 1 DAGs
[2025-12-24T09:12:31.766+0000] {logging_mixin.py:190} INFO - [2025-12-24T09:12:31.765+0000] {dag.py:4180} INFO - Setting next_dagrun for example_task_group_decorator to None, run_after=None
[2025-12-24T09:12:31.791+0000] {processor.py:208} INFO - Processing /home/airflow/.local/lib/python3.11/site-packages/airflow/example_dags/example_task_group_decorator.py took 0.110 seconds
[2025-12-24T09:12:43.701+0000] {processor.py:186} INFO - Started process (PID=1576) to work on /home/airflow/.local/lib/python3.11/site-packages/airflow/example_dags/example_task_group_decorator.py
[2025-12-24T09:12:43.703+0000] {processor.py:914} INFO - Processing file /home/airflow/.local/lib/python3.11/site-packages/airflow/example_dags/example_task_group_decorator.py for tasks to queue
[2025-12-24T09:12:43.707+0000] {logging_mixin.py:190} INFO - [2025-12-24T09:12:43.706+0000] {dagbag.py:588} INFO - Filling up the DagBag from /home/airflow/.local/lib/python3.11/site-packages/airflow/example_dags/example_task_group_decorator.py
[2025-12-24T09:12:43.729+0000] {processor.py:925} INFO - DAG(s) 'example_task_group_decorator' retrieved from /home/airflow/.local/lib/python3.11/site-packages/airflow/example_dags/example_task_group_decorator.py
[2025-12-24T09:12:43.765+0000] {logging_mixin.py:190} INFO - [2025-12-24T09:12:43.764+0000] {dag.py:3239} INFO - Sync 1 DAGs
[2025-12-24T09:12:43.782+0000] {logging_mixin.py:190} INFO - [2025-12-24T09:12:43.782+0000] {dag.py:4180} INFO - Setting next_dagrun for example_task_group_decorator to None, run_after=None
[2025-12-24T09:12:43.816+0000] {processor.py:208} INFO - Processing /home/airflow/.local/lib/python3.11/site-packages/airflow/example_dags/example_task_group_decorator.py took 0.123 seconds
[2025-12-24T09:13:32.900+0000] {processor.py:186} INFO - Started process (PID=1643) to work on /home/airflow/.local/lib/python3.11/site-packages/airflow/example_dags/example_task_group_decorator.py
[2025-12-24T09:13:32.901+0000] {processor.py:914} INFO - Processing file /home/airflow/.local/lib/python3.11/site-packages/airflow/example_dags/example_task_group_decorator.py for tasks to queue
[2025-12-24T09:13:32.905+0000] {logging_mixin.py:190} INFO - [2025-12-24T09:13:32.905+0000] {dagbag.py:588} INFO - Filling up the DagBag from /home/airflow/.local/lib/python3.11/site-packages/airflow/example_dags/example_task_group_decorator.py
[2025-12-24T09:13:32.930+0000] {processor.py:925} INFO - DAG(s) 'example_task_group_decorator' retrieved from /home/airflow/.local/lib/python3.11/site-packages/airflow/example_dags/example_task_group_decorator.py
[2025-12-24T09:13:32.970+0000] {logging_mixin.py:190} INFO - [2025-12-24T09:13:32.969+0000] {dag.py:3239} INFO - Sync 1 DAGs
[2025-12-24T09:13:32.997+0000] {logging_mixin.py:190} INFO - [2025-12-24T09:13:32.997+0000] {dag.py:4180} INFO - Setting next_dagrun for example_task_group_decorator to None, run_after=None
[2025-12-24T09:13:33.030+0000] {processor.py:208} INFO - Processing /home/airflow/.local/lib/python3.11/site-packages/airflow/example_dags/example_task_group_decorator.py took 0.140 seconds
[2025-12-24T09:14:27.111+0000] {processor.py:186} INFO - Started process (PID=1693) to work on /home/airflow/.local/lib/python3.11/site-packages/airflow/example_dags/example_task_group_decorator.py
[2025-12-24T09:14:27.113+0000] {processor.py:914} INFO - Processing file /home/airflow/.local/lib/python3.11/site-packages/airflow/example_dags/example_task_group_decorator.py for tasks to queue
[2025-12-24T09:14:27.117+0000] {logging_mixin.py:190} INFO - [2025-12-24T09:14:27.117+0000] {dagbag.py:588} INFO - Filling up the DagBag from /home/airflow/.local/lib/python3.11/site-packages/airflow/example_dags/example_task_group_decorator.py
[2025-12-24T09:14:27.139+0000] {processor.py:925} INFO - DAG(s) 'example_task_group_decorator' retrieved from /home/airflow/.local/lib/python3.11/site-packages/airflow/example_dags/example_task_group_decorator.py
[2025-12-24T09:14:27.174+0000] {logging_mixin.py:190} INFO - [2025-12-24T09:14:27.173+0000] {dag.py:3239} INFO - Sync 1 DAGs
[2025-12-24T09:14:27.191+0000] {logging_mixin.py:190} INFO - [2025-12-24T09:14:27.191+0000] {dag.py:4180} INFO - Setting next_dagrun for example_task_group_decorator to None, run_after=None
[2025-12-24T09:14:27.219+0000] {processor.py:208} INFO - Processing /home/airflow/.local/lib/python3.11/site-packages/airflow/example_dags/example_task_group_decorator.py took 0.117 seconds
[2025-12-24T09:14:38.935+0000] {processor.py:186} INFO - Started process (PID=1765) to work on /home/airflow/.local/lib/python3.11/site-packages/airflow/example_dags/example_task_group_decorator.py
[2025-12-24T09:14:38.937+0000] {processor.py:914} INFO - Processing file /home/airflow/.local/lib/python3.11/site-packages/airflow/example_dags/example_task_group_decorator.py for tasks to queue
[2025-12-24T09:14:38.943+0000] {logging_mixin.py:190} INFO - [2025-12-24T09:14:38.942+0000] {dagbag.py:588} INFO - Filling up the DagBag from /home/airflow/.local/lib/python3.11/site-packages/airflow/example_dags/example_task_group_decorator.py
[2025-12-24T09:14:38.971+0000] {processor.py:925} INFO - DAG(s) 'example_task_group_decorator' retrieved from /home/airflow/.local/lib/python3.11/site-packages/airflow/example_dags/example_task_group_decorator.py
[2025-12-24T09:14:39.009+0000] {logging_mixin.py:190} INFO - [2025-12-24T09:14:39.008+0000] {dag.py:3239} INFO - Sync 1 DAGs
[2025-12-24T09:14:39.026+0000] {logging_mixin.py:190} INFO - [2025-12-24T09:14:39.026+0000] {dag.py:4180} INFO - Setting next_dagrun for example_task_group_decorator to None, run_after=None
[2025-12-24T09:14:39.050+0000] {processor.py:208} INFO - Processing /home/airflow/.local/lib/python3.11/site-packages/airflow/example_dags/example_task_group_decorator.py took 0.126 seconds
[2025-12-24T09:15:10.332+0000] {processor.py:186} INFO - Started process (PID=1829) to work on /home/airflow/.local/lib/python3.11/site-packages/airflow/example_dags/example_task_group_decorator.py
[2025-12-24T09:15:10.333+0000] {processor.py:914} INFO - Processing file /home/airflow/.local/lib/python3.11/site-packages/airflow/example_dags/example_task_group_decorator.py for tasks to queue
[2025-12-24T09:15:10.337+0000] {logging_mixin.py:190} INFO - [2025-12-24T09:15:10.337+0000] {dagbag.py:588} INFO - Filling up the DagBag from /home/airflow/.local/lib/python3.11/site-packages/airflow/example_dags/example_task_group_decorator.py
[2025-12-24T09:15:10.359+0000] {processor.py:925} INFO - DAG(s) 'example_task_group_decorator' retrieved from /home/airflow/.local/lib/python3.11/site-packages/airflow/example_dags/example_task_group_decorator.py
[2025-12-24T09:15:10.399+0000] {logging_mixin.py:190} INFO - [2025-12-24T09:15:10.398+0000] {dag.py:3239} INFO - Sync 1 DAGs
[2025-12-24T09:15:10.422+0000] {logging_mixin.py:190} INFO - [2025-12-24T09:15:10.422+0000] {dag.py:4180} INFO - Setting next_dagrun for example_task_group_decorator to None, run_after=None
[2025-12-24T09:15:10.447+0000] {processor.py:208} INFO - Processing /home/airflow/.local/lib/python3.11/site-packages/airflow/example_dags/example_task_group_decorator.py took 0.127 seconds
[2025-12-24T09:15:40.745+0000] {processor.py:186} INFO - Started process (PID=1892) to work on /home/airflow/.local/lib/python3.11/site-packages/airflow/example_dags/example_task_group_decorator.py
[2025-12-24T09:15:40.747+0000] {processor.py:914} INFO - Processing file /home/airflow/.local/lib/python3.11/site-packages/airflow/example_dags/example_task_group_decorator.py for tasks to queue
[2025-12-24T09:15:40.750+0000] {logging_mixin.py:190} INFO - [2025-12-24T09:15:40.750+0000] {dagbag.py:588} INFO - Filling up the DagBag from /home/airflow/.local/lib/python3.11/site-packages/airflow/example_dags/example_task_group_decorator.py
[2025-12-24T09:15:40.772+0000] {processor.py:925} INFO - DAG(s) 'example_task_group_decorator' retrieved from /home/airflow/.local/lib/python3.11/site-packages/airflow/example_dags/example_task_group_decorator.py
[2025-12-24T09:15:40.807+0000] {logging_mixin.py:190} INFO - [2025-12-24T09:15:40.807+0000] {dag.py:3239} INFO - Sync 1 DAGs
[2025-12-24T09:15:40.827+0000] {logging_mixin.py:190} INFO - [2025-12-24T09:15:40.827+0000] {dag.py:4180} INFO - Setting next_dagrun for example_task_group_decorator to None, run_after=None
[2025-12-24T09:15:40.852+0000] {processor.py:208} INFO - Processing /home/airflow/.local/lib/python3.11/site-packages/airflow/example_dags/example_task_group_decorator.py took 0.116 seconds
[2025-12-24T09:16:41.425+0000] {processor.py:186} INFO - Started process (PID=1957) to work on /home/airflow/.local/lib/python3.11/site-packages/airflow/example_dags/example_task_group_decorator.py
[2025-12-24T09:16:41.427+0000] {processor.py:914} INFO - Processing file /home/airflow/.local/lib/python3.11/site-packages/airflow/example_dags/example_task_group_decorator.py for tasks to queue
[2025-12-24T09:16:41.431+0000] {logging_mixin.py:190} INFO - [2025-12-24T09:16:41.431+0000] {dagbag.py:588} INFO - Filling up the DagBag from /home/airflow/.local/lib/python3.11/site-packages/airflow/example_dags/example_task_group_decorator.py
[2025-12-24T09:16:41.455+0000] {processor.py:925} INFO - DAG(s) 'example_task_group_decorator' retrieved from /home/airflow/.local/lib/python3.11/site-packages/airflow/example_dags/example_task_group_decorator.py
[2025-12-24T09:16:41.495+0000] {logging_mixin.py:190} INFO - [2025-12-24T09:16:41.495+0000] {dag.py:3239} INFO - Sync 1 DAGs
[2025-12-24T09:16:41.513+0000] {logging_mixin.py:190} INFO - [2025-12-24T09:16:41.513+0000] {dag.py:4180} INFO - Setting next_dagrun for example_task_group_decorator to None, run_after=None
[2025-12-24T09:16:41.549+0000] {processor.py:208} INFO - Processing /home/airflow/.local/lib/python3.11/site-packages/airflow/example_dags/example_task_group_decorator.py took 0.135 seconds
[2025-12-24T09:24:18.663+0000] {processor.py:186} INFO - Started process (PID=104) to work on /home/airflow/.local/lib/python3.11/site-packages/airflow/example_dags/example_task_group_decorator.py
[2025-12-24T09:24:18.666+0000] {processor.py:914} INFO - Processing file /home/airflow/.local/lib/python3.11/site-packages/airflow/example_dags/example_task_group_decorator.py for tasks to queue
[2025-12-24T09:24:18.673+0000] {logging_mixin.py:190} INFO - [2025-12-24T09:24:18.672+0000] {dagbag.py:588} INFO - Filling up the DagBag from /home/airflow/.local/lib/python3.11/site-packages/airflow/example_dags/example_task_group_decorator.py
[2025-12-24T09:24:18.725+0000] {processor.py:925} INFO - DAG(s) 'example_task_group_decorator' retrieved from /home/airflow/.local/lib/python3.11/site-packages/airflow/example_dags/example_task_group_decorator.py
[2025-12-24T09:24:19.022+0000] {logging_mixin.py:190} INFO - [2025-12-24T09:24:19.021+0000] {override.py:1911} INFO - Created Permission View: can delete on DAG:example_task_group_decorator
[2025-12-24T09:24:19.051+0000] {logging_mixin.py:190} INFO - [2025-12-24T09:24:19.051+0000] {override.py:1911} INFO - Created Permission View: can read on DAG:example_task_group_decorator
[2025-12-24T09:24:19.086+0000] {logging_mixin.py:190} INFO - [2025-12-24T09:24:19.085+0000] {override.py:1911} INFO - Created Permission View: can edit on DAG:example_task_group_decorator
[2025-12-24T09:24:19.109+0000] {logging_mixin.py:190} INFO - [2025-12-24T09:24:19.108+0000] {override.py:1911} INFO - Created Permission View: menu access on DAG Run:example_task_group_decorator
[2025-12-24T09:24:19.140+0000] {logging_mixin.py:190} INFO - [2025-12-24T09:24:19.140+0000] {override.py:1911} INFO - Created Permission View: can create on DAG Run:example_task_group_decorator
[2025-12-24T09:24:19.186+0000] {logging_mixin.py:190} INFO - [2025-12-24T09:24:19.185+0000] {override.py:1911} INFO - Created Permission View: can delete on DAG Run:example_task_group_decorator
[2025-12-24T09:24:19.220+0000] {logging_mixin.py:190} INFO - [2025-12-24T09:24:19.219+0000] {override.py:1911} INFO - Created Permission View: can read on DAG Run:example_task_group_decorator
[2025-12-24T09:24:19.221+0000] {logging_mixin.py:190} INFO - [2025-12-24T09:24:19.221+0000] {dag.py:3239} INFO - Sync 1 DAGs
[2025-12-24T09:24:19.245+0000] {logging_mixin.py:190} INFO - [2025-12-24T09:24:19.244+0000] {dag.py:3262} INFO - Creating ORM DAG for example_task_group_decorator
[2025-12-24T09:24:19.247+0000] {logging_mixin.py:190} INFO - [2025-12-24T09:24:19.246+0000] {dag.py:4180} INFO - Setting next_dagrun for example_task_group_decorator to None, run_after=None
[2025-12-24T09:24:19.287+0000] {processor.py:208} INFO - Processing /home/airflow/.local/lib/python3.11/site-packages/airflow/example_dags/example_task_group_decorator.py took 0.678 seconds
[2025-12-24T09:24:14.797+0000] {processor.py:186} INFO - Started process (PID=236) to work on /home/airflow/.local/lib/python3.11/site-packages/airflow/example_dags/example_task_group_decorator.py
[2025-12-24T09:24:14.799+0000] {processor.py:914} INFO - Processing file /home/airflow/.local/lib/python3.11/site-packages/airflow/example_dags/example_task_group_decorator.py for tasks to queue
[2025-12-24T09:24:14.804+0000] {logging_mixin.py:190} INFO - [2025-12-24T09:24:14.803+0000] {dagbag.py:588} INFO - Filling up the DagBag from /home/airflow/.local/lib/python3.11/site-packages/airflow/example_dags/example_task_group_decorator.py
[2025-12-24T09:24:14.827+0000] {processor.py:925} INFO - DAG(s) 'example_task_group_decorator' retrieved from /home/airflow/.local/lib/python3.11/site-packages/airflow/example_dags/example_task_group_decorator.py
[2025-12-24T09:24:14.851+0000] {logging_mixin.py:190} INFO - [2025-12-24T09:24:14.850+0000] {dag.py:3239} INFO - Sync 1 DAGs
[2025-12-24T09:24:14.875+0000] {logging_mixin.py:190} INFO - [2025-12-24T09:24:14.874+0000] {dag.py:4180} INFO - Setting next_dagrun for example_task_group_decorator to None, run_after=None
[2025-12-24T09:24:14.928+0000] {processor.py:208} INFO - Processing /home/airflow/.local/lib/python3.11/site-packages/airflow/example_dags/example_task_group_decorator.py took 0.144 seconds
[2025-12-24T09:24:44.057+0000] {processor.py:186} INFO - Started process (PID=295) to work on /home/airflow/.local/lib/python3.11/site-packages/airflow/example_dags/example_task_group_decorator.py
[2025-12-24T09:24:44.059+0000] {processor.py:914} INFO - Processing file /home/airflow/.local/lib/python3.11/site-packages/airflow/example_dags/example_task_group_decorator.py for tasks to queue
[2025-12-24T09:24:44.062+0000] {logging_mixin.py:190} INFO - [2025-12-24T09:24:44.062+0000] {dagbag.py:588} INFO - Filling up the DagBag from /home/airflow/.local/lib/python3.11/site-packages/airflow/example_dags/example_task_group_decorator.py
[2025-12-24T09:24:44.083+0000] {processor.py:925} INFO - DAG(s) 'example_task_group_decorator' retrieved from /home/airflow/.local/lib/python3.11/site-packages/airflow/example_dags/example_task_group_decorator.py
[2025-12-24T09:24:44.103+0000] {logging_mixin.py:190} INFO - [2025-12-24T09:24:44.103+0000] {dag.py:3239} INFO - Sync 1 DAGs
[2025-12-24T09:24:44.122+0000] {logging_mixin.py:190} INFO - [2025-12-24T09:24:44.121+0000] {dag.py:4180} INFO - Setting next_dagrun for example_task_group_decorator to None, run_after=None
[2025-12-24T09:24:44.145+0000] {processor.py:208} INFO - Processing /home/airflow/.local/lib/python3.11/site-packages/airflow/example_dags/example_task_group_decorator.py took 0.098 seconds
[2025-12-24T09:24:55.416+0000] {processor.py:186} INFO - Started process (PID=351) to work on /home/airflow/.local/lib/python3.11/site-packages/airflow/example_dags/example_task_group_decorator.py
[2025-12-24T09:24:55.417+0000] {processor.py:914} INFO - Processing file /home/airflow/.local/lib/python3.11/site-packages/airflow/example_dags/example_task_group_decorator.py for tasks to queue
[2025-12-24T09:24:55.420+0000] {logging_mixin.py:190} INFO - [2025-12-24T09:24:55.420+0000] {dagbag.py:588} INFO - Filling up the DagBag from /home/airflow/.local/lib/python3.11/site-packages/airflow/example_dags/example_task_group_decorator.py
[2025-12-24T09:24:55.440+0000] {processor.py:925} INFO - DAG(s) 'example_task_group_decorator' retrieved from /home/airflow/.local/lib/python3.11/site-packages/airflow/example_dags/example_task_group_decorator.py
[2025-12-24T09:24:55.475+0000] {logging_mixin.py:190} INFO - [2025-12-24T09:24:55.474+0000] {dag.py:3239} INFO - Sync 1 DAGs
[2025-12-24T09:24:55.492+0000] {logging_mixin.py:190} INFO - [2025-12-24T09:24:55.491+0000] {dag.py:4180} INFO - Setting next_dagrun for example_task_group_decorator to None, run_after=None
[2025-12-24T09:24:55.516+0000] {processor.py:208} INFO - Processing /home/airflow/.local/lib/python3.11/site-packages/airflow/example_dags/example_task_group_decorator.py took 0.110 seconds
[2025-12-24T09:25:14.024+0000] {processor.py:186} INFO - Started process (PID=413) to work on /home/airflow/.local/lib/python3.11/site-packages/airflow/example_dags/example_task_group_decorator.py
[2025-12-24T09:25:14.026+0000] {processor.py:914} INFO - Processing file /home/airflow/.local/lib/python3.11/site-packages/airflow/example_dags/example_task_group_decorator.py for tasks to queue
[2025-12-24T09:25:14.031+0000] {logging_mixin.py:190} INFO - [2025-12-24T09:25:14.031+0000] {dagbag.py:588} INFO - Filling up the DagBag from /home/airflow/.local/lib/python3.11/site-packages/airflow/example_dags/example_task_group_decorator.py
[2025-12-24T09:25:14.067+0000] {processor.py:925} INFO - DAG(s) 'example_task_group_decorator' retrieved from /home/airflow/.local/lib/python3.11/site-packages/airflow/example_dags/example_task_group_decorator.py
[2025-12-24T09:25:14.123+0000] {logging_mixin.py:190} INFO - [2025-12-24T09:25:14.122+0000] {dag.py:3239} INFO - Sync 1 DAGs
[2025-12-24T09:25:14.148+0000] {logging_mixin.py:190} INFO - [2025-12-24T09:25:14.148+0000] {dag.py:4180} INFO - Setting next_dagrun for example_task_group_decorator to None, run_after=None
[2025-12-24T09:25:14.185+0000] {processor.py:208} INFO - Processing /home/airflow/.local/lib/python3.11/site-packages/airflow/example_dags/example_task_group_decorator.py took 0.175 seconds
[2025-12-24T09:25:20.133+0000] {processor.py:186} INFO - Started process (PID=467) to work on /home/airflow/.local/lib/python3.11/site-packages/airflow/example_dags/example_task_group_decorator.py
[2025-12-24T09:25:20.135+0000] {processor.py:914} INFO - Processing file /home/airflow/.local/lib/python3.11/site-packages/airflow/example_dags/example_task_group_decorator.py for tasks to queue
[2025-12-24T09:25:20.140+0000] {logging_mixin.py:190} INFO - [2025-12-24T09:25:20.139+0000] {dagbag.py:588} INFO - Filling up the DagBag from /home/airflow/.local/lib/python3.11/site-packages/airflow/example_dags/example_task_group_decorator.py
[2025-12-24T09:25:20.171+0000] {processor.py:925} INFO - DAG(s) 'example_task_group_decorator' retrieved from /home/airflow/.local/lib/python3.11/site-packages/airflow/example_dags/example_task_group_decorator.py
[2025-12-24T09:25:20.224+0000] {logging_mixin.py:190} INFO - [2025-12-24T09:25:20.223+0000] {dag.py:3239} INFO - Sync 1 DAGs
[2025-12-24T09:25:20.268+0000] {logging_mixin.py:190} INFO - [2025-12-24T09:25:20.256+0000] {dag.py:4180} INFO - Setting next_dagrun for example_task_group_decorator to None, run_after=None
[2025-12-24T09:25:20.324+0000] {processor.py:208} INFO - Processing /home/airflow/.local/lib/python3.11/site-packages/airflow/example_dags/example_task_group_decorator.py took 0.201 seconds
[2025-12-24T09:25:51.510+0000] {processor.py:186} INFO - Started process (PID=525) to work on /home/airflow/.local/lib/python3.11/site-packages/airflow/example_dags/example_task_group_decorator.py
[2025-12-24T09:25:51.512+0000] {processor.py:914} INFO - Processing file /home/airflow/.local/lib/python3.11/site-packages/airflow/example_dags/example_task_group_decorator.py for tasks to queue
[2025-12-24T09:25:51.516+0000] {logging_mixin.py:190} INFO - [2025-12-24T09:25:51.515+0000] {dagbag.py:588} INFO - Filling up the DagBag from /home/airflow/.local/lib/python3.11/site-packages/airflow/example_dags/example_task_group_decorator.py
[2025-12-24T09:25:51.537+0000] {processor.py:925} INFO - DAG(s) 'example_task_group_decorator' retrieved from /home/airflow/.local/lib/python3.11/site-packages/airflow/example_dags/example_task_group_decorator.py
[2025-12-24T09:25:51.578+0000] {logging_mixin.py:190} INFO - [2025-12-24T09:25:51.577+0000] {dag.py:3239} INFO - Sync 1 DAGs
[2025-12-24T09:25:51.602+0000] {logging_mixin.py:190} INFO - [2025-12-24T09:25:51.601+0000] {dag.py:4180} INFO - Setting next_dagrun for example_task_group_decorator to None, run_after=None
[2025-12-24T09:25:51.632+0000] {processor.py:208} INFO - Processing /home/airflow/.local/lib/python3.11/site-packages/airflow/example_dags/example_task_group_decorator.py took 0.132 seconds
[2025-12-24T09:25:56.627+0000] {processor.py:186} INFO - Started process (PID=558) to work on /home/airflow/.local/lib/python3.11/site-packages/airflow/example_dags/example_task_group_decorator.py
[2025-12-24T09:25:56.629+0000] {processor.py:914} INFO - Processing file /home/airflow/.local/lib/python3.11/site-packages/airflow/example_dags/example_task_group_decorator.py for tasks to queue
[2025-12-24T09:25:56.633+0000] {logging_mixin.py:190} INFO - [2025-12-24T09:25:56.632+0000] {dagbag.py:588} INFO - Filling up the DagBag from /home/airflow/.local/lib/python3.11/site-packages/airflow/example_dags/example_task_group_decorator.py
[2025-12-24T09:25:56.655+0000] {processor.py:925} INFO - DAG(s) 'example_task_group_decorator' retrieved from /home/airflow/.local/lib/python3.11/site-packages/airflow/example_dags/example_task_group_decorator.py
[2025-12-24T09:25:56.694+0000] {logging_mixin.py:190} INFO - [2025-12-24T09:25:56.694+0000] {dag.py:3239} INFO - Sync 1 DAGs
[2025-12-24T09:25:56.713+0000] {logging_mixin.py:190} INFO - [2025-12-24T09:25:56.713+0000] {dag.py:4180} INFO - Setting next_dagrun for example_task_group_decorator to None, run_after=None
[2025-12-24T09:25:56.744+0000] {processor.py:208} INFO - Processing /home/airflow/.local/lib/python3.11/site-packages/airflow/example_dags/example_task_group_decorator.py took 0.131 seconds
[2025-12-24T09:26:05.794+0000] {processor.py:186} INFO - Started process (PID=622) to work on /home/airflow/.local/lib/python3.11/site-packages/airflow/example_dags/example_task_group_decorator.py
[2025-12-24T09:26:05.797+0000] {processor.py:914} INFO - Processing file /home/airflow/.local/lib/python3.11/site-packages/airflow/example_dags/example_task_group_decorator.py for tasks to queue
[2025-12-24T09:26:05.805+0000] {logging_mixin.py:190} INFO - [2025-12-24T09:26:05.803+0000] {dagbag.py:588} INFO - Filling up the DagBag from /home/airflow/.local/lib/python3.11/site-packages/airflow/example_dags/example_task_group_decorator.py
[2025-12-24T09:26:05.851+0000] {processor.py:925} INFO - DAG(s) 'example_task_group_decorator' retrieved from /home/airflow/.local/lib/python3.11/site-packages/airflow/example_dags/example_task_group_decorator.py
[2025-12-24T09:26:05.901+0000] {logging_mixin.py:190} INFO - [2025-12-24T09:26:05.900+0000] {dag.py:3239} INFO - Sync 1 DAGs
[2025-12-24T09:26:05.926+0000] {logging_mixin.py:190} INFO - [2025-12-24T09:26:05.926+0000] {dag.py:4180} INFO - Setting next_dagrun for example_task_group_decorator to None, run_after=None
[2025-12-24T09:26:05.962+0000] {processor.py:208} INFO - Processing /home/airflow/.local/lib/python3.11/site-packages/airflow/example_dags/example_task_group_decorator.py took 0.182 seconds
[2025-12-24T09:26:14.398+0000] {processor.py:186} INFO - Started process (PID=678) to work on /home/airflow/.local/lib/python3.11/site-packages/airflow/example_dags/example_task_group_decorator.py
[2025-12-24T09:26:14.407+0000] {processor.py:914} INFO - Processing file /home/airflow/.local/lib/python3.11/site-packages/airflow/example_dags/example_task_group_decorator.py for tasks to queue
[2025-12-24T09:26:14.412+0000] {logging_mixin.py:190} INFO - [2025-12-24T09:26:14.411+0000] {dagbag.py:588} INFO - Filling up the DagBag from /home/airflow/.local/lib/python3.11/site-packages/airflow/example_dags/example_task_group_decorator.py
[2025-12-24T09:26:14.438+0000] {processor.py:925} INFO - DAG(s) 'example_task_group_decorator' retrieved from /home/airflow/.local/lib/python3.11/site-packages/airflow/example_dags/example_task_group_decorator.py
[2025-12-24T09:26:14.484+0000] {logging_mixin.py:190} INFO - [2025-12-24T09:26:14.484+0000] {dag.py:3239} INFO - Sync 1 DAGs
[2025-12-24T09:26:14.502+0000] {logging_mixin.py:190} INFO - [2025-12-24T09:26:14.502+0000] {dag.py:4180} INFO - Setting next_dagrun for example_task_group_decorator to None, run_after=None
[2025-12-24T09:26:14.531+0000] {processor.py:208} INFO - Processing /home/airflow/.local/lib/python3.11/site-packages/airflow/example_dags/example_task_group_decorator.py took 0.148 seconds
[2025-12-24T09:26:25.299+0000] {processor.py:186} INFO - Started process (PID=730) to work on /home/airflow/.local/lib/python3.11/site-packages/airflow/example_dags/example_task_group_decorator.py
[2025-12-24T09:26:25.301+0000] {processor.py:914} INFO - Processing file /home/airflow/.local/lib/python3.11/site-packages/airflow/example_dags/example_task_group_decorator.py for tasks to queue
[2025-12-24T09:26:25.306+0000] {logging_mixin.py:190} INFO - [2025-12-24T09:26:25.305+0000] {dagbag.py:588} INFO - Filling up the DagBag from /home/airflow/.local/lib/python3.11/site-packages/airflow/example_dags/example_task_group_decorator.py
[2025-12-24T09:26:25.332+0000] {processor.py:925} INFO - DAG(s) 'example_task_group_decorator' retrieved from /home/airflow/.local/lib/python3.11/site-packages/airflow/example_dags/example_task_group_decorator.py
[2025-12-24T09:26:25.372+0000] {logging_mixin.py:190} INFO - [2025-12-24T09:26:25.371+0000] {dag.py:3239} INFO - Sync 1 DAGs
[2025-12-24T09:26:25.393+0000] {logging_mixin.py:190} INFO - [2025-12-24T09:26:25.393+0000] {dag.py:4180} INFO - Setting next_dagrun for example_task_group_decorator to None, run_after=None
[2025-12-24T09:26:25.428+0000] {processor.py:208} INFO - Processing /home/airflow/.local/lib/python3.11/site-packages/airflow/example_dags/example_task_group_decorator.py took 0.140 seconds
[2025-12-24T09:26:35.490+0000] {processor.py:186} INFO - Started process (PID=785) to work on /home/airflow/.local/lib/python3.11/site-packages/airflow/example_dags/example_task_group_decorator.py
[2025-12-24T09:26:35.494+0000] {processor.py:914} INFO - Processing file /home/airflow/.local/lib/python3.11/site-packages/airflow/example_dags/example_task_group_decorator.py for tasks to queue
[2025-12-24T09:26:35.508+0000] {logging_mixin.py:190} INFO - [2025-12-24T09:26:35.508+0000] {dagbag.py:588} INFO - Filling up the DagBag from /home/airflow/.local/lib/python3.11/site-packages/airflow/example_dags/example_task_group_decorator.py
[2025-12-24T09:26:35.539+0000] {processor.py:925} INFO - DAG(s) 'example_task_group_decorator' retrieved from /home/airflow/.local/lib/python3.11/site-packages/airflow/example_dags/example_task_group_decorator.py
[2025-12-24T09:26:35.602+0000] {logging_mixin.py:190} INFO - [2025-12-24T09:26:35.602+0000] {dag.py:3239} INFO - Sync 1 DAGs
[2025-12-24T09:26:35.639+0000] {logging_mixin.py:190} INFO - [2025-12-24T09:26:35.638+0000] {dag.py:4180} INFO - Setting next_dagrun for example_task_group_decorator to None, run_after=None
[2025-12-24T09:26:35.673+0000] {processor.py:208} INFO - Processing /home/airflow/.local/lib/python3.11/site-packages/airflow/example_dags/example_task_group_decorator.py took 0.197 seconds
[2025-12-24T09:26:45.812+0000] {processor.py:186} INFO - Started process (PID=838) to work on /home/airflow/.local/lib/python3.11/site-packages/airflow/example_dags/example_task_group_decorator.py
[2025-12-24T09:26:45.814+0000] {processor.py:914} INFO - Processing file /home/airflow/.local/lib/python3.11/site-packages/airflow/example_dags/example_task_group_decorator.py for tasks to queue
[2025-12-24T09:26:45.819+0000] {logging_mixin.py:190} INFO - [2025-12-24T09:26:45.818+0000] {dagbag.py:588} INFO - Filling up the DagBag from /home/airflow/.local/lib/python3.11/site-packages/airflow/example_dags/example_task_group_decorator.py
[2025-12-24T09:26:45.842+0000] {processor.py:925} INFO - DAG(s) 'example_task_group_decorator' retrieved from /home/airflow/.local/lib/python3.11/site-packages/airflow/example_dags/example_task_group_decorator.py
[2025-12-24T09:26:45.888+0000] {logging_mixin.py:190} INFO - [2025-12-24T09:26:45.887+0000] {dag.py:3239} INFO - Sync 1 DAGs
[2025-12-24T09:26:45.913+0000] {logging_mixin.py:190} INFO - [2025-12-24T09:26:45.913+0000] {dag.py:4180} INFO - Setting next_dagrun for example_task_group_decorator to None, run_after=None
[2025-12-24T09:26:45.952+0000] {processor.py:208} INFO - Processing /home/airflow/.local/lib/python3.11/site-packages/airflow/example_dags/example_task_group_decorator.py took 0.151 seconds
[2025-12-24T09:27:43.487+0000] {processor.py:186} INFO - Started process (PID=900) to work on /home/airflow/.local/lib/python3.11/site-packages/airflow/example_dags/example_task_group_decorator.py
[2025-12-24T09:27:43.489+0000] {processor.py:914} INFO - Processing file /home/airflow/.local/lib/python3.11/site-packages/airflow/example_dags/example_task_group_decorator.py for tasks to queue
[2025-12-24T09:27:43.494+0000] {logging_mixin.py:190} INFO - [2025-12-24T09:27:43.493+0000] {dagbag.py:588} INFO - Filling up the DagBag from /home/airflow/.local/lib/python3.11/site-packages/airflow/example_dags/example_task_group_decorator.py
[2025-12-24T09:27:43.522+0000] {processor.py:925} INFO - DAG(s) 'example_task_group_decorator' retrieved from /home/airflow/.local/lib/python3.11/site-packages/airflow/example_dags/example_task_group_decorator.py
[2025-12-24T09:27:43.574+0000] {logging_mixin.py:190} INFO - [2025-12-24T09:27:43.573+0000] {dag.py:3239} INFO - Sync 1 DAGs
[2025-12-24T09:27:43.595+0000] {logging_mixin.py:190} INFO - [2025-12-24T09:27:43.595+0000] {dag.py:4180} INFO - Setting next_dagrun for example_task_group_decorator to None, run_after=None
[2025-12-24T09:27:43.650+0000] {processor.py:208} INFO - Processing /home/airflow/.local/lib/python3.11/site-packages/airflow/example_dags/example_task_group_decorator.py took 0.175 seconds
[2025-12-24T09:27:50.786+0000] {processor.py:186} INFO - Started process (PID=966) to work on /home/airflow/.local/lib/python3.11/site-packages/airflow/example_dags/example_task_group_decorator.py
[2025-12-24T09:27:50.787+0000] {processor.py:914} INFO - Processing file /home/airflow/.local/lib/python3.11/site-packages/airflow/example_dags/example_task_group_decorator.py for tasks to queue
[2025-12-24T09:27:50.791+0000] {logging_mixin.py:190} INFO - [2025-12-24T09:27:50.791+0000] {dagbag.py:588} INFO - Filling up the DagBag from /home/airflow/.local/lib/python3.11/site-packages/airflow/example_dags/example_task_group_decorator.py
[2025-12-24T09:27:50.814+0000] {processor.py:925} INFO - DAG(s) 'example_task_group_decorator' retrieved from /home/airflow/.local/lib/python3.11/site-packages/airflow/example_dags/example_task_group_decorator.py
[2025-12-24T09:27:50.866+0000] {logging_mixin.py:190} INFO - [2025-12-24T09:27:50.866+0000] {dag.py:3239} INFO - Sync 1 DAGs
[2025-12-24T09:27:50.895+0000] {logging_mixin.py:190} INFO - [2025-12-24T09:27:50.894+0000] {dag.py:4180} INFO - Setting next_dagrun for example_task_group_decorator to None, run_after=None
[2025-12-24T09:27:50.932+0000] {processor.py:208} INFO - Processing /home/airflow/.local/lib/python3.11/site-packages/airflow/example_dags/example_task_group_decorator.py took 0.157 seconds
[2025-12-24T09:28:00.818+0000] {processor.py:186} INFO - Started process (PID=1032) to work on /home/airflow/.local/lib/python3.11/site-packages/airflow/example_dags/example_task_group_decorator.py
[2025-12-24T09:28:00.820+0000] {processor.py:914} INFO - Processing file /home/airflow/.local/lib/python3.11/site-packages/airflow/example_dags/example_task_group_decorator.py for tasks to queue
[2025-12-24T09:28:00.824+0000] {logging_mixin.py:190} INFO - [2025-12-24T09:28:00.824+0000] {dagbag.py:588} INFO - Filling up the DagBag from /home/airflow/.local/lib/python3.11/site-packages/airflow/example_dags/example_task_group_decorator.py
[2025-12-24T09:28:00.850+0000] {processor.py:925} INFO - DAG(s) 'example_task_group_decorator' retrieved from /home/airflow/.local/lib/python3.11/site-packages/airflow/example_dags/example_task_group_decorator.py
[2025-12-24T09:28:00.891+0000] {logging_mixin.py:190} INFO - [2025-12-24T09:28:00.890+0000] {dag.py:3239} INFO - Sync 1 DAGs
[2025-12-24T09:28:00.909+0000] {logging_mixin.py:190} INFO - [2025-12-24T09:28:00.908+0000] {dag.py:4180} INFO - Setting next_dagrun for example_task_group_decorator to None, run_after=None
[2025-12-24T09:28:00.957+0000] {processor.py:208} INFO - Processing /home/airflow/.local/lib/python3.11/site-packages/airflow/example_dags/example_task_group_decorator.py took 0.150 seconds
[2025-12-24T09:28:15.303+0000] {processor.py:186} INFO - Started process (PID=1091) to work on /home/airflow/.local/lib/python3.11/site-packages/airflow/example_dags/example_task_group_decorator.py
[2025-12-24T09:28:15.305+0000] {processor.py:914} INFO - Processing file /home/airflow/.local/lib/python3.11/site-packages/airflow/example_dags/example_task_group_decorator.py for tasks to queue
[2025-12-24T09:28:15.323+0000] {logging_mixin.py:190} INFO - [2025-12-24T09:28:15.323+0000] {dagbag.py:588} INFO - Filling up the DagBag from /home/airflow/.local/lib/python3.11/site-packages/airflow/example_dags/example_task_group_decorator.py
[2025-12-24T09:28:15.355+0000] {processor.py:925} INFO - DAG(s) 'example_task_group_decorator' retrieved from /home/airflow/.local/lib/python3.11/site-packages/airflow/example_dags/example_task_group_decorator.py
[2025-12-24T09:28:15.406+0000] {logging_mixin.py:190} INFO - [2025-12-24T09:28:15.405+0000] {dag.py:3239} INFO - Sync 1 DAGs
[2025-12-24T09:28:15.432+0000] {logging_mixin.py:190} INFO - [2025-12-24T09:28:15.431+0000] {dag.py:4180} INFO - Setting next_dagrun for example_task_group_decorator to None, run_after=None
[2025-12-24T09:28:15.476+0000] {processor.py:208} INFO - Processing /home/airflow/.local/lib/python3.11/site-packages/airflow/example_dags/example_task_group_decorator.py took 0.189 seconds
[2025-12-24T09:29:12.829+0000] {processor.py:186} INFO - Started process (PID=1150) to work on /home/airflow/.local/lib/python3.11/site-packages/airflow/example_dags/example_task_group_decorator.py
[2025-12-24T09:29:12.831+0000] {processor.py:914} INFO - Processing file /home/airflow/.local/lib/python3.11/site-packages/airflow/example_dags/example_task_group_decorator.py for tasks to queue
[2025-12-24T09:29:12.838+0000] {logging_mixin.py:190} INFO - [2025-12-24T09:29:12.837+0000] {dagbag.py:588} INFO - Filling up the DagBag from /home/airflow/.local/lib/python3.11/site-packages/airflow/example_dags/example_task_group_decorator.py
[2025-12-24T09:29:12.875+0000] {processor.py:925} INFO - DAG(s) 'example_task_group_decorator' retrieved from /home/airflow/.local/lib/python3.11/site-packages/airflow/example_dags/example_task_group_decorator.py
[2025-12-24T09:29:12.935+0000] {logging_mixin.py:190} INFO - [2025-12-24T09:29:12.934+0000] {dag.py:3239} INFO - Sync 1 DAGs
[2025-12-24T09:29:12.961+0000] {logging_mixin.py:190} INFO - [2025-12-24T09:29:12.958+0000] {dag.py:4180} INFO - Setting next_dagrun for example_task_group_decorator to None, run_after=None
[2025-12-24T09:29:13.054+0000] {processor.py:208} INFO - Processing /home/airflow/.local/lib/python3.11/site-packages/airflow/example_dags/example_task_group_decorator.py took 0.238 seconds
