[2025-12-24T09:03:48.078+0000] {processor.py:186} INFO - Started process (PID=119) to work on /home/airflow/.local/lib/python3.11/site-packages/airflow/example_dags/example_skip_dag.py
[2025-12-24T09:03:48.080+0000] {processor.py:914} INFO - Processing file /home/airflow/.local/lib/python3.11/site-packages/airflow/example_dags/example_skip_dag.py for tasks to queue
[2025-12-24T09:03:48.085+0000] {logging_mixin.py:190} INFO - [2025-12-24T09:03:48.085+0000] {dagbag.py:588} INFO - Filling up the DagBag from /home/airflow/.local/lib/python3.11/site-packages/airflow/example_dags/example_skip_dag.py
[2025-12-24T09:03:05.750+0000] {processor.py:925} INFO - DAG(s) 'example_skip_dag' retrieved from /home/airflow/.local/lib/python3.11/site-packages/airflow/example_dags/example_skip_dag.py
[2025-12-24T09:03:05.945+0000] {logging_mixin.py:190} INFO - [2025-12-24T09:03:05.944+0000] {override.py:1911} INFO - Created Permission View: can edit on DAG:example_skip_dag
[2025-12-24T09:03:05.964+0000] {logging_mixin.py:190} INFO - [2025-12-24T09:03:05.963+0000] {override.py:1911} INFO - Created Permission View: can read on DAG:example_skip_dag
[2025-12-24T09:03:05.978+0000] {logging_mixin.py:190} INFO - [2025-12-24T09:03:05.977+0000] {override.py:1911} INFO - Created Permission View: can delete on DAG:example_skip_dag
[2025-12-24T09:03:05.996+0000] {logging_mixin.py:190} INFO - [2025-12-24T09:03:05.996+0000] {override.py:1911} INFO - Created Permission View: can read on DAG Run:example_skip_dag
[2025-12-24T09:03:06.013+0000] {logging_mixin.py:190} INFO - [2025-12-24T09:03:06.013+0000] {override.py:1911} INFO - Created Permission View: can create on DAG Run:example_skip_dag
[2025-12-24T09:03:06.026+0000] {logging_mixin.py:190} INFO - [2025-12-24T09:03:06.025+0000] {override.py:1911} INFO - Created Permission View: can delete on DAG Run:example_skip_dag
[2025-12-24T09:03:06.038+0000] {logging_mixin.py:190} INFO - [2025-12-24T09:03:06.038+0000] {override.py:1911} INFO - Created Permission View: menu access on DAG Run:example_skip_dag
[2025-12-24T09:03:06.040+0000] {logging_mixin.py:190} INFO - [2025-12-24T09:03:06.039+0000] {dag.py:3239} INFO - Sync 1 DAGs
[2025-12-24T09:03:06.057+0000] {logging_mixin.py:190} INFO - [2025-12-24T09:03:06.056+0000] {dag.py:3262} INFO - Creating ORM DAG for example_skip_dag
[2025-12-24T09:03:06.069+0000] {logging_mixin.py:190} INFO - [2025-12-24T09:03:06.069+0000] {dag.py:4180} INFO - Setting next_dagrun for example_skip_dag to 2025-12-23 00:00:00+00:00, run_after=2025-12-24 00:00:00+00:00
[2025-12-24T09:03:06.091+0000] {processor.py:208} INFO - Processing /home/airflow/.local/lib/python3.11/site-packages/airflow/example_dags/example_skip_dag.py took 0.372 seconds
[2025-12-24T09:03:15.770+0000] {processor.py:186} INFO - Started process (PID=184) to work on /home/airflow/.local/lib/python3.11/site-packages/airflow/example_dags/example_skip_dag.py
[2025-12-24T09:03:15.772+0000] {processor.py:914} INFO - Processing file /home/airflow/.local/lib/python3.11/site-packages/airflow/example_dags/example_skip_dag.py for tasks to queue
[2025-12-24T09:03:15.778+0000] {logging_mixin.py:190} INFO - [2025-12-24T09:03:15.778+0000] {dagbag.py:588} INFO - Filling up the DagBag from /home/airflow/.local/lib/python3.11/site-packages/airflow/example_dags/example_skip_dag.py
[2025-12-24T09:03:15.797+0000] {processor.py:925} INFO - DAG(s) 'example_skip_dag' retrieved from /home/airflow/.local/lib/python3.11/site-packages/airflow/example_dags/example_skip_dag.py
[2025-12-24T09:03:15.826+0000] {logging_mixin.py:190} INFO - [2025-12-24T09:03:15.825+0000] {dag.py:3239} INFO - Sync 1 DAGs
[2025-12-24T09:03:15.867+0000] {logging_mixin.py:190} INFO - [2025-12-24T09:03:15.866+0000] {dag.py:4180} INFO - Setting next_dagrun for example_skip_dag to 2025-12-23 00:00:00+00:00, run_after=2025-12-24 00:00:00+00:00
[2025-12-24T09:03:15.973+0000] {processor.py:208} INFO - Processing /home/airflow/.local/lib/python3.11/site-packages/airflow/example_dags/example_skip_dag.py took 0.214 seconds
[2025-12-24T09:04:18.762+0000] {processor.py:186} INFO - Started process (PID=239) to work on /home/airflow/.local/lib/python3.11/site-packages/airflow/example_dags/example_skip_dag.py
[2025-12-24T09:04:18.763+0000] {processor.py:914} INFO - Processing file /home/airflow/.local/lib/python3.11/site-packages/airflow/example_dags/example_skip_dag.py for tasks to queue
[2025-12-24T09:04:18.768+0000] {logging_mixin.py:190} INFO - [2025-12-24T09:04:18.767+0000] {dagbag.py:588} INFO - Filling up the DagBag from /home/airflow/.local/lib/python3.11/site-packages/airflow/example_dags/example_skip_dag.py
[2025-12-24T09:04:18.781+0000] {processor.py:925} INFO - DAG(s) 'example_skip_dag' retrieved from /home/airflow/.local/lib/python3.11/site-packages/airflow/example_dags/example_skip_dag.py
[2025-12-24T09:04:18.817+0000] {logging_mixin.py:190} INFO - [2025-12-24T09:04:18.816+0000] {dag.py:3239} INFO - Sync 1 DAGs
[2025-12-24T09:04:18.846+0000] {logging_mixin.py:190} INFO - [2025-12-24T09:04:18.846+0000] {dag.py:4180} INFO - Setting next_dagrun for example_skip_dag to 2025-12-23 00:00:00+00:00, run_after=2025-12-24 00:00:00+00:00
[2025-12-24T09:04:18.871+0000] {processor.py:208} INFO - Processing /home/airflow/.local/lib/python3.11/site-packages/airflow/example_dags/example_skip_dag.py took 0.119 seconds
[2025-12-24T09:04:17.085+0000] {processor.py:186} INFO - Started process (PID=312) to work on /home/airflow/.local/lib/python3.11/site-packages/airflow/example_dags/example_skip_dag.py
[2025-12-24T09:04:17.088+0000] {processor.py:914} INFO - Processing file /home/airflow/.local/lib/python3.11/site-packages/airflow/example_dags/example_skip_dag.py for tasks to queue
[2025-12-24T09:04:17.114+0000] {logging_mixin.py:190} INFO - [2025-12-24T09:04:17.113+0000] {dagbag.py:588} INFO - Filling up the DagBag from /home/airflow/.local/lib/python3.11/site-packages/airflow/example_dags/example_skip_dag.py
[2025-12-24T09:04:17.133+0000] {processor.py:925} INFO - DAG(s) 'example_skip_dag' retrieved from /home/airflow/.local/lib/python3.11/site-packages/airflow/example_dags/example_skip_dag.py
[2025-12-24T09:04:17.183+0000] {logging_mixin.py:190} INFO - [2025-12-24T09:04:17.183+0000] {dag.py:3239} INFO - Sync 1 DAGs
[2025-12-24T09:04:17.225+0000] {logging_mixin.py:190} INFO - [2025-12-24T09:04:17.225+0000] {dag.py:4180} INFO - Setting next_dagrun for example_skip_dag to 2025-12-23 00:00:00+00:00, run_after=2025-12-24 00:00:00+00:00
[2025-12-24T09:04:17.265+0000] {processor.py:208} INFO - Processing /home/airflow/.local/lib/python3.11/site-packages/airflow/example_dags/example_skip_dag.py took 0.192 seconds
[2025-12-24T09:04:46.659+0000] {processor.py:186} INFO - Started process (PID=376) to work on /home/airflow/.local/lib/python3.11/site-packages/airflow/example_dags/example_skip_dag.py
[2025-12-24T09:04:46.661+0000] {processor.py:914} INFO - Processing file /home/airflow/.local/lib/python3.11/site-packages/airflow/example_dags/example_skip_dag.py for tasks to queue
[2025-12-24T09:04:46.665+0000] {logging_mixin.py:190} INFO - [2025-12-24T09:04:46.665+0000] {dagbag.py:588} INFO - Filling up the DagBag from /home/airflow/.local/lib/python3.11/site-packages/airflow/example_dags/example_skip_dag.py
[2025-12-24T09:04:46.680+0000] {processor.py:925} INFO - DAG(s) 'example_skip_dag' retrieved from /home/airflow/.local/lib/python3.11/site-packages/airflow/example_dags/example_skip_dag.py
[2025-12-24T09:04:46.728+0000] {logging_mixin.py:190} INFO - [2025-12-24T09:04:46.727+0000] {dag.py:3239} INFO - Sync 1 DAGs
[2025-12-24T09:04:46.781+0000] {logging_mixin.py:190} INFO - [2025-12-24T09:04:46.781+0000] {dag.py:4180} INFO - Setting next_dagrun for example_skip_dag to 2025-12-23 00:00:00+00:00, run_after=2025-12-24 00:00:00+00:00
[2025-12-24T09:04:46.821+0000] {processor.py:208} INFO - Processing /home/airflow/.local/lib/python3.11/site-packages/airflow/example_dags/example_skip_dag.py took 0.175 seconds
[2025-12-24T09:04:56.150+0000] {processor.py:186} INFO - Started process (PID=434) to work on /home/airflow/.local/lib/python3.11/site-packages/airflow/example_dags/example_skip_dag.py
[2025-12-24T09:04:56.152+0000] {processor.py:914} INFO - Processing file /home/airflow/.local/lib/python3.11/site-packages/airflow/example_dags/example_skip_dag.py for tasks to queue
[2025-12-24T09:04:56.157+0000] {logging_mixin.py:190} INFO - [2025-12-24T09:04:56.156+0000] {dagbag.py:588} INFO - Filling up the DagBag from /home/airflow/.local/lib/python3.11/site-packages/airflow/example_dags/example_skip_dag.py
[2025-12-24T09:04:56.169+0000] {processor.py:925} INFO - DAG(s) 'example_skip_dag' retrieved from /home/airflow/.local/lib/python3.11/site-packages/airflow/example_dags/example_skip_dag.py
[2025-12-24T09:04:56.206+0000] {logging_mixin.py:190} INFO - [2025-12-24T09:04:56.205+0000] {dag.py:3239} INFO - Sync 1 DAGs
[2025-12-24T09:04:56.235+0000] {logging_mixin.py:190} INFO - [2025-12-24T09:04:56.234+0000] {dag.py:4180} INFO - Setting next_dagrun for example_skip_dag to 2025-12-23 00:00:00+00:00, run_after=2025-12-24 00:00:00+00:00
[2025-12-24T09:04:56.264+0000] {processor.py:208} INFO - Processing /home/airflow/.local/lib/python3.11/site-packages/airflow/example_dags/example_skip_dag.py took 0.125 seconds
[2025-12-24T09:05:30.138+0000] {processor.py:186} INFO - Started process (PID=533) to work on /home/airflow/.local/lib/python3.11/site-packages/airflow/example_dags/example_skip_dag.py
[2025-12-24T09:05:30.140+0000] {processor.py:914} INFO - Processing file /home/airflow/.local/lib/python3.11/site-packages/airflow/example_dags/example_skip_dag.py for tasks to queue
[2025-12-24T09:05:30.146+0000] {logging_mixin.py:190} INFO - [2025-12-24T09:05:30.146+0000] {dagbag.py:588} INFO - Filling up the DagBag from /home/airflow/.local/lib/python3.11/site-packages/airflow/example_dags/example_skip_dag.py
[2025-12-24T09:05:30.158+0000] {processor.py:925} INFO - DAG(s) 'example_skip_dag' retrieved from /home/airflow/.local/lib/python3.11/site-packages/airflow/example_dags/example_skip_dag.py
[2025-12-24T09:05:30.191+0000] {logging_mixin.py:190} INFO - [2025-12-24T09:05:30.191+0000] {dag.py:3239} INFO - Sync 1 DAGs
[2025-12-24T09:05:30.222+0000] {logging_mixin.py:190} INFO - [2025-12-24T09:05:30.221+0000] {dag.py:4180} INFO - Setting next_dagrun for example_skip_dag to 2025-12-23 00:00:00+00:00, run_after=2025-12-24 00:00:00+00:00
[2025-12-24T09:05:30.253+0000] {processor.py:208} INFO - Processing /home/airflow/.local/lib/python3.11/site-packages/airflow/example_dags/example_skip_dag.py took 0.125 seconds
[2025-12-24T09:05:42.222+0000] {processor.py:186} INFO - Started process (PID=590) to work on /home/airflow/.local/lib/python3.11/site-packages/airflow/example_dags/example_skip_dag.py
[2025-12-24T09:05:42.223+0000] {processor.py:914} INFO - Processing file /home/airflow/.local/lib/python3.11/site-packages/airflow/example_dags/example_skip_dag.py for tasks to queue
[2025-12-24T09:05:42.227+0000] {logging_mixin.py:190} INFO - [2025-12-24T09:05:42.226+0000] {dagbag.py:588} INFO - Filling up the DagBag from /home/airflow/.local/lib/python3.11/site-packages/airflow/example_dags/example_skip_dag.py
[2025-12-24T09:05:42.248+0000] {processor.py:925} INFO - DAG(s) 'example_skip_dag' retrieved from /home/airflow/.local/lib/python3.11/site-packages/airflow/example_dags/example_skip_dag.py
[2025-12-24T09:05:42.299+0000] {logging_mixin.py:190} INFO - [2025-12-24T09:05:42.298+0000] {dag.py:3239} INFO - Sync 1 DAGs
[2025-12-24T09:05:42.326+0000] {logging_mixin.py:190} INFO - [2025-12-24T09:05:42.326+0000] {dag.py:4180} INFO - Setting next_dagrun for example_skip_dag to 2025-12-23 00:00:00+00:00, run_after=2025-12-24 00:00:00+00:00
[2025-12-24T09:05:42.357+0000] {processor.py:208} INFO - Processing /home/airflow/.local/lib/python3.11/site-packages/airflow/example_dags/example_skip_dag.py took 0.147 seconds
[2025-12-24T09:06:44.119+0000] {processor.py:186} INFO - Started process (PID=652) to work on /home/airflow/.local/lib/python3.11/site-packages/airflow/example_dags/example_skip_dag.py
[2025-12-24T09:06:44.120+0000] {processor.py:914} INFO - Processing file /home/airflow/.local/lib/python3.11/site-packages/airflow/example_dags/example_skip_dag.py for tasks to queue
[2025-12-24T09:06:44.124+0000] {logging_mixin.py:190} INFO - [2025-12-24T09:06:44.124+0000] {dagbag.py:588} INFO - Filling up the DagBag from /home/airflow/.local/lib/python3.11/site-packages/airflow/example_dags/example_skip_dag.py
[2025-12-24T09:06:44.135+0000] {processor.py:925} INFO - DAG(s) 'example_skip_dag' retrieved from /home/airflow/.local/lib/python3.11/site-packages/airflow/example_dags/example_skip_dag.py
[2025-12-24T09:06:44.166+0000] {logging_mixin.py:190} INFO - [2025-12-24T09:06:44.165+0000] {dag.py:3239} INFO - Sync 1 DAGs
[2025-12-24T09:06:44.193+0000] {logging_mixin.py:190} INFO - [2025-12-24T09:06:44.193+0000] {dag.py:4180} INFO - Setting next_dagrun for example_skip_dag to 2025-12-23 00:00:00+00:00, run_after=2025-12-24 00:00:00+00:00
[2025-12-24T09:06:44.217+0000] {processor.py:208} INFO - Processing /home/airflow/.local/lib/python3.11/site-packages/airflow/example_dags/example_skip_dag.py took 0.109 seconds
[2025-12-24T09:06:47.666+0000] {processor.py:186} INFO - Started process (PID=726) to work on /home/airflow/.local/lib/python3.11/site-packages/airflow/example_dags/example_skip_dag.py
[2025-12-24T09:06:47.672+0000] {processor.py:914} INFO - Processing file /home/airflow/.local/lib/python3.11/site-packages/airflow/example_dags/example_skip_dag.py for tasks to queue
[2025-12-24T09:06:47.695+0000] {logging_mixin.py:190} INFO - [2025-12-24T09:06:47.690+0000] {dagbag.py:588} INFO - Filling up the DagBag from /home/airflow/.local/lib/python3.11/site-packages/airflow/example_dags/example_skip_dag.py
[2025-12-24T09:06:47.729+0000] {processor.py:925} INFO - DAG(s) 'example_skip_dag' retrieved from /home/airflow/.local/lib/python3.11/site-packages/airflow/example_dags/example_skip_dag.py
[2025-12-24T09:06:47.810+0000] {logging_mixin.py:190} INFO - [2025-12-24T09:06:47.799+0000] {dag.py:3239} INFO - Sync 1 DAGs
[2025-12-24T09:06:47.864+0000] {logging_mixin.py:190} INFO - [2025-12-24T09:06:47.864+0000] {dag.py:4180} INFO - Setting next_dagrun for example_skip_dag to 2025-12-23 00:00:00+00:00, run_after=2025-12-24 00:00:00+00:00
[2025-12-24T09:06:47.921+0000] {processor.py:208} INFO - Processing /home/airflow/.local/lib/python3.11/site-packages/airflow/example_dags/example_skip_dag.py took 0.279 seconds
[2025-12-24T09:07:17.062+0000] {processor.py:186} INFO - Started process (PID=790) to work on /home/airflow/.local/lib/python3.11/site-packages/airflow/example_dags/example_skip_dag.py
[2025-12-24T09:07:17.063+0000] {processor.py:914} INFO - Processing file /home/airflow/.local/lib/python3.11/site-packages/airflow/example_dags/example_skip_dag.py for tasks to queue
[2025-12-24T09:07:17.067+0000] {logging_mixin.py:190} INFO - [2025-12-24T09:07:17.066+0000] {dagbag.py:588} INFO - Filling up the DagBag from /home/airflow/.local/lib/python3.11/site-packages/airflow/example_dags/example_skip_dag.py
[2025-12-24T09:07:17.079+0000] {processor.py:925} INFO - DAG(s) 'example_skip_dag' retrieved from /home/airflow/.local/lib/python3.11/site-packages/airflow/example_dags/example_skip_dag.py
[2025-12-24T09:07:17.119+0000] {logging_mixin.py:190} INFO - [2025-12-24T09:07:17.118+0000] {dag.py:3239} INFO - Sync 1 DAGs
[2025-12-24T09:07:17.147+0000] {logging_mixin.py:190} INFO - [2025-12-24T09:07:17.147+0000] {dag.py:4180} INFO - Setting next_dagrun for example_skip_dag to 2025-12-23 00:00:00+00:00, run_after=2025-12-24 00:00:00+00:00
[2025-12-24T09:07:17.175+0000] {processor.py:208} INFO - Processing /home/airflow/.local/lib/python3.11/site-packages/airflow/example_dags/example_skip_dag.py took 0.123 seconds
[2025-12-24T09:07:27.243+0000] {processor.py:186} INFO - Started process (PID=847) to work on /home/airflow/.local/lib/python3.11/site-packages/airflow/example_dags/example_skip_dag.py
[2025-12-24T09:07:27.246+0000] {processor.py:914} INFO - Processing file /home/airflow/.local/lib/python3.11/site-packages/airflow/example_dags/example_skip_dag.py for tasks to queue
[2025-12-24T09:07:27.253+0000] {logging_mixin.py:190} INFO - [2025-12-24T09:07:27.252+0000] {dagbag.py:588} INFO - Filling up the DagBag from /home/airflow/.local/lib/python3.11/site-packages/airflow/example_dags/example_skip_dag.py
[2025-12-24T09:07:27.273+0000] {processor.py:925} INFO - DAG(s) 'example_skip_dag' retrieved from /home/airflow/.local/lib/python3.11/site-packages/airflow/example_dags/example_skip_dag.py
[2025-12-24T09:07:27.320+0000] {logging_mixin.py:190} INFO - [2025-12-24T09:07:27.319+0000] {dag.py:3239} INFO - Sync 1 DAGs
[2025-12-24T09:07:27.352+0000] {logging_mixin.py:190} INFO - [2025-12-24T09:07:27.352+0000] {dag.py:4180} INFO - Setting next_dagrun for example_skip_dag to 2025-12-23 00:00:00+00:00, run_after=2025-12-24 00:00:00+00:00
[2025-12-24T09:07:27.392+0000] {processor.py:208} INFO - Processing /home/airflow/.local/lib/python3.11/site-packages/airflow/example_dags/example_skip_dag.py took 0.163 seconds
[2025-12-24T09:07:36.454+0000] {processor.py:186} INFO - Started process (PID=903) to work on /home/airflow/.local/lib/python3.11/site-packages/airflow/example_dags/example_skip_dag.py
[2025-12-24T09:07:36.456+0000] {processor.py:914} INFO - Processing file /home/airflow/.local/lib/python3.11/site-packages/airflow/example_dags/example_skip_dag.py for tasks to queue
[2025-12-24T09:07:36.462+0000] {logging_mixin.py:190} INFO - [2025-12-24T09:07:36.461+0000] {dagbag.py:588} INFO - Filling up the DagBag from /home/airflow/.local/lib/python3.11/site-packages/airflow/example_dags/example_skip_dag.py
[2025-12-24T09:07:36.478+0000] {processor.py:925} INFO - DAG(s) 'example_skip_dag' retrieved from /home/airflow/.local/lib/python3.11/site-packages/airflow/example_dags/example_skip_dag.py
[2025-12-24T09:07:36.525+0000] {logging_mixin.py:190} INFO - [2025-12-24T09:07:36.525+0000] {dag.py:3239} INFO - Sync 1 DAGs
[2025-12-24T09:07:36.563+0000] {logging_mixin.py:190} INFO - [2025-12-24T09:07:36.563+0000] {dag.py:4180} INFO - Setting next_dagrun for example_skip_dag to 2025-12-23 00:00:00+00:00, run_after=2025-12-24 00:00:00+00:00
[2025-12-24T09:07:36.594+0000] {processor.py:208} INFO - Processing /home/airflow/.local/lib/python3.11/site-packages/airflow/example_dags/example_skip_dag.py took 0.152 seconds
[2025-12-24T09:07:45.465+0000] {processor.py:186} INFO - Started process (PID=958) to work on /home/airflow/.local/lib/python3.11/site-packages/airflow/example_dags/example_skip_dag.py
[2025-12-24T09:07:45.467+0000] {processor.py:914} INFO - Processing file /home/airflow/.local/lib/python3.11/site-packages/airflow/example_dags/example_skip_dag.py for tasks to queue
[2025-12-24T09:07:45.472+0000] {logging_mixin.py:190} INFO - [2025-12-24T09:07:45.471+0000] {dagbag.py:588} INFO - Filling up the DagBag from /home/airflow/.local/lib/python3.11/site-packages/airflow/example_dags/example_skip_dag.py
[2025-12-24T09:07:45.495+0000] {processor.py:925} INFO - DAG(s) 'example_skip_dag' retrieved from /home/airflow/.local/lib/python3.11/site-packages/airflow/example_dags/example_skip_dag.py
[2025-12-24T09:07:45.560+0000] {logging_mixin.py:190} INFO - [2025-12-24T09:07:45.549+0000] {dag.py:3239} INFO - Sync 1 DAGs
[2025-12-24T09:07:45.605+0000] {logging_mixin.py:190} INFO - [2025-12-24T09:07:45.605+0000] {dag.py:4180} INFO - Setting next_dagrun for example_skip_dag to 2025-12-23 00:00:00+00:00, run_after=2025-12-24 00:00:00+00:00
[2025-12-24T09:07:45.640+0000] {processor.py:208} INFO - Processing /home/airflow/.local/lib/python3.11/site-packages/airflow/example_dags/example_skip_dag.py took 0.184 seconds
[2025-12-24T09:08:43.826+0000] {processor.py:186} INFO - Started process (PID=1021) to work on /home/airflow/.local/lib/python3.11/site-packages/airflow/example_dags/example_skip_dag.py
[2025-12-24T09:08:43.828+0000] {processor.py:914} INFO - Processing file /home/airflow/.local/lib/python3.11/site-packages/airflow/example_dags/example_skip_dag.py for tasks to queue
[2025-12-24T09:08:43.835+0000] {logging_mixin.py:190} INFO - [2025-12-24T09:08:43.834+0000] {dagbag.py:588} INFO - Filling up the DagBag from /home/airflow/.local/lib/python3.11/site-packages/airflow/example_dags/example_skip_dag.py
[2025-12-24T09:08:43.850+0000] {processor.py:925} INFO - DAG(s) 'example_skip_dag' retrieved from /home/airflow/.local/lib/python3.11/site-packages/airflow/example_dags/example_skip_dag.py
[2025-12-24T09:08:43.886+0000] {logging_mixin.py:190} INFO - [2025-12-24T09:08:43.885+0000] {dag.py:3239} INFO - Sync 1 DAGs
[2025-12-24T09:08:43.916+0000] {logging_mixin.py:190} INFO - [2025-12-24T09:08:43.916+0000] {dag.py:4180} INFO - Setting next_dagrun for example_skip_dag to 2025-12-23 00:00:00+00:00, run_after=2025-12-24 00:00:00+00:00
[2025-12-24T09:08:43.944+0000] {processor.py:208} INFO - Processing /home/airflow/.local/lib/python3.11/site-packages/airflow/example_dags/example_skip_dag.py took 0.130 seconds
[2025-12-24T09:09:23.090+0000] {processor.py:186} INFO - Started process (PID=1088) to work on /home/airflow/.local/lib/python3.11/site-packages/airflow/example_dags/example_skip_dag.py
[2025-12-24T09:09:23.094+0000] {processor.py:914} INFO - Processing file /home/airflow/.local/lib/python3.11/site-packages/airflow/example_dags/example_skip_dag.py for tasks to queue
[2025-12-24T09:09:23.101+0000] {logging_mixin.py:190} INFO - [2025-12-24T09:09:23.101+0000] {dagbag.py:588} INFO - Filling up the DagBag from /home/airflow/.local/lib/python3.11/site-packages/airflow/example_dags/example_skip_dag.py
[2025-12-24T09:09:23.113+0000] {processor.py:925} INFO - DAG(s) 'example_skip_dag' retrieved from /home/airflow/.local/lib/python3.11/site-packages/airflow/example_dags/example_skip_dag.py
[2025-12-24T09:09:23.143+0000] {logging_mixin.py:190} INFO - [2025-12-24T09:09:23.142+0000] {dag.py:3239} INFO - Sync 1 DAGs
[2025-12-24T09:09:23.170+0000] {logging_mixin.py:190} INFO - [2025-12-24T09:09:23.170+0000] {dag.py:4180} INFO - Setting next_dagrun for example_skip_dag to 2025-12-23 00:00:00+00:00, run_after=2025-12-24 00:00:00+00:00
[2025-12-24T09:09:23.193+0000] {processor.py:208} INFO - Processing /home/airflow/.local/lib/python3.11/site-packages/airflow/example_dags/example_skip_dag.py took 0.117 seconds
[2025-12-24T09:09:22.195+0000] {processor.py:186} INFO - Started process (PID=1169) to work on /home/airflow/.local/lib/python3.11/site-packages/airflow/example_dags/example_skip_dag.py
[2025-12-24T09:09:22.197+0000] {processor.py:914} INFO - Processing file /home/airflow/.local/lib/python3.11/site-packages/airflow/example_dags/example_skip_dag.py for tasks to queue
[2025-12-24T09:09:22.201+0000] {logging_mixin.py:190} INFO - [2025-12-24T09:09:22.201+0000] {dagbag.py:588} INFO - Filling up the DagBag from /home/airflow/.local/lib/python3.11/site-packages/airflow/example_dags/example_skip_dag.py
[2025-12-24T09:09:22.214+0000] {processor.py:925} INFO - DAG(s) 'example_skip_dag' retrieved from /home/airflow/.local/lib/python3.11/site-packages/airflow/example_dags/example_skip_dag.py
[2025-12-24T09:09:22.265+0000] {logging_mixin.py:190} INFO - [2025-12-24T09:09:22.265+0000] {dag.py:3239} INFO - Sync 1 DAGs
[2025-12-24T09:09:22.294+0000] {logging_mixin.py:190} INFO - [2025-12-24T09:09:22.294+0000] {dag.py:4180} INFO - Setting next_dagrun for example_skip_dag to 2025-12-23 00:00:00+00:00, run_after=2025-12-24 00:00:00+00:00
[2025-12-24T09:09:22.322+0000] {processor.py:208} INFO - Processing /home/airflow/.local/lib/python3.11/site-packages/airflow/example_dags/example_skip_dag.py took 0.136 seconds
[2025-12-24T09:10:28.428+0000] {processor.py:186} INFO - Started process (PID=1234) to work on /home/airflow/.local/lib/python3.11/site-packages/airflow/example_dags/example_skip_dag.py
[2025-12-24T09:10:28.430+0000] {processor.py:914} INFO - Processing file /home/airflow/.local/lib/python3.11/site-packages/airflow/example_dags/example_skip_dag.py for tasks to queue
[2025-12-24T09:10:28.435+0000] {logging_mixin.py:190} INFO - [2025-12-24T09:10:28.434+0000] {dagbag.py:588} INFO - Filling up the DagBag from /home/airflow/.local/lib/python3.11/site-packages/airflow/example_dags/example_skip_dag.py
[2025-12-24T09:10:28.448+0000] {processor.py:925} INFO - DAG(s) 'example_skip_dag' retrieved from /home/airflow/.local/lib/python3.11/site-packages/airflow/example_dags/example_skip_dag.py
[2025-12-24T09:10:28.484+0000] {logging_mixin.py:190} INFO - [2025-12-24T09:10:28.483+0000] {dag.py:3239} INFO - Sync 1 DAGs
[2025-12-24T09:10:28.525+0000] {logging_mixin.py:190} INFO - [2025-12-24T09:10:28.524+0000] {dag.py:4180} INFO - Setting next_dagrun for example_skip_dag to 2025-12-23 00:00:00+00:00, run_after=2025-12-24 00:00:00+00:00
[2025-12-24T09:10:28.548+0000] {processor.py:208} INFO - Processing /home/airflow/.local/lib/python3.11/site-packages/airflow/example_dags/example_skip_dag.py took 0.130 seconds
[2025-12-24T09:10:21.826+0000] {processor.py:186} INFO - Started process (PID=1299) to work on /home/airflow/.local/lib/python3.11/site-packages/airflow/example_dags/example_skip_dag.py
[2025-12-24T09:10:21.827+0000] {processor.py:914} INFO - Processing file /home/airflow/.local/lib/python3.11/site-packages/airflow/example_dags/example_skip_dag.py for tasks to queue
[2025-12-24T09:10:21.831+0000] {logging_mixin.py:190} INFO - [2025-12-24T09:10:21.831+0000] {dagbag.py:588} INFO - Filling up the DagBag from /home/airflow/.local/lib/python3.11/site-packages/airflow/example_dags/example_skip_dag.py
[2025-12-24T09:10:21.843+0000] {processor.py:925} INFO - DAG(s) 'example_skip_dag' retrieved from /home/airflow/.local/lib/python3.11/site-packages/airflow/example_dags/example_skip_dag.py
[2025-12-24T09:10:21.877+0000] {logging_mixin.py:190} INFO - [2025-12-24T09:10:21.876+0000] {dag.py:3239} INFO - Sync 1 DAGs
[2025-12-24T09:10:21.905+0000] {logging_mixin.py:190} INFO - [2025-12-24T09:10:21.905+0000] {dag.py:4180} INFO - Setting next_dagrun for example_skip_dag to 2025-12-23 00:00:00+00:00, run_after=2025-12-24 00:00:00+00:00
[2025-12-24T09:10:21.943+0000] {processor.py:208} INFO - Processing /home/airflow/.local/lib/python3.11/site-packages/airflow/example_dags/example_skip_dag.py took 0.126 seconds
[2025-12-24T09:11:33.722+0000] {processor.py:186} INFO - Started process (PID=1348) to work on /home/airflow/.local/lib/python3.11/site-packages/airflow/example_dags/example_skip_dag.py
[2025-12-24T09:11:33.724+0000] {processor.py:914} INFO - Processing file /home/airflow/.local/lib/python3.11/site-packages/airflow/example_dags/example_skip_dag.py for tasks to queue
[2025-12-24T09:11:33.728+0000] {logging_mixin.py:190} INFO - [2025-12-24T09:11:33.728+0000] {dagbag.py:588} INFO - Filling up the DagBag from /home/airflow/.local/lib/python3.11/site-packages/airflow/example_dags/example_skip_dag.py
[2025-12-24T09:11:33.740+0000] {processor.py:925} INFO - DAG(s) 'example_skip_dag' retrieved from /home/airflow/.local/lib/python3.11/site-packages/airflow/example_dags/example_skip_dag.py
[2025-12-24T09:10:51.433+0000] {logging_mixin.py:190} INFO - [2025-12-24T09:10:51.432+0000] {dag.py:3239} INFO - Sync 1 DAGs
[2025-12-24T09:10:51.460+0000] {logging_mixin.py:190} INFO - [2025-12-24T09:10:51.460+0000] {dag.py:4180} INFO - Setting next_dagrun for example_skip_dag to 2025-12-23 00:00:00+00:00, run_after=2025-12-24 00:00:00+00:00
[2025-12-24T09:10:51.488+0000] {processor.py:208} INFO - Processing /home/airflow/.local/lib/python3.11/site-packages/airflow/example_dags/example_skip_dag.py took 0.120 seconds
[2025-12-24T09:11:01.804+0000] {processor.py:186} INFO - Started process (PID=1405) to work on /home/airflow/.local/lib/python3.11/site-packages/airflow/example_dags/example_skip_dag.py
[2025-12-24T09:11:01.806+0000] {processor.py:914} INFO - Processing file /home/airflow/.local/lib/python3.11/site-packages/airflow/example_dags/example_skip_dag.py for tasks to queue
[2025-12-24T09:11:01.812+0000] {logging_mixin.py:190} INFO - [2025-12-24T09:11:01.811+0000] {dagbag.py:588} INFO - Filling up the DagBag from /home/airflow/.local/lib/python3.11/site-packages/airflow/example_dags/example_skip_dag.py
[2025-12-24T09:11:01.830+0000] {processor.py:925} INFO - DAG(s) 'example_skip_dag' retrieved from /home/airflow/.local/lib/python3.11/site-packages/airflow/example_dags/example_skip_dag.py
[2025-12-24T09:11:01.874+0000] {logging_mixin.py:190} INFO - [2025-12-24T09:11:01.873+0000] {dag.py:3239} INFO - Sync 1 DAGs
[2025-12-24T09:11:01.905+0000] {logging_mixin.py:190} INFO - [2025-12-24T09:11:01.905+0000] {dag.py:4180} INFO - Setting next_dagrun for example_skip_dag to 2025-12-23 00:00:00+00:00, run_after=2025-12-24 00:00:00+00:00
[2025-12-24T09:11:01.937+0000] {processor.py:208} INFO - Processing /home/airflow/.local/lib/python3.11/site-packages/airflow/example_dags/example_skip_dag.py took 0.146 seconds
[2025-12-24T09:11:32.682+0000] {processor.py:186} INFO - Started process (PID=1466) to work on /home/airflow/.local/lib/python3.11/site-packages/airflow/example_dags/example_skip_dag.py
[2025-12-24T09:11:32.684+0000] {processor.py:914} INFO - Processing file /home/airflow/.local/lib/python3.11/site-packages/airflow/example_dags/example_skip_dag.py for tasks to queue
[2025-12-24T09:11:32.687+0000] {logging_mixin.py:190} INFO - [2025-12-24T09:11:32.687+0000] {dagbag.py:588} INFO - Filling up the DagBag from /home/airflow/.local/lib/python3.11/site-packages/airflow/example_dags/example_skip_dag.py
[2025-12-24T09:11:32.699+0000] {processor.py:925} INFO - DAG(s) 'example_skip_dag' retrieved from /home/airflow/.local/lib/python3.11/site-packages/airflow/example_dags/example_skip_dag.py
[2025-12-24T09:11:32.728+0000] {logging_mixin.py:190} INFO - [2025-12-24T09:11:32.727+0000] {dag.py:3239} INFO - Sync 1 DAGs
[2025-12-24T09:11:32.754+0000] {logging_mixin.py:190} INFO - [2025-12-24T09:11:32.754+0000] {dag.py:4180} INFO - Setting next_dagrun for example_skip_dag to 2025-12-23 00:00:00+00:00, run_after=2025-12-24 00:00:00+00:00
[2025-12-24T09:11:32.778+0000] {processor.py:208} INFO - Processing /home/airflow/.local/lib/python3.11/site-packages/airflow/example_dags/example_skip_dag.py took 0.104 seconds
[2025-12-24T09:12:34.401+0000] {processor.py:186} INFO - Started process (PID=1531) to work on /home/airflow/.local/lib/python3.11/site-packages/airflow/example_dags/example_skip_dag.py
[2025-12-24T09:12:34.403+0000] {processor.py:914} INFO - Processing file /home/airflow/.local/lib/python3.11/site-packages/airflow/example_dags/example_skip_dag.py for tasks to queue
[2025-12-24T09:12:34.406+0000] {logging_mixin.py:190} INFO - [2025-12-24T09:12:34.405+0000] {dagbag.py:588} INFO - Filling up the DagBag from /home/airflow/.local/lib/python3.11/site-packages/airflow/example_dags/example_skip_dag.py
[2025-12-24T09:12:34.417+0000] {processor.py:925} INFO - DAG(s) 'example_skip_dag' retrieved from /home/airflow/.local/lib/python3.11/site-packages/airflow/example_dags/example_skip_dag.py
[2025-12-24T09:12:34.447+0000] {logging_mixin.py:190} INFO - [2025-12-24T09:12:34.446+0000] {dag.py:3239} INFO - Sync 1 DAGs
[2025-12-24T09:12:34.473+0000] {logging_mixin.py:190} INFO - [2025-12-24T09:12:34.473+0000] {dag.py:4180} INFO - Setting next_dagrun for example_skip_dag to 2025-12-23 00:00:00+00:00, run_after=2025-12-24 00:00:00+00:00
[2025-12-24T09:12:34.495+0000] {processor.py:208} INFO - Processing /home/airflow/.local/lib/python3.11/site-packages/airflow/example_dags/example_skip_dag.py took 0.102 seconds
[2025-12-24T09:12:46.191+0000] {processor.py:186} INFO - Started process (PID=1597) to work on /home/airflow/.local/lib/python3.11/site-packages/airflow/example_dags/example_skip_dag.py
[2025-12-24T09:12:46.193+0000] {processor.py:914} INFO - Processing file /home/airflow/.local/lib/python3.11/site-packages/airflow/example_dags/example_skip_dag.py for tasks to queue
[2025-12-24T09:12:46.196+0000] {logging_mixin.py:190} INFO - [2025-12-24T09:12:46.196+0000] {dagbag.py:588} INFO - Filling up the DagBag from /home/airflow/.local/lib/python3.11/site-packages/airflow/example_dags/example_skip_dag.py
[2025-12-24T09:12:46.213+0000] {processor.py:925} INFO - DAG(s) 'example_skip_dag' retrieved from /home/airflow/.local/lib/python3.11/site-packages/airflow/example_dags/example_skip_dag.py
[2025-12-24T09:12:46.258+0000] {logging_mixin.py:190} INFO - [2025-12-24T09:12:46.257+0000] {dag.py:3239} INFO - Sync 1 DAGs
[2025-12-24T09:12:46.288+0000] {logging_mixin.py:190} INFO - [2025-12-24T09:12:46.288+0000] {dag.py:4180} INFO - Setting next_dagrun for example_skip_dag to 2025-12-23 00:00:00+00:00, run_after=2025-12-24 00:00:00+00:00
[2025-12-24T09:12:46.314+0000] {processor.py:208} INFO - Processing /home/airflow/.local/lib/python3.11/site-packages/airflow/example_dags/example_skip_dag.py took 0.132 seconds
[2025-12-24T09:13:35.279+0000] {processor.py:186} INFO - Started process (PID=1663) to work on /home/airflow/.local/lib/python3.11/site-packages/airflow/example_dags/example_skip_dag.py
[2025-12-24T09:13:35.281+0000] {processor.py:914} INFO - Processing file /home/airflow/.local/lib/python3.11/site-packages/airflow/example_dags/example_skip_dag.py for tasks to queue
[2025-12-24T09:13:35.285+0000] {logging_mixin.py:190} INFO - [2025-12-24T09:13:35.284+0000] {dagbag.py:588} INFO - Filling up the DagBag from /home/airflow/.local/lib/python3.11/site-packages/airflow/example_dags/example_skip_dag.py
[2025-12-24T09:13:35.298+0000] {processor.py:925} INFO - DAG(s) 'example_skip_dag' retrieved from /home/airflow/.local/lib/python3.11/site-packages/airflow/example_dags/example_skip_dag.py
[2025-12-24T09:13:35.334+0000] {logging_mixin.py:190} INFO - [2025-12-24T09:13:35.334+0000] {dag.py:3239} INFO - Sync 1 DAGs
[2025-12-24T09:13:35.363+0000] {logging_mixin.py:190} INFO - [2025-12-24T09:13:35.363+0000] {dag.py:4180} INFO - Setting next_dagrun for example_skip_dag to 2025-12-23 00:00:00+00:00, run_after=2025-12-24 00:00:00+00:00
[2025-12-24T09:13:35.392+0000] {processor.py:208} INFO - Processing /home/airflow/.local/lib/python3.11/site-packages/airflow/example_dags/example_skip_dag.py took 0.123 seconds
[2025-12-24T09:14:29.520+0000] {processor.py:186} INFO - Started process (PID=1720) to work on /home/airflow/.local/lib/python3.11/site-packages/airflow/example_dags/example_skip_dag.py
[2025-12-24T09:14:29.522+0000] {processor.py:914} INFO - Processing file /home/airflow/.local/lib/python3.11/site-packages/airflow/example_dags/example_skip_dag.py for tasks to queue
[2025-12-24T09:14:29.525+0000] {logging_mixin.py:190} INFO - [2025-12-24T09:14:29.525+0000] {dagbag.py:588} INFO - Filling up the DagBag from /home/airflow/.local/lib/python3.11/site-packages/airflow/example_dags/example_skip_dag.py
[2025-12-24T09:14:29.537+0000] {processor.py:925} INFO - DAG(s) 'example_skip_dag' retrieved from /home/airflow/.local/lib/python3.11/site-packages/airflow/example_dags/example_skip_dag.py
[2025-12-24T09:14:29.573+0000] {logging_mixin.py:190} INFO - [2025-12-24T09:14:29.573+0000] {dag.py:3239} INFO - Sync 1 DAGs
[2025-12-24T09:14:29.604+0000] {logging_mixin.py:190} INFO - [2025-12-24T09:14:29.603+0000] {dag.py:4180} INFO - Setting next_dagrun for example_skip_dag to 2025-12-23 00:00:00+00:00, run_after=2025-12-24 00:00:00+00:00
[2025-12-24T09:14:29.633+0000] {processor.py:208} INFO - Processing /home/airflow/.local/lib/python3.11/site-packages/airflow/example_dags/example_skip_dag.py took 0.122 seconds
[2025-12-24T09:15:23.860+0000] {processor.py:186} INFO - Started process (PID=1786) to work on /home/airflow/.local/lib/python3.11/site-packages/airflow/example_dags/example_skip_dag.py
[2025-12-24T09:15:23.861+0000] {processor.py:914} INFO - Processing file /home/airflow/.local/lib/python3.11/site-packages/airflow/example_dags/example_skip_dag.py for tasks to queue
[2025-12-24T09:15:23.865+0000] {logging_mixin.py:190} INFO - [2025-12-24T09:15:23.864+0000] {dagbag.py:588} INFO - Filling up the DagBag from /home/airflow/.local/lib/python3.11/site-packages/airflow/example_dags/example_skip_dag.py
[2025-12-24T09:15:23.876+0000] {processor.py:925} INFO - DAG(s) 'example_skip_dag' retrieved from /home/airflow/.local/lib/python3.11/site-packages/airflow/example_dags/example_skip_dag.py
[2025-12-24T09:15:23.906+0000] {logging_mixin.py:190} INFO - [2025-12-24T09:15:23.906+0000] {dag.py:3239} INFO - Sync 1 DAGs
[2025-12-24T09:15:23.932+0000] {logging_mixin.py:190} INFO - [2025-12-24T09:15:23.932+0000] {dag.py:4180} INFO - Setting next_dagrun for example_skip_dag to 2025-12-23 00:00:00+00:00, run_after=2025-12-24 00:00:00+00:00
[2025-12-24T09:14:41.619+0000] {processor.py:208} INFO - Processing /home/airflow/.local/lib/python3.11/site-packages/airflow/example_dags/example_skip_dag.py took 0.107 seconds
[2025-12-24T09:15:13.122+0000] {processor.py:186} INFO - Started process (PID=1849) to work on /home/airflow/.local/lib/python3.11/site-packages/airflow/example_dags/example_skip_dag.py
[2025-12-24T09:15:13.124+0000] {processor.py:914} INFO - Processing file /home/airflow/.local/lib/python3.11/site-packages/airflow/example_dags/example_skip_dag.py for tasks to queue
[2025-12-24T09:15:13.134+0000] {logging_mixin.py:190} INFO - [2025-12-24T09:15:13.133+0000] {dagbag.py:588} INFO - Filling up the DagBag from /home/airflow/.local/lib/python3.11/site-packages/airflow/example_dags/example_skip_dag.py
[2025-12-24T09:15:13.152+0000] {processor.py:925} INFO - DAG(s) 'example_skip_dag' retrieved from /home/airflow/.local/lib/python3.11/site-packages/airflow/example_dags/example_skip_dag.py
[2025-12-24T09:15:13.190+0000] {logging_mixin.py:190} INFO - [2025-12-24T09:15:13.190+0000] {dag.py:3239} INFO - Sync 1 DAGs
[2025-12-24T09:15:13.230+0000] {logging_mixin.py:190} INFO - [2025-12-24T09:15:13.230+0000] {dag.py:4180} INFO - Setting next_dagrun for example_skip_dag to 2025-12-23 00:00:00+00:00, run_after=2025-12-24 00:00:00+00:00
[2025-12-24T09:15:13.273+0000] {processor.py:208} INFO - Processing /home/airflow/.local/lib/python3.11/site-packages/airflow/example_dags/example_skip_dag.py took 0.162 seconds
[2025-12-24T09:15:44.192+0000] {processor.py:186} INFO - Started process (PID=1909) to work on /home/airflow/.local/lib/python3.11/site-packages/airflow/example_dags/example_skip_dag.py
[2025-12-24T09:15:44.193+0000] {processor.py:914} INFO - Processing file /home/airflow/.local/lib/python3.11/site-packages/airflow/example_dags/example_skip_dag.py for tasks to queue
[2025-12-24T09:15:44.198+0000] {logging_mixin.py:190} INFO - [2025-12-24T09:15:44.197+0000] {dagbag.py:588} INFO - Filling up the DagBag from /home/airflow/.local/lib/python3.11/site-packages/airflow/example_dags/example_skip_dag.py
[2025-12-24T09:15:44.209+0000] {processor.py:925} INFO - DAG(s) 'example_skip_dag' retrieved from /home/airflow/.local/lib/python3.11/site-packages/airflow/example_dags/example_skip_dag.py
[2025-12-24T09:15:44.240+0000] {logging_mixin.py:190} INFO - [2025-12-24T09:15:44.239+0000] {dag.py:3239} INFO - Sync 1 DAGs
[2025-12-24T09:15:44.268+0000] {logging_mixin.py:190} INFO - [2025-12-24T09:15:44.267+0000] {dag.py:4180} INFO - Setting next_dagrun for example_skip_dag to 2025-12-23 00:00:00+00:00, run_after=2025-12-24 00:00:00+00:00
[2025-12-24T09:15:44.297+0000] {processor.py:208} INFO - Processing /home/airflow/.local/lib/python3.11/site-packages/airflow/example_dags/example_skip_dag.py took 0.114 seconds
[2025-12-24T09:16:43.570+0000] {processor.py:186} INFO - Started process (PID=1974) to work on /home/airflow/.local/lib/python3.11/site-packages/airflow/example_dags/example_skip_dag.py
[2025-12-24T09:16:43.572+0000] {processor.py:914} INFO - Processing file /home/airflow/.local/lib/python3.11/site-packages/airflow/example_dags/example_skip_dag.py for tasks to queue
[2025-12-24T09:16:43.577+0000] {logging_mixin.py:190} INFO - [2025-12-24T09:16:43.576+0000] {dagbag.py:588} INFO - Filling up the DagBag from /home/airflow/.local/lib/python3.11/site-packages/airflow/example_dags/example_skip_dag.py
[2025-12-24T09:16:43.593+0000] {processor.py:925} INFO - DAG(s) 'example_skip_dag' retrieved from /home/airflow/.local/lib/python3.11/site-packages/airflow/example_dags/example_skip_dag.py
[2025-12-24T09:16:43.635+0000] {logging_mixin.py:190} INFO - [2025-12-24T09:16:43.635+0000] {dag.py:3239} INFO - Sync 1 DAGs
[2025-12-24T09:16:43.686+0000] {logging_mixin.py:190} INFO - [2025-12-24T09:16:43.686+0000] {dag.py:4180} INFO - Setting next_dagrun for example_skip_dag to 2025-12-23 00:00:00+00:00, run_after=2025-12-24 00:00:00+00:00
[2025-12-24T09:16:43.731+0000] {processor.py:208} INFO - Processing /home/airflow/.local/lib/python3.11/site-packages/airflow/example_dags/example_skip_dag.py took 0.172 seconds
[2025-12-24T09:23:44.009+0000] {processor.py:186} INFO - Started process (PID=125) to work on /home/airflow/.local/lib/python3.11/site-packages/airflow/example_dags/example_skip_dag.py
[2025-12-24T09:23:44.011+0000] {processor.py:914} INFO - Processing file /home/airflow/.local/lib/python3.11/site-packages/airflow/example_dags/example_skip_dag.py for tasks to queue
[2025-12-24T09:23:44.018+0000] {logging_mixin.py:190} INFO - [2025-12-24T09:23:44.018+0000] {dagbag.py:588} INFO - Filling up the DagBag from /home/airflow/.local/lib/python3.11/site-packages/airflow/example_dags/example_skip_dag.py
[2025-12-24T09:23:44.036+0000] {processor.py:925} INFO - DAG(s) 'example_skip_dag' retrieved from /home/airflow/.local/lib/python3.11/site-packages/airflow/example_dags/example_skip_dag.py
[2025-12-24T09:23:44.270+0000] {logging_mixin.py:190} INFO - [2025-12-24T09:23:44.268+0000] {override.py:1911} INFO - Created Permission View: can delete on DAG:example_skip_dag
[2025-12-24T09:23:44.290+0000] {logging_mixin.py:190} INFO - [2025-12-24T09:23:44.289+0000] {override.py:1911} INFO - Created Permission View: can read on DAG:example_skip_dag
[2025-12-24T09:23:44.303+0000] {logging_mixin.py:190} INFO - [2025-12-24T09:23:44.303+0000] {override.py:1911} INFO - Created Permission View: can edit on DAG:example_skip_dag
[2025-12-24T09:23:44.325+0000] {logging_mixin.py:190} INFO - [2025-12-24T09:23:44.325+0000] {override.py:1911} INFO - Created Permission View: menu access on DAG Run:example_skip_dag
[2025-12-24T09:23:44.340+0000] {logging_mixin.py:190} INFO - [2025-12-24T09:23:44.340+0000] {override.py:1911} INFO - Created Permission View: can create on DAG Run:example_skip_dag
[2025-12-24T09:23:44.382+0000] {logging_mixin.py:190} INFO - [2025-12-24T09:23:44.381+0000] {override.py:1911} INFO - Created Permission View: can delete on DAG Run:example_skip_dag
[2025-12-24T09:23:44.399+0000] {logging_mixin.py:190} INFO - [2025-12-24T09:23:44.399+0000] {override.py:1911} INFO - Created Permission View: can read on DAG Run:example_skip_dag
[2025-12-24T09:23:44.401+0000] {logging_mixin.py:190} INFO - [2025-12-24T09:23:44.400+0000] {dag.py:3239} INFO - Sync 1 DAGs
[2025-12-24T09:23:44.419+0000] {logging_mixin.py:190} INFO - [2025-12-24T09:23:44.419+0000] {dag.py:3262} INFO - Creating ORM DAG for example_skip_dag
[2025-12-24T09:23:44.436+0000] {logging_mixin.py:190} INFO - [2025-12-24T09:23:44.435+0000] {dag.py:4180} INFO - Setting next_dagrun for example_skip_dag to 2025-12-23 00:00:00+00:00, run_after=2025-12-24 00:00:00+00:00
[2025-12-24T09:23:44.474+0000] {processor.py:208} INFO - Processing /home/airflow/.local/lib/python3.11/site-packages/airflow/example_dags/example_skip_dag.py took 0.477 seconds
[2025-12-24T09:23:59.536+0000] {processor.py:186} INFO - Started process (PID=159) to work on /home/airflow/.local/lib/python3.11/site-packages/airflow/example_dags/example_skip_dag.py
[2025-12-24T09:23:59.538+0000] {processor.py:914} INFO - Processing file /home/airflow/.local/lib/python3.11/site-packages/airflow/example_dags/example_skip_dag.py for tasks to queue
[2025-12-24T09:23:59.544+0000] {logging_mixin.py:190} INFO - [2025-12-24T09:23:59.543+0000] {dagbag.py:588} INFO - Filling up the DagBag from /home/airflow/.local/lib/python3.11/site-packages/airflow/example_dags/example_skip_dag.py
[2025-12-24T09:23:59.564+0000] {processor.py:925} INFO - DAG(s) 'example_skip_dag' retrieved from /home/airflow/.local/lib/python3.11/site-packages/airflow/example_dags/example_skip_dag.py
[2025-12-24T09:23:59.594+0000] {logging_mixin.py:190} INFO - [2025-12-24T09:23:59.592+0000] {dag.py:3239} INFO - Sync 1 DAGs
[2025-12-24T09:23:59.628+0000] {logging_mixin.py:190} INFO - [2025-12-24T09:23:59.627+0000] {dag.py:4180} INFO - Setting next_dagrun for example_skip_dag to 2025-12-23 00:00:00+00:00, run_after=2025-12-24 00:00:00+00:00
[2025-12-24T09:23:59.660+0000] {processor.py:208} INFO - Processing /home/airflow/.local/lib/python3.11/site-packages/airflow/example_dags/example_skip_dag.py took 0.137 seconds
[2025-12-24T09:24:05.928+0000] {processor.py:186} INFO - Started process (PID=199) to work on /home/airflow/.local/lib/python3.11/site-packages/airflow/example_dags/example_skip_dag.py
[2025-12-24T09:24:05.930+0000] {processor.py:914} INFO - Processing file /home/airflow/.local/lib/python3.11/site-packages/airflow/example_dags/example_skip_dag.py for tasks to queue
[2025-12-24T09:24:05.934+0000] {logging_mixin.py:190} INFO - [2025-12-24T09:24:05.934+0000] {dagbag.py:588} INFO - Filling up the DagBag from /home/airflow/.local/lib/python3.11/site-packages/airflow/example_dags/example_skip_dag.py
[2025-12-24T09:24:05.949+0000] {processor.py:925} INFO - DAG(s) 'example_skip_dag' retrieved from /home/airflow/.local/lib/python3.11/site-packages/airflow/example_dags/example_skip_dag.py
[2025-12-24T09:24:05.974+0000] {logging_mixin.py:190} INFO - [2025-12-24T09:24:05.973+0000] {dag.py:3239} INFO - Sync 1 DAGs
[2025-12-24T09:24:06.014+0000] {logging_mixin.py:190} INFO - [2025-12-24T09:24:06.013+0000] {dag.py:4180} INFO - Setting next_dagrun for example_skip_dag to 2025-12-23 00:00:00+00:00, run_after=2025-12-24 00:00:00+00:00
[2025-12-24T09:24:06.051+0000] {processor.py:208} INFO - Processing /home/airflow/.local/lib/python3.11/site-packages/airflow/example_dags/example_skip_dag.py took 0.133 seconds
[2025-12-24T09:24:59.928+0000] {processor.py:186} INFO - Started process (PID=256) to work on /home/airflow/.local/lib/python3.11/site-packages/airflow/example_dags/example_skip_dag.py
[2025-12-24T09:24:59.930+0000] {processor.py:914} INFO - Processing file /home/airflow/.local/lib/python3.11/site-packages/airflow/example_dags/example_skip_dag.py for tasks to queue
[2025-12-24T09:24:59.934+0000] {logging_mixin.py:190} INFO - [2025-12-24T09:24:59.934+0000] {dagbag.py:588} INFO - Filling up the DagBag from /home/airflow/.local/lib/python3.11/site-packages/airflow/example_dags/example_skip_dag.py
[2025-12-24T09:24:59.948+0000] {processor.py:925} INFO - DAG(s) 'example_skip_dag' retrieved from /home/airflow/.local/lib/python3.11/site-packages/airflow/example_dags/example_skip_dag.py
[2025-12-24T09:24:59.983+0000] {logging_mixin.py:190} INFO - [2025-12-24T09:24:59.982+0000] {dag.py:3239} INFO - Sync 1 DAGs
[2025-12-24T09:25:00.028+0000] {logging_mixin.py:190} INFO - [2025-12-24T09:25:00.028+0000] {dag.py:4180} INFO - Setting next_dagrun for example_skip_dag to 2025-12-23 00:00:00+00:00, run_after=2025-12-24 00:00:00+00:00
[2025-12-24T09:25:00.056+0000] {processor.py:208} INFO - Processing /home/airflow/.local/lib/python3.11/site-packages/airflow/example_dags/example_skip_dag.py took 0.139 seconds
[2025-12-24T09:24:58.104+0000] {processor.py:186} INFO - Started process (PID=372) to work on /home/airflow/.local/lib/python3.11/site-packages/airflow/example_dags/example_skip_dag.py
[2025-12-24T09:24:58.106+0000] {processor.py:914} INFO - Processing file /home/airflow/.local/lib/python3.11/site-packages/airflow/example_dags/example_skip_dag.py for tasks to queue
[2025-12-24T09:24:58.111+0000] {logging_mixin.py:190} INFO - [2025-12-24T09:24:58.110+0000] {dagbag.py:588} INFO - Filling up the DagBag from /home/airflow/.local/lib/python3.11/site-packages/airflow/example_dags/example_skip_dag.py
[2025-12-24T09:24:58.129+0000] {processor.py:925} INFO - DAG(s) 'example_skip_dag' retrieved from /home/airflow/.local/lib/python3.11/site-packages/airflow/example_dags/example_skip_dag.py
[2025-12-24T09:24:58.174+0000] {logging_mixin.py:190} INFO - [2025-12-24T09:24:58.173+0000] {dag.py:3239} INFO - Sync 1 DAGs
[2025-12-24T09:24:58.213+0000] {logging_mixin.py:190} INFO - [2025-12-24T09:24:58.213+0000] {dag.py:4180} INFO - Setting next_dagrun for example_skip_dag to 2025-12-23 00:00:00+00:00, run_after=2025-12-24 00:00:00+00:00
[2025-12-24T09:24:58.249+0000] {processor.py:208} INFO - Processing /home/airflow/.local/lib/python3.11/site-packages/airflow/example_dags/example_skip_dag.py took 0.157 seconds
[2025-12-24T09:25:16.072+0000] {processor.py:186} INFO - Started process (PID=432) to work on /home/airflow/.local/lib/python3.11/site-packages/airflow/example_dags/example_skip_dag.py
[2025-12-24T09:25:16.074+0000] {processor.py:914} INFO - Processing file /home/airflow/.local/lib/python3.11/site-packages/airflow/example_dags/example_skip_dag.py for tasks to queue
[2025-12-24T09:25:16.078+0000] {logging_mixin.py:190} INFO - [2025-12-24T09:25:16.077+0000] {dagbag.py:588} INFO - Filling up the DagBag from /home/airflow/.local/lib/python3.11/site-packages/airflow/example_dags/example_skip_dag.py
[2025-12-24T09:25:16.091+0000] {processor.py:925} INFO - DAG(s) 'example_skip_dag' retrieved from /home/airflow/.local/lib/python3.11/site-packages/airflow/example_dags/example_skip_dag.py
[2025-12-24T09:25:16.123+0000] {logging_mixin.py:190} INFO - [2025-12-24T09:25:16.122+0000] {dag.py:3239} INFO - Sync 1 DAGs
[2025-12-24T09:25:16.149+0000] {logging_mixin.py:190} INFO - [2025-12-24T09:25:16.149+0000] {dag.py:4180} INFO - Setting next_dagrun for example_skip_dag to 2025-12-23 00:00:00+00:00, run_after=2025-12-24 00:00:00+00:00
[2025-12-24T09:25:16.174+0000] {processor.py:208} INFO - Processing /home/airflow/.local/lib/python3.11/site-packages/airflow/example_dags/example_skip_dag.py took 0.110 seconds
[2025-12-24T09:25:22.448+0000] {processor.py:186} INFO - Started process (PID=486) to work on /home/airflow/.local/lib/python3.11/site-packages/airflow/example_dags/example_skip_dag.py
[2025-12-24T09:25:22.450+0000] {processor.py:914} INFO - Processing file /home/airflow/.local/lib/python3.11/site-packages/airflow/example_dags/example_skip_dag.py for tasks to queue
[2025-12-24T09:25:22.454+0000] {logging_mixin.py:190} INFO - [2025-12-24T09:25:22.453+0000] {dagbag.py:588} INFO - Filling up the DagBag from /home/airflow/.local/lib/python3.11/site-packages/airflow/example_dags/example_skip_dag.py
[2025-12-24T09:25:22.465+0000] {processor.py:925} INFO - DAG(s) 'example_skip_dag' retrieved from /home/airflow/.local/lib/python3.11/site-packages/airflow/example_dags/example_skip_dag.py
[2025-12-24T09:25:22.522+0000] {logging_mixin.py:190} INFO - [2025-12-24T09:25:22.520+0000] {dag.py:3239} INFO - Sync 1 DAGs
[2025-12-24T09:25:22.570+0000] {logging_mixin.py:190} INFO - [2025-12-24T09:25:22.570+0000] {dag.py:4180} INFO - Setting next_dagrun for example_skip_dag to 2025-12-23 00:00:00+00:00, run_after=2025-12-24 00:00:00+00:00
[2025-12-24T09:25:22.599+0000] {processor.py:208} INFO - Processing /home/airflow/.local/lib/python3.11/site-packages/airflow/example_dags/example_skip_dag.py took 0.160 seconds
[2025-12-24T09:25:59.154+0000] {processor.py:186} INFO - Started process (PID=577) to work on /home/airflow/.local/lib/python3.11/site-packages/airflow/example_dags/example_skip_dag.py
[2025-12-24T09:25:59.156+0000] {processor.py:914} INFO - Processing file /home/airflow/.local/lib/python3.11/site-packages/airflow/example_dags/example_skip_dag.py for tasks to queue
[2025-12-24T09:25:59.161+0000] {logging_mixin.py:190} INFO - [2025-12-24T09:25:59.161+0000] {dagbag.py:588} INFO - Filling up the DagBag from /home/airflow/.local/lib/python3.11/site-packages/airflow/example_dags/example_skip_dag.py
[2025-12-24T09:25:59.179+0000] {processor.py:925} INFO - DAG(s) 'example_skip_dag' retrieved from /home/airflow/.local/lib/python3.11/site-packages/airflow/example_dags/example_skip_dag.py
[2025-12-24T09:25:59.229+0000] {logging_mixin.py:190} INFO - [2025-12-24T09:25:59.228+0000] {dag.py:3239} INFO - Sync 1 DAGs
[2025-12-24T09:25:59.279+0000] {logging_mixin.py:190} INFO - [2025-12-24T09:25:59.279+0000] {dag.py:4180} INFO - Setting next_dagrun for example_skip_dag to 2025-12-23 00:00:00+00:00, run_after=2025-12-24 00:00:00+00:00
[2025-12-24T09:25:59.320+0000] {processor.py:208} INFO - Processing /home/airflow/.local/lib/python3.11/site-packages/airflow/example_dags/example_skip_dag.py took 0.180 seconds
[2025-12-24T09:26:08.055+0000] {processor.py:186} INFO - Started process (PID=640) to work on /home/airflow/.local/lib/python3.11/site-packages/airflow/example_dags/example_skip_dag.py
[2025-12-24T09:26:08.057+0000] {processor.py:914} INFO - Processing file /home/airflow/.local/lib/python3.11/site-packages/airflow/example_dags/example_skip_dag.py for tasks to queue
[2025-12-24T09:26:08.061+0000] {logging_mixin.py:190} INFO - [2025-12-24T09:26:08.060+0000] {dagbag.py:588} INFO - Filling up the DagBag from /home/airflow/.local/lib/python3.11/site-packages/airflow/example_dags/example_skip_dag.py
[2025-12-24T09:26:08.077+0000] {processor.py:925} INFO - DAG(s) 'example_skip_dag' retrieved from /home/airflow/.local/lib/python3.11/site-packages/airflow/example_dags/example_skip_dag.py
[2025-12-24T09:26:08.138+0000] {logging_mixin.py:190} INFO - [2025-12-24T09:26:08.137+0000] {dag.py:3239} INFO - Sync 1 DAGs
[2025-12-24T09:26:08.174+0000] {logging_mixin.py:190} INFO - [2025-12-24T09:26:08.174+0000] {dag.py:4180} INFO - Setting next_dagrun for example_skip_dag to 2025-12-23 00:00:00+00:00, run_after=2025-12-24 00:00:00+00:00
[2025-12-24T09:26:08.205+0000] {processor.py:208} INFO - Processing /home/airflow/.local/lib/python3.11/site-packages/airflow/example_dags/example_skip_dag.py took 0.162 seconds
[2025-12-24T09:26:16.151+0000] {processor.py:186} INFO - Started process (PID=694) to work on /home/airflow/.local/lib/python3.11/site-packages/airflow/example_dags/example_skip_dag.py
[2025-12-24T09:26:16.162+0000] {processor.py:914} INFO - Processing file /home/airflow/.local/lib/python3.11/site-packages/airflow/example_dags/example_skip_dag.py for tasks to queue
[2025-12-24T09:26:16.171+0000] {logging_mixin.py:190} INFO - [2025-12-24T09:26:16.170+0000] {dagbag.py:588} INFO - Filling up the DagBag from /home/airflow/.local/lib/python3.11/site-packages/airflow/example_dags/example_skip_dag.py
[2025-12-24T09:26:16.189+0000] {processor.py:925} INFO - DAG(s) 'example_skip_dag' retrieved from /home/airflow/.local/lib/python3.11/site-packages/airflow/example_dags/example_skip_dag.py
[2025-12-24T09:26:16.232+0000] {logging_mixin.py:190} INFO - [2025-12-24T09:26:16.231+0000] {dag.py:3239} INFO - Sync 1 DAGs
[2025-12-24T09:26:16.262+0000] {logging_mixin.py:190} INFO - [2025-12-24T09:26:16.262+0000] {dag.py:4180} INFO - Setting next_dagrun for example_skip_dag to 2025-12-23 00:00:00+00:00, run_after=2025-12-24 00:00:00+00:00
[2025-12-24T09:26:16.290+0000] {processor.py:208} INFO - Processing /home/airflow/.local/lib/python3.11/site-packages/airflow/example_dags/example_skip_dag.py took 0.156 seconds
[2025-12-24T09:27:10.129+0000] {processor.py:186} INFO - Started process (PID=746) to work on /home/airflow/.local/lib/python3.11/site-packages/airflow/example_dags/example_skip_dag.py
[2025-12-24T09:27:10.131+0000] {processor.py:914} INFO - Processing file /home/airflow/.local/lib/python3.11/site-packages/airflow/example_dags/example_skip_dag.py for tasks to queue
[2025-12-24T09:27:10.138+0000] {logging_mixin.py:190} INFO - [2025-12-24T09:27:10.138+0000] {dagbag.py:588} INFO - Filling up the DagBag from /home/airflow/.local/lib/python3.11/site-packages/airflow/example_dags/example_skip_dag.py
[2025-12-24T09:27:10.157+0000] {processor.py:925} INFO - DAG(s) 'example_skip_dag' retrieved from /home/airflow/.local/lib/python3.11/site-packages/airflow/example_dags/example_skip_dag.py
[2025-12-24T09:27:10.207+0000] {logging_mixin.py:190} INFO - [2025-12-24T09:27:10.206+0000] {dag.py:3239} INFO - Sync 1 DAGs
[2025-12-24T09:27:10.251+0000] {logging_mixin.py:190} INFO - [2025-12-24T09:27:10.250+0000] {dag.py:4180} INFO - Setting next_dagrun for example_skip_dag to 2025-12-23 00:00:00+00:00, run_after=2025-12-24 00:00:00+00:00
[2025-12-24T09:27:10.289+0000] {processor.py:208} INFO - Processing /home/airflow/.local/lib/python3.11/site-packages/airflow/example_dags/example_skip_dag.py took 0.172 seconds
[2025-12-24T09:27:48.500+0000] {processor.py:186} INFO - Started process (PID=934) to work on /home/airflow/.local/lib/python3.11/site-packages/airflow/example_dags/example_skip_dag.py
[2025-12-24T09:27:48.502+0000] {processor.py:914} INFO - Processing file /home/airflow/.local/lib/python3.11/site-packages/airflow/example_dags/example_skip_dag.py for tasks to queue
[2025-12-24T09:27:48.508+0000] {logging_mixin.py:190} INFO - [2025-12-24T09:27:48.507+0000] {dagbag.py:588} INFO - Filling up the DagBag from /home/airflow/.local/lib/python3.11/site-packages/airflow/example_dags/example_skip_dag.py
[2025-12-24T09:27:48.527+0000] {processor.py:925} INFO - DAG(s) 'example_skip_dag' retrieved from /home/airflow/.local/lib/python3.11/site-packages/airflow/example_dags/example_skip_dag.py
[2025-12-24T09:27:48.574+0000] {logging_mixin.py:190} INFO - [2025-12-24T09:27:48.574+0000] {dag.py:3239} INFO - Sync 1 DAGs
[2025-12-24T09:27:48.615+0000] {logging_mixin.py:190} INFO - [2025-12-24T09:27:48.614+0000] {dag.py:4180} INFO - Setting next_dagrun for example_skip_dag to 2025-12-23 00:00:00+00:00, run_after=2025-12-24 00:00:00+00:00
[2025-12-24T09:27:48.644+0000] {processor.py:208} INFO - Processing /home/airflow/.local/lib/python3.11/site-packages/airflow/example_dags/example_skip_dag.py took 0.160 seconds
[2025-12-24T09:27:53.663+0000] {processor.py:186} INFO - Started process (PID=987) to work on /home/airflow/.local/lib/python3.11/site-packages/airflow/example_dags/example_skip_dag.py
[2025-12-24T09:27:53.665+0000] {processor.py:914} INFO - Processing file /home/airflow/.local/lib/python3.11/site-packages/airflow/example_dags/example_skip_dag.py for tasks to queue
[2025-12-24T09:27:53.670+0000] {logging_mixin.py:190} INFO - [2025-12-24T09:27:53.669+0000] {dagbag.py:588} INFO - Filling up the DagBag from /home/airflow/.local/lib/python3.11/site-packages/airflow/example_dags/example_skip_dag.py
[2025-12-24T09:27:53.684+0000] {processor.py:925} INFO - DAG(s) 'example_skip_dag' retrieved from /home/airflow/.local/lib/python3.11/site-packages/airflow/example_dags/example_skip_dag.py
[2025-12-24T09:27:53.730+0000] {logging_mixin.py:190} INFO - [2025-12-24T09:27:53.729+0000] {dag.py:3239} INFO - Sync 1 DAGs
[2025-12-24T09:27:53.773+0000] {logging_mixin.py:190} INFO - [2025-12-24T09:27:53.773+0000] {dag.py:4180} INFO - Setting next_dagrun for example_skip_dag to 2025-12-23 00:00:00+00:00, run_after=2025-12-24 00:00:00+00:00
[2025-12-24T09:27:53.810+0000] {processor.py:208} INFO - Processing /home/airflow/.local/lib/python3.11/site-packages/airflow/example_dags/example_skip_dag.py took 0.161 seconds
[2025-12-24T09:28:03.370+0000] {processor.py:186} INFO - Started process (PID=1052) to work on /home/airflow/.local/lib/python3.11/site-packages/airflow/example_dags/example_skip_dag.py
[2025-12-24T09:28:03.372+0000] {processor.py:914} INFO - Processing file /home/airflow/.local/lib/python3.11/site-packages/airflow/example_dags/example_skip_dag.py for tasks to queue
[2025-12-24T09:28:03.377+0000] {logging_mixin.py:190} INFO - [2025-12-24T09:28:03.376+0000] {dagbag.py:588} INFO - Filling up the DagBag from /home/airflow/.local/lib/python3.11/site-packages/airflow/example_dags/example_skip_dag.py
[2025-12-24T09:28:03.395+0000] {processor.py:925} INFO - DAG(s) 'example_skip_dag' retrieved from /home/airflow/.local/lib/python3.11/site-packages/airflow/example_dags/example_skip_dag.py
[2025-12-24T09:28:03.452+0000] {logging_mixin.py:190} INFO - [2025-12-24T09:28:03.452+0000] {dag.py:3239} INFO - Sync 1 DAGs
[2025-12-24T09:28:03.485+0000] {logging_mixin.py:190} INFO - [2025-12-24T09:28:03.485+0000] {dag.py:4180} INFO - Setting next_dagrun for example_skip_dag to 2025-12-23 00:00:00+00:00, run_after=2025-12-24 00:00:00+00:00
[2025-12-24T09:28:03.632+0000] {processor.py:208} INFO - Processing /home/airflow/.local/lib/python3.11/site-packages/airflow/example_dags/example_skip_dag.py took 0.277 seconds
[2025-12-24T09:28:18.308+0000] {processor.py:186} INFO - Started process (PID=1109) to work on /home/airflow/.local/lib/python3.11/site-packages/airflow/example_dags/example_skip_dag.py
[2025-12-24T09:28:18.310+0000] {processor.py:914} INFO - Processing file /home/airflow/.local/lib/python3.11/site-packages/airflow/example_dags/example_skip_dag.py for tasks to queue
[2025-12-24T09:28:18.316+0000] {logging_mixin.py:190} INFO - [2025-12-24T09:28:18.316+0000] {dagbag.py:588} INFO - Filling up the DagBag from /home/airflow/.local/lib/python3.11/site-packages/airflow/example_dags/example_skip_dag.py
[2025-12-24T09:28:18.343+0000] {processor.py:925} INFO - DAG(s) 'example_skip_dag' retrieved from /home/airflow/.local/lib/python3.11/site-packages/airflow/example_dags/example_skip_dag.py
[2025-12-24T09:28:18.389+0000] {logging_mixin.py:190} INFO - [2025-12-24T09:28:18.388+0000] {dag.py:3239} INFO - Sync 1 DAGs
[2025-12-24T09:28:18.421+0000] {logging_mixin.py:190} INFO - [2025-12-24T09:28:18.421+0000] {dag.py:4180} INFO - Setting next_dagrun for example_skip_dag to 2025-12-23 00:00:00+00:00, run_after=2025-12-24 00:00:00+00:00
[2025-12-24T09:28:18.456+0000] {processor.py:208} INFO - Processing /home/airflow/.local/lib/python3.11/site-packages/airflow/example_dags/example_skip_dag.py took 0.162 seconds
[2025-12-24T09:29:16.527+0000] {processor.py:186} INFO - Started process (PID=1169) to work on /home/airflow/.local/lib/python3.11/site-packages/airflow/example_dags/example_skip_dag.py
[2025-12-24T09:29:16.539+0000] {processor.py:914} INFO - Processing file /home/airflow/.local/lib/python3.11/site-packages/airflow/example_dags/example_skip_dag.py for tasks to queue
[2025-12-24T09:29:16.544+0000] {logging_mixin.py:190} INFO - [2025-12-24T09:29:16.544+0000] {dagbag.py:588} INFO - Filling up the DagBag from /home/airflow/.local/lib/python3.11/site-packages/airflow/example_dags/example_skip_dag.py
[2025-12-24T09:29:16.562+0000] {processor.py:925} INFO - DAG(s) 'example_skip_dag' retrieved from /home/airflow/.local/lib/python3.11/site-packages/airflow/example_dags/example_skip_dag.py
[2025-12-24T09:29:16.598+0000] {logging_mixin.py:190} INFO - [2025-12-24T09:29:16.597+0000] {dag.py:3239} INFO - Sync 1 DAGs
[2025-12-24T09:29:16.629+0000] {logging_mixin.py:190} INFO - [2025-12-24T09:29:16.629+0000] {dag.py:4180} INFO - Setting next_dagrun for example_skip_dag to 2025-12-23 00:00:00+00:00, run_after=2025-12-24 00:00:00+00:00
[2025-12-24T09:29:16.657+0000] {processor.py:208} INFO - Processing /home/airflow/.local/lib/python3.11/site-packages/airflow/example_dags/example_skip_dag.py took 0.144 seconds
