[2025-12-24T09:02:52.808+0000] {processor.py:186} INFO - Started process (PID=82) to work on /home/airflow/.local/lib/python3.11/site-packages/airflow/example_dags/example_short_circuit_operator.py
[2025-12-24T09:02:52.811+0000] {processor.py:914} INFO - Processing file /home/airflow/.local/lib/python3.11/site-packages/airflow/example_dags/example_short_circuit_operator.py for tasks to queue
[2025-12-24T09:02:52.817+0000] {logging_mixin.py:190} INFO - [2025-12-24T09:02:52.816+0000] {dagbag.py:588} INFO - Filling up the DagBag from /home/airflow/.local/lib/python3.11/site-packages/airflow/example_dags/example_short_circuit_operator.py
[2025-12-24T09:02:52.844+0000] {processor.py:925} INFO - DAG(s) 'example_short_circuit_operator' retrieved from /home/airflow/.local/lib/python3.11/site-packages/airflow/example_dags/example_short_circuit_operator.py
[2025-12-24T09:02:53.092+0000] {logging_mixin.py:190} INFO - [2025-12-24T09:02:53.091+0000] {override.py:1911} INFO - Created Permission View: can edit on DAG:example_short_circuit_operator
[2025-12-24T09:02:53.110+0000] {logging_mixin.py:190} INFO - [2025-12-24T09:02:53.110+0000] {override.py:1911} INFO - Created Permission View: can read on DAG:example_short_circuit_operator
[2025-12-24T09:02:53.124+0000] {logging_mixin.py:190} INFO - [2025-12-24T09:02:53.124+0000] {override.py:1911} INFO - Created Permission View: can delete on DAG:example_short_circuit_operator
[2025-12-24T09:02:53.145+0000] {logging_mixin.py:190} INFO - [2025-12-24T09:02:53.144+0000] {override.py:1911} INFO - Created Permission View: can read on DAG Run:example_short_circuit_operator
[2025-12-24T09:02:53.160+0000] {logging_mixin.py:190} INFO - [2025-12-24T09:02:53.159+0000] {override.py:1911} INFO - Created Permission View: can create on DAG Run:example_short_circuit_operator
[2025-12-24T09:02:53.175+0000] {logging_mixin.py:190} INFO - [2025-12-24T09:02:53.174+0000] {override.py:1911} INFO - Created Permission View: can delete on DAG Run:example_short_circuit_operator
[2025-12-24T09:02:53.189+0000] {logging_mixin.py:190} INFO - [2025-12-24T09:02:53.188+0000] {override.py:1911} INFO - Created Permission View: menu access on DAG Run:example_short_circuit_operator
[2025-12-24T09:02:53.190+0000] {logging_mixin.py:190} INFO - [2025-12-24T09:02:53.189+0000] {dag.py:3239} INFO - Sync 1 DAGs
[2025-12-24T09:02:53.216+0000] {logging_mixin.py:190} INFO - [2025-12-24T09:02:53.215+0000] {dag.py:3262} INFO - Creating ORM DAG for example_short_circuit_operator
[2025-12-24T09:02:53.217+0000] {logging_mixin.py:190} INFO - [2025-12-24T09:02:53.217+0000] {dag.py:4180} INFO - Setting next_dagrun for example_short_circuit_operator to None, run_after=None
[2025-12-24T09:02:53.265+0000] {processor.py:208} INFO - Processing /home/airflow/.local/lib/python3.11/site-packages/airflow/example_dags/example_short_circuit_operator.py took 0.470 seconds
[2025-12-24T09:03:11.793+0000] {processor.py:186} INFO - Started process (PID=142) to work on /home/airflow/.local/lib/python3.11/site-packages/airflow/example_dags/example_short_circuit_operator.py
[2025-12-24T09:03:11.795+0000] {processor.py:914} INFO - Processing file /home/airflow/.local/lib/python3.11/site-packages/airflow/example_dags/example_short_circuit_operator.py for tasks to queue
[2025-12-24T09:03:11.802+0000] {logging_mixin.py:190} INFO - [2025-12-24T09:03:11.801+0000] {dagbag.py:588} INFO - Filling up the DagBag from /home/airflow/.local/lib/python3.11/site-packages/airflow/example_dags/example_short_circuit_operator.py
[2025-12-24T09:03:11.821+0000] {processor.py:925} INFO - DAG(s) 'example_short_circuit_operator' retrieved from /home/airflow/.local/lib/python3.11/site-packages/airflow/example_dags/example_short_circuit_operator.py
[2025-12-24T09:03:11.847+0000] {logging_mixin.py:190} INFO - [2025-12-24T09:03:11.846+0000] {dag.py:3239} INFO - Sync 1 DAGs
[2025-12-24T09:03:11.873+0000] {logging_mixin.py:190} INFO - [2025-12-24T09:03:11.872+0000] {dag.py:4180} INFO - Setting next_dagrun for example_short_circuit_operator to None, run_after=None
[2025-12-24T09:03:11.905+0000] {processor.py:208} INFO - Processing /home/airflow/.local/lib/python3.11/site-packages/airflow/example_dags/example_short_circuit_operator.py took 0.125 seconds
[2025-12-24T09:04:14.339+0000] {processor.py:186} INFO - Started process (PID=205) to work on /home/airflow/.local/lib/python3.11/site-packages/airflow/example_dags/example_short_circuit_operator.py
[2025-12-24T09:04:14.343+0000] {processor.py:914} INFO - Processing file /home/airflow/.local/lib/python3.11/site-packages/airflow/example_dags/example_short_circuit_operator.py for tasks to queue
[2025-12-24T09:04:14.347+0000] {logging_mixin.py:190} INFO - [2025-12-24T09:04:14.347+0000] {dagbag.py:588} INFO - Filling up the DagBag from /home/airflow/.local/lib/python3.11/site-packages/airflow/example_dags/example_short_circuit_operator.py
[2025-12-24T09:04:14.366+0000] {processor.py:925} INFO - DAG(s) 'example_short_circuit_operator' retrieved from /home/airflow/.local/lib/python3.11/site-packages/airflow/example_dags/example_short_circuit_operator.py
[2025-12-24T09:04:14.420+0000] {logging_mixin.py:190} INFO - [2025-12-24T09:04:14.419+0000] {dag.py:3239} INFO - Sync 1 DAGs
[2025-12-24T09:04:14.456+0000] {logging_mixin.py:190} INFO - [2025-12-24T09:04:14.455+0000] {dag.py:4180} INFO - Setting next_dagrun for example_short_circuit_operator to None, run_after=None
[2025-12-24T09:04:14.486+0000] {processor.py:208} INFO - Processing /home/airflow/.local/lib/python3.11/site-packages/airflow/example_dags/example_short_circuit_operator.py took 0.159 seconds
[2025-12-24T09:04:11.943+0000] {processor.py:186} INFO - Started process (PID=271) to work on /home/airflow/.local/lib/python3.11/site-packages/airflow/example_dags/example_short_circuit_operator.py
[2025-12-24T09:04:11.945+0000] {processor.py:914} INFO - Processing file /home/airflow/.local/lib/python3.11/site-packages/airflow/example_dags/example_short_circuit_operator.py for tasks to queue
[2025-12-24T09:04:11.948+0000] {logging_mixin.py:190} INFO - [2025-12-24T09:04:11.948+0000] {dagbag.py:588} INFO - Filling up the DagBag from /home/airflow/.local/lib/python3.11/site-packages/airflow/example_dags/example_short_circuit_operator.py
[2025-12-24T09:04:11.965+0000] {processor.py:925} INFO - DAG(s) 'example_short_circuit_operator' retrieved from /home/airflow/.local/lib/python3.11/site-packages/airflow/example_dags/example_short_circuit_operator.py
[2025-12-24T09:04:11.999+0000] {logging_mixin.py:190} INFO - [2025-12-24T09:04:11.999+0000] {dag.py:3239} INFO - Sync 1 DAGs
[2025-12-24T09:04:12.017+0000] {logging_mixin.py:190} INFO - [2025-12-24T09:04:12.016+0000] {dag.py:4180} INFO - Setting next_dagrun for example_short_circuit_operator to None, run_after=None
[2025-12-24T09:04:12.055+0000] {processor.py:208} INFO - Processing /home/airflow/.local/lib/python3.11/site-packages/airflow/example_dags/example_short_circuit_operator.py took 0.121 seconds
[2025-12-24T09:04:42.145+0000] {processor.py:186} INFO - Started process (PID=334) to work on /home/airflow/.local/lib/python3.11/site-packages/airflow/example_dags/example_short_circuit_operator.py
[2025-12-24T09:04:42.147+0000] {processor.py:914} INFO - Processing file /home/airflow/.local/lib/python3.11/site-packages/airflow/example_dags/example_short_circuit_operator.py for tasks to queue
[2025-12-24T09:04:42.151+0000] {logging_mixin.py:190} INFO - [2025-12-24T09:04:42.150+0000] {dagbag.py:588} INFO - Filling up the DagBag from /home/airflow/.local/lib/python3.11/site-packages/airflow/example_dags/example_short_circuit_operator.py
[2025-12-24T09:04:42.163+0000] {processor.py:925} INFO - DAG(s) 'example_short_circuit_operator' retrieved from /home/airflow/.local/lib/python3.11/site-packages/airflow/example_dags/example_short_circuit_operator.py
[2025-12-24T09:04:42.196+0000] {logging_mixin.py:190} INFO - [2025-12-24T09:04:42.195+0000] {dag.py:3239} INFO - Sync 1 DAGs
[2025-12-24T09:04:42.212+0000] {logging_mixin.py:190} INFO - [2025-12-24T09:04:42.212+0000] {dag.py:4180} INFO - Setting next_dagrun for example_short_circuit_operator to None, run_after=None
[2025-12-24T09:04:42.251+0000] {processor.py:208} INFO - Processing /home/airflow/.local/lib/python3.11/site-packages/airflow/example_dags/example_short_circuit_operator.py took 0.116 seconds
[2025-12-24T09:04:51.622+0000] {processor.py:186} INFO - Started process (PID=399) to work on /home/airflow/.local/lib/python3.11/site-packages/airflow/example_dags/example_short_circuit_operator.py
[2025-12-24T09:04:51.624+0000] {processor.py:914} INFO - Processing file /home/airflow/.local/lib/python3.11/site-packages/airflow/example_dags/example_short_circuit_operator.py for tasks to queue
[2025-12-24T09:04:51.627+0000] {logging_mixin.py:190} INFO - [2025-12-24T09:04:51.627+0000] {dagbag.py:588} INFO - Filling up the DagBag from /home/airflow/.local/lib/python3.11/site-packages/airflow/example_dags/example_short_circuit_operator.py
[2025-12-24T09:04:51.642+0000] {processor.py:925} INFO - DAG(s) 'example_short_circuit_operator' retrieved from /home/airflow/.local/lib/python3.11/site-packages/airflow/example_dags/example_short_circuit_operator.py
[2025-12-24T09:04:51.682+0000] {logging_mixin.py:190} INFO - [2025-12-24T09:04:51.681+0000] {dag.py:3239} INFO - Sync 1 DAGs
[2025-12-24T09:04:51.699+0000] {logging_mixin.py:190} INFO - [2025-12-24T09:04:51.699+0000] {dag.py:4180} INFO - Setting next_dagrun for example_short_circuit_operator to None, run_after=None
[2025-12-24T09:04:51.729+0000] {processor.py:208} INFO - Processing /home/airflow/.local/lib/python3.11/site-packages/airflow/example_dags/example_short_circuit_operator.py took 0.117 seconds
[2025-12-24T09:05:21.908+0000] {processor.py:186} INFO - Started process (PID=464) to work on /home/airflow/.local/lib/python3.11/site-packages/airflow/example_dags/example_short_circuit_operator.py
[2025-12-24T09:05:21.910+0000] {processor.py:914} INFO - Processing file /home/airflow/.local/lib/python3.11/site-packages/airflow/example_dags/example_short_circuit_operator.py for tasks to queue
[2025-12-24T09:05:21.915+0000] {logging_mixin.py:190} INFO - [2025-12-24T09:05:21.914+0000] {dagbag.py:588} INFO - Filling up the DagBag from /home/airflow/.local/lib/python3.11/site-packages/airflow/example_dags/example_short_circuit_operator.py
[2025-12-24T09:05:21.931+0000] {processor.py:925} INFO - DAG(s) 'example_short_circuit_operator' retrieved from /home/airflow/.local/lib/python3.11/site-packages/airflow/example_dags/example_short_circuit_operator.py
[2025-12-24T09:05:21.976+0000] {logging_mixin.py:190} INFO - [2025-12-24T09:05:21.976+0000] {dag.py:3239} INFO - Sync 1 DAGs
[2025-12-24T09:05:21.997+0000] {logging_mixin.py:190} INFO - [2025-12-24T09:05:21.997+0000] {dag.py:4180} INFO - Setting next_dagrun for example_short_circuit_operator to None, run_after=None
[2025-12-24T09:05:22.027+0000] {processor.py:208} INFO - Processing /home/airflow/.local/lib/python3.11/site-packages/airflow/example_dags/example_short_circuit_operator.py took 0.132 seconds
[2025-12-24T09:05:26.398+0000] {processor.py:186} INFO - Started process (PID=500) to work on /home/airflow/.local/lib/python3.11/site-packages/airflow/example_dags/example_short_circuit_operator.py
[2025-12-24T09:05:26.399+0000] {processor.py:914} INFO - Processing file /home/airflow/.local/lib/python3.11/site-packages/airflow/example_dags/example_short_circuit_operator.py for tasks to queue
[2025-12-24T09:05:26.403+0000] {logging_mixin.py:190} INFO - [2025-12-24T09:05:26.402+0000] {dagbag.py:588} INFO - Filling up the DagBag from /home/airflow/.local/lib/python3.11/site-packages/airflow/example_dags/example_short_circuit_operator.py
[2025-12-24T09:05:26.417+0000] {processor.py:925} INFO - DAG(s) 'example_short_circuit_operator' retrieved from /home/airflow/.local/lib/python3.11/site-packages/airflow/example_dags/example_short_circuit_operator.py
[2025-12-24T09:05:26.454+0000] {logging_mixin.py:190} INFO - [2025-12-24T09:05:26.453+0000] {dag.py:3239} INFO - Sync 1 DAGs
[2025-12-24T09:05:26.474+0000] {logging_mixin.py:190} INFO - [2025-12-24T09:05:26.474+0000] {dag.py:4180} INFO - Setting next_dagrun for example_short_circuit_operator to None, run_after=None
[2025-12-24T09:05:26.500+0000] {processor.py:208} INFO - Processing /home/airflow/.local/lib/python3.11/site-packages/airflow/example_dags/example_short_circuit_operator.py took 0.112 seconds
[2025-12-24T09:05:36.843+0000] {processor.py:186} INFO - Started process (PID=555) to work on /home/airflow/.local/lib/python3.11/site-packages/airflow/example_dags/example_short_circuit_operator.py
[2025-12-24T09:05:36.845+0000] {processor.py:914} INFO - Processing file /home/airflow/.local/lib/python3.11/site-packages/airflow/example_dags/example_short_circuit_operator.py for tasks to queue
[2025-12-24T09:05:36.853+0000] {logging_mixin.py:190} INFO - [2025-12-24T09:05:36.852+0000] {dagbag.py:588} INFO - Filling up the DagBag from /home/airflow/.local/lib/python3.11/site-packages/airflow/example_dags/example_short_circuit_operator.py
[2025-12-24T09:05:36.870+0000] {processor.py:925} INFO - DAG(s) 'example_short_circuit_operator' retrieved from /home/airflow/.local/lib/python3.11/site-packages/airflow/example_dags/example_short_circuit_operator.py
[2025-12-24T09:05:36.910+0000] {logging_mixin.py:190} INFO - [2025-12-24T09:05:36.909+0000] {dag.py:3239} INFO - Sync 1 DAGs
[2025-12-24T09:05:36.928+0000] {logging_mixin.py:190} INFO - [2025-12-24T09:05:36.927+0000] {dag.py:4180} INFO - Setting next_dagrun for example_short_circuit_operator to None, run_after=None
[2025-12-24T09:05:37.045+0000] {processor.py:208} INFO - Processing /home/airflow/.local/lib/python3.11/site-packages/airflow/example_dags/example_short_circuit_operator.py took 0.217 seconds
[2025-12-24T09:06:39.720+0000] {processor.py:186} INFO - Started process (PID=617) to work on /home/airflow/.local/lib/python3.11/site-packages/airflow/example_dags/example_short_circuit_operator.py
[2025-12-24T09:06:39.722+0000] {processor.py:914} INFO - Processing file /home/airflow/.local/lib/python3.11/site-packages/airflow/example_dags/example_short_circuit_operator.py for tasks to queue
[2025-12-24T09:06:39.728+0000] {logging_mixin.py:190} INFO - [2025-12-24T09:06:39.727+0000] {dagbag.py:588} INFO - Filling up the DagBag from /home/airflow/.local/lib/python3.11/site-packages/airflow/example_dags/example_short_circuit_operator.py
[2025-12-24T09:06:39.751+0000] {processor.py:925} INFO - DAG(s) 'example_short_circuit_operator' retrieved from /home/airflow/.local/lib/python3.11/site-packages/airflow/example_dags/example_short_circuit_operator.py
[2025-12-24T09:06:39.783+0000] {logging_mixin.py:190} INFO - [2025-12-24T09:06:39.783+0000] {dag.py:3239} INFO - Sync 1 DAGs
[2025-12-24T09:06:39.807+0000] {logging_mixin.py:190} INFO - [2025-12-24T09:06:39.807+0000] {dag.py:4180} INFO - Setting next_dagrun for example_short_circuit_operator to None, run_after=None
[2025-12-24T09:06:39.835+0000] {processor.py:208} INFO - Processing /home/airflow/.local/lib/python3.11/site-packages/airflow/example_dags/example_short_circuit_operator.py took 0.123 seconds
[2025-12-24T09:06:42.222+0000] {processor.py:186} INFO - Started process (PID=683) to work on /home/airflow/.local/lib/python3.11/site-packages/airflow/example_dags/example_short_circuit_operator.py
[2025-12-24T09:06:42.224+0000] {processor.py:914} INFO - Processing file /home/airflow/.local/lib/python3.11/site-packages/airflow/example_dags/example_short_circuit_operator.py for tasks to queue
[2025-12-24T09:06:42.231+0000] {logging_mixin.py:190} INFO - [2025-12-24T09:06:42.230+0000] {dagbag.py:588} INFO - Filling up the DagBag from /home/airflow/.local/lib/python3.11/site-packages/airflow/example_dags/example_short_circuit_operator.py
[2025-12-24T09:06:42.275+0000] {processor.py:925} INFO - DAG(s) 'example_short_circuit_operator' retrieved from /home/airflow/.local/lib/python3.11/site-packages/airflow/example_dags/example_short_circuit_operator.py
[2025-12-24T09:06:42.317+0000] {logging_mixin.py:190} INFO - [2025-12-24T09:06:42.316+0000] {dag.py:3239} INFO - Sync 1 DAGs
[2025-12-24T09:06:42.339+0000] {logging_mixin.py:190} INFO - [2025-12-24T09:06:42.339+0000] {dag.py:4180} INFO - Setting next_dagrun for example_short_circuit_operator to None, run_after=None
[2025-12-24T09:06:42.373+0000] {processor.py:208} INFO - Processing /home/airflow/.local/lib/python3.11/site-packages/airflow/example_dags/example_short_circuit_operator.py took 0.166 seconds
[2025-12-24T09:07:11.812+0000] {processor.py:186} INFO - Started process (PID=749) to work on /home/airflow/.local/lib/python3.11/site-packages/airflow/example_dags/example_short_circuit_operator.py
[2025-12-24T09:07:11.814+0000] {processor.py:914} INFO - Processing file /home/airflow/.local/lib/python3.11/site-packages/airflow/example_dags/example_short_circuit_operator.py for tasks to queue
[2025-12-24T09:07:11.819+0000] {logging_mixin.py:190} INFO - [2025-12-24T09:07:11.819+0000] {dagbag.py:588} INFO - Filling up the DagBag from /home/airflow/.local/lib/python3.11/site-packages/airflow/example_dags/example_short_circuit_operator.py
[2025-12-24T09:07:11.835+0000] {processor.py:925} INFO - DAG(s) 'example_short_circuit_operator' retrieved from /home/airflow/.local/lib/python3.11/site-packages/airflow/example_dags/example_short_circuit_operator.py
[2025-12-24T09:07:11.875+0000] {logging_mixin.py:190} INFO - [2025-12-24T09:07:11.875+0000] {dag.py:3239} INFO - Sync 1 DAGs
[2025-12-24T09:07:11.895+0000] {logging_mixin.py:190} INFO - [2025-12-24T09:07:11.895+0000] {dag.py:4180} INFO - Setting next_dagrun for example_short_circuit_operator to None, run_after=None
[2025-12-24T09:07:11.932+0000] {processor.py:208} INFO - Processing /home/airflow/.local/lib/python3.11/site-packages/airflow/example_dags/example_short_circuit_operator.py took 0.131 seconds
[2025-12-24T09:07:21.444+0000] {processor.py:186} INFO - Started process (PID=811) to work on /home/airflow/.local/lib/python3.11/site-packages/airflow/example_dags/example_short_circuit_operator.py
[2025-12-24T09:07:21.445+0000] {processor.py:914} INFO - Processing file /home/airflow/.local/lib/python3.11/site-packages/airflow/example_dags/example_short_circuit_operator.py for tasks to queue
[2025-12-24T09:07:21.450+0000] {logging_mixin.py:190} INFO - [2025-12-24T09:07:21.449+0000] {dagbag.py:588} INFO - Filling up the DagBag from /home/airflow/.local/lib/python3.11/site-packages/airflow/example_dags/example_short_circuit_operator.py
[2025-12-24T09:07:21.463+0000] {processor.py:925} INFO - DAG(s) 'example_short_circuit_operator' retrieved from /home/airflow/.local/lib/python3.11/site-packages/airflow/example_dags/example_short_circuit_operator.py
[2025-12-24T09:07:21.498+0000] {logging_mixin.py:190} INFO - [2025-12-24T09:07:21.497+0000] {dag.py:3239} INFO - Sync 1 DAGs
[2025-12-24T09:07:21.516+0000] {logging_mixin.py:190} INFO - [2025-12-24T09:07:21.516+0000] {dag.py:4180} INFO - Setting next_dagrun for example_short_circuit_operator to None, run_after=None
[2025-12-24T09:07:21.540+0000] {processor.py:208} INFO - Processing /home/airflow/.local/lib/python3.11/site-packages/airflow/example_dags/example_short_circuit_operator.py took 0.106 seconds
[2025-12-24T09:07:31.606+0000] {processor.py:186} INFO - Started process (PID=868) to work on /home/airflow/.local/lib/python3.11/site-packages/airflow/example_dags/example_short_circuit_operator.py
[2025-12-24T09:07:31.607+0000] {processor.py:914} INFO - Processing file /home/airflow/.local/lib/python3.11/site-packages/airflow/example_dags/example_short_circuit_operator.py for tasks to queue
[2025-12-24T09:07:31.611+0000] {logging_mixin.py:190} INFO - [2025-12-24T09:07:31.611+0000] {dagbag.py:588} INFO - Filling up the DagBag from /home/airflow/.local/lib/python3.11/site-packages/airflow/example_dags/example_short_circuit_operator.py
[2025-12-24T09:07:31.625+0000] {processor.py:925} INFO - DAG(s) 'example_short_circuit_operator' retrieved from /home/airflow/.local/lib/python3.11/site-packages/airflow/example_dags/example_short_circuit_operator.py
[2025-12-24T09:07:31.660+0000] {logging_mixin.py:190} INFO - [2025-12-24T09:07:31.659+0000] {dag.py:3239} INFO - Sync 1 DAGs
[2025-12-24T09:07:31.679+0000] {logging_mixin.py:190} INFO - [2025-12-24T09:07:31.678+0000] {dag.py:4180} INFO - Setting next_dagrun for example_short_circuit_operator to None, run_after=None
[2025-12-24T09:07:31.709+0000] {processor.py:208} INFO - Processing /home/airflow/.local/lib/python3.11/site-packages/airflow/example_dags/example_short_circuit_operator.py took 0.113 seconds
[2025-12-24T09:08:23.883+0000] {processor.py:186} INFO - Started process (PID=924) to work on /home/airflow/.local/lib/python3.11/site-packages/airflow/example_dags/example_short_circuit_operator.py
[2025-12-24T09:08:23.885+0000] {processor.py:914} INFO - Processing file /home/airflow/.local/lib/python3.11/site-packages/airflow/example_dags/example_short_circuit_operator.py for tasks to queue
[2025-12-24T09:08:23.890+0000] {logging_mixin.py:190} INFO - [2025-12-24T09:08:23.890+0000] {dagbag.py:588} INFO - Filling up the DagBag from /home/airflow/.local/lib/python3.11/site-packages/airflow/example_dags/example_short_circuit_operator.py
[2025-12-24T09:08:23.909+0000] {processor.py:925} INFO - DAG(s) 'example_short_circuit_operator' retrieved from /home/airflow/.local/lib/python3.11/site-packages/airflow/example_dags/example_short_circuit_operator.py
[2025-12-24T09:07:41.613+0000] {logging_mixin.py:190} INFO - [2025-12-24T09:07:41.612+0000] {dag.py:3239} INFO - Sync 1 DAGs
[2025-12-24T09:07:41.635+0000] {logging_mixin.py:190} INFO - [2025-12-24T09:07:41.635+0000] {dag.py:4180} INFO - Setting next_dagrun for example_short_circuit_operator to None, run_after=None
[2025-12-24T09:07:41.668+0000] {processor.py:208} INFO - Processing /home/airflow/.local/lib/python3.11/site-packages/airflow/example_dags/example_short_circuit_operator.py took 0.140 seconds
[2025-12-24T09:08:39.103+0000] {processor.py:186} INFO - Started process (PID=985) to work on /home/airflow/.local/lib/python3.11/site-packages/airflow/example_dags/example_short_circuit_operator.py
[2025-12-24T09:08:39.104+0000] {processor.py:914} INFO - Processing file /home/airflow/.local/lib/python3.11/site-packages/airflow/example_dags/example_short_circuit_operator.py for tasks to queue
[2025-12-24T09:08:39.109+0000] {logging_mixin.py:190} INFO - [2025-12-24T09:08:39.108+0000] {dagbag.py:588} INFO - Filling up the DagBag from /home/airflow/.local/lib/python3.11/site-packages/airflow/example_dags/example_short_circuit_operator.py
[2025-12-24T09:08:39.123+0000] {processor.py:925} INFO - DAG(s) 'example_short_circuit_operator' retrieved from /home/airflow/.local/lib/python3.11/site-packages/airflow/example_dags/example_short_circuit_operator.py
[2025-12-24T09:08:39.159+0000] {logging_mixin.py:190} INFO - [2025-12-24T09:08:39.158+0000] {dag.py:3239} INFO - Sync 1 DAGs
[2025-12-24T09:08:39.184+0000] {logging_mixin.py:190} INFO - [2025-12-24T09:08:39.183+0000] {dag.py:4180} INFO - Setting next_dagrun for example_short_circuit_operator to None, run_after=None
[2025-12-24T09:08:39.224+0000] {processor.py:208} INFO - Processing /home/airflow/.local/lib/python3.11/site-packages/airflow/example_dags/example_short_circuit_operator.py took 0.132 seconds
[2025-12-24T09:09:19.113+0000] {processor.py:186} INFO - Started process (PID=1052) to work on /home/airflow/.local/lib/python3.11/site-packages/airflow/example_dags/example_short_circuit_operator.py
[2025-12-24T09:09:19.115+0000] {processor.py:914} INFO - Processing file /home/airflow/.local/lib/python3.11/site-packages/airflow/example_dags/example_short_circuit_operator.py for tasks to queue
[2025-12-24T09:09:19.119+0000] {logging_mixin.py:190} INFO - [2025-12-24T09:09:19.119+0000] {dagbag.py:588} INFO - Filling up the DagBag from /home/airflow/.local/lib/python3.11/site-packages/airflow/example_dags/example_short_circuit_operator.py
[2025-12-24T09:09:19.137+0000] {processor.py:925} INFO - DAG(s) 'example_short_circuit_operator' retrieved from /home/airflow/.local/lib/python3.11/site-packages/airflow/example_dags/example_short_circuit_operator.py
[2025-12-24T09:09:19.170+0000] {logging_mixin.py:190} INFO - [2025-12-24T09:09:19.170+0000] {dag.py:3239} INFO - Sync 1 DAGs
[2025-12-24T09:09:19.187+0000] {logging_mixin.py:190} INFO - [2025-12-24T09:09:19.187+0000] {dag.py:4180} INFO - Setting next_dagrun for example_short_circuit_operator to None, run_after=None
[2025-12-24T09:09:19.214+0000] {processor.py:208} INFO - Processing /home/airflow/.local/lib/python3.11/site-packages/airflow/example_dags/example_short_circuit_operator.py took 0.113 seconds
[2025-12-24T09:09:16.811+0000] {processor.py:186} INFO - Started process (PID=1132) to work on /home/airflow/.local/lib/python3.11/site-packages/airflow/example_dags/example_short_circuit_operator.py
[2025-12-24T09:09:16.813+0000] {processor.py:914} INFO - Processing file /home/airflow/.local/lib/python3.11/site-packages/airflow/example_dags/example_short_circuit_operator.py for tasks to queue
[2025-12-24T09:09:16.817+0000] {logging_mixin.py:190} INFO - [2025-12-24T09:09:16.816+0000] {dagbag.py:588} INFO - Filling up the DagBag from /home/airflow/.local/lib/python3.11/site-packages/airflow/example_dags/example_short_circuit_operator.py
[2025-12-24T09:09:16.830+0000] {processor.py:925} INFO - DAG(s) 'example_short_circuit_operator' retrieved from /home/airflow/.local/lib/python3.11/site-packages/airflow/example_dags/example_short_circuit_operator.py
[2025-12-24T09:09:16.863+0000] {logging_mixin.py:190} INFO - [2025-12-24T09:09:16.863+0000] {dag.py:3239} INFO - Sync 1 DAGs
[2025-12-24T09:09:16.883+0000] {logging_mixin.py:190} INFO - [2025-12-24T09:09:16.883+0000] {dag.py:4180} INFO - Setting next_dagrun for example_short_circuit_operator to None, run_after=None
[2025-12-24T09:09:16.908+0000] {processor.py:208} INFO - Processing /home/airflow/.local/lib/python3.11/site-packages/airflow/example_dags/example_short_circuit_operator.py took 0.108 seconds
[2025-12-24T09:10:24.382+0000] {processor.py:186} INFO - Started process (PID=1192) to work on /home/airflow/.local/lib/python3.11/site-packages/airflow/example_dags/example_short_circuit_operator.py
[2025-12-24T09:10:24.383+0000] {processor.py:914} INFO - Processing file /home/airflow/.local/lib/python3.11/site-packages/airflow/example_dags/example_short_circuit_operator.py for tasks to queue
[2025-12-24T09:10:24.387+0000] {logging_mixin.py:190} INFO - [2025-12-24T09:10:24.387+0000] {dagbag.py:588} INFO - Filling up the DagBag from /home/airflow/.local/lib/python3.11/site-packages/airflow/example_dags/example_short_circuit_operator.py
[2025-12-24T09:10:24.400+0000] {processor.py:925} INFO - DAG(s) 'example_short_circuit_operator' retrieved from /home/airflow/.local/lib/python3.11/site-packages/airflow/example_dags/example_short_circuit_operator.py
[2025-12-24T09:10:24.431+0000] {logging_mixin.py:190} INFO - [2025-12-24T09:10:24.430+0000] {dag.py:3239} INFO - Sync 1 DAGs
[2025-12-24T09:10:24.447+0000] {logging_mixin.py:190} INFO - [2025-12-24T09:10:24.447+0000] {dag.py:4180} INFO - Setting next_dagrun for example_short_circuit_operator to None, run_after=None
[2025-12-24T09:10:24.470+0000] {processor.py:208} INFO - Processing /home/airflow/.local/lib/python3.11/site-packages/airflow/example_dags/example_short_circuit_operator.py took 0.097 seconds
[2025-12-24T09:10:17.066+0000] {processor.py:186} INFO - Started process (PID=1264) to work on /home/airflow/.local/lib/python3.11/site-packages/airflow/example_dags/example_short_circuit_operator.py
[2025-12-24T09:10:17.068+0000] {processor.py:914} INFO - Processing file /home/airflow/.local/lib/python3.11/site-packages/airflow/example_dags/example_short_circuit_operator.py for tasks to queue
[2025-12-24T09:10:17.072+0000] {logging_mixin.py:190} INFO - [2025-12-24T09:10:17.072+0000] {dagbag.py:588} INFO - Filling up the DagBag from /home/airflow/.local/lib/python3.11/site-packages/airflow/example_dags/example_short_circuit_operator.py
[2025-12-24T09:10:17.086+0000] {processor.py:925} INFO - DAG(s) 'example_short_circuit_operator' retrieved from /home/airflow/.local/lib/python3.11/site-packages/airflow/example_dags/example_short_circuit_operator.py
[2025-12-24T09:10:17.119+0000] {logging_mixin.py:190} INFO - [2025-12-24T09:10:17.119+0000] {dag.py:3239} INFO - Sync 1 DAGs
[2025-12-24T09:10:17.137+0000] {logging_mixin.py:190} INFO - [2025-12-24T09:10:17.137+0000] {dag.py:4180} INFO - Setting next_dagrun for example_short_circuit_operator to None, run_after=None
[2025-12-24T09:10:17.172+0000] {processor.py:208} INFO - Processing /home/airflow/.local/lib/python3.11/site-packages/airflow/example_dags/example_short_circuit_operator.py took 0.115 seconds
[2025-12-24T09:10:46.948+0000] {processor.py:186} INFO - Started process (PID=1313) to work on /home/airflow/.local/lib/python3.11/site-packages/airflow/example_dags/example_short_circuit_operator.py
[2025-12-24T09:10:46.950+0000] {processor.py:914} INFO - Processing file /home/airflow/.local/lib/python3.11/site-packages/airflow/example_dags/example_short_circuit_operator.py for tasks to queue
[2025-12-24T09:10:46.954+0000] {logging_mixin.py:190} INFO - [2025-12-24T09:10:46.953+0000] {dagbag.py:588} INFO - Filling up the DagBag from /home/airflow/.local/lib/python3.11/site-packages/airflow/example_dags/example_short_circuit_operator.py
[2025-12-24T09:10:46.966+0000] {processor.py:925} INFO - DAG(s) 'example_short_circuit_operator' retrieved from /home/airflow/.local/lib/python3.11/site-packages/airflow/example_dags/example_short_circuit_operator.py
[2025-12-24T09:10:47.000+0000] {logging_mixin.py:190} INFO - [2025-12-24T09:10:46.999+0000] {dag.py:3239} INFO - Sync 1 DAGs
[2025-12-24T09:10:47.020+0000] {logging_mixin.py:190} INFO - [2025-12-24T09:10:47.020+0000] {dag.py:4180} INFO - Setting next_dagrun for example_short_circuit_operator to None, run_after=None
[2025-12-24T09:10:47.086+0000] {processor.py:208} INFO - Processing /home/airflow/.local/lib/python3.11/site-packages/airflow/example_dags/example_short_circuit_operator.py took 0.149 seconds
[2025-12-24T09:10:56.851+0000] {processor.py:186} INFO - Started process (PID=1370) to work on /home/airflow/.local/lib/python3.11/site-packages/airflow/example_dags/example_short_circuit_operator.py
[2025-12-24T09:10:56.853+0000] {processor.py:914} INFO - Processing file /home/airflow/.local/lib/python3.11/site-packages/airflow/example_dags/example_short_circuit_operator.py for tasks to queue
[2025-12-24T09:10:56.857+0000] {logging_mixin.py:190} INFO - [2025-12-24T09:10:56.857+0000] {dagbag.py:588} INFO - Filling up the DagBag from /home/airflow/.local/lib/python3.11/site-packages/airflow/example_dags/example_short_circuit_operator.py
[2025-12-24T09:10:56.871+0000] {processor.py:925} INFO - DAG(s) 'example_short_circuit_operator' retrieved from /home/airflow/.local/lib/python3.11/site-packages/airflow/example_dags/example_short_circuit_operator.py
[2025-12-24T09:10:56.908+0000] {logging_mixin.py:190} INFO - [2025-12-24T09:10:56.907+0000] {dag.py:3239} INFO - Sync 1 DAGs
[2025-12-24T09:10:56.928+0000] {logging_mixin.py:190} INFO - [2025-12-24T09:10:56.928+0000] {dag.py:4180} INFO - Setting next_dagrun for example_short_circuit_operator to None, run_after=None
[2025-12-24T09:10:56.960+0000] {processor.py:208} INFO - Processing /home/airflow/.local/lib/python3.11/site-packages/airflow/example_dags/example_short_circuit_operator.py took 0.119 seconds
[2025-12-24T09:11:27.817+0000] {processor.py:186} INFO - Started process (PID=1433) to work on /home/airflow/.local/lib/python3.11/site-packages/airflow/example_dags/example_short_circuit_operator.py
[2025-12-24T09:11:27.818+0000] {processor.py:914} INFO - Processing file /home/airflow/.local/lib/python3.11/site-packages/airflow/example_dags/example_short_circuit_operator.py for tasks to queue
[2025-12-24T09:11:27.822+0000] {logging_mixin.py:190} INFO - [2025-12-24T09:11:27.822+0000] {dagbag.py:588} INFO - Filling up the DagBag from /home/airflow/.local/lib/python3.11/site-packages/airflow/example_dags/example_short_circuit_operator.py
[2025-12-24T09:11:27.837+0000] {processor.py:925} INFO - DAG(s) 'example_short_circuit_operator' retrieved from /home/airflow/.local/lib/python3.11/site-packages/airflow/example_dags/example_short_circuit_operator.py
[2025-12-24T09:11:27.874+0000] {logging_mixin.py:190} INFO - [2025-12-24T09:11:27.874+0000] {dag.py:3239} INFO - Sync 1 DAGs
[2025-12-24T09:11:27.894+0000] {logging_mixin.py:190} INFO - [2025-12-24T09:11:27.894+0000] {dag.py:4180} INFO - Setting next_dagrun for example_short_circuit_operator to None, run_after=None
[2025-12-24T09:11:27.923+0000] {processor.py:208} INFO - Processing /home/airflow/.local/lib/python3.11/site-packages/airflow/example_dags/example_short_circuit_operator.py took 0.116 seconds
[2025-12-24T09:12:30.040+0000] {processor.py:186} INFO - Started process (PID=1496) to work on /home/airflow/.local/lib/python3.11/site-packages/airflow/example_dags/example_short_circuit_operator.py
[2025-12-24T09:12:30.042+0000] {processor.py:914} INFO - Processing file /home/airflow/.local/lib/python3.11/site-packages/airflow/example_dags/example_short_circuit_operator.py for tasks to queue
[2025-12-24T09:12:30.047+0000] {logging_mixin.py:190} INFO - [2025-12-24T09:12:30.046+0000] {dagbag.py:588} INFO - Filling up the DagBag from /home/airflow/.local/lib/python3.11/site-packages/airflow/example_dags/example_short_circuit_operator.py
[2025-12-24T09:12:30.062+0000] {processor.py:925} INFO - DAG(s) 'example_short_circuit_operator' retrieved from /home/airflow/.local/lib/python3.11/site-packages/airflow/example_dags/example_short_circuit_operator.py
[2025-12-24T09:12:30.094+0000] {logging_mixin.py:190} INFO - [2025-12-24T09:12:30.093+0000] {dag.py:3239} INFO - Sync 1 DAGs
[2025-12-24T09:12:30.110+0000] {logging_mixin.py:190} INFO - [2025-12-24T09:12:30.110+0000] {dag.py:4180} INFO - Setting next_dagrun for example_short_circuit_operator to None, run_after=None
[2025-12-24T09:12:30.144+0000] {processor.py:208} INFO - Processing /home/airflow/.local/lib/python3.11/site-packages/airflow/example_dags/example_short_circuit_operator.py took 0.116 seconds
[2025-12-24T09:12:42.092+0000] {processor.py:186} INFO - Started process (PID=1560) to work on /home/airflow/.local/lib/python3.11/site-packages/airflow/example_dags/example_short_circuit_operator.py
[2025-12-24T09:12:42.094+0000] {processor.py:914} INFO - Processing file /home/airflow/.local/lib/python3.11/site-packages/airflow/example_dags/example_short_circuit_operator.py for tasks to queue
[2025-12-24T09:12:42.098+0000] {logging_mixin.py:190} INFO - [2025-12-24T09:12:42.098+0000] {dagbag.py:588} INFO - Filling up the DagBag from /home/airflow/.local/lib/python3.11/site-packages/airflow/example_dags/example_short_circuit_operator.py
[2025-12-24T09:12:42.111+0000] {processor.py:925} INFO - DAG(s) 'example_short_circuit_operator' retrieved from /home/airflow/.local/lib/python3.11/site-packages/airflow/example_dags/example_short_circuit_operator.py
[2025-12-24T09:12:42.148+0000] {logging_mixin.py:190} INFO - [2025-12-24T09:12:42.148+0000] {dag.py:3239} INFO - Sync 1 DAGs
[2025-12-24T09:12:42.169+0000] {logging_mixin.py:190} INFO - [2025-12-24T09:12:42.169+0000] {dag.py:4180} INFO - Setting next_dagrun for example_short_circuit_operator to None, run_after=None
[2025-12-24T09:12:42.197+0000] {processor.py:208} INFO - Processing /home/airflow/.local/lib/python3.11/site-packages/airflow/example_dags/example_short_circuit_operator.py took 0.115 seconds
[2025-12-24T09:13:30.893+0000] {processor.py:186} INFO - Started process (PID=1627) to work on /home/airflow/.local/lib/python3.11/site-packages/airflow/example_dags/example_short_circuit_operator.py
[2025-12-24T09:13:30.895+0000] {processor.py:914} INFO - Processing file /home/airflow/.local/lib/python3.11/site-packages/airflow/example_dags/example_short_circuit_operator.py for tasks to queue
[2025-12-24T09:13:30.898+0000] {logging_mixin.py:190} INFO - [2025-12-24T09:13:30.897+0000] {dagbag.py:588} INFO - Filling up the DagBag from /home/airflow/.local/lib/python3.11/site-packages/airflow/example_dags/example_short_circuit_operator.py
[2025-12-24T09:13:30.909+0000] {processor.py:925} INFO - DAG(s) 'example_short_circuit_operator' retrieved from /home/airflow/.local/lib/python3.11/site-packages/airflow/example_dags/example_short_circuit_operator.py
[2025-12-24T09:13:30.939+0000] {logging_mixin.py:190} INFO - [2025-12-24T09:13:30.939+0000] {dag.py:3239} INFO - Sync 1 DAGs
[2025-12-24T09:13:30.956+0000] {logging_mixin.py:190} INFO - [2025-12-24T09:13:30.956+0000] {dag.py:4180} INFO - Setting next_dagrun for example_short_circuit_operator to None, run_after=None
[2025-12-24T09:13:30.979+0000] {processor.py:208} INFO - Processing /home/airflow/.local/lib/python3.11/site-packages/airflow/example_dags/example_short_circuit_operator.py took 0.094 seconds
[2025-12-24T09:14:24.462+0000] {processor.py:186} INFO - Started process (PID=1677) to work on /home/airflow/.local/lib/python3.11/site-packages/airflow/example_dags/example_short_circuit_operator.py
[2025-12-24T09:14:24.464+0000] {processor.py:914} INFO - Processing file /home/airflow/.local/lib/python3.11/site-packages/airflow/example_dags/example_short_circuit_operator.py for tasks to queue
[2025-12-24T09:14:24.468+0000] {logging_mixin.py:190} INFO - [2025-12-24T09:14:24.467+0000] {dagbag.py:588} INFO - Filling up the DagBag from /home/airflow/.local/lib/python3.11/site-packages/airflow/example_dags/example_short_circuit_operator.py
[2025-12-24T09:14:24.481+0000] {processor.py:925} INFO - DAG(s) 'example_short_circuit_operator' retrieved from /home/airflow/.local/lib/python3.11/site-packages/airflow/example_dags/example_short_circuit_operator.py
[2025-12-24T09:14:24.515+0000] {logging_mixin.py:190} INFO - [2025-12-24T09:14:24.515+0000] {dag.py:3239} INFO - Sync 1 DAGs
[2025-12-24T09:14:24.535+0000] {logging_mixin.py:190} INFO - [2025-12-24T09:14:24.534+0000] {dag.py:4180} INFO - Setting next_dagrun for example_short_circuit_operator to None, run_after=None
[2025-12-24T09:14:24.561+0000] {processor.py:208} INFO - Processing /home/airflow/.local/lib/python3.11/site-packages/airflow/example_dags/example_short_circuit_operator.py took 0.109 seconds
[2025-12-24T09:14:37.178+0000] {processor.py:186} INFO - Started process (PID=1749) to work on /home/airflow/.local/lib/python3.11/site-packages/airflow/example_dags/example_short_circuit_operator.py
[2025-12-24T09:14:37.180+0000] {processor.py:914} INFO - Processing file /home/airflow/.local/lib/python3.11/site-packages/airflow/example_dags/example_short_circuit_operator.py for tasks to queue
[2025-12-24T09:14:37.183+0000] {logging_mixin.py:190} INFO - [2025-12-24T09:14:37.183+0000] {dagbag.py:588} INFO - Filling up the DagBag from /home/airflow/.local/lib/python3.11/site-packages/airflow/example_dags/example_short_circuit_operator.py
[2025-12-24T09:14:37.196+0000] {processor.py:925} INFO - DAG(s) 'example_short_circuit_operator' retrieved from /home/airflow/.local/lib/python3.11/site-packages/airflow/example_dags/example_short_circuit_operator.py
[2025-12-24T09:14:37.228+0000] {logging_mixin.py:190} INFO - [2025-12-24T09:14:37.227+0000] {dag.py:3239} INFO - Sync 1 DAGs
[2025-12-24T09:14:37.249+0000] {logging_mixin.py:190} INFO - [2025-12-24T09:14:37.249+0000] {dag.py:4180} INFO - Setting next_dagrun for example_short_circuit_operator to None, run_after=None
[2025-12-24T09:14:37.274+0000] {processor.py:208} INFO - Processing /home/airflow/.local/lib/python3.11/site-packages/airflow/example_dags/example_short_circuit_operator.py took 0.107 seconds
[2025-12-24T09:15:07.987+0000] {processor.py:186} INFO - Started process (PID=1813) to work on /home/airflow/.local/lib/python3.11/site-packages/airflow/example_dags/example_short_circuit_operator.py
[2025-12-24T09:15:07.989+0000] {processor.py:914} INFO - Processing file /home/airflow/.local/lib/python3.11/site-packages/airflow/example_dags/example_short_circuit_operator.py for tasks to queue
[2025-12-24T09:15:07.994+0000] {logging_mixin.py:190} INFO - [2025-12-24T09:15:07.993+0000] {dagbag.py:588} INFO - Filling up the DagBag from /home/airflow/.local/lib/python3.11/site-packages/airflow/example_dags/example_short_circuit_operator.py
[2025-12-24T09:15:08.008+0000] {processor.py:925} INFO - DAG(s) 'example_short_circuit_operator' retrieved from /home/airflow/.local/lib/python3.11/site-packages/airflow/example_dags/example_short_circuit_operator.py
[2025-12-24T09:15:08.052+0000] {logging_mixin.py:190} INFO - [2025-12-24T09:15:08.051+0000] {dag.py:3239} INFO - Sync 1 DAGs
[2025-12-24T09:15:08.072+0000] {logging_mixin.py:190} INFO - [2025-12-24T09:15:08.072+0000] {dag.py:4180} INFO - Setting next_dagrun for example_short_circuit_operator to None, run_after=None
[2025-12-24T09:15:08.102+0000] {processor.py:208} INFO - Processing /home/airflow/.local/lib/python3.11/site-packages/airflow/example_dags/example_short_circuit_operator.py took 0.124 seconds
[2025-12-24T09:15:38.838+0000] {processor.py:186} INFO - Started process (PID=1876) to work on /home/airflow/.local/lib/python3.11/site-packages/airflow/example_dags/example_short_circuit_operator.py
[2025-12-24T09:15:38.840+0000] {processor.py:914} INFO - Processing file /home/airflow/.local/lib/python3.11/site-packages/airflow/example_dags/example_short_circuit_operator.py for tasks to queue
[2025-12-24T09:15:38.846+0000] {logging_mixin.py:190} INFO - [2025-12-24T09:15:38.845+0000] {dagbag.py:588} INFO - Filling up the DagBag from /home/airflow/.local/lib/python3.11/site-packages/airflow/example_dags/example_short_circuit_operator.py
[2025-12-24T09:15:38.867+0000] {processor.py:925} INFO - DAG(s) 'example_short_circuit_operator' retrieved from /home/airflow/.local/lib/python3.11/site-packages/airflow/example_dags/example_short_circuit_operator.py
[2025-12-24T09:15:38.926+0000] {logging_mixin.py:190} INFO - [2025-12-24T09:15:38.925+0000] {dag.py:3239} INFO - Sync 1 DAGs
[2025-12-24T09:15:38.955+0000] {logging_mixin.py:190} INFO - [2025-12-24T09:15:38.955+0000] {dag.py:4180} INFO - Setting next_dagrun for example_short_circuit_operator to None, run_after=None
[2025-12-24T09:15:38.992+0000] {processor.py:208} INFO - Processing /home/airflow/.local/lib/python3.11/site-packages/airflow/example_dags/example_short_circuit_operator.py took 0.166 seconds
[2025-12-24T09:16:40.054+0000] {processor.py:186} INFO - Started process (PID=1942) to work on /home/airflow/.local/lib/python3.11/site-packages/airflow/example_dags/example_short_circuit_operator.py
[2025-12-24T09:16:40.055+0000] {processor.py:914} INFO - Processing file /home/airflow/.local/lib/python3.11/site-packages/airflow/example_dags/example_short_circuit_operator.py for tasks to queue
[2025-12-24T09:16:40.060+0000] {logging_mixin.py:190} INFO - [2025-12-24T09:16:40.059+0000] {dagbag.py:588} INFO - Filling up the DagBag from /home/airflow/.local/lib/python3.11/site-packages/airflow/example_dags/example_short_circuit_operator.py
[2025-12-24T09:16:40.073+0000] {processor.py:925} INFO - DAG(s) 'example_short_circuit_operator' retrieved from /home/airflow/.local/lib/python3.11/site-packages/airflow/example_dags/example_short_circuit_operator.py
[2025-12-24T09:16:40.104+0000] {logging_mixin.py:190} INFO - [2025-12-24T09:16:40.103+0000] {dag.py:3239} INFO - Sync 1 DAGs
[2025-12-24T09:16:40.122+0000] {logging_mixin.py:190} INFO - [2025-12-24T09:16:40.122+0000] {dag.py:4180} INFO - Setting next_dagrun for example_short_circuit_operator to None, run_after=None
[2025-12-24T09:16:40.147+0000] {processor.py:208} INFO - Processing /home/airflow/.local/lib/python3.11/site-packages/airflow/example_dags/example_short_circuit_operator.py took 0.102 seconds
[2025-12-24T09:24:10.736+0000] {processor.py:186} INFO - Started process (PID=82) to work on /home/airflow/.local/lib/python3.11/site-packages/airflow/example_dags/example_short_circuit_operator.py
[2025-12-24T09:24:10.738+0000] {processor.py:914} INFO - Processing file /home/airflow/.local/lib/python3.11/site-packages/airflow/example_dags/example_short_circuit_operator.py for tasks to queue
[2025-12-24T09:24:10.744+0000] {logging_mixin.py:190} INFO - [2025-12-24T09:24:10.744+0000] {dagbag.py:588} INFO - Filling up the DagBag from /home/airflow/.local/lib/python3.11/site-packages/airflow/example_dags/example_short_circuit_operator.py
[2025-12-24T09:24:10.766+0000] {processor.py:925} INFO - DAG(s) 'example_short_circuit_operator' retrieved from /home/airflow/.local/lib/python3.11/site-packages/airflow/example_dags/example_short_circuit_operator.py
[2025-12-24T09:24:10.956+0000] {logging_mixin.py:190} INFO - [2025-12-24T09:24:10.955+0000] {override.py:1911} INFO - Created Permission View: can delete on DAG:example_short_circuit_operator
[2025-12-24T09:24:10.976+0000] {logging_mixin.py:190} INFO - [2025-12-24T09:24:10.976+0000] {override.py:1911} INFO - Created Permission View: can read on DAG:example_short_circuit_operator
[2025-12-24T09:24:10.989+0000] {logging_mixin.py:190} INFO - [2025-12-24T09:24:10.989+0000] {override.py:1911} INFO - Created Permission View: can edit on DAG:example_short_circuit_operator
[2025-12-24T09:24:11.010+0000] {logging_mixin.py:190} INFO - [2025-12-24T09:24:11.009+0000] {override.py:1911} INFO - Created Permission View: menu access on DAG Run:example_short_circuit_operator
[2025-12-24T09:24:11.025+0000] {logging_mixin.py:190} INFO - [2025-12-24T09:24:11.025+0000] {override.py:1911} INFO - Created Permission View: can create on DAG Run:example_short_circuit_operator
[2025-12-24T09:24:11.042+0000] {logging_mixin.py:190} INFO - [2025-12-24T09:24:11.041+0000] {override.py:1911} INFO - Created Permission View: can delete on DAG Run:example_short_circuit_operator
[2025-12-24T09:24:11.057+0000] {logging_mixin.py:190} INFO - [2025-12-24T09:24:11.057+0000] {override.py:1911} INFO - Created Permission View: can read on DAG Run:example_short_circuit_operator
[2025-12-24T09:24:11.059+0000] {logging_mixin.py:190} INFO - [2025-12-24T09:24:11.059+0000] {dag.py:3239} INFO - Sync 1 DAGs
[2025-12-24T09:24:11.105+0000] {logging_mixin.py:190} INFO - [2025-12-24T09:24:11.105+0000] {dag.py:3262} INFO - Creating ORM DAG for example_short_circuit_operator
[2025-12-24T09:24:11.106+0000] {logging_mixin.py:190} INFO - [2025-12-24T09:24:11.106+0000] {dag.py:4180} INFO - Setting next_dagrun for example_short_circuit_operator to None, run_after=None
[2025-12-24T09:24:11.138+0000] {processor.py:208} INFO - Processing /home/airflow/.local/lib/python3.11/site-packages/airflow/example_dags/example_short_circuit_operator.py took 0.414 seconds
[2025-12-24T09:24:03.609+0000] {processor.py:186} INFO - Started process (PID=180) to work on /home/airflow/.local/lib/python3.11/site-packages/airflow/example_dags/example_short_circuit_operator.py
[2025-12-24T09:24:03.611+0000] {processor.py:914} INFO - Processing file /home/airflow/.local/lib/python3.11/site-packages/airflow/example_dags/example_short_circuit_operator.py for tasks to queue
[2025-12-24T09:24:03.615+0000] {logging_mixin.py:190} INFO - [2025-12-24T09:24:03.615+0000] {dagbag.py:588} INFO - Filling up the DagBag from /home/airflow/.local/lib/python3.11/site-packages/airflow/example_dags/example_short_circuit_operator.py
[2025-12-24T09:24:03.631+0000] {processor.py:925} INFO - DAG(s) 'example_short_circuit_operator' retrieved from /home/airflow/.local/lib/python3.11/site-packages/airflow/example_dags/example_short_circuit_operator.py
[2025-12-24T09:24:03.654+0000] {logging_mixin.py:190} INFO - [2025-12-24T09:24:03.653+0000] {dag.py:3239} INFO - Sync 1 DAGs
[2025-12-24T09:24:03.673+0000] {logging_mixin.py:190} INFO - [2025-12-24T09:24:03.673+0000] {dag.py:4180} INFO - Setting next_dagrun for example_short_circuit_operator to None, run_after=None
[2025-12-24T09:24:03.702+0000] {processor.py:208} INFO - Processing /home/airflow/.local/lib/python3.11/site-packages/airflow/example_dags/example_short_circuit_operator.py took 0.103 seconds
[2025-12-24T09:24:12.324+0000] {processor.py:186} INFO - Started process (PID=220) to work on /home/airflow/.local/lib/python3.11/site-packages/airflow/example_dags/example_short_circuit_operator.py
[2025-12-24T09:24:12.326+0000] {processor.py:914} INFO - Processing file /home/airflow/.local/lib/python3.11/site-packages/airflow/example_dags/example_short_circuit_operator.py for tasks to queue
[2025-12-24T09:24:12.332+0000] {logging_mixin.py:190} INFO - [2025-12-24T09:24:12.331+0000] {dagbag.py:588} INFO - Filling up the DagBag from /home/airflow/.local/lib/python3.11/site-packages/airflow/example_dags/example_short_circuit_operator.py
[2025-12-24T09:24:12.356+0000] {processor.py:925} INFO - DAG(s) 'example_short_circuit_operator' retrieved from /home/airflow/.local/lib/python3.11/site-packages/airflow/example_dags/example_short_circuit_operator.py
[2025-12-24T09:24:12.409+0000] {logging_mixin.py:190} INFO - [2025-12-24T09:24:12.408+0000] {dag.py:3239} INFO - Sync 1 DAGs
[2025-12-24T09:24:12.463+0000] {logging_mixin.py:190} INFO - [2025-12-24T09:24:12.462+0000] {dag.py:4180} INFO - Setting next_dagrun for example_short_circuit_operator to None, run_after=None
[2025-12-24T09:24:12.512+0000] {processor.py:208} INFO - Processing /home/airflow/.local/lib/python3.11/site-packages/airflow/example_dags/example_short_circuit_operator.py took 0.204 seconds
[2025-12-24T09:24:53.451+0000] {processor.py:186} INFO - Started process (PID=337) to work on /home/airflow/.local/lib/python3.11/site-packages/airflow/example_dags/example_short_circuit_operator.py
[2025-12-24T09:24:53.454+0000] {processor.py:914} INFO - Processing file /home/airflow/.local/lib/python3.11/site-packages/airflow/example_dags/example_short_circuit_operator.py for tasks to queue
[2025-12-24T09:24:53.460+0000] {logging_mixin.py:190} INFO - [2025-12-24T09:24:53.459+0000] {dagbag.py:588} INFO - Filling up the DagBag from /home/airflow/.local/lib/python3.11/site-packages/airflow/example_dags/example_short_circuit_operator.py
[2025-12-24T09:24:53.482+0000] {processor.py:925} INFO - DAG(s) 'example_short_circuit_operator' retrieved from /home/airflow/.local/lib/python3.11/site-packages/airflow/example_dags/example_short_circuit_operator.py
[2025-12-24T09:24:53.535+0000] {logging_mixin.py:190} INFO - [2025-12-24T09:24:53.534+0000] {dag.py:3239} INFO - Sync 1 DAGs
[2025-12-24T09:24:53.559+0000] {logging_mixin.py:190} INFO - [2025-12-24T09:24:53.558+0000] {dag.py:4180} INFO - Setting next_dagrun for example_short_circuit_operator to None, run_after=None
[2025-12-24T09:24:53.593+0000] {processor.py:208} INFO - Processing /home/airflow/.local/lib/python3.11/site-packages/airflow/example_dags/example_short_circuit_operator.py took 0.157 seconds
[2025-12-24T09:25:12.111+0000] {processor.py:186} INFO - Started process (PID=399) to work on /home/airflow/.local/lib/python3.11/site-packages/airflow/example_dags/example_short_circuit_operator.py
[2025-12-24T09:25:12.113+0000] {processor.py:914} INFO - Processing file /home/airflow/.local/lib/python3.11/site-packages/airflow/example_dags/example_short_circuit_operator.py for tasks to queue
[2025-12-24T09:25:12.118+0000] {logging_mixin.py:190} INFO - [2025-12-24T09:25:12.117+0000] {dagbag.py:588} INFO - Filling up the DagBag from /home/airflow/.local/lib/python3.11/site-packages/airflow/example_dags/example_short_circuit_operator.py
[2025-12-24T09:25:12.132+0000] {processor.py:925} INFO - DAG(s) 'example_short_circuit_operator' retrieved from /home/airflow/.local/lib/python3.11/site-packages/airflow/example_dags/example_short_circuit_operator.py
[2025-12-24T09:25:12.177+0000] {logging_mixin.py:190} INFO - [2025-12-24T09:25:12.176+0000] {dag.py:3239} INFO - Sync 1 DAGs
[2025-12-24T09:25:12.196+0000] {logging_mixin.py:190} INFO - [2025-12-24T09:25:12.195+0000] {dag.py:4180} INFO - Setting next_dagrun for example_short_circuit_operator to None, run_after=None
[2025-12-24T09:25:12.223+0000] {processor.py:208} INFO - Processing /home/airflow/.local/lib/python3.11/site-packages/airflow/example_dags/example_short_circuit_operator.py took 0.122 seconds
[2025-12-24T09:25:18.486+0000] {processor.py:186} INFO - Started process (PID=453) to work on /home/airflow/.local/lib/python3.11/site-packages/airflow/example_dags/example_short_circuit_operator.py
[2025-12-24T09:25:18.487+0000] {processor.py:914} INFO - Processing file /home/airflow/.local/lib/python3.11/site-packages/airflow/example_dags/example_short_circuit_operator.py for tasks to queue
[2025-12-24T09:25:18.500+0000] {logging_mixin.py:190} INFO - [2025-12-24T09:25:18.500+0000] {dagbag.py:588} INFO - Filling up the DagBag from /home/airflow/.local/lib/python3.11/site-packages/airflow/example_dags/example_short_circuit_operator.py
[2025-12-24T09:25:18.518+0000] {processor.py:925} INFO - DAG(s) 'example_short_circuit_operator' retrieved from /home/airflow/.local/lib/python3.11/site-packages/airflow/example_dags/example_short_circuit_operator.py
[2025-12-24T09:25:18.554+0000] {logging_mixin.py:190} INFO - [2025-12-24T09:25:18.553+0000] {dag.py:3239} INFO - Sync 1 DAGs
[2025-12-24T09:25:18.574+0000] {logging_mixin.py:190} INFO - [2025-12-24T09:25:18.574+0000] {dag.py:4180} INFO - Setting next_dagrun for example_short_circuit_operator to None, run_after=None
[2025-12-24T09:25:18.603+0000] {processor.py:208} INFO - Processing /home/airflow/.local/lib/python3.11/site-packages/airflow/example_dags/example_short_circuit_operator.py took 0.127 seconds
[2025-12-24T09:25:49.434+0000] {processor.py:186} INFO - Started process (PID=511) to work on /home/airflow/.local/lib/python3.11/site-packages/airflow/example_dags/example_short_circuit_operator.py
[2025-12-24T09:25:49.436+0000] {processor.py:914} INFO - Processing file /home/airflow/.local/lib/python3.11/site-packages/airflow/example_dags/example_short_circuit_operator.py for tasks to queue
[2025-12-24T09:25:49.442+0000] {logging_mixin.py:190} INFO - [2025-12-24T09:25:49.441+0000] {dagbag.py:588} INFO - Filling up the DagBag from /home/airflow/.local/lib/python3.11/site-packages/airflow/example_dags/example_short_circuit_operator.py
[2025-12-24T09:25:49.472+0000] {processor.py:925} INFO - DAG(s) 'example_short_circuit_operator' retrieved from /home/airflow/.local/lib/python3.11/site-packages/airflow/example_dags/example_short_circuit_operator.py
[2025-12-24T09:25:49.526+0000] {logging_mixin.py:190} INFO - [2025-12-24T09:25:49.526+0000] {dag.py:3239} INFO - Sync 1 DAGs
[2025-12-24T09:25:49.553+0000] {logging_mixin.py:190} INFO - [2025-12-24T09:25:49.552+0000] {dag.py:4180} INFO - Setting next_dagrun for example_short_circuit_operator to None, run_after=None
[2025-12-24T09:25:49.589+0000] {processor.py:208} INFO - Processing /home/airflow/.local/lib/python3.11/site-packages/airflow/example_dags/example_short_circuit_operator.py took 0.170 seconds
[2025-12-24T09:25:54.187+0000] {processor.py:186} INFO - Started process (PID=542) to work on /home/airflow/.local/lib/python3.11/site-packages/airflow/example_dags/example_short_circuit_operator.py
[2025-12-24T09:25:54.189+0000] {processor.py:914} INFO - Processing file /home/airflow/.local/lib/python3.11/site-packages/airflow/example_dags/example_short_circuit_operator.py for tasks to queue
[2025-12-24T09:25:54.194+0000] {logging_mixin.py:190} INFO - [2025-12-24T09:25:54.193+0000] {dagbag.py:588} INFO - Filling up the DagBag from /home/airflow/.local/lib/python3.11/site-packages/airflow/example_dags/example_short_circuit_operator.py
[2025-12-24T09:25:54.223+0000] {processor.py:925} INFO - DAG(s) 'example_short_circuit_operator' retrieved from /home/airflow/.local/lib/python3.11/site-packages/airflow/example_dags/example_short_circuit_operator.py
[2025-12-24T09:25:54.279+0000] {logging_mixin.py:190} INFO - [2025-12-24T09:25:54.278+0000] {dag.py:3239} INFO - Sync 1 DAGs
[2025-12-24T09:25:54.305+0000] {logging_mixin.py:190} INFO - [2025-12-24T09:25:54.304+0000] {dag.py:4180} INFO - Setting next_dagrun for example_short_circuit_operator to None, run_after=None
[2025-12-24T09:25:54.339+0000] {processor.py:208} INFO - Processing /home/airflow/.local/lib/python3.11/site-packages/airflow/example_dags/example_short_circuit_operator.py took 0.166 seconds
[2025-12-24T09:26:03.689+0000] {processor.py:186} INFO - Started process (PID=606) to work on /home/airflow/.local/lib/python3.11/site-packages/airflow/example_dags/example_short_circuit_operator.py
[2025-12-24T09:26:03.691+0000] {processor.py:914} INFO - Processing file /home/airflow/.local/lib/python3.11/site-packages/airflow/example_dags/example_short_circuit_operator.py for tasks to queue
[2025-12-24T09:26:03.695+0000] {logging_mixin.py:190} INFO - [2025-12-24T09:26:03.695+0000] {dagbag.py:588} INFO - Filling up the DagBag from /home/airflow/.local/lib/python3.11/site-packages/airflow/example_dags/example_short_circuit_operator.py
[2025-12-24T09:26:03.716+0000] {processor.py:925} INFO - DAG(s) 'example_short_circuit_operator' retrieved from /home/airflow/.local/lib/python3.11/site-packages/airflow/example_dags/example_short_circuit_operator.py
[2025-12-24T09:26:03.799+0000] {logging_mixin.py:190} INFO - [2025-12-24T09:26:03.798+0000] {dag.py:3239} INFO - Sync 1 DAGs
[2025-12-24T09:26:03.835+0000] {logging_mixin.py:190} INFO - [2025-12-24T09:26:03.835+0000] {dag.py:4180} INFO - Setting next_dagrun for example_short_circuit_operator to None, run_after=None
[2025-12-24T09:26:03.873+0000] {processor.py:208} INFO - Processing /home/airflow/.local/lib/python3.11/site-packages/airflow/example_dags/example_short_circuit_operator.py took 0.196 seconds
[2025-12-24T09:26:12.504+0000] {processor.py:186} INFO - Started process (PID=662) to work on /home/airflow/.local/lib/python3.11/site-packages/airflow/example_dags/example_short_circuit_operator.py
[2025-12-24T09:26:12.506+0000] {processor.py:914} INFO - Processing file /home/airflow/.local/lib/python3.11/site-packages/airflow/example_dags/example_short_circuit_operator.py for tasks to queue
[2025-12-24T09:26:12.511+0000] {logging_mixin.py:190} INFO - [2025-12-24T09:26:12.510+0000] {dagbag.py:588} INFO - Filling up the DagBag from /home/airflow/.local/lib/python3.11/site-packages/airflow/example_dags/example_short_circuit_operator.py
[2025-12-24T09:26:12.530+0000] {processor.py:925} INFO - DAG(s) 'example_short_circuit_operator' retrieved from /home/airflow/.local/lib/python3.11/site-packages/airflow/example_dags/example_short_circuit_operator.py
[2025-12-24T09:26:12.593+0000] {logging_mixin.py:190} INFO - [2025-12-24T09:26:12.592+0000] {dag.py:3239} INFO - Sync 1 DAGs
[2025-12-24T09:26:12.626+0000] {logging_mixin.py:190} INFO - [2025-12-24T09:26:12.626+0000] {dag.py:4180} INFO - Setting next_dagrun for example_short_circuit_operator to None, run_after=None
[2025-12-24T09:26:12.685+0000] {processor.py:208} INFO - Processing /home/airflow/.local/lib/python3.11/site-packages/airflow/example_dags/example_short_circuit_operator.py took 0.195 seconds
[2025-12-24T09:26:23.388+0000] {processor.py:186} INFO - Started process (PID=716) to work on /home/airflow/.local/lib/python3.11/site-packages/airflow/example_dags/example_short_circuit_operator.py
[2025-12-24T09:26:23.389+0000] {processor.py:914} INFO - Processing file /home/airflow/.local/lib/python3.11/site-packages/airflow/example_dags/example_short_circuit_operator.py for tasks to queue
[2025-12-24T09:26:23.393+0000] {logging_mixin.py:190} INFO - [2025-12-24T09:26:23.392+0000] {dagbag.py:588} INFO - Filling up the DagBag from /home/airflow/.local/lib/python3.11/site-packages/airflow/example_dags/example_short_circuit_operator.py
[2025-12-24T09:26:23.406+0000] {processor.py:925} INFO - DAG(s) 'example_short_circuit_operator' retrieved from /home/airflow/.local/lib/python3.11/site-packages/airflow/example_dags/example_short_circuit_operator.py
[2025-12-24T09:26:23.443+0000] {logging_mixin.py:190} INFO - [2025-12-24T09:26:23.443+0000] {dag.py:3239} INFO - Sync 1 DAGs
[2025-12-24T09:26:23.473+0000] {logging_mixin.py:190} INFO - [2025-12-24T09:26:23.473+0000] {dag.py:4180} INFO - Setting next_dagrun for example_short_circuit_operator to None, run_after=None
[2025-12-24T09:26:23.504+0000] {processor.py:208} INFO - Processing /home/airflow/.local/lib/python3.11/site-packages/airflow/example_dags/example_short_circuit_operator.py took 0.126 seconds
[2025-12-24T09:26:33.373+0000] {processor.py:186} INFO - Started process (PID=771) to work on /home/airflow/.local/lib/python3.11/site-packages/airflow/example_dags/example_short_circuit_operator.py
[2025-12-24T09:26:33.375+0000] {processor.py:914} INFO - Processing file /home/airflow/.local/lib/python3.11/site-packages/airflow/example_dags/example_short_circuit_operator.py for tasks to queue
[2025-12-24T09:26:33.379+0000] {logging_mixin.py:190} INFO - [2025-12-24T09:26:33.379+0000] {dagbag.py:588} INFO - Filling up the DagBag from /home/airflow/.local/lib/python3.11/site-packages/airflow/example_dags/example_short_circuit_operator.py
[2025-12-24T09:26:33.393+0000] {processor.py:925} INFO - DAG(s) 'example_short_circuit_operator' retrieved from /home/airflow/.local/lib/python3.11/site-packages/airflow/example_dags/example_short_circuit_operator.py
[2025-12-24T09:26:33.439+0000] {logging_mixin.py:190} INFO - [2025-12-24T09:26:33.439+0000] {dag.py:3239} INFO - Sync 1 DAGs
[2025-12-24T09:26:33.459+0000] {logging_mixin.py:190} INFO - [2025-12-24T09:26:33.459+0000] {dag.py:4180} INFO - Setting next_dagrun for example_short_circuit_operator to None, run_after=None
[2025-12-24T09:26:33.488+0000] {processor.py:208} INFO - Processing /home/airflow/.local/lib/python3.11/site-packages/airflow/example_dags/example_short_circuit_operator.py took 0.127 seconds
[2025-12-24T09:26:43.617+0000] {processor.py:186} INFO - Started process (PID=823) to work on /home/airflow/.local/lib/python3.11/site-packages/airflow/example_dags/example_short_circuit_operator.py
[2025-12-24T09:26:43.619+0000] {processor.py:914} INFO - Processing file /home/airflow/.local/lib/python3.11/site-packages/airflow/example_dags/example_short_circuit_operator.py for tasks to queue
[2025-12-24T09:26:43.625+0000] {logging_mixin.py:190} INFO - [2025-12-24T09:26:43.624+0000] {dagbag.py:588} INFO - Filling up the DagBag from /home/airflow/.local/lib/python3.11/site-packages/airflow/example_dags/example_short_circuit_operator.py
[2025-12-24T09:26:43.649+0000] {processor.py:925} INFO - DAG(s) 'example_short_circuit_operator' retrieved from /home/airflow/.local/lib/python3.11/site-packages/airflow/example_dags/example_short_circuit_operator.py
[2025-12-24T09:26:43.718+0000] {logging_mixin.py:190} INFO - [2025-12-24T09:26:43.717+0000] {dag.py:3239} INFO - Sync 1 DAGs
[2025-12-24T09:26:43.748+0000] {logging_mixin.py:190} INFO - [2025-12-24T09:26:43.747+0000] {dag.py:4180} INFO - Setting next_dagrun for example_short_circuit_operator to None, run_after=None
[2025-12-24T09:26:43.794+0000] {processor.py:208} INFO - Processing /home/airflow/.local/lib/python3.11/site-packages/airflow/example_dags/example_short_circuit_operator.py took 0.192 seconds
[2025-12-24T09:27:41.016+0000] {processor.py:186} INFO - Started process (PID=878) to work on /home/airflow/.local/lib/python3.11/site-packages/airflow/example_dags/example_short_circuit_operator.py
[2025-12-24T09:27:41.019+0000] {processor.py:914} INFO - Processing file /home/airflow/.local/lib/python3.11/site-packages/airflow/example_dags/example_short_circuit_operator.py for tasks to queue
[2025-12-24T09:27:41.022+0000] {logging_mixin.py:190} INFO - [2025-12-24T09:27:41.022+0000] {dagbag.py:588} INFO - Filling up the DagBag from /home/airflow/.local/lib/python3.11/site-packages/airflow/example_dags/example_short_circuit_operator.py
[2025-12-24T09:27:41.039+0000] {processor.py:925} INFO - DAG(s) 'example_short_circuit_operator' retrieved from /home/airflow/.local/lib/python3.11/site-packages/airflow/example_dags/example_short_circuit_operator.py
[2025-12-24T09:27:41.086+0000] {logging_mixin.py:190} INFO - [2025-12-24T09:27:41.085+0000] {dag.py:3239} INFO - Sync 1 DAGs
[2025-12-24T09:27:41.117+0000] {logging_mixin.py:190} INFO - [2025-12-24T09:27:41.117+0000] {dag.py:4180} INFO - Setting next_dagrun for example_short_circuit_operator to None, run_after=None
[2025-12-24T09:27:41.175+0000] {processor.py:208} INFO - Processing /home/airflow/.local/lib/python3.11/site-packages/airflow/example_dags/example_short_circuit_operator.py took 0.171 seconds
[2025-12-24T09:27:48.768+0000] {processor.py:186} INFO - Started process (PID=950) to work on /home/airflow/.local/lib/python3.11/site-packages/airflow/example_dags/example_short_circuit_operator.py
[2025-12-24T09:27:48.770+0000] {processor.py:914} INFO - Processing file /home/airflow/.local/lib/python3.11/site-packages/airflow/example_dags/example_short_circuit_operator.py for tasks to queue
[2025-12-24T09:27:48.775+0000] {logging_mixin.py:190} INFO - [2025-12-24T09:27:48.774+0000] {dagbag.py:588} INFO - Filling up the DagBag from /home/airflow/.local/lib/python3.11/site-packages/airflow/example_dags/example_short_circuit_operator.py
[2025-12-24T09:27:48.817+0000] {processor.py:925} INFO - DAG(s) 'example_short_circuit_operator' retrieved from /home/airflow/.local/lib/python3.11/site-packages/airflow/example_dags/example_short_circuit_operator.py
[2025-12-24T09:27:48.867+0000] {logging_mixin.py:190} INFO - [2025-12-24T09:27:48.867+0000] {dag.py:3239} INFO - Sync 1 DAGs
[2025-12-24T09:27:48.891+0000] {logging_mixin.py:190} INFO - [2025-12-24T09:27:48.890+0000] {dag.py:4180} INFO - Setting next_dagrun for example_short_circuit_operator to None, run_after=None
[2025-12-24T09:27:48.929+0000] {processor.py:208} INFO - Processing /home/airflow/.local/lib/python3.11/site-packages/airflow/example_dags/example_short_circuit_operator.py took 0.171 seconds
[2025-12-24T09:27:58.913+0000] {processor.py:186} INFO - Started process (PID=1010) to work on /home/airflow/.local/lib/python3.11/site-packages/airflow/example_dags/example_short_circuit_operator.py
[2025-12-24T09:27:58.935+0000] {processor.py:914} INFO - Processing file /home/airflow/.local/lib/python3.11/site-packages/airflow/example_dags/example_short_circuit_operator.py for tasks to queue
[2025-12-24T09:27:58.941+0000] {logging_mixin.py:190} INFO - [2025-12-24T09:27:58.941+0000] {dagbag.py:588} INFO - Filling up the DagBag from /home/airflow/.local/lib/python3.11/site-packages/airflow/example_dags/example_short_circuit_operator.py
[2025-12-24T09:27:58.961+0000] {processor.py:925} INFO - DAG(s) 'example_short_circuit_operator' retrieved from /home/airflow/.local/lib/python3.11/site-packages/airflow/example_dags/example_short_circuit_operator.py
[2025-12-24T09:27:59.014+0000] {logging_mixin.py:190} INFO - [2025-12-24T09:27:59.013+0000] {dag.py:3239} INFO - Sync 1 DAGs
[2025-12-24T09:27:59.044+0000] {logging_mixin.py:190} INFO - [2025-12-24T09:27:59.043+0000] {dag.py:4180} INFO - Setting next_dagrun for example_short_circuit_operator to None, run_after=None
[2025-12-24T09:27:59.088+0000] {processor.py:208} INFO - Processing /home/airflow/.local/lib/python3.11/site-packages/airflow/example_dags/example_short_circuit_operator.py took 0.205 seconds
[2025-12-24T09:28:12.113+0000] {processor.py:186} INFO - Started process (PID=1075) to work on /home/airflow/.local/lib/python3.11/site-packages/airflow/example_dags/example_short_circuit_operator.py
[2025-12-24T09:28:12.114+0000] {processor.py:914} INFO - Processing file /home/airflow/.local/lib/python3.11/site-packages/airflow/example_dags/example_short_circuit_operator.py for tasks to queue
[2025-12-24T09:28:12.118+0000] {logging_mixin.py:190} INFO - [2025-12-24T09:28:12.118+0000] {dagbag.py:588} INFO - Filling up the DagBag from /home/airflow/.local/lib/python3.11/site-packages/airflow/example_dags/example_short_circuit_operator.py
[2025-12-24T09:28:12.131+0000] {processor.py:925} INFO - DAG(s) 'example_short_circuit_operator' retrieved from /home/airflow/.local/lib/python3.11/site-packages/airflow/example_dags/example_short_circuit_operator.py
[2025-12-24T09:28:12.163+0000] {logging_mixin.py:190} INFO - [2025-12-24T09:28:12.162+0000] {dag.py:3239} INFO - Sync 1 DAGs
[2025-12-24T09:28:12.180+0000] {logging_mixin.py:190} INFO - [2025-12-24T09:28:12.179+0000] {dag.py:4180} INFO - Setting next_dagrun for example_short_circuit_operator to None, run_after=None
[2025-12-24T09:28:12.584+0000] {processor.py:208} INFO - Processing /home/airflow/.local/lib/python3.11/site-packages/airflow/example_dags/example_short_circuit_operator.py took 0.482 seconds
[2025-12-24T09:29:10.954+0000] {processor.py:186} INFO - Started process (PID=1131) to work on /home/airflow/.local/lib/python3.11/site-packages/airflow/example_dags/example_short_circuit_operator.py
[2025-12-24T09:29:10.956+0000] {processor.py:914} INFO - Processing file /home/airflow/.local/lib/python3.11/site-packages/airflow/example_dags/example_short_circuit_operator.py for tasks to queue
[2025-12-24T09:29:10.961+0000] {logging_mixin.py:190} INFO - [2025-12-24T09:29:10.960+0000] {dagbag.py:588} INFO - Filling up the DagBag from /home/airflow/.local/lib/python3.11/site-packages/airflow/example_dags/example_short_circuit_operator.py
[2025-12-24T09:29:10.977+0000] {processor.py:925} INFO - DAG(s) 'example_short_circuit_operator' retrieved from /home/airflow/.local/lib/python3.11/site-packages/airflow/example_dags/example_short_circuit_operator.py
[2025-12-24T09:29:11.020+0000] {logging_mixin.py:190} INFO - [2025-12-24T09:29:11.019+0000] {dag.py:3239} INFO - Sync 1 DAGs
[2025-12-24T09:29:11.043+0000] {logging_mixin.py:190} INFO - [2025-12-24T09:29:11.043+0000] {dag.py:4180} INFO - Setting next_dagrun for example_short_circuit_operator to None, run_after=None
[2025-12-24T09:29:11.077+0000] {processor.py:208} INFO - Processing /home/airflow/.local/lib/python3.11/site-packages/airflow/example_dags/example_short_circuit_operator.py took 0.147 seconds
