[2025-12-24T09:02:53.839+0000] {processor.py:186} INFO - Started process (PID=86) to work on /home/airflow/.local/lib/python3.11/site-packages/airflow/example_dags/example_trigger_controller_dag.py
[2025-12-24T09:02:53.841+0000] {processor.py:914} INFO - Processing file /home/airflow/.local/lib/python3.11/site-packages/airflow/example_dags/example_trigger_controller_dag.py for tasks to queue
[2025-12-24T09:02:53.848+0000] {logging_mixin.py:190} INFO - [2025-12-24T09:02:53.847+0000] {dagbag.py:588} INFO - Filling up the DagBag from /home/airflow/.local/lib/python3.11/site-packages/airflow/example_dags/example_trigger_controller_dag.py
[2025-12-24T09:02:53.860+0000] {processor.py:925} INFO - DAG(s) 'example_trigger_controller_dag' retrieved from /home/airflow/.local/lib/python3.11/site-packages/airflow/example_dags/example_trigger_controller_dag.py
[2025-12-24T09:02:54.057+0000] {logging_mixin.py:190} INFO - [2025-12-24T09:02:54.056+0000] {override.py:1911} INFO - Created Permission View: can edit on DAG:example_trigger_controller_dag
[2025-12-24T09:02:54.075+0000] {logging_mixin.py:190} INFO - [2025-12-24T09:02:54.074+0000] {override.py:1911} INFO - Created Permission View: can read on DAG:example_trigger_controller_dag
[2025-12-24T09:02:54.089+0000] {logging_mixin.py:190} INFO - [2025-12-24T09:02:54.089+0000] {override.py:1911} INFO - Created Permission View: can delete on DAG:example_trigger_controller_dag
[2025-12-24T09:02:54.109+0000] {logging_mixin.py:190} INFO - [2025-12-24T09:02:54.108+0000] {override.py:1911} INFO - Created Permission View: can read on DAG Run:example_trigger_controller_dag
[2025-12-24T09:02:54.122+0000] {logging_mixin.py:190} INFO - [2025-12-24T09:02:54.121+0000] {override.py:1911} INFO - Created Permission View: can create on DAG Run:example_trigger_controller_dag
[2025-12-24T09:02:54.145+0000] {logging_mixin.py:190} INFO - [2025-12-24T09:02:54.144+0000] {override.py:1911} INFO - Created Permission View: can delete on DAG Run:example_trigger_controller_dag
[2025-12-24T09:02:54.159+0000] {logging_mixin.py:190} INFO - [2025-12-24T09:02:54.159+0000] {override.py:1911} INFO - Created Permission View: menu access on DAG Run:example_trigger_controller_dag
[2025-12-24T09:02:54.160+0000] {logging_mixin.py:190} INFO - [2025-12-24T09:02:54.160+0000] {dag.py:3239} INFO - Sync 1 DAGs
[2025-12-24T09:02:54.177+0000] {logging_mixin.py:190} INFO - [2025-12-24T09:02:54.177+0000] {dag.py:3262} INFO - Creating ORM DAG for example_trigger_controller_dag
[2025-12-24T09:02:54.193+0000] {logging_mixin.py:190} INFO - [2025-12-24T09:02:54.193+0000] {dag.py:4180} INFO - Setting next_dagrun for example_trigger_controller_dag to 2021-01-01 00:00:00+00:00, run_after=2021-01-01 00:00:00+00:00
[2025-12-24T09:02:54.218+0000] {processor.py:208} INFO - Processing /home/airflow/.local/lib/python3.11/site-packages/airflow/example_dags/example_trigger_controller_dag.py took 0.391 seconds
[2025-12-24T09:03:12.212+0000] {processor.py:186} INFO - Started process (PID=146) to work on /home/airflow/.local/lib/python3.11/site-packages/airflow/example_dags/example_trigger_controller_dag.py
[2025-12-24T09:03:12.215+0000] {processor.py:914} INFO - Processing file /home/airflow/.local/lib/python3.11/site-packages/airflow/example_dags/example_trigger_controller_dag.py for tasks to queue
[2025-12-24T09:03:12.220+0000] {logging_mixin.py:190} INFO - [2025-12-24T09:03:12.220+0000] {dagbag.py:588} INFO - Filling up the DagBag from /home/airflow/.local/lib/python3.11/site-packages/airflow/example_dags/example_trigger_controller_dag.py
[2025-12-24T09:03:12.236+0000] {processor.py:925} INFO - DAG(s) 'example_trigger_controller_dag' retrieved from /home/airflow/.local/lib/python3.11/site-packages/airflow/example_dags/example_trigger_controller_dag.py
[2025-12-24T09:03:12.262+0000] {logging_mixin.py:190} INFO - [2025-12-24T09:03:12.261+0000] {dag.py:3239} INFO - Sync 1 DAGs
[2025-12-24T09:03:12.295+0000] {logging_mixin.py:190} INFO - [2025-12-24T09:03:12.295+0000] {dag.py:4180} INFO - Setting next_dagrun for example_trigger_controller_dag to 2021-01-01 00:00:00+00:00, run_after=2021-01-01 00:00:00+00:00
[2025-12-24T09:03:12.323+0000] {processor.py:208} INFO - Processing /home/airflow/.local/lib/python3.11/site-packages/airflow/example_dags/example_trigger_controller_dag.py took 0.123 seconds
[2025-12-24T09:04:14.765+0000] {processor.py:186} INFO - Started process (PID=209) to work on /home/airflow/.local/lib/python3.11/site-packages/airflow/example_dags/example_trigger_controller_dag.py
[2025-12-24T09:04:14.767+0000] {processor.py:914} INFO - Processing file /home/airflow/.local/lib/python3.11/site-packages/airflow/example_dags/example_trigger_controller_dag.py for tasks to queue
[2025-12-24T09:04:14.773+0000] {logging_mixin.py:190} INFO - [2025-12-24T09:04:14.772+0000] {dagbag.py:588} INFO - Filling up the DagBag from /home/airflow/.local/lib/python3.11/site-packages/airflow/example_dags/example_trigger_controller_dag.py
[2025-12-24T09:04:14.785+0000] {processor.py:925} INFO - DAG(s) 'example_trigger_controller_dag' retrieved from /home/airflow/.local/lib/python3.11/site-packages/airflow/example_dags/example_trigger_controller_dag.py
[2025-12-24T09:04:14.818+0000] {logging_mixin.py:190} INFO - [2025-12-24T09:04:14.818+0000] {dag.py:3239} INFO - Sync 1 DAGs
[2025-12-24T09:04:14.859+0000] {logging_mixin.py:190} INFO - [2025-12-24T09:04:14.858+0000] {dag.py:4180} INFO - Setting next_dagrun for example_trigger_controller_dag to 2021-01-01 00:00:00+00:00, run_after=2021-01-01 00:00:00+00:00
[2025-12-24T09:04:14.888+0000] {processor.py:208} INFO - Processing /home/airflow/.local/lib/python3.11/site-packages/airflow/example_dags/example_trigger_controller_dag.py took 0.133 seconds
[2025-12-24T09:04:12.283+0000] {processor.py:186} INFO - Started process (PID=275) to work on /home/airflow/.local/lib/python3.11/site-packages/airflow/example_dags/example_trigger_controller_dag.py
[2025-12-24T09:04:12.296+0000] {processor.py:914} INFO - Processing file /home/airflow/.local/lib/python3.11/site-packages/airflow/example_dags/example_trigger_controller_dag.py for tasks to queue
[2025-12-24T09:04:12.300+0000] {logging_mixin.py:190} INFO - [2025-12-24T09:04:12.299+0000] {dagbag.py:588} INFO - Filling up the DagBag from /home/airflow/.local/lib/python3.11/site-packages/airflow/example_dags/example_trigger_controller_dag.py
[2025-12-24T09:04:12.312+0000] {processor.py:925} INFO - DAG(s) 'example_trigger_controller_dag' retrieved from /home/airflow/.local/lib/python3.11/site-packages/airflow/example_dags/example_trigger_controller_dag.py
[2025-12-24T09:04:12.342+0000] {logging_mixin.py:190} INFO - [2025-12-24T09:04:12.341+0000] {dag.py:3239} INFO - Sync 1 DAGs
[2025-12-24T09:04:12.367+0000] {logging_mixin.py:190} INFO - [2025-12-24T09:04:12.367+0000] {dag.py:4180} INFO - Setting next_dagrun for example_trigger_controller_dag to 2021-01-01 00:00:00+00:00, run_after=2021-01-01 00:00:00+00:00
[2025-12-24T09:04:12.398+0000] {processor.py:208} INFO - Processing /home/airflow/.local/lib/python3.11/site-packages/airflow/example_dags/example_trigger_controller_dag.py took 0.129 seconds
[2025-12-24T09:04:42.461+0000] {processor.py:186} INFO - Started process (PID=338) to work on /home/airflow/.local/lib/python3.11/site-packages/airflow/example_dags/example_trigger_controller_dag.py
[2025-12-24T09:04:42.463+0000] {processor.py:914} INFO - Processing file /home/airflow/.local/lib/python3.11/site-packages/airflow/example_dags/example_trigger_controller_dag.py for tasks to queue
[2025-12-24T09:04:42.468+0000] {logging_mixin.py:190} INFO - [2025-12-24T09:04:42.468+0000] {dagbag.py:588} INFO - Filling up the DagBag from /home/airflow/.local/lib/python3.11/site-packages/airflow/example_dags/example_trigger_controller_dag.py
[2025-12-24T09:04:42.484+0000] {processor.py:925} INFO - DAG(s) 'example_trigger_controller_dag' retrieved from /home/airflow/.local/lib/python3.11/site-packages/airflow/example_dags/example_trigger_controller_dag.py
[2025-12-24T09:04:42.533+0000] {logging_mixin.py:190} INFO - [2025-12-24T09:04:42.533+0000] {dag.py:3239} INFO - Sync 1 DAGs
[2025-12-24T09:04:42.563+0000] {logging_mixin.py:190} INFO - [2025-12-24T09:04:42.563+0000] {dag.py:4180} INFO - Setting next_dagrun for example_trigger_controller_dag to 2021-01-01 00:00:00+00:00, run_after=2021-01-01 00:00:00+00:00
[2025-12-24T09:04:42.594+0000] {processor.py:208} INFO - Processing /home/airflow/.local/lib/python3.11/site-packages/airflow/example_dags/example_trigger_controller_dag.py took 0.141 seconds
[2025-12-24T09:04:51.963+0000] {processor.py:186} INFO - Started process (PID=403) to work on /home/airflow/.local/lib/python3.11/site-packages/airflow/example_dags/example_trigger_controller_dag.py
[2025-12-24T09:04:51.965+0000] {processor.py:914} INFO - Processing file /home/airflow/.local/lib/python3.11/site-packages/airflow/example_dags/example_trigger_controller_dag.py for tasks to queue
[2025-12-24T09:04:51.969+0000] {logging_mixin.py:190} INFO - [2025-12-24T09:04:51.969+0000] {dagbag.py:588} INFO - Filling up the DagBag from /home/airflow/.local/lib/python3.11/site-packages/airflow/example_dags/example_trigger_controller_dag.py
[2025-12-24T09:04:51.994+0000] {processor.py:925} INFO - DAG(s) 'example_trigger_controller_dag' retrieved from /home/airflow/.local/lib/python3.11/site-packages/airflow/example_dags/example_trigger_controller_dag.py
[2025-12-24T09:04:52.042+0000] {logging_mixin.py:190} INFO - [2025-12-24T09:04:52.041+0000] {dag.py:3239} INFO - Sync 1 DAGs
[2025-12-24T09:04:52.079+0000] {logging_mixin.py:190} INFO - [2025-12-24T09:04:52.079+0000] {dag.py:4180} INFO - Setting next_dagrun for example_trigger_controller_dag to 2021-01-01 00:00:00+00:00, run_after=2021-01-01 00:00:00+00:00
[2025-12-24T09:04:52.106+0000] {processor.py:208} INFO - Processing /home/airflow/.local/lib/python3.11/site-packages/airflow/example_dags/example_trigger_controller_dag.py took 0.152 seconds
[2025-12-24T09:05:22.571+0000] {processor.py:186} INFO - Started process (PID=468) to work on /home/airflow/.local/lib/python3.11/site-packages/airflow/example_dags/example_trigger_controller_dag.py
[2025-12-24T09:05:22.573+0000] {processor.py:914} INFO - Processing file /home/airflow/.local/lib/python3.11/site-packages/airflow/example_dags/example_trigger_controller_dag.py for tasks to queue
[2025-12-24T09:05:22.578+0000] {logging_mixin.py:190} INFO - [2025-12-24T09:05:22.577+0000] {dagbag.py:588} INFO - Filling up the DagBag from /home/airflow/.local/lib/python3.11/site-packages/airflow/example_dags/example_trigger_controller_dag.py
[2025-12-24T09:05:22.590+0000] {processor.py:925} INFO - DAG(s) 'example_trigger_controller_dag' retrieved from /home/airflow/.local/lib/python3.11/site-packages/airflow/example_dags/example_trigger_controller_dag.py
[2025-12-24T09:05:22.624+0000] {logging_mixin.py:190} INFO - [2025-12-24T09:05:22.623+0000] {dag.py:3239} INFO - Sync 1 DAGs
[2025-12-24T09:05:22.658+0000] {logging_mixin.py:190} INFO - [2025-12-24T09:05:22.658+0000] {dag.py:4180} INFO - Setting next_dagrun for example_trigger_controller_dag to 2021-01-01 00:00:00+00:00, run_after=2021-01-01 00:00:00+00:00
[2025-12-24T09:05:22.687+0000] {processor.py:208} INFO - Processing /home/airflow/.local/lib/python3.11/site-packages/airflow/example_dags/example_trigger_controller_dag.py took 0.128 seconds
[2025-12-24T09:05:26.724+0000] {processor.py:186} INFO - Started process (PID=504) to work on /home/airflow/.local/lib/python3.11/site-packages/airflow/example_dags/example_trigger_controller_dag.py
[2025-12-24T09:05:26.726+0000] {processor.py:914} INFO - Processing file /home/airflow/.local/lib/python3.11/site-packages/airflow/example_dags/example_trigger_controller_dag.py for tasks to queue
[2025-12-24T09:05:26.729+0000] {logging_mixin.py:190} INFO - [2025-12-24T09:05:26.729+0000] {dagbag.py:588} INFO - Filling up the DagBag from /home/airflow/.local/lib/python3.11/site-packages/airflow/example_dags/example_trigger_controller_dag.py
[2025-12-24T09:05:26.739+0000] {processor.py:925} INFO - DAG(s) 'example_trigger_controller_dag' retrieved from /home/airflow/.local/lib/python3.11/site-packages/airflow/example_dags/example_trigger_controller_dag.py
[2025-12-24T09:05:26.766+0000] {logging_mixin.py:190} INFO - [2025-12-24T09:05:26.765+0000] {dag.py:3239} INFO - Sync 1 DAGs
[2025-12-24T09:05:26.791+0000] {logging_mixin.py:190} INFO - [2025-12-24T09:05:26.791+0000] {dag.py:4180} INFO - Setting next_dagrun for example_trigger_controller_dag to 2021-01-01 00:00:00+00:00, run_after=2021-01-01 00:00:00+00:00
[2025-12-24T09:05:26.814+0000] {processor.py:208} INFO - Processing /home/airflow/.local/lib/python3.11/site-packages/airflow/example_dags/example_trigger_controller_dag.py took 0.099 seconds
[2025-12-24T09:05:37.481+0000] {processor.py:186} INFO - Started process (PID=559) to work on /home/airflow/.local/lib/python3.11/site-packages/airflow/example_dags/example_trigger_controller_dag.py
[2025-12-24T09:05:37.483+0000] {processor.py:914} INFO - Processing file /home/airflow/.local/lib/python3.11/site-packages/airflow/example_dags/example_trigger_controller_dag.py for tasks to queue
[2025-12-24T09:05:37.489+0000] {logging_mixin.py:190} INFO - [2025-12-24T09:05:37.488+0000] {dagbag.py:588} INFO - Filling up the DagBag from /home/airflow/.local/lib/python3.11/site-packages/airflow/example_dags/example_trigger_controller_dag.py
[2025-12-24T09:05:37.502+0000] {processor.py:925} INFO - DAG(s) 'example_trigger_controller_dag' retrieved from /home/airflow/.local/lib/python3.11/site-packages/airflow/example_dags/example_trigger_controller_dag.py
[2025-12-24T09:05:37.540+0000] {logging_mixin.py:190} INFO - [2025-12-24T09:05:37.539+0000] {dag.py:3239} INFO - Sync 1 DAGs
[2025-12-24T09:05:37.570+0000] {logging_mixin.py:190} INFO - [2025-12-24T09:05:37.570+0000] {dag.py:4180} INFO - Setting next_dagrun for example_trigger_controller_dag to 2021-01-01 00:00:00+00:00, run_after=2021-01-01 00:00:00+00:00
[2025-12-24T09:05:37.670+0000] {processor.py:208} INFO - Processing /home/airflow/.local/lib/python3.11/site-packages/airflow/example_dags/example_trigger_controller_dag.py took 0.201 seconds
[2025-12-24T09:06:40.062+0000] {processor.py:186} INFO - Started process (PID=621) to work on /home/airflow/.local/lib/python3.11/site-packages/airflow/example_dags/example_trigger_controller_dag.py
[2025-12-24T09:06:40.063+0000] {processor.py:914} INFO - Processing file /home/airflow/.local/lib/python3.11/site-packages/airflow/example_dags/example_trigger_controller_dag.py for tasks to queue
[2025-12-24T09:06:40.067+0000] {logging_mixin.py:190} INFO - [2025-12-24T09:06:40.067+0000] {dagbag.py:588} INFO - Filling up the DagBag from /home/airflow/.local/lib/python3.11/site-packages/airflow/example_dags/example_trigger_controller_dag.py
[2025-12-24T09:06:40.078+0000] {processor.py:925} INFO - DAG(s) 'example_trigger_controller_dag' retrieved from /home/airflow/.local/lib/python3.11/site-packages/airflow/example_dags/example_trigger_controller_dag.py
[2025-12-24T09:06:40.107+0000] {logging_mixin.py:190} INFO - [2025-12-24T09:06:40.106+0000] {dag.py:3239} INFO - Sync 1 DAGs
[2025-12-24T09:06:40.133+0000] {logging_mixin.py:190} INFO - [2025-12-24T09:06:40.133+0000] {dag.py:4180} INFO - Setting next_dagrun for example_trigger_controller_dag to 2021-01-01 00:00:00+00:00, run_after=2021-01-01 00:00:00+00:00
[2025-12-24T09:06:40.156+0000] {processor.py:208} INFO - Processing /home/airflow/.local/lib/python3.11/site-packages/airflow/example_dags/example_trigger_controller_dag.py took 0.104 seconds
[2025-12-24T09:06:42.661+0000] {processor.py:186} INFO - Started process (PID=687) to work on /home/airflow/.local/lib/python3.11/site-packages/airflow/example_dags/example_trigger_controller_dag.py
[2025-12-24T09:06:42.662+0000] {processor.py:914} INFO - Processing file /home/airflow/.local/lib/python3.11/site-packages/airflow/example_dags/example_trigger_controller_dag.py for tasks to queue
[2025-12-24T09:06:42.667+0000] {logging_mixin.py:190} INFO - [2025-12-24T09:06:42.666+0000] {dagbag.py:588} INFO - Filling up the DagBag from /home/airflow/.local/lib/python3.11/site-packages/airflow/example_dags/example_trigger_controller_dag.py
[2025-12-24T09:06:42.682+0000] {processor.py:925} INFO - DAG(s) 'example_trigger_controller_dag' retrieved from /home/airflow/.local/lib/python3.11/site-packages/airflow/example_dags/example_trigger_controller_dag.py
[2025-12-24T09:06:42.717+0000] {logging_mixin.py:190} INFO - [2025-12-24T09:06:42.716+0000] {dag.py:3239} INFO - Sync 1 DAGs
[2025-12-24T09:06:42.779+0000] {logging_mixin.py:190} INFO - [2025-12-24T09:06:42.779+0000] {dag.py:4180} INFO - Setting next_dagrun for example_trigger_controller_dag to 2021-01-01 00:00:00+00:00, run_after=2021-01-01 00:00:00+00:00
[2025-12-24T09:06:42.813+0000] {processor.py:208} INFO - Processing /home/airflow/.local/lib/python3.11/site-packages/airflow/example_dags/example_trigger_controller_dag.py took 0.165 seconds
[2025-12-24T09:07:12.230+0000] {processor.py:186} INFO - Started process (PID=753) to work on /home/airflow/.local/lib/python3.11/site-packages/airflow/example_dags/example_trigger_controller_dag.py
[2025-12-24T09:07:12.231+0000] {processor.py:914} INFO - Processing file /home/airflow/.local/lib/python3.11/site-packages/airflow/example_dags/example_trigger_controller_dag.py for tasks to queue
[2025-12-24T09:07:12.236+0000] {logging_mixin.py:190} INFO - [2025-12-24T09:07:12.235+0000] {dagbag.py:588} INFO - Filling up the DagBag from /home/airflow/.local/lib/python3.11/site-packages/airflow/example_dags/example_trigger_controller_dag.py
[2025-12-24T09:07:12.248+0000] {processor.py:925} INFO - DAG(s) 'example_trigger_controller_dag' retrieved from /home/airflow/.local/lib/python3.11/site-packages/airflow/example_dags/example_trigger_controller_dag.py
[2025-12-24T09:07:12.289+0000] {logging_mixin.py:190} INFO - [2025-12-24T09:07:12.288+0000] {dag.py:3239} INFO - Sync 1 DAGs
[2025-12-24T09:07:12.331+0000] {logging_mixin.py:190} INFO - [2025-12-24T09:07:12.331+0000] {dag.py:4180} INFO - Setting next_dagrun for example_trigger_controller_dag to 2021-01-01 00:00:00+00:00, run_after=2021-01-01 00:00:00+00:00
[2025-12-24T09:07:12.385+0000] {processor.py:208} INFO - Processing /home/airflow/.local/lib/python3.11/site-packages/airflow/example_dags/example_trigger_controller_dag.py took 0.186 seconds
[2025-12-24T09:07:21.761+0000] {processor.py:186} INFO - Started process (PID=815) to work on /home/airflow/.local/lib/python3.11/site-packages/airflow/example_dags/example_trigger_controller_dag.py
[2025-12-24T09:07:21.763+0000] {processor.py:914} INFO - Processing file /home/airflow/.local/lib/python3.11/site-packages/airflow/example_dags/example_trigger_controller_dag.py for tasks to queue
[2025-12-24T09:07:21.766+0000] {logging_mixin.py:190} INFO - [2025-12-24T09:07:21.766+0000] {dagbag.py:588} INFO - Filling up the DagBag from /home/airflow/.local/lib/python3.11/site-packages/airflow/example_dags/example_trigger_controller_dag.py
[2025-12-24T09:07:21.777+0000] {processor.py:925} INFO - DAG(s) 'example_trigger_controller_dag' retrieved from /home/airflow/.local/lib/python3.11/site-packages/airflow/example_dags/example_trigger_controller_dag.py
[2025-12-24T09:07:21.808+0000] {logging_mixin.py:190} INFO - [2025-12-24T09:07:21.807+0000] {dag.py:3239} INFO - Sync 1 DAGs
[2025-12-24T09:07:21.834+0000] {logging_mixin.py:190} INFO - [2025-12-24T09:07:21.833+0000] {dag.py:4180} INFO - Setting next_dagrun for example_trigger_controller_dag to 2021-01-01 00:00:00+00:00, run_after=2021-01-01 00:00:00+00:00
[2025-12-24T09:07:21.927+0000] {processor.py:208} INFO - Processing /home/airflow/.local/lib/python3.11/site-packages/airflow/example_dags/example_trigger_controller_dag.py took 0.175 seconds
[2025-12-24T09:07:32.171+0000] {processor.py:186} INFO - Started process (PID=872) to work on /home/airflow/.local/lib/python3.11/site-packages/airflow/example_dags/example_trigger_controller_dag.py
[2025-12-24T09:07:32.173+0000] {processor.py:914} INFO - Processing file /home/airflow/.local/lib/python3.11/site-packages/airflow/example_dags/example_trigger_controller_dag.py for tasks to queue
[2025-12-24T09:07:32.177+0000] {logging_mixin.py:190} INFO - [2025-12-24T09:07:32.176+0000] {dagbag.py:588} INFO - Filling up the DagBag from /home/airflow/.local/lib/python3.11/site-packages/airflow/example_dags/example_trigger_controller_dag.py
[2025-12-24T09:07:32.190+0000] {processor.py:925} INFO - DAG(s) 'example_trigger_controller_dag' retrieved from /home/airflow/.local/lib/python3.11/site-packages/airflow/example_dags/example_trigger_controller_dag.py
[2025-12-24T09:07:32.249+0000] {logging_mixin.py:190} INFO - [2025-12-24T09:07:32.248+0000] {dag.py:3239} INFO - Sync 1 DAGs
[2025-12-24T09:07:32.281+0000] {logging_mixin.py:190} INFO - [2025-12-24T09:07:32.281+0000] {dag.py:4180} INFO - Setting next_dagrun for example_trigger_controller_dag to 2021-01-01 00:00:00+00:00, run_after=2021-01-01 00:00:00+00:00
[2025-12-24T09:07:32.308+0000] {processor.py:208} INFO - Processing /home/airflow/.local/lib/python3.11/site-packages/airflow/example_dags/example_trigger_controller_dag.py took 0.150 seconds
[2025-12-24T09:07:41.976+0000] {processor.py:186} INFO - Started process (PID=928) to work on /home/airflow/.local/lib/python3.11/site-packages/airflow/example_dags/example_trigger_controller_dag.py
[2025-12-24T09:07:41.978+0000] {processor.py:914} INFO - Processing file /home/airflow/.local/lib/python3.11/site-packages/airflow/example_dags/example_trigger_controller_dag.py for tasks to queue
[2025-12-24T09:07:41.983+0000] {logging_mixin.py:190} INFO - [2025-12-24T09:07:41.983+0000] {dagbag.py:588} INFO - Filling up the DagBag from /home/airflow/.local/lib/python3.11/site-packages/airflow/example_dags/example_trigger_controller_dag.py
[2025-12-24T09:07:42.003+0000] {processor.py:925} INFO - DAG(s) 'example_trigger_controller_dag' retrieved from /home/airflow/.local/lib/python3.11/site-packages/airflow/example_dags/example_trigger_controller_dag.py
[2025-12-24T09:07:42.060+0000] {logging_mixin.py:190} INFO - [2025-12-24T09:07:42.059+0000] {dag.py:3239} INFO - Sync 1 DAGs
[2025-12-24T09:07:42.100+0000] {logging_mixin.py:190} INFO - [2025-12-24T09:07:42.099+0000] {dag.py:4180} INFO - Setting next_dagrun for example_trigger_controller_dag to 2021-01-01 00:00:00+00:00, run_after=2021-01-01 00:00:00+00:00
[2025-12-24T09:07:42.131+0000] {processor.py:208} INFO - Processing /home/airflow/.local/lib/python3.11/site-packages/airflow/example_dags/example_trigger_controller_dag.py took 0.166 seconds
[2025-12-24T09:08:39.509+0000] {processor.py:186} INFO - Started process (PID=989) to work on /home/airflow/.local/lib/python3.11/site-packages/airflow/example_dags/example_trigger_controller_dag.py
[2025-12-24T09:08:39.512+0000] {processor.py:914} INFO - Processing file /home/airflow/.local/lib/python3.11/site-packages/airflow/example_dags/example_trigger_controller_dag.py for tasks to queue
[2025-12-24T09:08:39.517+0000] {logging_mixin.py:190} INFO - [2025-12-24T09:08:39.516+0000] {dagbag.py:588} INFO - Filling up the DagBag from /home/airflow/.local/lib/python3.11/site-packages/airflow/example_dags/example_trigger_controller_dag.py
[2025-12-24T09:08:39.531+0000] {processor.py:925} INFO - DAG(s) 'example_trigger_controller_dag' retrieved from /home/airflow/.local/lib/python3.11/site-packages/airflow/example_dags/example_trigger_controller_dag.py
[2025-12-24T09:08:39.571+0000] {logging_mixin.py:190} INFO - [2025-12-24T09:08:39.570+0000] {dag.py:3239} INFO - Sync 1 DAGs
[2025-12-24T09:08:39.607+0000] {logging_mixin.py:190} INFO - [2025-12-24T09:08:39.607+0000] {dag.py:4180} INFO - Setting next_dagrun for example_trigger_controller_dag to 2021-01-01 00:00:00+00:00, run_after=2021-01-01 00:00:00+00:00
[2025-12-24T09:08:39.640+0000] {processor.py:208} INFO - Processing /home/airflow/.local/lib/python3.11/site-packages/airflow/example_dags/example_trigger_controller_dag.py took 0.144 seconds
[2025-12-24T09:09:19.429+0000] {processor.py:186} INFO - Started process (PID=1056) to work on /home/airflow/.local/lib/python3.11/site-packages/airflow/example_dags/example_trigger_controller_dag.py
[2025-12-24T09:09:19.431+0000] {processor.py:914} INFO - Processing file /home/airflow/.local/lib/python3.11/site-packages/airflow/example_dags/example_trigger_controller_dag.py for tasks to queue
[2025-12-24T09:09:19.434+0000] {logging_mixin.py:190} INFO - [2025-12-24T09:09:19.434+0000] {dagbag.py:588} INFO - Filling up the DagBag from /home/airflow/.local/lib/python3.11/site-packages/airflow/example_dags/example_trigger_controller_dag.py
[2025-12-24T09:09:19.445+0000] {processor.py:925} INFO - DAG(s) 'example_trigger_controller_dag' retrieved from /home/airflow/.local/lib/python3.11/site-packages/airflow/example_dags/example_trigger_controller_dag.py
[2025-12-24T09:09:19.474+0000] {logging_mixin.py:190} INFO - [2025-12-24T09:09:19.474+0000] {dag.py:3239} INFO - Sync 1 DAGs
[2025-12-24T09:09:19.503+0000] {logging_mixin.py:190} INFO - [2025-12-24T09:09:19.503+0000] {dag.py:4180} INFO - Setting next_dagrun for example_trigger_controller_dag to 2021-01-01 00:00:00+00:00, run_after=2021-01-01 00:00:00+00:00
[2025-12-24T09:09:19.529+0000] {processor.py:208} INFO - Processing /home/airflow/.local/lib/python3.11/site-packages/airflow/example_dags/example_trigger_controller_dag.py took 0.109 seconds
[2025-12-24T09:09:17.163+0000] {processor.py:186} INFO - Started process (PID=1136) to work on /home/airflow/.local/lib/python3.11/site-packages/airflow/example_dags/example_trigger_controller_dag.py
[2025-12-24T09:09:17.164+0000] {processor.py:914} INFO - Processing file /home/airflow/.local/lib/python3.11/site-packages/airflow/example_dags/example_trigger_controller_dag.py for tasks to queue
[2025-12-24T09:09:17.169+0000] {logging_mixin.py:190} INFO - [2025-12-24T09:09:17.169+0000] {dagbag.py:588} INFO - Filling up the DagBag from /home/airflow/.local/lib/python3.11/site-packages/airflow/example_dags/example_trigger_controller_dag.py
[2025-12-24T09:09:17.181+0000] {processor.py:925} INFO - DAG(s) 'example_trigger_controller_dag' retrieved from /home/airflow/.local/lib/python3.11/site-packages/airflow/example_dags/example_trigger_controller_dag.py
[2025-12-24T09:09:17.210+0000] {logging_mixin.py:190} INFO - [2025-12-24T09:09:17.210+0000] {dag.py:3239} INFO - Sync 1 DAGs
[2025-12-24T09:09:17.260+0000] {logging_mixin.py:190} INFO - [2025-12-24T09:09:17.250+0000] {dag.py:4180} INFO - Setting next_dagrun for example_trigger_controller_dag to 2021-01-01 00:00:00+00:00, run_after=2021-01-01 00:00:00+00:00
[2025-12-24T09:09:17.290+0000] {processor.py:208} INFO - Processing /home/airflow/.local/lib/python3.11/site-packages/airflow/example_dags/example_trigger_controller_dag.py took 0.139 seconds
[2025-12-24T09:10:24.684+0000] {processor.py:186} INFO - Started process (PID=1196) to work on /home/airflow/.local/lib/python3.11/site-packages/airflow/example_dags/example_trigger_controller_dag.py
[2025-12-24T09:10:24.686+0000] {processor.py:914} INFO - Processing file /home/airflow/.local/lib/python3.11/site-packages/airflow/example_dags/example_trigger_controller_dag.py for tasks to queue
[2025-12-24T09:10:24.689+0000] {logging_mixin.py:190} INFO - [2025-12-24T09:10:24.689+0000] {dagbag.py:588} INFO - Filling up the DagBag from /home/airflow/.local/lib/python3.11/site-packages/airflow/example_dags/example_trigger_controller_dag.py
[2025-12-24T09:10:24.699+0000] {processor.py:925} INFO - DAG(s) 'example_trigger_controller_dag' retrieved from /home/airflow/.local/lib/python3.11/site-packages/airflow/example_dags/example_trigger_controller_dag.py
[2025-12-24T09:10:24.728+0000] {logging_mixin.py:190} INFO - [2025-12-24T09:10:24.727+0000] {dag.py:3239} INFO - Sync 1 DAGs
[2025-12-24T09:10:24.768+0000] {logging_mixin.py:190} INFO - [2025-12-24T09:10:24.768+0000] {dag.py:4180} INFO - Setting next_dagrun for example_trigger_controller_dag to 2021-01-01 00:00:00+00:00, run_after=2021-01-01 00:00:00+00:00
[2025-12-24T09:10:24.792+0000] {processor.py:208} INFO - Processing /home/airflow/.local/lib/python3.11/site-packages/airflow/example_dags/example_trigger_controller_dag.py took 0.117 seconds
[2025-12-24T09:10:17.489+0000] {processor.py:186} INFO - Started process (PID=1268) to work on /home/airflow/.local/lib/python3.11/site-packages/airflow/example_dags/example_trigger_controller_dag.py
[2025-12-24T09:10:17.491+0000] {processor.py:914} INFO - Processing file /home/airflow/.local/lib/python3.11/site-packages/airflow/example_dags/example_trigger_controller_dag.py for tasks to queue
[2025-12-24T09:10:17.496+0000] {logging_mixin.py:190} INFO - [2025-12-24T09:10:17.496+0000] {dagbag.py:588} INFO - Filling up the DagBag from /home/airflow/.local/lib/python3.11/site-packages/airflow/example_dags/example_trigger_controller_dag.py
[2025-12-24T09:10:17.509+0000] {processor.py:925} INFO - DAG(s) 'example_trigger_controller_dag' retrieved from /home/airflow/.local/lib/python3.11/site-packages/airflow/example_dags/example_trigger_controller_dag.py
[2025-12-24T09:10:17.548+0000] {logging_mixin.py:190} INFO - [2025-12-24T09:10:17.547+0000] {dag.py:3239} INFO - Sync 1 DAGs
[2025-12-24T09:10:17.588+0000] {logging_mixin.py:190} INFO - [2025-12-24T09:10:17.588+0000] {dag.py:4180} INFO - Setting next_dagrun for example_trigger_controller_dag to 2021-01-01 00:00:00+00:00, run_after=2021-01-01 00:00:00+00:00
[2025-12-24T09:10:17.623+0000] {processor.py:208} INFO - Processing /home/airflow/.local/lib/python3.11/site-packages/airflow/example_dags/example_trigger_controller_dag.py took 0.147 seconds
[2025-12-24T09:10:47.523+0000] {processor.py:186} INFO - Started process (PID=1317) to work on /home/airflow/.local/lib/python3.11/site-packages/airflow/example_dags/example_trigger_controller_dag.py
[2025-12-24T09:10:47.525+0000] {processor.py:914} INFO - Processing file /home/airflow/.local/lib/python3.11/site-packages/airflow/example_dags/example_trigger_controller_dag.py for tasks to queue
[2025-12-24T09:10:47.528+0000] {logging_mixin.py:190} INFO - [2025-12-24T09:10:47.528+0000] {dagbag.py:588} INFO - Filling up the DagBag from /home/airflow/.local/lib/python3.11/site-packages/airflow/example_dags/example_trigger_controller_dag.py
[2025-12-24T09:10:47.538+0000] {processor.py:925} INFO - DAG(s) 'example_trigger_controller_dag' retrieved from /home/airflow/.local/lib/python3.11/site-packages/airflow/example_dags/example_trigger_controller_dag.py
[2025-12-24T09:10:47.569+0000] {logging_mixin.py:190} INFO - [2025-12-24T09:10:47.568+0000] {dag.py:3239} INFO - Sync 1 DAGs
[2025-12-24T09:10:47.594+0000] {logging_mixin.py:190} INFO - [2025-12-24T09:10:47.594+0000] {dag.py:4180} INFO - Setting next_dagrun for example_trigger_controller_dag to 2021-01-01 00:00:00+00:00, run_after=2021-01-01 00:00:00+00:00
[2025-12-24T09:10:47.632+0000] {processor.py:208} INFO - Processing /home/airflow/.local/lib/python3.11/site-packages/airflow/example_dags/example_trigger_controller_dag.py took 0.118 seconds
[2025-12-24T09:10:57.195+0000] {processor.py:186} INFO - Started process (PID=1374) to work on /home/airflow/.local/lib/python3.11/site-packages/airflow/example_dags/example_trigger_controller_dag.py
[2025-12-24T09:10:57.197+0000] {processor.py:914} INFO - Processing file /home/airflow/.local/lib/python3.11/site-packages/airflow/example_dags/example_trigger_controller_dag.py for tasks to queue
[2025-12-24T09:10:57.201+0000] {logging_mixin.py:190} INFO - [2025-12-24T09:10:57.201+0000] {dagbag.py:588} INFO - Filling up the DagBag from /home/airflow/.local/lib/python3.11/site-packages/airflow/example_dags/example_trigger_controller_dag.py
[2025-12-24T09:10:57.213+0000] {processor.py:925} INFO - DAG(s) 'example_trigger_controller_dag' retrieved from /home/airflow/.local/lib/python3.11/site-packages/airflow/example_dags/example_trigger_controller_dag.py
[2025-12-24T09:10:57.246+0000] {logging_mixin.py:190} INFO - [2025-12-24T09:10:57.245+0000] {dag.py:3239} INFO - Sync 1 DAGs
[2025-12-24T09:10:57.277+0000] {logging_mixin.py:190} INFO - [2025-12-24T09:10:57.277+0000] {dag.py:4180} INFO - Setting next_dagrun for example_trigger_controller_dag to 2021-01-01 00:00:00+00:00, run_after=2021-01-01 00:00:00+00:00
[2025-12-24T09:10:57.300+0000] {processor.py:208} INFO - Processing /home/airflow/.local/lib/python3.11/site-packages/airflow/example_dags/example_trigger_controller_dag.py took 0.118 seconds
[2025-12-24T09:11:28.174+0000] {processor.py:186} INFO - Started process (PID=1437) to work on /home/airflow/.local/lib/python3.11/site-packages/airflow/example_dags/example_trigger_controller_dag.py
[2025-12-24T09:11:28.177+0000] {processor.py:914} INFO - Processing file /home/airflow/.local/lib/python3.11/site-packages/airflow/example_dags/example_trigger_controller_dag.py for tasks to queue
[2025-12-24T09:11:28.185+0000] {logging_mixin.py:190} INFO - [2025-12-24T09:11:28.185+0000] {dagbag.py:588} INFO - Filling up the DagBag from /home/airflow/.local/lib/python3.11/site-packages/airflow/example_dags/example_trigger_controller_dag.py
[2025-12-24T09:11:28.199+0000] {processor.py:925} INFO - DAG(s) 'example_trigger_controller_dag' retrieved from /home/airflow/.local/lib/python3.11/site-packages/airflow/example_dags/example_trigger_controller_dag.py
[2025-12-24T09:11:28.231+0000] {logging_mixin.py:190} INFO - [2025-12-24T09:11:28.230+0000] {dag.py:3239} INFO - Sync 1 DAGs
[2025-12-24T09:11:28.267+0000] {logging_mixin.py:190} INFO - [2025-12-24T09:11:28.266+0000] {dag.py:4180} INFO - Setting next_dagrun for example_trigger_controller_dag to 2021-01-01 00:00:00+00:00, run_after=2021-01-01 00:00:00+00:00
[2025-12-24T09:11:28.300+0000] {processor.py:208} INFO - Processing /home/airflow/.local/lib/python3.11/site-packages/airflow/example_dags/example_trigger_controller_dag.py took 0.138 seconds
[2025-12-24T09:12:30.396+0000] {processor.py:186} INFO - Started process (PID=1500) to work on /home/airflow/.local/lib/python3.11/site-packages/airflow/example_dags/example_trigger_controller_dag.py
[2025-12-24T09:12:30.397+0000] {processor.py:914} INFO - Processing file /home/airflow/.local/lib/python3.11/site-packages/airflow/example_dags/example_trigger_controller_dag.py for tasks to queue
[2025-12-24T09:12:30.402+0000] {logging_mixin.py:190} INFO - [2025-12-24T09:12:30.401+0000] {dagbag.py:588} INFO - Filling up the DagBag from /home/airflow/.local/lib/python3.11/site-packages/airflow/example_dags/example_trigger_controller_dag.py
[2025-12-24T09:12:30.412+0000] {processor.py:925} INFO - DAG(s) 'example_trigger_controller_dag' retrieved from /home/airflow/.local/lib/python3.11/site-packages/airflow/example_dags/example_trigger_controller_dag.py
[2025-12-24T09:12:30.443+0000] {logging_mixin.py:190} INFO - [2025-12-24T09:12:30.443+0000] {dag.py:3239} INFO - Sync 1 DAGs
[2025-12-24T09:12:30.472+0000] {logging_mixin.py:190} INFO - [2025-12-24T09:12:30.472+0000] {dag.py:4180} INFO - Setting next_dagrun for example_trigger_controller_dag to 2021-01-01 00:00:00+00:00, run_after=2021-01-01 00:00:00+00:00
[2025-12-24T09:12:30.498+0000] {processor.py:208} INFO - Processing /home/airflow/.local/lib/python3.11/site-packages/airflow/example_dags/example_trigger_controller_dag.py took 0.114 seconds
[2025-12-24T09:12:42.437+0000] {processor.py:186} INFO - Started process (PID=1564) to work on /home/airflow/.local/lib/python3.11/site-packages/airflow/example_dags/example_trigger_controller_dag.py
[2025-12-24T09:12:42.439+0000] {processor.py:914} INFO - Processing file /home/airflow/.local/lib/python3.11/site-packages/airflow/example_dags/example_trigger_controller_dag.py for tasks to queue
[2025-12-24T09:12:42.443+0000] {logging_mixin.py:190} INFO - [2025-12-24T09:12:42.442+0000] {dagbag.py:588} INFO - Filling up the DagBag from /home/airflow/.local/lib/python3.11/site-packages/airflow/example_dags/example_trigger_controller_dag.py
[2025-12-24T09:12:42.456+0000] {processor.py:925} INFO - DAG(s) 'example_trigger_controller_dag' retrieved from /home/airflow/.local/lib/python3.11/site-packages/airflow/example_dags/example_trigger_controller_dag.py
[2025-12-24T09:12:42.494+0000] {logging_mixin.py:190} INFO - [2025-12-24T09:12:42.494+0000] {dag.py:3239} INFO - Sync 1 DAGs
[2025-12-24T09:12:42.529+0000] {logging_mixin.py:190} INFO - [2025-12-24T09:12:42.529+0000] {dag.py:4180} INFO - Setting next_dagrun for example_trigger_controller_dag to 2021-01-01 00:00:00+00:00, run_after=2021-01-01 00:00:00+00:00
[2025-12-24T09:12:42.556+0000] {processor.py:208} INFO - Processing /home/airflow/.local/lib/python3.11/site-packages/airflow/example_dags/example_trigger_controller_dag.py took 0.130 seconds
[2025-12-24T09:13:31.228+0000] {processor.py:186} INFO - Started process (PID=1631) to work on /home/airflow/.local/lib/python3.11/site-packages/airflow/example_dags/example_trigger_controller_dag.py
[2025-12-24T09:13:31.229+0000] {processor.py:914} INFO - Processing file /home/airflow/.local/lib/python3.11/site-packages/airflow/example_dags/example_trigger_controller_dag.py for tasks to queue
[2025-12-24T09:13:31.233+0000] {logging_mixin.py:190} INFO - [2025-12-24T09:13:31.233+0000] {dagbag.py:588} INFO - Filling up the DagBag from /home/airflow/.local/lib/python3.11/site-packages/airflow/example_dags/example_trigger_controller_dag.py
[2025-12-24T09:13:31.245+0000] {processor.py:925} INFO - DAG(s) 'example_trigger_controller_dag' retrieved from /home/airflow/.local/lib/python3.11/site-packages/airflow/example_dags/example_trigger_controller_dag.py
[2025-12-24T09:13:31.288+0000] {logging_mixin.py:190} INFO - [2025-12-24T09:13:31.285+0000] {dag.py:3239} INFO - Sync 1 DAGs
[2025-12-24T09:13:31.323+0000] {logging_mixin.py:190} INFO - [2025-12-24T09:13:31.322+0000] {dag.py:4180} INFO - Setting next_dagrun for example_trigger_controller_dag to 2021-01-01 00:00:00+00:00, run_after=2021-01-01 00:00:00+00:00
[2025-12-24T09:13:31.351+0000] {processor.py:208} INFO - Processing /home/airflow/.local/lib/python3.11/site-packages/airflow/example_dags/example_trigger_controller_dag.py took 0.134 seconds
[2025-12-24T09:14:24.802+0000] {processor.py:186} INFO - Started process (PID=1681) to work on /home/airflow/.local/lib/python3.11/site-packages/airflow/example_dags/example_trigger_controller_dag.py
[2025-12-24T09:14:24.804+0000] {processor.py:914} INFO - Processing file /home/airflow/.local/lib/python3.11/site-packages/airflow/example_dags/example_trigger_controller_dag.py for tasks to queue
[2025-12-24T09:14:24.808+0000] {logging_mixin.py:190} INFO - [2025-12-24T09:14:24.808+0000] {dagbag.py:588} INFO - Filling up the DagBag from /home/airflow/.local/lib/python3.11/site-packages/airflow/example_dags/example_trigger_controller_dag.py
[2025-12-24T09:14:24.818+0000] {processor.py:925} INFO - DAG(s) 'example_trigger_controller_dag' retrieved from /home/airflow/.local/lib/python3.11/site-packages/airflow/example_dags/example_trigger_controller_dag.py
[2025-12-24T09:14:24.848+0000] {logging_mixin.py:190} INFO - [2025-12-24T09:14:24.847+0000] {dag.py:3239} INFO - Sync 1 DAGs
[2025-12-24T09:14:24.885+0000] {logging_mixin.py:190} INFO - [2025-12-24T09:14:24.885+0000] {dag.py:4180} INFO - Setting next_dagrun for example_trigger_controller_dag to 2021-01-01 00:00:00+00:00, run_after=2021-01-01 00:00:00+00:00
[2025-12-24T09:14:24.921+0000] {processor.py:208} INFO - Processing /home/airflow/.local/lib/python3.11/site-packages/airflow/example_dags/example_trigger_controller_dag.py took 0.128 seconds
[2025-12-24T09:14:37.513+0000] {processor.py:186} INFO - Started process (PID=1753) to work on /home/airflow/.local/lib/python3.11/site-packages/airflow/example_dags/example_trigger_controller_dag.py
[2025-12-24T09:14:37.515+0000] {processor.py:914} INFO - Processing file /home/airflow/.local/lib/python3.11/site-packages/airflow/example_dags/example_trigger_controller_dag.py for tasks to queue
[2025-12-24T09:14:37.519+0000] {logging_mixin.py:190} INFO - [2025-12-24T09:14:37.519+0000] {dagbag.py:588} INFO - Filling up the DagBag from /home/airflow/.local/lib/python3.11/site-packages/airflow/example_dags/example_trigger_controller_dag.py
[2025-12-24T09:14:37.533+0000] {processor.py:925} INFO - DAG(s) 'example_trigger_controller_dag' retrieved from /home/airflow/.local/lib/python3.11/site-packages/airflow/example_dags/example_trigger_controller_dag.py
[2025-12-24T09:14:37.565+0000] {logging_mixin.py:190} INFO - [2025-12-24T09:14:37.564+0000] {dag.py:3239} INFO - Sync 1 DAGs
[2025-12-24T09:14:37.596+0000] {logging_mixin.py:190} INFO - [2025-12-24T09:14:37.596+0000] {dag.py:4180} INFO - Setting next_dagrun for example_trigger_controller_dag to 2021-01-01 00:00:00+00:00, run_after=2021-01-01 00:00:00+00:00
[2025-12-24T09:14:37.626+0000] {processor.py:208} INFO - Processing /home/airflow/.local/lib/python3.11/site-packages/airflow/example_dags/example_trigger_controller_dag.py took 0.125 seconds
[2025-12-24T09:15:08.353+0000] {processor.py:186} INFO - Started process (PID=1817) to work on /home/airflow/.local/lib/python3.11/site-packages/airflow/example_dags/example_trigger_controller_dag.py
[2025-12-24T09:15:08.355+0000] {processor.py:914} INFO - Processing file /home/airflow/.local/lib/python3.11/site-packages/airflow/example_dags/example_trigger_controller_dag.py for tasks to queue
[2025-12-24T09:15:08.360+0000] {logging_mixin.py:190} INFO - [2025-12-24T09:15:08.360+0000] {dagbag.py:588} INFO - Filling up the DagBag from /home/airflow/.local/lib/python3.11/site-packages/airflow/example_dags/example_trigger_controller_dag.py
[2025-12-24T09:15:08.371+0000] {processor.py:925} INFO - DAG(s) 'example_trigger_controller_dag' retrieved from /home/airflow/.local/lib/python3.11/site-packages/airflow/example_dags/example_trigger_controller_dag.py
[2025-12-24T09:15:08.405+0000] {logging_mixin.py:190} INFO - [2025-12-24T09:15:08.405+0000] {dag.py:3239} INFO - Sync 1 DAGs
[2025-12-24T09:15:08.437+0000] {logging_mixin.py:190} INFO - [2025-12-24T09:15:08.436+0000] {dag.py:4180} INFO - Setting next_dagrun for example_trigger_controller_dag to 2021-01-01 00:00:00+00:00, run_after=2021-01-01 00:00:00+00:00
[2025-12-24T09:15:08.468+0000] {processor.py:208} INFO - Processing /home/airflow/.local/lib/python3.11/site-packages/airflow/example_dags/example_trigger_controller_dag.py took 0.128 seconds
[2025-12-24T09:15:39.281+0000] {processor.py:186} INFO - Started process (PID=1880) to work on /home/airflow/.local/lib/python3.11/site-packages/airflow/example_dags/example_trigger_controller_dag.py
[2025-12-24T09:15:39.282+0000] {processor.py:914} INFO - Processing file /home/airflow/.local/lib/python3.11/site-packages/airflow/example_dags/example_trigger_controller_dag.py for tasks to queue
[2025-12-24T09:15:39.287+0000] {logging_mixin.py:190} INFO - [2025-12-24T09:15:39.286+0000] {dagbag.py:588} INFO - Filling up the DagBag from /home/airflow/.local/lib/python3.11/site-packages/airflow/example_dags/example_trigger_controller_dag.py
[2025-12-24T09:15:39.299+0000] {processor.py:925} INFO - DAG(s) 'example_trigger_controller_dag' retrieved from /home/airflow/.local/lib/python3.11/site-packages/airflow/example_dags/example_trigger_controller_dag.py
[2025-12-24T09:15:39.339+0000] {logging_mixin.py:190} INFO - [2025-12-24T09:15:39.338+0000] {dag.py:3239} INFO - Sync 1 DAGs
[2025-12-24T09:15:39.378+0000] {logging_mixin.py:190} INFO - [2025-12-24T09:15:39.378+0000] {dag.py:4180} INFO - Setting next_dagrun for example_trigger_controller_dag to 2021-01-01 00:00:00+00:00, run_after=2021-01-01 00:00:00+00:00
[2025-12-24T09:15:39.417+0000] {processor.py:208} INFO - Processing /home/airflow/.local/lib/python3.11/site-packages/airflow/example_dags/example_trigger_controller_dag.py took 0.148 seconds
[2025-12-24T09:16:40.358+0000] {processor.py:186} INFO - Started process (PID=1946) to work on /home/airflow/.local/lib/python3.11/site-packages/airflow/example_dags/example_trigger_controller_dag.py
[2025-12-24T09:16:40.360+0000] {processor.py:914} INFO - Processing file /home/airflow/.local/lib/python3.11/site-packages/airflow/example_dags/example_trigger_controller_dag.py for tasks to queue
[2025-12-24T09:16:40.364+0000] {logging_mixin.py:190} INFO - [2025-12-24T09:16:40.363+0000] {dagbag.py:588} INFO - Filling up the DagBag from /home/airflow/.local/lib/python3.11/site-packages/airflow/example_dags/example_trigger_controller_dag.py
[2025-12-24T09:16:40.373+0000] {processor.py:925} INFO - DAG(s) 'example_trigger_controller_dag' retrieved from /home/airflow/.local/lib/python3.11/site-packages/airflow/example_dags/example_trigger_controller_dag.py
[2025-12-24T09:16:40.401+0000] {logging_mixin.py:190} INFO - [2025-12-24T09:16:40.400+0000] {dag.py:3239} INFO - Sync 1 DAGs
[2025-12-24T09:16:40.426+0000] {logging_mixin.py:190} INFO - [2025-12-24T09:16:40.426+0000] {dag.py:4180} INFO - Setting next_dagrun for example_trigger_controller_dag to 2021-01-01 00:00:00+00:00, run_after=2021-01-01 00:00:00+00:00
[2025-12-24T09:16:40.449+0000] {processor.py:208} INFO - Processing /home/airflow/.local/lib/python3.11/site-packages/airflow/example_dags/example_trigger_controller_dag.py took 0.100 seconds
[2025-12-24T09:24:12.285+0000] {processor.py:186} INFO - Started process (PID=92) to work on /home/airflow/.local/lib/python3.11/site-packages/airflow/example_dags/example_trigger_controller_dag.py
[2025-12-24T09:24:12.288+0000] {processor.py:914} INFO - Processing file /home/airflow/.local/lib/python3.11/site-packages/airflow/example_dags/example_trigger_controller_dag.py for tasks to queue
[2025-12-24T09:24:12.294+0000] {logging_mixin.py:190} INFO - [2025-12-24T09:24:12.293+0000] {dagbag.py:588} INFO - Filling up the DagBag from /home/airflow/.local/lib/python3.11/site-packages/airflow/example_dags/example_trigger_controller_dag.py
[2025-12-24T09:24:12.310+0000] {processor.py:925} INFO - DAG(s) 'example_trigger_controller_dag' retrieved from /home/airflow/.local/lib/python3.11/site-packages/airflow/example_dags/example_trigger_controller_dag.py
[2025-12-24T09:24:12.640+0000] {logging_mixin.py:190} INFO - [2025-12-24T09:24:12.639+0000] {override.py:1911} INFO - Created Permission View: can delete on DAG:example_trigger_controller_dag
[2025-12-24T09:24:12.677+0000] {logging_mixin.py:190} INFO - [2025-12-24T09:24:12.676+0000] {override.py:1911} INFO - Created Permission View: can read on DAG:example_trigger_controller_dag
[2025-12-24T09:24:12.703+0000] {logging_mixin.py:190} INFO - [2025-12-24T09:24:12.702+0000] {override.py:1911} INFO - Created Permission View: can edit on DAG:example_trigger_controller_dag
[2025-12-24T09:24:12.733+0000] {logging_mixin.py:190} INFO - [2025-12-24T09:24:12.733+0000] {override.py:1911} INFO - Created Permission View: menu access on DAG Run:example_trigger_controller_dag
[2025-12-24T09:24:12.756+0000] {logging_mixin.py:190} INFO - [2025-12-24T09:24:12.756+0000] {override.py:1911} INFO - Created Permission View: can create on DAG Run:example_trigger_controller_dag
[2025-12-24T09:24:12.779+0000] {logging_mixin.py:190} INFO - [2025-12-24T09:24:12.778+0000] {override.py:1911} INFO - Created Permission View: can delete on DAG Run:example_trigger_controller_dag
[2025-12-24T09:24:12.809+0000] {logging_mixin.py:190} INFO - [2025-12-24T09:24:12.808+0000] {override.py:1911} INFO - Created Permission View: can read on DAG Run:example_trigger_controller_dag
[2025-12-24T09:24:12.812+0000] {logging_mixin.py:190} INFO - [2025-12-24T09:24:12.811+0000] {dag.py:3239} INFO - Sync 1 DAGs
[2025-12-24T09:24:12.870+0000] {logging_mixin.py:190} INFO - [2025-12-24T09:24:12.869+0000] {dag.py:3262} INFO - Creating ORM DAG for example_trigger_controller_dag
[2025-12-24T09:24:12.909+0000] {logging_mixin.py:190} INFO - [2025-12-24T09:24:12.908+0000] {dag.py:4180} INFO - Setting next_dagrun for example_trigger_controller_dag to 2021-01-01 00:00:00+00:00, run_after=2021-01-01 00:00:00+00:00
[2025-12-24T09:24:12.981+0000] {processor.py:208} INFO - Processing /home/airflow/.local/lib/python3.11/site-packages/airflow/example_dags/example_trigger_controller_dag.py took 0.711 seconds
[2025-12-24T09:24:03.995+0000] {processor.py:186} INFO - Started process (PID=184) to work on /home/airflow/.local/lib/python3.11/site-packages/airflow/example_dags/example_trigger_controller_dag.py
[2025-12-24T09:24:03.998+0000] {processor.py:914} INFO - Processing file /home/airflow/.local/lib/python3.11/site-packages/airflow/example_dags/example_trigger_controller_dag.py for tasks to queue
[2025-12-24T09:24:04.003+0000] {logging_mixin.py:190} INFO - [2025-12-24T09:24:04.002+0000] {dagbag.py:588} INFO - Filling up the DagBag from /home/airflow/.local/lib/python3.11/site-packages/airflow/example_dags/example_trigger_controller_dag.py
[2025-12-24T09:24:04.017+0000] {processor.py:925} INFO - DAG(s) 'example_trigger_controller_dag' retrieved from /home/airflow/.local/lib/python3.11/site-packages/airflow/example_dags/example_trigger_controller_dag.py
[2025-12-24T09:24:04.043+0000] {logging_mixin.py:190} INFO - [2025-12-24T09:24:04.042+0000] {dag.py:3239} INFO - Sync 1 DAGs
[2025-12-24T09:24:04.104+0000] {logging_mixin.py:190} INFO - [2025-12-24T09:24:04.104+0000] {dag.py:4180} INFO - Setting next_dagrun for example_trigger_controller_dag to 2021-01-01 00:00:00+00:00, run_after=2021-01-01 00:00:00+00:00
[2025-12-24T09:24:04.143+0000] {processor.py:208} INFO - Processing /home/airflow/.local/lib/python3.11/site-packages/airflow/example_dags/example_trigger_controller_dag.py took 0.162 seconds
[2025-12-24T09:24:12.956+0000] {processor.py:186} INFO - Started process (PID=224) to work on /home/airflow/.local/lib/python3.11/site-packages/airflow/example_dags/example_trigger_controller_dag.py
[2025-12-24T09:24:12.961+0000] {processor.py:914} INFO - Processing file /home/airflow/.local/lib/python3.11/site-packages/airflow/example_dags/example_trigger_controller_dag.py for tasks to queue
[2025-12-24T09:24:12.968+0000] {logging_mixin.py:190} INFO - [2025-12-24T09:24:12.968+0000] {dagbag.py:588} INFO - Filling up the DagBag from /home/airflow/.local/lib/python3.11/site-packages/airflow/example_dags/example_trigger_controller_dag.py
[2025-12-24T09:24:12.986+0000] {processor.py:925} INFO - DAG(s) 'example_trigger_controller_dag' retrieved from /home/airflow/.local/lib/python3.11/site-packages/airflow/example_dags/example_trigger_controller_dag.py
[2025-12-24T09:24:13.023+0000] {logging_mixin.py:190} INFO - [2025-12-24T09:24:13.022+0000] {dag.py:3239} INFO - Sync 1 DAGs
[2025-12-24T09:24:13.073+0000] {logging_mixin.py:190} INFO - [2025-12-24T09:24:13.073+0000] {dag.py:4180} INFO - Setting next_dagrun for example_trigger_controller_dag to 2021-01-01 00:00:00+00:00, run_after=2021-01-01 00:00:00+00:00
[2025-12-24T09:24:13.114+0000] {processor.py:208} INFO - Processing /home/airflow/.local/lib/python3.11/site-packages/airflow/example_dags/example_trigger_controller_dag.py took 0.174 seconds
[2025-12-24T09:24:42.486+0000] {processor.py:186} INFO - Started process (PID=283) to work on /home/airflow/.local/lib/python3.11/site-packages/airflow/example_dags/example_trigger_controller_dag.py
[2025-12-24T09:24:42.487+0000] {processor.py:914} INFO - Processing file /home/airflow/.local/lib/python3.11/site-packages/airflow/example_dags/example_trigger_controller_dag.py for tasks to queue
[2025-12-24T09:24:42.492+0000] {logging_mixin.py:190} INFO - [2025-12-24T09:24:42.491+0000] {dagbag.py:588} INFO - Filling up the DagBag from /home/airflow/.local/lib/python3.11/site-packages/airflow/example_dags/example_trigger_controller_dag.py
[2025-12-24T09:24:42.505+0000] {processor.py:925} INFO - DAG(s) 'example_trigger_controller_dag' retrieved from /home/airflow/.local/lib/python3.11/site-packages/airflow/example_dags/example_trigger_controller_dag.py
[2025-12-24T09:24:42.542+0000] {logging_mixin.py:190} INFO - [2025-12-24T09:24:42.541+0000] {dag.py:3239} INFO - Sync 1 DAGs
[2025-12-24T09:24:42.572+0000] {logging_mixin.py:190} INFO - [2025-12-24T09:24:42.571+0000] {dag.py:4180} INFO - Setting next_dagrun for example_trigger_controller_dag to 2021-01-01 00:00:00+00:00, run_after=2021-01-01 00:00:00+00:00
[2025-12-24T09:25:24.932+0000] {processor.py:208} INFO - Processing /home/airflow/.local/lib/python3.11/site-packages/airflow/example_dags/example_trigger_controller_dag.py took 0.135 seconds
[2025-12-24T09:25:18.921+0000] {processor.py:186} INFO - Started process (PID=457) to work on /home/airflow/.local/lib/python3.11/site-packages/airflow/example_dags/example_trigger_controller_dag.py
[2025-12-24T09:25:18.923+0000] {processor.py:914} INFO - Processing file /home/airflow/.local/lib/python3.11/site-packages/airflow/example_dags/example_trigger_controller_dag.py for tasks to queue
[2025-12-24T09:25:18.927+0000] {logging_mixin.py:190} INFO - [2025-12-24T09:25:18.927+0000] {dagbag.py:588} INFO - Filling up the DagBag from /home/airflow/.local/lib/python3.11/site-packages/airflow/example_dags/example_trigger_controller_dag.py
[2025-12-24T09:25:18.941+0000] {processor.py:925} INFO - DAG(s) 'example_trigger_controller_dag' retrieved from /home/airflow/.local/lib/python3.11/site-packages/airflow/example_dags/example_trigger_controller_dag.py
[2025-12-24T09:25:18.997+0000] {logging_mixin.py:190} INFO - [2025-12-24T09:25:18.997+0000] {dag.py:3239} INFO - Sync 1 DAGs
[2025-12-24T09:25:19.044+0000] {logging_mixin.py:190} INFO - [2025-12-24T09:25:19.044+0000] {dag.py:4180} INFO - Setting next_dagrun for example_trigger_controller_dag to 2021-01-01 00:00:00+00:00, run_after=2021-01-01 00:00:00+00:00
[2025-12-24T09:25:19.078+0000] {processor.py:208} INFO - Processing /home/airflow/.local/lib/python3.11/site-packages/airflow/example_dags/example_trigger_controller_dag.py took 0.170 seconds
[2025-12-24T09:25:49.889+0000] {processor.py:186} INFO - Started process (PID=515) to work on /home/airflow/.local/lib/python3.11/site-packages/airflow/example_dags/example_trigger_controller_dag.py
[2025-12-24T09:25:49.891+0000] {processor.py:914} INFO - Processing file /home/airflow/.local/lib/python3.11/site-packages/airflow/example_dags/example_trigger_controller_dag.py for tasks to queue
[2025-12-24T09:25:49.896+0000] {logging_mixin.py:190} INFO - [2025-12-24T09:25:49.895+0000] {dagbag.py:588} INFO - Filling up the DagBag from /home/airflow/.local/lib/python3.11/site-packages/airflow/example_dags/example_trigger_controller_dag.py
[2025-12-24T09:25:49.908+0000] {processor.py:925} INFO - DAG(s) 'example_trigger_controller_dag' retrieved from /home/airflow/.local/lib/python3.11/site-packages/airflow/example_dags/example_trigger_controller_dag.py
[2025-12-24T09:25:49.945+0000] {logging_mixin.py:190} INFO - [2025-12-24T09:25:49.944+0000] {dag.py:3239} INFO - Sync 1 DAGs
[2025-12-24T09:25:49.996+0000] {logging_mixin.py:190} INFO - [2025-12-24T09:25:49.996+0000] {dag.py:4180} INFO - Setting next_dagrun for example_trigger_controller_dag to 2021-01-01 00:00:00+00:00, run_after=2021-01-01 00:00:00+00:00
[2025-12-24T09:25:50.023+0000] {processor.py:208} INFO - Processing /home/airflow/.local/lib/python3.11/site-packages/airflow/example_dags/example_trigger_controller_dag.py took 0.144 seconds
[2025-12-24T09:25:54.636+0000] {processor.py:186} INFO - Started process (PID=546) to work on /home/airflow/.local/lib/python3.11/site-packages/airflow/example_dags/example_trigger_controller_dag.py
[2025-12-24T09:25:54.637+0000] {processor.py:914} INFO - Processing file /home/airflow/.local/lib/python3.11/site-packages/airflow/example_dags/example_trigger_controller_dag.py for tasks to queue
[2025-12-24T09:25:54.642+0000] {logging_mixin.py:190} INFO - [2025-12-24T09:25:54.641+0000] {dagbag.py:588} INFO - Filling up the DagBag from /home/airflow/.local/lib/python3.11/site-packages/airflow/example_dags/example_trigger_controller_dag.py
[2025-12-24T09:25:54.660+0000] {processor.py:925} INFO - DAG(s) 'example_trigger_controller_dag' retrieved from /home/airflow/.local/lib/python3.11/site-packages/airflow/example_dags/example_trigger_controller_dag.py
[2025-12-24T09:25:54.699+0000] {logging_mixin.py:190} INFO - [2025-12-24T09:25:54.698+0000] {dag.py:3239} INFO - Sync 1 DAGs
[2025-12-24T09:25:54.743+0000] {logging_mixin.py:190} INFO - [2025-12-24T09:25:54.743+0000] {dag.py:4180} INFO - Setting next_dagrun for example_trigger_controller_dag to 2021-01-01 00:00:00+00:00, run_after=2021-01-01 00:00:00+00:00
[2025-12-24T09:25:54.781+0000] {processor.py:208} INFO - Processing /home/airflow/.local/lib/python3.11/site-packages/airflow/example_dags/example_trigger_controller_dag.py took 0.158 seconds
[2025-12-24T09:26:04.159+0000] {processor.py:186} INFO - Started process (PID=610) to work on /home/airflow/.local/lib/python3.11/site-packages/airflow/example_dags/example_trigger_controller_dag.py
[2025-12-24T09:26:04.161+0000] {processor.py:914} INFO - Processing file /home/airflow/.local/lib/python3.11/site-packages/airflow/example_dags/example_trigger_controller_dag.py for tasks to queue
[2025-12-24T09:26:04.165+0000] {logging_mixin.py:190} INFO - [2025-12-24T09:26:04.165+0000] {dagbag.py:588} INFO - Filling up the DagBag from /home/airflow/.local/lib/python3.11/site-packages/airflow/example_dags/example_trigger_controller_dag.py
[2025-12-24T09:26:04.177+0000] {processor.py:925} INFO - DAG(s) 'example_trigger_controller_dag' retrieved from /home/airflow/.local/lib/python3.11/site-packages/airflow/example_dags/example_trigger_controller_dag.py
[2025-12-24T09:26:04.209+0000] {logging_mixin.py:190} INFO - [2025-12-24T09:26:04.208+0000] {dag.py:3239} INFO - Sync 1 DAGs
[2025-12-24T09:26:04.241+0000] {logging_mixin.py:190} INFO - [2025-12-24T09:26:04.241+0000] {dag.py:4180} INFO - Setting next_dagrun for example_trigger_controller_dag to 2021-01-01 00:00:00+00:00, run_after=2021-01-01 00:00:00+00:00
[2025-12-24T09:26:04.271+0000] {processor.py:208} INFO - Processing /home/airflow/.local/lib/python3.11/site-packages/airflow/example_dags/example_trigger_controller_dag.py took 0.123 seconds
[2025-12-24T09:26:55.295+0000] {processor.py:186} INFO - Started process (PID=666) to work on /home/airflow/.local/lib/python3.11/site-packages/airflow/example_dags/example_trigger_controller_dag.py
[2025-12-24T09:26:55.297+0000] {processor.py:914} INFO - Processing file /home/airflow/.local/lib/python3.11/site-packages/airflow/example_dags/example_trigger_controller_dag.py for tasks to queue
[2025-12-24T09:26:55.302+0000] {logging_mixin.py:190} INFO - [2025-12-24T09:26:55.301+0000] {dagbag.py:588} INFO - Filling up the DagBag from /home/airflow/.local/lib/python3.11/site-packages/airflow/example_dags/example_trigger_controller_dag.py
[2025-12-24T09:26:12.988+0000] {processor.py:925} INFO - DAG(s) 'example_trigger_controller_dag' retrieved from /home/airflow/.local/lib/python3.11/site-packages/airflow/example_dags/example_trigger_controller_dag.py
[2025-12-24T09:26:13.027+0000] {logging_mixin.py:190} INFO - [2025-12-24T09:26:13.027+0000] {dag.py:3239} INFO - Sync 1 DAGs
[2025-12-24T09:26:13.061+0000] {logging_mixin.py:190} INFO - [2025-12-24T09:26:13.060+0000] {dag.py:4180} INFO - Setting next_dagrun for example_trigger_controller_dag to 2021-01-01 00:00:00+00:00, run_after=2021-01-01 00:00:00+00:00
[2025-12-24T09:26:13.100+0000] {processor.py:208} INFO - Processing /home/airflow/.local/lib/python3.11/site-packages/airflow/example_dags/example_trigger_controller_dag.py took 0.143 seconds
[2025-12-24T09:26:23.571+0000] {processor.py:186} INFO - Started process (PID=718) to work on /home/airflow/.local/lib/python3.11/site-packages/airflow/example_dags/example_trigger_controller_dag.py
[2025-12-24T09:26:23.573+0000] {processor.py:914} INFO - Processing file /home/airflow/.local/lib/python3.11/site-packages/airflow/example_dags/example_trigger_controller_dag.py for tasks to queue
[2025-12-24T09:26:23.578+0000] {logging_mixin.py:190} INFO - [2025-12-24T09:26:23.577+0000] {dagbag.py:588} INFO - Filling up the DagBag from /home/airflow/.local/lib/python3.11/site-packages/airflow/example_dags/example_trigger_controller_dag.py
[2025-12-24T09:26:23.588+0000] {processor.py:925} INFO - DAG(s) 'example_trigger_controller_dag' retrieved from /home/airflow/.local/lib/python3.11/site-packages/airflow/example_dags/example_trigger_controller_dag.py
[2025-12-24T09:26:23.623+0000] {logging_mixin.py:190} INFO - [2025-12-24T09:26:23.621+0000] {dag.py:3239} INFO - Sync 1 DAGs
[2025-12-24T09:26:23.655+0000] {logging_mixin.py:190} INFO - [2025-12-24T09:26:23.655+0000] {dag.py:4180} INFO - Setting next_dagrun for example_trigger_controller_dag to 2021-01-01 00:00:00+00:00, run_after=2021-01-01 00:00:00+00:00
[2025-12-24T09:26:23.685+0000] {processor.py:208} INFO - Processing /home/airflow/.local/lib/python3.11/site-packages/airflow/example_dags/example_trigger_controller_dag.py took 0.125 seconds
[2025-12-24T09:26:33.571+0000] {processor.py:186} INFO - Started process (PID=773) to work on /home/airflow/.local/lib/python3.11/site-packages/airflow/example_dags/example_trigger_controller_dag.py
[2025-12-24T09:26:33.573+0000] {processor.py:914} INFO - Processing file /home/airflow/.local/lib/python3.11/site-packages/airflow/example_dags/example_trigger_controller_dag.py for tasks to queue
[2025-12-24T09:26:33.578+0000] {logging_mixin.py:190} INFO - [2025-12-24T09:26:33.578+0000] {dagbag.py:588} INFO - Filling up the DagBag from /home/airflow/.local/lib/python3.11/site-packages/airflow/example_dags/example_trigger_controller_dag.py
[2025-12-24T09:26:33.589+0000] {processor.py:925} INFO - DAG(s) 'example_trigger_controller_dag' retrieved from /home/airflow/.local/lib/python3.11/site-packages/airflow/example_dags/example_trigger_controller_dag.py
[2025-12-24T09:26:33.634+0000] {logging_mixin.py:190} INFO - [2025-12-24T09:26:33.633+0000] {dag.py:3239} INFO - Sync 1 DAGs
[2025-12-24T09:26:33.668+0000] {logging_mixin.py:190} INFO - [2025-12-24T09:26:33.668+0000] {dag.py:4180} INFO - Setting next_dagrun for example_trigger_controller_dag to 2021-01-01 00:00:00+00:00, run_after=2021-01-01 00:00:00+00:00
[2025-12-24T09:26:33.700+0000] {processor.py:208} INFO - Processing /home/airflow/.local/lib/python3.11/site-packages/airflow/example_dags/example_trigger_controller_dag.py took 0.140 seconds
[2025-12-24T09:26:44.101+0000] {processor.py:186} INFO - Started process (PID=826) to work on /home/airflow/.local/lib/python3.11/site-packages/airflow/example_dags/example_trigger_controller_dag.py
[2025-12-24T09:26:44.103+0000] {processor.py:914} INFO - Processing file /home/airflow/.local/lib/python3.11/site-packages/airflow/example_dags/example_trigger_controller_dag.py for tasks to queue
[2025-12-24T09:26:44.109+0000] {logging_mixin.py:190} INFO - [2025-12-24T09:26:44.108+0000] {dagbag.py:588} INFO - Filling up the DagBag from /home/airflow/.local/lib/python3.11/site-packages/airflow/example_dags/example_trigger_controller_dag.py
[2025-12-24T09:26:44.125+0000] {processor.py:925} INFO - DAG(s) 'example_trigger_controller_dag' retrieved from /home/airflow/.local/lib/python3.11/site-packages/airflow/example_dags/example_trigger_controller_dag.py
[2025-12-24T09:26:44.189+0000] {logging_mixin.py:190} INFO - [2025-12-24T09:26:44.188+0000] {dag.py:3239} INFO - Sync 1 DAGs
[2025-12-24T09:26:44.244+0000] {logging_mixin.py:190} INFO - [2025-12-24T09:26:44.243+0000] {dag.py:4180} INFO - Setting next_dagrun for example_trigger_controller_dag to 2021-01-01 00:00:00+00:00, run_after=2021-01-01 00:00:00+00:00
[2025-12-24T09:26:44.282+0000] {processor.py:208} INFO - Processing /home/airflow/.local/lib/python3.11/site-packages/airflow/example_dags/example_trigger_controller_dag.py took 0.195 seconds
[2025-12-24T09:27:41.495+0000] {processor.py:186} INFO - Started process (PID=882) to work on /home/airflow/.local/lib/python3.11/site-packages/airflow/example_dags/example_trigger_controller_dag.py
[2025-12-24T09:27:41.497+0000] {processor.py:914} INFO - Processing file /home/airflow/.local/lib/python3.11/site-packages/airflow/example_dags/example_trigger_controller_dag.py for tasks to queue
[2025-12-24T09:27:41.503+0000] {logging_mixin.py:190} INFO - [2025-12-24T09:27:41.503+0000] {dagbag.py:588} INFO - Filling up the DagBag from /home/airflow/.local/lib/python3.11/site-packages/airflow/example_dags/example_trigger_controller_dag.py
[2025-12-24T09:27:41.518+0000] {processor.py:925} INFO - DAG(s) 'example_trigger_controller_dag' retrieved from /home/airflow/.local/lib/python3.11/site-packages/airflow/example_dags/example_trigger_controller_dag.py
[2025-12-24T09:27:41.557+0000] {logging_mixin.py:190} INFO - [2025-12-24T09:27:41.556+0000] {dag.py:3239} INFO - Sync 1 DAGs
[2025-12-24T09:27:41.594+0000] {logging_mixin.py:190} INFO - [2025-12-24T09:27:41.593+0000] {dag.py:4180} INFO - Setting next_dagrun for example_trigger_controller_dag to 2021-01-01 00:00:00+00:00, run_after=2021-01-01 00:00:00+00:00
[2025-12-24T09:27:41.650+0000] {processor.py:208} INFO - Processing /home/airflow/.local/lib/python3.11/site-packages/airflow/example_dags/example_trigger_controller_dag.py took 0.166 seconds
[2025-12-24T09:27:49.224+0000] {processor.py:186} INFO - Started process (PID=954) to work on /home/airflow/.local/lib/python3.11/site-packages/airflow/example_dags/example_trigger_controller_dag.py
[2025-12-24T09:27:49.227+0000] {processor.py:914} INFO - Processing file /home/airflow/.local/lib/python3.11/site-packages/airflow/example_dags/example_trigger_controller_dag.py for tasks to queue
[2025-12-24T09:27:49.233+0000] {logging_mixin.py:190} INFO - [2025-12-24T09:27:49.232+0000] {dagbag.py:588} INFO - Filling up the DagBag from /home/airflow/.local/lib/python3.11/site-packages/airflow/example_dags/example_trigger_controller_dag.py
[2025-12-24T09:27:49.255+0000] {processor.py:925} INFO - DAG(s) 'example_trigger_controller_dag' retrieved from /home/airflow/.local/lib/python3.11/site-packages/airflow/example_dags/example_trigger_controller_dag.py
[2025-12-24T09:27:49.285+0000] {logging_mixin.py:190} INFO - [2025-12-24T09:27:49.285+0000] {dag.py:3239} INFO - Sync 1 DAGs
[2025-12-24T09:27:49.334+0000] {logging_mixin.py:190} INFO - [2025-12-24T09:27:49.333+0000] {dag.py:4180} INFO - Setting next_dagrun for example_trigger_controller_dag to 2021-01-01 00:00:00+00:00, run_after=2021-01-01 00:00:00+00:00
[2025-12-24T09:27:49.365+0000] {processor.py:208} INFO - Processing /home/airflow/.local/lib/python3.11/site-packages/airflow/example_dags/example_trigger_controller_dag.py took 0.151 seconds
[2025-12-24T09:27:59.367+0000] {processor.py:186} INFO - Started process (PID=1014) to work on /home/airflow/.local/lib/python3.11/site-packages/airflow/example_dags/example_trigger_controller_dag.py
[2025-12-24T09:27:59.369+0000] {processor.py:914} INFO - Processing file /home/airflow/.local/lib/python3.11/site-packages/airflow/example_dags/example_trigger_controller_dag.py for tasks to queue
[2025-12-24T09:27:59.375+0000] {logging_mixin.py:190} INFO - [2025-12-24T09:27:59.374+0000] {dagbag.py:588} INFO - Filling up the DagBag from /home/airflow/.local/lib/python3.11/site-packages/airflow/example_dags/example_trigger_controller_dag.py
[2025-12-24T09:27:59.388+0000] {processor.py:925} INFO - DAG(s) 'example_trigger_controller_dag' retrieved from /home/airflow/.local/lib/python3.11/site-packages/airflow/example_dags/example_trigger_controller_dag.py
[2025-12-24T09:27:59.444+0000] {logging_mixin.py:190} INFO - [2025-12-24T09:27:59.443+0000] {dag.py:3239} INFO - Sync 1 DAGs
[2025-12-24T09:27:59.476+0000] {logging_mixin.py:190} INFO - [2025-12-24T09:27:59.476+0000] {dag.py:4180} INFO - Setting next_dagrun for example_trigger_controller_dag to 2021-01-01 00:00:00+00:00, run_after=2021-01-01 00:00:00+00:00
[2025-12-24T09:27:59.502+0000] {processor.py:208} INFO - Processing /home/airflow/.local/lib/python3.11/site-packages/airflow/example_dags/example_trigger_controller_dag.py took 0.146 seconds
[2025-12-24T09:28:55.306+0000] {processor.py:186} INFO - Started process (PID=1079) to work on /home/airflow/.local/lib/python3.11/site-packages/airflow/example_dags/example_trigger_controller_dag.py
[2025-12-24T09:28:55.308+0000] {processor.py:914} INFO - Processing file /home/airflow/.local/lib/python3.11/site-packages/airflow/example_dags/example_trigger_controller_dag.py for tasks to queue
[2025-12-24T09:28:55.312+0000] {logging_mixin.py:190} INFO - [2025-12-24T09:28:55.311+0000] {dagbag.py:588} INFO - Filling up the DagBag from /home/airflow/.local/lib/python3.11/site-packages/airflow/example_dags/example_trigger_controller_dag.py
[2025-12-24T09:28:55.325+0000] {processor.py:925} INFO - DAG(s) 'example_trigger_controller_dag' retrieved from /home/airflow/.local/lib/python3.11/site-packages/airflow/example_dags/example_trigger_controller_dag.py
[2025-12-24T09:28:55.354+0000] {logging_mixin.py:190} INFO - [2025-12-24T09:28:55.354+0000] {dag.py:3239} INFO - Sync 1 DAGs
[2025-12-24T09:28:55.395+0000] {logging_mixin.py:190} INFO - [2025-12-24T09:28:55.394+0000] {dag.py:4180} INFO - Setting next_dagrun for example_trigger_controller_dag to 2021-01-01 00:00:00+00:00, run_after=2021-01-01 00:00:00+00:00
[2025-12-24T09:28:55.422+0000] {processor.py:208} INFO - Processing /home/airflow/.local/lib/python3.11/site-packages/airflow/example_dags/example_trigger_controller_dag.py took 0.127 seconds
