[2025-12-24T09:02:53.343+0000] {processor.py:186} INFO - Started process (PID=84) to work on /home/airflow/.local/lib/python3.11/site-packages/airflow/example_dags/example_setup_teardown_taskflow.py
[2025-12-24T09:02:53.345+0000] {processor.py:914} INFO - Processing file /home/airflow/.local/lib/python3.11/site-packages/airflow/example_dags/example_setup_teardown_taskflow.py for tasks to queue
[2025-12-24T09:02:53.350+0000] {logging_mixin.py:190} INFO - [2025-12-24T09:02:53.349+0000] {dagbag.py:588} INFO - Filling up the DagBag from /home/airflow/.local/lib/python3.11/site-packages/airflow/example_dags/example_setup_teardown_taskflow.py
[2025-12-24T09:02:53.371+0000] {processor.py:925} INFO - DAG(s) 'example_setup_teardown_taskflow' retrieved from /home/airflow/.local/lib/python3.11/site-packages/airflow/example_dags/example_setup_teardown_taskflow.py
[2025-12-24T09:02:53.582+0000] {logging_mixin.py:190} INFO - [2025-12-24T09:02:53.580+0000] {override.py:1911} INFO - Created Permission View: can edit on DAG:example_setup_teardown_taskflow
[2025-12-24T09:02:53.605+0000] {logging_mixin.py:190} INFO - [2025-12-24T09:02:53.604+0000] {override.py:1911} INFO - Created Permission View: can read on DAG:example_setup_teardown_taskflow
[2025-12-24T09:02:53.620+0000] {logging_mixin.py:190} INFO - [2025-12-24T09:02:53.620+0000] {override.py:1911} INFO - Created Permission View: can delete on DAG:example_setup_teardown_taskflow
[2025-12-24T09:02:53.639+0000] {logging_mixin.py:190} INFO - [2025-12-24T09:02:53.639+0000] {override.py:1911} INFO - Created Permission View: can read on DAG Run:example_setup_teardown_taskflow
[2025-12-24T09:02:53.656+0000] {logging_mixin.py:190} INFO - [2025-12-24T09:02:53.655+0000] {override.py:1911} INFO - Created Permission View: can create on DAG Run:example_setup_teardown_taskflow
[2025-12-24T09:02:53.671+0000] {logging_mixin.py:190} INFO - [2025-12-24T09:02:53.670+0000] {override.py:1911} INFO - Created Permission View: can delete on DAG Run:example_setup_teardown_taskflow
[2025-12-24T09:02:53.686+0000] {logging_mixin.py:190} INFO - [2025-12-24T09:02:53.685+0000] {override.py:1911} INFO - Created Permission View: menu access on DAG Run:example_setup_teardown_taskflow
[2025-12-24T09:02:53.687+0000] {logging_mixin.py:190} INFO - [2025-12-24T09:02:53.687+0000] {dag.py:3239} INFO - Sync 1 DAGs
[2025-12-24T09:02:53.713+0000] {logging_mixin.py:190} INFO - [2025-12-24T09:02:53.713+0000] {dag.py:3262} INFO - Creating ORM DAG for example_setup_teardown_taskflow
[2025-12-24T09:02:53.714+0000] {logging_mixin.py:190} INFO - [2025-12-24T09:02:53.714+0000] {dag.py:4180} INFO - Setting next_dagrun for example_setup_teardown_taskflow to None, run_after=None
[2025-12-24T09:02:53.747+0000] {processor.py:208} INFO - Processing /home/airflow/.local/lib/python3.11/site-packages/airflow/example_dags/example_setup_teardown_taskflow.py took 0.415 seconds
[2025-12-24T09:03:12.014+0000] {processor.py:186} INFO - Started process (PID=144) to work on /home/airflow/.local/lib/python3.11/site-packages/airflow/example_dags/example_setup_teardown_taskflow.py
[2025-12-24T09:03:12.016+0000] {processor.py:914} INFO - Processing file /home/airflow/.local/lib/python3.11/site-packages/airflow/example_dags/example_setup_teardown_taskflow.py for tasks to queue
[2025-12-24T09:03:12.023+0000] {logging_mixin.py:190} INFO - [2025-12-24T09:03:12.022+0000] {dagbag.py:588} INFO - Filling up the DagBag from /home/airflow/.local/lib/python3.11/site-packages/airflow/example_dags/example_setup_teardown_taskflow.py
[2025-12-24T09:03:12.044+0000] {processor.py:925} INFO - DAG(s) 'example_setup_teardown_taskflow' retrieved from /home/airflow/.local/lib/python3.11/site-packages/airflow/example_dags/example_setup_teardown_taskflow.py
[2025-12-24T09:03:12.072+0000] {logging_mixin.py:190} INFO - [2025-12-24T09:03:12.070+0000] {dag.py:3239} INFO - Sync 1 DAGs
[2025-12-24T09:03:12.094+0000] {logging_mixin.py:190} INFO - [2025-12-24T09:03:12.094+0000] {dag.py:4180} INFO - Setting next_dagrun for example_setup_teardown_taskflow to None, run_after=None
[2025-12-24T09:03:12.125+0000] {processor.py:208} INFO - Processing /home/airflow/.local/lib/python3.11/site-packages/airflow/example_dags/example_setup_teardown_taskflow.py took 0.126 seconds
[2025-12-24T09:04:14.554+0000] {processor.py:186} INFO - Started process (PID=207) to work on /home/airflow/.local/lib/python3.11/site-packages/airflow/example_dags/example_setup_teardown_taskflow.py
[2025-12-24T09:04:14.556+0000] {processor.py:914} INFO - Processing file /home/airflow/.local/lib/python3.11/site-packages/airflow/example_dags/example_setup_teardown_taskflow.py for tasks to queue
[2025-12-24T09:04:14.559+0000] {logging_mixin.py:190} INFO - [2025-12-24T09:04:14.559+0000] {dagbag.py:588} INFO - Filling up the DagBag from /home/airflow/.local/lib/python3.11/site-packages/airflow/example_dags/example_setup_teardown_taskflow.py
[2025-12-24T09:04:14.575+0000] {processor.py:925} INFO - DAG(s) 'example_setup_teardown_taskflow' retrieved from /home/airflow/.local/lib/python3.11/site-packages/airflow/example_dags/example_setup_teardown_taskflow.py
[2025-12-24T09:04:14.617+0000] {logging_mixin.py:190} INFO - [2025-12-24T09:04:14.616+0000] {dag.py:3239} INFO - Sync 1 DAGs
[2025-12-24T09:04:14.644+0000] {logging_mixin.py:190} INFO - [2025-12-24T09:04:14.644+0000] {dag.py:4180} INFO - Setting next_dagrun for example_setup_teardown_taskflow to None, run_after=None
[2025-12-24T09:04:14.684+0000] {processor.py:208} INFO - Processing /home/airflow/.local/lib/python3.11/site-packages/airflow/example_dags/example_setup_teardown_taskflow.py took 0.139 seconds
[2025-12-24T09:04:12.114+0000] {processor.py:186} INFO - Started process (PID=273) to work on /home/airflow/.local/lib/python3.11/site-packages/airflow/example_dags/example_setup_teardown_taskflow.py
[2025-12-24T09:04:12.116+0000] {processor.py:914} INFO - Processing file /home/airflow/.local/lib/python3.11/site-packages/airflow/example_dags/example_setup_teardown_taskflow.py for tasks to queue
[2025-12-24T09:04:12.119+0000] {logging_mixin.py:190} INFO - [2025-12-24T09:04:12.119+0000] {dagbag.py:588} INFO - Filling up the DagBag from /home/airflow/.local/lib/python3.11/site-packages/airflow/example_dags/example_setup_teardown_taskflow.py
[2025-12-24T09:04:12.135+0000] {processor.py:925} INFO - DAG(s) 'example_setup_teardown_taskflow' retrieved from /home/airflow/.local/lib/python3.11/site-packages/airflow/example_dags/example_setup_teardown_taskflow.py
[2025-12-24T09:04:12.167+0000] {logging_mixin.py:190} INFO - [2025-12-24T09:04:12.166+0000] {dag.py:3239} INFO - Sync 1 DAGs
[2025-12-24T09:04:12.186+0000] {logging_mixin.py:190} INFO - [2025-12-24T09:04:12.186+0000] {dag.py:4180} INFO - Setting next_dagrun for example_setup_teardown_taskflow to None, run_after=None
[2025-12-24T09:04:12.217+0000] {processor.py:208} INFO - Processing /home/airflow/.local/lib/python3.11/site-packages/airflow/example_dags/example_setup_teardown_taskflow.py took 0.112 seconds
[2025-12-24T09:04:42.313+0000] {processor.py:186} INFO - Started process (PID=336) to work on /home/airflow/.local/lib/python3.11/site-packages/airflow/example_dags/example_setup_teardown_taskflow.py
[2025-12-24T09:04:42.315+0000] {processor.py:914} INFO - Processing file /home/airflow/.local/lib/python3.11/site-packages/airflow/example_dags/example_setup_teardown_taskflow.py for tasks to queue
[2025-12-24T09:04:42.318+0000] {logging_mixin.py:190} INFO - [2025-12-24T09:04:42.318+0000] {dagbag.py:588} INFO - Filling up the DagBag from /home/airflow/.local/lib/python3.11/site-packages/airflow/example_dags/example_setup_teardown_taskflow.py
[2025-12-24T09:04:42.334+0000] {processor.py:925} INFO - DAG(s) 'example_setup_teardown_taskflow' retrieved from /home/airflow/.local/lib/python3.11/site-packages/airflow/example_dags/example_setup_teardown_taskflow.py
[2025-12-24T09:04:42.365+0000] {logging_mixin.py:190} INFO - [2025-12-24T09:04:42.364+0000] {dag.py:3239} INFO - Sync 1 DAGs
[2025-12-24T09:04:42.381+0000] {logging_mixin.py:190} INFO - [2025-12-24T09:04:42.381+0000] {dag.py:4180} INFO - Setting next_dagrun for example_setup_teardown_taskflow to None, run_after=None
[2025-12-24T09:04:42.405+0000] {processor.py:208} INFO - Processing /home/airflow/.local/lib/python3.11/site-packages/airflow/example_dags/example_setup_teardown_taskflow.py took 0.102 seconds
[2025-12-24T09:04:51.810+0000] {processor.py:186} INFO - Started process (PID=401) to work on /home/airflow/.local/lib/python3.11/site-packages/airflow/example_dags/example_setup_teardown_taskflow.py
[2025-12-24T09:04:51.812+0000] {processor.py:914} INFO - Processing file /home/airflow/.local/lib/python3.11/site-packages/airflow/example_dags/example_setup_teardown_taskflow.py for tasks to queue
[2025-12-24T09:04:51.815+0000] {logging_mixin.py:190} INFO - [2025-12-24T09:04:51.815+0000] {dagbag.py:588} INFO - Filling up the DagBag from /home/airflow/.local/lib/python3.11/site-packages/airflow/example_dags/example_setup_teardown_taskflow.py
[2025-12-24T09:04:51.829+0000] {processor.py:925} INFO - DAG(s) 'example_setup_teardown_taskflow' retrieved from /home/airflow/.local/lib/python3.11/site-packages/airflow/example_dags/example_setup_teardown_taskflow.py
[2025-12-24T09:04:51.861+0000] {logging_mixin.py:190} INFO - [2025-12-24T09:04:51.861+0000] {dag.py:3239} INFO - Sync 1 DAGs
[2025-12-24T09:04:51.879+0000] {logging_mixin.py:190} INFO - [2025-12-24T09:04:51.879+0000] {dag.py:4180} INFO - Setting next_dagrun for example_setup_teardown_taskflow to None, run_after=None
[2025-12-24T09:04:51.903+0000] {processor.py:208} INFO - Processing /home/airflow/.local/lib/python3.11/site-packages/airflow/example_dags/example_setup_teardown_taskflow.py took 0.102 seconds
[2025-12-24T09:05:22.350+0000] {processor.py:186} INFO - Started process (PID=466) to work on /home/airflow/.local/lib/python3.11/site-packages/airflow/example_dags/example_setup_teardown_taskflow.py
[2025-12-24T09:05:22.352+0000] {processor.py:914} INFO - Processing file /home/airflow/.local/lib/python3.11/site-packages/airflow/example_dags/example_setup_teardown_taskflow.py for tasks to queue
[2025-12-24T09:05:22.356+0000] {logging_mixin.py:190} INFO - [2025-12-24T09:05:22.356+0000] {dagbag.py:588} INFO - Filling up the DagBag from /home/airflow/.local/lib/python3.11/site-packages/airflow/example_dags/example_setup_teardown_taskflow.py
[2025-12-24T09:05:22.375+0000] {processor.py:925} INFO - DAG(s) 'example_setup_teardown_taskflow' retrieved from /home/airflow/.local/lib/python3.11/site-packages/airflow/example_dags/example_setup_teardown_taskflow.py
[2025-12-24T09:05:22.417+0000] {logging_mixin.py:190} INFO - [2025-12-24T09:05:22.416+0000] {dag.py:3239} INFO - Sync 1 DAGs
[2025-12-24T09:05:22.441+0000] {logging_mixin.py:190} INFO - [2025-12-24T09:05:22.441+0000] {dag.py:4180} INFO - Setting next_dagrun for example_setup_teardown_taskflow to None, run_after=None
[2025-12-24T09:05:22.473+0000] {processor.py:208} INFO - Processing /home/airflow/.local/lib/python3.11/site-packages/airflow/example_dags/example_setup_teardown_taskflow.py took 0.136 seconds
[2025-12-24T09:05:26.557+0000] {processor.py:186} INFO - Started process (PID=502) to work on /home/airflow/.local/lib/python3.11/site-packages/airflow/example_dags/example_setup_teardown_taskflow.py
[2025-12-24T09:05:26.558+0000] {processor.py:914} INFO - Processing file /home/airflow/.local/lib/python3.11/site-packages/airflow/example_dags/example_setup_teardown_taskflow.py for tasks to queue
[2025-12-24T09:05:26.561+0000] {logging_mixin.py:190} INFO - [2025-12-24T09:05:26.561+0000] {dagbag.py:588} INFO - Filling up the DagBag from /home/airflow/.local/lib/python3.11/site-packages/airflow/example_dags/example_setup_teardown_taskflow.py
[2025-12-24T09:05:26.580+0000] {processor.py:925} INFO - DAG(s) 'example_setup_teardown_taskflow' retrieved from /home/airflow/.local/lib/python3.11/site-packages/airflow/example_dags/example_setup_teardown_taskflow.py
[2025-12-24T09:05:26.617+0000] {logging_mixin.py:190} INFO - [2025-12-24T09:05:26.616+0000] {dag.py:3239} INFO - Sync 1 DAGs
[2025-12-24T09:05:26.636+0000] {logging_mixin.py:190} INFO - [2025-12-24T09:05:26.636+0000] {dag.py:4180} INFO - Setting next_dagrun for example_setup_teardown_taskflow to None, run_after=None
[2025-12-24T09:05:26.662+0000] {processor.py:208} INFO - Processing /home/airflow/.local/lib/python3.11/site-packages/airflow/example_dags/example_setup_teardown_taskflow.py took 0.114 seconds
[2025-12-24T09:05:37.116+0000] {processor.py:186} INFO - Started process (PID=557) to work on /home/airflow/.local/lib/python3.11/site-packages/airflow/example_dags/example_setup_teardown_taskflow.py
[2025-12-24T09:05:37.118+0000] {processor.py:914} INFO - Processing file /home/airflow/.local/lib/python3.11/site-packages/airflow/example_dags/example_setup_teardown_taskflow.py for tasks to queue
[2025-12-24T09:05:37.121+0000] {logging_mixin.py:190} INFO - [2025-12-24T09:05:37.121+0000] {dagbag.py:588} INFO - Filling up the DagBag from /home/airflow/.local/lib/python3.11/site-packages/airflow/example_dags/example_setup_teardown_taskflow.py
[2025-12-24T09:05:37.137+0000] {processor.py:925} INFO - DAG(s) 'example_setup_teardown_taskflow' retrieved from /home/airflow/.local/lib/python3.11/site-packages/airflow/example_dags/example_setup_teardown_taskflow.py
[2025-12-24T09:05:37.168+0000] {logging_mixin.py:190} INFO - [2025-12-24T09:05:37.167+0000] {dag.py:3239} INFO - Sync 1 DAGs
[2025-12-24T09:05:37.193+0000] {logging_mixin.py:190} INFO - [2025-12-24T09:05:37.193+0000] {dag.py:4180} INFO - Setting next_dagrun for example_setup_teardown_taskflow to None, run_after=None
[2025-12-24T09:05:37.221+0000] {processor.py:208} INFO - Processing /home/airflow/.local/lib/python3.11/site-packages/airflow/example_dags/example_setup_teardown_taskflow.py took 0.114 seconds
[2025-12-24T09:06:39.893+0000] {processor.py:186} INFO - Started process (PID=619) to work on /home/airflow/.local/lib/python3.11/site-packages/airflow/example_dags/example_setup_teardown_taskflow.py
[2025-12-24T09:06:39.895+0000] {processor.py:914} INFO - Processing file /home/airflow/.local/lib/python3.11/site-packages/airflow/example_dags/example_setup_teardown_taskflow.py for tasks to queue
[2025-12-24T09:06:39.900+0000] {logging_mixin.py:190} INFO - [2025-12-24T09:06:39.899+0000] {dagbag.py:588} INFO - Filling up the DagBag from /home/airflow/.local/lib/python3.11/site-packages/airflow/example_dags/example_setup_teardown_taskflow.py
[2025-12-24T09:06:39.919+0000] {processor.py:925} INFO - DAG(s) 'example_setup_teardown_taskflow' retrieved from /home/airflow/.local/lib/python3.11/site-packages/airflow/example_dags/example_setup_teardown_taskflow.py
[2025-12-24T09:06:39.954+0000] {logging_mixin.py:190} INFO - [2025-12-24T09:06:39.953+0000] {dag.py:3239} INFO - Sync 1 DAGs
[2025-12-24T09:06:39.972+0000] {logging_mixin.py:190} INFO - [2025-12-24T09:06:39.972+0000] {dag.py:4180} INFO - Setting next_dagrun for example_setup_teardown_taskflow to None, run_after=None
[2025-12-24T09:06:40.007+0000] {processor.py:208} INFO - Processing /home/airflow/.local/lib/python3.11/site-packages/airflow/example_dags/example_setup_teardown_taskflow.py took 0.123 seconds
[2025-12-24T09:06:42.451+0000] {processor.py:186} INFO - Started process (PID=685) to work on /home/airflow/.local/lib/python3.11/site-packages/airflow/example_dags/example_setup_teardown_taskflow.py
[2025-12-24T09:06:42.453+0000] {processor.py:914} INFO - Processing file /home/airflow/.local/lib/python3.11/site-packages/airflow/example_dags/example_setup_teardown_taskflow.py for tasks to queue
[2025-12-24T09:06:42.457+0000] {logging_mixin.py:190} INFO - [2025-12-24T09:06:42.456+0000] {dagbag.py:588} INFO - Filling up the DagBag from /home/airflow/.local/lib/python3.11/site-packages/airflow/example_dags/example_setup_teardown_taskflow.py
[2025-12-24T09:06:42.479+0000] {processor.py:925} INFO - DAG(s) 'example_setup_teardown_taskflow' retrieved from /home/airflow/.local/lib/python3.11/site-packages/airflow/example_dags/example_setup_teardown_taskflow.py
[2025-12-24T09:06:42.530+0000] {logging_mixin.py:190} INFO - [2025-12-24T09:06:42.530+0000] {dag.py:3239} INFO - Sync 1 DAGs
[2025-12-24T09:06:42.556+0000] {logging_mixin.py:190} INFO - [2025-12-24T09:06:42.556+0000] {dag.py:4180} INFO - Setting next_dagrun for example_setup_teardown_taskflow to None, run_after=None
[2025-12-24T09:06:42.586+0000] {processor.py:208} INFO - Processing /home/airflow/.local/lib/python3.11/site-packages/airflow/example_dags/example_setup_teardown_taskflow.py took 0.148 seconds
[2025-12-24T09:07:12.024+0000] {processor.py:186} INFO - Started process (PID=751) to work on /home/airflow/.local/lib/python3.11/site-packages/airflow/example_dags/example_setup_teardown_taskflow.py
[2025-12-24T09:07:12.026+0000] {processor.py:914} INFO - Processing file /home/airflow/.local/lib/python3.11/site-packages/airflow/example_dags/example_setup_teardown_taskflow.py for tasks to queue
[2025-12-24T09:07:12.031+0000] {logging_mixin.py:190} INFO - [2025-12-24T09:07:12.030+0000] {dagbag.py:588} INFO - Filling up the DagBag from /home/airflow/.local/lib/python3.11/site-packages/airflow/example_dags/example_setup_teardown_taskflow.py
[2025-12-24T09:07:12.050+0000] {processor.py:925} INFO - DAG(s) 'example_setup_teardown_taskflow' retrieved from /home/airflow/.local/lib/python3.11/site-packages/airflow/example_dags/example_setup_teardown_taskflow.py
[2025-12-24T09:07:12.088+0000] {logging_mixin.py:190} INFO - [2025-12-24T09:07:12.087+0000] {dag.py:3239} INFO - Sync 1 DAGs
[2025-12-24T09:07:12.111+0000] {logging_mixin.py:190} INFO - [2025-12-24T09:07:12.111+0000] {dag.py:4180} INFO - Setting next_dagrun for example_setup_teardown_taskflow to None, run_after=None
[2025-12-24T09:07:12.138+0000] {processor.py:208} INFO - Processing /home/airflow/.local/lib/python3.11/site-packages/airflow/example_dags/example_setup_teardown_taskflow.py took 0.125 seconds
[2025-12-24T09:07:21.599+0000] {processor.py:186} INFO - Started process (PID=813) to work on /home/airflow/.local/lib/python3.11/site-packages/airflow/example_dags/example_setup_teardown_taskflow.py
[2025-12-24T09:07:21.600+0000] {processor.py:914} INFO - Processing file /home/airflow/.local/lib/python3.11/site-packages/airflow/example_dags/example_setup_teardown_taskflow.py for tasks to queue
[2025-12-24T09:07:21.604+0000] {logging_mixin.py:190} INFO - [2025-12-24T09:07:21.604+0000] {dagbag.py:588} INFO - Filling up the DagBag from /home/airflow/.local/lib/python3.11/site-packages/airflow/example_dags/example_setup_teardown_taskflow.py
[2025-12-24T09:07:21.628+0000] {processor.py:925} INFO - DAG(s) 'example_setup_teardown_taskflow' retrieved from /home/airflow/.local/lib/python3.11/site-packages/airflow/example_dags/example_setup_teardown_taskflow.py
[2025-12-24T09:07:21.664+0000] {logging_mixin.py:190} INFO - [2025-12-24T09:07:21.663+0000] {dag.py:3239} INFO - Sync 1 DAGs
[2025-12-24T09:07:21.682+0000] {logging_mixin.py:190} INFO - [2025-12-24T09:07:21.681+0000] {dag.py:4180} INFO - Setting next_dagrun for example_setup_teardown_taskflow to None, run_after=None
[2025-12-24T09:07:21.705+0000] {processor.py:208} INFO - Processing /home/airflow/.local/lib/python3.11/site-packages/airflow/example_dags/example_setup_teardown_taskflow.py took 0.116 seconds
[2025-12-24T09:07:31.809+0000] {processor.py:186} INFO - Started process (PID=870) to work on /home/airflow/.local/lib/python3.11/site-packages/airflow/example_dags/example_setup_teardown_taskflow.py
[2025-12-24T09:07:31.810+0000] {processor.py:914} INFO - Processing file /home/airflow/.local/lib/python3.11/site-packages/airflow/example_dags/example_setup_teardown_taskflow.py for tasks to queue
[2025-12-24T09:07:31.814+0000] {logging_mixin.py:190} INFO - [2025-12-24T09:07:31.814+0000] {dagbag.py:588} INFO - Filling up the DagBag from /home/airflow/.local/lib/python3.11/site-packages/airflow/example_dags/example_setup_teardown_taskflow.py
[2025-12-24T09:07:31.830+0000] {processor.py:925} INFO - DAG(s) 'example_setup_teardown_taskflow' retrieved from /home/airflow/.local/lib/python3.11/site-packages/airflow/example_dags/example_setup_teardown_taskflow.py
[2025-12-24T09:07:31.864+0000] {logging_mixin.py:190} INFO - [2025-12-24T09:07:31.863+0000] {dag.py:3239} INFO - Sync 1 DAGs
[2025-12-24T09:07:31.883+0000] {logging_mixin.py:190} INFO - [2025-12-24T09:07:31.882+0000] {dag.py:4180} INFO - Setting next_dagrun for example_setup_teardown_taskflow to None, run_after=None
[2025-12-24T09:07:31.910+0000] {processor.py:208} INFO - Processing /home/airflow/.local/lib/python3.11/site-packages/airflow/example_dags/example_setup_teardown_taskflow.py took 0.111 seconds
[2025-12-24T09:07:41.763+0000] {processor.py:186} INFO - Started process (PID=926) to work on /home/airflow/.local/lib/python3.11/site-packages/airflow/example_dags/example_setup_teardown_taskflow.py
[2025-12-24T09:07:41.775+0000] {processor.py:914} INFO - Processing file /home/airflow/.local/lib/python3.11/site-packages/airflow/example_dags/example_setup_teardown_taskflow.py for tasks to queue
[2025-12-24T09:07:41.781+0000] {logging_mixin.py:190} INFO - [2025-12-24T09:07:41.780+0000] {dagbag.py:588} INFO - Filling up the DagBag from /home/airflow/.local/lib/python3.11/site-packages/airflow/example_dags/example_setup_teardown_taskflow.py
[2025-12-24T09:07:41.800+0000] {processor.py:925} INFO - DAG(s) 'example_setup_teardown_taskflow' retrieved from /home/airflow/.local/lib/python3.11/site-packages/airflow/example_dags/example_setup_teardown_taskflow.py
[2025-12-24T09:07:41.845+0000] {logging_mixin.py:190} INFO - [2025-12-24T09:07:41.844+0000] {dag.py:3239} INFO - Sync 1 DAGs
[2025-12-24T09:07:41.870+0000] {logging_mixin.py:190} INFO - [2025-12-24T09:07:41.870+0000] {dag.py:4180} INFO - Setting next_dagrun for example_setup_teardown_taskflow to None, run_after=None
[2025-12-24T09:07:41.902+0000] {processor.py:208} INFO - Processing /home/airflow/.local/lib/python3.11/site-packages/airflow/example_dags/example_setup_teardown_taskflow.py took 0.164 seconds
[2025-12-24T09:08:39.297+0000] {processor.py:186} INFO - Started process (PID=987) to work on /home/airflow/.local/lib/python3.11/site-packages/airflow/example_dags/example_setup_teardown_taskflow.py
[2025-12-24T09:08:39.299+0000] {processor.py:914} INFO - Processing file /home/airflow/.local/lib/python3.11/site-packages/airflow/example_dags/example_setup_teardown_taskflow.py for tasks to queue
[2025-12-24T09:08:39.304+0000] {logging_mixin.py:190} INFO - [2025-12-24T09:08:39.303+0000] {dagbag.py:588} INFO - Filling up the DagBag from /home/airflow/.local/lib/python3.11/site-packages/airflow/example_dags/example_setup_teardown_taskflow.py
[2025-12-24T09:08:39.319+0000] {processor.py:925} INFO - DAG(s) 'example_setup_teardown_taskflow' retrieved from /home/airflow/.local/lib/python3.11/site-packages/airflow/example_dags/example_setup_teardown_taskflow.py
[2025-12-24T09:08:39.359+0000] {logging_mixin.py:190} INFO - [2025-12-24T09:08:39.358+0000] {dag.py:3239} INFO - Sync 1 DAGs
[2025-12-24T09:08:39.383+0000] {logging_mixin.py:190} INFO - [2025-12-24T09:08:39.382+0000] {dag.py:4180} INFO - Setting next_dagrun for example_setup_teardown_taskflow to None, run_after=None
[2025-12-24T09:08:39.422+0000] {processor.py:208} INFO - Processing /home/airflow/.local/lib/python3.11/site-packages/airflow/example_dags/example_setup_teardown_taskflow.py took 0.135 seconds
[2025-12-24T09:09:19.266+0000] {processor.py:186} INFO - Started process (PID=1054) to work on /home/airflow/.local/lib/python3.11/site-packages/airflow/example_dags/example_setup_teardown_taskflow.py
[2025-12-24T09:09:19.268+0000] {processor.py:914} INFO - Processing file /home/airflow/.local/lib/python3.11/site-packages/airflow/example_dags/example_setup_teardown_taskflow.py for tasks to queue
[2025-12-24T09:09:19.271+0000] {logging_mixin.py:190} INFO - [2025-12-24T09:09:19.271+0000] {dagbag.py:588} INFO - Filling up the DagBag from /home/airflow/.local/lib/python3.11/site-packages/airflow/example_dags/example_setup_teardown_taskflow.py
[2025-12-24T09:09:19.285+0000] {processor.py:925} INFO - DAG(s) 'example_setup_teardown_taskflow' retrieved from /home/airflow/.local/lib/python3.11/site-packages/airflow/example_dags/example_setup_teardown_taskflow.py
[2025-12-24T09:09:19.330+0000] {logging_mixin.py:190} INFO - [2025-12-24T09:09:19.329+0000] {dag.py:3239} INFO - Sync 1 DAGs
[2025-12-24T09:09:19.348+0000] {logging_mixin.py:190} INFO - [2025-12-24T09:09:19.348+0000] {dag.py:4180} INFO - Setting next_dagrun for example_setup_teardown_taskflow to None, run_after=None
[2025-12-24T09:09:19.373+0000] {processor.py:208} INFO - Processing /home/airflow/.local/lib/python3.11/site-packages/airflow/example_dags/example_setup_teardown_taskflow.py took 0.115 seconds
[2025-12-24T09:09:16.964+0000] {processor.py:186} INFO - Started process (PID=1134) to work on /home/airflow/.local/lib/python3.11/site-packages/airflow/example_dags/example_setup_teardown_taskflow.py
[2025-12-24T09:09:16.966+0000] {processor.py:914} INFO - Processing file /home/airflow/.local/lib/python3.11/site-packages/airflow/example_dags/example_setup_teardown_taskflow.py for tasks to queue
[2025-12-24T09:09:16.970+0000] {logging_mixin.py:190} INFO - [2025-12-24T09:09:16.970+0000] {dagbag.py:588} INFO - Filling up the DagBag from /home/airflow/.local/lib/python3.11/site-packages/airflow/example_dags/example_setup_teardown_taskflow.py
[2025-12-24T09:09:17.004+0000] {processor.py:925} INFO - DAG(s) 'example_setup_teardown_taskflow' retrieved from /home/airflow/.local/lib/python3.11/site-packages/airflow/example_dags/example_setup_teardown_taskflow.py
[2025-12-24T09:09:17.044+0000] {logging_mixin.py:190} INFO - [2025-12-24T09:09:17.043+0000] {dag.py:3239} INFO - Sync 1 DAGs
[2025-12-24T09:09:17.067+0000] {logging_mixin.py:190} INFO - [2025-12-24T09:09:17.067+0000] {dag.py:4180} INFO - Setting next_dagrun for example_setup_teardown_taskflow to None, run_after=None
[2025-12-24T09:09:17.099+0000] {processor.py:208} INFO - Processing /home/airflow/.local/lib/python3.11/site-packages/airflow/example_dags/example_setup_teardown_taskflow.py took 0.145 seconds
[2025-12-24T09:10:24.538+0000] {processor.py:186} INFO - Started process (PID=1194) to work on /home/airflow/.local/lib/python3.11/site-packages/airflow/example_dags/example_setup_teardown_taskflow.py
[2025-12-24T09:10:24.539+0000] {processor.py:914} INFO - Processing file /home/airflow/.local/lib/python3.11/site-packages/airflow/example_dags/example_setup_teardown_taskflow.py for tasks to queue
[2025-12-24T09:10:24.543+0000] {logging_mixin.py:190} INFO - [2025-12-24T09:10:24.542+0000] {dagbag.py:588} INFO - Filling up the DagBag from /home/airflow/.local/lib/python3.11/site-packages/airflow/example_dags/example_setup_teardown_taskflow.py
[2025-12-24T09:10:24.558+0000] {processor.py:925} INFO - DAG(s) 'example_setup_teardown_taskflow' retrieved from /home/airflow/.local/lib/python3.11/site-packages/airflow/example_dags/example_setup_teardown_taskflow.py
[2025-12-24T09:10:24.590+0000] {logging_mixin.py:190} INFO - [2025-12-24T09:10:24.589+0000] {dag.py:3239} INFO - Sync 1 DAGs
[2025-12-24T09:10:24.607+0000] {logging_mixin.py:190} INFO - [2025-12-24T09:10:24.607+0000] {dag.py:4180} INFO - Setting next_dagrun for example_setup_teardown_taskflow to None, run_after=None
[2025-12-24T09:10:24.630+0000] {processor.py:208} INFO - Processing /home/airflow/.local/lib/python3.11/site-packages/airflow/example_dags/example_setup_teardown_taskflow.py took 0.102 seconds
[2025-12-24T09:10:17.269+0000] {processor.py:186} INFO - Started process (PID=1266) to work on /home/airflow/.local/lib/python3.11/site-packages/airflow/example_dags/example_setup_teardown_taskflow.py
[2025-12-24T09:10:17.271+0000] {processor.py:914} INFO - Processing file /home/airflow/.local/lib/python3.11/site-packages/airflow/example_dags/example_setup_teardown_taskflow.py for tasks to queue
[2025-12-24T09:10:17.275+0000] {logging_mixin.py:190} INFO - [2025-12-24T09:10:17.275+0000] {dagbag.py:588} INFO - Filling up the DagBag from /home/airflow/.local/lib/python3.11/site-packages/airflow/example_dags/example_setup_teardown_taskflow.py
[2025-12-24T09:10:17.295+0000] {processor.py:925} INFO - DAG(s) 'example_setup_teardown_taskflow' retrieved from /home/airflow/.local/lib/python3.11/site-packages/airflow/example_dags/example_setup_teardown_taskflow.py
[2025-12-24T09:10:17.336+0000] {logging_mixin.py:190} INFO - [2025-12-24T09:10:17.335+0000] {dag.py:3239} INFO - Sync 1 DAGs
[2025-12-24T09:10:17.359+0000] {logging_mixin.py:190} INFO - [2025-12-24T09:10:17.359+0000] {dag.py:4180} INFO - Setting next_dagrun for example_setup_teardown_taskflow to None, run_after=None
[2025-12-24T09:10:17.391+0000] {processor.py:208} INFO - Processing /home/airflow/.local/lib/python3.11/site-packages/airflow/example_dags/example_setup_teardown_taskflow.py took 0.136 seconds
[2025-12-24T09:10:47.163+0000] {processor.py:186} INFO - Started process (PID=1315) to work on /home/airflow/.local/lib/python3.11/site-packages/airflow/example_dags/example_setup_teardown_taskflow.py
[2025-12-24T09:10:47.164+0000] {processor.py:914} INFO - Processing file /home/airflow/.local/lib/python3.11/site-packages/airflow/example_dags/example_setup_teardown_taskflow.py for tasks to queue
[2025-12-24T09:10:47.168+0000] {logging_mixin.py:190} INFO - [2025-12-24T09:10:47.167+0000] {dagbag.py:588} INFO - Filling up the DagBag from /home/airflow/.local/lib/python3.11/site-packages/airflow/example_dags/example_setup_teardown_taskflow.py
[2025-12-24T09:10:47.185+0000] {processor.py:925} INFO - DAG(s) 'example_setup_teardown_taskflow' retrieved from /home/airflow/.local/lib/python3.11/site-packages/airflow/example_dags/example_setup_teardown_taskflow.py
[2025-12-24T09:10:47.220+0000] {logging_mixin.py:190} INFO - [2025-12-24T09:10:47.219+0000] {dag.py:3239} INFO - Sync 1 DAGs
[2025-12-24T09:10:47.238+0000] {logging_mixin.py:190} INFO - [2025-12-24T09:10:47.238+0000] {dag.py:4180} INFO - Setting next_dagrun for example_setup_teardown_taskflow to None, run_after=None
[2025-12-24T09:10:47.282+0000] {processor.py:208} INFO - Processing /home/airflow/.local/lib/python3.11/site-packages/airflow/example_dags/example_setup_teardown_taskflow.py took 0.129 seconds
[2025-12-24T09:10:57.028+0000] {processor.py:186} INFO - Started process (PID=1372) to work on /home/airflow/.local/lib/python3.11/site-packages/airflow/example_dags/example_setup_teardown_taskflow.py
[2025-12-24T09:10:57.029+0000] {processor.py:914} INFO - Processing file /home/airflow/.local/lib/python3.11/site-packages/airflow/example_dags/example_setup_teardown_taskflow.py for tasks to queue
[2025-12-24T09:10:57.033+0000] {logging_mixin.py:190} INFO - [2025-12-24T09:10:57.033+0000] {dagbag.py:588} INFO - Filling up the DagBag from /home/airflow/.local/lib/python3.11/site-packages/airflow/example_dags/example_setup_teardown_taskflow.py
[2025-12-24T09:10:57.049+0000] {processor.py:925} INFO - DAG(s) 'example_setup_teardown_taskflow' retrieved from /home/airflow/.local/lib/python3.11/site-packages/airflow/example_dags/example_setup_teardown_taskflow.py
[2025-12-24T09:10:57.083+0000] {logging_mixin.py:190} INFO - [2025-12-24T09:10:57.082+0000] {dag.py:3239} INFO - Sync 1 DAGs
[2025-12-24T09:10:57.104+0000] {logging_mixin.py:190} INFO - [2025-12-24T09:10:57.104+0000] {dag.py:4180} INFO - Setting next_dagrun for example_setup_teardown_taskflow to None, run_after=None
[2025-12-24T09:10:57.132+0000] {processor.py:208} INFO - Processing /home/airflow/.local/lib/python3.11/site-packages/airflow/example_dags/example_setup_teardown_taskflow.py took 0.115 seconds
[2025-12-24T09:11:27.999+0000] {processor.py:186} INFO - Started process (PID=1435) to work on /home/airflow/.local/lib/python3.11/site-packages/airflow/example_dags/example_setup_teardown_taskflow.py
[2025-12-24T09:11:28.000+0000] {processor.py:914} INFO - Processing file /home/airflow/.local/lib/python3.11/site-packages/airflow/example_dags/example_setup_teardown_taskflow.py for tasks to queue
[2025-12-24T09:11:28.005+0000] {logging_mixin.py:190} INFO - [2025-12-24T09:11:28.004+0000] {dagbag.py:588} INFO - Filling up the DagBag from /home/airflow/.local/lib/python3.11/site-packages/airflow/example_dags/example_setup_teardown_taskflow.py
[2025-12-24T09:11:28.022+0000] {processor.py:925} INFO - DAG(s) 'example_setup_teardown_taskflow' retrieved from /home/airflow/.local/lib/python3.11/site-packages/airflow/example_dags/example_setup_teardown_taskflow.py
[2025-12-24T09:11:28.058+0000] {logging_mixin.py:190} INFO - [2025-12-24T09:11:28.058+0000] {dag.py:3239} INFO - Sync 1 DAGs
[2025-12-24T09:11:28.077+0000] {logging_mixin.py:190} INFO - [2025-12-24T09:11:28.077+0000] {dag.py:4180} INFO - Setting next_dagrun for example_setup_teardown_taskflow to None, run_after=None
[2025-12-24T09:11:28.106+0000] {processor.py:208} INFO - Processing /home/airflow/.local/lib/python3.11/site-packages/airflow/example_dags/example_setup_teardown_taskflow.py took 0.117 seconds
[2025-12-24T09:12:30.220+0000] {processor.py:186} INFO - Started process (PID=1498) to work on /home/airflow/.local/lib/python3.11/site-packages/airflow/example_dags/example_setup_teardown_taskflow.py
[2025-12-24T09:12:30.222+0000] {processor.py:914} INFO - Processing file /home/airflow/.local/lib/python3.11/site-packages/airflow/example_dags/example_setup_teardown_taskflow.py for tasks to queue
[2025-12-24T09:12:30.227+0000] {logging_mixin.py:190} INFO - [2025-12-24T09:12:30.226+0000] {dagbag.py:588} INFO - Filling up the DagBag from /home/airflow/.local/lib/python3.11/site-packages/airflow/example_dags/example_setup_teardown_taskflow.py
[2025-12-24T09:12:30.246+0000] {processor.py:925} INFO - DAG(s) 'example_setup_teardown_taskflow' retrieved from /home/airflow/.local/lib/python3.11/site-packages/airflow/example_dags/example_setup_teardown_taskflow.py
[2025-12-24T09:12:30.284+0000] {logging_mixin.py:190} INFO - [2025-12-24T09:12:30.283+0000] {dag.py:3239} INFO - Sync 1 DAGs
[2025-12-24T09:12:30.303+0000] {logging_mixin.py:190} INFO - [2025-12-24T09:12:30.302+0000] {dag.py:4180} INFO - Setting next_dagrun for example_setup_teardown_taskflow to None, run_after=None
[2025-12-24T09:12:30.333+0000] {processor.py:208} INFO - Processing /home/airflow/.local/lib/python3.11/site-packages/airflow/example_dags/example_setup_teardown_taskflow.py took 0.124 seconds
[2025-12-24T09:12:42.273+0000] {processor.py:186} INFO - Started process (PID=1562) to work on /home/airflow/.local/lib/python3.11/site-packages/airflow/example_dags/example_setup_teardown_taskflow.py
[2025-12-24T09:12:42.275+0000] {processor.py:914} INFO - Processing file /home/airflow/.local/lib/python3.11/site-packages/airflow/example_dags/example_setup_teardown_taskflow.py for tasks to queue
[2025-12-24T09:12:42.280+0000] {logging_mixin.py:190} INFO - [2025-12-24T09:12:42.279+0000] {dagbag.py:588} INFO - Filling up the DagBag from /home/airflow/.local/lib/python3.11/site-packages/airflow/example_dags/example_setup_teardown_taskflow.py
[2025-12-24T09:12:42.297+0000] {processor.py:925} INFO - DAG(s) 'example_setup_teardown_taskflow' retrieved from /home/airflow/.local/lib/python3.11/site-packages/airflow/example_dags/example_setup_teardown_taskflow.py
[2025-12-24T09:12:42.332+0000] {logging_mixin.py:190} INFO - [2025-12-24T09:12:42.331+0000] {dag.py:3239} INFO - Sync 1 DAGs
[2025-12-24T09:12:42.349+0000] {logging_mixin.py:190} INFO - [2025-12-24T09:12:42.349+0000] {dag.py:4180} INFO - Setting next_dagrun for example_setup_teardown_taskflow to None, run_after=None
[2025-12-24T09:12:42.376+0000] {processor.py:208} INFO - Processing /home/airflow/.local/lib/python3.11/site-packages/airflow/example_dags/example_setup_teardown_taskflow.py took 0.116 seconds
[2025-12-24T09:13:31.036+0000] {processor.py:186} INFO - Started process (PID=1629) to work on /home/airflow/.local/lib/python3.11/site-packages/airflow/example_dags/example_setup_teardown_taskflow.py
[2025-12-24T09:13:31.038+0000] {processor.py:914} INFO - Processing file /home/airflow/.local/lib/python3.11/site-packages/airflow/example_dags/example_setup_teardown_taskflow.py for tasks to queue
[2025-12-24T09:13:31.044+0000] {logging_mixin.py:190} INFO - [2025-12-24T09:13:31.043+0000] {dagbag.py:588} INFO - Filling up the DagBag from /home/airflow/.local/lib/python3.11/site-packages/airflow/example_dags/example_setup_teardown_taskflow.py
[2025-12-24T09:13:31.062+0000] {processor.py:925} INFO - DAG(s) 'example_setup_teardown_taskflow' retrieved from /home/airflow/.local/lib/python3.11/site-packages/airflow/example_dags/example_setup_teardown_taskflow.py
[2025-12-24T09:13:31.097+0000] {logging_mixin.py:190} INFO - [2025-12-24T09:13:31.096+0000] {dag.py:3239} INFO - Sync 1 DAGs
[2025-12-24T09:13:31.122+0000] {logging_mixin.py:190} INFO - [2025-12-24T09:13:31.122+0000] {dag.py:4180} INFO - Setting next_dagrun for example_setup_teardown_taskflow to None, run_after=None
[2025-12-24T09:13:31.156+0000] {processor.py:208} INFO - Processing /home/airflow/.local/lib/python3.11/site-packages/airflow/example_dags/example_setup_teardown_taskflow.py took 0.130 seconds
[2025-12-24T09:14:24.622+0000] {processor.py:186} INFO - Started process (PID=1679) to work on /home/airflow/.local/lib/python3.11/site-packages/airflow/example_dags/example_setup_teardown_taskflow.py
[2025-12-24T09:14:24.623+0000] {processor.py:914} INFO - Processing file /home/airflow/.local/lib/python3.11/site-packages/airflow/example_dags/example_setup_teardown_taskflow.py for tasks to queue
[2025-12-24T09:14:24.631+0000] {logging_mixin.py:190} INFO - [2025-12-24T09:14:24.631+0000] {dagbag.py:588} INFO - Filling up the DagBag from /home/airflow/.local/lib/python3.11/site-packages/airflow/example_dags/example_setup_teardown_taskflow.py
[2025-12-24T09:14:24.648+0000] {processor.py:925} INFO - DAG(s) 'example_setup_teardown_taskflow' retrieved from /home/airflow/.local/lib/python3.11/site-packages/airflow/example_dags/example_setup_teardown_taskflow.py
[2025-12-24T09:14:24.681+0000] {logging_mixin.py:190} INFO - [2025-12-24T09:14:24.680+0000] {dag.py:3239} INFO - Sync 1 DAGs
[2025-12-24T09:14:24.704+0000] {logging_mixin.py:190} INFO - [2025-12-24T09:14:24.704+0000] {dag.py:4180} INFO - Setting next_dagrun for example_setup_teardown_taskflow to None, run_after=None
[2025-12-24T09:14:24.733+0000] {processor.py:208} INFO - Processing /home/airflow/.local/lib/python3.11/site-packages/airflow/example_dags/example_setup_teardown_taskflow.py took 0.120 seconds
[2025-12-24T09:14:37.334+0000] {processor.py:186} INFO - Started process (PID=1751) to work on /home/airflow/.local/lib/python3.11/site-packages/airflow/example_dags/example_setup_teardown_taskflow.py
[2025-12-24T09:14:37.336+0000] {processor.py:914} INFO - Processing file /home/airflow/.local/lib/python3.11/site-packages/airflow/example_dags/example_setup_teardown_taskflow.py for tasks to queue
[2025-12-24T09:14:37.342+0000] {logging_mixin.py:190} INFO - [2025-12-24T09:14:37.342+0000] {dagbag.py:588} INFO - Filling up the DagBag from /home/airflow/.local/lib/python3.11/site-packages/airflow/example_dags/example_setup_teardown_taskflow.py
[2025-12-24T09:14:37.361+0000] {processor.py:925} INFO - DAG(s) 'example_setup_teardown_taskflow' retrieved from /home/airflow/.local/lib/python3.11/site-packages/airflow/example_dags/example_setup_teardown_taskflow.py
[2025-12-24T09:14:37.404+0000] {logging_mixin.py:190} INFO - [2025-12-24T09:14:37.403+0000] {dag.py:3239} INFO - Sync 1 DAGs
[2025-12-24T09:14:37.428+0000] {logging_mixin.py:190} INFO - [2025-12-24T09:14:37.427+0000] {dag.py:4180} INFO - Setting next_dagrun for example_setup_teardown_taskflow to None, run_after=None
[2025-12-24T09:14:37.452+0000] {processor.py:208} INFO - Processing /home/airflow/.local/lib/python3.11/site-packages/airflow/example_dags/example_setup_teardown_taskflow.py took 0.129 seconds
[2025-12-24T09:15:08.168+0000] {processor.py:186} INFO - Started process (PID=1815) to work on /home/airflow/.local/lib/python3.11/site-packages/airflow/example_dags/example_setup_teardown_taskflow.py
[2025-12-24T09:15:08.170+0000] {processor.py:914} INFO - Processing file /home/airflow/.local/lib/python3.11/site-packages/airflow/example_dags/example_setup_teardown_taskflow.py for tasks to queue
[2025-12-24T09:15:08.174+0000] {logging_mixin.py:190} INFO - [2025-12-24T09:15:08.174+0000] {dagbag.py:588} INFO - Filling up the DagBag from /home/airflow/.local/lib/python3.11/site-packages/airflow/example_dags/example_setup_teardown_taskflow.py
[2025-12-24T09:15:08.191+0000] {processor.py:925} INFO - DAG(s) 'example_setup_teardown_taskflow' retrieved from /home/airflow/.local/lib/python3.11/site-packages/airflow/example_dags/example_setup_teardown_taskflow.py
[2025-12-24T09:15:08.228+0000] {logging_mixin.py:190} INFO - [2025-12-24T09:15:08.228+0000] {dag.py:3239} INFO - Sync 1 DAGs
[2025-12-24T09:15:08.248+0000] {logging_mixin.py:190} INFO - [2025-12-24T09:15:08.247+0000] {dag.py:4180} INFO - Setting next_dagrun for example_setup_teardown_taskflow to None, run_after=None
[2025-12-24T09:15:08.279+0000] {processor.py:208} INFO - Processing /home/airflow/.local/lib/python3.11/site-packages/airflow/example_dags/example_setup_teardown_taskflow.py took 0.123 seconds
[2025-12-24T09:15:39.077+0000] {processor.py:186} INFO - Started process (PID=1878) to work on /home/airflow/.local/lib/python3.11/site-packages/airflow/example_dags/example_setup_teardown_taskflow.py
[2025-12-24T09:15:39.079+0000] {processor.py:914} INFO - Processing file /home/airflow/.local/lib/python3.11/site-packages/airflow/example_dags/example_setup_teardown_taskflow.py for tasks to queue
[2025-12-24T09:15:39.083+0000] {logging_mixin.py:190} INFO - [2025-12-24T09:15:39.083+0000] {dagbag.py:588} INFO - Filling up the DagBag from /home/airflow/.local/lib/python3.11/site-packages/airflow/example_dags/example_setup_teardown_taskflow.py
[2025-12-24T09:15:39.105+0000] {processor.py:925} INFO - DAG(s) 'example_setup_teardown_taskflow' retrieved from /home/airflow/.local/lib/python3.11/site-packages/airflow/example_dags/example_setup_teardown_taskflow.py
[2025-12-24T09:15:39.146+0000] {logging_mixin.py:190} INFO - [2025-12-24T09:15:39.145+0000] {dag.py:3239} INFO - Sync 1 DAGs
[2025-12-24T09:15:39.169+0000] {logging_mixin.py:190} INFO - [2025-12-24T09:15:39.169+0000] {dag.py:4180} INFO - Setting next_dagrun for example_setup_teardown_taskflow to None, run_after=None
[2025-12-24T09:15:39.202+0000] {processor.py:208} INFO - Processing /home/airflow/.local/lib/python3.11/site-packages/airflow/example_dags/example_setup_teardown_taskflow.py took 0.138 seconds
[2025-12-24T09:16:40.203+0000] {processor.py:186} INFO - Started process (PID=1944) to work on /home/airflow/.local/lib/python3.11/site-packages/airflow/example_dags/example_setup_teardown_taskflow.py
[2025-12-24T09:16:40.205+0000] {processor.py:914} INFO - Processing file /home/airflow/.local/lib/python3.11/site-packages/airflow/example_dags/example_setup_teardown_taskflow.py for tasks to queue
[2025-12-24T09:16:40.209+0000] {logging_mixin.py:190} INFO - [2025-12-24T09:16:40.209+0000] {dagbag.py:588} INFO - Filling up the DagBag from /home/airflow/.local/lib/python3.11/site-packages/airflow/example_dags/example_setup_teardown_taskflow.py
[2025-12-24T09:16:40.226+0000] {processor.py:925} INFO - DAG(s) 'example_setup_teardown_taskflow' retrieved from /home/airflow/.local/lib/python3.11/site-packages/airflow/example_dags/example_setup_teardown_taskflow.py
[2025-12-24T09:16:40.258+0000] {logging_mixin.py:190} INFO - [2025-12-24T09:16:40.257+0000] {dag.py:3239} INFO - Sync 1 DAGs
[2025-12-24T09:16:40.275+0000] {logging_mixin.py:190} INFO - [2025-12-24T09:16:40.274+0000] {dag.py:4180} INFO - Setting next_dagrun for example_setup_teardown_taskflow to None, run_after=None
[2025-12-24T09:16:40.300+0000] {processor.py:208} INFO - Processing /home/airflow/.local/lib/python3.11/site-packages/airflow/example_dags/example_setup_teardown_taskflow.py took 0.106 seconds
[2025-12-24T09:24:11.234+0000] {processor.py:186} INFO - Started process (PID=84) to work on /home/airflow/.local/lib/python3.11/site-packages/airflow/example_dags/example_setup_teardown_taskflow.py
[2025-12-24T09:24:11.236+0000] {processor.py:914} INFO - Processing file /home/airflow/.local/lib/python3.11/site-packages/airflow/example_dags/example_setup_teardown_taskflow.py for tasks to queue
[2025-12-24T09:24:11.242+0000] {logging_mixin.py:190} INFO - [2025-12-24T09:24:11.241+0000] {dagbag.py:588} INFO - Filling up the DagBag from /home/airflow/.local/lib/python3.11/site-packages/airflow/example_dags/example_setup_teardown_taskflow.py
[2025-12-24T09:24:11.262+0000] {processor.py:925} INFO - DAG(s) 'example_setup_teardown_taskflow' retrieved from /home/airflow/.local/lib/python3.11/site-packages/airflow/example_dags/example_setup_teardown_taskflow.py
[2025-12-24T09:24:11.450+0000] {logging_mixin.py:190} INFO - [2025-12-24T09:24:11.449+0000] {override.py:1911} INFO - Created Permission View: can delete on DAG:example_setup_teardown_taskflow
[2025-12-24T09:24:11.470+0000] {logging_mixin.py:190} INFO - [2025-12-24T09:24:11.469+0000] {override.py:1911} INFO - Created Permission View: can read on DAG:example_setup_teardown_taskflow
[2025-12-24T09:24:11.483+0000] {logging_mixin.py:190} INFO - [2025-12-24T09:24:11.483+0000] {override.py:1911} INFO - Created Permission View: can edit on DAG:example_setup_teardown_taskflow
[2025-12-24T09:24:11.503+0000] {logging_mixin.py:190} INFO - [2025-12-24T09:24:11.503+0000] {override.py:1911} INFO - Created Permission View: menu access on DAG Run:example_setup_teardown_taskflow
[2025-12-24T09:24:11.522+0000] {logging_mixin.py:190} INFO - [2025-12-24T09:24:11.521+0000] {override.py:1911} INFO - Created Permission View: can create on DAG Run:example_setup_teardown_taskflow
[2025-12-24T09:24:11.542+0000] {logging_mixin.py:190} INFO - [2025-12-24T09:24:11.542+0000] {override.py:1911} INFO - Created Permission View: can delete on DAG Run:example_setup_teardown_taskflow
[2025-12-24T09:24:11.554+0000] {logging_mixin.py:190} INFO - [2025-12-24T09:24:11.554+0000] {override.py:1911} INFO - Created Permission View: can read on DAG Run:example_setup_teardown_taskflow
[2025-12-24T09:24:11.556+0000] {logging_mixin.py:190} INFO - [2025-12-24T09:24:11.555+0000] {dag.py:3239} INFO - Sync 1 DAGs
[2025-12-24T09:24:11.574+0000] {logging_mixin.py:190} INFO - [2025-12-24T09:24:11.574+0000] {dag.py:3262} INFO - Creating ORM DAG for example_setup_teardown_taskflow
[2025-12-24T09:24:11.575+0000] {logging_mixin.py:190} INFO - [2025-12-24T09:24:11.575+0000] {dag.py:4180} INFO - Setting next_dagrun for example_setup_teardown_taskflow to None, run_after=None
[2025-12-24T09:24:11.609+0000] {processor.py:208} INFO - Processing /home/airflow/.local/lib/python3.11/site-packages/airflow/example_dags/example_setup_teardown_taskflow.py took 0.387 seconds
[2025-12-24T09:24:03.776+0000] {processor.py:186} INFO - Started process (PID=182) to work on /home/airflow/.local/lib/python3.11/site-packages/airflow/example_dags/example_setup_teardown_taskflow.py
[2025-12-24T09:24:03.778+0000] {processor.py:914} INFO - Processing file /home/airflow/.local/lib/python3.11/site-packages/airflow/example_dags/example_setup_teardown_taskflow.py for tasks to queue
[2025-12-24T09:24:03.781+0000] {logging_mixin.py:190} INFO - [2025-12-24T09:24:03.781+0000] {dagbag.py:588} INFO - Filling up the DagBag from /home/airflow/.local/lib/python3.11/site-packages/airflow/example_dags/example_setup_teardown_taskflow.py
[2025-12-24T09:24:03.801+0000] {processor.py:925} INFO - DAG(s) 'example_setup_teardown_taskflow' retrieved from /home/airflow/.local/lib/python3.11/site-packages/airflow/example_dags/example_setup_teardown_taskflow.py
[2025-12-24T09:24:03.833+0000] {logging_mixin.py:190} INFO - [2025-12-24T09:24:03.832+0000] {dag.py:3239} INFO - Sync 1 DAGs
[2025-12-24T09:24:03.853+0000] {logging_mixin.py:190} INFO - [2025-12-24T09:24:03.853+0000] {dag.py:4180} INFO - Setting next_dagrun for example_setup_teardown_taskflow to None, run_after=None
[2025-12-24T09:24:03.881+0000] {processor.py:208} INFO - Processing /home/airflow/.local/lib/python3.11/site-packages/airflow/example_dags/example_setup_teardown_taskflow.py took 0.115 seconds
[2025-12-24T09:24:54.946+0000] {processor.py:186} INFO - Started process (PID=222) to work on /home/airflow/.local/lib/python3.11/site-packages/airflow/example_dags/example_setup_teardown_taskflow.py
[2025-12-24T09:24:54.949+0000] {processor.py:914} INFO - Processing file /home/airflow/.local/lib/python3.11/site-packages/airflow/example_dags/example_setup_teardown_taskflow.py for tasks to queue
[2025-12-24T09:24:54.956+0000] {logging_mixin.py:190} INFO - [2025-12-24T09:24:54.954+0000] {dagbag.py:588} INFO - Filling up the DagBag from /home/airflow/.local/lib/python3.11/site-packages/airflow/example_dags/example_setup_teardown_taskflow.py
[2025-12-24T09:24:55.006+0000] {processor.py:925} INFO - DAG(s) 'example_setup_teardown_taskflow' retrieved from /home/airflow/.local/lib/python3.11/site-packages/airflow/example_dags/example_setup_teardown_taskflow.py
[2025-12-24T09:24:55.054+0000] {logging_mixin.py:190} INFO - [2025-12-24T09:24:55.052+0000] {dag.py:3239} INFO - Sync 1 DAGs
[2025-12-24T09:24:55.085+0000] {logging_mixin.py:190} INFO - [2025-12-24T09:24:55.085+0000] {dag.py:4180} INFO - Setting next_dagrun for example_setup_teardown_taskflow to None, run_after=None
[2025-12-24T09:24:12.815+0000] {processor.py:208} INFO - Processing /home/airflow/.local/lib/python3.11/site-packages/airflow/example_dags/example_setup_teardown_taskflow.py took 0.203 seconds
[2025-12-24T09:24:42.248+0000] {processor.py:186} INFO - Started process (PID=281) to work on /home/airflow/.local/lib/python3.11/site-packages/airflow/example_dags/example_setup_teardown_taskflow.py
[2025-12-24T09:24:42.250+0000] {processor.py:914} INFO - Processing file /home/airflow/.local/lib/python3.11/site-packages/airflow/example_dags/example_setup_teardown_taskflow.py for tasks to queue
[2025-12-24T09:24:42.256+0000] {logging_mixin.py:190} INFO - [2025-12-24T09:24:42.255+0000] {dagbag.py:588} INFO - Filling up the DagBag from /home/airflow/.local/lib/python3.11/site-packages/airflow/example_dags/example_setup_teardown_taskflow.py
[2025-12-24T09:24:42.284+0000] {processor.py:925} INFO - DAG(s) 'example_setup_teardown_taskflow' retrieved from /home/airflow/.local/lib/python3.11/site-packages/airflow/example_dags/example_setup_teardown_taskflow.py
[2025-12-24T09:24:42.322+0000] {logging_mixin.py:190} INFO - [2025-12-24T09:24:42.321+0000] {dag.py:3239} INFO - Sync 1 DAGs
[2025-12-24T09:24:42.341+0000] {logging_mixin.py:190} INFO - [2025-12-24T09:24:42.341+0000] {dag.py:4180} INFO - Setting next_dagrun for example_setup_teardown_taskflow to None, run_after=None
[2025-12-24T09:24:42.371+0000] {processor.py:208} INFO - Processing /home/airflow/.local/lib/python3.11/site-packages/airflow/example_dags/example_setup_teardown_taskflow.py took 0.138 seconds
[2025-12-24T09:24:53.685+0000] {processor.py:186} INFO - Started process (PID=339) to work on /home/airflow/.local/lib/python3.11/site-packages/airflow/example_dags/example_setup_teardown_taskflow.py
[2025-12-24T09:24:53.687+0000] {processor.py:914} INFO - Processing file /home/airflow/.local/lib/python3.11/site-packages/airflow/example_dags/example_setup_teardown_taskflow.py for tasks to queue
[2025-12-24T09:24:53.692+0000] {logging_mixin.py:190} INFO - [2025-12-24T09:24:53.692+0000] {dagbag.py:588} INFO - Filling up the DagBag from /home/airflow/.local/lib/python3.11/site-packages/airflow/example_dags/example_setup_teardown_taskflow.py
[2025-12-24T09:24:53.716+0000] {processor.py:925} INFO - DAG(s) 'example_setup_teardown_taskflow' retrieved from /home/airflow/.local/lib/python3.11/site-packages/airflow/example_dags/example_setup_teardown_taskflow.py
[2025-12-24T09:24:53.757+0000] {logging_mixin.py:190} INFO - [2025-12-24T09:24:53.757+0000] {dag.py:3239} INFO - Sync 1 DAGs
[2025-12-24T09:24:53.782+0000] {logging_mixin.py:190} INFO - [2025-12-24T09:24:53.782+0000] {dag.py:4180} INFO - Setting next_dagrun for example_setup_teardown_taskflow to None, run_after=None
[2025-12-24T09:24:53.831+0000] {processor.py:208} INFO - Processing /home/airflow/.local/lib/python3.11/site-packages/airflow/example_dags/example_setup_teardown_taskflow.py took 0.161 seconds
[2025-12-24T09:25:12.296+0000] {processor.py:186} INFO - Started process (PID=401) to work on /home/airflow/.local/lib/python3.11/site-packages/airflow/example_dags/example_setup_teardown_taskflow.py
[2025-12-24T09:25:12.298+0000] {processor.py:914} INFO - Processing file /home/airflow/.local/lib/python3.11/site-packages/airflow/example_dags/example_setup_teardown_taskflow.py for tasks to queue
[2025-12-24T09:25:12.303+0000] {logging_mixin.py:190} INFO - [2025-12-24T09:25:12.302+0000] {dagbag.py:588} INFO - Filling up the DagBag from /home/airflow/.local/lib/python3.11/site-packages/airflow/example_dags/example_setup_teardown_taskflow.py
[2025-12-24T09:25:12.323+0000] {processor.py:925} INFO - DAG(s) 'example_setup_teardown_taskflow' retrieved from /home/airflow/.local/lib/python3.11/site-packages/airflow/example_dags/example_setup_teardown_taskflow.py
[2025-12-24T09:25:12.358+0000] {logging_mixin.py:190} INFO - [2025-12-24T09:25:12.358+0000] {dag.py:3239} INFO - Sync 1 DAGs
[2025-12-24T09:25:12.378+0000] {logging_mixin.py:190} INFO - [2025-12-24T09:25:12.378+0000] {dag.py:4180} INFO - Setting next_dagrun for example_setup_teardown_taskflow to None, run_after=None
[2025-12-24T09:25:12.411+0000] {processor.py:208} INFO - Processing /home/airflow/.local/lib/python3.11/site-packages/airflow/example_dags/example_setup_teardown_taskflow.py took 0.131 seconds
[2025-12-24T09:25:18.670+0000] {processor.py:186} INFO - Started process (PID=455) to work on /home/airflow/.local/lib/python3.11/site-packages/airflow/example_dags/example_setup_teardown_taskflow.py
[2025-12-24T09:25:18.672+0000] {processor.py:914} INFO - Processing file /home/airflow/.local/lib/python3.11/site-packages/airflow/example_dags/example_setup_teardown_taskflow.py for tasks to queue
[2025-12-24T09:25:18.682+0000] {logging_mixin.py:190} INFO - [2025-12-24T09:25:18.681+0000] {dagbag.py:588} INFO - Filling up the DagBag from /home/airflow/.local/lib/python3.11/site-packages/airflow/example_dags/example_setup_teardown_taskflow.py
[2025-12-24T09:25:18.704+0000] {processor.py:925} INFO - DAG(s) 'example_setup_teardown_taskflow' retrieved from /home/airflow/.local/lib/python3.11/site-packages/airflow/example_dags/example_setup_teardown_taskflow.py
[2025-12-24T09:25:18.764+0000] {logging_mixin.py:190} INFO - [2025-12-24T09:25:18.763+0000] {dag.py:3239} INFO - Sync 1 DAGs
[2025-12-24T09:25:18.791+0000] {logging_mixin.py:190} INFO - [2025-12-24T09:25:18.791+0000] {dag.py:4180} INFO - Setting next_dagrun for example_setup_teardown_taskflow to None, run_after=None
[2025-12-24T09:25:18.830+0000] {processor.py:208} INFO - Processing /home/airflow/.local/lib/python3.11/site-packages/airflow/example_dags/example_setup_teardown_taskflow.py took 0.171 seconds
[2025-12-24T09:25:49.674+0000] {processor.py:186} INFO - Started process (PID=513) to work on /home/airflow/.local/lib/python3.11/site-packages/airflow/example_dags/example_setup_teardown_taskflow.py
[2025-12-24T09:25:49.676+0000] {processor.py:914} INFO - Processing file /home/airflow/.local/lib/python3.11/site-packages/airflow/example_dags/example_setup_teardown_taskflow.py for tasks to queue
[2025-12-24T09:25:49.682+0000] {logging_mixin.py:190} INFO - [2025-12-24T09:25:49.681+0000] {dagbag.py:588} INFO - Filling up the DagBag from /home/airflow/.local/lib/python3.11/site-packages/airflow/example_dags/example_setup_teardown_taskflow.py
[2025-12-24T09:25:49.712+0000] {processor.py:925} INFO - DAG(s) 'example_setup_teardown_taskflow' retrieved from /home/airflow/.local/lib/python3.11/site-packages/airflow/example_dags/example_setup_teardown_taskflow.py
[2025-12-24T09:25:49.760+0000] {logging_mixin.py:190} INFO - [2025-12-24T09:25:49.759+0000] {dag.py:3239} INFO - Sync 1 DAGs
[2025-12-24T09:25:49.783+0000] {logging_mixin.py:190} INFO - [2025-12-24T09:25:49.782+0000] {dag.py:4180} INFO - Setting next_dagrun for example_setup_teardown_taskflow to None, run_after=None
[2025-12-24T09:25:49.817+0000] {processor.py:208} INFO - Processing /home/airflow/.local/lib/python3.11/site-packages/airflow/example_dags/example_setup_teardown_taskflow.py took 0.156 seconds
[2025-12-24T09:25:54.422+0000] {processor.py:186} INFO - Started process (PID=544) to work on /home/airflow/.local/lib/python3.11/site-packages/airflow/example_dags/example_setup_teardown_taskflow.py
[2025-12-24T09:25:54.424+0000] {processor.py:914} INFO - Processing file /home/airflow/.local/lib/python3.11/site-packages/airflow/example_dags/example_setup_teardown_taskflow.py for tasks to queue
[2025-12-24T09:25:54.429+0000] {logging_mixin.py:190} INFO - [2025-12-24T09:25:54.429+0000] {dagbag.py:588} INFO - Filling up the DagBag from /home/airflow/.local/lib/python3.11/site-packages/airflow/example_dags/example_setup_teardown_taskflow.py
[2025-12-24T09:25:54.446+0000] {processor.py:925} INFO - DAG(s) 'example_setup_teardown_taskflow' retrieved from /home/airflow/.local/lib/python3.11/site-packages/airflow/example_dags/example_setup_teardown_taskflow.py
[2025-12-24T09:25:54.496+0000] {logging_mixin.py:190} INFO - [2025-12-24T09:25:54.495+0000] {dag.py:3239} INFO - Sync 1 DAGs
[2025-12-24T09:25:54.518+0000] {logging_mixin.py:190} INFO - [2025-12-24T09:25:54.518+0000] {dag.py:4180} INFO - Setting next_dagrun for example_setup_teardown_taskflow to None, run_after=None
[2025-12-24T09:25:54.545+0000] {processor.py:208} INFO - Processing /home/airflow/.local/lib/python3.11/site-packages/airflow/example_dags/example_setup_teardown_taskflow.py took 0.135 seconds
[2025-12-24T09:26:03.957+0000] {processor.py:186} INFO - Started process (PID=608) to work on /home/airflow/.local/lib/python3.11/site-packages/airflow/example_dags/example_setup_teardown_taskflow.py
[2025-12-24T09:26:03.958+0000] {processor.py:914} INFO - Processing file /home/airflow/.local/lib/python3.11/site-packages/airflow/example_dags/example_setup_teardown_taskflow.py for tasks to queue
[2025-12-24T09:26:03.962+0000] {logging_mixin.py:190} INFO - [2025-12-24T09:26:03.962+0000] {dagbag.py:588} INFO - Filling up the DagBag from /home/airflow/.local/lib/python3.11/site-packages/airflow/example_dags/example_setup_teardown_taskflow.py
[2025-12-24T09:26:03.980+0000] {processor.py:925} INFO - DAG(s) 'example_setup_teardown_taskflow' retrieved from /home/airflow/.local/lib/python3.11/site-packages/airflow/example_dags/example_setup_teardown_taskflow.py
[2025-12-24T09:26:04.014+0000] {logging_mixin.py:190} INFO - [2025-12-24T09:26:04.014+0000] {dag.py:3239} INFO - Sync 1 DAGs
[2025-12-24T09:26:04.034+0000] {logging_mixin.py:190} INFO - [2025-12-24T09:26:04.033+0000] {dag.py:4180} INFO - Setting next_dagrun for example_setup_teardown_taskflow to None, run_after=None
[2025-12-24T09:26:04.078+0000] {processor.py:208} INFO - Processing /home/airflow/.local/lib/python3.11/site-packages/airflow/example_dags/example_setup_teardown_taskflow.py took 0.134 seconds
[2025-12-24T09:26:55.092+0000] {processor.py:186} INFO - Started process (PID=664) to work on /home/airflow/.local/lib/python3.11/site-packages/airflow/example_dags/example_setup_teardown_taskflow.py
[2025-12-24T09:26:55.095+0000] {processor.py:914} INFO - Processing file /home/airflow/.local/lib/python3.11/site-packages/airflow/example_dags/example_setup_teardown_taskflow.py for tasks to queue
[2025-12-24T09:26:55.101+0000] {logging_mixin.py:190} INFO - [2025-12-24T09:26:55.100+0000] {dagbag.py:588} INFO - Filling up the DagBag from /home/airflow/.local/lib/python3.11/site-packages/airflow/example_dags/example_setup_teardown_taskflow.py
[2025-12-24T09:26:55.127+0000] {processor.py:925} INFO - DAG(s) 'example_setup_teardown_taskflow' retrieved from /home/airflow/.local/lib/python3.11/site-packages/airflow/example_dags/example_setup_teardown_taskflow.py
[2025-12-24T09:26:55.166+0000] {logging_mixin.py:190} INFO - [2025-12-24T09:26:55.165+0000] {dag.py:3239} INFO - Sync 1 DAGs
[2025-12-24T09:26:55.187+0000] {logging_mixin.py:190} INFO - [2025-12-24T09:26:55.186+0000] {dag.py:4180} INFO - Setting next_dagrun for example_setup_teardown_taskflow to None, run_after=None
[2025-12-24T09:26:55.224+0000] {processor.py:208} INFO - Processing /home/airflow/.local/lib/python3.11/site-packages/airflow/example_dags/example_setup_teardown_taskflow.py took 0.146 seconds
[2025-12-24T09:27:41.270+0000] {processor.py:186} INFO - Started process (PID=880) to work on /home/airflow/.local/lib/python3.11/site-packages/airflow/example_dags/example_setup_teardown_taskflow.py
[2025-12-24T09:27:41.273+0000] {processor.py:914} INFO - Processing file /home/airflow/.local/lib/python3.11/site-packages/airflow/example_dags/example_setup_teardown_taskflow.py for tasks to queue
[2025-12-24T09:27:41.279+0000] {logging_mixin.py:190} INFO - [2025-12-24T09:27:41.278+0000] {dagbag.py:588} INFO - Filling up the DagBag from /home/airflow/.local/lib/python3.11/site-packages/airflow/example_dags/example_setup_teardown_taskflow.py
[2025-12-24T09:27:41.313+0000] {processor.py:925} INFO - DAG(s) 'example_setup_teardown_taskflow' retrieved from /home/airflow/.local/lib/python3.11/site-packages/airflow/example_dags/example_setup_teardown_taskflow.py
[2025-12-24T09:27:41.357+0000] {logging_mixin.py:190} INFO - [2025-12-24T09:27:41.356+0000] {dag.py:3239} INFO - Sync 1 DAGs
[2025-12-24T09:27:41.384+0000] {logging_mixin.py:190} INFO - [2025-12-24T09:27:41.384+0000] {dag.py:4180} INFO - Setting next_dagrun for example_setup_teardown_taskflow to None, run_after=None
[2025-12-24T09:27:41.417+0000] {processor.py:208} INFO - Processing /home/airflow/.local/lib/python3.11/site-packages/airflow/example_dags/example_setup_teardown_taskflow.py took 0.164 seconds
[2025-12-24T09:27:49.018+0000] {processor.py:186} INFO - Started process (PID=952) to work on /home/airflow/.local/lib/python3.11/site-packages/airflow/example_dags/example_setup_teardown_taskflow.py
[2025-12-24T09:27:49.021+0000] {processor.py:914} INFO - Processing file /home/airflow/.local/lib/python3.11/site-packages/airflow/example_dags/example_setup_teardown_taskflow.py for tasks to queue
[2025-12-24T09:27:49.025+0000] {logging_mixin.py:190} INFO - [2025-12-24T09:27:49.025+0000] {dagbag.py:588} INFO - Filling up the DagBag from /home/airflow/.local/lib/python3.11/site-packages/airflow/example_dags/example_setup_teardown_taskflow.py
[2025-12-24T09:27:49.044+0000] {processor.py:925} INFO - DAG(s) 'example_setup_teardown_taskflow' retrieved from /home/airflow/.local/lib/python3.11/site-packages/airflow/example_dags/example_setup_teardown_taskflow.py
[2025-12-24T09:27:49.089+0000] {logging_mixin.py:190} INFO - [2025-12-24T09:27:49.089+0000] {dag.py:3239} INFO - Sync 1 DAGs
[2025-12-24T09:27:49.109+0000] {logging_mixin.py:190} INFO - [2025-12-24T09:27:49.108+0000] {dag.py:4180} INFO - Setting next_dagrun for example_setup_teardown_taskflow to None, run_after=None
[2025-12-24T09:27:49.151+0000] {processor.py:208} INFO - Processing /home/airflow/.local/lib/python3.11/site-packages/airflow/example_dags/example_setup_teardown_taskflow.py took 0.147 seconds
[2025-12-24T09:27:59.175+0000] {processor.py:186} INFO - Started process (PID=1012) to work on /home/airflow/.local/lib/python3.11/site-packages/airflow/example_dags/example_setup_teardown_taskflow.py
[2025-12-24T09:27:59.177+0000] {processor.py:914} INFO - Processing file /home/airflow/.local/lib/python3.11/site-packages/airflow/example_dags/example_setup_teardown_taskflow.py for tasks to queue
[2025-12-24T09:27:59.181+0000] {logging_mixin.py:190} INFO - [2025-12-24T09:27:59.180+0000] {dagbag.py:588} INFO - Filling up the DagBag from /home/airflow/.local/lib/python3.11/site-packages/airflow/example_dags/example_setup_teardown_taskflow.py
[2025-12-24T09:27:59.202+0000] {processor.py:925} INFO - DAG(s) 'example_setup_teardown_taskflow' retrieved from /home/airflow/.local/lib/python3.11/site-packages/airflow/example_dags/example_setup_teardown_taskflow.py
[2025-12-24T09:27:59.240+0000] {logging_mixin.py:190} INFO - [2025-12-24T09:27:59.239+0000] {dag.py:3239} INFO - Sync 1 DAGs
[2025-12-24T09:27:59.263+0000] {logging_mixin.py:190} INFO - [2025-12-24T09:27:59.263+0000] {dag.py:4180} INFO - Setting next_dagrun for example_setup_teardown_taskflow to None, run_after=None
[2025-12-24T09:27:59.292+0000] {processor.py:208} INFO - Processing /home/airflow/.local/lib/python3.11/site-packages/airflow/example_dags/example_setup_teardown_taskflow.py took 0.129 seconds
[2025-12-24T09:28:12.816+0000] {processor.py:186} INFO - Started process (PID=1077) to work on /home/airflow/.local/lib/python3.11/site-packages/airflow/example_dags/example_setup_teardown_taskflow.py
[2025-12-24T09:28:12.818+0000] {processor.py:914} INFO - Processing file /home/airflow/.local/lib/python3.11/site-packages/airflow/example_dags/example_setup_teardown_taskflow.py for tasks to queue
[2025-12-24T09:28:12.822+0000] {logging_mixin.py:190} INFO - [2025-12-24T09:28:12.821+0000] {dagbag.py:588} INFO - Filling up the DagBag from /home/airflow/.local/lib/python3.11/site-packages/airflow/example_dags/example_setup_teardown_taskflow.py
[2025-12-24T09:28:12.837+0000] {processor.py:925} INFO - DAG(s) 'example_setup_teardown_taskflow' retrieved from /home/airflow/.local/lib/python3.11/site-packages/airflow/example_dags/example_setup_teardown_taskflow.py
[2025-12-24T09:28:12.873+0000] {logging_mixin.py:190} INFO - [2025-12-24T09:28:12.872+0000] {dag.py:3239} INFO - Sync 1 DAGs
[2025-12-24T09:28:12.892+0000] {logging_mixin.py:190} INFO - [2025-12-24T09:28:12.892+0000] {dag.py:4180} INFO - Setting next_dagrun for example_setup_teardown_taskflow to None, run_after=None
[2025-12-24T09:28:12.922+0000] {processor.py:208} INFO - Processing /home/airflow/.local/lib/python3.11/site-packages/airflow/example_dags/example_setup_teardown_taskflow.py took 0.123 seconds
[2025-12-24T09:29:11.177+0000] {processor.py:186} INFO - Started process (PID=1133) to work on /home/airflow/.local/lib/python3.11/site-packages/airflow/example_dags/example_setup_teardown_taskflow.py
[2025-12-24T09:29:11.181+0000] {processor.py:914} INFO - Processing file /home/airflow/.local/lib/python3.11/site-packages/airflow/example_dags/example_setup_teardown_taskflow.py for tasks to queue
[2025-12-24T09:29:11.224+0000] {logging_mixin.py:190} INFO - [2025-12-24T09:29:11.223+0000] {dagbag.py:588} INFO - Filling up the DagBag from /home/airflow/.local/lib/python3.11/site-packages/airflow/example_dags/example_setup_teardown_taskflow.py
[2025-12-24T09:29:11.259+0000] {processor.py:925} INFO - DAG(s) 'example_setup_teardown_taskflow' retrieved from /home/airflow/.local/lib/python3.11/site-packages/airflow/example_dags/example_setup_teardown_taskflow.py
[2025-12-24T09:29:11.340+0000] {logging_mixin.py:190} INFO - [2025-12-24T09:29:11.339+0000] {dag.py:3239} INFO - Sync 1 DAGs
[2025-12-24T09:29:11.376+0000] {logging_mixin.py:190} INFO - [2025-12-24T09:29:11.375+0000] {dag.py:4180} INFO - Setting next_dagrun for example_setup_teardown_taskflow to None, run_after=None
[2025-12-24T09:29:11.432+0000] {processor.py:208} INFO - Processing /home/airflow/.local/lib/python3.11/site-packages/airflow/example_dags/example_setup_teardown_taskflow.py took 0.288 seconds
