[2025-12-24T09:03:06.700+0000] {processor.py:186} INFO - Started process (PID=121) to work on /home/airflow/.local/lib/python3.11/site-packages/airflow/example_dags/example_params_trigger_ui.py
[2025-12-24T09:03:06.701+0000] {processor.py:914} INFO - Processing file /home/airflow/.local/lib/python3.11/site-packages/airflow/example_dags/example_params_trigger_ui.py for tasks to queue
[2025-12-24T09:03:06.706+0000] {logging_mixin.py:190} INFO - [2025-12-24T09:03:06.706+0000] {dagbag.py:588} INFO - Filling up the DagBag from /home/airflow/.local/lib/python3.11/site-packages/airflow/example_dags/example_params_trigger_ui.py
[2025-12-24T09:03:06.738+0000] {processor.py:925} INFO - DAG(s) 'example_params_trigger_ui' retrieved from /home/airflow/.local/lib/python3.11/site-packages/airflow/example_dags/example_params_trigger_ui.py
[2025-12-24T09:03:06.959+0000] {logging_mixin.py:190} INFO - [2025-12-24T09:03:06.958+0000] {override.py:1911} INFO - Created Permission View: can edit on DAG:example_params_trigger_ui
[2025-12-24T09:03:06.994+0000] {logging_mixin.py:190} INFO - [2025-12-24T09:03:06.993+0000] {override.py:1911} INFO - Created Permission View: can read on DAG:example_params_trigger_ui
[2025-12-24T09:03:07.015+0000] {logging_mixin.py:190} INFO - [2025-12-24T09:03:07.015+0000] {override.py:1911} INFO - Created Permission View: can delete on DAG:example_params_trigger_ui
[2025-12-24T09:03:07.052+0000] {logging_mixin.py:190} INFO - [2025-12-24T09:03:07.052+0000] {override.py:1911} INFO - Created Permission View: can read on DAG Run:example_params_trigger_ui
[2025-12-24T09:03:07.070+0000] {logging_mixin.py:190} INFO - [2025-12-24T09:03:07.069+0000] {override.py:1911} INFO - Created Permission View: can create on DAG Run:example_params_trigger_ui
[2025-12-24T09:03:07.089+0000] {logging_mixin.py:190} INFO - [2025-12-24T09:03:07.089+0000] {override.py:1911} INFO - Created Permission View: can delete on DAG Run:example_params_trigger_ui
[2025-12-24T09:03:07.110+0000] {logging_mixin.py:190} INFO - [2025-12-24T09:03:07.109+0000] {override.py:1911} INFO - Created Permission View: menu access on DAG Run:example_params_trigger_ui
[2025-12-24T09:03:07.112+0000] {logging_mixin.py:190} INFO - [2025-12-24T09:03:07.111+0000] {dag.py:3239} INFO - Sync 1 DAGs
[2025-12-24T09:03:07.138+0000] {logging_mixin.py:190} INFO - [2025-12-24T09:03:07.138+0000] {dag.py:3262} INFO - Creating ORM DAG for example_params_trigger_ui
[2025-12-24T09:03:07.139+0000] {logging_mixin.py:190} INFO - [2025-12-24T09:03:07.139+0000] {dag.py:4180} INFO - Setting next_dagrun for example_params_trigger_ui to None, run_after=None
[2025-12-24T09:03:07.168+0000] {processor.py:208} INFO - Processing /home/airflow/.local/lib/python3.11/site-packages/airflow/example_dags/example_params_trigger_ui.py took 0.479 seconds
[2025-12-24T09:03:16.596+0000] {processor.py:186} INFO - Started process (PID=186) to work on /home/airflow/.local/lib/python3.11/site-packages/airflow/example_dags/example_params_trigger_ui.py
[2025-12-24T09:03:16.598+0000] {processor.py:914} INFO - Processing file /home/airflow/.local/lib/python3.11/site-packages/airflow/example_dags/example_params_trigger_ui.py for tasks to queue
[2025-12-24T09:03:16.603+0000] {logging_mixin.py:190} INFO - [2025-12-24T09:03:16.602+0000] {dagbag.py:588} INFO - Filling up the DagBag from /home/airflow/.local/lib/python3.11/site-packages/airflow/example_dags/example_params_trigger_ui.py
[2025-12-24T09:03:16.621+0000] {processor.py:925} INFO - DAG(s) 'example_params_trigger_ui' retrieved from /home/airflow/.local/lib/python3.11/site-packages/airflow/example_dags/example_params_trigger_ui.py
[2025-12-24T09:03:16.644+0000] {logging_mixin.py:190} INFO - [2025-12-24T09:03:16.644+0000] {dag.py:3239} INFO - Sync 1 DAGs
[2025-12-24T09:03:16.666+0000] {logging_mixin.py:190} INFO - [2025-12-24T09:03:16.665+0000] {dag.py:4180} INFO - Setting next_dagrun for example_params_trigger_ui to None, run_after=None
[2025-12-24T09:03:16.837+0000] {processor.py:208} INFO - Processing /home/airflow/.local/lib/python3.11/site-packages/airflow/example_dags/example_params_trigger_ui.py took 0.254 seconds
[2025-12-24T09:04:19.156+0000] {processor.py:186} INFO - Started process (PID=241) to work on /home/airflow/.local/lib/python3.11/site-packages/airflow/example_dags/example_params_trigger_ui.py
[2025-12-24T09:04:19.158+0000] {processor.py:914} INFO - Processing file /home/airflow/.local/lib/python3.11/site-packages/airflow/example_dags/example_params_trigger_ui.py for tasks to queue
[2025-12-24T09:04:19.163+0000] {logging_mixin.py:190} INFO - [2025-12-24T09:04:19.163+0000] {dagbag.py:588} INFO - Filling up the DagBag from /home/airflow/.local/lib/python3.11/site-packages/airflow/example_dags/example_params_trigger_ui.py
[2025-12-24T09:04:19.194+0000] {processor.py:925} INFO - DAG(s) 'example_params_trigger_ui' retrieved from /home/airflow/.local/lib/python3.11/site-packages/airflow/example_dags/example_params_trigger_ui.py
[2025-12-24T09:04:19.252+0000] {logging_mixin.py:190} INFO - [2025-12-24T09:04:19.252+0000] {dag.py:3239} INFO - Sync 1 DAGs
[2025-12-24T09:04:19.269+0000] {logging_mixin.py:190} INFO - [2025-12-24T09:04:19.269+0000] {dag.py:4180} INFO - Setting next_dagrun for example_params_trigger_ui to None, run_after=None
[2025-12-24T09:04:19.293+0000] {processor.py:208} INFO - Processing /home/airflow/.local/lib/python3.11/site-packages/airflow/example_dags/example_params_trigger_ui.py took 0.149 seconds
[2025-12-24T09:04:17.372+0000] {processor.py:186} INFO - Started process (PID=314) to work on /home/airflow/.local/lib/python3.11/site-packages/airflow/example_dags/example_params_trigger_ui.py
[2025-12-24T09:04:17.388+0000] {processor.py:914} INFO - Processing file /home/airflow/.local/lib/python3.11/site-packages/airflow/example_dags/example_params_trigger_ui.py for tasks to queue
[2025-12-24T09:04:17.393+0000] {logging_mixin.py:190} INFO - [2025-12-24T09:04:17.393+0000] {dagbag.py:588} INFO - Filling up the DagBag from /home/airflow/.local/lib/python3.11/site-packages/airflow/example_dags/example_params_trigger_ui.py
[2025-12-24T09:04:17.415+0000] {processor.py:925} INFO - DAG(s) 'example_params_trigger_ui' retrieved from /home/airflow/.local/lib/python3.11/site-packages/airflow/example_dags/example_params_trigger_ui.py
[2025-12-24T09:04:17.521+0000] {logging_mixin.py:190} INFO - [2025-12-24T09:04:17.520+0000] {dag.py:3239} INFO - Sync 1 DAGs
[2025-12-24T09:04:17.567+0000] {logging_mixin.py:190} INFO - [2025-12-24T09:04:17.567+0000] {dag.py:4180} INFO - Setting next_dagrun for example_params_trigger_ui to None, run_after=None
[2025-12-24T09:04:17.608+0000] {processor.py:208} INFO - Processing /home/airflow/.local/lib/python3.11/site-packages/airflow/example_dags/example_params_trigger_ui.py took 0.256 seconds
[2025-12-24T09:04:47.068+0000] {processor.py:186} INFO - Started process (PID=378) to work on /home/airflow/.local/lib/python3.11/site-packages/airflow/example_dags/example_params_trigger_ui.py
[2025-12-24T09:04:47.070+0000] {processor.py:914} INFO - Processing file /home/airflow/.local/lib/python3.11/site-packages/airflow/example_dags/example_params_trigger_ui.py for tasks to queue
[2025-12-24T09:04:47.075+0000] {logging_mixin.py:190} INFO - [2025-12-24T09:04:47.074+0000] {dagbag.py:588} INFO - Filling up the DagBag from /home/airflow/.local/lib/python3.11/site-packages/airflow/example_dags/example_params_trigger_ui.py
[2025-12-24T09:04:47.093+0000] {processor.py:925} INFO - DAG(s) 'example_params_trigger_ui' retrieved from /home/airflow/.local/lib/python3.11/site-packages/airflow/example_dags/example_params_trigger_ui.py
[2025-12-24T09:04:47.154+0000] {logging_mixin.py:190} INFO - [2025-12-24T09:04:47.153+0000] {dag.py:3239} INFO - Sync 1 DAGs
[2025-12-24T09:04:47.173+0000] {logging_mixin.py:190} INFO - [2025-12-24T09:04:47.173+0000] {dag.py:4180} INFO - Setting next_dagrun for example_params_trigger_ui to None, run_after=None
[2025-12-24T09:04:47.206+0000] {processor.py:208} INFO - Processing /home/airflow/.local/lib/python3.11/site-packages/airflow/example_dags/example_params_trigger_ui.py took 0.149 seconds
[2025-12-24T09:04:56.522+0000] {processor.py:186} INFO - Started process (PID=436) to work on /home/airflow/.local/lib/python3.11/site-packages/airflow/example_dags/example_params_trigger_ui.py
[2025-12-24T09:04:56.523+0000] {processor.py:914} INFO - Processing file /home/airflow/.local/lib/python3.11/site-packages/airflow/example_dags/example_params_trigger_ui.py for tasks to queue
[2025-12-24T09:04:56.527+0000] {logging_mixin.py:190} INFO - [2025-12-24T09:04:56.527+0000] {dagbag.py:588} INFO - Filling up the DagBag from /home/airflow/.local/lib/python3.11/site-packages/airflow/example_dags/example_params_trigger_ui.py
[2025-12-24T09:04:56.544+0000] {processor.py:925} INFO - DAG(s) 'example_params_trigger_ui' retrieved from /home/airflow/.local/lib/python3.11/site-packages/airflow/example_dags/example_params_trigger_ui.py
[2025-12-24T09:04:56.611+0000] {logging_mixin.py:190} INFO - [2025-12-24T09:04:56.611+0000] {dag.py:3239} INFO - Sync 1 DAGs
[2025-12-24T09:04:56.629+0000] {logging_mixin.py:190} INFO - [2025-12-24T09:04:56.629+0000] {dag.py:4180} INFO - Setting next_dagrun for example_params_trigger_ui to None, run_after=None
[2025-12-24T09:04:56.654+0000] {processor.py:208} INFO - Processing /home/airflow/.local/lib/python3.11/site-packages/airflow/example_dags/example_params_trigger_ui.py took 0.142 seconds
[2025-12-24T09:05:30.424+0000] {processor.py:186} INFO - Started process (PID=535) to work on /home/airflow/.local/lib/python3.11/site-packages/airflow/example_dags/example_params_trigger_ui.py
[2025-12-24T09:05:30.425+0000] {processor.py:914} INFO - Processing file /home/airflow/.local/lib/python3.11/site-packages/airflow/example_dags/example_params_trigger_ui.py for tasks to queue
[2025-12-24T09:05:30.429+0000] {logging_mixin.py:190} INFO - [2025-12-24T09:05:30.428+0000] {dagbag.py:588} INFO - Filling up the DagBag from /home/airflow/.local/lib/python3.11/site-packages/airflow/example_dags/example_params_trigger_ui.py
[2025-12-24T09:05:30.445+0000] {processor.py:925} INFO - DAG(s) 'example_params_trigger_ui' retrieved from /home/airflow/.local/lib/python3.11/site-packages/airflow/example_dags/example_params_trigger_ui.py
[2025-12-24T09:05:30.507+0000] {logging_mixin.py:190} INFO - [2025-12-24T09:05:30.506+0000] {dag.py:3239} INFO - Sync 1 DAGs
[2025-12-24T09:05:30.528+0000] {logging_mixin.py:190} INFO - [2025-12-24T09:05:30.528+0000] {dag.py:4180} INFO - Setting next_dagrun for example_params_trigger_ui to None, run_after=None
[2025-12-24T09:05:30.552+0000] {processor.py:208} INFO - Processing /home/airflow/.local/lib/python3.11/site-packages/airflow/example_dags/example_params_trigger_ui.py took 0.138 seconds
[2025-12-24T09:05:42.607+0000] {processor.py:186} INFO - Started process (PID=592) to work on /home/airflow/.local/lib/python3.11/site-packages/airflow/example_dags/example_params_trigger_ui.py
[2025-12-24T09:05:42.609+0000] {processor.py:914} INFO - Processing file /home/airflow/.local/lib/python3.11/site-packages/airflow/example_dags/example_params_trigger_ui.py for tasks to queue
[2025-12-24T09:05:42.613+0000] {logging_mixin.py:190} INFO - [2025-12-24T09:05:42.612+0000] {dagbag.py:588} INFO - Filling up the DagBag from /home/airflow/.local/lib/python3.11/site-packages/airflow/example_dags/example_params_trigger_ui.py
[2025-12-24T09:05:42.629+0000] {processor.py:925} INFO - DAG(s) 'example_params_trigger_ui' retrieved from /home/airflow/.local/lib/python3.11/site-packages/airflow/example_dags/example_params_trigger_ui.py
[2025-12-24T09:05:42.682+0000] {logging_mixin.py:190} INFO - [2025-12-24T09:05:42.681+0000] {dag.py:3239} INFO - Sync 1 DAGs
[2025-12-24T09:05:42.698+0000] {logging_mixin.py:190} INFO - [2025-12-24T09:05:42.698+0000] {dag.py:4180} INFO - Setting next_dagrun for example_params_trigger_ui to None, run_after=None
[2025-12-24T09:05:42.983+0000] {processor.py:208} INFO - Processing /home/airflow/.local/lib/python3.11/site-packages/airflow/example_dags/example_params_trigger_ui.py took 0.385 seconds
[2025-12-24T09:06:44.449+0000] {processor.py:186} INFO - Started process (PID=654) to work on /home/airflow/.local/lib/python3.11/site-packages/airflow/example_dags/example_params_trigger_ui.py
[2025-12-24T09:06:44.450+0000] {processor.py:914} INFO - Processing file /home/airflow/.local/lib/python3.11/site-packages/airflow/example_dags/example_params_trigger_ui.py for tasks to queue
[2025-12-24T09:06:44.454+0000] {logging_mixin.py:190} INFO - [2025-12-24T09:06:44.454+0000] {dagbag.py:588} INFO - Filling up the DagBag from /home/airflow/.local/lib/python3.11/site-packages/airflow/example_dags/example_params_trigger_ui.py
[2025-12-24T09:06:44.469+0000] {processor.py:925} INFO - DAG(s) 'example_params_trigger_ui' retrieved from /home/airflow/.local/lib/python3.11/site-packages/airflow/example_dags/example_params_trigger_ui.py
[2025-12-24T09:06:44.539+0000] {logging_mixin.py:190} INFO - [2025-12-24T09:06:44.539+0000] {dag.py:3239} INFO - Sync 1 DAGs
[2025-12-24T09:06:44.558+0000] {logging_mixin.py:190} INFO - [2025-12-24T09:06:44.558+0000] {dag.py:4180} INFO - Setting next_dagrun for example_params_trigger_ui to None, run_after=None
[2025-12-24T09:06:44.584+0000] {processor.py:208} INFO - Processing /home/airflow/.local/lib/python3.11/site-packages/airflow/example_dags/example_params_trigger_ui.py took 0.144 seconds
[2025-12-24T09:06:48.189+0000] {processor.py:186} INFO - Started process (PID=728) to work on /home/airflow/.local/lib/python3.11/site-packages/airflow/example_dags/example_params_trigger_ui.py
[2025-12-24T09:06:48.191+0000] {processor.py:914} INFO - Processing file /home/airflow/.local/lib/python3.11/site-packages/airflow/example_dags/example_params_trigger_ui.py for tasks to queue
[2025-12-24T09:06:48.197+0000] {logging_mixin.py:190} INFO - [2025-12-24T09:06:48.196+0000] {dagbag.py:588} INFO - Filling up the DagBag from /home/airflow/.local/lib/python3.11/site-packages/airflow/example_dags/example_params_trigger_ui.py
[2025-12-24T09:06:48.216+0000] {processor.py:925} INFO - DAG(s) 'example_params_trigger_ui' retrieved from /home/airflow/.local/lib/python3.11/site-packages/airflow/example_dags/example_params_trigger_ui.py
[2025-12-24T09:06:48.298+0000] {logging_mixin.py:190} INFO - [2025-12-24T09:06:48.298+0000] {dag.py:3239} INFO - Sync 1 DAGs
[2025-12-24T09:06:48.316+0000] {logging_mixin.py:190} INFO - [2025-12-24T09:06:48.316+0000] {dag.py:4180} INFO - Setting next_dagrun for example_params_trigger_ui to None, run_after=None
[2025-12-24T09:06:48.477+0000] {processor.py:208} INFO - Processing /home/airflow/.local/lib/python3.11/site-packages/airflow/example_dags/example_params_trigger_ui.py took 0.302 seconds
[2025-12-24T09:07:17.456+0000] {processor.py:186} INFO - Started process (PID=792) to work on /home/airflow/.local/lib/python3.11/site-packages/airflow/example_dags/example_params_trigger_ui.py
[2025-12-24T09:07:17.457+0000] {processor.py:914} INFO - Processing file /home/airflow/.local/lib/python3.11/site-packages/airflow/example_dags/example_params_trigger_ui.py for tasks to queue
[2025-12-24T09:07:17.462+0000] {logging_mixin.py:190} INFO - [2025-12-24T09:07:17.462+0000] {dagbag.py:588} INFO - Filling up the DagBag from /home/airflow/.local/lib/python3.11/site-packages/airflow/example_dags/example_params_trigger_ui.py
[2025-12-24T09:07:17.485+0000] {processor.py:925} INFO - DAG(s) 'example_params_trigger_ui' retrieved from /home/airflow/.local/lib/python3.11/site-packages/airflow/example_dags/example_params_trigger_ui.py
[2025-12-24T09:07:17.583+0000] {logging_mixin.py:190} INFO - [2025-12-24T09:07:17.582+0000] {dag.py:3239} INFO - Sync 1 DAGs
[2025-12-24T09:07:17.606+0000] {logging_mixin.py:190} INFO - [2025-12-24T09:07:17.606+0000] {dag.py:4180} INFO - Setting next_dagrun for example_params_trigger_ui to None, run_after=None
[2025-12-24T09:07:17.642+0000] {processor.py:208} INFO - Processing /home/airflow/.local/lib/python3.11/site-packages/airflow/example_dags/example_params_trigger_ui.py took 0.198 seconds
[2025-12-24T09:07:27.767+0000] {processor.py:186} INFO - Started process (PID=849) to work on /home/airflow/.local/lib/python3.11/site-packages/airflow/example_dags/example_params_trigger_ui.py
[2025-12-24T09:07:27.771+0000] {processor.py:914} INFO - Processing file /home/airflow/.local/lib/python3.11/site-packages/airflow/example_dags/example_params_trigger_ui.py for tasks to queue
[2025-12-24T09:07:27.778+0000] {logging_mixin.py:190} INFO - [2025-12-24T09:07:27.777+0000] {dagbag.py:588} INFO - Filling up the DagBag from /home/airflow/.local/lib/python3.11/site-packages/airflow/example_dags/example_params_trigger_ui.py
[2025-12-24T09:07:27.802+0000] {processor.py:925} INFO - DAG(s) 'example_params_trigger_ui' retrieved from /home/airflow/.local/lib/python3.11/site-packages/airflow/example_dags/example_params_trigger_ui.py
[2025-12-24T09:07:27.905+0000] {logging_mixin.py:190} INFO - [2025-12-24T09:07:27.905+0000] {dag.py:3239} INFO - Sync 1 DAGs
[2025-12-24T09:07:27.970+0000] {logging_mixin.py:190} INFO - [2025-12-24T09:07:27.969+0000] {dag.py:4180} INFO - Setting next_dagrun for example_params_trigger_ui to None, run_after=None
[2025-12-24T09:07:28.077+0000] {processor.py:208} INFO - Processing /home/airflow/.local/lib/python3.11/site-packages/airflow/example_dags/example_params_trigger_ui.py took 0.327 seconds
[2025-12-24T09:07:36.865+0000] {processor.py:186} INFO - Started process (PID=905) to work on /home/airflow/.local/lib/python3.11/site-packages/airflow/example_dags/example_params_trigger_ui.py
[2025-12-24T09:07:36.867+0000] {processor.py:914} INFO - Processing file /home/airflow/.local/lib/python3.11/site-packages/airflow/example_dags/example_params_trigger_ui.py for tasks to queue
[2025-12-24T09:07:36.872+0000] {logging_mixin.py:190} INFO - [2025-12-24T09:07:36.871+0000] {dagbag.py:588} INFO - Filling up the DagBag from /home/airflow/.local/lib/python3.11/site-packages/airflow/example_dags/example_params_trigger_ui.py
[2025-12-24T09:07:36.890+0000] {processor.py:925} INFO - DAG(s) 'example_params_trigger_ui' retrieved from /home/airflow/.local/lib/python3.11/site-packages/airflow/example_dags/example_params_trigger_ui.py
[2025-12-24T09:07:36.959+0000] {logging_mixin.py:190} INFO - [2025-12-24T09:07:36.958+0000] {dag.py:3239} INFO - Sync 1 DAGs
[2025-12-24T09:07:36.983+0000] {logging_mixin.py:190} INFO - [2025-12-24T09:07:36.982+0000] {dag.py:4180} INFO - Setting next_dagrun for example_params_trigger_ui to None, run_after=None
[2025-12-24T09:07:37.026+0000] {processor.py:208} INFO - Processing /home/airflow/.local/lib/python3.11/site-packages/airflow/example_dags/example_params_trigger_ui.py took 0.177 seconds
[2025-12-24T09:08:28.245+0000] {processor.py:186} INFO - Started process (PID=966) to work on /home/airflow/.local/lib/python3.11/site-packages/airflow/example_dags/example_params_trigger_ui.py
[2025-12-24T09:08:28.247+0000] {processor.py:914} INFO - Processing file /home/airflow/.local/lib/python3.11/site-packages/airflow/example_dags/example_params_trigger_ui.py for tasks to queue
[2025-12-24T09:08:28.251+0000] {logging_mixin.py:190} INFO - [2025-12-24T09:08:28.251+0000] {dagbag.py:588} INFO - Filling up the DagBag from /home/airflow/.local/lib/python3.11/site-packages/airflow/example_dags/example_params_trigger_ui.py
[2025-12-24T09:08:28.269+0000] {processor.py:925} INFO - DAG(s) 'example_params_trigger_ui' retrieved from /home/airflow/.local/lib/python3.11/site-packages/airflow/example_dags/example_params_trigger_ui.py
[2025-12-24T09:08:28.326+0000] {logging_mixin.py:190} INFO - [2025-12-24T09:08:28.325+0000] {dag.py:3239} INFO - Sync 1 DAGs
[2025-12-24T09:08:28.348+0000] {logging_mixin.py:190} INFO - [2025-12-24T09:08:28.348+0000] {dag.py:4180} INFO - Setting next_dagrun for example_params_trigger_ui to None, run_after=None
[2025-12-24T09:08:28.375+0000] {processor.py:208} INFO - Processing /home/airflow/.local/lib/python3.11/site-packages/airflow/example_dags/example_params_trigger_ui.py took 0.141 seconds
[2025-12-24T09:08:26.218+0000] {processor.py:186} INFO - Started process (PID=1045) to work on /home/airflow/.local/lib/python3.11/site-packages/airflow/example_dags/example_params_trigger_ui.py
[2025-12-24T09:08:26.220+0000] {processor.py:914} INFO - Processing file /home/airflow/.local/lib/python3.11/site-packages/airflow/example_dags/example_params_trigger_ui.py for tasks to queue
[2025-12-24T09:08:26.228+0000] {logging_mixin.py:190} INFO - [2025-12-24T09:08:26.228+0000] {dagbag.py:588} INFO - Filling up the DagBag from /home/airflow/.local/lib/python3.11/site-packages/airflow/example_dags/example_params_trigger_ui.py
[2025-12-24T09:08:26.253+0000] {processor.py:925} INFO - DAG(s) 'example_params_trigger_ui' retrieved from /home/airflow/.local/lib/python3.11/site-packages/airflow/example_dags/example_params_trigger_ui.py
[2025-12-24T09:08:26.335+0000] {logging_mixin.py:190} INFO - [2025-12-24T09:08:26.334+0000] {dag.py:3239} INFO - Sync 1 DAGs
[2025-12-24T09:08:26.358+0000] {logging_mixin.py:190} INFO - [2025-12-24T09:08:26.357+0000] {dag.py:4180} INFO - Setting next_dagrun for example_params_trigger_ui to None, run_after=None
[2025-12-24T09:08:26.402+0000] {processor.py:208} INFO - Processing /home/airflow/.local/lib/python3.11/site-packages/airflow/example_dags/example_params_trigger_ui.py took 0.193 seconds
[2025-12-24T09:09:23.404+0000] {processor.py:186} INFO - Started process (PID=1090) to work on /home/airflow/.local/lib/python3.11/site-packages/airflow/example_dags/example_params_trigger_ui.py
[2025-12-24T09:09:23.405+0000] {processor.py:914} INFO - Processing file /home/airflow/.local/lib/python3.11/site-packages/airflow/example_dags/example_params_trigger_ui.py for tasks to queue
[2025-12-24T09:09:23.409+0000] {logging_mixin.py:190} INFO - [2025-12-24T09:09:23.409+0000] {dagbag.py:588} INFO - Filling up the DagBag from /home/airflow/.local/lib/python3.11/site-packages/airflow/example_dags/example_params_trigger_ui.py
[2025-12-24T09:09:23.425+0000] {processor.py:925} INFO - DAG(s) 'example_params_trigger_ui' retrieved from /home/airflow/.local/lib/python3.11/site-packages/airflow/example_dags/example_params_trigger_ui.py
[2025-12-24T09:09:23.478+0000] {logging_mixin.py:190} INFO - [2025-12-24T09:09:23.477+0000] {dag.py:3239} INFO - Sync 1 DAGs
[2025-12-24T09:09:23.494+0000] {logging_mixin.py:190} INFO - [2025-12-24T09:09:23.494+0000] {dag.py:4180} INFO - Setting next_dagrun for example_params_trigger_ui to None, run_after=None
[2025-12-24T09:09:23.517+0000] {processor.py:208} INFO - Processing /home/airflow/.local/lib/python3.11/site-packages/airflow/example_dags/example_params_trigger_ui.py took 0.121 seconds
[2025-12-24T09:09:22.582+0000] {processor.py:186} INFO - Started process (PID=1171) to work on /home/airflow/.local/lib/python3.11/site-packages/airflow/example_dags/example_params_trigger_ui.py
[2025-12-24T09:09:22.583+0000] {processor.py:914} INFO - Processing file /home/airflow/.local/lib/python3.11/site-packages/airflow/example_dags/example_params_trigger_ui.py for tasks to queue
[2025-12-24T09:09:22.588+0000] {logging_mixin.py:190} INFO - [2025-12-24T09:09:22.587+0000] {dagbag.py:588} INFO - Filling up the DagBag from /home/airflow/.local/lib/python3.11/site-packages/airflow/example_dags/example_params_trigger_ui.py
[2025-12-24T09:09:22.607+0000] {processor.py:925} INFO - DAG(s) 'example_params_trigger_ui' retrieved from /home/airflow/.local/lib/python3.11/site-packages/airflow/example_dags/example_params_trigger_ui.py
[2025-12-24T09:09:22.665+0000] {logging_mixin.py:190} INFO - [2025-12-24T09:09:22.665+0000] {dag.py:3239} INFO - Sync 1 DAGs
[2025-12-24T09:09:22.684+0000] {logging_mixin.py:190} INFO - [2025-12-24T09:09:22.683+0000] {dag.py:4180} INFO - Setting next_dagrun for example_params_trigger_ui to None, run_after=None
[2025-12-24T09:09:22.712+0000] {processor.py:208} INFO - Processing /home/airflow/.local/lib/python3.11/site-packages/airflow/example_dags/example_params_trigger_ui.py took 0.140 seconds
[2025-12-24T09:10:28.778+0000] {processor.py:186} INFO - Started process (PID=1236) to work on /home/airflow/.local/lib/python3.11/site-packages/airflow/example_dags/example_params_trigger_ui.py
[2025-12-24T09:10:28.779+0000] {processor.py:914} INFO - Processing file /home/airflow/.local/lib/python3.11/site-packages/airflow/example_dags/example_params_trigger_ui.py for tasks to queue
[2025-12-24T09:10:28.783+0000] {logging_mixin.py:190} INFO - [2025-12-24T09:10:28.783+0000] {dagbag.py:588} INFO - Filling up the DagBag from /home/airflow/.local/lib/python3.11/site-packages/airflow/example_dags/example_params_trigger_ui.py
[2025-12-24T09:10:28.799+0000] {processor.py:925} INFO - DAG(s) 'example_params_trigger_ui' retrieved from /home/airflow/.local/lib/python3.11/site-packages/airflow/example_dags/example_params_trigger_ui.py
[2025-12-24T09:10:28.853+0000] {logging_mixin.py:190} INFO - [2025-12-24T09:10:28.853+0000] {dag.py:3239} INFO - Sync 1 DAGs
[2025-12-24T09:10:28.871+0000] {logging_mixin.py:190} INFO - [2025-12-24T09:10:28.870+0000] {dag.py:4180} INFO - Setting next_dagrun for example_params_trigger_ui to None, run_after=None
[2025-12-24T09:10:28.894+0000] {processor.py:208} INFO - Processing /home/airflow/.local/lib/python3.11/site-packages/airflow/example_dags/example_params_trigger_ui.py took 0.130 seconds
[2025-12-24T09:10:51.712+0000] {processor.py:186} INFO - Started process (PID=1350) to work on /home/airflow/.local/lib/python3.11/site-packages/airflow/example_dags/example_params_trigger_ui.py
[2025-12-24T09:10:51.714+0000] {processor.py:914} INFO - Processing file /home/airflow/.local/lib/python3.11/site-packages/airflow/example_dags/example_params_trigger_ui.py for tasks to queue
[2025-12-24T09:10:51.718+0000] {logging_mixin.py:190} INFO - [2025-12-24T09:10:51.717+0000] {dagbag.py:588} INFO - Filling up the DagBag from /home/airflow/.local/lib/python3.11/site-packages/airflow/example_dags/example_params_trigger_ui.py
[2025-12-24T09:10:51.733+0000] {processor.py:925} INFO - DAG(s) 'example_params_trigger_ui' retrieved from /home/airflow/.local/lib/python3.11/site-packages/airflow/example_dags/example_params_trigger_ui.py
[2025-12-24T09:10:51.786+0000] {logging_mixin.py:190} INFO - [2025-12-24T09:10:51.786+0000] {dag.py:3239} INFO - Sync 1 DAGs
[2025-12-24T09:10:51.802+0000] {logging_mixin.py:190} INFO - [2025-12-24T09:10:51.802+0000] {dag.py:4180} INFO - Setting next_dagrun for example_params_trigger_ui to None, run_after=None
[2025-12-24T09:10:51.826+0000] {processor.py:208} INFO - Processing /home/airflow/.local/lib/python3.11/site-packages/airflow/example_dags/example_params_trigger_ui.py took 0.124 seconds
[2025-12-24T09:11:02.215+0000] {processor.py:186} INFO - Started process (PID=1407) to work on /home/airflow/.local/lib/python3.11/site-packages/airflow/example_dags/example_params_trigger_ui.py
[2025-12-24T09:11:02.217+0000] {processor.py:914} INFO - Processing file /home/airflow/.local/lib/python3.11/site-packages/airflow/example_dags/example_params_trigger_ui.py for tasks to queue
[2025-12-24T09:11:02.222+0000] {logging_mixin.py:190} INFO - [2025-12-24T09:11:02.222+0000] {dagbag.py:588} INFO - Filling up the DagBag from /home/airflow/.local/lib/python3.11/site-packages/airflow/example_dags/example_params_trigger_ui.py
[2025-12-24T09:11:02.245+0000] {processor.py:925} INFO - DAG(s) 'example_params_trigger_ui' retrieved from /home/airflow/.local/lib/python3.11/site-packages/airflow/example_dags/example_params_trigger_ui.py
[2025-12-24T09:11:02.304+0000] {logging_mixin.py:190} INFO - [2025-12-24T09:11:02.304+0000] {dag.py:3239} INFO - Sync 1 DAGs
[2025-12-24T09:11:02.325+0000] {logging_mixin.py:190} INFO - [2025-12-24T09:11:02.325+0000] {dag.py:4180} INFO - Setting next_dagrun for example_params_trigger_ui to None, run_after=None
[2025-12-24T09:11:02.352+0000] {processor.py:208} INFO - Processing /home/airflow/.local/lib/python3.11/site-packages/airflow/example_dags/example_params_trigger_ui.py took 0.148 seconds
[2025-12-24T09:11:33.457+0000] {processor.py:186} INFO - Started process (PID=1469) to work on /home/airflow/.local/lib/python3.11/site-packages/airflow/example_dags/example_params_trigger_ui.py
[2025-12-24T09:11:33.458+0000] {processor.py:914} INFO - Processing file /home/airflow/.local/lib/python3.11/site-packages/airflow/example_dags/example_params_trigger_ui.py for tasks to queue
[2025-12-24T09:11:33.462+0000] {logging_mixin.py:190} INFO - [2025-12-24T09:11:33.461+0000] {dagbag.py:588} INFO - Filling up the DagBag from /home/airflow/.local/lib/python3.11/site-packages/airflow/example_dags/example_params_trigger_ui.py
[2025-12-24T09:11:33.476+0000] {processor.py:925} INFO - DAG(s) 'example_params_trigger_ui' retrieved from /home/airflow/.local/lib/python3.11/site-packages/airflow/example_dags/example_params_trigger_ui.py
[2025-12-24T09:11:33.532+0000] {logging_mixin.py:190} INFO - [2025-12-24T09:11:33.531+0000] {dag.py:3239} INFO - Sync 1 DAGs
[2025-12-24T09:11:33.548+0000] {logging_mixin.py:190} INFO - [2025-12-24T09:11:33.548+0000] {dag.py:4180} INFO - Setting next_dagrun for example_params_trigger_ui to None, run_after=None
[2025-12-24T09:11:33.574+0000] {processor.py:208} INFO - Processing /home/airflow/.local/lib/python3.11/site-packages/airflow/example_dags/example_params_trigger_ui.py took 0.126 seconds
[2025-12-24T09:12:34.717+0000] {processor.py:186} INFO - Started process (PID=1533) to work on /home/airflow/.local/lib/python3.11/site-packages/airflow/example_dags/example_params_trigger_ui.py
[2025-12-24T09:12:34.719+0000] {processor.py:914} INFO - Processing file /home/airflow/.local/lib/python3.11/site-packages/airflow/example_dags/example_params_trigger_ui.py for tasks to queue
[2025-12-24T09:12:34.723+0000] {logging_mixin.py:190} INFO - [2025-12-24T09:12:34.722+0000] {dagbag.py:588} INFO - Filling up the DagBag from /home/airflow/.local/lib/python3.11/site-packages/airflow/example_dags/example_params_trigger_ui.py
[2025-12-24T09:12:34.739+0000] {processor.py:925} INFO - DAG(s) 'example_params_trigger_ui' retrieved from /home/airflow/.local/lib/python3.11/site-packages/airflow/example_dags/example_params_trigger_ui.py
[2025-12-24T09:12:34.794+0000] {logging_mixin.py:190} INFO - [2025-12-24T09:12:34.793+0000] {dag.py:3239} INFO - Sync 1 DAGs
[2025-12-24T09:12:34.814+0000] {logging_mixin.py:190} INFO - [2025-12-24T09:12:34.814+0000] {dag.py:4180} INFO - Setting next_dagrun for example_params_trigger_ui to None, run_after=None
[2025-12-24T09:12:34.838+0000] {processor.py:208} INFO - Processing /home/airflow/.local/lib/python3.11/site-packages/airflow/example_dags/example_params_trigger_ui.py took 0.130 seconds
[2025-12-24T09:13:28.879+0000] {processor.py:186} INFO - Started process (PID=1599) to work on /home/airflow/.local/lib/python3.11/site-packages/airflow/example_dags/example_params_trigger_ui.py
[2025-12-24T09:13:28.880+0000] {processor.py:914} INFO - Processing file /home/airflow/.local/lib/python3.11/site-packages/airflow/example_dags/example_params_trigger_ui.py for tasks to queue
[2025-12-24T09:13:28.885+0000] {logging_mixin.py:190} INFO - [2025-12-24T09:13:28.884+0000] {dagbag.py:588} INFO - Filling up the DagBag from /home/airflow/.local/lib/python3.11/site-packages/airflow/example_dags/example_params_trigger_ui.py
[2025-12-24T09:13:28.903+0000] {processor.py:925} INFO - DAG(s) 'example_params_trigger_ui' retrieved from /home/airflow/.local/lib/python3.11/site-packages/airflow/example_dags/example_params_trigger_ui.py
[2025-12-24T09:13:28.958+0000] {logging_mixin.py:190} INFO - [2025-12-24T09:13:28.957+0000] {dag.py:3239} INFO - Sync 1 DAGs
[2025-12-24T09:13:28.978+0000] {logging_mixin.py:190} INFO - [2025-12-24T09:13:28.977+0000] {dag.py:4180} INFO - Setting next_dagrun for example_params_trigger_ui to None, run_after=None
[2025-12-24T09:13:29.003+0000] {processor.py:208} INFO - Processing /home/airflow/.local/lib/python3.11/site-packages/airflow/example_dags/example_params_trigger_ui.py took 0.137 seconds
[2025-12-24T09:14:29.880+0000] {processor.py:186} INFO - Started process (PID=1722) to work on /home/airflow/.local/lib/python3.11/site-packages/airflow/example_dags/example_params_trigger_ui.py
[2025-12-24T09:14:29.882+0000] {processor.py:914} INFO - Processing file /home/airflow/.local/lib/python3.11/site-packages/airflow/example_dags/example_params_trigger_ui.py for tasks to queue
[2025-12-24T09:14:29.885+0000] {logging_mixin.py:190} INFO - [2025-12-24T09:14:29.885+0000] {dagbag.py:588} INFO - Filling up the DagBag from /home/airflow/.local/lib/python3.11/site-packages/airflow/example_dags/example_params_trigger_ui.py
[2025-12-24T09:14:29.900+0000] {processor.py:925} INFO - DAG(s) 'example_params_trigger_ui' retrieved from /home/airflow/.local/lib/python3.11/site-packages/airflow/example_dags/example_params_trigger_ui.py
[2025-12-24T09:14:29.961+0000] {logging_mixin.py:190} INFO - [2025-12-24T09:14:29.960+0000] {dag.py:3239} INFO - Sync 1 DAGs
[2025-12-24T09:14:29.979+0000] {logging_mixin.py:190} INFO - [2025-12-24T09:14:29.979+0000] {dag.py:4180} INFO - Setting next_dagrun for example_params_trigger_ui to None, run_after=None
[2025-12-24T09:14:30.008+0000] {processor.py:208} INFO - Processing /home/airflow/.local/lib/python3.11/site-packages/airflow/example_dags/example_params_trigger_ui.py took 0.138 seconds
[2025-12-24T09:14:41.841+0000] {processor.py:186} INFO - Started process (PID=1788) to work on /home/airflow/.local/lib/python3.11/site-packages/airflow/example_dags/example_params_trigger_ui.py
[2025-12-24T09:14:41.842+0000] {processor.py:914} INFO - Processing file /home/airflow/.local/lib/python3.11/site-packages/airflow/example_dags/example_params_trigger_ui.py for tasks to queue
[2025-12-24T09:14:41.846+0000] {logging_mixin.py:190} INFO - [2025-12-24T09:14:41.845+0000] {dagbag.py:588} INFO - Filling up the DagBag from /home/airflow/.local/lib/python3.11/site-packages/airflow/example_dags/example_params_trigger_ui.py
[2025-12-24T09:14:41.861+0000] {processor.py:925} INFO - DAG(s) 'example_params_trigger_ui' retrieved from /home/airflow/.local/lib/python3.11/site-packages/airflow/example_dags/example_params_trigger_ui.py
[2025-12-24T09:14:41.914+0000] {logging_mixin.py:190} INFO - [2025-12-24T09:14:41.914+0000] {dag.py:3239} INFO - Sync 1 DAGs
[2025-12-24T09:14:41.931+0000] {logging_mixin.py:190} INFO - [2025-12-24T09:14:41.931+0000] {dag.py:4180} INFO - Setting next_dagrun for example_params_trigger_ui to None, run_after=None
[2025-12-24T09:14:41.959+0000] {processor.py:208} INFO - Processing /home/airflow/.local/lib/python3.11/site-packages/airflow/example_dags/example_params_trigger_ui.py took 0.128 seconds
[2025-12-24T09:15:13.566+0000] {processor.py:186} INFO - Started process (PID=1851) to work on /home/airflow/.local/lib/python3.11/site-packages/airflow/example_dags/example_params_trigger_ui.py
[2025-12-24T09:15:13.568+0000] {processor.py:914} INFO - Processing file /home/airflow/.local/lib/python3.11/site-packages/airflow/example_dags/example_params_trigger_ui.py for tasks to queue
[2025-12-24T09:15:13.573+0000] {logging_mixin.py:190} INFO - [2025-12-24T09:15:13.572+0000] {dagbag.py:588} INFO - Filling up the DagBag from /home/airflow/.local/lib/python3.11/site-packages/airflow/example_dags/example_params_trigger_ui.py
[2025-12-24T09:15:13.594+0000] {processor.py:925} INFO - DAG(s) 'example_params_trigger_ui' retrieved from /home/airflow/.local/lib/python3.11/site-packages/airflow/example_dags/example_params_trigger_ui.py
[2025-12-24T09:15:13.664+0000] {logging_mixin.py:190} INFO - [2025-12-24T09:15:13.663+0000] {dag.py:3239} INFO - Sync 1 DAGs
[2025-12-24T09:15:13.687+0000] {logging_mixin.py:190} INFO - [2025-12-24T09:15:13.686+0000] {dag.py:4180} INFO - Setting next_dagrun for example_params_trigger_ui to None, run_after=None
[2025-12-24T09:15:13.720+0000] {processor.py:208} INFO - Processing /home/airflow/.local/lib/python3.11/site-packages/airflow/example_dags/example_params_trigger_ui.py took 0.166 seconds
[2025-12-24T09:15:44.537+0000] {processor.py:186} INFO - Started process (PID=1912) to work on /home/airflow/.local/lib/python3.11/site-packages/airflow/example_dags/example_params_trigger_ui.py
[2025-12-24T09:15:44.539+0000] {processor.py:914} INFO - Processing file /home/airflow/.local/lib/python3.11/site-packages/airflow/example_dags/example_params_trigger_ui.py for tasks to queue
[2025-12-24T09:15:44.543+0000] {logging_mixin.py:190} INFO - [2025-12-24T09:15:44.542+0000] {dagbag.py:588} INFO - Filling up the DagBag from /home/airflow/.local/lib/python3.11/site-packages/airflow/example_dags/example_params_trigger_ui.py
[2025-12-24T09:15:44.560+0000] {processor.py:925} INFO - DAG(s) 'example_params_trigger_ui' retrieved from /home/airflow/.local/lib/python3.11/site-packages/airflow/example_dags/example_params_trigger_ui.py
[2025-12-24T09:15:44.617+0000] {logging_mixin.py:190} INFO - [2025-12-24T09:15:44.617+0000] {dag.py:3239} INFO - Sync 1 DAGs
[2025-12-24T09:15:44.635+0000] {logging_mixin.py:190} INFO - [2025-12-24T09:15:44.635+0000] {dag.py:4180} INFO - Setting next_dagrun for example_params_trigger_ui to None, run_after=None
[2025-12-24T09:15:44.663+0000] {processor.py:208} INFO - Processing /home/airflow/.local/lib/python3.11/site-packages/airflow/example_dags/example_params_trigger_ui.py took 0.138 seconds
[2025-12-24T09:16:44.149+0000] {processor.py:186} INFO - Started process (PID=1976) to work on /home/airflow/.local/lib/python3.11/site-packages/airflow/example_dags/example_params_trigger_ui.py
[2025-12-24T09:16:44.152+0000] {processor.py:914} INFO - Processing file /home/airflow/.local/lib/python3.11/site-packages/airflow/example_dags/example_params_trigger_ui.py for tasks to queue
[2025-12-24T09:16:44.160+0000] {logging_mixin.py:190} INFO - [2025-12-24T09:16:44.159+0000] {dagbag.py:588} INFO - Filling up the DagBag from /home/airflow/.local/lib/python3.11/site-packages/airflow/example_dags/example_params_trigger_ui.py
[2025-12-24T09:16:44.193+0000] {processor.py:925} INFO - DAG(s) 'example_params_trigger_ui' retrieved from /home/airflow/.local/lib/python3.11/site-packages/airflow/example_dags/example_params_trigger_ui.py
[2025-12-24T09:16:44.277+0000] {logging_mixin.py:190} INFO - [2025-12-24T09:16:44.276+0000] {dag.py:3239} INFO - Sync 1 DAGs
[2025-12-24T09:16:44.306+0000] {logging_mixin.py:190} INFO - [2025-12-24T09:16:44.306+0000] {dag.py:4180} INFO - Setting next_dagrun for example_params_trigger_ui to None, run_after=None
[2025-12-24T09:16:44.340+0000] {processor.py:208} INFO - Processing /home/airflow/.local/lib/python3.11/site-packages/airflow/example_dags/example_params_trigger_ui.py took 0.214 seconds
[2025-12-24T09:23:45.207+0000] {processor.py:186} INFO - Started process (PID=127) to work on /home/airflow/.local/lib/python3.11/site-packages/airflow/example_dags/example_params_trigger_ui.py
[2025-12-24T09:23:45.209+0000] {processor.py:914} INFO - Processing file /home/airflow/.local/lib/python3.11/site-packages/airflow/example_dags/example_params_trigger_ui.py for tasks to queue
[2025-12-24T09:23:45.215+0000] {logging_mixin.py:190} INFO - [2025-12-24T09:23:45.215+0000] {dagbag.py:588} INFO - Filling up the DagBag from /home/airflow/.local/lib/python3.11/site-packages/airflow/example_dags/example_params_trigger_ui.py
[2025-12-24T09:23:45.237+0000] {processor.py:925} INFO - DAG(s) 'example_params_trigger_ui' retrieved from /home/airflow/.local/lib/python3.11/site-packages/airflow/example_dags/example_params_trigger_ui.py
[2025-12-24T09:23:45.476+0000] {logging_mixin.py:190} INFO - [2025-12-24T09:23:45.473+0000] {override.py:1911} INFO - Created Permission View: can delete on DAG:example_params_trigger_ui
[2025-12-24T09:23:45.512+0000] {logging_mixin.py:190} INFO - [2025-12-24T09:23:45.511+0000] {override.py:1911} INFO - Created Permission View: can read on DAG:example_params_trigger_ui
[2025-12-24T09:23:45.533+0000] {logging_mixin.py:190} INFO - [2025-12-24T09:23:45.532+0000] {override.py:1911} INFO - Created Permission View: can edit on DAG:example_params_trigger_ui
[2025-12-24T09:23:45.565+0000] {logging_mixin.py:190} INFO - [2025-12-24T09:23:45.564+0000] {override.py:1911} INFO - Created Permission View: menu access on DAG Run:example_params_trigger_ui
[2025-12-24T09:23:45.588+0000] {logging_mixin.py:190} INFO - [2025-12-24T09:23:45.587+0000] {override.py:1911} INFO - Created Permission View: can create on DAG Run:example_params_trigger_ui
[2025-12-24T09:23:45.628+0000] {logging_mixin.py:190} INFO - [2025-12-24T09:23:45.627+0000] {override.py:1911} INFO - Created Permission View: can delete on DAG Run:example_params_trigger_ui
[2025-12-24T09:23:45.644+0000] {logging_mixin.py:190} INFO - [2025-12-24T09:23:45.644+0000] {override.py:1911} INFO - Created Permission View: can read on DAG Run:example_params_trigger_ui
[2025-12-24T09:23:45.646+0000] {logging_mixin.py:190} INFO - [2025-12-24T09:23:45.645+0000] {dag.py:3239} INFO - Sync 1 DAGs
[2025-12-24T09:23:45.667+0000] {logging_mixin.py:190} INFO - [2025-12-24T09:23:45.667+0000] {dag.py:3262} INFO - Creating ORM DAG for example_params_trigger_ui
[2025-12-24T09:23:45.669+0000] {logging_mixin.py:190} INFO - [2025-12-24T09:23:45.669+0000] {dag.py:4180} INFO - Setting next_dagrun for example_params_trigger_ui to None, run_after=None
[2025-12-24T09:23:45.705+0000] {processor.py:208} INFO - Processing /home/airflow/.local/lib/python3.11/site-packages/airflow/example_dags/example_params_trigger_ui.py took 0.510 seconds
[2025-12-24T09:23:59.978+0000] {processor.py:186} INFO - Started process (PID=161) to work on /home/airflow/.local/lib/python3.11/site-packages/airflow/example_dags/example_params_trigger_ui.py
[2025-12-24T09:23:59.981+0000] {processor.py:914} INFO - Processing file /home/airflow/.local/lib/python3.11/site-packages/airflow/example_dags/example_params_trigger_ui.py for tasks to queue
[2025-12-24T09:23:59.986+0000] {logging_mixin.py:190} INFO - [2025-12-24T09:23:59.986+0000] {dagbag.py:588} INFO - Filling up the DagBag from /home/airflow/.local/lib/python3.11/site-packages/airflow/example_dags/example_params_trigger_ui.py
[2025-12-24T09:24:00.023+0000] {processor.py:925} INFO - DAG(s) 'example_params_trigger_ui' retrieved from /home/airflow/.local/lib/python3.11/site-packages/airflow/example_dags/example_params_trigger_ui.py
[2025-12-24T09:24:00.058+0000] {logging_mixin.py:190} INFO - [2025-12-24T09:24:00.057+0000] {dag.py:3239} INFO - Sync 1 DAGs
[2025-12-24T09:24:00.084+0000] {logging_mixin.py:190} INFO - [2025-12-24T09:24:00.084+0000] {dag.py:4180} INFO - Setting next_dagrun for example_params_trigger_ui to None, run_after=None
[2025-12-24T09:24:00.138+0000] {processor.py:208} INFO - Processing /home/airflow/.local/lib/python3.11/site-packages/airflow/example_dags/example_params_trigger_ui.py took 0.177 seconds
[2025-12-24T09:24:06.356+0000] {processor.py:186} INFO - Started process (PID=201) to work on /home/airflow/.local/lib/python3.11/site-packages/airflow/example_dags/example_params_trigger_ui.py
[2025-12-24T09:24:06.362+0000] {processor.py:914} INFO - Processing file /home/airflow/.local/lib/python3.11/site-packages/airflow/example_dags/example_params_trigger_ui.py for tasks to queue
[2025-12-24T09:24:06.384+0000] {logging_mixin.py:190} INFO - [2025-12-24T09:24:06.383+0000] {dagbag.py:588} INFO - Filling up the DagBag from /home/airflow/.local/lib/python3.11/site-packages/airflow/example_dags/example_params_trigger_ui.py
[2025-12-24T09:24:06.413+0000] {processor.py:925} INFO - DAG(s) 'example_params_trigger_ui' retrieved from /home/airflow/.local/lib/python3.11/site-packages/airflow/example_dags/example_params_trigger_ui.py
[2025-12-24T09:24:06.436+0000] {logging_mixin.py:190} INFO - [2025-12-24T09:24:06.436+0000] {dag.py:3239} INFO - Sync 1 DAGs
[2025-12-24T09:24:06.463+0000] {logging_mixin.py:190} INFO - [2025-12-24T09:24:06.463+0000] {dag.py:4180} INFO - Setting next_dagrun for example_params_trigger_ui to None, run_after=None
[2025-12-24T09:24:06.504+0000] {processor.py:208} INFO - Processing /home/airflow/.local/lib/python3.11/site-packages/airflow/example_dags/example_params_trigger_ui.py took 0.167 seconds
[2025-12-24T09:24:18.032+0000] {processor.py:186} INFO - Started process (PID=258) to work on /home/airflow/.local/lib/python3.11/site-packages/airflow/example_dags/example_params_trigger_ui.py
[2025-12-24T09:24:18.034+0000] {processor.py:914} INFO - Processing file /home/airflow/.local/lib/python3.11/site-packages/airflow/example_dags/example_params_trigger_ui.py for tasks to queue
[2025-12-24T09:24:18.039+0000] {logging_mixin.py:190} INFO - [2025-12-24T09:24:18.038+0000] {dagbag.py:588} INFO - Filling up the DagBag from /home/airflow/.local/lib/python3.11/site-packages/airflow/example_dags/example_params_trigger_ui.py
[2025-12-24T09:24:18.060+0000] {processor.py:925} INFO - DAG(s) 'example_params_trigger_ui' retrieved from /home/airflow/.local/lib/python3.11/site-packages/airflow/example_dags/example_params_trigger_ui.py
[2025-12-24T09:24:18.135+0000] {logging_mixin.py:190} INFO - [2025-12-24T09:24:18.134+0000] {dag.py:3239} INFO - Sync 1 DAGs
[2025-12-24T09:24:18.156+0000] {logging_mixin.py:190} INFO - [2025-12-24T09:24:18.156+0000] {dag.py:4180} INFO - Setting next_dagrun for example_params_trigger_ui to None, run_after=None
[2025-12-24T09:24:18.239+0000] {processor.py:208} INFO - Processing /home/airflow/.local/lib/python3.11/site-packages/airflow/example_dags/example_params_trigger_ui.py took 0.218 seconds
[2025-12-24T09:24:46.498+0000] {processor.py:186} INFO - Started process (PID=316) to work on /home/airflow/.local/lib/python3.11/site-packages/airflow/example_dags/example_params_trigger_ui.py
[2025-12-24T09:24:46.499+0000] {processor.py:914} INFO - Processing file /home/airflow/.local/lib/python3.11/site-packages/airflow/example_dags/example_params_trigger_ui.py for tasks to queue
[2025-12-24T09:24:46.504+0000] {logging_mixin.py:190} INFO - [2025-12-24T09:24:46.503+0000] {dagbag.py:588} INFO - Filling up the DagBag from /home/airflow/.local/lib/python3.11/site-packages/airflow/example_dags/example_params_trigger_ui.py
[2025-12-24T09:24:46.521+0000] {processor.py:925} INFO - DAG(s) 'example_params_trigger_ui' retrieved from /home/airflow/.local/lib/python3.11/site-packages/airflow/example_dags/example_params_trigger_ui.py
[2025-12-24T09:24:46.576+0000] {logging_mixin.py:190} INFO - [2025-12-24T09:24:46.575+0000] {dag.py:3239} INFO - Sync 1 DAGs
[2025-12-24T09:24:46.595+0000] {logging_mixin.py:190} INFO - [2025-12-24T09:24:46.595+0000] {dag.py:4180} INFO - Setting next_dagrun for example_params_trigger_ui to None, run_after=None
[2025-12-24T09:24:46.626+0000] {processor.py:208} INFO - Processing /home/airflow/.local/lib/python3.11/site-packages/airflow/example_dags/example_params_trigger_ui.py took 0.139 seconds
[2025-12-24T09:24:58.545+0000] {processor.py:186} INFO - Started process (PID=374) to work on /home/airflow/.local/lib/python3.11/site-packages/airflow/example_dags/example_params_trigger_ui.py
[2025-12-24T09:24:58.547+0000] {processor.py:914} INFO - Processing file /home/airflow/.local/lib/python3.11/site-packages/airflow/example_dags/example_params_trigger_ui.py for tasks to queue
[2025-12-24T09:24:58.551+0000] {logging_mixin.py:190} INFO - [2025-12-24T09:24:58.551+0000] {dagbag.py:588} INFO - Filling up the DagBag from /home/airflow/.local/lib/python3.11/site-packages/airflow/example_dags/example_params_trigger_ui.py
[2025-12-24T09:24:58.575+0000] {processor.py:925} INFO - DAG(s) 'example_params_trigger_ui' retrieved from /home/airflow/.local/lib/python3.11/site-packages/airflow/example_dags/example_params_trigger_ui.py
[2025-12-24T09:24:58.656+0000] {logging_mixin.py:190} INFO - [2025-12-24T09:24:58.654+0000] {dag.py:3239} INFO - Sync 1 DAGs
[2025-12-24T09:24:58.681+0000] {logging_mixin.py:190} INFO - [2025-12-24T09:24:58.680+0000] {dag.py:4180} INFO - Setting next_dagrun for example_params_trigger_ui to None, run_after=None
[2025-12-24T09:24:58.726+0000] {processor.py:208} INFO - Processing /home/airflow/.local/lib/python3.11/site-packages/airflow/example_dags/example_params_trigger_ui.py took 0.192 seconds
[2025-12-24T09:25:16.415+0000] {processor.py:186} INFO - Started process (PID=434) to work on /home/airflow/.local/lib/python3.11/site-packages/airflow/example_dags/example_params_trigger_ui.py
[2025-12-24T09:25:16.417+0000] {processor.py:914} INFO - Processing file /home/airflow/.local/lib/python3.11/site-packages/airflow/example_dags/example_params_trigger_ui.py for tasks to queue
[2025-12-24T09:25:16.421+0000] {logging_mixin.py:190} INFO - [2025-12-24T09:25:16.420+0000] {dagbag.py:588} INFO - Filling up the DagBag from /home/airflow/.local/lib/python3.11/site-packages/airflow/example_dags/example_params_trigger_ui.py
[2025-12-24T09:25:16.437+0000] {processor.py:925} INFO - DAG(s) 'example_params_trigger_ui' retrieved from /home/airflow/.local/lib/python3.11/site-packages/airflow/example_dags/example_params_trigger_ui.py
[2025-12-24T09:25:16.503+0000] {logging_mixin.py:190} INFO - [2025-12-24T09:25:16.501+0000] {dag.py:3239} INFO - Sync 1 DAGs
[2025-12-24T09:25:16.521+0000] {logging_mixin.py:190} INFO - [2025-12-24T09:25:16.521+0000] {dag.py:4180} INFO - Setting next_dagrun for example_params_trigger_ui to None, run_after=None
[2025-12-24T09:25:16.547+0000] {processor.py:208} INFO - Processing /home/airflow/.local/lib/python3.11/site-packages/airflow/example_dags/example_params_trigger_ui.py took 0.141 seconds
[2025-12-24T09:26:05.148+0000] {processor.py:186} INFO - Started process (PID=488) to work on /home/airflow/.local/lib/python3.11/site-packages/airflow/example_dags/example_params_trigger_ui.py
[2025-12-24T09:26:05.150+0000] {processor.py:914} INFO - Processing file /home/airflow/.local/lib/python3.11/site-packages/airflow/example_dags/example_params_trigger_ui.py for tasks to queue
[2025-12-24T09:26:05.154+0000] {logging_mixin.py:190} INFO - [2025-12-24T09:26:05.153+0000] {dagbag.py:588} INFO - Filling up the DagBag from /home/airflow/.local/lib/python3.11/site-packages/airflow/example_dags/example_params_trigger_ui.py
[2025-12-24T09:26:05.171+0000] {processor.py:925} INFO - DAG(s) 'example_params_trigger_ui' retrieved from /home/airflow/.local/lib/python3.11/site-packages/airflow/example_dags/example_params_trigger_ui.py
[2025-12-24T09:26:05.224+0000] {logging_mixin.py:190} INFO - [2025-12-24T09:26:05.223+0000] {dag.py:3239} INFO - Sync 1 DAGs
[2025-12-24T09:25:22.918+0000] {logging_mixin.py:190} INFO - [2025-12-24T09:25:22.918+0000] {dag.py:4180} INFO - Setting next_dagrun for example_params_trigger_ui to None, run_after=None
[2025-12-24T09:25:22.952+0000] {processor.py:208} INFO - Processing /home/airflow/.local/lib/python3.11/site-packages/airflow/example_dags/example_params_trigger_ui.py took 0.139 seconds
[2025-12-24T09:25:59.679+0000] {processor.py:186} INFO - Started process (PID=579) to work on /home/airflow/.local/lib/python3.11/site-packages/airflow/example_dags/example_params_trigger_ui.py
[2025-12-24T09:25:59.681+0000] {processor.py:914} INFO - Processing file /home/airflow/.local/lib/python3.11/site-packages/airflow/example_dags/example_params_trigger_ui.py for tasks to queue
[2025-12-24T09:25:59.689+0000] {logging_mixin.py:190} INFO - [2025-12-24T09:25:59.688+0000] {dagbag.py:588} INFO - Filling up the DagBag from /home/airflow/.local/lib/python3.11/site-packages/airflow/example_dags/example_params_trigger_ui.py
[2025-12-24T09:25:59.714+0000] {processor.py:925} INFO - DAG(s) 'example_params_trigger_ui' retrieved from /home/airflow/.local/lib/python3.11/site-packages/airflow/example_dags/example_params_trigger_ui.py
[2025-12-24T09:25:59.832+0000] {logging_mixin.py:190} INFO - [2025-12-24T09:25:59.831+0000] {dag.py:3239} INFO - Sync 1 DAGs
[2025-12-24T09:25:59.864+0000] {logging_mixin.py:190} INFO - [2025-12-24T09:25:59.863+0000] {dag.py:4180} INFO - Setting next_dagrun for example_params_trigger_ui to None, run_after=None
[2025-12-24T09:25:59.917+0000] {processor.py:208} INFO - Processing /home/airflow/.local/lib/python3.11/site-packages/airflow/example_dags/example_params_trigger_ui.py took 0.256 seconds
[2025-12-24T09:26:08.526+0000] {processor.py:186} INFO - Started process (PID=642) to work on /home/airflow/.local/lib/python3.11/site-packages/airflow/example_dags/example_params_trigger_ui.py
[2025-12-24T09:26:08.528+0000] {processor.py:914} INFO - Processing file /home/airflow/.local/lib/python3.11/site-packages/airflow/example_dags/example_params_trigger_ui.py for tasks to queue
[2025-12-24T09:26:08.532+0000] {logging_mixin.py:190} INFO - [2025-12-24T09:26:08.531+0000] {dagbag.py:588} INFO - Filling up the DagBag from /home/airflow/.local/lib/python3.11/site-packages/airflow/example_dags/example_params_trigger_ui.py
[2025-12-24T09:26:08.549+0000] {processor.py:925} INFO - DAG(s) 'example_params_trigger_ui' retrieved from /home/airflow/.local/lib/python3.11/site-packages/airflow/example_dags/example_params_trigger_ui.py
[2025-12-24T09:26:08.628+0000] {logging_mixin.py:190} INFO - [2025-12-24T09:26:08.626+0000] {dag.py:3239} INFO - Sync 1 DAGs
[2025-12-24T09:26:08.650+0000] {logging_mixin.py:190} INFO - [2025-12-24T09:26:08.649+0000] {dag.py:4180} INFO - Setting next_dagrun for example_params_trigger_ui to None, run_after=None
[2025-12-24T09:26:08.680+0000] {processor.py:208} INFO - Processing /home/airflow/.local/lib/python3.11/site-packages/airflow/example_dags/example_params_trigger_ui.py took 0.165 seconds
[2025-12-24T09:26:16.618+0000] {processor.py:186} INFO - Started process (PID=696) to work on /home/airflow/.local/lib/python3.11/site-packages/airflow/example_dags/example_params_trigger_ui.py
[2025-12-24T09:26:16.620+0000] {processor.py:914} INFO - Processing file /home/airflow/.local/lib/python3.11/site-packages/airflow/example_dags/example_params_trigger_ui.py for tasks to queue
[2025-12-24T09:26:16.626+0000] {logging_mixin.py:190} INFO - [2025-12-24T09:26:16.625+0000] {dagbag.py:588} INFO - Filling up the DagBag from /home/airflow/.local/lib/python3.11/site-packages/airflow/example_dags/example_params_trigger_ui.py
[2025-12-24T09:26:16.649+0000] {processor.py:925} INFO - DAG(s) 'example_params_trigger_ui' retrieved from /home/airflow/.local/lib/python3.11/site-packages/airflow/example_dags/example_params_trigger_ui.py
[2025-12-24T09:26:16.737+0000] {logging_mixin.py:190} INFO - [2025-12-24T09:26:16.734+0000] {dag.py:3239} INFO - Sync 1 DAGs
[2025-12-24T09:26:16.764+0000] {logging_mixin.py:190} INFO - [2025-12-24T09:26:16.763+0000] {dag.py:4180} INFO - Setting next_dagrun for example_params_trigger_ui to None, run_after=None
[2025-12-24T09:26:16.794+0000] {processor.py:208} INFO - Processing /home/airflow/.local/lib/python3.11/site-packages/airflow/example_dags/example_params_trigger_ui.py took 0.191 seconds
[2025-12-24T09:26:28.089+0000] {processor.py:186} INFO - Started process (PID=748) to work on /home/airflow/.local/lib/python3.11/site-packages/airflow/example_dags/example_params_trigger_ui.py
[2025-12-24T09:26:28.091+0000] {processor.py:914} INFO - Processing file /home/airflow/.local/lib/python3.11/site-packages/airflow/example_dags/example_params_trigger_ui.py for tasks to queue
[2025-12-24T09:26:28.096+0000] {logging_mixin.py:190} INFO - [2025-12-24T09:26:28.096+0000] {dagbag.py:588} INFO - Filling up the DagBag from /home/airflow/.local/lib/python3.11/site-packages/airflow/example_dags/example_params_trigger_ui.py
[2025-12-24T09:26:28.126+0000] {processor.py:925} INFO - DAG(s) 'example_params_trigger_ui' retrieved from /home/airflow/.local/lib/python3.11/site-packages/airflow/example_dags/example_params_trigger_ui.py
[2025-12-24T09:26:28.208+0000] {logging_mixin.py:190} INFO - [2025-12-24T09:26:28.207+0000] {dag.py:3239} INFO - Sync 1 DAGs
[2025-12-24T09:26:28.239+0000] {logging_mixin.py:190} INFO - [2025-12-24T09:26:28.239+0000] {dag.py:4180} INFO - Setting next_dagrun for example_params_trigger_ui to None, run_after=None
[2025-12-24T09:26:28.283+0000] {processor.py:208} INFO - Processing /home/airflow/.local/lib/python3.11/site-packages/airflow/example_dags/example_params_trigger_ui.py took 0.206 seconds
[2025-12-24T09:26:38.678+0000] {processor.py:186} INFO - Started process (PID=805) to work on /home/airflow/.local/lib/python3.11/site-packages/airflow/example_dags/example_params_trigger_ui.py
[2025-12-24T09:26:38.680+0000] {processor.py:914} INFO - Processing file /home/airflow/.local/lib/python3.11/site-packages/airflow/example_dags/example_params_trigger_ui.py for tasks to queue
[2025-12-24T09:26:38.684+0000] {logging_mixin.py:190} INFO - [2025-12-24T09:26:38.683+0000] {dagbag.py:588} INFO - Filling up the DagBag from /home/airflow/.local/lib/python3.11/site-packages/airflow/example_dags/example_params_trigger_ui.py
[2025-12-24T09:26:38.704+0000] {processor.py:925} INFO - DAG(s) 'example_params_trigger_ui' retrieved from /home/airflow/.local/lib/python3.11/site-packages/airflow/example_dags/example_params_trigger_ui.py
[2025-12-24T09:26:38.795+0000] {logging_mixin.py:190} INFO - [2025-12-24T09:26:38.794+0000] {dag.py:3239} INFO - Sync 1 DAGs
[2025-12-24T09:26:38.827+0000] {logging_mixin.py:190} INFO - [2025-12-24T09:26:38.826+0000] {dag.py:4180} INFO - Setting next_dagrun for example_params_trigger_ui to None, run_after=None
[2025-12-24T09:26:38.880+0000] {processor.py:208} INFO - Processing /home/airflow/.local/lib/python3.11/site-packages/airflow/example_dags/example_params_trigger_ui.py took 0.214 seconds
[2025-12-24T09:26:49.651+0000] {processor.py:186} INFO - Started process (PID=858) to work on /home/airflow/.local/lib/python3.11/site-packages/airflow/example_dags/example_params_trigger_ui.py
[2025-12-24T09:26:49.654+0000] {processor.py:914} INFO - Processing file /home/airflow/.local/lib/python3.11/site-packages/airflow/example_dags/example_params_trigger_ui.py for tasks to queue
[2025-12-24T09:26:49.658+0000] {logging_mixin.py:190} INFO - [2025-12-24T09:26:49.658+0000] {dagbag.py:588} INFO - Filling up the DagBag from /home/airflow/.local/lib/python3.11/site-packages/airflow/example_dags/example_params_trigger_ui.py
[2025-12-24T09:26:49.684+0000] {processor.py:925} INFO - DAG(s) 'example_params_trigger_ui' retrieved from /home/airflow/.local/lib/python3.11/site-packages/airflow/example_dags/example_params_trigger_ui.py
[2025-12-24T09:26:49.760+0000] {logging_mixin.py:190} INFO - [2025-12-24T09:26:49.760+0000] {dag.py:3239} INFO - Sync 1 DAGs
[2025-12-24T09:26:49.784+0000] {logging_mixin.py:190} INFO - [2025-12-24T09:26:49.784+0000] {dag.py:4180} INFO - Setting next_dagrun for example_params_trigger_ui to None, run_after=None
[2025-12-24T09:26:49.821+0000] {processor.py:208} INFO - Processing /home/airflow/.local/lib/python3.11/site-packages/airflow/example_dags/example_params_trigger_ui.py took 0.185 seconds
[2025-12-24T09:27:46.372+0000] {processor.py:186} INFO - Started process (PID=920) to work on /home/airflow/.local/lib/python3.11/site-packages/airflow/example_dags/example_params_trigger_ui.py
[2025-12-24T09:27:46.374+0000] {processor.py:914} INFO - Processing file /home/airflow/.local/lib/python3.11/site-packages/airflow/example_dags/example_params_trigger_ui.py for tasks to queue
[2025-12-24T09:27:46.378+0000] {logging_mixin.py:190} INFO - [2025-12-24T09:27:46.378+0000] {dagbag.py:588} INFO - Filling up the DagBag from /home/airflow/.local/lib/python3.11/site-packages/airflow/example_dags/example_params_trigger_ui.py
[2025-12-24T09:27:46.406+0000] {processor.py:925} INFO - DAG(s) 'example_params_trigger_ui' retrieved from /home/airflow/.local/lib/python3.11/site-packages/airflow/example_dags/example_params_trigger_ui.py
[2025-12-24T09:27:46.466+0000] {logging_mixin.py:190} INFO - [2025-12-24T09:27:46.465+0000] {dag.py:3239} INFO - Sync 1 DAGs
[2025-12-24T09:27:46.485+0000] {logging_mixin.py:190} INFO - [2025-12-24T09:27:46.485+0000] {dag.py:4180} INFO - Setting next_dagrun for example_params_trigger_ui to None, run_after=None
[2025-12-24T09:27:46.526+0000] {processor.py:208} INFO - Processing /home/airflow/.local/lib/python3.11/site-packages/airflow/example_dags/example_params_trigger_ui.py took 0.165 seconds
[2025-12-24T09:27:54.139+0000] {processor.py:186} INFO - Started process (PID=989) to work on /home/airflow/.local/lib/python3.11/site-packages/airflow/example_dags/example_params_trigger_ui.py
[2025-12-24T09:27:54.141+0000] {processor.py:914} INFO - Processing file /home/airflow/.local/lib/python3.11/site-packages/airflow/example_dags/example_params_trigger_ui.py for tasks to queue
[2025-12-24T09:27:54.147+0000] {logging_mixin.py:190} INFO - [2025-12-24T09:27:54.147+0000] {dagbag.py:588} INFO - Filling up the DagBag from /home/airflow/.local/lib/python3.11/site-packages/airflow/example_dags/example_params_trigger_ui.py
[2025-12-24T09:27:54.170+0000] {processor.py:925} INFO - DAG(s) 'example_params_trigger_ui' retrieved from /home/airflow/.local/lib/python3.11/site-packages/airflow/example_dags/example_params_trigger_ui.py
[2025-12-24T09:27:54.253+0000] {logging_mixin.py:190} INFO - [2025-12-24T09:27:54.252+0000] {dag.py:3239} INFO - Sync 1 DAGs
[2025-12-24T09:27:54.279+0000] {logging_mixin.py:190} INFO - [2025-12-24T09:27:54.279+0000] {dag.py:4180} INFO - Setting next_dagrun for example_params_trigger_ui to None, run_after=None
[2025-12-24T09:27:54.315+0000] {processor.py:208} INFO - Processing /home/airflow/.local/lib/python3.11/site-packages/airflow/example_dags/example_params_trigger_ui.py took 0.191 seconds
[2025-12-24T09:28:04.198+0000] {processor.py:186} INFO - Started process (PID=1054) to work on /home/airflow/.local/lib/python3.11/site-packages/airflow/example_dags/example_params_trigger_ui.py
[2025-12-24T09:28:04.208+0000] {processor.py:914} INFO - Processing file /home/airflow/.local/lib/python3.11/site-packages/airflow/example_dags/example_params_trigger_ui.py for tasks to queue
[2025-12-24T09:28:04.213+0000] {logging_mixin.py:190} INFO - [2025-12-24T09:28:04.213+0000] {dagbag.py:588} INFO - Filling up the DagBag from /home/airflow/.local/lib/python3.11/site-packages/airflow/example_dags/example_params_trigger_ui.py
[2025-12-24T09:28:04.239+0000] {processor.py:925} INFO - DAG(s) 'example_params_trigger_ui' retrieved from /home/airflow/.local/lib/python3.11/site-packages/airflow/example_dags/example_params_trigger_ui.py
[2025-12-24T09:28:04.317+0000] {logging_mixin.py:190} INFO - [2025-12-24T09:28:04.316+0000] {dag.py:3239} INFO - Sync 1 DAGs
[2025-12-24T09:28:04.344+0000] {logging_mixin.py:190} INFO - [2025-12-24T09:28:04.344+0000] {dag.py:4180} INFO - Setting next_dagrun for example_params_trigger_ui to None, run_after=None
[2025-12-24T09:28:04.402+0000] {processor.py:208} INFO - Processing /home/airflow/.local/lib/python3.11/site-packages/airflow/example_dags/example_params_trigger_ui.py took 0.223 seconds
[2025-12-24T09:28:18.537+0000] {processor.py:186} INFO - Started process (PID=1111) to work on /home/airflow/.local/lib/python3.11/site-packages/airflow/example_dags/example_params_trigger_ui.py
[2025-12-24T09:28:18.539+0000] {processor.py:914} INFO - Processing file /home/airflow/.local/lib/python3.11/site-packages/airflow/example_dags/example_params_trigger_ui.py for tasks to queue
[2025-12-24T09:28:18.543+0000] {logging_mixin.py:190} INFO - [2025-12-24T09:28:18.543+0000] {dagbag.py:588} INFO - Filling up the DagBag from /home/airflow/.local/lib/python3.11/site-packages/airflow/example_dags/example_params_trigger_ui.py
[2025-12-24T09:28:18.561+0000] {processor.py:925} INFO - DAG(s) 'example_params_trigger_ui' retrieved from /home/airflow/.local/lib/python3.11/site-packages/airflow/example_dags/example_params_trigger_ui.py
[2025-12-24T09:28:18.629+0000] {logging_mixin.py:190} INFO - [2025-12-24T09:28:18.628+0000] {dag.py:3239} INFO - Sync 1 DAGs
[2025-12-24T09:28:18.647+0000] {logging_mixin.py:190} INFO - [2025-12-24T09:28:18.647+0000] {dag.py:4180} INFO - Setting next_dagrun for example_params_trigger_ui to None, run_after=None
[2025-12-24T09:28:18.694+0000] {processor.py:208} INFO - Processing /home/airflow/.local/lib/python3.11/site-packages/airflow/example_dags/example_params_trigger_ui.py took 0.167 seconds
[2025-12-24T09:29:16.944+0000] {processor.py:186} INFO - Started process (PID=1171) to work on /home/airflow/.local/lib/python3.11/site-packages/airflow/example_dags/example_params_trigger_ui.py
[2025-12-24T09:29:16.945+0000] {processor.py:914} INFO - Processing file /home/airflow/.local/lib/python3.11/site-packages/airflow/example_dags/example_params_trigger_ui.py for tasks to queue
[2025-12-24T09:29:16.950+0000] {logging_mixin.py:190} INFO - [2025-12-24T09:29:16.949+0000] {dagbag.py:588} INFO - Filling up the DagBag from /home/airflow/.local/lib/python3.11/site-packages/airflow/example_dags/example_params_trigger_ui.py
[2025-12-24T09:29:16.970+0000] {processor.py:925} INFO - DAG(s) 'example_params_trigger_ui' retrieved from /home/airflow/.local/lib/python3.11/site-packages/airflow/example_dags/example_params_trigger_ui.py
[2025-12-24T09:29:17.053+0000] {logging_mixin.py:190} INFO - [2025-12-24T09:29:17.053+0000] {dag.py:3239} INFO - Sync 1 DAGs
[2025-12-24T09:29:17.074+0000] {logging_mixin.py:190} INFO - [2025-12-24T09:29:17.073+0000] {dag.py:4180} INFO - Setting next_dagrun for example_params_trigger_ui to None, run_after=None
[2025-12-24T09:29:17.103+0000] {processor.py:208} INFO - Processing /home/airflow/.local/lib/python3.11/site-packages/airflow/example_dags/example_params_trigger_ui.py took 0.172 seconds
