[2025-12-24T09:03:03.284+0000] {processor.py:186} INFO - Started process (PID=111) to work on /home/airflow/.local/lib/python3.11/site-packages/airflow/example_dags/example_nested_branch_dag.py
[2025-12-24T09:03:03.286+0000] {processor.py:914} INFO - Processing file /home/airflow/.local/lib/python3.11/site-packages/airflow/example_dags/example_nested_branch_dag.py for tasks to queue
[2025-12-24T09:03:03.292+0000] {logging_mixin.py:190} INFO - [2025-12-24T09:03:03.291+0000] {dagbag.py:588} INFO - Filling up the DagBag from /home/airflow/.local/lib/python3.11/site-packages/airflow/example_dags/example_nested_branch_dag.py
[2025-12-24T09:03:03.320+0000] {processor.py:925} INFO - DAG(s) 'example_nested_branch_dag' retrieved from /home/airflow/.local/lib/python3.11/site-packages/airflow/example_dags/example_nested_branch_dag.py
[2025-12-24T09:03:03.539+0000] {logging_mixin.py:190} INFO - [2025-12-24T09:03:03.538+0000] {override.py:1911} INFO - Created Permission View: can edit on DAG:example_nested_branch_dag
[2025-12-24T09:03:03.562+0000] {logging_mixin.py:190} INFO - [2025-12-24T09:03:03.561+0000] {override.py:1911} INFO - Created Permission View: can read on DAG:example_nested_branch_dag
[2025-12-24T09:03:03.586+0000] {logging_mixin.py:190} INFO - [2025-12-24T09:03:03.586+0000] {override.py:1911} INFO - Created Permission View: can delete on DAG:example_nested_branch_dag
[2025-12-24T09:03:03.612+0000] {logging_mixin.py:190} INFO - [2025-12-24T09:03:03.612+0000] {override.py:1911} INFO - Created Permission View: can read on DAG Run:example_nested_branch_dag
[2025-12-24T09:03:03.628+0000] {logging_mixin.py:190} INFO - [2025-12-24T09:03:03.628+0000] {override.py:1911} INFO - Created Permission View: can create on DAG Run:example_nested_branch_dag
[2025-12-24T09:03:03.651+0000] {logging_mixin.py:190} INFO - [2025-12-24T09:03:03.651+0000] {override.py:1911} INFO - Created Permission View: can delete on DAG Run:example_nested_branch_dag
[2025-12-24T09:03:03.669+0000] {logging_mixin.py:190} INFO - [2025-12-24T09:03:03.668+0000] {override.py:1911} INFO - Created Permission View: menu access on DAG Run:example_nested_branch_dag
[2025-12-24T09:03:03.670+0000] {logging_mixin.py:190} INFO - [2025-12-24T09:03:03.669+0000] {dag.py:3239} INFO - Sync 1 DAGs
[2025-12-24T09:03:03.694+0000] {logging_mixin.py:190} INFO - [2025-12-24T09:03:03.694+0000] {dag.py:3262} INFO - Creating ORM DAG for example_nested_branch_dag
[2025-12-24T09:03:03.714+0000] {logging_mixin.py:190} INFO - [2025-12-24T09:03:03.714+0000] {dag.py:4180} INFO - Setting next_dagrun for example_nested_branch_dag to 2025-12-23 00:00:00+00:00, run_after=2025-12-24 00:00:00+00:00
[2025-12-24T09:03:03.758+0000] {processor.py:208} INFO - Processing /home/airflow/.local/lib/python3.11/site-packages/airflow/example_dags/example_nested_branch_dag.py took 0.487 seconds
[2025-12-24T09:03:14.661+0000] {processor.py:186} INFO - Started process (PID=177) to work on /home/airflow/.local/lib/python3.11/site-packages/airflow/example_dags/example_nested_branch_dag.py
[2025-12-24T09:03:14.663+0000] {processor.py:914} INFO - Processing file /home/airflow/.local/lib/python3.11/site-packages/airflow/example_dags/example_nested_branch_dag.py for tasks to queue
[2025-12-24T09:03:14.667+0000] {logging_mixin.py:190} INFO - [2025-12-24T09:03:14.667+0000] {dagbag.py:588} INFO - Filling up the DagBag from /home/airflow/.local/lib/python3.11/site-packages/airflow/example_dags/example_nested_branch_dag.py
[2025-12-24T09:03:14.692+0000] {processor.py:925} INFO - DAG(s) 'example_nested_branch_dag' retrieved from /home/airflow/.local/lib/python3.11/site-packages/airflow/example_dags/example_nested_branch_dag.py
[2025-12-24T09:03:14.741+0000] {logging_mixin.py:190} INFO - [2025-12-24T09:03:14.740+0000] {dag.py:3239} INFO - Sync 1 DAGs
[2025-12-24T09:03:14.775+0000] {logging_mixin.py:190} INFO - [2025-12-24T09:03:14.775+0000] {dag.py:4180} INFO - Setting next_dagrun for example_nested_branch_dag to 2025-12-23 00:00:00+00:00, run_after=2025-12-24 00:00:00+00:00
[2025-12-24T09:03:14.808+0000] {processor.py:208} INFO - Processing /home/airflow/.local/lib/python3.11/site-packages/airflow/example_dags/example_nested_branch_dag.py took 0.159 seconds
[2025-12-24T09:04:18.141+0000] {processor.py:186} INFO - Started process (PID=234) to work on /home/airflow/.local/lib/python3.11/site-packages/airflow/example_dags/example_nested_branch_dag.py
[2025-12-24T09:04:18.143+0000] {processor.py:914} INFO - Processing file /home/airflow/.local/lib/python3.11/site-packages/airflow/example_dags/example_nested_branch_dag.py for tasks to queue
[2025-12-24T09:04:18.146+0000] {logging_mixin.py:190} INFO - [2025-12-24T09:04:18.146+0000] {dagbag.py:588} INFO - Filling up the DagBag from /home/airflow/.local/lib/python3.11/site-packages/airflow/example_dags/example_nested_branch_dag.py
[2025-12-24T09:04:18.177+0000] {processor.py:925} INFO - DAG(s) 'example_nested_branch_dag' retrieved from /home/airflow/.local/lib/python3.11/site-packages/airflow/example_dags/example_nested_branch_dag.py
[2025-12-24T09:04:18.212+0000] {logging_mixin.py:190} INFO - [2025-12-24T09:04:18.211+0000] {dag.py:3239} INFO - Sync 1 DAGs
[2025-12-24T09:04:18.243+0000] {logging_mixin.py:190} INFO - [2025-12-24T09:04:18.242+0000] {dag.py:4180} INFO - Setting next_dagrun for example_nested_branch_dag to 2025-12-23 00:00:00+00:00, run_after=2025-12-24 00:00:00+00:00
[2025-12-24T09:04:18.267+0000] {processor.py:208} INFO - Processing /home/airflow/.local/lib/python3.11/site-packages/airflow/example_dags/example_nested_branch_dag.py took 0.136 seconds
[2025-12-24T09:04:58.058+0000] {processor.py:186} INFO - Started process (PID=306) to work on /home/airflow/.local/lib/python3.11/site-packages/airflow/example_dags/example_nested_branch_dag.py
[2025-12-24T09:04:58.061+0000] {processor.py:914} INFO - Processing file /home/airflow/.local/lib/python3.11/site-packages/airflow/example_dags/example_nested_branch_dag.py for tasks to queue
[2025-12-24T09:04:58.066+0000] {logging_mixin.py:190} INFO - [2025-12-24T09:04:58.066+0000] {dagbag.py:588} INFO - Filling up the DagBag from /home/airflow/.local/lib/python3.11/site-packages/airflow/example_dags/example_nested_branch_dag.py
[2025-12-24T09:04:58.091+0000] {processor.py:925} INFO - DAG(s) 'example_nested_branch_dag' retrieved from /home/airflow/.local/lib/python3.11/site-packages/airflow/example_dags/example_nested_branch_dag.py
[2025-12-24T09:04:58.136+0000] {logging_mixin.py:190} INFO - [2025-12-24T09:04:58.135+0000] {dag.py:3239} INFO - Sync 1 DAGs
[2025-12-24T09:04:58.189+0000] {logging_mixin.py:190} INFO - [2025-12-24T09:04:58.188+0000] {dag.py:4180} INFO - Setting next_dagrun for example_nested_branch_dag to 2025-12-23 00:00:00+00:00, run_after=2025-12-24 00:00:00+00:00
[2025-12-24T09:04:15.886+0000] {processor.py:208} INFO - Processing /home/airflow/.local/lib/python3.11/site-packages/airflow/example_dags/example_nested_branch_dag.py took 0.197 seconds
[2025-12-24T09:04:45.434+0000] {processor.py:186} INFO - Started process (PID=368) to work on /home/airflow/.local/lib/python3.11/site-packages/airflow/example_dags/example_nested_branch_dag.py
[2025-12-24T09:04:45.436+0000] {processor.py:914} INFO - Processing file /home/airflow/.local/lib/python3.11/site-packages/airflow/example_dags/example_nested_branch_dag.py for tasks to queue
[2025-12-24T09:04:45.440+0000] {logging_mixin.py:190} INFO - [2025-12-24T09:04:45.440+0000] {dagbag.py:588} INFO - Filling up the DagBag from /home/airflow/.local/lib/python3.11/site-packages/airflow/example_dags/example_nested_branch_dag.py
[2025-12-24T09:04:45.464+0000] {processor.py:925} INFO - DAG(s) 'example_nested_branch_dag' retrieved from /home/airflow/.local/lib/python3.11/site-packages/airflow/example_dags/example_nested_branch_dag.py
[2025-12-24T09:04:45.522+0000] {logging_mixin.py:190} INFO - [2025-12-24T09:04:45.519+0000] {dag.py:3239} INFO - Sync 1 DAGs
[2025-12-24T09:04:45.566+0000] {logging_mixin.py:190} INFO - [2025-12-24T09:04:45.566+0000] {dag.py:4180} INFO - Setting next_dagrun for example_nested_branch_dag to 2025-12-23 00:00:00+00:00, run_after=2025-12-24 00:00:00+00:00
[2025-12-24T09:04:45.597+0000] {processor.py:208} INFO - Processing /home/airflow/.local/lib/python3.11/site-packages/airflow/example_dags/example_nested_branch_dag.py took 0.173 seconds
[2025-12-24T09:04:55.285+0000] {processor.py:186} INFO - Started process (PID=428) to work on /home/airflow/.local/lib/python3.11/site-packages/airflow/example_dags/example_nested_branch_dag.py
[2025-12-24T09:04:55.287+0000] {processor.py:914} INFO - Processing file /home/airflow/.local/lib/python3.11/site-packages/airflow/example_dags/example_nested_branch_dag.py for tasks to queue
[2025-12-24T09:04:55.292+0000] {logging_mixin.py:190} INFO - [2025-12-24T09:04:55.291+0000] {dagbag.py:588} INFO - Filling up the DagBag from /home/airflow/.local/lib/python3.11/site-packages/airflow/example_dags/example_nested_branch_dag.py
[2025-12-24T09:04:55.312+0000] {processor.py:925} INFO - DAG(s) 'example_nested_branch_dag' retrieved from /home/airflow/.local/lib/python3.11/site-packages/airflow/example_dags/example_nested_branch_dag.py
[2025-12-24T09:04:55.353+0000] {logging_mixin.py:190} INFO - [2025-12-24T09:04:55.351+0000] {dag.py:3239} INFO - Sync 1 DAGs
[2025-12-24T09:04:55.387+0000] {logging_mixin.py:190} INFO - [2025-12-24T09:04:55.387+0000] {dag.py:4180} INFO - Setting next_dagrun for example_nested_branch_dag to 2025-12-23 00:00:00+00:00, run_after=2025-12-24 00:00:00+00:00
[2025-12-24T09:04:55.417+0000] {processor.py:208} INFO - Processing /home/airflow/.local/lib/python3.11/site-packages/airflow/example_dags/example_nested_branch_dag.py took 0.142 seconds
[2025-12-24T09:05:25.621+0000] {processor.py:186} INFO - Started process (PID=492) to work on /home/airflow/.local/lib/python3.11/site-packages/airflow/example_dags/example_nested_branch_dag.py
[2025-12-24T09:05:25.622+0000] {processor.py:914} INFO - Processing file /home/airflow/.local/lib/python3.11/site-packages/airflow/example_dags/example_nested_branch_dag.py for tasks to queue
[2025-12-24T09:05:25.626+0000] {logging_mixin.py:190} INFO - [2025-12-24T09:05:25.625+0000] {dagbag.py:588} INFO - Filling up the DagBag from /home/airflow/.local/lib/python3.11/site-packages/airflow/example_dags/example_nested_branch_dag.py
[2025-12-24T09:05:25.642+0000] {processor.py:925} INFO - DAG(s) 'example_nested_branch_dag' retrieved from /home/airflow/.local/lib/python3.11/site-packages/airflow/example_dags/example_nested_branch_dag.py
[2025-12-24T09:05:25.672+0000] {logging_mixin.py:190} INFO - [2025-12-24T09:05:25.671+0000] {dag.py:3239} INFO - Sync 1 DAGs
[2025-12-24T09:05:25.700+0000] {logging_mixin.py:190} INFO - [2025-12-24T09:05:25.700+0000] {dag.py:4180} INFO - Setting next_dagrun for example_nested_branch_dag to 2025-12-23 00:00:00+00:00, run_after=2025-12-24 00:00:00+00:00
[2025-12-24T09:06:08.073+0000] {processor.py:208} INFO - Processing /home/airflow/.local/lib/python3.11/site-packages/airflow/example_dags/example_nested_branch_dag.py took 0.114 seconds
[2025-12-24T09:06:43.206+0000] {processor.py:186} INFO - Started process (PID=645) to work on /home/airflow/.local/lib/python3.11/site-packages/airflow/example_dags/example_nested_branch_dag.py
[2025-12-24T09:06:43.208+0000] {processor.py:914} INFO - Processing file /home/airflow/.local/lib/python3.11/site-packages/airflow/example_dags/example_nested_branch_dag.py for tasks to queue
[2025-12-24T09:06:43.212+0000] {logging_mixin.py:190} INFO - [2025-12-24T09:06:43.212+0000] {dagbag.py:588} INFO - Filling up the DagBag from /home/airflow/.local/lib/python3.11/site-packages/airflow/example_dags/example_nested_branch_dag.py
[2025-12-24T09:06:43.232+0000] {processor.py:925} INFO - DAG(s) 'example_nested_branch_dag' retrieved from /home/airflow/.local/lib/python3.11/site-packages/airflow/example_dags/example_nested_branch_dag.py
[2025-12-24T09:06:43.297+0000] {logging_mixin.py:190} INFO - [2025-12-24T09:06:43.296+0000] {dag.py:3239} INFO - Sync 1 DAGs
[2025-12-24T09:06:43.334+0000] {logging_mixin.py:190} INFO - [2025-12-24T09:06:43.333+0000] {dag.py:4180} INFO - Setting next_dagrun for example_nested_branch_dag to 2025-12-23 00:00:00+00:00, run_after=2025-12-24 00:00:00+00:00
[2025-12-24T09:06:43.360+0000] {processor.py:208} INFO - Processing /home/airflow/.local/lib/python3.11/site-packages/airflow/example_dags/example_nested_branch_dag.py took 0.163 seconds
[2025-12-24T09:07:28.342+0000] {processor.py:186} INFO - Started process (PID=718) to work on /home/airflow/.local/lib/python3.11/site-packages/airflow/example_dags/example_nested_branch_dag.py
[2025-12-24T09:07:28.343+0000] {processor.py:914} INFO - Processing file /home/airflow/.local/lib/python3.11/site-packages/airflow/example_dags/example_nested_branch_dag.py for tasks to queue
[2025-12-24T09:07:28.349+0000] {logging_mixin.py:190} INFO - [2025-12-24T09:07:28.348+0000] {dagbag.py:588} INFO - Filling up the DagBag from /home/airflow/.local/lib/python3.11/site-packages/airflow/example_dags/example_nested_branch_dag.py
[2025-12-24T09:06:46.036+0000] {processor.py:925} INFO - DAG(s) 'example_nested_branch_dag' retrieved from /home/airflow/.local/lib/python3.11/site-packages/airflow/example_dags/example_nested_branch_dag.py
[2025-12-24T09:06:46.079+0000] {logging_mixin.py:190} INFO - [2025-12-24T09:06:46.078+0000] {dag.py:3239} INFO - Sync 1 DAGs
[2025-12-24T09:06:46.120+0000] {logging_mixin.py:190} INFO - [2025-12-24T09:06:46.120+0000] {dag.py:4180} INFO - Setting next_dagrun for example_nested_branch_dag to 2025-12-23 00:00:00+00:00, run_after=2025-12-24 00:00:00+00:00
[2025-12-24T09:06:46.155+0000] {processor.py:208} INFO - Processing /home/airflow/.local/lib/python3.11/site-packages/airflow/example_dags/example_nested_branch_dag.py took 0.175 seconds
[2025-12-24T09:07:58.288+0000] {processor.py:186} INFO - Started process (PID=782) to work on /home/airflow/.local/lib/python3.11/site-packages/airflow/example_dags/example_nested_branch_dag.py
[2025-12-24T09:07:58.290+0000] {processor.py:914} INFO - Processing file /home/airflow/.local/lib/python3.11/site-packages/airflow/example_dags/example_nested_branch_dag.py for tasks to queue
[2025-12-24T09:07:58.295+0000] {logging_mixin.py:190} INFO - [2025-12-24T09:07:58.295+0000] {dagbag.py:588} INFO - Filling up the DagBag from /home/airflow/.local/lib/python3.11/site-packages/airflow/example_dags/example_nested_branch_dag.py
[2025-12-24T09:07:58.318+0000] {processor.py:925} INFO - DAG(s) 'example_nested_branch_dag' retrieved from /home/airflow/.local/lib/python3.11/site-packages/airflow/example_dags/example_nested_branch_dag.py
[2025-12-24T09:07:58.373+0000] {logging_mixin.py:190} INFO - [2025-12-24T09:07:58.372+0000] {dag.py:3239} INFO - Sync 1 DAGs
[2025-12-24T09:07:58.405+0000] {logging_mixin.py:190} INFO - [2025-12-24T09:07:58.405+0000] {dag.py:4180} INFO - Setting next_dagrun for example_nested_branch_dag to 2025-12-23 00:00:00+00:00, run_after=2025-12-24 00:00:00+00:00
[2025-12-24T09:07:16.092+0000] {processor.py:208} INFO - Processing /home/airflow/.local/lib/python3.11/site-packages/airflow/example_dags/example_nested_branch_dag.py took 0.163 seconds
[2025-12-24T09:08:08.295+0000] {processor.py:186} INFO - Started process (PID=839) to work on /home/airflow/.local/lib/python3.11/site-packages/airflow/example_dags/example_nested_branch_dag.py
[2025-12-24T09:08:08.297+0000] {processor.py:914} INFO - Processing file /home/airflow/.local/lib/python3.11/site-packages/airflow/example_dags/example_nested_branch_dag.py for tasks to queue
[2025-12-24T09:08:08.301+0000] {logging_mixin.py:190} INFO - [2025-12-24T09:08:08.300+0000] {dagbag.py:588} INFO - Filling up the DagBag from /home/airflow/.local/lib/python3.11/site-packages/airflow/example_dags/example_nested_branch_dag.py
[2025-12-24T09:08:08.321+0000] {processor.py:925} INFO - DAG(s) 'example_nested_branch_dag' retrieved from /home/airflow/.local/lib/python3.11/site-packages/airflow/example_dags/example_nested_branch_dag.py
[2025-12-24T09:08:08.355+0000] {logging_mixin.py:190} INFO - [2025-12-24T09:08:08.355+0000] {dag.py:3239} INFO - Sync 1 DAGs
[2025-12-24T09:08:08.387+0000] {logging_mixin.py:190} INFO - [2025-12-24T09:08:08.386+0000] {dag.py:4180} INFO - Setting next_dagrun for example_nested_branch_dag to 2025-12-23 00:00:00+00:00, run_after=2025-12-24 00:00:00+00:00
[2025-12-24T09:07:26.096+0000] {processor.py:208} INFO - Processing /home/airflow/.local/lib/python3.11/site-packages/airflow/example_dags/example_nested_branch_dag.py took 0.160 seconds
[2025-12-24T09:07:35.103+0000] {processor.py:186} INFO - Started process (PID=895) to work on /home/airflow/.local/lib/python3.11/site-packages/airflow/example_dags/example_nested_branch_dag.py
[2025-12-24T09:07:35.105+0000] {processor.py:914} INFO - Processing file /home/airflow/.local/lib/python3.11/site-packages/airflow/example_dags/example_nested_branch_dag.py for tasks to queue
[2025-12-24T09:07:35.109+0000] {logging_mixin.py:190} INFO - [2025-12-24T09:07:35.109+0000] {dagbag.py:588} INFO - Filling up the DagBag from /home/airflow/.local/lib/python3.11/site-packages/airflow/example_dags/example_nested_branch_dag.py
[2025-12-24T09:07:35.130+0000] {processor.py:925} INFO - DAG(s) 'example_nested_branch_dag' retrieved from /home/airflow/.local/lib/python3.11/site-packages/airflow/example_dags/example_nested_branch_dag.py
[2025-12-24T09:07:35.164+0000] {logging_mixin.py:190} INFO - [2025-12-24T09:07:35.163+0000] {dag.py:3239} INFO - Sync 1 DAGs
[2025-12-24T09:07:35.202+0000] {logging_mixin.py:190} INFO - [2025-12-24T09:07:35.202+0000] {dag.py:4180} INFO - Setting next_dagrun for example_nested_branch_dag to 2025-12-23 00:00:00+00:00, run_after=2025-12-24 00:00:00+00:00
[2025-12-24T09:07:35.239+0000] {processor.py:208} INFO - Processing /home/airflow/.local/lib/python3.11/site-packages/airflow/example_dags/example_nested_branch_dag.py took 0.146 seconds
[2025-12-24T09:07:44.440+0000] {processor.py:186} INFO - Started process (PID=951) to work on /home/airflow/.local/lib/python3.11/site-packages/airflow/example_dags/example_nested_branch_dag.py
[2025-12-24T09:07:44.442+0000] {processor.py:914} INFO - Processing file /home/airflow/.local/lib/python3.11/site-packages/airflow/example_dags/example_nested_branch_dag.py for tasks to queue
[2025-12-24T09:07:44.445+0000] {logging_mixin.py:190} INFO - [2025-12-24T09:07:44.445+0000] {dagbag.py:588} INFO - Filling up the DagBag from /home/airflow/.local/lib/python3.11/site-packages/airflow/example_dags/example_nested_branch_dag.py
[2025-12-24T09:07:44.461+0000] {processor.py:925} INFO - DAG(s) 'example_nested_branch_dag' retrieved from /home/airflow/.local/lib/python3.11/site-packages/airflow/example_dags/example_nested_branch_dag.py
[2025-12-24T09:07:44.497+0000] {logging_mixin.py:190} INFO - [2025-12-24T09:07:44.496+0000] {dag.py:3239} INFO - Sync 1 DAGs
[2025-12-24T09:07:44.546+0000] {logging_mixin.py:190} INFO - [2025-12-24T09:07:44.536+0000] {dag.py:4180} INFO - Setting next_dagrun for example_nested_branch_dag to 2025-12-23 00:00:00+00:00, run_after=2025-12-24 00:00:00+00:00
[2025-12-24T09:07:44.583+0000] {processor.py:208} INFO - Processing /home/airflow/.local/lib/python3.11/site-packages/airflow/example_dags/example_nested_branch_dag.py took 0.152 seconds
[2025-12-24T09:08:42.587+0000] {processor.py:186} INFO - Started process (PID=1014) to work on /home/airflow/.local/lib/python3.11/site-packages/airflow/example_dags/example_nested_branch_dag.py
[2025-12-24T09:08:42.588+0000] {processor.py:914} INFO - Processing file /home/airflow/.local/lib/python3.11/site-packages/airflow/example_dags/example_nested_branch_dag.py for tasks to queue
[2025-12-24T09:08:42.593+0000] {logging_mixin.py:190} INFO - [2025-12-24T09:08:42.592+0000] {dagbag.py:588} INFO - Filling up the DagBag from /home/airflow/.local/lib/python3.11/site-packages/airflow/example_dags/example_nested_branch_dag.py
[2025-12-24T09:08:42.610+0000] {processor.py:925} INFO - DAG(s) 'example_nested_branch_dag' retrieved from /home/airflow/.local/lib/python3.11/site-packages/airflow/example_dags/example_nested_branch_dag.py
[2025-12-24T09:08:42.642+0000] {logging_mixin.py:190} INFO - [2025-12-24T09:08:42.641+0000] {dag.py:3239} INFO - Sync 1 DAGs
[2025-12-24T09:08:42.669+0000] {logging_mixin.py:190} INFO - [2025-12-24T09:08:42.669+0000] {dag.py:4180} INFO - Setting next_dagrun for example_nested_branch_dag to 2025-12-23 00:00:00+00:00, run_after=2025-12-24 00:00:00+00:00
[2025-12-24T09:08:42.692+0000] {processor.py:208} INFO - Processing /home/airflow/.local/lib/python3.11/site-packages/airflow/example_dags/example_nested_branch_dag.py took 0.115 seconds
[2025-12-24T09:09:21.984+0000] {processor.py:186} INFO - Started process (PID=1081) to work on /home/airflow/.local/lib/python3.11/site-packages/airflow/example_dags/example_nested_branch_dag.py
[2025-12-24T09:09:21.985+0000] {processor.py:914} INFO - Processing file /home/airflow/.local/lib/python3.11/site-packages/airflow/example_dags/example_nested_branch_dag.py for tasks to queue
[2025-12-24T09:09:21.989+0000] {logging_mixin.py:190} INFO - [2025-12-24T09:09:21.989+0000] {dagbag.py:588} INFO - Filling up the DagBag from /home/airflow/.local/lib/python3.11/site-packages/airflow/example_dags/example_nested_branch_dag.py
[2025-12-24T09:09:22.007+0000] {processor.py:925} INFO - DAG(s) 'example_nested_branch_dag' retrieved from /home/airflow/.local/lib/python3.11/site-packages/airflow/example_dags/example_nested_branch_dag.py
[2025-12-24T09:09:22.042+0000] {logging_mixin.py:190} INFO - [2025-12-24T09:09:22.041+0000] {dag.py:3239} INFO - Sync 1 DAGs
[2025-12-24T09:09:22.077+0000] {logging_mixin.py:190} INFO - [2025-12-24T09:09:22.077+0000] {dag.py:4180} INFO - Setting next_dagrun for example_nested_branch_dag to 2025-12-23 00:00:00+00:00, run_after=2025-12-24 00:00:00+00:00
[2025-12-24T09:09:22.099+0000] {processor.py:208} INFO - Processing /home/airflow/.local/lib/python3.11/site-packages/airflow/example_dags/example_nested_branch_dag.py took 0.125 seconds
[2025-12-24T09:09:20.460+0000] {processor.py:186} INFO - Started process (PID=1161) to work on /home/airflow/.local/lib/python3.11/site-packages/airflow/example_dags/example_nested_branch_dag.py
[2025-12-24T09:09:20.462+0000] {processor.py:914} INFO - Processing file /home/airflow/.local/lib/python3.11/site-packages/airflow/example_dags/example_nested_branch_dag.py for tasks to queue
[2025-12-24T09:09:20.465+0000] {logging_mixin.py:190} INFO - [2025-12-24T09:09:20.465+0000] {dagbag.py:588} INFO - Filling up the DagBag from /home/airflow/.local/lib/python3.11/site-packages/airflow/example_dags/example_nested_branch_dag.py
[2025-12-24T09:09:20.486+0000] {processor.py:925} INFO - DAG(s) 'example_nested_branch_dag' retrieved from /home/airflow/.local/lib/python3.11/site-packages/airflow/example_dags/example_nested_branch_dag.py
[2025-12-24T09:09:20.535+0000] {logging_mixin.py:190} INFO - [2025-12-24T09:09:20.534+0000] {dag.py:3239} INFO - Sync 1 DAGs
[2025-12-24T09:09:20.570+0000] {logging_mixin.py:190} INFO - [2025-12-24T09:09:20.570+0000] {dag.py:4180} INFO - Setting next_dagrun for example_nested_branch_dag to 2025-12-23 00:00:00+00:00, run_after=2025-12-24 00:00:00+00:00
[2025-12-24T09:09:20.600+0000] {processor.py:208} INFO - Processing /home/airflow/.local/lib/python3.11/site-packages/airflow/example_dags/example_nested_branch_dag.py took 0.150 seconds
[2025-12-24T09:10:27.385+0000] {processor.py:186} INFO - Started process (PID=1220) to work on /home/airflow/.local/lib/python3.11/site-packages/airflow/example_dags/example_nested_branch_dag.py
[2025-12-24T09:10:27.386+0000] {processor.py:914} INFO - Processing file /home/airflow/.local/lib/python3.11/site-packages/airflow/example_dags/example_nested_branch_dag.py for tasks to queue
[2025-12-24T09:10:27.390+0000] {logging_mixin.py:190} INFO - [2025-12-24T09:10:27.389+0000] {dagbag.py:588} INFO - Filling up the DagBag from /home/airflow/.local/lib/python3.11/site-packages/airflow/example_dags/example_nested_branch_dag.py
[2025-12-24T09:10:27.405+0000] {processor.py:925} INFO - DAG(s) 'example_nested_branch_dag' retrieved from /home/airflow/.local/lib/python3.11/site-packages/airflow/example_dags/example_nested_branch_dag.py
[2025-12-24T09:10:27.437+0000] {logging_mixin.py:190} INFO - [2025-12-24T09:10:27.436+0000] {dag.py:3239} INFO - Sync 1 DAGs
[2025-12-24T09:10:27.467+0000] {logging_mixin.py:190} INFO - [2025-12-24T09:10:27.467+0000] {dag.py:4180} INFO - Setting next_dagrun for example_nested_branch_dag to 2025-12-23 00:00:00+00:00, run_after=2025-12-24 00:00:00+00:00
[2025-12-24T09:10:27.497+0000] {processor.py:208} INFO - Processing /home/airflow/.local/lib/python3.11/site-packages/airflow/example_dags/example_nested_branch_dag.py took 0.121 seconds
[2025-12-24T09:10:20.874+0000] {processor.py:186} INFO - Started process (PID=1292) to work on /home/airflow/.local/lib/python3.11/site-packages/airflow/example_dags/example_nested_branch_dag.py
[2025-12-24T09:10:20.876+0000] {processor.py:914} INFO - Processing file /home/airflow/.local/lib/python3.11/site-packages/airflow/example_dags/example_nested_branch_dag.py for tasks to queue
[2025-12-24T09:10:20.881+0000] {logging_mixin.py:190} INFO - [2025-12-24T09:10:20.881+0000] {dagbag.py:588} INFO - Filling up the DagBag from /home/airflow/.local/lib/python3.11/site-packages/airflow/example_dags/example_nested_branch_dag.py
[2025-12-24T09:10:20.904+0000] {processor.py:925} INFO - DAG(s) 'example_nested_branch_dag' retrieved from /home/airflow/.local/lib/python3.11/site-packages/airflow/example_dags/example_nested_branch_dag.py
[2025-12-24T09:10:20.945+0000] {logging_mixin.py:190} INFO - [2025-12-24T09:10:20.945+0000] {dag.py:3239} INFO - Sync 1 DAGs
[2025-12-24T09:10:20.985+0000] {logging_mixin.py:190} INFO - [2025-12-24T09:10:20.985+0000] {dag.py:4180} INFO - Setting next_dagrun for example_nested_branch_dag to 2025-12-23 00:00:00+00:00, run_after=2025-12-24 00:00:00+00:00
[2025-12-24T09:10:21.020+0000] {processor.py:208} INFO - Processing /home/airflow/.local/lib/python3.11/site-packages/airflow/example_dags/example_nested_branch_dag.py took 0.163 seconds
[2025-12-24T09:10:50.363+0000] {processor.py:186} INFO - Started process (PID=1342) to work on /home/airflow/.local/lib/python3.11/site-packages/airflow/example_dags/example_nested_branch_dag.py
[2025-12-24T09:10:50.365+0000] {processor.py:914} INFO - Processing file /home/airflow/.local/lib/python3.11/site-packages/airflow/example_dags/example_nested_branch_dag.py for tasks to queue
[2025-12-24T09:10:50.368+0000] {logging_mixin.py:190} INFO - [2025-12-24T09:10:50.368+0000] {dagbag.py:588} INFO - Filling up the DagBag from /home/airflow/.local/lib/python3.11/site-packages/airflow/example_dags/example_nested_branch_dag.py
[2025-12-24T09:10:50.385+0000] {processor.py:925} INFO - DAG(s) 'example_nested_branch_dag' retrieved from /home/airflow/.local/lib/python3.11/site-packages/airflow/example_dags/example_nested_branch_dag.py
[2025-12-24T09:10:50.424+0000] {logging_mixin.py:190} INFO - [2025-12-24T09:10:50.423+0000] {dag.py:3239} INFO - Sync 1 DAGs
[2025-12-24T09:10:50.455+0000] {logging_mixin.py:190} INFO - [2025-12-24T09:10:50.455+0000] {dag.py:4180} INFO - Setting next_dagrun for example_nested_branch_dag to 2025-12-23 00:00:00+00:00, run_after=2025-12-24 00:00:00+00:00
[2025-12-24T09:10:50.486+0000] {processor.py:208} INFO - Processing /home/airflow/.local/lib/python3.11/site-packages/airflow/example_dags/example_nested_branch_dag.py took 0.131 seconds
[2025-12-24T09:11:00.566+0000] {processor.py:186} INFO - Started process (PID=1399) to work on /home/airflow/.local/lib/python3.11/site-packages/airflow/example_dags/example_nested_branch_dag.py
[2025-12-24T09:11:00.567+0000] {processor.py:914} INFO - Processing file /home/airflow/.local/lib/python3.11/site-packages/airflow/example_dags/example_nested_branch_dag.py for tasks to queue
[2025-12-24T09:11:00.571+0000] {logging_mixin.py:190} INFO - [2025-12-24T09:11:00.570+0000] {dagbag.py:588} INFO - Filling up the DagBag from /home/airflow/.local/lib/python3.11/site-packages/airflow/example_dags/example_nested_branch_dag.py
[2025-12-24T09:11:00.586+0000] {processor.py:925} INFO - DAG(s) 'example_nested_branch_dag' retrieved from /home/airflow/.local/lib/python3.11/site-packages/airflow/example_dags/example_nested_branch_dag.py
[2025-12-24T09:11:00.620+0000] {logging_mixin.py:190} INFO - [2025-12-24T09:11:00.619+0000] {dag.py:3239} INFO - Sync 1 DAGs
[2025-12-24T09:11:00.651+0000] {logging_mixin.py:190} INFO - [2025-12-24T09:11:00.651+0000] {dag.py:4180} INFO - Setting next_dagrun for example_nested_branch_dag to 2025-12-23 00:00:00+00:00, run_after=2025-12-24 00:00:00+00:00
[2025-12-24T09:11:00.679+0000] {processor.py:208} INFO - Processing /home/airflow/.local/lib/python3.11/site-packages/airflow/example_dags/example_nested_branch_dag.py took 0.124 seconds
[2025-12-24T09:11:31.768+0000] {processor.py:186} INFO - Started process (PID=1461) to work on /home/airflow/.local/lib/python3.11/site-packages/airflow/example_dags/example_nested_branch_dag.py
[2025-12-24T09:11:31.769+0000] {processor.py:914} INFO - Processing file /home/airflow/.local/lib/python3.11/site-packages/airflow/example_dags/example_nested_branch_dag.py for tasks to queue
[2025-12-24T09:11:31.773+0000] {logging_mixin.py:190} INFO - [2025-12-24T09:11:31.773+0000] {dagbag.py:588} INFO - Filling up the DagBag from /home/airflow/.local/lib/python3.11/site-packages/airflow/example_dags/example_nested_branch_dag.py
[2025-12-24T09:11:31.788+0000] {processor.py:925} INFO - DAG(s) 'example_nested_branch_dag' retrieved from /home/airflow/.local/lib/python3.11/site-packages/airflow/example_dags/example_nested_branch_dag.py
[2025-12-24T09:11:31.817+0000] {logging_mixin.py:190} INFO - [2025-12-24T09:11:31.817+0000] {dag.py:3239} INFO - Sync 1 DAGs
[2025-12-24T09:11:31.845+0000] {logging_mixin.py:190} INFO - [2025-12-24T09:11:31.845+0000] {dag.py:4180} INFO - Setting next_dagrun for example_nested_branch_dag to 2025-12-23 00:00:00+00:00, run_after=2025-12-24 00:00:00+00:00
[2025-12-24T09:11:31.868+0000] {processor.py:208} INFO - Processing /home/airflow/.local/lib/python3.11/site-packages/airflow/example_dags/example_nested_branch_dag.py took 0.110 seconds
[2025-12-24T09:12:33.446+0000] {processor.py:186} INFO - Started process (PID=1523) to work on /home/airflow/.local/lib/python3.11/site-packages/airflow/example_dags/example_nested_branch_dag.py
[2025-12-24T09:12:33.448+0000] {processor.py:914} INFO - Processing file /home/airflow/.local/lib/python3.11/site-packages/airflow/example_dags/example_nested_branch_dag.py for tasks to queue
[2025-12-24T09:12:33.453+0000] {logging_mixin.py:190} INFO - [2025-12-24T09:12:33.452+0000] {dagbag.py:588} INFO - Filling up the DagBag from /home/airflow/.local/lib/python3.11/site-packages/airflow/example_dags/example_nested_branch_dag.py
[2025-12-24T09:12:33.471+0000] {processor.py:925} INFO - DAG(s) 'example_nested_branch_dag' retrieved from /home/airflow/.local/lib/python3.11/site-packages/airflow/example_dags/example_nested_branch_dag.py
[2025-12-24T09:12:33.503+0000] {logging_mixin.py:190} INFO - [2025-12-24T09:12:33.502+0000] {dag.py:3239} INFO - Sync 1 DAGs
[2025-12-24T09:12:33.528+0000] {logging_mixin.py:190} INFO - [2025-12-24T09:12:33.528+0000] {dag.py:4180} INFO - Setting next_dagrun for example_nested_branch_dag to 2025-12-23 00:00:00+00:00, run_after=2025-12-24 00:00:00+00:00
[2025-12-24T09:12:33.551+0000] {processor.py:208} INFO - Processing /home/airflow/.local/lib/python3.11/site-packages/airflow/example_dags/example_nested_branch_dag.py took 0.115 seconds
[2025-12-24T09:12:44.925+0000] {processor.py:186} INFO - Started process (PID=1589) to work on /home/airflow/.local/lib/python3.11/site-packages/airflow/example_dags/example_nested_branch_dag.py
[2025-12-24T09:12:44.927+0000] {processor.py:914} INFO - Processing file /home/airflow/.local/lib/python3.11/site-packages/airflow/example_dags/example_nested_branch_dag.py for tasks to queue
[2025-12-24T09:12:44.931+0000] {logging_mixin.py:190} INFO - [2025-12-24T09:12:44.931+0000] {dagbag.py:588} INFO - Filling up the DagBag from /home/airflow/.local/lib/python3.11/site-packages/airflow/example_dags/example_nested_branch_dag.py
[2025-12-24T09:12:44.964+0000] {processor.py:925} INFO - DAG(s) 'example_nested_branch_dag' retrieved from /home/airflow/.local/lib/python3.11/site-packages/airflow/example_dags/example_nested_branch_dag.py
[2025-12-24T09:12:45.014+0000] {logging_mixin.py:190} INFO - [2025-12-24T09:12:45.013+0000] {dag.py:3239} INFO - Sync 1 DAGs
[2025-12-24T09:12:45.068+0000] {logging_mixin.py:190} INFO - [2025-12-24T09:12:45.067+0000] {dag.py:4180} INFO - Setting next_dagrun for example_nested_branch_dag to 2025-12-23 00:00:00+00:00, run_after=2025-12-24 00:00:00+00:00
[2025-12-24T09:12:45.105+0000] {processor.py:208} INFO - Processing /home/airflow/.local/lib/python3.11/site-packages/airflow/example_dags/example_nested_branch_dag.py took 0.190 seconds
[2025-12-24T09:13:34.041+0000] {processor.py:186} INFO - Started process (PID=1656) to work on /home/airflow/.local/lib/python3.11/site-packages/airflow/example_dags/example_nested_branch_dag.py
[2025-12-24T09:13:34.043+0000] {processor.py:914} INFO - Processing file /home/airflow/.local/lib/python3.11/site-packages/airflow/example_dags/example_nested_branch_dag.py for tasks to queue
[2025-12-24T09:13:34.047+0000] {logging_mixin.py:190} INFO - [2025-12-24T09:13:34.047+0000] {dagbag.py:588} INFO - Filling up the DagBag from /home/airflow/.local/lib/python3.11/site-packages/airflow/example_dags/example_nested_branch_dag.py
[2025-12-24T09:13:34.067+0000] {processor.py:925} INFO - DAG(s) 'example_nested_branch_dag' retrieved from /home/airflow/.local/lib/python3.11/site-packages/airflow/example_dags/example_nested_branch_dag.py
[2025-12-24T09:13:34.099+0000] {logging_mixin.py:190} INFO - [2025-12-24T09:13:34.098+0000] {dag.py:3239} INFO - Sync 1 DAGs
[2025-12-24T09:13:34.126+0000] {logging_mixin.py:190} INFO - [2025-12-24T09:13:34.126+0000] {dag.py:4180} INFO - Setting next_dagrun for example_nested_branch_dag to 2025-12-23 00:00:00+00:00, run_after=2025-12-24 00:00:00+00:00
[2025-12-24T09:13:34.151+0000] {processor.py:208} INFO - Processing /home/airflow/.local/lib/python3.11/site-packages/airflow/example_dags/example_nested_branch_dag.py took 0.119 seconds
[2025-12-24T09:14:28.385+0000] {processor.py:186} INFO - Started process (PID=1706) to work on /home/airflow/.local/lib/python3.11/site-packages/airflow/example_dags/example_nested_branch_dag.py
[2025-12-24T09:14:28.387+0000] {processor.py:914} INFO - Processing file /home/airflow/.local/lib/python3.11/site-packages/airflow/example_dags/example_nested_branch_dag.py for tasks to queue
[2025-12-24T09:14:28.391+0000] {logging_mixin.py:190} INFO - [2025-12-24T09:14:28.390+0000] {dagbag.py:588} INFO - Filling up the DagBag from /home/airflow/.local/lib/python3.11/site-packages/airflow/example_dags/example_nested_branch_dag.py
[2025-12-24T09:14:28.407+0000] {processor.py:925} INFO - DAG(s) 'example_nested_branch_dag' retrieved from /home/airflow/.local/lib/python3.11/site-packages/airflow/example_dags/example_nested_branch_dag.py
[2025-12-24T09:14:28.445+0000] {logging_mixin.py:190} INFO - [2025-12-24T09:14:28.444+0000] {dag.py:3239} INFO - Sync 1 DAGs
[2025-12-24T09:14:28.478+0000] {logging_mixin.py:190} INFO - [2025-12-24T09:14:28.478+0000] {dag.py:4180} INFO - Setting next_dagrun for example_nested_branch_dag to 2025-12-23 00:00:00+00:00, run_after=2025-12-24 00:00:00+00:00
[2025-12-24T09:14:28.504+0000] {processor.py:208} INFO - Processing /home/airflow/.local/lib/python3.11/site-packages/airflow/example_dags/example_nested_branch_dag.py took 0.128 seconds
[2025-12-24T09:14:40.438+0000] {processor.py:186} INFO - Started process (PID=1778) to work on /home/airflow/.local/lib/python3.11/site-packages/airflow/example_dags/example_nested_branch_dag.py
[2025-12-24T09:14:40.439+0000] {processor.py:914} INFO - Processing file /home/airflow/.local/lib/python3.11/site-packages/airflow/example_dags/example_nested_branch_dag.py for tasks to queue
[2025-12-24T09:14:40.443+0000] {logging_mixin.py:190} INFO - [2025-12-24T09:14:40.442+0000] {dagbag.py:588} INFO - Filling up the DagBag from /home/airflow/.local/lib/python3.11/site-packages/airflow/example_dags/example_nested_branch_dag.py
[2025-12-24T09:14:40.461+0000] {processor.py:925} INFO - DAG(s) 'example_nested_branch_dag' retrieved from /home/airflow/.local/lib/python3.11/site-packages/airflow/example_dags/example_nested_branch_dag.py
[2025-12-24T09:14:40.493+0000] {logging_mixin.py:190} INFO - [2025-12-24T09:14:40.493+0000] {dag.py:3239} INFO - Sync 1 DAGs
[2025-12-24T09:14:40.523+0000] {logging_mixin.py:190} INFO - [2025-12-24T09:14:40.522+0000] {dag.py:4180} INFO - Setting next_dagrun for example_nested_branch_dag to 2025-12-23 00:00:00+00:00, run_after=2025-12-24 00:00:00+00:00
[2025-12-24T09:14:40.548+0000] {processor.py:208} INFO - Processing /home/airflow/.local/lib/python3.11/site-packages/airflow/example_dags/example_nested_branch_dag.py took 0.120 seconds
[2025-12-24T09:15:11.818+0000] {processor.py:186} INFO - Started process (PID=1841) to work on /home/airflow/.local/lib/python3.11/site-packages/airflow/example_dags/example_nested_branch_dag.py
[2025-12-24T09:15:11.820+0000] {processor.py:914} INFO - Processing file /home/airflow/.local/lib/python3.11/site-packages/airflow/example_dags/example_nested_branch_dag.py for tasks to queue
[2025-12-24T09:15:11.824+0000] {logging_mixin.py:190} INFO - [2025-12-24T09:15:11.824+0000] {dagbag.py:588} INFO - Filling up the DagBag from /home/airflow/.local/lib/python3.11/site-packages/airflow/example_dags/example_nested_branch_dag.py
[2025-12-24T09:15:11.843+0000] {processor.py:925} INFO - DAG(s) 'example_nested_branch_dag' retrieved from /home/airflow/.local/lib/python3.11/site-packages/airflow/example_dags/example_nested_branch_dag.py
[2025-12-24T09:15:11.882+0000] {logging_mixin.py:190} INFO - [2025-12-24T09:15:11.882+0000] {dag.py:3239} INFO - Sync 1 DAGs
[2025-12-24T09:15:11.918+0000] {logging_mixin.py:190} INFO - [2025-12-24T09:15:11.918+0000] {dag.py:4180} INFO - Setting next_dagrun for example_nested_branch_dag to 2025-12-23 00:00:00+00:00, run_after=2025-12-24 00:00:00+00:00
[2025-12-24T09:15:11.951+0000] {processor.py:208} INFO - Processing /home/airflow/.local/lib/python3.11/site-packages/airflow/example_dags/example_nested_branch_dag.py took 0.143 seconds
[2025-12-24T09:15:42.257+0000] {processor.py:186} INFO - Started process (PID=1902) to work on /home/airflow/.local/lib/python3.11/site-packages/airflow/example_dags/example_nested_branch_dag.py
[2025-12-24T09:15:42.258+0000] {processor.py:914} INFO - Processing file /home/airflow/.local/lib/python3.11/site-packages/airflow/example_dags/example_nested_branch_dag.py for tasks to queue
[2025-12-24T09:15:42.262+0000] {logging_mixin.py:190} INFO - [2025-12-24T09:15:42.262+0000] {dagbag.py:588} INFO - Filling up the DagBag from /home/airflow/.local/lib/python3.11/site-packages/airflow/example_dags/example_nested_branch_dag.py
[2025-12-24T09:15:42.278+0000] {processor.py:925} INFO - DAG(s) 'example_nested_branch_dag' retrieved from /home/airflow/.local/lib/python3.11/site-packages/airflow/example_dags/example_nested_branch_dag.py
[2025-12-24T09:15:42.310+0000] {logging_mixin.py:190} INFO - [2025-12-24T09:15:42.310+0000] {dag.py:3239} INFO - Sync 1 DAGs
[2025-12-24T09:15:42.343+0000] {logging_mixin.py:190} INFO - [2025-12-24T09:15:42.343+0000] {dag.py:4180} INFO - Setting next_dagrun for example_nested_branch_dag to 2025-12-23 00:00:00+00:00, run_after=2025-12-24 00:00:00+00:00
[2025-12-24T09:15:42.371+0000] {processor.py:208} INFO - Processing /home/airflow/.local/lib/python3.11/site-packages/airflow/example_dags/example_nested_branch_dag.py took 0.126 seconds
[2025-12-24T09:16:42.381+0000] {processor.py:186} INFO - Started process (PID=1966) to work on /home/airflow/.local/lib/python3.11/site-packages/airflow/example_dags/example_nested_branch_dag.py
[2025-12-24T09:16:42.382+0000] {processor.py:914} INFO - Processing file /home/airflow/.local/lib/python3.11/site-packages/airflow/example_dags/example_nested_branch_dag.py for tasks to queue
[2025-12-24T09:16:42.386+0000] {logging_mixin.py:190} INFO - [2025-12-24T09:16:42.386+0000] {dagbag.py:588} INFO - Filling up the DagBag from /home/airflow/.local/lib/python3.11/site-packages/airflow/example_dags/example_nested_branch_dag.py
[2025-12-24T09:16:42.405+0000] {processor.py:925} INFO - DAG(s) 'example_nested_branch_dag' retrieved from /home/airflow/.local/lib/python3.11/site-packages/airflow/example_dags/example_nested_branch_dag.py
[2025-12-24T09:16:42.438+0000] {logging_mixin.py:190} INFO - [2025-12-24T09:16:42.438+0000] {dag.py:3239} INFO - Sync 1 DAGs
[2025-12-24T09:16:42.468+0000] {logging_mixin.py:190} INFO - [2025-12-24T09:16:42.467+0000] {dag.py:4180} INFO - Setting next_dagrun for example_nested_branch_dag to 2025-12-23 00:00:00+00:00, run_after=2025-12-24 00:00:00+00:00
[2025-12-24T09:16:42.492+0000] {processor.py:208} INFO - Processing /home/airflow/.local/lib/python3.11/site-packages/airflow/example_dags/example_nested_branch_dag.py took 0.120 seconds
[2025-12-24T09:24:23.410+0000] {processor.py:186} INFO - Started process (PID=117) to work on /home/airflow/.local/lib/python3.11/site-packages/airflow/example_dags/example_nested_branch_dag.py
[2025-12-24T09:24:23.426+0000] {processor.py:914} INFO - Processing file /home/airflow/.local/lib/python3.11/site-packages/airflow/example_dags/example_nested_branch_dag.py for tasks to queue
[2025-12-24T09:24:23.438+0000] {logging_mixin.py:190} INFO - [2025-12-24T09:24:23.437+0000] {dagbag.py:588} INFO - Filling up the DagBag from /home/airflow/.local/lib/python3.11/site-packages/airflow/example_dags/example_nested_branch_dag.py
[2025-12-24T09:24:23.464+0000] {processor.py:925} INFO - DAG(s) 'example_nested_branch_dag' retrieved from /home/airflow/.local/lib/python3.11/site-packages/airflow/example_dags/example_nested_branch_dag.py
[2025-12-24T09:24:23.676+0000] {logging_mixin.py:190} INFO - [2025-12-24T09:24:23.675+0000] {override.py:1911} INFO - Created Permission View: can delete on DAG:example_nested_branch_dag
[2025-12-24T09:24:23.713+0000] {logging_mixin.py:190} INFO - [2025-12-24T09:24:23.712+0000] {override.py:1911} INFO - Created Permission View: can read on DAG:example_nested_branch_dag
[2025-12-24T09:24:23.733+0000] {logging_mixin.py:190} INFO - [2025-12-24T09:24:23.733+0000] {override.py:1911} INFO - Created Permission View: can edit on DAG:example_nested_branch_dag
[2025-12-24T09:24:23.765+0000] {logging_mixin.py:190} INFO - [2025-12-24T09:24:23.764+0000] {override.py:1911} INFO - Created Permission View: menu access on DAG Run:example_nested_branch_dag
[2025-12-24T09:23:41.481+0000] {logging_mixin.py:190} INFO - [2025-12-24T09:23:41.480+0000] {override.py:1911} INFO - Created Permission View: can create on DAG Run:example_nested_branch_dag
[2025-12-24T09:23:41.509+0000] {logging_mixin.py:190} INFO - [2025-12-24T09:23:41.508+0000] {override.py:1911} INFO - Created Permission View: can delete on DAG Run:example_nested_branch_dag
[2025-12-24T09:23:41.528+0000] {logging_mixin.py:190} INFO - [2025-12-24T09:23:41.527+0000] {override.py:1911} INFO - Created Permission View: can read on DAG Run:example_nested_branch_dag
[2025-12-24T09:23:41.529+0000] {logging_mixin.py:190} INFO - [2025-12-24T09:23:41.529+0000] {dag.py:3239} INFO - Sync 1 DAGs
[2025-12-24T09:23:41.546+0000] {logging_mixin.py:190} INFO - [2025-12-24T09:23:41.546+0000] {dag.py:3262} INFO - Creating ORM DAG for example_nested_branch_dag
[2025-12-24T09:23:41.563+0000] {logging_mixin.py:190} INFO - [2025-12-24T09:23:41.563+0000] {dag.py:4180} INFO - Setting next_dagrun for example_nested_branch_dag to 2025-12-23 00:00:00+00:00, run_after=2025-12-24 00:00:00+00:00
[2025-12-24T09:23:41.609+0000] {processor.py:208} INFO - Processing /home/airflow/.local/lib/python3.11/site-packages/airflow/example_dags/example_nested_branch_dag.py took 0.535 seconds
[2025-12-24T09:23:58.094+0000] {processor.py:186} INFO - Started process (PID=146) to work on /home/airflow/.local/lib/python3.11/site-packages/airflow/example_dags/example_nested_branch_dag.py
[2025-12-24T09:23:58.097+0000] {processor.py:914} INFO - Processing file /home/airflow/.local/lib/python3.11/site-packages/airflow/example_dags/example_nested_branch_dag.py for tasks to queue
[2025-12-24T09:23:58.102+0000] {logging_mixin.py:190} INFO - [2025-12-24T09:23:58.102+0000] {dagbag.py:588} INFO - Filling up the DagBag from /home/airflow/.local/lib/python3.11/site-packages/airflow/example_dags/example_nested_branch_dag.py
[2025-12-24T09:23:58.124+0000] {processor.py:925} INFO - DAG(s) 'example_nested_branch_dag' retrieved from /home/airflow/.local/lib/python3.11/site-packages/airflow/example_dags/example_nested_branch_dag.py
[2025-12-24T09:23:58.161+0000] {logging_mixin.py:190} INFO - [2025-12-24T09:23:58.160+0000] {dag.py:3239} INFO - Sync 1 DAGs
[2025-12-24T09:23:58.218+0000] {logging_mixin.py:190} INFO - [2025-12-24T09:23:58.217+0000] {dag.py:4180} INFO - Setting next_dagrun for example_nested_branch_dag to 2025-12-23 00:00:00+00:00, run_after=2025-12-24 00:00:00+00:00
[2025-12-24T09:23:58.272+0000] {processor.py:208} INFO - Processing /home/airflow/.local/lib/python3.11/site-packages/airflow/example_dags/example_nested_branch_dag.py took 0.193 seconds
[2025-12-24T09:24:04.843+0000] {processor.py:186} INFO - Started process (PID=192) to work on /home/airflow/.local/lib/python3.11/site-packages/airflow/example_dags/example_nested_branch_dag.py
[2025-12-24T09:24:04.845+0000] {processor.py:914} INFO - Processing file /home/airflow/.local/lib/python3.11/site-packages/airflow/example_dags/example_nested_branch_dag.py for tasks to queue
[2025-12-24T09:24:04.849+0000] {logging_mixin.py:190} INFO - [2025-12-24T09:24:04.849+0000] {dagbag.py:588} INFO - Filling up the DagBag from /home/airflow/.local/lib/python3.11/site-packages/airflow/example_dags/example_nested_branch_dag.py
[2025-12-24T09:24:04.873+0000] {processor.py:925} INFO - DAG(s) 'example_nested_branch_dag' retrieved from /home/airflow/.local/lib/python3.11/site-packages/airflow/example_dags/example_nested_branch_dag.py
[2025-12-24T09:24:04.907+0000] {logging_mixin.py:190} INFO - [2025-12-24T09:24:04.906+0000] {dag.py:3239} INFO - Sync 1 DAGs
[2025-12-24T09:24:04.966+0000] {logging_mixin.py:190} INFO - [2025-12-24T09:24:04.966+0000] {dag.py:4180} INFO - Setting next_dagrun for example_nested_branch_dag to 2025-12-23 00:00:00+00:00, run_after=2025-12-24 00:00:00+00:00
[2025-12-24T09:24:05.011+0000] {processor.py:208} INFO - Processing /home/airflow/.local/lib/python3.11/site-packages/airflow/example_dags/example_nested_branch_dag.py took 0.180 seconds
[2025-12-24T09:24:16.382+0000] {processor.py:186} INFO - Started process (PID=249) to work on /home/airflow/.local/lib/python3.11/site-packages/airflow/example_dags/example_nested_branch_dag.py
[2025-12-24T09:24:16.384+0000] {processor.py:914} INFO - Processing file /home/airflow/.local/lib/python3.11/site-packages/airflow/example_dags/example_nested_branch_dag.py for tasks to queue
[2025-12-24T09:24:16.390+0000] {logging_mixin.py:190} INFO - [2025-12-24T09:24:16.389+0000] {dagbag.py:588} INFO - Filling up the DagBag from /home/airflow/.local/lib/python3.11/site-packages/airflow/example_dags/example_nested_branch_dag.py
[2025-12-24T09:24:16.433+0000] {processor.py:925} INFO - DAG(s) 'example_nested_branch_dag' retrieved from /home/airflow/.local/lib/python3.11/site-packages/airflow/example_dags/example_nested_branch_dag.py
[2025-12-24T09:24:16.475+0000] {logging_mixin.py:190} INFO - [2025-12-24T09:24:16.474+0000] {dag.py:3239} INFO - Sync 1 DAGs
[2025-12-24T09:24:16.530+0000] {logging_mixin.py:190} INFO - [2025-12-24T09:24:16.530+0000] {dag.py:4180} INFO - Setting next_dagrun for example_nested_branch_dag to 2025-12-23 00:00:00+00:00, run_after=2025-12-24 00:00:00+00:00
[2025-12-24T09:24:16.576+0000] {processor.py:208} INFO - Processing /home/airflow/.local/lib/python3.11/site-packages/airflow/example_dags/example_nested_branch_dag.py took 0.211 seconds
[2025-12-24T09:24:45.288+0000] {processor.py:186} INFO - Started process (PID=308) to work on /home/airflow/.local/lib/python3.11/site-packages/airflow/example_dags/example_nested_branch_dag.py
[2025-12-24T09:24:45.290+0000] {processor.py:914} INFO - Processing file /home/airflow/.local/lib/python3.11/site-packages/airflow/example_dags/example_nested_branch_dag.py for tasks to queue
[2025-12-24T09:24:45.295+0000] {logging_mixin.py:190} INFO - [2025-12-24T09:24:45.295+0000] {dagbag.py:588} INFO - Filling up the DagBag from /home/airflow/.local/lib/python3.11/site-packages/airflow/example_dags/example_nested_branch_dag.py
[2025-12-24T09:24:45.311+0000] {processor.py:925} INFO - DAG(s) 'example_nested_branch_dag' retrieved from /home/airflow/.local/lib/python3.11/site-packages/airflow/example_dags/example_nested_branch_dag.py
[2025-12-24T09:24:45.331+0000] {logging_mixin.py:190} INFO - [2025-12-24T09:24:45.331+0000] {dag.py:3239} INFO - Sync 1 DAGs
[2025-12-24T09:24:45.360+0000] {logging_mixin.py:190} INFO - [2025-12-24T09:24:45.360+0000] {dag.py:4180} INFO - Setting next_dagrun for example_nested_branch_dag to 2025-12-23 00:00:00+00:00, run_after=2025-12-24 00:00:00+00:00
[2025-12-24T09:24:45.389+0000] {processor.py:208} INFO - Processing /home/airflow/.local/lib/python3.11/site-packages/airflow/example_dags/example_nested_branch_dag.py took 0.109 seconds
[2025-12-24T09:24:56.749+0000] {processor.py:186} INFO - Started process (PID=364) to work on /home/airflow/.local/lib/python3.11/site-packages/airflow/example_dags/example_nested_branch_dag.py
[2025-12-24T09:24:56.751+0000] {processor.py:914} INFO - Processing file /home/airflow/.local/lib/python3.11/site-packages/airflow/example_dags/example_nested_branch_dag.py for tasks to queue
[2025-12-24T09:24:56.755+0000] {logging_mixin.py:190} INFO - [2025-12-24T09:24:56.754+0000] {dagbag.py:588} INFO - Filling up the DagBag from /home/airflow/.local/lib/python3.11/site-packages/airflow/example_dags/example_nested_branch_dag.py
[2025-12-24T09:24:56.774+0000] {processor.py:925} INFO - DAG(s) 'example_nested_branch_dag' retrieved from /home/airflow/.local/lib/python3.11/site-packages/airflow/example_dags/example_nested_branch_dag.py
[2025-12-24T09:24:56.826+0000] {logging_mixin.py:190} INFO - [2025-12-24T09:24:56.825+0000] {dag.py:3239} INFO - Sync 1 DAGs
[2025-12-24T09:24:56.875+0000] {logging_mixin.py:190} INFO - [2025-12-24T09:24:56.874+0000] {dag.py:4180} INFO - Setting next_dagrun for example_nested_branch_dag to 2025-12-23 00:00:00+00:00, run_after=2025-12-24 00:00:00+00:00
[2025-12-24T09:24:56.932+0000] {processor.py:208} INFO - Processing /home/airflow/.local/lib/python3.11/site-packages/airflow/example_dags/example_nested_branch_dag.py took 0.194 seconds
[2025-12-24T09:25:15.364+0000] {processor.py:186} INFO - Started process (PID=426) to work on /home/airflow/.local/lib/python3.11/site-packages/airflow/example_dags/example_nested_branch_dag.py
[2025-12-24T09:25:15.366+0000] {processor.py:914} INFO - Processing file /home/airflow/.local/lib/python3.11/site-packages/airflow/example_dags/example_nested_branch_dag.py for tasks to queue
[2025-12-24T09:25:15.370+0000] {logging_mixin.py:190} INFO - [2025-12-24T09:25:15.369+0000] {dagbag.py:588} INFO - Filling up the DagBag from /home/airflow/.local/lib/python3.11/site-packages/airflow/example_dags/example_nested_branch_dag.py
[2025-12-24T09:25:15.387+0000] {processor.py:925} INFO - DAG(s) 'example_nested_branch_dag' retrieved from /home/airflow/.local/lib/python3.11/site-packages/airflow/example_dags/example_nested_branch_dag.py
[2025-12-24T09:25:15.419+0000] {logging_mixin.py:190} INFO - [2025-12-24T09:25:15.419+0000] {dag.py:3239} INFO - Sync 1 DAGs
[2025-12-24T09:25:15.448+0000] {logging_mixin.py:190} INFO - [2025-12-24T09:25:15.448+0000] {dag.py:4180} INFO - Setting next_dagrun for example_nested_branch_dag to 2025-12-23 00:00:00+00:00, run_after=2025-12-24 00:00:00+00:00
[2025-12-24T09:25:15.492+0000] {processor.py:208} INFO - Processing /home/airflow/.local/lib/python3.11/site-packages/airflow/example_dags/example_nested_branch_dag.py took 0.137 seconds
[2025-12-24T09:25:21.630+0000] {processor.py:186} INFO - Started process (PID=480) to work on /home/airflow/.local/lib/python3.11/site-packages/airflow/example_dags/example_nested_branch_dag.py
[2025-12-24T09:25:21.632+0000] {processor.py:914} INFO - Processing file /home/airflow/.local/lib/python3.11/site-packages/airflow/example_dags/example_nested_branch_dag.py for tasks to queue
[2025-12-24T09:25:21.638+0000] {logging_mixin.py:190} INFO - [2025-12-24T09:25:21.638+0000] {dagbag.py:588} INFO - Filling up the DagBag from /home/airflow/.local/lib/python3.11/site-packages/airflow/example_dags/example_nested_branch_dag.py
[2025-12-24T09:25:21.660+0000] {processor.py:925} INFO - DAG(s) 'example_nested_branch_dag' retrieved from /home/airflow/.local/lib/python3.11/site-packages/airflow/example_dags/example_nested_branch_dag.py
[2025-12-24T09:25:21.696+0000] {logging_mixin.py:190} INFO - [2025-12-24T09:25:21.696+0000] {dag.py:3239} INFO - Sync 1 DAGs
[2025-12-24T09:25:21.742+0000] {logging_mixin.py:190} INFO - [2025-12-24T09:25:21.742+0000] {dag.py:4180} INFO - Setting next_dagrun for example_nested_branch_dag to 2025-12-23 00:00:00+00:00, run_after=2025-12-24 00:00:00+00:00
[2025-12-24T09:25:21.789+0000] {processor.py:208} INFO - Processing /home/airflow/.local/lib/python3.11/site-packages/airflow/example_dags/example_nested_branch_dag.py took 0.173 seconds
[2025-12-24T09:26:40.192+0000] {processor.py:186} INFO - Started process (PID=569) to work on /home/airflow/.local/lib/python3.11/site-packages/airflow/example_dags/example_nested_branch_dag.py
[2025-12-24T09:26:40.194+0000] {processor.py:914} INFO - Processing file /home/airflow/.local/lib/python3.11/site-packages/airflow/example_dags/example_nested_branch_dag.py for tasks to queue
[2025-12-24T09:26:40.198+0000] {logging_mixin.py:190} INFO - [2025-12-24T09:26:40.197+0000] {dagbag.py:588} INFO - Filling up the DagBag from /home/airflow/.local/lib/python3.11/site-packages/airflow/example_dags/example_nested_branch_dag.py
[2025-12-24T09:26:40.219+0000] {processor.py:925} INFO - DAG(s) 'example_nested_branch_dag' retrieved from /home/airflow/.local/lib/python3.11/site-packages/airflow/example_dags/example_nested_branch_dag.py
[2025-12-24T09:26:40.256+0000] {logging_mixin.py:190} INFO - [2025-12-24T09:26:40.255+0000] {dag.py:3239} INFO - Sync 1 DAGs
[2025-12-24T09:26:40.289+0000] {logging_mixin.py:190} INFO - [2025-12-24T09:26:40.288+0000] {dag.py:4180} INFO - Setting next_dagrun for example_nested_branch_dag to 2025-12-23 00:00:00+00:00, run_after=2025-12-24 00:00:00+00:00
[2025-12-24T09:25:57.994+0000] {processor.py:208} INFO - Processing /home/airflow/.local/lib/python3.11/site-packages/airflow/example_dags/example_nested_branch_dag.py took 0.135 seconds
[2025-12-24T09:26:06.925+0000] {processor.py:186} INFO - Started process (PID=632) to work on /home/airflow/.local/lib/python3.11/site-packages/airflow/example_dags/example_nested_branch_dag.py
[2025-12-24T09:26:06.928+0000] {processor.py:914} INFO - Processing file /home/airflow/.local/lib/python3.11/site-packages/airflow/example_dags/example_nested_branch_dag.py for tasks to queue
[2025-12-24T09:26:06.933+0000] {logging_mixin.py:190} INFO - [2025-12-24T09:26:06.932+0000] {dagbag.py:588} INFO - Filling up the DagBag from /home/airflow/.local/lib/python3.11/site-packages/airflow/example_dags/example_nested_branch_dag.py
[2025-12-24T09:26:06.957+0000] {processor.py:925} INFO - DAG(s) 'example_nested_branch_dag' retrieved from /home/airflow/.local/lib/python3.11/site-packages/airflow/example_dags/example_nested_branch_dag.py
[2025-12-24T09:26:07.000+0000] {logging_mixin.py:190} INFO - [2025-12-24T09:26:06.999+0000] {dag.py:3239} INFO - Sync 1 DAGs
[2025-12-24T09:26:07.038+0000] {logging_mixin.py:190} INFO - [2025-12-24T09:26:07.038+0000] {dag.py:4180} INFO - Setting next_dagrun for example_nested_branch_dag to 2025-12-23 00:00:00+00:00, run_after=2025-12-24 00:00:00+00:00
[2025-12-24T09:26:07.077+0000] {processor.py:208} INFO - Processing /home/airflow/.local/lib/python3.11/site-packages/airflow/example_dags/example_nested_branch_dag.py took 0.164 seconds
[2025-12-24T09:26:15.427+0000] {processor.py:186} INFO - Started process (PID=688) to work on /home/airflow/.local/lib/python3.11/site-packages/airflow/example_dags/example_nested_branch_dag.py
[2025-12-24T09:26:15.429+0000] {processor.py:914} INFO - Processing file /home/airflow/.local/lib/python3.11/site-packages/airflow/example_dags/example_nested_branch_dag.py for tasks to queue
[2025-12-24T09:26:15.433+0000] {logging_mixin.py:190} INFO - [2025-12-24T09:26:15.433+0000] {dagbag.py:588} INFO - Filling up the DagBag from /home/airflow/.local/lib/python3.11/site-packages/airflow/example_dags/example_nested_branch_dag.py
[2025-12-24T09:26:15.457+0000] {processor.py:925} INFO - DAG(s) 'example_nested_branch_dag' retrieved from /home/airflow/.local/lib/python3.11/site-packages/airflow/example_dags/example_nested_branch_dag.py
[2025-12-24T09:26:15.492+0000] {logging_mixin.py:190} INFO - [2025-12-24T09:26:15.491+0000] {dag.py:3239} INFO - Sync 1 DAGs
[2025-12-24T09:26:15.521+0000] {logging_mixin.py:190} INFO - [2025-12-24T09:26:15.521+0000] {dag.py:4180} INFO - Setting next_dagrun for example_nested_branch_dag to 2025-12-23 00:00:00+00:00, run_after=2025-12-24 00:00:00+00:00
[2025-12-24T09:26:15.551+0000] {processor.py:208} INFO - Processing /home/airflow/.local/lib/python3.11/site-packages/airflow/example_dags/example_nested_branch_dag.py took 0.137 seconds
[2025-12-24T09:26:26.332+0000] {processor.py:186} INFO - Started process (PID=740) to work on /home/airflow/.local/lib/python3.11/site-packages/airflow/example_dags/example_nested_branch_dag.py
[2025-12-24T09:26:26.333+0000] {processor.py:914} INFO - Processing file /home/airflow/.local/lib/python3.11/site-packages/airflow/example_dags/example_nested_branch_dag.py for tasks to queue
[2025-12-24T09:26:26.337+0000] {logging_mixin.py:190} INFO - [2025-12-24T09:26:26.337+0000] {dagbag.py:588} INFO - Filling up the DagBag from /home/airflow/.local/lib/python3.11/site-packages/airflow/example_dags/example_nested_branch_dag.py
[2025-12-24T09:26:26.355+0000] {processor.py:925} INFO - DAG(s) 'example_nested_branch_dag' retrieved from /home/airflow/.local/lib/python3.11/site-packages/airflow/example_dags/example_nested_branch_dag.py
[2025-12-24T09:26:26.391+0000] {logging_mixin.py:190} INFO - [2025-12-24T09:26:26.391+0000] {dag.py:3239} INFO - Sync 1 DAGs
[2025-12-24T09:26:26.425+0000] {logging_mixin.py:190} INFO - [2025-12-24T09:26:26.425+0000] {dag.py:4180} INFO - Setting next_dagrun for example_nested_branch_dag to 2025-12-23 00:00:00+00:00, run_after=2025-12-24 00:00:00+00:00
[2025-12-24T09:26:26.452+0000] {processor.py:208} INFO - Processing /home/airflow/.local/lib/python3.11/site-packages/airflow/example_dags/example_nested_branch_dag.py took 0.130 seconds
[2025-12-24T09:26:37.328+0000] {processor.py:186} INFO - Started process (PID=798) to work on /home/airflow/.local/lib/python3.11/site-packages/airflow/example_dags/example_nested_branch_dag.py
[2025-12-24T09:26:37.330+0000] {processor.py:914} INFO - Processing file /home/airflow/.local/lib/python3.11/site-packages/airflow/example_dags/example_nested_branch_dag.py for tasks to queue
[2025-12-24T09:26:37.334+0000] {logging_mixin.py:190} INFO - [2025-12-24T09:26:37.334+0000] {dagbag.py:588} INFO - Filling up the DagBag from /home/airflow/.local/lib/python3.11/site-packages/airflow/example_dags/example_nested_branch_dag.py
[2025-12-24T09:26:37.356+0000] {processor.py:925} INFO - DAG(s) 'example_nested_branch_dag' retrieved from /home/airflow/.local/lib/python3.11/site-packages/airflow/example_dags/example_nested_branch_dag.py
[2025-12-24T09:26:37.415+0000] {logging_mixin.py:190} INFO - [2025-12-24T09:26:37.414+0000] {dag.py:3239} INFO - Sync 1 DAGs
[2025-12-24T09:26:37.455+0000] {logging_mixin.py:190} INFO - [2025-12-24T09:26:37.455+0000] {dag.py:4180} INFO - Setting next_dagrun for example_nested_branch_dag to 2025-12-23 00:00:00+00:00, run_after=2025-12-24 00:00:00+00:00
[2025-12-24T09:26:37.485+0000] {processor.py:208} INFO - Processing /home/airflow/.local/lib/python3.11/site-packages/airflow/example_dags/example_nested_branch_dag.py took 0.169 seconds
[2025-12-24T09:26:48.511+0000] {processor.py:186} INFO - Started process (PID=851) to work on /home/airflow/.local/lib/python3.11/site-packages/airflow/example_dags/example_nested_branch_dag.py
[2025-12-24T09:26:48.513+0000] {processor.py:914} INFO - Processing file /home/airflow/.local/lib/python3.11/site-packages/airflow/example_dags/example_nested_branch_dag.py for tasks to queue
[2025-12-24T09:26:48.519+0000] {logging_mixin.py:190} INFO - [2025-12-24T09:26:48.518+0000] {dagbag.py:588} INFO - Filling up the DagBag from /home/airflow/.local/lib/python3.11/site-packages/airflow/example_dags/example_nested_branch_dag.py
[2025-12-24T09:26:48.537+0000] {processor.py:925} INFO - DAG(s) 'example_nested_branch_dag' retrieved from /home/airflow/.local/lib/python3.11/site-packages/airflow/example_dags/example_nested_branch_dag.py
[2025-12-24T09:26:48.571+0000] {logging_mixin.py:190} INFO - [2025-12-24T09:26:48.570+0000] {dag.py:3239} INFO - Sync 1 DAGs
[2025-12-24T09:26:48.601+0000] {logging_mixin.py:190} INFO - [2025-12-24T09:26:48.600+0000] {dag.py:4180} INFO - Setting next_dagrun for example_nested_branch_dag to 2025-12-23 00:00:00+00:00, run_after=2025-12-24 00:00:00+00:00
[2025-12-24T09:26:48.630+0000] {processor.py:208} INFO - Processing /home/airflow/.local/lib/python3.11/site-packages/airflow/example_dags/example_nested_branch_dag.py took 0.131 seconds
[2025-12-24T09:27:45.352+0000] {processor.py:186} INFO - Started process (PID=913) to work on /home/airflow/.local/lib/python3.11/site-packages/airflow/example_dags/example_nested_branch_dag.py
[2025-12-24T09:27:45.354+0000] {processor.py:914} INFO - Processing file /home/airflow/.local/lib/python3.11/site-packages/airflow/example_dags/example_nested_branch_dag.py for tasks to queue
[2025-12-24T09:27:45.358+0000] {logging_mixin.py:190} INFO - [2025-12-24T09:27:45.357+0000] {dagbag.py:588} INFO - Filling up the DagBag from /home/airflow/.local/lib/python3.11/site-packages/airflow/example_dags/example_nested_branch_dag.py
[2025-12-24T09:27:45.378+0000] {processor.py:925} INFO - DAG(s) 'example_nested_branch_dag' retrieved from /home/airflow/.local/lib/python3.11/site-packages/airflow/example_dags/example_nested_branch_dag.py
[2025-12-24T09:27:45.430+0000] {logging_mixin.py:190} INFO - [2025-12-24T09:27:45.429+0000] {dag.py:3239} INFO - Sync 1 DAGs
[2025-12-24T09:27:45.462+0000] {logging_mixin.py:190} INFO - [2025-12-24T09:27:45.462+0000] {dag.py:4180} INFO - Setting next_dagrun for example_nested_branch_dag to 2025-12-23 00:00:00+00:00, run_after=2025-12-24 00:00:00+00:00
[2025-12-24T09:27:45.492+0000] {processor.py:208} INFO - Processing /home/airflow/.local/lib/python3.11/site-packages/airflow/example_dags/example_nested_branch_dag.py took 0.153 seconds
[2025-12-24T09:27:52.389+0000] {processor.py:186} INFO - Started process (PID=979) to work on /home/airflow/.local/lib/python3.11/site-packages/airflow/example_dags/example_nested_branch_dag.py
[2025-12-24T09:27:52.391+0000] {processor.py:914} INFO - Processing file /home/airflow/.local/lib/python3.11/site-packages/airflow/example_dags/example_nested_branch_dag.py for tasks to queue
[2025-12-24T09:27:52.396+0000] {logging_mixin.py:190} INFO - [2025-12-24T09:27:52.395+0000] {dagbag.py:588} INFO - Filling up the DagBag from /home/airflow/.local/lib/python3.11/site-packages/airflow/example_dags/example_nested_branch_dag.py
[2025-12-24T09:27:52.417+0000] {processor.py:925} INFO - DAG(s) 'example_nested_branch_dag' retrieved from /home/airflow/.local/lib/python3.11/site-packages/airflow/example_dags/example_nested_branch_dag.py
[2025-12-24T09:27:52.462+0000] {logging_mixin.py:190} INFO - [2025-12-24T09:27:52.462+0000] {dag.py:3239} INFO - Sync 1 DAGs
[2025-12-24T09:27:52.504+0000] {logging_mixin.py:190} INFO - [2025-12-24T09:27:52.503+0000] {dag.py:4180} INFO - Setting next_dagrun for example_nested_branch_dag to 2025-12-23 00:00:00+00:00, run_after=2025-12-24 00:00:00+00:00
[2025-12-24T09:27:52.537+0000] {processor.py:208} INFO - Processing /home/airflow/.local/lib/python3.11/site-packages/airflow/example_dags/example_nested_branch_dag.py took 0.161 seconds
[2025-12-24T09:28:02.209+0000] {processor.py:186} INFO - Started process (PID=1045) to work on /home/airflow/.local/lib/python3.11/site-packages/airflow/example_dags/example_nested_branch_dag.py
[2025-12-24T09:28:02.210+0000] {processor.py:914} INFO - Processing file /home/airflow/.local/lib/python3.11/site-packages/airflow/example_dags/example_nested_branch_dag.py for tasks to queue
[2025-12-24T09:28:02.215+0000] {logging_mixin.py:190} INFO - [2025-12-24T09:28:02.214+0000] {dagbag.py:588} INFO - Filling up the DagBag from /home/airflow/.local/lib/python3.11/site-packages/airflow/example_dags/example_nested_branch_dag.py
[2025-12-24T09:28:02.234+0000] {processor.py:925} INFO - DAG(s) 'example_nested_branch_dag' retrieved from /home/airflow/.local/lib/python3.11/site-packages/airflow/example_dags/example_nested_branch_dag.py
[2025-12-24T09:28:02.272+0000] {logging_mixin.py:190} INFO - [2025-12-24T09:28:02.271+0000] {dag.py:3239} INFO - Sync 1 DAGs
[2025-12-24T09:28:02.313+0000] {logging_mixin.py:190} INFO - [2025-12-24T09:28:02.312+0000] {dag.py:4180} INFO - Setting next_dagrun for example_nested_branch_dag to 2025-12-23 00:00:00+00:00, run_after=2025-12-24 00:00:00+00:00
[2025-12-24T09:28:02.363+0000] {processor.py:208} INFO - Processing /home/airflow/.local/lib/python3.11/site-packages/airflow/example_dags/example_nested_branch_dag.py took 0.165 seconds
[2025-12-24T09:28:16.762+0000] {processor.py:186} INFO - Started process (PID=1104) to work on /home/airflow/.local/lib/python3.11/site-packages/airflow/example_dags/example_nested_branch_dag.py
[2025-12-24T09:28:16.763+0000] {processor.py:914} INFO - Processing file /home/airflow/.local/lib/python3.11/site-packages/airflow/example_dags/example_nested_branch_dag.py for tasks to queue
[2025-12-24T09:28:16.767+0000] {logging_mixin.py:190} INFO - [2025-12-24T09:28:16.767+0000] {dagbag.py:588} INFO - Filling up the DagBag from /home/airflow/.local/lib/python3.11/site-packages/airflow/example_dags/example_nested_branch_dag.py
[2025-12-24T09:28:16.783+0000] {processor.py:925} INFO - DAG(s) 'example_nested_branch_dag' retrieved from /home/airflow/.local/lib/python3.11/site-packages/airflow/example_dags/example_nested_branch_dag.py
[2025-12-24T09:28:16.828+0000] {logging_mixin.py:190} INFO - [2025-12-24T09:28:16.827+0000] {dag.py:3239} INFO - Sync 1 DAGs
[2025-12-24T09:28:16.858+0000] {logging_mixin.py:190} INFO - [2025-12-24T09:28:16.857+0000] {dag.py:4180} INFO - Setting next_dagrun for example_nested_branch_dag to 2025-12-23 00:00:00+00:00, run_after=2025-12-24 00:00:00+00:00
[2025-12-24T09:28:16.899+0000] {processor.py:208} INFO - Processing /home/airflow/.local/lib/python3.11/site-packages/airflow/example_dags/example_nested_branch_dag.py took 0.146 seconds
[2025-12-24T09:29:15.171+0000] {processor.py:186} INFO - Started process (PID=1163) to work on /home/airflow/.local/lib/python3.11/site-packages/airflow/example_dags/example_nested_branch_dag.py
[2025-12-24T09:29:15.173+0000] {processor.py:914} INFO - Processing file /home/airflow/.local/lib/python3.11/site-packages/airflow/example_dags/example_nested_branch_dag.py for tasks to queue
[2025-12-24T09:29:15.178+0000] {logging_mixin.py:190} INFO - [2025-12-24T09:29:15.178+0000] {dagbag.py:588} INFO - Filling up the DagBag from /home/airflow/.local/lib/python3.11/site-packages/airflow/example_dags/example_nested_branch_dag.py
[2025-12-24T09:29:15.209+0000] {processor.py:925} INFO - DAG(s) 'example_nested_branch_dag' retrieved from /home/airflow/.local/lib/python3.11/site-packages/airflow/example_dags/example_nested_branch_dag.py
[2025-12-24T09:29:15.265+0000] {logging_mixin.py:190} INFO - [2025-12-24T09:29:15.262+0000] {dag.py:3239} INFO - Sync 1 DAGs
[2025-12-24T09:29:15.343+0000] {logging_mixin.py:190} INFO - [2025-12-24T09:29:15.342+0000] {dag.py:4180} INFO - Setting next_dagrun for example_nested_branch_dag to 2025-12-23 00:00:00+00:00, run_after=2025-12-24 00:00:00+00:00
[2025-12-24T09:29:15.383+0000] {processor.py:208} INFO - Processing /home/airflow/.local/lib/python3.11/site-packages/airflow/example_dags/example_nested_branch_dag.py took 0.226 seconds
