[2025-12-24T09:03:06.914+0000] {processor.py:186} INFO - Started process (PID=122) to work on /home/airflow/.local/lib/python3.11/site-packages/airflow/example_dags/example_kubernetes_executor.py
[2025-12-24T09:03:06.916+0000] {processor.py:914} INFO - Processing file /home/airflow/.local/lib/python3.11/site-packages/airflow/example_dags/example_kubernetes_executor.py for tasks to queue
[2025-12-24T09:03:06.920+0000] {logging_mixin.py:190} INFO - [2025-12-24T09:03:06.920+0000] {dagbag.py:588} INFO - Filling up the DagBag from /home/airflow/.local/lib/python3.11/site-packages/airflow/example_dags/example_kubernetes_executor.py
[2025-12-24T09:03:06.953+0000] {processor.py:925} INFO - DAG(s) 'example_kubernetes_executor' retrieved from /home/airflow/.local/lib/python3.11/site-packages/airflow/example_dags/example_kubernetes_executor.py
[2025-12-24T09:03:07.123+0000] {logging_mixin.py:190} INFO - [2025-12-24T09:03:07.121+0000] {override.py:1911} INFO - Created Permission View: can edit on DAG:example_kubernetes_executor
[2025-12-24T09:03:07.149+0000] {logging_mixin.py:190} INFO - [2025-12-24T09:03:07.149+0000] {override.py:1911} INFO - Created Permission View: can read on DAG:example_kubernetes_executor
[2025-12-24T09:03:07.169+0000] {logging_mixin.py:190} INFO - [2025-12-24T09:03:07.168+0000] {override.py:1911} INFO - Created Permission View: can delete on DAG:example_kubernetes_executor
[2025-12-24T09:03:07.203+0000] {logging_mixin.py:190} INFO - [2025-12-24T09:03:07.202+0000] {override.py:1911} INFO - Created Permission View: can read on DAG Run:example_kubernetes_executor
[2025-12-24T09:03:07.221+0000] {logging_mixin.py:190} INFO - [2025-12-24T09:03:07.220+0000] {override.py:1911} INFO - Created Permission View: can create on DAG Run:example_kubernetes_executor
[2025-12-24T09:03:07.238+0000] {logging_mixin.py:190} INFO - [2025-12-24T09:03:07.237+0000] {override.py:1911} INFO - Created Permission View: can delete on DAG Run:example_kubernetes_executor
[2025-12-24T09:03:07.256+0000] {logging_mixin.py:190} INFO - [2025-12-24T09:03:07.256+0000] {override.py:1911} INFO - Created Permission View: menu access on DAG Run:example_kubernetes_executor
[2025-12-24T09:03:07.258+0000] {logging_mixin.py:190} INFO - [2025-12-24T09:03:07.257+0000] {dag.py:3239} INFO - Sync 1 DAGs
[2025-12-24T09:03:07.273+0000] {logging_mixin.py:190} INFO - [2025-12-24T09:03:07.273+0000] {dag.py:3262} INFO - Creating ORM DAG for example_kubernetes_executor
[2025-12-24T09:03:07.274+0000] {logging_mixin.py:190} INFO - [2025-12-24T09:03:07.274+0000] {dag.py:4180} INFO - Setting next_dagrun for example_kubernetes_executor to None, run_after=None
[2025-12-24T09:03:07.300+0000] {processor.py:208} INFO - Processing /home/airflow/.local/lib/python3.11/site-packages/airflow/example_dags/example_kubernetes_executor.py took 0.397 seconds
[2025-12-24T09:03:16.954+0000] {processor.py:186} INFO - Started process (PID=187) to work on /home/airflow/.local/lib/python3.11/site-packages/airflow/example_dags/example_kubernetes_executor.py
[2025-12-24T09:03:16.961+0000] {processor.py:914} INFO - Processing file /home/airflow/.local/lib/python3.11/site-packages/airflow/example_dags/example_kubernetes_executor.py for tasks to queue
[2025-12-24T09:03:16.977+0000] {logging_mixin.py:190} INFO - [2025-12-24T09:03:16.976+0000] {dagbag.py:588} INFO - Filling up the DagBag from /home/airflow/.local/lib/python3.11/site-packages/airflow/example_dags/example_kubernetes_executor.py
[2025-12-24T09:03:17.012+0000] {processor.py:925} INFO - DAG(s) 'example_kubernetes_executor' retrieved from /home/airflow/.local/lib/python3.11/site-packages/airflow/example_dags/example_kubernetes_executor.py
[2025-12-24T09:03:17.040+0000] {logging_mixin.py:190} INFO - [2025-12-24T09:03:17.039+0000] {dag.py:3239} INFO - Sync 1 DAGs
[2025-12-24T09:03:17.073+0000] {logging_mixin.py:190} INFO - [2025-12-24T09:03:17.072+0000] {dag.py:4180} INFO - Setting next_dagrun for example_kubernetes_executor to None, run_after=None
[2025-12-24T09:03:17.110+0000] {processor.py:208} INFO - Processing /home/airflow/.local/lib/python3.11/site-packages/airflow/example_dags/example_kubernetes_executor.py took 0.175 seconds
[2025-12-24T09:04:19.234+0000] {processor.py:186} INFO - Started process (PID=242) to work on /home/airflow/.local/lib/python3.11/site-packages/airflow/example_dags/example_kubernetes_executor.py
[2025-12-24T09:04:19.236+0000] {processor.py:914} INFO - Processing file /home/airflow/.local/lib/python3.11/site-packages/airflow/example_dags/example_kubernetes_executor.py for tasks to queue
[2025-12-24T09:04:19.239+0000] {logging_mixin.py:190} INFO - [2025-12-24T09:04:19.239+0000] {dagbag.py:588} INFO - Filling up the DagBag from /home/airflow/.local/lib/python3.11/site-packages/airflow/example_dags/example_kubernetes_executor.py
[2025-12-24T09:04:19.266+0000] {processor.py:925} INFO - DAG(s) 'example_kubernetes_executor' retrieved from /home/airflow/.local/lib/python3.11/site-packages/airflow/example_dags/example_kubernetes_executor.py
[2025-12-24T09:04:19.305+0000] {logging_mixin.py:190} INFO - [2025-12-24T09:04:19.305+0000] {dag.py:3239} INFO - Sync 1 DAGs
[2025-12-24T09:04:19.329+0000] {logging_mixin.py:190} INFO - [2025-12-24T09:04:19.328+0000] {dag.py:4180} INFO - Setting next_dagrun for example_kubernetes_executor to None, run_after=None
[2025-12-24T09:04:19.357+0000] {processor.py:208} INFO - Processing /home/airflow/.local/lib/python3.11/site-packages/airflow/example_dags/example_kubernetes_executor.py took 0.133 seconds
[2025-12-24T09:04:17.763+0000] {processor.py:186} INFO - Started process (PID=315) to work on /home/airflow/.local/lib/python3.11/site-packages/airflow/example_dags/example_kubernetes_executor.py
[2025-12-24T09:04:17.765+0000] {processor.py:914} INFO - Processing file /home/airflow/.local/lib/python3.11/site-packages/airflow/example_dags/example_kubernetes_executor.py for tasks to queue
[2025-12-24T09:04:17.770+0000] {logging_mixin.py:190} INFO - [2025-12-24T09:04:17.770+0000] {dagbag.py:588} INFO - Filling up the DagBag from /home/airflow/.local/lib/python3.11/site-packages/airflow/example_dags/example_kubernetes_executor.py
[2025-12-24T09:04:17.804+0000] {processor.py:925} INFO - DAG(s) 'example_kubernetes_executor' retrieved from /home/airflow/.local/lib/python3.11/site-packages/airflow/example_dags/example_kubernetes_executor.py
[2025-12-24T09:04:17.921+0000] {logging_mixin.py:190} INFO - [2025-12-24T09:04:17.920+0000] {dag.py:3239} INFO - Sync 1 DAGs
[2025-12-24T09:04:17.973+0000] {logging_mixin.py:190} INFO - [2025-12-24T09:04:17.973+0000] {dag.py:4180} INFO - Setting next_dagrun for example_kubernetes_executor to None, run_after=None
[2025-12-24T09:04:18.027+0000] {processor.py:208} INFO - Processing /home/airflow/.local/lib/python3.11/site-packages/airflow/example_dags/example_kubernetes_executor.py took 0.280 seconds
[2025-12-24T09:04:47.123+0000] {processor.py:186} INFO - Started process (PID=379) to work on /home/airflow/.local/lib/python3.11/site-packages/airflow/example_dags/example_kubernetes_executor.py
[2025-12-24T09:04:47.124+0000] {processor.py:914} INFO - Processing file /home/airflow/.local/lib/python3.11/site-packages/airflow/example_dags/example_kubernetes_executor.py for tasks to queue
[2025-12-24T09:04:47.129+0000] {logging_mixin.py:190} INFO - [2025-12-24T09:04:47.129+0000] {dagbag.py:588} INFO - Filling up the DagBag from /home/airflow/.local/lib/python3.11/site-packages/airflow/example_dags/example_kubernetes_executor.py
[2025-12-24T09:04:47.154+0000] {processor.py:925} INFO - DAG(s) 'example_kubernetes_executor' retrieved from /home/airflow/.local/lib/python3.11/site-packages/airflow/example_dags/example_kubernetes_executor.py
[2025-12-24T09:04:47.201+0000] {logging_mixin.py:190} INFO - [2025-12-24T09:04:47.200+0000] {dag.py:3239} INFO - Sync 1 DAGs
[2025-12-24T09:04:47.225+0000] {logging_mixin.py:190} INFO - [2025-12-24T09:04:47.224+0000] {dag.py:4180} INFO - Setting next_dagrun for example_kubernetes_executor to None, run_after=None
[2025-12-24T09:04:47.262+0000] {processor.py:208} INFO - Processing /home/airflow/.local/lib/python3.11/site-packages/airflow/example_dags/example_kubernetes_executor.py took 0.150 seconds
[2025-12-24T09:04:56.729+0000] {processor.py:186} INFO - Started process (PID=437) to work on /home/airflow/.local/lib/python3.11/site-packages/airflow/example_dags/example_kubernetes_executor.py
[2025-12-24T09:04:56.731+0000] {processor.py:914} INFO - Processing file /home/airflow/.local/lib/python3.11/site-packages/airflow/example_dags/example_kubernetes_executor.py for tasks to queue
[2025-12-24T09:04:56.735+0000] {logging_mixin.py:190} INFO - [2025-12-24T09:04:56.734+0000] {dagbag.py:588} INFO - Filling up the DagBag from /home/airflow/.local/lib/python3.11/site-packages/airflow/example_dags/example_kubernetes_executor.py
[2025-12-24T09:04:56.755+0000] {processor.py:925} INFO - DAG(s) 'example_kubernetes_executor' retrieved from /home/airflow/.local/lib/python3.11/site-packages/airflow/example_dags/example_kubernetes_executor.py
[2025-12-24T09:04:56.793+0000] {logging_mixin.py:190} INFO - [2025-12-24T09:04:56.793+0000] {dag.py:3239} INFO - Sync 1 DAGs
[2025-12-24T09:04:56.814+0000] {logging_mixin.py:190} INFO - [2025-12-24T09:04:56.814+0000] {dag.py:4180} INFO - Setting next_dagrun for example_kubernetes_executor to None, run_after=None
[2025-12-24T09:04:56.844+0000] {processor.py:208} INFO - Processing /home/airflow/.local/lib/python3.11/site-packages/airflow/example_dags/example_kubernetes_executor.py took 0.125 seconds
[2025-12-24T09:05:30.519+0000] {processor.py:186} INFO - Started process (PID=536) to work on /home/airflow/.local/lib/python3.11/site-packages/airflow/example_dags/example_kubernetes_executor.py
[2025-12-24T09:05:30.521+0000] {processor.py:914} INFO - Processing file /home/airflow/.local/lib/python3.11/site-packages/airflow/example_dags/example_kubernetes_executor.py for tasks to queue
[2025-12-24T09:05:30.526+0000] {logging_mixin.py:190} INFO - [2025-12-24T09:05:30.526+0000] {dagbag.py:588} INFO - Filling up the DagBag from /home/airflow/.local/lib/python3.11/site-packages/airflow/example_dags/example_kubernetes_executor.py
[2025-12-24T09:05:30.550+0000] {processor.py:925} INFO - DAG(s) 'example_kubernetes_executor' retrieved from /home/airflow/.local/lib/python3.11/site-packages/airflow/example_dags/example_kubernetes_executor.py
[2025-12-24T09:05:30.592+0000] {logging_mixin.py:190} INFO - [2025-12-24T09:05:30.592+0000] {dag.py:3239} INFO - Sync 1 DAGs
[2025-12-24T09:05:30.623+0000] {logging_mixin.py:190} INFO - [2025-12-24T09:05:30.622+0000] {dag.py:4180} INFO - Setting next_dagrun for example_kubernetes_executor to None, run_after=None
[2025-12-24T09:05:30.650+0000] {processor.py:208} INFO - Processing /home/airflow/.local/lib/python3.11/site-packages/airflow/example_dags/example_kubernetes_executor.py took 0.140 seconds
[2025-12-24T09:05:42.682+0000] {processor.py:186} INFO - Started process (PID=593) to work on /home/airflow/.local/lib/python3.11/site-packages/airflow/example_dags/example_kubernetes_executor.py
[2025-12-24T09:05:42.684+0000] {processor.py:914} INFO - Processing file /home/airflow/.local/lib/python3.11/site-packages/airflow/example_dags/example_kubernetes_executor.py for tasks to queue
[2025-12-24T09:05:42.688+0000] {logging_mixin.py:190} INFO - [2025-12-24T09:05:42.688+0000] {dagbag.py:588} INFO - Filling up the DagBag from /home/airflow/.local/lib/python3.11/site-packages/airflow/example_dags/example_kubernetes_executor.py
[2025-12-24T09:05:42.710+0000] {processor.py:925} INFO - DAG(s) 'example_kubernetes_executor' retrieved from /home/airflow/.local/lib/python3.11/site-packages/airflow/example_dags/example_kubernetes_executor.py
[2025-12-24T09:05:42.756+0000] {logging_mixin.py:190} INFO - [2025-12-24T09:05:42.755+0000] {dag.py:3239} INFO - Sync 1 DAGs
[2025-12-24T09:05:42.772+0000] {logging_mixin.py:190} INFO - [2025-12-24T09:05:42.772+0000] {dag.py:4180} INFO - Setting next_dagrun for example_kubernetes_executor to None, run_after=None
[2025-12-24T09:05:43.001+0000] {processor.py:208} INFO - Processing /home/airflow/.local/lib/python3.11/site-packages/airflow/example_dags/example_kubernetes_executor.py took 0.331 seconds
[2025-12-24T09:06:44.542+0000] {processor.py:186} INFO - Started process (PID=655) to work on /home/airflow/.local/lib/python3.11/site-packages/airflow/example_dags/example_kubernetes_executor.py
[2025-12-24T09:06:44.544+0000] {processor.py:914} INFO - Processing file /home/airflow/.local/lib/python3.11/site-packages/airflow/example_dags/example_kubernetes_executor.py for tasks to queue
[2025-12-24T09:06:44.548+0000] {logging_mixin.py:190} INFO - [2025-12-24T09:06:44.548+0000] {dagbag.py:588} INFO - Filling up the DagBag from /home/airflow/.local/lib/python3.11/site-packages/airflow/example_dags/example_kubernetes_executor.py
[2025-12-24T09:06:44.568+0000] {processor.py:925} INFO - DAG(s) 'example_kubernetes_executor' retrieved from /home/airflow/.local/lib/python3.11/site-packages/airflow/example_dags/example_kubernetes_executor.py
[2025-12-24T09:06:44.607+0000] {logging_mixin.py:190} INFO - [2025-12-24T09:06:44.606+0000] {dag.py:3239} INFO - Sync 1 DAGs
[2025-12-24T09:06:44.627+0000] {logging_mixin.py:190} INFO - [2025-12-24T09:06:44.627+0000] {dag.py:4180} INFO - Setting next_dagrun for example_kubernetes_executor to None, run_after=None
[2025-12-24T09:06:44.654+0000] {processor.py:208} INFO - Processing /home/airflow/.local/lib/python3.11/site-packages/airflow/example_dags/example_kubernetes_executor.py took 0.121 seconds
[2025-12-24T09:06:48.243+0000] {processor.py:186} INFO - Started process (PID=729) to work on /home/airflow/.local/lib/python3.11/site-packages/airflow/example_dags/example_kubernetes_executor.py
[2025-12-24T09:06:48.245+0000] {processor.py:914} INFO - Processing file /home/airflow/.local/lib/python3.11/site-packages/airflow/example_dags/example_kubernetes_executor.py for tasks to queue
[2025-12-24T09:06:48.250+0000] {logging_mixin.py:190} INFO - [2025-12-24T09:06:48.249+0000] {dagbag.py:588} INFO - Filling up the DagBag from /home/airflow/.local/lib/python3.11/site-packages/airflow/example_dags/example_kubernetes_executor.py
[2025-12-24T09:06:48.270+0000] {processor.py:925} INFO - DAG(s) 'example_kubernetes_executor' retrieved from /home/airflow/.local/lib/python3.11/site-packages/airflow/example_dags/example_kubernetes_executor.py
[2025-12-24T09:06:48.319+0000] {logging_mixin.py:190} INFO - [2025-12-24T09:06:48.319+0000] {dag.py:3239} INFO - Sync 1 DAGs
[2025-12-24T09:06:48.338+0000] {logging_mixin.py:190} INFO - [2025-12-24T09:06:48.338+0000] {dag.py:4180} INFO - Setting next_dagrun for example_kubernetes_executor to None, run_after=None
[2025-12-24T09:06:48.485+0000] {processor.py:208} INFO - Processing /home/airflow/.local/lib/python3.11/site-packages/airflow/example_dags/example_kubernetes_executor.py took 0.253 seconds
[2025-12-24T09:07:17.508+0000] {processor.py:186} INFO - Started process (PID=793) to work on /home/airflow/.local/lib/python3.11/site-packages/airflow/example_dags/example_kubernetes_executor.py
[2025-12-24T09:07:17.512+0000] {processor.py:914} INFO - Processing file /home/airflow/.local/lib/python3.11/site-packages/airflow/example_dags/example_kubernetes_executor.py for tasks to queue
[2025-12-24T09:07:17.519+0000] {logging_mixin.py:190} INFO - [2025-12-24T09:07:17.518+0000] {dagbag.py:588} INFO - Filling up the DagBag from /home/airflow/.local/lib/python3.11/site-packages/airflow/example_dags/example_kubernetes_executor.py
[2025-12-24T09:07:17.550+0000] {processor.py:925} INFO - DAG(s) 'example_kubernetes_executor' retrieved from /home/airflow/.local/lib/python3.11/site-packages/airflow/example_dags/example_kubernetes_executor.py
[2025-12-24T09:07:17.614+0000] {logging_mixin.py:190} INFO - [2025-12-24T09:07:17.614+0000] {dag.py:3239} INFO - Sync 1 DAGs
[2025-12-24T09:07:17.646+0000] {logging_mixin.py:190} INFO - [2025-12-24T09:07:17.646+0000] {dag.py:4180} INFO - Setting next_dagrun for example_kubernetes_executor to None, run_after=None
[2025-12-24T09:07:17.688+0000] {processor.py:208} INFO - Processing /home/airflow/.local/lib/python3.11/site-packages/airflow/example_dags/example_kubernetes_executor.py took 0.203 seconds
[2025-12-24T09:07:27.833+0000] {processor.py:186} INFO - Started process (PID=850) to work on /home/airflow/.local/lib/python3.11/site-packages/airflow/example_dags/example_kubernetes_executor.py
[2025-12-24T09:07:27.836+0000] {processor.py:914} INFO - Processing file /home/airflow/.local/lib/python3.11/site-packages/airflow/example_dags/example_kubernetes_executor.py for tasks to queue
[2025-12-24T09:07:27.842+0000] {logging_mixin.py:190} INFO - [2025-12-24T09:07:27.841+0000] {dagbag.py:588} INFO - Filling up the DagBag from /home/airflow/.local/lib/python3.11/site-packages/airflow/example_dags/example_kubernetes_executor.py
[2025-12-24T09:07:27.880+0000] {processor.py:925} INFO - DAG(s) 'example_kubernetes_executor' retrieved from /home/airflow/.local/lib/python3.11/site-packages/airflow/example_dags/example_kubernetes_executor.py
[2025-12-24T09:07:27.980+0000] {logging_mixin.py:190} INFO - [2025-12-24T09:07:27.973+0000] {dag.py:3239} INFO - Sync 1 DAGs
[2025-12-24T09:07:28.015+0000] {logging_mixin.py:190} INFO - [2025-12-24T09:07:28.015+0000] {dag.py:4180} INFO - Setting next_dagrun for example_kubernetes_executor to None, run_after=None
[2025-12-24T09:07:28.088+0000] {processor.py:208} INFO - Processing /home/airflow/.local/lib/python3.11/site-packages/airflow/example_dags/example_kubernetes_executor.py took 0.270 seconds
[2025-12-24T09:07:37.096+0000] {processor.py:186} INFO - Started process (PID=906) to work on /home/airflow/.local/lib/python3.11/site-packages/airflow/example_dags/example_kubernetes_executor.py
[2025-12-24T09:07:37.098+0000] {processor.py:914} INFO - Processing file /home/airflow/.local/lib/python3.11/site-packages/airflow/example_dags/example_kubernetes_executor.py for tasks to queue
[2025-12-24T09:07:37.104+0000] {logging_mixin.py:190} INFO - [2025-12-24T09:07:37.103+0000] {dagbag.py:588} INFO - Filling up the DagBag from /home/airflow/.local/lib/python3.11/site-packages/airflow/example_dags/example_kubernetes_executor.py
[2025-12-24T09:07:37.129+0000] {processor.py:925} INFO - DAG(s) 'example_kubernetes_executor' retrieved from /home/airflow/.local/lib/python3.11/site-packages/airflow/example_dags/example_kubernetes_executor.py
[2025-12-24T09:07:37.177+0000] {logging_mixin.py:190} INFO - [2025-12-24T09:07:37.176+0000] {dag.py:3239} INFO - Sync 1 DAGs
[2025-12-24T09:07:37.198+0000] {logging_mixin.py:190} INFO - [2025-12-24T09:07:37.198+0000] {dag.py:4180} INFO - Setting next_dagrun for example_kubernetes_executor to None, run_after=None
[2025-12-24T09:07:37.223+0000] {processor.py:208} INFO - Processing /home/airflow/.local/lib/python3.11/site-packages/airflow/example_dags/example_kubernetes_executor.py took 0.140 seconds
[2025-12-24T09:07:46.139+0000] {processor.py:186} INFO - Started process (PID=967) to work on /home/airflow/.local/lib/python3.11/site-packages/airflow/example_dags/example_kubernetes_executor.py
[2025-12-24T09:07:46.141+0000] {processor.py:914} INFO - Processing file /home/airflow/.local/lib/python3.11/site-packages/airflow/example_dags/example_kubernetes_executor.py for tasks to queue
[2025-12-24T09:07:46.147+0000] {logging_mixin.py:190} INFO - [2025-12-24T09:07:46.146+0000] {dagbag.py:588} INFO - Filling up the DagBag from /home/airflow/.local/lib/python3.11/site-packages/airflow/example_dags/example_kubernetes_executor.py
[2025-12-24T09:07:46.174+0000] {processor.py:925} INFO - DAG(s) 'example_kubernetes_executor' retrieved from /home/airflow/.local/lib/python3.11/site-packages/airflow/example_dags/example_kubernetes_executor.py
[2025-12-24T09:07:46.228+0000] {logging_mixin.py:190} INFO - [2025-12-24T09:07:46.228+0000] {dag.py:3239} INFO - Sync 1 DAGs
[2025-12-24T09:07:46.253+0000] {logging_mixin.py:190} INFO - [2025-12-24T09:07:46.253+0000] {dag.py:4180} INFO - Setting next_dagrun for example_kubernetes_executor to None, run_after=None
[2025-12-24T09:07:46.335+0000] {processor.py:208} INFO - Processing /home/airflow/.local/lib/python3.11/site-packages/airflow/example_dags/example_kubernetes_executor.py took 0.207 seconds
[2025-12-24T09:08:44.218+0000] {processor.py:186} INFO - Started process (PID=1023) to work on /home/airflow/.local/lib/python3.11/site-packages/airflow/example_dags/example_kubernetes_executor.py
[2025-12-24T09:08:44.220+0000] {processor.py:914} INFO - Processing file /home/airflow/.local/lib/python3.11/site-packages/airflow/example_dags/example_kubernetes_executor.py for tasks to queue
[2025-12-24T09:08:44.224+0000] {logging_mixin.py:190} INFO - [2025-12-24T09:08:44.224+0000] {dagbag.py:588} INFO - Filling up the DagBag from /home/airflow/.local/lib/python3.11/site-packages/airflow/example_dags/example_kubernetes_executor.py
[2025-12-24T09:08:44.247+0000] {processor.py:925} INFO - DAG(s) 'example_kubernetes_executor' retrieved from /home/airflow/.local/lib/python3.11/site-packages/airflow/example_dags/example_kubernetes_executor.py
[2025-12-24T09:08:44.295+0000] {logging_mixin.py:190} INFO - [2025-12-24T09:08:44.294+0000] {dag.py:3239} INFO - Sync 1 DAGs
[2025-12-24T09:08:44.313+0000] {logging_mixin.py:190} INFO - [2025-12-24T09:08:44.313+0000] {dag.py:4180} INFO - Setting next_dagrun for example_kubernetes_executor to None, run_after=None
[2025-12-24T09:08:44.340+0000] {processor.py:208} INFO - Processing /home/airflow/.local/lib/python3.11/site-packages/airflow/example_dags/example_kubernetes_executor.py took 0.132 seconds
[2025-12-24T09:09:23.485+0000] {processor.py:186} INFO - Started process (PID=1091) to work on /home/airflow/.local/lib/python3.11/site-packages/airflow/example_dags/example_kubernetes_executor.py
[2025-12-24T09:09:23.487+0000] {processor.py:914} INFO - Processing file /home/airflow/.local/lib/python3.11/site-packages/airflow/example_dags/example_kubernetes_executor.py for tasks to queue
[2025-12-24T09:09:23.490+0000] {logging_mixin.py:190} INFO - [2025-12-24T09:09:23.490+0000] {dagbag.py:588} INFO - Filling up the DagBag from /home/airflow/.local/lib/python3.11/site-packages/airflow/example_dags/example_kubernetes_executor.py
[2025-12-24T09:09:23.509+0000] {processor.py:925} INFO - DAG(s) 'example_kubernetes_executor' retrieved from /home/airflow/.local/lib/python3.11/site-packages/airflow/example_dags/example_kubernetes_executor.py
[2025-12-24T09:09:23.543+0000] {logging_mixin.py:190} INFO - [2025-12-24T09:09:23.543+0000] {dag.py:3239} INFO - Sync 1 DAGs
[2025-12-24T09:09:23.564+0000] {logging_mixin.py:190} INFO - [2025-12-24T09:09:23.563+0000] {dag.py:4180} INFO - Setting next_dagrun for example_kubernetes_executor to None, run_after=None
[2025-12-24T09:09:23.597+0000] {processor.py:208} INFO - Processing /home/airflow/.local/lib/python3.11/site-packages/airflow/example_dags/example_kubernetes_executor.py took 0.122 seconds
[2025-12-24T09:09:22.789+0000] {processor.py:186} INFO - Started process (PID=1172) to work on /home/airflow/.local/lib/python3.11/site-packages/airflow/example_dags/example_kubernetes_executor.py
[2025-12-24T09:09:22.791+0000] {processor.py:914} INFO - Processing file /home/airflow/.local/lib/python3.11/site-packages/airflow/example_dags/example_kubernetes_executor.py for tasks to queue
[2025-12-24T09:09:22.795+0000] {logging_mixin.py:190} INFO - [2025-12-24T09:09:22.795+0000] {dagbag.py:588} INFO - Filling up the DagBag from /home/airflow/.local/lib/python3.11/site-packages/airflow/example_dags/example_kubernetes_executor.py
[2025-12-24T09:09:22.819+0000] {processor.py:925} INFO - DAG(s) 'example_kubernetes_executor' retrieved from /home/airflow/.local/lib/python3.11/site-packages/airflow/example_dags/example_kubernetes_executor.py
[2025-12-24T09:09:22.866+0000] {logging_mixin.py:190} INFO - [2025-12-24T09:09:22.864+0000] {dag.py:3239} INFO - Sync 1 DAGs
[2025-12-24T09:09:22.885+0000] {logging_mixin.py:190} INFO - [2025-12-24T09:09:22.885+0000] {dag.py:4180} INFO - Setting next_dagrun for example_kubernetes_executor to None, run_after=None
[2025-12-24T09:09:22.912+0000] {processor.py:208} INFO - Processing /home/airflow/.local/lib/python3.11/site-packages/airflow/example_dags/example_kubernetes_executor.py took 0.135 seconds
[2025-12-24T09:10:28.957+0000] {processor.py:186} INFO - Started process (PID=1237) to work on /home/airflow/.local/lib/python3.11/site-packages/airflow/example_dags/example_kubernetes_executor.py
[2025-12-24T09:10:28.959+0000] {processor.py:914} INFO - Processing file /home/airflow/.local/lib/python3.11/site-packages/airflow/example_dags/example_kubernetes_executor.py for tasks to queue
[2025-12-24T09:10:28.962+0000] {logging_mixin.py:190} INFO - [2025-12-24T09:10:28.962+0000] {dagbag.py:588} INFO - Filling up the DagBag from /home/airflow/.local/lib/python3.11/site-packages/airflow/example_dags/example_kubernetes_executor.py
[2025-12-24T09:10:28.981+0000] {processor.py:925} INFO - DAG(s) 'example_kubernetes_executor' retrieved from /home/airflow/.local/lib/python3.11/site-packages/airflow/example_dags/example_kubernetes_executor.py
[2025-12-24T09:10:29.028+0000] {logging_mixin.py:190} INFO - [2025-12-24T09:10:29.027+0000] {dag.py:3239} INFO - Sync 1 DAGs
[2025-12-24T09:10:29.043+0000] {logging_mixin.py:190} INFO - [2025-12-24T09:10:29.043+0000] {dag.py:4180} INFO - Setting next_dagrun for example_kubernetes_executor to None, run_after=None
[2025-12-24T09:10:29.065+0000] {processor.py:208} INFO - Processing /home/airflow/.local/lib/python3.11/site-packages/airflow/example_dags/example_kubernetes_executor.py took 0.117 seconds
[2025-12-24T09:10:51.888+0000] {processor.py:186} INFO - Started process (PID=1351) to work on /home/airflow/.local/lib/python3.11/site-packages/airflow/example_dags/example_kubernetes_executor.py
[2025-12-24T09:10:51.889+0000] {processor.py:914} INFO - Processing file /home/airflow/.local/lib/python3.11/site-packages/airflow/example_dags/example_kubernetes_executor.py for tasks to queue
[2025-12-24T09:10:51.892+0000] {logging_mixin.py:190} INFO - [2025-12-24T09:10:51.892+0000] {dagbag.py:588} INFO - Filling up the DagBag from /home/airflow/.local/lib/python3.11/site-packages/airflow/example_dags/example_kubernetes_executor.py
[2025-12-24T09:10:51.915+0000] {processor.py:925} INFO - DAG(s) 'example_kubernetes_executor' retrieved from /home/airflow/.local/lib/python3.11/site-packages/airflow/example_dags/example_kubernetes_executor.py
[2025-12-24T09:10:51.963+0000] {logging_mixin.py:190} INFO - [2025-12-24T09:10:51.962+0000] {dag.py:3239} INFO - Sync 1 DAGs
[2025-12-24T09:10:51.981+0000] {logging_mixin.py:190} INFO - [2025-12-24T09:10:51.981+0000] {dag.py:4180} INFO - Setting next_dagrun for example_kubernetes_executor to None, run_after=None
[2025-12-24T09:10:52.006+0000] {processor.py:208} INFO - Processing /home/airflow/.local/lib/python3.11/site-packages/airflow/example_dags/example_kubernetes_executor.py took 0.129 seconds
[2025-12-24T09:11:02.458+0000] {processor.py:186} INFO - Started process (PID=1408) to work on /home/airflow/.local/lib/python3.11/site-packages/airflow/example_dags/example_kubernetes_executor.py
[2025-12-24T09:11:02.460+0000] {processor.py:914} INFO - Processing file /home/airflow/.local/lib/python3.11/site-packages/airflow/example_dags/example_kubernetes_executor.py for tasks to queue
[2025-12-24T09:11:02.464+0000] {logging_mixin.py:190} INFO - [2025-12-24T09:11:02.464+0000] {dagbag.py:588} INFO - Filling up the DagBag from /home/airflow/.local/lib/python3.11/site-packages/airflow/example_dags/example_kubernetes_executor.py
[2025-12-24T09:11:02.486+0000] {processor.py:925} INFO - DAG(s) 'example_kubernetes_executor' retrieved from /home/airflow/.local/lib/python3.11/site-packages/airflow/example_dags/example_kubernetes_executor.py
[2025-12-24T09:11:02.525+0000] {logging_mixin.py:190} INFO - [2025-12-24T09:11:02.525+0000] {dag.py:3239} INFO - Sync 1 DAGs
[2025-12-24T09:11:02.543+0000] {logging_mixin.py:190} INFO - [2025-12-24T09:11:02.543+0000] {dag.py:4180} INFO - Setting next_dagrun for example_kubernetes_executor to None, run_after=None
[2025-12-24T09:11:02.577+0000] {processor.py:208} INFO - Processing /home/airflow/.local/lib/python3.11/site-packages/airflow/example_dags/example_kubernetes_executor.py took 0.130 seconds
[2025-12-24T09:11:33.476+0000] {processor.py:186} INFO - Started process (PID=1470) to work on /home/airflow/.local/lib/python3.11/site-packages/airflow/example_dags/example_kubernetes_executor.py
[2025-12-24T09:11:33.478+0000] {processor.py:914} INFO - Processing file /home/airflow/.local/lib/python3.11/site-packages/airflow/example_dags/example_kubernetes_executor.py for tasks to queue
[2025-12-24T09:11:33.482+0000] {logging_mixin.py:190} INFO - [2025-12-24T09:11:33.481+0000] {dagbag.py:588} INFO - Filling up the DagBag from /home/airflow/.local/lib/python3.11/site-packages/airflow/example_dags/example_kubernetes_executor.py
[2025-12-24T09:11:33.501+0000] {processor.py:925} INFO - DAG(s) 'example_kubernetes_executor' retrieved from /home/airflow/.local/lib/python3.11/site-packages/airflow/example_dags/example_kubernetes_executor.py
[2025-12-24T09:11:33.541+0000] {logging_mixin.py:190} INFO - [2025-12-24T09:11:33.540+0000] {dag.py:3239} INFO - Sync 1 DAGs
[2025-12-24T09:11:33.557+0000] {logging_mixin.py:190} INFO - [2025-12-24T09:11:33.556+0000] {dag.py:4180} INFO - Setting next_dagrun for example_kubernetes_executor to None, run_after=None
[2025-12-24T09:11:33.584+0000] {processor.py:208} INFO - Processing /home/airflow/.local/lib/python3.11/site-packages/airflow/example_dags/example_kubernetes_executor.py took 0.116 seconds
[2025-12-24T09:12:34.906+0000] {processor.py:186} INFO - Started process (PID=1534) to work on /home/airflow/.local/lib/python3.11/site-packages/airflow/example_dags/example_kubernetes_executor.py
[2025-12-24T09:12:34.908+0000] {processor.py:914} INFO - Processing file /home/airflow/.local/lib/python3.11/site-packages/airflow/example_dags/example_kubernetes_executor.py for tasks to queue
[2025-12-24T09:12:34.911+0000] {logging_mixin.py:190} INFO - [2025-12-24T09:12:34.911+0000] {dagbag.py:588} INFO - Filling up the DagBag from /home/airflow/.local/lib/python3.11/site-packages/airflow/example_dags/example_kubernetes_executor.py
[2025-12-24T09:12:34.930+0000] {processor.py:925} INFO - DAG(s) 'example_kubernetes_executor' retrieved from /home/airflow/.local/lib/python3.11/site-packages/airflow/example_dags/example_kubernetes_executor.py
[2025-12-24T09:12:34.971+0000] {logging_mixin.py:190} INFO - [2025-12-24T09:12:34.971+0000] {dag.py:3239} INFO - Sync 1 DAGs
[2025-12-24T09:12:34.989+0000] {logging_mixin.py:190} INFO - [2025-12-24T09:12:34.988+0000] {dag.py:4180} INFO - Setting next_dagrun for example_kubernetes_executor to None, run_after=None
[2025-12-24T09:12:35.014+0000] {processor.py:208} INFO - Processing /home/airflow/.local/lib/python3.11/site-packages/airflow/example_dags/example_kubernetes_executor.py took 0.117 seconds
[2025-12-24T09:13:29.065+0000] {processor.py:186} INFO - Started process (PID=1607) to work on /home/airflow/.local/lib/python3.11/site-packages/airflow/example_dags/example_kubernetes_executor.py
[2025-12-24T09:13:29.066+0000] {processor.py:914} INFO - Processing file /home/airflow/.local/lib/python3.11/site-packages/airflow/example_dags/example_kubernetes_executor.py for tasks to queue
[2025-12-24T09:13:29.069+0000] {logging_mixin.py:190} INFO - [2025-12-24T09:13:29.069+0000] {dagbag.py:588} INFO - Filling up the DagBag from /home/airflow/.local/lib/python3.11/site-packages/airflow/example_dags/example_kubernetes_executor.py
[2025-12-24T09:13:29.089+0000] {processor.py:925} INFO - DAG(s) 'example_kubernetes_executor' retrieved from /home/airflow/.local/lib/python3.11/site-packages/airflow/example_dags/example_kubernetes_executor.py
[2025-12-24T09:13:29.130+0000] {logging_mixin.py:190} INFO - [2025-12-24T09:13:29.129+0000] {dag.py:3239} INFO - Sync 1 DAGs
[2025-12-24T09:13:29.148+0000] {logging_mixin.py:190} INFO - [2025-12-24T09:13:29.148+0000] {dag.py:4180} INFO - Setting next_dagrun for example_kubernetes_executor to None, run_after=None
[2025-12-24T09:13:29.176+0000] {processor.py:208} INFO - Processing /home/airflow/.local/lib/python3.11/site-packages/airflow/example_dags/example_kubernetes_executor.py took 0.121 seconds
[2025-12-24T09:14:30.072+0000] {processor.py:186} INFO - Started process (PID=1723) to work on /home/airflow/.local/lib/python3.11/site-packages/airflow/example_dags/example_kubernetes_executor.py
[2025-12-24T09:14:30.074+0000] {processor.py:914} INFO - Processing file /home/airflow/.local/lib/python3.11/site-packages/airflow/example_dags/example_kubernetes_executor.py for tasks to queue
[2025-12-24T09:14:30.079+0000] {logging_mixin.py:190} INFO - [2025-12-24T09:14:30.078+0000] {dagbag.py:588} INFO - Filling up the DagBag from /home/airflow/.local/lib/python3.11/site-packages/airflow/example_dags/example_kubernetes_executor.py
[2025-12-24T09:14:30.102+0000] {processor.py:925} INFO - DAG(s) 'example_kubernetes_executor' retrieved from /home/airflow/.local/lib/python3.11/site-packages/airflow/example_dags/example_kubernetes_executor.py
[2025-12-24T09:14:30.141+0000] {logging_mixin.py:190} INFO - [2025-12-24T09:14:30.140+0000] {dag.py:3239} INFO - Sync 1 DAGs
[2025-12-24T09:14:30.170+0000] {logging_mixin.py:190} INFO - [2025-12-24T09:14:30.170+0000] {dag.py:4180} INFO - Setting next_dagrun for example_kubernetes_executor to None, run_after=None
[2025-12-24T09:14:30.197+0000] {processor.py:208} INFO - Processing /home/airflow/.local/lib/python3.11/site-packages/airflow/example_dags/example_kubernetes_executor.py took 0.136 seconds
[2025-12-24T09:14:41.998+0000] {processor.py:186} INFO - Started process (PID=1789) to work on /home/airflow/.local/lib/python3.11/site-packages/airflow/example_dags/example_kubernetes_executor.py
[2025-12-24T09:14:42.000+0000] {processor.py:914} INFO - Processing file /home/airflow/.local/lib/python3.11/site-packages/airflow/example_dags/example_kubernetes_executor.py for tasks to queue
[2025-12-24T09:14:42.003+0000] {logging_mixin.py:190} INFO - [2025-12-24T09:14:42.003+0000] {dagbag.py:588} INFO - Filling up the DagBag from /home/airflow/.local/lib/python3.11/site-packages/airflow/example_dags/example_kubernetes_executor.py
[2025-12-24T09:14:42.022+0000] {processor.py:925} INFO - DAG(s) 'example_kubernetes_executor' retrieved from /home/airflow/.local/lib/python3.11/site-packages/airflow/example_dags/example_kubernetes_executor.py
[2025-12-24T09:14:42.061+0000] {logging_mixin.py:190} INFO - [2025-12-24T09:14:42.060+0000] {dag.py:3239} INFO - Sync 1 DAGs
[2025-12-24T09:14:42.084+0000] {logging_mixin.py:190} INFO - [2025-12-24T09:14:42.083+0000] {dag.py:4180} INFO - Setting next_dagrun for example_kubernetes_executor to None, run_after=None
[2025-12-24T09:14:42.114+0000] {processor.py:208} INFO - Processing /home/airflow/.local/lib/python3.11/site-packages/airflow/example_dags/example_kubernetes_executor.py took 0.123 seconds
[2025-12-24T09:15:13.797+0000] {processor.py:186} INFO - Started process (PID=1852) to work on /home/airflow/.local/lib/python3.11/site-packages/airflow/example_dags/example_kubernetes_executor.py
[2025-12-24T09:15:13.799+0000] {processor.py:914} INFO - Processing file /home/airflow/.local/lib/python3.11/site-packages/airflow/example_dags/example_kubernetes_executor.py for tasks to queue
[2025-12-24T09:15:13.805+0000] {logging_mixin.py:190} INFO - [2025-12-24T09:15:13.804+0000] {dagbag.py:588} INFO - Filling up the DagBag from /home/airflow/.local/lib/python3.11/site-packages/airflow/example_dags/example_kubernetes_executor.py
[2025-12-24T09:15:13.832+0000] {processor.py:925} INFO - DAG(s) 'example_kubernetes_executor' retrieved from /home/airflow/.local/lib/python3.11/site-packages/airflow/example_dags/example_kubernetes_executor.py
[2025-12-24T09:15:13.882+0000] {logging_mixin.py:190} INFO - [2025-12-24T09:15:13.882+0000] {dag.py:3239} INFO - Sync 1 DAGs
[2025-12-24T09:15:13.907+0000] {logging_mixin.py:190} INFO - [2025-12-24T09:15:13.906+0000] {dag.py:4180} INFO - Setting next_dagrun for example_kubernetes_executor to None, run_after=None
[2025-12-24T09:15:13.941+0000] {processor.py:208} INFO - Processing /home/airflow/.local/lib/python3.11/site-packages/airflow/example_dags/example_kubernetes_executor.py took 0.155 seconds
[2025-12-24T09:15:44.730+0000] {processor.py:186} INFO - Started process (PID=1913) to work on /home/airflow/.local/lib/python3.11/site-packages/airflow/example_dags/example_kubernetes_executor.py
[2025-12-24T09:15:44.732+0000] {processor.py:914} INFO - Processing file /home/airflow/.local/lib/python3.11/site-packages/airflow/example_dags/example_kubernetes_executor.py for tasks to queue
[2025-12-24T09:15:44.737+0000] {logging_mixin.py:190} INFO - [2025-12-24T09:15:44.736+0000] {dagbag.py:588} INFO - Filling up the DagBag from /home/airflow/.local/lib/python3.11/site-packages/airflow/example_dags/example_kubernetes_executor.py
[2025-12-24T09:15:44.762+0000] {processor.py:925} INFO - DAG(s) 'example_kubernetes_executor' retrieved from /home/airflow/.local/lib/python3.11/site-packages/airflow/example_dags/example_kubernetes_executor.py
[2025-12-24T09:15:44.810+0000] {logging_mixin.py:190} INFO - [2025-12-24T09:15:44.809+0000] {dag.py:3239} INFO - Sync 1 DAGs
[2025-12-24T09:15:44.830+0000] {logging_mixin.py:190} INFO - [2025-12-24T09:15:44.830+0000] {dag.py:4180} INFO - Setting next_dagrun for example_kubernetes_executor to None, run_after=None
[2025-12-24T09:15:44.860+0000] {processor.py:208} INFO - Processing /home/airflow/.local/lib/python3.11/site-packages/airflow/example_dags/example_kubernetes_executor.py took 0.140 seconds
[2025-12-24T09:16:44.452+0000] {processor.py:186} INFO - Started process (PID=1977) to work on /home/airflow/.local/lib/python3.11/site-packages/airflow/example_dags/example_kubernetes_executor.py
[2025-12-24T09:16:44.455+0000] {processor.py:914} INFO - Processing file /home/airflow/.local/lib/python3.11/site-packages/airflow/example_dags/example_kubernetes_executor.py for tasks to queue
[2025-12-24T09:16:44.463+0000] {logging_mixin.py:190} INFO - [2025-12-24T09:16:44.462+0000] {dagbag.py:588} INFO - Filling up the DagBag from /home/airflow/.local/lib/python3.11/site-packages/airflow/example_dags/example_kubernetes_executor.py
[2025-12-24T09:16:44.501+0000] {processor.py:925} INFO - DAG(s) 'example_kubernetes_executor' retrieved from /home/airflow/.local/lib/python3.11/site-packages/airflow/example_dags/example_kubernetes_executor.py
[2025-12-24T09:16:44.562+0000] {logging_mixin.py:190} INFO - [2025-12-24T09:16:44.561+0000] {dag.py:3239} INFO - Sync 1 DAGs
[2025-12-24T09:16:44.588+0000] {logging_mixin.py:190} INFO - [2025-12-24T09:16:44.588+0000] {dag.py:4180} INFO - Setting next_dagrun for example_kubernetes_executor to None, run_after=None
[2025-12-24T09:16:44.623+0000] {processor.py:208} INFO - Processing /home/airflow/.local/lib/python3.11/site-packages/airflow/example_dags/example_kubernetes_executor.py took 0.192 seconds
[2025-12-24T09:23:45.800+0000] {processor.py:186} INFO - Started process (PID=128) to work on /home/airflow/.local/lib/python3.11/site-packages/airflow/example_dags/example_kubernetes_executor.py
[2025-12-24T09:23:45.803+0000] {processor.py:914} INFO - Processing file /home/airflow/.local/lib/python3.11/site-packages/airflow/example_dags/example_kubernetes_executor.py for tasks to queue
[2025-12-24T09:23:45.811+0000] {logging_mixin.py:190} INFO - [2025-12-24T09:23:45.810+0000] {dagbag.py:588} INFO - Filling up the DagBag from /home/airflow/.local/lib/python3.11/site-packages/airflow/example_dags/example_kubernetes_executor.py
[2025-12-24T09:23:45.856+0000] {processor.py:925} INFO - DAG(s) 'example_kubernetes_executor' retrieved from /home/airflow/.local/lib/python3.11/site-packages/airflow/example_dags/example_kubernetes_executor.py
[2025-12-24T09:23:46.193+0000] {logging_mixin.py:190} INFO - [2025-12-24T09:23:46.192+0000] {override.py:1911} INFO - Created Permission View: can delete on DAG:example_kubernetes_executor
[2025-12-24T09:23:46.218+0000] {logging_mixin.py:190} INFO - [2025-12-24T09:23:46.217+0000] {override.py:1911} INFO - Created Permission View: can read on DAG:example_kubernetes_executor
[2025-12-24T09:23:46.239+0000] {logging_mixin.py:190} INFO - [2025-12-24T09:23:46.238+0000] {override.py:1911} INFO - Created Permission View: can edit on DAG:example_kubernetes_executor
[2025-12-24T09:23:46.272+0000] {logging_mixin.py:190} INFO - [2025-12-24T09:23:46.272+0000] {override.py:1911} INFO - Created Permission View: menu access on DAG Run:example_kubernetes_executor
[2025-12-24T09:23:46.291+0000] {logging_mixin.py:190} INFO - [2025-12-24T09:23:46.291+0000] {override.py:1911} INFO - Created Permission View: can create on DAG Run:example_kubernetes_executor
[2025-12-24T09:23:46.307+0000] {logging_mixin.py:190} INFO - [2025-12-24T09:23:46.306+0000] {override.py:1911} INFO - Created Permission View: can delete on DAG Run:example_kubernetes_executor
[2025-12-24T09:23:46.324+0000] {logging_mixin.py:190} INFO - [2025-12-24T09:23:46.324+0000] {override.py:1911} INFO - Created Permission View: can read on DAG Run:example_kubernetes_executor
[2025-12-24T09:23:46.327+0000] {logging_mixin.py:190} INFO - [2025-12-24T09:23:46.326+0000] {dag.py:3239} INFO - Sync 1 DAGs
[2025-12-24T09:23:46.364+0000] {logging_mixin.py:190} INFO - [2025-12-24T09:23:46.364+0000] {dag.py:3262} INFO - Creating ORM DAG for example_kubernetes_executor
[2025-12-24T09:23:46.379+0000] {logging_mixin.py:190} INFO - [2025-12-24T09:23:46.378+0000] {dag.py:4180} INFO - Setting next_dagrun for example_kubernetes_executor to None, run_after=None
[2025-12-24T09:23:46.453+0000] {processor.py:208} INFO - Processing /home/airflow/.local/lib/python3.11/site-packages/airflow/example_dags/example_kubernetes_executor.py took 0.667 seconds
[2025-12-24T09:24:00.124+0000] {processor.py:186} INFO - Started process (PID=162) to work on /home/airflow/.local/lib/python3.11/site-packages/airflow/example_dags/example_kubernetes_executor.py
[2025-12-24T09:24:00.126+0000] {processor.py:914} INFO - Processing file /home/airflow/.local/lib/python3.11/site-packages/airflow/example_dags/example_kubernetes_executor.py for tasks to queue
[2025-12-24T09:24:00.130+0000] {logging_mixin.py:190} INFO - [2025-12-24T09:24:00.129+0000] {dagbag.py:588} INFO - Filling up the DagBag from /home/airflow/.local/lib/python3.11/site-packages/airflow/example_dags/example_kubernetes_executor.py
[2025-12-24T09:24:00.164+0000] {processor.py:925} INFO - DAG(s) 'example_kubernetes_executor' retrieved from /home/airflow/.local/lib/python3.11/site-packages/airflow/example_dags/example_kubernetes_executor.py
[2025-12-24T09:24:00.199+0000] {logging_mixin.py:190} INFO - [2025-12-24T09:24:00.198+0000] {dag.py:3239} INFO - Sync 1 DAGs
[2025-12-24T09:24:00.232+0000] {logging_mixin.py:190} INFO - [2025-12-24T09:24:00.232+0000] {dag.py:4180} INFO - Setting next_dagrun for example_kubernetes_executor to None, run_after=None
[2025-12-24T09:24:00.289+0000] {processor.py:208} INFO - Processing /home/airflow/.local/lib/python3.11/site-packages/airflow/example_dags/example_kubernetes_executor.py took 0.185 seconds
[2025-12-24T09:24:06.603+0000] {processor.py:186} INFO - Started process (PID=202) to work on /home/airflow/.local/lib/python3.11/site-packages/airflow/example_dags/example_kubernetes_executor.py
[2025-12-24T09:24:06.616+0000] {processor.py:914} INFO - Processing file /home/airflow/.local/lib/python3.11/site-packages/airflow/example_dags/example_kubernetes_executor.py for tasks to queue
[2025-12-24T09:24:06.627+0000] {logging_mixin.py:190} INFO - [2025-12-24T09:24:06.626+0000] {dagbag.py:588} INFO - Filling up the DagBag from /home/airflow/.local/lib/python3.11/site-packages/airflow/example_dags/example_kubernetes_executor.py
[2025-12-24T09:24:06.659+0000] {processor.py:925} INFO - DAG(s) 'example_kubernetes_executor' retrieved from /home/airflow/.local/lib/python3.11/site-packages/airflow/example_dags/example_kubernetes_executor.py
[2025-12-24T09:24:06.683+0000] {logging_mixin.py:190} INFO - [2025-12-24T09:24:06.683+0000] {dag.py:3239} INFO - Sync 1 DAGs
[2025-12-24T09:24:06.705+0000] {logging_mixin.py:190} INFO - [2025-12-24T09:24:06.705+0000] {dag.py:4180} INFO - Setting next_dagrun for example_kubernetes_executor to None, run_after=None
[2025-12-24T09:24:06.733+0000] {processor.py:208} INFO - Processing /home/airflow/.local/lib/python3.11/site-packages/airflow/example_dags/example_kubernetes_executor.py took 0.146 seconds
[2025-12-24T09:24:18.325+0000] {processor.py:186} INFO - Started process (PID=259) to work on /home/airflow/.local/lib/python3.11/site-packages/airflow/example_dags/example_kubernetes_executor.py
[2025-12-24T09:24:18.327+0000] {processor.py:914} INFO - Processing file /home/airflow/.local/lib/python3.11/site-packages/airflow/example_dags/example_kubernetes_executor.py for tasks to queue
[2025-12-24T09:24:18.332+0000] {logging_mixin.py:190} INFO - [2025-12-24T09:24:18.331+0000] {dagbag.py:588} INFO - Filling up the DagBag from /home/airflow/.local/lib/python3.11/site-packages/airflow/example_dags/example_kubernetes_executor.py
[2025-12-24T09:24:18.358+0000] {processor.py:925} INFO - DAG(s) 'example_kubernetes_executor' retrieved from /home/airflow/.local/lib/python3.11/site-packages/airflow/example_dags/example_kubernetes_executor.py
[2025-12-24T09:24:18.395+0000] {logging_mixin.py:190} INFO - [2025-12-24T09:24:18.394+0000] {dag.py:3239} INFO - Sync 1 DAGs
[2025-12-24T09:24:18.414+0000] {logging_mixin.py:190} INFO - [2025-12-24T09:24:18.414+0000] {dag.py:4180} INFO - Setting next_dagrun for example_kubernetes_executor to None, run_after=None
[2025-12-24T09:24:18.459+0000] {processor.py:208} INFO - Processing /home/airflow/.local/lib/python3.11/site-packages/airflow/example_dags/example_kubernetes_executor.py took 0.146 seconds
[2025-12-24T09:24:46.712+0000] {processor.py:186} INFO - Started process (PID=317) to work on /home/airflow/.local/lib/python3.11/site-packages/airflow/example_dags/example_kubernetes_executor.py
[2025-12-24T09:24:46.714+0000] {processor.py:914} INFO - Processing file /home/airflow/.local/lib/python3.11/site-packages/airflow/example_dags/example_kubernetes_executor.py for tasks to queue
[2025-12-24T09:24:46.718+0000] {logging_mixin.py:190} INFO - [2025-12-24T09:24:46.718+0000] {dagbag.py:588} INFO - Filling up the DagBag from /home/airflow/.local/lib/python3.11/site-packages/airflow/example_dags/example_kubernetes_executor.py
[2025-12-24T09:24:46.740+0000] {processor.py:925} INFO - DAG(s) 'example_kubernetes_executor' retrieved from /home/airflow/.local/lib/python3.11/site-packages/airflow/example_dags/example_kubernetes_executor.py
[2025-12-24T09:24:46.782+0000] {logging_mixin.py:190} INFO - [2025-12-24T09:24:46.782+0000] {dag.py:3239} INFO - Sync 1 DAGs
[2025-12-24T09:24:46.802+0000] {logging_mixin.py:190} INFO - [2025-12-24T09:24:46.802+0000] {dag.py:4180} INFO - Setting next_dagrun for example_kubernetes_executor to None, run_after=None
[2025-12-24T09:24:46.831+0000] {processor.py:208} INFO - Processing /home/airflow/.local/lib/python3.11/site-packages/airflow/example_dags/example_kubernetes_executor.py took 0.131 seconds
[2025-12-24T09:24:58.604+0000] {processor.py:186} INFO - Started process (PID=375) to work on /home/airflow/.local/lib/python3.11/site-packages/airflow/example_dags/example_kubernetes_executor.py
[2025-12-24T09:24:58.607+0000] {processor.py:914} INFO - Processing file /home/airflow/.local/lib/python3.11/site-packages/airflow/example_dags/example_kubernetes_executor.py for tasks to queue
[2025-12-24T09:24:58.612+0000] {logging_mixin.py:190} INFO - [2025-12-24T09:24:58.611+0000] {dagbag.py:588} INFO - Filling up the DagBag from /home/airflow/.local/lib/python3.11/site-packages/airflow/example_dags/example_kubernetes_executor.py
[2025-12-24T09:24:58.641+0000] {processor.py:925} INFO - DAG(s) 'example_kubernetes_executor' retrieved from /home/airflow/.local/lib/python3.11/site-packages/airflow/example_dags/example_kubernetes_executor.py
[2025-12-24T09:24:58.704+0000] {logging_mixin.py:190} INFO - [2025-12-24T09:24:58.703+0000] {dag.py:3239} INFO - Sync 1 DAGs
[2025-12-24T09:24:58.739+0000] {logging_mixin.py:190} INFO - [2025-12-24T09:24:58.739+0000] {dag.py:4180} INFO - Setting next_dagrun for example_kubernetes_executor to None, run_after=None
[2025-12-24T09:24:58.793+0000] {processor.py:208} INFO - Processing /home/airflow/.local/lib/python3.11/site-packages/airflow/example_dags/example_kubernetes_executor.py took 0.200 seconds
[2025-12-24T09:25:16.619+0000] {processor.py:186} INFO - Started process (PID=435) to work on /home/airflow/.local/lib/python3.11/site-packages/airflow/example_dags/example_kubernetes_executor.py
[2025-12-24T09:25:16.620+0000] {processor.py:914} INFO - Processing file /home/airflow/.local/lib/python3.11/site-packages/airflow/example_dags/example_kubernetes_executor.py for tasks to queue
[2025-12-24T09:25:16.625+0000] {logging_mixin.py:190} INFO - [2025-12-24T09:25:16.624+0000] {dagbag.py:588} INFO - Filling up the DagBag from /home/airflow/.local/lib/python3.11/site-packages/airflow/example_dags/example_kubernetes_executor.py
[2025-12-24T09:25:16.646+0000] {processor.py:925} INFO - DAG(s) 'example_kubernetes_executor' retrieved from /home/airflow/.local/lib/python3.11/site-packages/airflow/example_dags/example_kubernetes_executor.py
[2025-12-24T09:25:16.682+0000] {logging_mixin.py:190} INFO - [2025-12-24T09:25:16.682+0000] {dag.py:3239} INFO - Sync 1 DAGs
[2025-12-24T09:25:16.699+0000] {logging_mixin.py:190} INFO - [2025-12-24T09:25:16.699+0000] {dag.py:4180} INFO - Setting next_dagrun for example_kubernetes_executor to None, run_after=None
[2025-12-24T09:25:16.728+0000] {processor.py:208} INFO - Processing /home/airflow/.local/lib/python3.11/site-packages/airflow/example_dags/example_kubernetes_executor.py took 0.118 seconds
[2025-12-24T09:25:23.033+0000] {processor.py:186} INFO - Started process (PID=489) to work on /home/airflow/.local/lib/python3.11/site-packages/airflow/example_dags/example_kubernetes_executor.py
[2025-12-24T09:25:23.035+0000] {processor.py:914} INFO - Processing file /home/airflow/.local/lib/python3.11/site-packages/airflow/example_dags/example_kubernetes_executor.py for tasks to queue
[2025-12-24T09:25:23.039+0000] {logging_mixin.py:190} INFO - [2025-12-24T09:25:23.038+0000] {dagbag.py:588} INFO - Filling up the DagBag from /home/airflow/.local/lib/python3.11/site-packages/airflow/example_dags/example_kubernetes_executor.py
[2025-12-24T09:25:23.061+0000] {processor.py:925} INFO - DAG(s) 'example_kubernetes_executor' retrieved from /home/airflow/.local/lib/python3.11/site-packages/airflow/example_dags/example_kubernetes_executor.py
[2025-12-24T09:25:23.109+0000] {logging_mixin.py:190} INFO - [2025-12-24T09:25:23.109+0000] {dag.py:3239} INFO - Sync 1 DAGs
[2025-12-24T09:25:23.129+0000] {logging_mixin.py:190} INFO - [2025-12-24T09:25:23.128+0000] {dag.py:4180} INFO - Setting next_dagrun for example_kubernetes_executor to None, run_after=None
[2025-12-24T09:25:23.158+0000] {processor.py:208} INFO - Processing /home/airflow/.local/lib/python3.11/site-packages/airflow/example_dags/example_kubernetes_executor.py took 0.135 seconds
[2025-12-24T09:25:59.754+0000] {processor.py:186} INFO - Started process (PID=586) to work on /home/airflow/.local/lib/python3.11/site-packages/airflow/example_dags/example_kubernetes_executor.py
[2025-12-24T09:25:59.757+0000] {processor.py:914} INFO - Processing file /home/airflow/.local/lib/python3.11/site-packages/airflow/example_dags/example_kubernetes_executor.py for tasks to queue
[2025-12-24T09:25:59.773+0000] {logging_mixin.py:190} INFO - [2025-12-24T09:25:59.772+0000] {dagbag.py:588} INFO - Filling up the DagBag from /home/airflow/.local/lib/python3.11/site-packages/airflow/example_dags/example_kubernetes_executor.py
[2025-12-24T09:25:59.826+0000] {processor.py:925} INFO - DAG(s) 'example_kubernetes_executor' retrieved from /home/airflow/.local/lib/python3.11/site-packages/airflow/example_dags/example_kubernetes_executor.py
[2025-12-24T09:25:59.896+0000] {logging_mixin.py:190} INFO - [2025-12-24T09:25:59.895+0000] {dag.py:3239} INFO - Sync 1 DAGs
[2025-12-24T09:25:59.932+0000] {logging_mixin.py:190} INFO - [2025-12-24T09:25:59.931+0000] {dag.py:4180} INFO - Setting next_dagrun for example_kubernetes_executor to None, run_after=None
[2025-12-24T09:25:59.978+0000] {processor.py:208} INFO - Processing /home/airflow/.local/lib/python3.11/site-packages/airflow/example_dags/example_kubernetes_executor.py took 0.244 seconds
[2025-12-24T09:26:08.764+0000] {processor.py:186} INFO - Started process (PID=643) to work on /home/airflow/.local/lib/python3.11/site-packages/airflow/example_dags/example_kubernetes_executor.py
[2025-12-24T09:26:08.766+0000] {processor.py:914} INFO - Processing file /home/airflow/.local/lib/python3.11/site-packages/airflow/example_dags/example_kubernetes_executor.py for tasks to queue
[2025-12-24T09:26:08.772+0000] {logging_mixin.py:190} INFO - [2025-12-24T09:26:08.771+0000] {dagbag.py:588} INFO - Filling up the DagBag from /home/airflow/.local/lib/python3.11/site-packages/airflow/example_dags/example_kubernetes_executor.py
[2025-12-24T09:26:08.801+0000] {processor.py:925} INFO - DAG(s) 'example_kubernetes_executor' retrieved from /home/airflow/.local/lib/python3.11/site-packages/airflow/example_dags/example_kubernetes_executor.py
[2025-12-24T09:26:08.871+0000] {logging_mixin.py:190} INFO - [2025-12-24T09:26:08.870+0000] {dag.py:3239} INFO - Sync 1 DAGs
[2025-12-24T09:26:08.899+0000] {logging_mixin.py:190} INFO - [2025-12-24T09:26:08.899+0000] {dag.py:4180} INFO - Setting next_dagrun for example_kubernetes_executor to None, run_after=None
[2025-12-24T09:26:08.936+0000] {processor.py:208} INFO - Processing /home/airflow/.local/lib/python3.11/site-packages/airflow/example_dags/example_kubernetes_executor.py took 0.183 seconds
[2025-12-24T09:26:16.889+0000] {processor.py:186} INFO - Started process (PID=697) to work on /home/airflow/.local/lib/python3.11/site-packages/airflow/example_dags/example_kubernetes_executor.py
[2025-12-24T09:26:16.891+0000] {processor.py:914} INFO - Processing file /home/airflow/.local/lib/python3.11/site-packages/airflow/example_dags/example_kubernetes_executor.py for tasks to queue
[2025-12-24T09:26:16.897+0000] {logging_mixin.py:190} INFO - [2025-12-24T09:26:16.896+0000] {dagbag.py:588} INFO - Filling up the DagBag from /home/airflow/.local/lib/python3.11/site-packages/airflow/example_dags/example_kubernetes_executor.py
[2025-12-24T09:26:16.938+0000] {processor.py:925} INFO - DAG(s) 'example_kubernetes_executor' retrieved from /home/airflow/.local/lib/python3.11/site-packages/airflow/example_dags/example_kubernetes_executor.py
[2025-12-24T09:26:16.991+0000] {logging_mixin.py:190} INFO - [2025-12-24T09:26:16.991+0000] {dag.py:3239} INFO - Sync 1 DAGs
[2025-12-24T09:26:17.021+0000] {logging_mixin.py:190} INFO - [2025-12-24T09:26:17.021+0000] {dag.py:4180} INFO - Setting next_dagrun for example_kubernetes_executor to None, run_after=None
[2025-12-24T09:26:17.062+0000] {processor.py:208} INFO - Processing /home/airflow/.local/lib/python3.11/site-packages/airflow/example_dags/example_kubernetes_executor.py took 0.186 seconds
[2025-12-24T09:26:28.380+0000] {processor.py:186} INFO - Started process (PID=749) to work on /home/airflow/.local/lib/python3.11/site-packages/airflow/example_dags/example_kubernetes_executor.py
[2025-12-24T09:26:28.382+0000] {processor.py:914} INFO - Processing file /home/airflow/.local/lib/python3.11/site-packages/airflow/example_dags/example_kubernetes_executor.py for tasks to queue
[2025-12-24T09:26:28.387+0000] {logging_mixin.py:190} INFO - [2025-12-24T09:26:28.387+0000] {dagbag.py:588} INFO - Filling up the DagBag from /home/airflow/.local/lib/python3.11/site-packages/airflow/example_dags/example_kubernetes_executor.py
[2025-12-24T09:26:28.421+0000] {processor.py:925} INFO - DAG(s) 'example_kubernetes_executor' retrieved from /home/airflow/.local/lib/python3.11/site-packages/airflow/example_dags/example_kubernetes_executor.py
[2025-12-24T09:26:28.475+0000] {logging_mixin.py:190} INFO - [2025-12-24T09:26:28.474+0000] {dag.py:3239} INFO - Sync 1 DAGs
[2025-12-24T09:26:28.501+0000] {logging_mixin.py:190} INFO - [2025-12-24T09:26:28.501+0000] {dag.py:4180} INFO - Setting next_dagrun for example_kubernetes_executor to None, run_after=None
[2025-12-24T09:26:28.562+0000] {processor.py:208} INFO - Processing /home/airflow/.local/lib/python3.11/site-packages/airflow/example_dags/example_kubernetes_executor.py took 0.194 seconds
[2025-12-24T09:26:39.004+0000] {processor.py:186} INFO - Started process (PID=806) to work on /home/airflow/.local/lib/python3.11/site-packages/airflow/example_dags/example_kubernetes_executor.py
[2025-12-24T09:26:39.006+0000] {processor.py:914} INFO - Processing file /home/airflow/.local/lib/python3.11/site-packages/airflow/example_dags/example_kubernetes_executor.py for tasks to queue
[2025-12-24T09:26:39.012+0000] {logging_mixin.py:190} INFO - [2025-12-24T09:26:39.011+0000] {dagbag.py:588} INFO - Filling up the DagBag from /home/airflow/.local/lib/python3.11/site-packages/airflow/example_dags/example_kubernetes_executor.py
[2025-12-24T09:26:39.045+0000] {processor.py:925} INFO - DAG(s) 'example_kubernetes_executor' retrieved from /home/airflow/.local/lib/python3.11/site-packages/airflow/example_dags/example_kubernetes_executor.py
[2025-12-24T09:26:39.112+0000] {logging_mixin.py:190} INFO - [2025-12-24T09:26:39.112+0000] {dag.py:3239} INFO - Sync 1 DAGs
[2025-12-24T09:26:39.153+0000] {logging_mixin.py:190} INFO - [2025-12-24T09:26:39.152+0000] {dag.py:4180} INFO - Setting next_dagrun for example_kubernetes_executor to None, run_after=None
[2025-12-24T09:26:39.220+0000] {processor.py:208} INFO - Processing /home/airflow/.local/lib/python3.11/site-packages/airflow/example_dags/example_kubernetes_executor.py took 0.231 seconds
[2025-12-24T09:26:49.905+0000] {processor.py:186} INFO - Started process (PID=859) to work on /home/airflow/.local/lib/python3.11/site-packages/airflow/example_dags/example_kubernetes_executor.py
[2025-12-24T09:26:49.907+0000] {processor.py:914} INFO - Processing file /home/airflow/.local/lib/python3.11/site-packages/airflow/example_dags/example_kubernetes_executor.py for tasks to queue
[2025-12-24T09:26:49.912+0000] {logging_mixin.py:190} INFO - [2025-12-24T09:26:49.911+0000] {dagbag.py:588} INFO - Filling up the DagBag from /home/airflow/.local/lib/python3.11/site-packages/airflow/example_dags/example_kubernetes_executor.py
[2025-12-24T09:26:49.942+0000] {processor.py:925} INFO - DAG(s) 'example_kubernetes_executor' retrieved from /home/airflow/.local/lib/python3.11/site-packages/airflow/example_dags/example_kubernetes_executor.py
[2025-12-24T09:26:50.005+0000] {logging_mixin.py:190} INFO - [2025-12-24T09:26:50.004+0000] {dag.py:3239} INFO - Sync 1 DAGs
[2025-12-24T09:26:50.028+0000] {logging_mixin.py:190} INFO - [2025-12-24T09:26:50.028+0000] {dag.py:4180} INFO - Setting next_dagrun for example_kubernetes_executor to None, run_after=None
[2025-12-24T09:26:50.060+0000] {processor.py:208} INFO - Processing /home/airflow/.local/lib/python3.11/site-packages/airflow/example_dags/example_kubernetes_executor.py took 0.165 seconds
[2025-12-24T09:27:46.620+0000] {processor.py:186} INFO - Started process (PID=921) to work on /home/airflow/.local/lib/python3.11/site-packages/airflow/example_dags/example_kubernetes_executor.py
[2025-12-24T09:27:46.622+0000] {processor.py:914} INFO - Processing file /home/airflow/.local/lib/python3.11/site-packages/airflow/example_dags/example_kubernetes_executor.py for tasks to queue
[2025-12-24T09:27:46.626+0000] {logging_mixin.py:190} INFO - [2025-12-24T09:27:46.626+0000] {dagbag.py:588} INFO - Filling up the DagBag from /home/airflow/.local/lib/python3.11/site-packages/airflow/example_dags/example_kubernetes_executor.py
[2025-12-24T09:27:46.659+0000] {processor.py:925} INFO - DAG(s) 'example_kubernetes_executor' retrieved from /home/airflow/.local/lib/python3.11/site-packages/airflow/example_dags/example_kubernetes_executor.py
[2025-12-24T09:27:46.710+0000] {logging_mixin.py:190} INFO - [2025-12-24T09:27:46.709+0000] {dag.py:3239} INFO - Sync 1 DAGs
[2025-12-24T09:27:46.733+0000] {logging_mixin.py:190} INFO - [2025-12-24T09:27:46.733+0000] {dag.py:4180} INFO - Setting next_dagrun for example_kubernetes_executor to None, run_after=None
[2025-12-24T09:27:46.764+0000] {processor.py:208} INFO - Processing /home/airflow/.local/lib/python3.11/site-packages/airflow/example_dags/example_kubernetes_executor.py took 0.157 seconds
[2025-12-24T09:27:54.412+0000] {processor.py:186} INFO - Started process (PID=990) to work on /home/airflow/.local/lib/python3.11/site-packages/airflow/example_dags/example_kubernetes_executor.py
[2025-12-24T09:27:54.414+0000] {processor.py:914} INFO - Processing file /home/airflow/.local/lib/python3.11/site-packages/airflow/example_dags/example_kubernetes_executor.py for tasks to queue
[2025-12-24T09:27:54.419+0000] {logging_mixin.py:190} INFO - [2025-12-24T09:27:54.418+0000] {dagbag.py:588} INFO - Filling up the DagBag from /home/airflow/.local/lib/python3.11/site-packages/airflow/example_dags/example_kubernetes_executor.py
[2025-12-24T09:27:54.451+0000] {processor.py:925} INFO - DAG(s) 'example_kubernetes_executor' retrieved from /home/airflow/.local/lib/python3.11/site-packages/airflow/example_dags/example_kubernetes_executor.py
[2025-12-24T09:27:54.505+0000] {logging_mixin.py:190} INFO - [2025-12-24T09:27:54.504+0000] {dag.py:3239} INFO - Sync 1 DAGs
[2025-12-24T09:27:54.530+0000] {logging_mixin.py:190} INFO - [2025-12-24T09:27:54.530+0000] {dag.py:4180} INFO - Setting next_dagrun for example_kubernetes_executor to None, run_after=None
[2025-12-24T09:27:54.567+0000] {processor.py:208} INFO - Processing /home/airflow/.local/lib/python3.11/site-packages/airflow/example_dags/example_kubernetes_executor.py took 0.169 seconds
[2025-12-24T09:28:04.518+0000] {processor.py:186} INFO - Started process (PID=1055) to work on /home/airflow/.local/lib/python3.11/site-packages/airflow/example_dags/example_kubernetes_executor.py
[2025-12-24T09:28:04.520+0000] {processor.py:914} INFO - Processing file /home/airflow/.local/lib/python3.11/site-packages/airflow/example_dags/example_kubernetes_executor.py for tasks to queue
[2025-12-24T09:28:04.525+0000] {logging_mixin.py:190} INFO - [2025-12-24T09:28:04.525+0000] {dagbag.py:588} INFO - Filling up the DagBag from /home/airflow/.local/lib/python3.11/site-packages/airflow/example_dags/example_kubernetes_executor.py
[2025-12-24T09:28:04.558+0000] {processor.py:925} INFO - DAG(s) 'example_kubernetes_executor' retrieved from /home/airflow/.local/lib/python3.11/site-packages/airflow/example_dags/example_kubernetes_executor.py
[2025-12-24T09:28:04.611+0000] {logging_mixin.py:190} INFO - [2025-12-24T09:28:04.610+0000] {dag.py:3239} INFO - Sync 1 DAGs
[2025-12-24T09:28:04.636+0000] {logging_mixin.py:190} INFO - [2025-12-24T09:28:04.635+0000] {dag.py:4180} INFO - Setting next_dagrun for example_kubernetes_executor to None, run_after=None
[2025-12-24T09:28:04.746+0000] {processor.py:208} INFO - Processing /home/airflow/.local/lib/python3.11/site-packages/airflow/example_dags/example_kubernetes_executor.py took 0.241 seconds
[2025-12-24T09:28:18.770+0000] {processor.py:186} INFO - Started process (PID=1112) to work on /home/airflow/.local/lib/python3.11/site-packages/airflow/example_dags/example_kubernetes_executor.py
[2025-12-24T09:28:18.772+0000] {processor.py:914} INFO - Processing file /home/airflow/.local/lib/python3.11/site-packages/airflow/example_dags/example_kubernetes_executor.py for tasks to queue
[2025-12-24T09:28:18.776+0000] {logging_mixin.py:190} INFO - [2025-12-24T09:28:18.776+0000] {dagbag.py:588} INFO - Filling up the DagBag from /home/airflow/.local/lib/python3.11/site-packages/airflow/example_dags/example_kubernetes_executor.py
[2025-12-24T09:28:18.799+0000] {processor.py:925} INFO - DAG(s) 'example_kubernetes_executor' retrieved from /home/airflow/.local/lib/python3.11/site-packages/airflow/example_dags/example_kubernetes_executor.py
[2025-12-24T09:28:18.860+0000] {logging_mixin.py:190} INFO - [2025-12-24T09:28:18.859+0000] {dag.py:3239} INFO - Sync 1 DAGs
[2025-12-24T09:28:18.882+0000] {logging_mixin.py:190} INFO - [2025-12-24T09:28:18.882+0000] {dag.py:4180} INFO - Setting next_dagrun for example_kubernetes_executor to None, run_after=None
[2025-12-24T09:28:18.924+0000] {processor.py:208} INFO - Processing /home/airflow/.local/lib/python3.11/site-packages/airflow/example_dags/example_kubernetes_executor.py took 0.164 seconds
[2025-12-24T09:29:17.171+0000] {processor.py:186} INFO - Started process (PID=1172) to work on /home/airflow/.local/lib/python3.11/site-packages/airflow/example_dags/example_kubernetes_executor.py
[2025-12-24T09:29:17.172+0000] {processor.py:914} INFO - Processing file /home/airflow/.local/lib/python3.11/site-packages/airflow/example_dags/example_kubernetes_executor.py for tasks to queue
[2025-12-24T09:29:17.178+0000] {logging_mixin.py:190} INFO - [2025-12-24T09:29:17.177+0000] {dagbag.py:588} INFO - Filling up the DagBag from /home/airflow/.local/lib/python3.11/site-packages/airflow/example_dags/example_kubernetes_executor.py
[2025-12-24T09:29:17.209+0000] {processor.py:925} INFO - DAG(s) 'example_kubernetes_executor' retrieved from /home/airflow/.local/lib/python3.11/site-packages/airflow/example_dags/example_kubernetes_executor.py
[2025-12-24T09:29:17.256+0000] {logging_mixin.py:190} INFO - [2025-12-24T09:29:17.255+0000] {dag.py:3239} INFO - Sync 1 DAGs
[2025-12-24T09:29:17.291+0000] {logging_mixin.py:190} INFO - [2025-12-24T09:29:17.291+0000] {dag.py:4180} INFO - Setting next_dagrun for example_kubernetes_executor to None, run_after=None
[2025-12-24T09:29:17.332+0000] {processor.py:208} INFO - Processing /home/airflow/.local/lib/python3.11/site-packages/airflow/example_dags/example_kubernetes_executor.py took 0.173 seconds
