[2025-12-24T09:03:02.135+0000] {processor.py:186} INFO - Started process (PID=107) to work on /home/airflow/.local/lib/python3.11/site-packages/airflow/example_dags/example_branch_python_dop_operator_3.py
[2025-12-24T09:03:02.137+0000] {processor.py:914} INFO - Processing file /home/airflow/.local/lib/python3.11/site-packages/airflow/example_dags/example_branch_python_dop_operator_3.py for tasks to queue
[2025-12-24T09:03:02.143+0000] {logging_mixin.py:190} INFO - [2025-12-24T09:03:02.142+0000] {dagbag.py:588} INFO - Filling up the DagBag from /home/airflow/.local/lib/python3.11/site-packages/airflow/example_dags/example_branch_python_dop_operator_3.py
[2025-12-24T09:03:02.164+0000] {processor.py:925} INFO - DAG(s) 'example_branch_dop_operator_v3' retrieved from /home/airflow/.local/lib/python3.11/site-packages/airflow/example_dags/example_branch_python_dop_operator_3.py
[2025-12-24T09:03:02.379+0000] {logging_mixin.py:190} INFO - [2025-12-24T09:03:02.377+0000] {override.py:1911} INFO - Created Permission View: can edit on DAG:example_branch_dop_operator_v3
[2025-12-24T09:03:02.399+0000] {logging_mixin.py:190} INFO - [2025-12-24T09:03:02.399+0000] {override.py:1911} INFO - Created Permission View: can read on DAG:example_branch_dop_operator_v3
[2025-12-24T09:03:02.418+0000] {logging_mixin.py:190} INFO - [2025-12-24T09:03:02.417+0000] {override.py:1911} INFO - Created Permission View: can delete on DAG:example_branch_dop_operator_v3
[2025-12-24T09:03:02.439+0000] {logging_mixin.py:190} INFO - [2025-12-24T09:03:02.439+0000] {override.py:1911} INFO - Created Permission View: can read on DAG Run:example_branch_dop_operator_v3
[2025-12-24T09:03:02.455+0000] {logging_mixin.py:190} INFO - [2025-12-24T09:03:02.454+0000] {override.py:1911} INFO - Created Permission View: can create on DAG Run:example_branch_dop_operator_v3
[2025-12-24T09:03:02.475+0000] {logging_mixin.py:190} INFO - [2025-12-24T09:03:02.474+0000] {override.py:1911} INFO - Created Permission View: can delete on DAG Run:example_branch_dop_operator_v3
[2025-12-24T09:03:02.491+0000] {logging_mixin.py:190} INFO - [2025-12-24T09:03:02.491+0000] {override.py:1911} INFO - Created Permission View: menu access on DAG Run:example_branch_dop_operator_v3
[2025-12-24T09:03:02.493+0000] {logging_mixin.py:190} INFO - [2025-12-24T09:03:02.492+0000] {dag.py:3239} INFO - Sync 1 DAGs
[2025-12-24T09:03:02.513+0000] {logging_mixin.py:190} INFO - [2025-12-24T09:03:02.513+0000] {dag.py:3262} INFO - Creating ORM DAG for example_branch_dop_operator_v3
[2025-12-24T09:03:02.535+0000] {logging_mixin.py:190} INFO - [2025-12-24T09:03:02.535+0000] {dag.py:4180} INFO - Setting next_dagrun for example_branch_dop_operator_v3 to 2025-12-24 09:02:00+00:00, run_after=2025-12-24 09:03:00+00:00
[2025-12-24T09:03:02.579+0000] {processor.py:208} INFO - Processing /home/airflow/.local/lib/python3.11/site-packages/airflow/example_dags/example_branch_python_dop_operator_3.py took 0.457 seconds
[2025-12-24T09:03:14.233+0000] {processor.py:186} INFO - Started process (PID=166) to work on /home/airflow/.local/lib/python3.11/site-packages/airflow/example_dags/example_branch_python_dop_operator_3.py
[2025-12-24T09:03:14.235+0000] {processor.py:914} INFO - Processing file /home/airflow/.local/lib/python3.11/site-packages/airflow/example_dags/example_branch_python_dop_operator_3.py for tasks to queue
[2025-12-24T09:03:14.239+0000] {logging_mixin.py:190} INFO - [2025-12-24T09:03:14.239+0000] {dagbag.py:588} INFO - Filling up the DagBag from /home/airflow/.local/lib/python3.11/site-packages/airflow/example_dags/example_branch_python_dop_operator_3.py
[2025-12-24T09:03:14.256+0000] {processor.py:925} INFO - DAG(s) 'example_branch_dop_operator_v3' retrieved from /home/airflow/.local/lib/python3.11/site-packages/airflow/example_dags/example_branch_python_dop_operator_3.py
[2025-12-24T09:03:14.280+0000] {logging_mixin.py:190} INFO - [2025-12-24T09:03:14.279+0000] {dag.py:3239} INFO - Sync 1 DAGs
[2025-12-24T09:03:14.328+0000] {logging_mixin.py:190} INFO - [2025-12-24T09:03:14.327+0000] {dag.py:4180} INFO - Setting next_dagrun for example_branch_dop_operator_v3 to 2025-12-24 09:02:00+00:00, run_after=2025-12-24 09:03:00+00:00
[2025-12-24T09:03:14.356+0000] {processor.py:208} INFO - Processing /home/airflow/.local/lib/python3.11/site-packages/airflow/example_dags/example_branch_python_dop_operator_3.py took 0.133 seconds
[2025-12-24T09:04:17.726+0000] {processor.py:186} INFO - Started process (PID=230) to work on /home/airflow/.local/lib/python3.11/site-packages/airflow/example_dags/example_branch_python_dop_operator_3.py
[2025-12-24T09:04:17.727+0000] {processor.py:914} INFO - Processing file /home/airflow/.local/lib/python3.11/site-packages/airflow/example_dags/example_branch_python_dop_operator_3.py for tasks to queue
[2025-12-24T09:04:17.731+0000] {logging_mixin.py:190} INFO - [2025-12-24T09:04:17.731+0000] {dagbag.py:588} INFO - Filling up the DagBag from /home/airflow/.local/lib/python3.11/site-packages/airflow/example_dags/example_branch_python_dop_operator_3.py
[2025-12-24T09:04:17.747+0000] {processor.py:925} INFO - DAG(s) 'example_branch_dop_operator_v3' retrieved from /home/airflow/.local/lib/python3.11/site-packages/airflow/example_dags/example_branch_python_dop_operator_3.py
[2025-12-24T09:04:17.780+0000] {logging_mixin.py:190} INFO - [2025-12-24T09:04:17.779+0000] {dag.py:3239} INFO - Sync 1 DAGs
[2025-12-24T09:04:17.816+0000] {logging_mixin.py:190} INFO - [2025-12-24T09:04:17.816+0000] {dag.py:4180} INFO - Setting next_dagrun for example_branch_dop_operator_v3 to 2025-12-24 09:03:00+00:00, run_after=2025-12-24 09:04:00+00:00
[2025-12-24T09:04:17.846+0000] {processor.py:208} INFO - Processing /home/airflow/.local/lib/python3.11/site-packages/airflow/example_dags/example_branch_python_dop_operator_3.py took 0.129 seconds
[2025-12-24T09:04:14.586+0000] {processor.py:186} INFO - Started process (PID=296) to work on /home/airflow/.local/lib/python3.11/site-packages/airflow/example_dags/example_branch_python_dop_operator_3.py
[2025-12-24T09:04:14.588+0000] {processor.py:914} INFO - Processing file /home/airflow/.local/lib/python3.11/site-packages/airflow/example_dags/example_branch_python_dop_operator_3.py for tasks to queue
[2025-12-24T09:04:14.592+0000] {logging_mixin.py:190} INFO - [2025-12-24T09:04:14.591+0000] {dagbag.py:588} INFO - Filling up the DagBag from /home/airflow/.local/lib/python3.11/site-packages/airflow/example_dags/example_branch_python_dop_operator_3.py
[2025-12-24T09:04:14.612+0000] {processor.py:925} INFO - DAG(s) 'example_branch_dop_operator_v3' retrieved from /home/airflow/.local/lib/python3.11/site-packages/airflow/example_dags/example_branch_python_dop_operator_3.py
[2025-12-24T09:04:14.653+0000] {logging_mixin.py:190} INFO - [2025-12-24T09:04:14.652+0000] {dag.py:3239} INFO - Sync 1 DAGs
[2025-12-24T09:04:14.687+0000] {logging_mixin.py:190} INFO - [2025-12-24T09:04:14.687+0000] {dag.py:4180} INFO - Setting next_dagrun for example_branch_dop_operator_v3 to 2025-12-24 09:03:00+00:00, run_after=2025-12-24 09:04:00+00:00
[2025-12-24T09:04:14.713+0000] {processor.py:208} INFO - Processing /home/airflow/.local/lib/python3.11/site-packages/airflow/example_dags/example_branch_python_dop_operator_3.py took 0.139 seconds
[2025-12-24T09:04:45.130+0000] {processor.py:186} INFO - Started process (PID=365) to work on /home/airflow/.local/lib/python3.11/site-packages/airflow/example_dags/example_branch_python_dop_operator_3.py
[2025-12-24T09:04:45.131+0000] {processor.py:914} INFO - Processing file /home/airflow/.local/lib/python3.11/site-packages/airflow/example_dags/example_branch_python_dop_operator_3.py for tasks to queue
[2025-12-24T09:04:45.135+0000] {logging_mixin.py:190} INFO - [2025-12-24T09:04:45.135+0000] {dagbag.py:588} INFO - Filling up the DagBag from /home/airflow/.local/lib/python3.11/site-packages/airflow/example_dags/example_branch_python_dop_operator_3.py
[2025-12-24T09:04:45.152+0000] {processor.py:925} INFO - DAG(s) 'example_branch_dop_operator_v3' retrieved from /home/airflow/.local/lib/python3.11/site-packages/airflow/example_dags/example_branch_python_dop_operator_3.py
[2025-12-24T09:04:45.189+0000] {logging_mixin.py:190} INFO - [2025-12-24T09:04:45.189+0000] {dag.py:3239} INFO - Sync 1 DAGs
[2025-12-24T09:04:45.227+0000] {logging_mixin.py:190} INFO - [2025-12-24T09:04:45.226+0000] {dag.py:4180} INFO - Setting next_dagrun for example_branch_dop_operator_v3 to 2025-12-24 09:03:00+00:00, run_after=2025-12-24 09:04:00+00:00
[2025-12-24T09:04:45.270+0000] {processor.py:208} INFO - Processing /home/airflow/.local/lib/python3.11/site-packages/airflow/example_dags/example_branch_python_dop_operator_3.py took 0.153 seconds
[2025-12-24T09:04:54.819+0000] {processor.py:186} INFO - Started process (PID=424) to work on /home/airflow/.local/lib/python3.11/site-packages/airflow/example_dags/example_branch_python_dop_operator_3.py
[2025-12-24T09:04:54.821+0000] {processor.py:914} INFO - Processing file /home/airflow/.local/lib/python3.11/site-packages/airflow/example_dags/example_branch_python_dop_operator_3.py for tasks to queue
[2025-12-24T09:04:54.825+0000] {logging_mixin.py:190} INFO - [2025-12-24T09:04:54.825+0000] {dagbag.py:588} INFO - Filling up the DagBag from /home/airflow/.local/lib/python3.11/site-packages/airflow/example_dags/example_branch_python_dop_operator_3.py
[2025-12-24T09:04:54.854+0000] {processor.py:925} INFO - DAG(s) 'example_branch_dop_operator_v3' retrieved from /home/airflow/.local/lib/python3.11/site-packages/airflow/example_dags/example_branch_python_dop_operator_3.py
[2025-12-24T09:04:54.895+0000] {logging_mixin.py:190} INFO - [2025-12-24T09:04:54.895+0000] {dag.py:3239} INFO - Sync 1 DAGs
[2025-12-24T09:04:54.935+0000] {logging_mixin.py:190} INFO - [2025-12-24T09:04:54.935+0000] {dag.py:4180} INFO - Setting next_dagrun for example_branch_dop_operator_v3 to 2025-12-24 09:03:00+00:00, run_after=2025-12-24 09:04:00+00:00
[2025-12-24T09:04:54.966+0000] {processor.py:208} INFO - Processing /home/airflow/.local/lib/python3.11/site-packages/airflow/example_dags/example_branch_python_dop_operator_3.py took 0.158 seconds
[2025-12-24T09:05:25.225+0000] {processor.py:186} INFO - Started process (PID=489) to work on /home/airflow/.local/lib/python3.11/site-packages/airflow/example_dags/example_branch_python_dop_operator_3.py
[2025-12-24T09:05:25.227+0000] {processor.py:914} INFO - Processing file /home/airflow/.local/lib/python3.11/site-packages/airflow/example_dags/example_branch_python_dop_operator_3.py for tasks to queue
[2025-12-24T09:05:25.230+0000] {logging_mixin.py:190} INFO - [2025-12-24T09:05:25.230+0000] {dagbag.py:588} INFO - Filling up the DagBag from /home/airflow/.local/lib/python3.11/site-packages/airflow/example_dags/example_branch_python_dop_operator_3.py
[2025-12-24T09:05:25.245+0000] {processor.py:925} INFO - DAG(s) 'example_branch_dop_operator_v3' retrieved from /home/airflow/.local/lib/python3.11/site-packages/airflow/example_dags/example_branch_python_dop_operator_3.py
[2025-12-24T09:05:25.277+0000] {logging_mixin.py:190} INFO - [2025-12-24T09:05:25.276+0000] {dag.py:3239} INFO - Sync 1 DAGs
[2025-12-24T09:05:25.309+0000] {logging_mixin.py:190} INFO - [2025-12-24T09:05:25.309+0000] {dag.py:4180} INFO - Setting next_dagrun for example_branch_dop_operator_v3 to 2025-12-24 09:04:00+00:00, run_after=2025-12-24 09:05:00+00:00
[2025-12-24T09:05:25.357+0000] {processor.py:208} INFO - Processing /home/airflow/.local/lib/python3.11/site-packages/airflow/example_dags/example_branch_python_dop_operator_3.py took 0.141 seconds
[2025-12-24T09:05:28.859+0000] {processor.py:186} INFO - Started process (PID=525) to work on /home/airflow/.local/lib/python3.11/site-packages/airflow/example_dags/example_branch_python_dop_operator_3.py
[2025-12-24T09:05:28.871+0000] {processor.py:914} INFO - Processing file /home/airflow/.local/lib/python3.11/site-packages/airflow/example_dags/example_branch_python_dop_operator_3.py for tasks to queue
[2025-12-24T09:05:28.883+0000] {logging_mixin.py:190} INFO - [2025-12-24T09:05:28.883+0000] {dagbag.py:588} INFO - Filling up the DagBag from /home/airflow/.local/lib/python3.11/site-packages/airflow/example_dags/example_branch_python_dop_operator_3.py
[2025-12-24T09:05:28.909+0000] {processor.py:925} INFO - DAG(s) 'example_branch_dop_operator_v3' retrieved from /home/airflow/.local/lib/python3.11/site-packages/airflow/example_dags/example_branch_python_dop_operator_3.py
[2025-12-24T09:05:28.969+0000] {logging_mixin.py:190} INFO - [2025-12-24T09:05:28.968+0000] {dag.py:3239} INFO - Sync 1 DAGs
[2025-12-24T09:05:29.021+0000] {logging_mixin.py:190} INFO - [2025-12-24T09:05:29.021+0000] {dag.py:4180} INFO - Setting next_dagrun for example_branch_dop_operator_v3 to 2025-12-24 09:04:00+00:00, run_after=2025-12-24 09:05:00+00:00
[2025-12-24T09:05:29.057+0000] {processor.py:208} INFO - Processing /home/airflow/.local/lib/python3.11/site-packages/airflow/example_dags/example_branch_python_dop_operator_3.py took 0.215 seconds
[2025-12-24T09:06:23.132+0000] {processor.py:186} INFO - Started process (PID=580) to work on /home/airflow/.local/lib/python3.11/site-packages/airflow/example_dags/example_branch_python_dop_operator_3.py
[2025-12-24T09:06:23.134+0000] {processor.py:914} INFO - Processing file /home/airflow/.local/lib/python3.11/site-packages/airflow/example_dags/example_branch_python_dop_operator_3.py for tasks to queue
[2025-12-24T09:06:23.139+0000] {logging_mixin.py:190} INFO - [2025-12-24T09:06:23.139+0000] {dagbag.py:588} INFO - Filling up the DagBag from /home/airflow/.local/lib/python3.11/site-packages/airflow/example_dags/example_branch_python_dop_operator_3.py
[2025-12-24T09:06:23.160+0000] {processor.py:925} INFO - DAG(s) 'example_branch_dop_operator_v3' retrieved from /home/airflow/.local/lib/python3.11/site-packages/airflow/example_dags/example_branch_python_dop_operator_3.py
[2025-12-24T09:06:23.203+0000] {logging_mixin.py:190} INFO - [2025-12-24T09:06:23.202+0000] {dag.py:3239} INFO - Sync 1 DAGs
[2025-12-24T09:06:23.252+0000] {logging_mixin.py:190} INFO - [2025-12-24T09:06:23.251+0000] {dag.py:4180} INFO - Setting next_dagrun for example_branch_dop_operator_v3 to 2025-12-24 09:05:00+00:00, run_after=2025-12-24 09:06:00+00:00
[2025-12-24T09:05:40.959+0000] {processor.py:208} INFO - Processing /home/airflow/.local/lib/python3.11/site-packages/airflow/example_dags/example_branch_python_dop_operator_3.py took 0.187 seconds
[2025-12-24T09:06:42.837+0000] {processor.py:186} INFO - Started process (PID=641) to work on /home/airflow/.local/lib/python3.11/site-packages/airflow/example_dags/example_branch_python_dop_operator_3.py
[2025-12-24T09:06:42.839+0000] {processor.py:914} INFO - Processing file /home/airflow/.local/lib/python3.11/site-packages/airflow/example_dags/example_branch_python_dop_operator_3.py for tasks to queue
[2025-12-24T09:06:42.843+0000] {logging_mixin.py:190} INFO - [2025-12-24T09:06:42.843+0000] {dagbag.py:588} INFO - Filling up the DagBag from /home/airflow/.local/lib/python3.11/site-packages/airflow/example_dags/example_branch_python_dop_operator_3.py
[2025-12-24T09:06:42.860+0000] {processor.py:925} INFO - DAG(s) 'example_branch_dop_operator_v3' retrieved from /home/airflow/.local/lib/python3.11/site-packages/airflow/example_dags/example_branch_python_dop_operator_3.py
[2025-12-24T09:06:42.892+0000] {logging_mixin.py:190} INFO - [2025-12-24T09:06:42.891+0000] {dag.py:3239} INFO - Sync 1 DAGs
[2025-12-24T09:06:42.925+0000] {logging_mixin.py:190} INFO - [2025-12-24T09:06:42.925+0000] {dag.py:4180} INFO - Setting next_dagrun for example_branch_dop_operator_v3 to 2025-12-24 09:05:00+00:00, run_after=2025-12-24 09:06:00+00:00
[2025-12-24T09:06:42.951+0000] {processor.py:208} INFO - Processing /home/airflow/.local/lib/python3.11/site-packages/airflow/example_dags/example_branch_python_dop_operator_3.py took 0.126 seconds
[2025-12-24T09:06:45.451+0000] {processor.py:186} INFO - Started process (PID=714) to work on /home/airflow/.local/lib/python3.11/site-packages/airflow/example_dags/example_branch_python_dop_operator_3.py
[2025-12-24T09:06:45.453+0000] {processor.py:914} INFO - Processing file /home/airflow/.local/lib/python3.11/site-packages/airflow/example_dags/example_branch_python_dop_operator_3.py for tasks to queue
[2025-12-24T09:06:45.460+0000] {logging_mixin.py:190} INFO - [2025-12-24T09:06:45.459+0000] {dagbag.py:588} INFO - Filling up the DagBag from /home/airflow/.local/lib/python3.11/site-packages/airflow/example_dags/example_branch_python_dop_operator_3.py
[2025-12-24T09:06:45.485+0000] {processor.py:925} INFO - DAG(s) 'example_branch_dop_operator_v3' retrieved from /home/airflow/.local/lib/python3.11/site-packages/airflow/example_dags/example_branch_python_dop_operator_3.py
[2025-12-24T09:06:45.566+0000] {logging_mixin.py:190} INFO - [2025-12-24T09:06:45.565+0000] {dag.py:3239} INFO - Sync 1 DAGs
[2025-12-24T09:06:45.624+0000] {logging_mixin.py:190} INFO - [2025-12-24T09:06:45.624+0000] {dag.py:4180} INFO - Setting next_dagrun for example_branch_dop_operator_v3 to 2025-12-24 09:05:00+00:00, run_after=2025-12-24 09:06:00+00:00
[2025-12-24T09:06:45.659+0000] {processor.py:208} INFO - Processing /home/airflow/.local/lib/python3.11/site-packages/airflow/example_dags/example_branch_python_dop_operator_3.py took 0.219 seconds
[2025-12-24T09:07:15.664+0000] {processor.py:186} INFO - Started process (PID=780) to work on /home/airflow/.local/lib/python3.11/site-packages/airflow/example_dags/example_branch_python_dop_operator_3.py
[2025-12-24T09:07:15.666+0000] {processor.py:914} INFO - Processing file /home/airflow/.local/lib/python3.11/site-packages/airflow/example_dags/example_branch_python_dop_operator_3.py for tasks to queue
[2025-12-24T09:07:15.671+0000] {logging_mixin.py:190} INFO - [2025-12-24T09:07:15.670+0000] {dagbag.py:588} INFO - Filling up the DagBag from /home/airflow/.local/lib/python3.11/site-packages/airflow/example_dags/example_branch_python_dop_operator_3.py
[2025-12-24T09:07:15.692+0000] {processor.py:925} INFO - DAG(s) 'example_branch_dop_operator_v3' retrieved from /home/airflow/.local/lib/python3.11/site-packages/airflow/example_dags/example_branch_python_dop_operator_3.py
[2025-12-24T09:07:15.743+0000] {logging_mixin.py:190} INFO - [2025-12-24T09:07:15.741+0000] {dag.py:3239} INFO - Sync 1 DAGs
[2025-12-24T09:07:15.805+0000] {logging_mixin.py:190} INFO - [2025-12-24T09:07:15.805+0000] {dag.py:4180} INFO - Setting next_dagrun for example_branch_dop_operator_v3 to 2025-12-24 09:06:00+00:00, run_after=2025-12-24 09:07:00+00:00
[2025-12-24T09:07:15.838+0000] {processor.py:208} INFO - Processing /home/airflow/.local/lib/python3.11/site-packages/airflow/example_dags/example_branch_python_dop_operator_3.py took 0.187 seconds
[2025-12-24T09:08:42.222+0000] {processor.py:186} INFO - Started process (PID=1010) to work on /home/airflow/.local/lib/python3.11/site-packages/airflow/example_dags/example_branch_python_dop_operator_3.py
[2025-12-24T09:08:42.224+0000] {processor.py:914} INFO - Processing file /home/airflow/.local/lib/python3.11/site-packages/airflow/example_dags/example_branch_python_dop_operator_3.py for tasks to queue
[2025-12-24T09:08:42.236+0000] {logging_mixin.py:190} INFO - [2025-12-24T09:08:42.235+0000] {dagbag.py:588} INFO - Filling up the DagBag from /home/airflow/.local/lib/python3.11/site-packages/airflow/example_dags/example_branch_python_dop_operator_3.py
[2025-12-24T09:08:42.254+0000] {processor.py:925} INFO - DAG(s) 'example_branch_dop_operator_v3' retrieved from /home/airflow/.local/lib/python3.11/site-packages/airflow/example_dags/example_branch_python_dop_operator_3.py
[2025-12-24T09:08:42.284+0000] {logging_mixin.py:190} INFO - [2025-12-24T09:08:42.283+0000] {dag.py:3239} INFO - Sync 1 DAGs
[2025-12-24T09:08:42.315+0000] {logging_mixin.py:190} INFO - [2025-12-24T09:08:42.315+0000] {dag.py:4180} INFO - Setting next_dagrun for example_branch_dop_operator_v3 to 2025-12-24 09:07:00+00:00, run_after=2025-12-24 09:08:00+00:00
[2025-12-24T09:08:42.340+0000] {processor.py:208} INFO - Processing /home/airflow/.local/lib/python3.11/site-packages/airflow/example_dags/example_branch_python_dop_operator_3.py took 0.128 seconds
[2025-12-24T09:09:21.630+0000] {processor.py:186} INFO - Started process (PID=1077) to work on /home/airflow/.local/lib/python3.11/site-packages/airflow/example_dags/example_branch_python_dop_operator_3.py
[2025-12-24T09:09:21.632+0000] {processor.py:914} INFO - Processing file /home/airflow/.local/lib/python3.11/site-packages/airflow/example_dags/example_branch_python_dop_operator_3.py for tasks to queue
[2025-12-24T09:09:21.638+0000] {logging_mixin.py:190} INFO - [2025-12-24T09:09:21.637+0000] {dagbag.py:588} INFO - Filling up the DagBag from /home/airflow/.local/lib/python3.11/site-packages/airflow/example_dags/example_branch_python_dop_operator_3.py
[2025-12-24T09:09:21.659+0000] {processor.py:925} INFO - DAG(s) 'example_branch_dop_operator_v3' retrieved from /home/airflow/.local/lib/python3.11/site-packages/airflow/example_dags/example_branch_python_dop_operator_3.py
[2025-12-24T09:09:21.693+0000] {logging_mixin.py:190} INFO - [2025-12-24T09:09:21.693+0000] {dag.py:3239} INFO - Sync 1 DAGs
[2025-12-24T09:09:21.726+0000] {logging_mixin.py:190} INFO - [2025-12-24T09:09:21.726+0000] {dag.py:4180} INFO - Setting next_dagrun for example_branch_dop_operator_v3 to 2025-12-24 09:08:00+00:00, run_after=2025-12-24 09:09:00+00:00
[2025-12-24T09:09:21.748+0000] {processor.py:208} INFO - Processing /home/airflow/.local/lib/python3.11/site-packages/airflow/example_dags/example_branch_python_dop_operator_3.py took 0.131 seconds
[2025-12-24T09:09:20.063+0000] {processor.py:186} INFO - Started process (PID=1157) to work on /home/airflow/.local/lib/python3.11/site-packages/airflow/example_dags/example_branch_python_dop_operator_3.py
[2025-12-24T09:09:20.065+0000] {processor.py:914} INFO - Processing file /home/airflow/.local/lib/python3.11/site-packages/airflow/example_dags/example_branch_python_dop_operator_3.py for tasks to queue
[2025-12-24T09:09:20.069+0000] {logging_mixin.py:190} INFO - [2025-12-24T09:09:20.069+0000] {dagbag.py:588} INFO - Filling up the DagBag from /home/airflow/.local/lib/python3.11/site-packages/airflow/example_dags/example_branch_python_dop_operator_3.py
[2025-12-24T09:09:20.088+0000] {processor.py:925} INFO - DAG(s) 'example_branch_dop_operator_v3' retrieved from /home/airflow/.local/lib/python3.11/site-packages/airflow/example_dags/example_branch_python_dop_operator_3.py
[2025-12-24T09:09:20.126+0000] {logging_mixin.py:190} INFO - [2025-12-24T09:09:20.125+0000] {dag.py:3239} INFO - Sync 1 DAGs
[2025-12-24T09:09:20.161+0000] {logging_mixin.py:190} INFO - [2025-12-24T09:09:20.161+0000] {dag.py:4180} INFO - Setting next_dagrun for example_branch_dop_operator_v3 to 2025-12-24 09:08:00+00:00, run_after=2025-12-24 09:09:00+00:00
[2025-12-24T09:09:20.188+0000] {processor.py:208} INFO - Processing /home/airflow/.local/lib/python3.11/site-packages/airflow/example_dags/example_branch_python_dop_operator_3.py took 0.136 seconds
[2025-12-24T09:10:27.158+0000] {processor.py:186} INFO - Started process (PID=1217) to work on /home/airflow/.local/lib/python3.11/site-packages/airflow/example_dags/example_branch_python_dop_operator_3.py
[2025-12-24T09:10:27.159+0000] {processor.py:914} INFO - Processing file /home/airflow/.local/lib/python3.11/site-packages/airflow/example_dags/example_branch_python_dop_operator_3.py for tasks to queue
[2025-12-24T09:10:27.163+0000] {logging_mixin.py:190} INFO - [2025-12-24T09:10:27.162+0000] {dagbag.py:588} INFO - Filling up the DagBag from /home/airflow/.local/lib/python3.11/site-packages/airflow/example_dags/example_branch_python_dop_operator_3.py
[2025-12-24T09:10:27.176+0000] {processor.py:925} INFO - DAG(s) 'example_branch_dop_operator_v3' retrieved from /home/airflow/.local/lib/python3.11/site-packages/airflow/example_dags/example_branch_python_dop_operator_3.py
[2025-12-24T09:10:27.206+0000] {logging_mixin.py:190} INFO - [2025-12-24T09:10:27.205+0000] {dag.py:3239} INFO - Sync 1 DAGs
[2025-12-24T09:10:27.236+0000] {logging_mixin.py:190} INFO - [2025-12-24T09:10:27.236+0000] {dag.py:4180} INFO - Setting next_dagrun for example_branch_dop_operator_v3 to 2025-12-24 09:09:00+00:00, run_after=2025-12-24 09:10:00+00:00
[2025-12-24T09:10:27.272+0000] {processor.py:208} INFO - Processing /home/airflow/.local/lib/python3.11/site-packages/airflow/example_dags/example_branch_python_dop_operator_3.py took 0.123 seconds
[2025-12-24T09:10:20.509+0000] {processor.py:186} INFO - Started process (PID=1289) to work on /home/airflow/.local/lib/python3.11/site-packages/airflow/example_dags/example_branch_python_dop_operator_3.py
[2025-12-24T09:10:20.515+0000] {processor.py:914} INFO - Processing file /home/airflow/.local/lib/python3.11/site-packages/airflow/example_dags/example_branch_python_dop_operator_3.py for tasks to queue
[2025-12-24T09:10:20.531+0000] {logging_mixin.py:190} INFO - [2025-12-24T09:10:20.530+0000] {dagbag.py:588} INFO - Filling up the DagBag from /home/airflow/.local/lib/python3.11/site-packages/airflow/example_dags/example_branch_python_dop_operator_3.py
[2025-12-24T09:10:20.570+0000] {processor.py:925} INFO - DAG(s) 'example_branch_dop_operator_v3' retrieved from /home/airflow/.local/lib/python3.11/site-packages/airflow/example_dags/example_branch_python_dop_operator_3.py
[2025-12-24T09:10:20.647+0000] {logging_mixin.py:190} INFO - [2025-12-24T09:10:20.646+0000] {dag.py:3239} INFO - Sync 1 DAGs
[2025-12-24T09:10:20.712+0000] {logging_mixin.py:190} INFO - [2025-12-24T09:10:20.711+0000] {dag.py:4180} INFO - Setting next_dagrun for example_branch_dop_operator_v3 to 2025-12-24 09:09:00+00:00, run_after=2025-12-24 09:10:00+00:00
[2025-12-24T09:10:20.747+0000] {processor.py:208} INFO - Processing /home/airflow/.local/lib/python3.11/site-packages/airflow/example_dags/example_branch_python_dop_operator_3.py took 0.258 seconds
[2025-12-24T09:10:50.020+0000] {processor.py:186} INFO - Started process (PID=1338) to work on /home/airflow/.local/lib/python3.11/site-packages/airflow/example_dags/example_branch_python_dop_operator_3.py
[2025-12-24T09:10:50.021+0000] {processor.py:914} INFO - Processing file /home/airflow/.local/lib/python3.11/site-packages/airflow/example_dags/example_branch_python_dop_operator_3.py for tasks to queue
[2025-12-24T09:10:50.024+0000] {logging_mixin.py:190} INFO - [2025-12-24T09:10:50.024+0000] {dagbag.py:588} INFO - Filling up the DagBag from /home/airflow/.local/lib/python3.11/site-packages/airflow/example_dags/example_branch_python_dop_operator_3.py
[2025-12-24T09:10:50.038+0000] {processor.py:925} INFO - DAG(s) 'example_branch_dop_operator_v3' retrieved from /home/airflow/.local/lib/python3.11/site-packages/airflow/example_dags/example_branch_python_dop_operator_3.py
[2025-12-24T09:10:50.069+0000] {logging_mixin.py:190} INFO - [2025-12-24T09:10:50.068+0000] {dag.py:3239} INFO - Sync 1 DAGs
[2025-12-24T09:10:50.103+0000] {logging_mixin.py:190} INFO - [2025-12-24T09:10:50.103+0000] {dag.py:4180} INFO - Setting next_dagrun for example_branch_dop_operator_v3 to 2025-12-24 09:09:00+00:00, run_after=2025-12-24 09:10:00+00:00
[2025-12-24T09:10:50.132+0000] {processor.py:208} INFO - Processing /home/airflow/.local/lib/python3.11/site-packages/airflow/example_dags/example_branch_python_dop_operator_3.py took 0.122 seconds
[2025-12-24T09:11:00.183+0000] {processor.py:186} INFO - Started process (PID=1395) to work on /home/airflow/.local/lib/python3.11/site-packages/airflow/example_dags/example_branch_python_dop_operator_3.py
[2025-12-24T09:11:00.185+0000] {processor.py:914} INFO - Processing file /home/airflow/.local/lib/python3.11/site-packages/airflow/example_dags/example_branch_python_dop_operator_3.py for tasks to queue
[2025-12-24T09:11:00.191+0000] {logging_mixin.py:190} INFO - [2025-12-24T09:11:00.190+0000] {dagbag.py:588} INFO - Filling up the DagBag from /home/airflow/.local/lib/python3.11/site-packages/airflow/example_dags/example_branch_python_dop_operator_3.py
[2025-12-24T09:11:00.206+0000] {processor.py:925} INFO - DAG(s) 'example_branch_dop_operator_v3' retrieved from /home/airflow/.local/lib/python3.11/site-packages/airflow/example_dags/example_branch_python_dop_operator_3.py
[2025-12-24T09:11:00.240+0000] {logging_mixin.py:190} INFO - [2025-12-24T09:11:00.239+0000] {dag.py:3239} INFO - Sync 1 DAGs
[2025-12-24T09:11:00.279+0000] {logging_mixin.py:190} INFO - [2025-12-24T09:11:00.279+0000] {dag.py:4180} INFO - Setting next_dagrun for example_branch_dop_operator_v3 to 2025-12-24 09:10:00+00:00, run_after=2025-12-24 09:11:00+00:00
[2025-12-24T09:11:00.310+0000] {processor.py:208} INFO - Processing /home/airflow/.local/lib/python3.11/site-packages/airflow/example_dags/example_branch_python_dop_operator_3.py took 0.136 seconds
[2025-12-24T09:12:13.774+0000] {processor.py:186} INFO - Started process (PID=1458) to work on /home/airflow/.local/lib/python3.11/site-packages/airflow/example_dags/example_branch_python_dop_operator_3.py
[2025-12-24T09:12:13.776+0000] {processor.py:914} INFO - Processing file /home/airflow/.local/lib/python3.11/site-packages/airflow/example_dags/example_branch_python_dop_operator_3.py for tasks to queue
[2025-12-24T09:12:13.781+0000] {logging_mixin.py:190} INFO - [2025-12-24T09:12:13.780+0000] {dagbag.py:588} INFO - Filling up the DagBag from /home/airflow/.local/lib/python3.11/site-packages/airflow/example_dags/example_branch_python_dop_operator_3.py
[2025-12-24T09:11:31.462+0000] {processor.py:925} INFO - DAG(s) 'example_branch_dop_operator_v3' retrieved from /home/airflow/.local/lib/python3.11/site-packages/airflow/example_dags/example_branch_python_dop_operator_3.py
[2025-12-24T09:11:31.493+0000] {logging_mixin.py:190} INFO - [2025-12-24T09:11:31.493+0000] {dag.py:3239} INFO - Sync 1 DAGs
[2025-12-24T09:11:31.524+0000] {logging_mixin.py:190} INFO - [2025-12-24T09:11:31.524+0000] {dag.py:4180} INFO - Setting next_dagrun for example_branch_dop_operator_v3 to 2025-12-24 09:10:00+00:00, run_after=2025-12-24 09:11:00+00:00
[2025-12-24T09:11:31.546+0000] {processor.py:208} INFO - Processing /home/airflow/.local/lib/python3.11/site-packages/airflow/example_dags/example_branch_python_dop_operator_3.py took 0.131 seconds
[2025-12-24T09:12:32.511+0000] {processor.py:186} INFO - Started process (PID=1519) to work on /home/airflow/.local/lib/python3.11/site-packages/airflow/example_dags/example_branch_python_dop_operator_3.py
[2025-12-24T09:12:32.512+0000] {processor.py:914} INFO - Processing file /home/airflow/.local/lib/python3.11/site-packages/airflow/example_dags/example_branch_python_dop_operator_3.py for tasks to queue
[2025-12-24T09:12:32.516+0000] {logging_mixin.py:190} INFO - [2025-12-24T09:12:32.516+0000] {dagbag.py:588} INFO - Filling up the DagBag from /home/airflow/.local/lib/python3.11/site-packages/airflow/example_dags/example_branch_python_dop_operator_3.py
[2025-12-24T09:12:32.530+0000] {processor.py:925} INFO - DAG(s) 'example_branch_dop_operator_v3' retrieved from /home/airflow/.local/lib/python3.11/site-packages/airflow/example_dags/example_branch_python_dop_operator_3.py
[2025-12-24T09:12:32.559+0000] {logging_mixin.py:190} INFO - [2025-12-24T09:12:32.558+0000] {dag.py:3239} INFO - Sync 1 DAGs
[2025-12-24T09:12:32.587+0000] {logging_mixin.py:190} INFO - [2025-12-24T09:12:32.587+0000] {dag.py:4180} INFO - Setting next_dagrun for example_branch_dop_operator_v3 to 2025-12-24 09:11:00+00:00, run_after=2025-12-24 09:12:00+00:00
[2025-12-24T09:12:32.610+0000] {processor.py:208} INFO - Processing /home/airflow/.local/lib/python3.11/site-packages/airflow/example_dags/example_branch_python_dop_operator_3.py took 0.109 seconds
[2025-12-24T09:12:44.556+0000] {processor.py:186} INFO - Started process (PID=1585) to work on /home/airflow/.local/lib/python3.11/site-packages/airflow/example_dags/example_branch_python_dop_operator_3.py
[2025-12-24T09:12:44.557+0000] {processor.py:914} INFO - Processing file /home/airflow/.local/lib/python3.11/site-packages/airflow/example_dags/example_branch_python_dop_operator_3.py for tasks to queue
[2025-12-24T09:12:44.561+0000] {logging_mixin.py:190} INFO - [2025-12-24T09:12:44.560+0000] {dagbag.py:588} INFO - Filling up the DagBag from /home/airflow/.local/lib/python3.11/site-packages/airflow/example_dags/example_branch_python_dop_operator_3.py
[2025-12-24T09:12:44.575+0000] {processor.py:925} INFO - DAG(s) 'example_branch_dop_operator_v3' retrieved from /home/airflow/.local/lib/python3.11/site-packages/airflow/example_dags/example_branch_python_dop_operator_3.py
[2025-12-24T09:12:44.607+0000] {logging_mixin.py:190} INFO - [2025-12-24T09:12:44.606+0000] {dag.py:3239} INFO - Sync 1 DAGs
[2025-12-24T09:12:44.639+0000] {logging_mixin.py:190} INFO - [2025-12-24T09:12:44.639+0000] {dag.py:4180} INFO - Setting next_dagrun for example_branch_dop_operator_v3 to 2025-12-24 09:11:00+00:00, run_after=2025-12-24 09:12:00+00:00
[2025-12-24T09:12:44.662+0000] {processor.py:208} INFO - Processing /home/airflow/.local/lib/python3.11/site-packages/airflow/example_dags/example_branch_python_dop_operator_3.py took 0.116 seconds
[2025-12-24T09:13:33.665+0000] {processor.py:186} INFO - Started process (PID=1652) to work on /home/airflow/.local/lib/python3.11/site-packages/airflow/example_dags/example_branch_python_dop_operator_3.py
[2025-12-24T09:13:33.667+0000] {processor.py:914} INFO - Processing file /home/airflow/.local/lib/python3.11/site-packages/airflow/example_dags/example_branch_python_dop_operator_3.py for tasks to queue
[2025-12-24T09:13:33.672+0000] {logging_mixin.py:190} INFO - [2025-12-24T09:13:33.672+0000] {dagbag.py:588} INFO - Filling up the DagBag from /home/airflow/.local/lib/python3.11/site-packages/airflow/example_dags/example_branch_python_dop_operator_3.py
[2025-12-24T09:13:33.692+0000] {processor.py:925} INFO - DAG(s) 'example_branch_dop_operator_v3' retrieved from /home/airflow/.local/lib/python3.11/site-packages/airflow/example_dags/example_branch_python_dop_operator_3.py
[2025-12-24T09:13:33.731+0000] {logging_mixin.py:190} INFO - [2025-12-24T09:13:33.730+0000] {dag.py:3239} INFO - Sync 1 DAGs
[2025-12-24T09:13:33.764+0000] {logging_mixin.py:190} INFO - [2025-12-24T09:13:33.764+0000] {dag.py:4180} INFO - Setting next_dagrun for example_branch_dop_operator_v3 to 2025-12-24 09:12:00+00:00, run_after=2025-12-24 09:13:00+00:00
[2025-12-24T09:13:33.793+0000] {processor.py:208} INFO - Processing /home/airflow/.local/lib/python3.11/site-packages/airflow/example_dags/example_branch_python_dop_operator_3.py took 0.138 seconds
[2025-12-24T09:14:27.956+0000] {processor.py:186} INFO - Started process (PID=1702) to work on /home/airflow/.local/lib/python3.11/site-packages/airflow/example_dags/example_branch_python_dop_operator_3.py
[2025-12-24T09:14:27.958+0000] {processor.py:914} INFO - Processing file /home/airflow/.local/lib/python3.11/site-packages/airflow/example_dags/example_branch_python_dop_operator_3.py for tasks to queue
[2025-12-24T09:14:27.965+0000] {logging_mixin.py:190} INFO - [2025-12-24T09:14:27.964+0000] {dagbag.py:588} INFO - Filling up the DagBag from /home/airflow/.local/lib/python3.11/site-packages/airflow/example_dags/example_branch_python_dop_operator_3.py
[2025-12-24T09:14:27.992+0000] {processor.py:925} INFO - DAG(s) 'example_branch_dop_operator_v3' retrieved from /home/airflow/.local/lib/python3.11/site-packages/airflow/example_dags/example_branch_python_dop_operator_3.py
[2025-12-24T09:14:28.035+0000] {logging_mixin.py:190} INFO - [2025-12-24T09:14:28.034+0000] {dag.py:3239} INFO - Sync 1 DAGs
[2025-12-24T09:14:28.078+0000] {logging_mixin.py:190} INFO - [2025-12-24T09:14:28.077+0000] {dag.py:4180} INFO - Setting next_dagrun for example_branch_dop_operator_v3 to 2025-12-24 09:13:00+00:00, run_after=2025-12-24 09:14:00+00:00
[2025-12-24T09:14:28.116+0000] {processor.py:208} INFO - Processing /home/airflow/.local/lib/python3.11/site-packages/airflow/example_dags/example_branch_python_dop_operator_3.py took 0.179 seconds
[2025-12-24T09:14:39.947+0000] {processor.py:186} INFO - Started process (PID=1774) to work on /home/airflow/.local/lib/python3.11/site-packages/airflow/example_dags/example_branch_python_dop_operator_3.py
[2025-12-24T09:14:39.949+0000] {processor.py:914} INFO - Processing file /home/airflow/.local/lib/python3.11/site-packages/airflow/example_dags/example_branch_python_dop_operator_3.py for tasks to queue
[2025-12-24T09:14:39.956+0000] {logging_mixin.py:190} INFO - [2025-12-24T09:14:39.955+0000] {dagbag.py:588} INFO - Filling up the DagBag from /home/airflow/.local/lib/python3.11/site-packages/airflow/example_dags/example_branch_python_dop_operator_3.py
[2025-12-24T09:14:39.975+0000] {processor.py:925} INFO - DAG(s) 'example_branch_dop_operator_v3' retrieved from /home/airflow/.local/lib/python3.11/site-packages/airflow/example_dags/example_branch_python_dop_operator_3.py
[2025-12-24T09:14:40.006+0000] {logging_mixin.py:190} INFO - [2025-12-24T09:14:40.005+0000] {dag.py:3239} INFO - Sync 1 DAGs
[2025-12-24T09:14:40.037+0000] {logging_mixin.py:190} INFO - [2025-12-24T09:14:40.037+0000] {dag.py:4180} INFO - Setting next_dagrun for example_branch_dop_operator_v3 to 2025-12-24 09:13:00+00:00, run_after=2025-12-24 09:14:00+00:00
[2025-12-24T09:14:40.061+0000] {processor.py:208} INFO - Processing /home/airflow/.local/lib/python3.11/site-packages/airflow/example_dags/example_branch_python_dop_operator_3.py took 0.124 seconds
[2025-12-24T09:15:53.774+0000] {processor.py:186} INFO - Started process (PID=1838) to work on /home/airflow/.local/lib/python3.11/site-packages/airflow/example_dags/example_branch_python_dop_operator_3.py
[2025-12-24T09:15:53.776+0000] {processor.py:914} INFO - Processing file /home/airflow/.local/lib/python3.11/site-packages/airflow/example_dags/example_branch_python_dop_operator_3.py for tasks to queue
[2025-12-24T09:15:53.780+0000] {logging_mixin.py:190} INFO - [2025-12-24T09:15:53.780+0000] {dagbag.py:588} INFO - Filling up the DagBag from /home/airflow/.local/lib/python3.11/site-packages/airflow/example_dags/example_branch_python_dop_operator_3.py
[2025-12-24T09:15:53.797+0000] {processor.py:925} INFO - DAG(s) 'example_branch_dop_operator_v3' retrieved from /home/airflow/.local/lib/python3.11/site-packages/airflow/example_dags/example_branch_python_dop_operator_3.py
[2025-12-24T09:15:53.829+0000] {logging_mixin.py:190} INFO - [2025-12-24T09:15:53.828+0000] {dag.py:3239} INFO - Sync 1 DAGs
[2025-12-24T09:15:53.860+0000] {logging_mixin.py:190} INFO - [2025-12-24T09:15:53.860+0000] {dag.py:4180} INFO - Setting next_dagrun for example_branch_dop_operator_v3 to 2025-12-24 09:14:00+00:00, run_after=2025-12-24 09:15:00+00:00
[2025-12-24T09:15:53.884+0000] {processor.py:208} INFO - Processing /home/airflow/.local/lib/python3.11/site-packages/airflow/example_dags/example_branch_python_dop_operator_3.py took 0.123 seconds
[2025-12-24T09:16:41.937+0000] {processor.py:186} INFO - Started process (PID=1962) to work on /home/airflow/.local/lib/python3.11/site-packages/airflow/example_dags/example_branch_python_dop_operator_3.py
[2025-12-24T09:16:41.939+0000] {processor.py:914} INFO - Processing file /home/airflow/.local/lib/python3.11/site-packages/airflow/example_dags/example_branch_python_dop_operator_3.py for tasks to queue
[2025-12-24T09:16:41.943+0000] {logging_mixin.py:190} INFO - [2025-12-24T09:16:41.942+0000] {dagbag.py:588} INFO - Filling up the DagBag from /home/airflow/.local/lib/python3.11/site-packages/airflow/example_dags/example_branch_python_dop_operator_3.py
[2025-12-24T09:16:41.957+0000] {processor.py:925} INFO - DAG(s) 'example_branch_dop_operator_v3' retrieved from /home/airflow/.local/lib/python3.11/site-packages/airflow/example_dags/example_branch_python_dop_operator_3.py
[2025-12-24T09:16:41.985+0000] {logging_mixin.py:190} INFO - [2025-12-24T09:16:41.985+0000] {dag.py:3239} INFO - Sync 1 DAGs
[2025-12-24T09:16:42.038+0000] {logging_mixin.py:190} INFO - [2025-12-24T09:16:42.037+0000] {dag.py:4180} INFO - Setting next_dagrun for example_branch_dop_operator_v3 to 2025-12-24 09:15:00+00:00, run_after=2025-12-24 09:16:00+00:00
[2025-12-24T09:16:42.088+0000] {processor.py:208} INFO - Processing /home/airflow/.local/lib/python3.11/site-packages/airflow/example_dags/example_branch_python_dop_operator_3.py took 0.160 seconds
[2025-12-24T09:24:22.109+0000] {processor.py:186} INFO - Started process (PID=113) to work on /home/airflow/.local/lib/python3.11/site-packages/airflow/example_dags/example_branch_python_dop_operator_3.py
[2025-12-24T09:24:22.111+0000] {processor.py:914} INFO - Processing file /home/airflow/.local/lib/python3.11/site-packages/airflow/example_dags/example_branch_python_dop_operator_3.py for tasks to queue
[2025-12-24T09:24:22.116+0000] {logging_mixin.py:190} INFO - [2025-12-24T09:24:22.115+0000] {dagbag.py:588} INFO - Filling up the DagBag from /home/airflow/.local/lib/python3.11/site-packages/airflow/example_dags/example_branch_python_dop_operator_3.py
[2025-12-24T09:24:22.137+0000] {processor.py:925} INFO - DAG(s) 'example_branch_dop_operator_v3' retrieved from /home/airflow/.local/lib/python3.11/site-packages/airflow/example_dags/example_branch_python_dop_operator_3.py
[2025-12-24T09:24:22.377+0000] {logging_mixin.py:190} INFO - [2025-12-24T09:24:22.376+0000] {override.py:1911} INFO - Created Permission View: can delete on DAG:example_branch_dop_operator_v3
[2025-12-24T09:24:22.417+0000] {logging_mixin.py:190} INFO - [2025-12-24T09:24:22.416+0000] {override.py:1911} INFO - Created Permission View: can read on DAG:example_branch_dop_operator_v3
[2025-12-24T09:24:22.456+0000] {logging_mixin.py:190} INFO - [2025-12-24T09:24:22.456+0000] {override.py:1911} INFO - Created Permission View: can edit on DAG:example_branch_dop_operator_v3
[2025-12-24T09:24:22.476+0000] {logging_mixin.py:190} INFO - [2025-12-24T09:24:22.475+0000] {override.py:1911} INFO - Created Permission View: menu access on DAG Run:example_branch_dop_operator_v3
[2025-12-24T09:24:22.516+0000] {logging_mixin.py:190} INFO - [2025-12-24T09:24:22.516+0000] {override.py:1911} INFO - Created Permission View: can create on DAG Run:example_branch_dop_operator_v3
[2025-12-24T09:24:22.551+0000] {logging_mixin.py:190} INFO - [2025-12-24T09:24:22.551+0000] {override.py:1911} INFO - Created Permission View: can delete on DAG Run:example_branch_dop_operator_v3
[2025-12-24T09:24:22.596+0000] {logging_mixin.py:190} INFO - [2025-12-24T09:24:22.596+0000] {override.py:1911} INFO - Created Permission View: can read on DAG Run:example_branch_dop_operator_v3
[2025-12-24T09:24:22.598+0000] {logging_mixin.py:190} INFO - [2025-12-24T09:24:22.597+0000] {dag.py:3239} INFO - Sync 1 DAGs
[2025-12-24T09:24:22.622+0000] {logging_mixin.py:190} INFO - [2025-12-24T09:24:22.622+0000] {dag.py:3262} INFO - Creating ORM DAG for example_branch_dop_operator_v3
[2025-12-24T09:24:22.644+0000] {logging_mixin.py:190} INFO - [2025-12-24T09:24:22.644+0000] {dag.py:4180} INFO - Setting next_dagrun for example_branch_dop_operator_v3 to 2025-12-24 09:23:00+00:00, run_after=2025-12-24 09:24:00+00:00
[2025-12-24T09:24:22.734+0000] {processor.py:208} INFO - Processing /home/airflow/.local/lib/python3.11/site-packages/airflow/example_dags/example_branch_python_dop_operator_3.py took 0.638 seconds
[2025-12-24T09:24:15.852+0000] {processor.py:186} INFO - Started process (PID=245) to work on /home/airflow/.local/lib/python3.11/site-packages/airflow/example_dags/example_branch_python_dop_operator_3.py
[2025-12-24T09:24:15.856+0000] {processor.py:914} INFO - Processing file /home/airflow/.local/lib/python3.11/site-packages/airflow/example_dags/example_branch_python_dop_operator_3.py for tasks to queue
[2025-12-24T09:24:15.862+0000] {logging_mixin.py:190} INFO - [2025-12-24T09:24:15.861+0000] {dagbag.py:588} INFO - Filling up the DagBag from /home/airflow/.local/lib/python3.11/site-packages/airflow/example_dags/example_branch_python_dop_operator_3.py
[2025-12-24T09:24:15.884+0000] {processor.py:925} INFO - DAG(s) 'example_branch_dop_operator_v3' retrieved from /home/airflow/.local/lib/python3.11/site-packages/airflow/example_dags/example_branch_python_dop_operator_3.py
[2025-12-24T09:24:15.927+0000] {logging_mixin.py:190} INFO - [2025-12-24T09:24:15.926+0000] {dag.py:3239} INFO - Sync 1 DAGs
[2025-12-24T09:24:15.989+0000] {logging_mixin.py:190} INFO - [2025-12-24T09:24:15.988+0000] {dag.py:4180} INFO - Setting next_dagrun for example_branch_dop_operator_v3 to 2025-12-24 09:23:00+00:00, run_after=2025-12-24 09:24:00+00:00
[2025-12-24T09:24:16.026+0000] {processor.py:208} INFO - Processing /home/airflow/.local/lib/python3.11/site-packages/airflow/example_dags/example_branch_python_dop_operator_3.py took 0.188 seconds
[2025-12-24T09:24:44.948+0000] {processor.py:186} INFO - Started process (PID=304) to work on /home/airflow/.local/lib/python3.11/site-packages/airflow/example_dags/example_branch_python_dop_operator_3.py
[2025-12-24T09:24:44.950+0000] {processor.py:914} INFO - Processing file /home/airflow/.local/lib/python3.11/site-packages/airflow/example_dags/example_branch_python_dop_operator_3.py for tasks to queue
[2025-12-24T09:24:44.954+0000] {logging_mixin.py:190} INFO - [2025-12-24T09:24:44.953+0000] {dagbag.py:588} INFO - Filling up the DagBag from /home/airflow/.local/lib/python3.11/site-packages/airflow/example_dags/example_branch_python_dop_operator_3.py
[2025-12-24T09:24:44.970+0000] {processor.py:925} INFO - DAG(s) 'example_branch_dop_operator_v3' retrieved from /home/airflow/.local/lib/python3.11/site-packages/airflow/example_dags/example_branch_python_dop_operator_3.py
[2025-12-24T09:24:44.991+0000] {logging_mixin.py:190} INFO - [2025-12-24T09:24:44.990+0000] {dag.py:3239} INFO - Sync 1 DAGs
[2025-12-24T09:24:45.025+0000] {logging_mixin.py:190} INFO - [2025-12-24T09:24:45.025+0000] {dag.py:4180} INFO - Setting next_dagrun for example_branch_dop_operator_v3 to 2025-12-24 09:23:00+00:00, run_after=2025-12-24 09:24:00+00:00
[2025-12-24T09:24:45.053+0000] {processor.py:208} INFO - Processing /home/airflow/.local/lib/python3.11/site-packages/airflow/example_dags/example_branch_python_dop_operator_3.py took 0.115 seconds
[2025-12-24T09:24:56.360+0000] {processor.py:186} INFO - Started process (PID=360) to work on /home/airflow/.local/lib/python3.11/site-packages/airflow/example_dags/example_branch_python_dop_operator_3.py
[2025-12-24T09:24:56.362+0000] {processor.py:914} INFO - Processing file /home/airflow/.local/lib/python3.11/site-packages/airflow/example_dags/example_branch_python_dop_operator_3.py for tasks to queue
[2025-12-24T09:24:56.366+0000] {logging_mixin.py:190} INFO - [2025-12-24T09:24:56.365+0000] {dagbag.py:588} INFO - Filling up the DagBag from /home/airflow/.local/lib/python3.11/site-packages/airflow/example_dags/example_branch_python_dop_operator_3.py
[2025-12-24T09:24:56.384+0000] {processor.py:925} INFO - DAG(s) 'example_branch_dop_operator_v3' retrieved from /home/airflow/.local/lib/python3.11/site-packages/airflow/example_dags/example_branch_python_dop_operator_3.py
[2025-12-24T09:24:56.418+0000] {logging_mixin.py:190} INFO - [2025-12-24T09:24:56.417+0000] {dag.py:3239} INFO - Sync 1 DAGs
[2025-12-24T09:24:56.458+0000] {logging_mixin.py:190} INFO - [2025-12-24T09:24:56.457+0000] {dag.py:4180} INFO - Setting next_dagrun for example_branch_dop_operator_v3 to 2025-12-24 09:23:00+00:00, run_after=2025-12-24 09:24:00+00:00
[2025-12-24T09:24:56.484+0000] {processor.py:208} INFO - Processing /home/airflow/.local/lib/python3.11/site-packages/airflow/example_dags/example_branch_python_dop_operator_3.py took 0.137 seconds
[2025-12-24T09:25:14.992+0000] {processor.py:186} INFO - Started process (PID=422) to work on /home/airflow/.local/lib/python3.11/site-packages/airflow/example_dags/example_branch_python_dop_operator_3.py
[2025-12-24T09:25:14.994+0000] {processor.py:914} INFO - Processing file /home/airflow/.local/lib/python3.11/site-packages/airflow/example_dags/example_branch_python_dop_operator_3.py for tasks to queue
[2025-12-24T09:25:14.998+0000] {logging_mixin.py:190} INFO - [2025-12-24T09:25:14.997+0000] {dagbag.py:588} INFO - Filling up the DagBag from /home/airflow/.local/lib/python3.11/site-packages/airflow/example_dags/example_branch_python_dop_operator_3.py
[2025-12-24T09:25:15.014+0000] {processor.py:925} INFO - DAG(s) 'example_branch_dop_operator_v3' retrieved from /home/airflow/.local/lib/python3.11/site-packages/airflow/example_dags/example_branch_python_dop_operator_3.py
[2025-12-24T09:25:15.045+0000] {logging_mixin.py:190} INFO - [2025-12-24T09:25:15.044+0000] {dag.py:3239} INFO - Sync 1 DAGs
[2025-12-24T09:25:15.079+0000] {logging_mixin.py:190} INFO - [2025-12-24T09:25:15.079+0000] {dag.py:4180} INFO - Setting next_dagrun for example_branch_dop_operator_v3 to 2025-12-24 09:24:00+00:00, run_after=2025-12-24 09:25:00+00:00
[2025-12-24T09:25:15.108+0000] {processor.py:208} INFO - Processing /home/airflow/.local/lib/python3.11/site-packages/airflow/example_dags/example_branch_python_dop_operator_3.py took 0.128 seconds
[2025-12-24T09:25:21.192+0000] {processor.py:186} INFO - Started process (PID=476) to work on /home/airflow/.local/lib/python3.11/site-packages/airflow/example_dags/example_branch_python_dop_operator_3.py
[2025-12-24T09:25:21.194+0000] {processor.py:914} INFO - Processing file /home/airflow/.local/lib/python3.11/site-packages/airflow/example_dags/example_branch_python_dop_operator_3.py for tasks to queue
[2025-12-24T09:25:21.200+0000] {logging_mixin.py:190} INFO - [2025-12-24T09:25:21.199+0000] {dagbag.py:588} INFO - Filling up the DagBag from /home/airflow/.local/lib/python3.11/site-packages/airflow/example_dags/example_branch_python_dop_operator_3.py
[2025-12-24T09:25:21.220+0000] {processor.py:925} INFO - DAG(s) 'example_branch_dop_operator_v3' retrieved from /home/airflow/.local/lib/python3.11/site-packages/airflow/example_dags/example_branch_python_dop_operator_3.py
[2025-12-24T09:25:21.267+0000] {logging_mixin.py:190} INFO - [2025-12-24T09:25:21.266+0000] {dag.py:3239} INFO - Sync 1 DAGs
[2025-12-24T09:25:21.320+0000] {logging_mixin.py:190} INFO - [2025-12-24T09:25:21.320+0000] {dag.py:4180} INFO - Setting next_dagrun for example_branch_dop_operator_v3 to 2025-12-24 09:24:00+00:00, run_after=2025-12-24 09:25:00+00:00
[2025-12-24T09:25:21.353+0000] {processor.py:208} INFO - Processing /home/airflow/.local/lib/python3.11/site-packages/airflow/example_dags/example_branch_python_dop_operator_3.py took 0.173 seconds
[2025-12-24T09:26:35.091+0000] {processor.py:186} INFO - Started process (PID=534) to work on /home/airflow/.local/lib/python3.11/site-packages/airflow/example_dags/example_branch_python_dop_operator_3.py
[2025-12-24T09:26:35.094+0000] {processor.py:914} INFO - Processing file /home/airflow/.local/lib/python3.11/site-packages/airflow/example_dags/example_branch_python_dop_operator_3.py for tasks to queue
[2025-12-24T09:26:35.099+0000] {logging_mixin.py:190} INFO - [2025-12-24T09:26:35.098+0000] {dagbag.py:588} INFO - Filling up the DagBag from /home/airflow/.local/lib/python3.11/site-packages/airflow/example_dags/example_branch_python_dop_operator_3.py
[2025-12-24T09:26:35.122+0000] {processor.py:925} INFO - DAG(s) 'example_branch_dop_operator_v3' retrieved from /home/airflow/.local/lib/python3.11/site-packages/airflow/example_dags/example_branch_python_dop_operator_3.py
[2025-12-24T09:26:35.163+0000] {logging_mixin.py:190} INFO - [2025-12-24T09:26:35.163+0000] {dag.py:3239} INFO - Sync 1 DAGs
[2025-12-24T09:26:35.212+0000] {logging_mixin.py:190} INFO - [2025-12-24T09:26:35.211+0000] {dag.py:4180} INFO - Setting next_dagrun for example_branch_dop_operator_v3 to 2025-12-24 09:25:00+00:00, run_after=2025-12-24 09:26:00+00:00
[2025-12-24T09:26:35.248+0000] {processor.py:208} INFO - Processing /home/airflow/.local/lib/python3.11/site-packages/airflow/example_dags/example_branch_python_dop_operator_3.py took 0.171 seconds
[2025-12-24T09:26:36.841+0000] {processor.py:186} INFO - Started process (PID=794) to work on /home/airflow/.local/lib/python3.11/site-packages/airflow/example_dags/example_branch_python_dop_operator_3.py
[2025-12-24T09:26:36.844+0000] {processor.py:914} INFO - Processing file /home/airflow/.local/lib/python3.11/site-packages/airflow/example_dags/example_branch_python_dop_operator_3.py for tasks to queue
[2025-12-24T09:26:36.850+0000] {logging_mixin.py:190} INFO - [2025-12-24T09:26:36.849+0000] {dagbag.py:588} INFO - Filling up the DagBag from /home/airflow/.local/lib/python3.11/site-packages/airflow/example_dags/example_branch_python_dop_operator_3.py
[2025-12-24T09:26:36.894+0000] {processor.py:925} INFO - DAG(s) 'example_branch_dop_operator_v3' retrieved from /home/airflow/.local/lib/python3.11/site-packages/airflow/example_dags/example_branch_python_dop_operator_3.py
[2025-12-24T09:26:36.934+0000] {logging_mixin.py:190} INFO - [2025-12-24T09:26:36.932+0000] {dag.py:3239} INFO - Sync 1 DAGs
[2025-12-24T09:26:36.981+0000] {logging_mixin.py:190} INFO - [2025-12-24T09:26:36.981+0000] {dag.py:4180} INFO - Setting next_dagrun for example_branch_dop_operator_v3 to 2025-12-24 09:25:00+00:00, run_after=2025-12-24 09:26:00+00:00
[2025-12-24T09:26:37.017+0000] {processor.py:208} INFO - Processing /home/airflow/.local/lib/python3.11/site-packages/airflow/example_dags/example_branch_python_dop_operator_3.py took 0.191 seconds
[2025-12-24T09:26:47.235+0000] {processor.py:186} INFO - Started process (PID=847) to work on /home/airflow/.local/lib/python3.11/site-packages/airflow/example_dags/example_branch_python_dop_operator_3.py
[2025-12-24T09:26:47.237+0000] {processor.py:914} INFO - Processing file /home/airflow/.local/lib/python3.11/site-packages/airflow/example_dags/example_branch_python_dop_operator_3.py for tasks to queue
[2025-12-24T09:26:47.241+0000] {logging_mixin.py:190} INFO - [2025-12-24T09:26:47.241+0000] {dagbag.py:588} INFO - Filling up the DagBag from /home/airflow/.local/lib/python3.11/site-packages/airflow/example_dags/example_branch_python_dop_operator_3.py
[2025-12-24T09:26:47.266+0000] {processor.py:925} INFO - DAG(s) 'example_branch_dop_operator_v3' retrieved from /home/airflow/.local/lib/python3.11/site-packages/airflow/example_dags/example_branch_python_dop_operator_3.py
[2025-12-24T09:26:47.310+0000] {logging_mixin.py:190} INFO - [2025-12-24T09:26:47.309+0000] {dag.py:3239} INFO - Sync 1 DAGs
[2025-12-24T09:26:47.345+0000] {logging_mixin.py:190} INFO - [2025-12-24T09:26:47.345+0000] {dag.py:4180} INFO - Setting next_dagrun for example_branch_dop_operator_v3 to 2025-12-24 09:25:00+00:00, run_after=2025-12-24 09:26:00+00:00
[2025-12-24T09:26:47.378+0000] {processor.py:208} INFO - Processing /home/airflow/.local/lib/python3.11/site-packages/airflow/example_dags/example_branch_python_dop_operator_3.py took 0.155 seconds
[2025-12-24T09:27:44.753+0000] {processor.py:186} INFO - Started process (PID=909) to work on /home/airflow/.local/lib/python3.11/site-packages/airflow/example_dags/example_branch_python_dop_operator_3.py
[2025-12-24T09:27:44.756+0000] {processor.py:914} INFO - Processing file /home/airflow/.local/lib/python3.11/site-packages/airflow/example_dags/example_branch_python_dop_operator_3.py for tasks to queue
[2025-12-24T09:27:44.764+0000] {logging_mixin.py:190} INFO - [2025-12-24T09:27:44.763+0000] {dagbag.py:588} INFO - Filling up the DagBag from /home/airflow/.local/lib/python3.11/site-packages/airflow/example_dags/example_branch_python_dop_operator_3.py
[2025-12-24T09:27:44.788+0000] {processor.py:925} INFO - DAG(s) 'example_branch_dop_operator_v3' retrieved from /home/airflow/.local/lib/python3.11/site-packages/airflow/example_dags/example_branch_python_dop_operator_3.py
[2025-12-24T09:27:44.841+0000] {logging_mixin.py:190} INFO - [2025-12-24T09:27:44.840+0000] {dag.py:3239} INFO - Sync 1 DAGs
[2025-12-24T09:27:44.915+0000] {logging_mixin.py:190} INFO - [2025-12-24T09:27:44.915+0000] {dag.py:4180} INFO - Setting next_dagrun for example_branch_dop_operator_v3 to 2025-12-24 09:26:00+00:00, run_after=2025-12-24 09:27:00+00:00
[2025-12-24T09:27:44.974+0000] {processor.py:208} INFO - Processing /home/airflow/.local/lib/python3.11/site-packages/airflow/example_dags/example_branch_python_dop_operator_3.py took 0.235 seconds
[2025-12-24T09:27:51.871+0000] {processor.py:186} INFO - Started process (PID=975) to work on /home/airflow/.local/lib/python3.11/site-packages/airflow/example_dags/example_branch_python_dop_operator_3.py
[2025-12-24T09:27:51.873+0000] {processor.py:914} INFO - Processing file /home/airflow/.local/lib/python3.11/site-packages/airflow/example_dags/example_branch_python_dop_operator_3.py for tasks to queue
[2025-12-24T09:27:51.879+0000] {logging_mixin.py:190} INFO - [2025-12-24T09:27:51.878+0000] {dagbag.py:588} INFO - Filling up the DagBag from /home/airflow/.local/lib/python3.11/site-packages/airflow/example_dags/example_branch_python_dop_operator_3.py
[2025-12-24T09:27:51.898+0000] {processor.py:925} INFO - DAG(s) 'example_branch_dop_operator_v3' retrieved from /home/airflow/.local/lib/python3.11/site-packages/airflow/example_dags/example_branch_python_dop_operator_3.py
[2025-12-24T09:27:51.935+0000] {logging_mixin.py:190} INFO - [2025-12-24T09:27:51.934+0000] {dag.py:3239} INFO - Sync 1 DAGs
[2025-12-24T09:27:51.979+0000] {logging_mixin.py:190} INFO - [2025-12-24T09:27:51.979+0000] {dag.py:4180} INFO - Setting next_dagrun for example_branch_dop_operator_v3 to 2025-12-24 09:26:00+00:00, run_after=2025-12-24 09:27:00+00:00
[2025-12-24T09:27:52.031+0000] {processor.py:208} INFO - Processing /home/airflow/.local/lib/python3.11/site-packages/airflow/example_dags/example_branch_python_dop_operator_3.py took 0.171 seconds
[2025-12-24T09:28:01.766+0000] {processor.py:186} INFO - Started process (PID=1041) to work on /home/airflow/.local/lib/python3.11/site-packages/airflow/example_dags/example_branch_python_dop_operator_3.py
[2025-12-24T09:28:01.768+0000] {processor.py:914} INFO - Processing file /home/airflow/.local/lib/python3.11/site-packages/airflow/example_dags/example_branch_python_dop_operator_3.py for tasks to queue
[2025-12-24T09:28:01.772+0000] {logging_mixin.py:190} INFO - [2025-12-24T09:28:01.772+0000] {dagbag.py:588} INFO - Filling up the DagBag from /home/airflow/.local/lib/python3.11/site-packages/airflow/example_dags/example_branch_python_dop_operator_3.py
[2025-12-24T09:28:01.792+0000] {processor.py:925} INFO - DAG(s) 'example_branch_dop_operator_v3' retrieved from /home/airflow/.local/lib/python3.11/site-packages/airflow/example_dags/example_branch_python_dop_operator_3.py
[2025-12-24T09:28:01.831+0000] {logging_mixin.py:190} INFO - [2025-12-24T09:28:01.830+0000] {dag.py:3239} INFO - Sync 1 DAGs
[2025-12-24T09:28:01.875+0000] {logging_mixin.py:190} INFO - [2025-12-24T09:28:01.874+0000] {dag.py:4180} INFO - Setting next_dagrun for example_branch_dop_operator_v3 to 2025-12-24 09:27:00+00:00, run_after=2025-12-24 09:28:00+00:00
[2025-12-24T09:28:01.904+0000] {processor.py:208} INFO - Processing /home/airflow/.local/lib/python3.11/site-packages/airflow/example_dags/example_branch_python_dop_operator_3.py took 0.149 seconds
[2025-12-24T09:28:16.393+0000] {processor.py:186} INFO - Started process (PID=1100) to work on /home/airflow/.local/lib/python3.11/site-packages/airflow/example_dags/example_branch_python_dop_operator_3.py
[2025-12-24T09:28:16.394+0000] {processor.py:914} INFO - Processing file /home/airflow/.local/lib/python3.11/site-packages/airflow/example_dags/example_branch_python_dop_operator_3.py for tasks to queue
[2025-12-24T09:28:16.399+0000] {logging_mixin.py:190} INFO - [2025-12-24T09:28:16.398+0000] {dagbag.py:588} INFO - Filling up the DagBag from /home/airflow/.local/lib/python3.11/site-packages/airflow/example_dags/example_branch_python_dop_operator_3.py
[2025-12-24T09:28:16.415+0000] {processor.py:925} INFO - DAG(s) 'example_branch_dop_operator_v3' retrieved from /home/airflow/.local/lib/python3.11/site-packages/airflow/example_dags/example_branch_python_dop_operator_3.py
[2025-12-24T09:28:16.451+0000] {logging_mixin.py:190} INFO - [2025-12-24T09:28:16.450+0000] {dag.py:3239} INFO - Sync 1 DAGs
[2025-12-24T09:28:16.486+0000] {logging_mixin.py:190} INFO - [2025-12-24T09:28:16.486+0000] {dag.py:4180} INFO - Setting next_dagrun for example_branch_dop_operator_v3 to 2025-12-24 09:27:00+00:00, run_after=2025-12-24 09:28:00+00:00
[2025-12-24T09:28:16.511+0000] {processor.py:208} INFO - Processing /home/airflow/.local/lib/python3.11/site-packages/airflow/example_dags/example_branch_python_dop_operator_3.py took 0.128 seconds
[2025-12-24T09:29:14.357+0000] {processor.py:186} INFO - Started process (PID=1159) to work on /home/airflow/.local/lib/python3.11/site-packages/airflow/example_dags/example_branch_python_dop_operator_3.py
[2025-12-24T09:29:14.360+0000] {processor.py:914} INFO - Processing file /home/airflow/.local/lib/python3.11/site-packages/airflow/example_dags/example_branch_python_dop_operator_3.py for tasks to queue
[2025-12-24T09:29:14.366+0000] {logging_mixin.py:190} INFO - [2025-12-24T09:29:14.365+0000] {dagbag.py:588} INFO - Filling up the DagBag from /home/airflow/.local/lib/python3.11/site-packages/airflow/example_dags/example_branch_python_dop_operator_3.py
[2025-12-24T09:29:14.390+0000] {processor.py:925} INFO - DAG(s) 'example_branch_dop_operator_v3' retrieved from /home/airflow/.local/lib/python3.11/site-packages/airflow/example_dags/example_branch_python_dop_operator_3.py
[2025-12-24T09:29:14.439+0000] {logging_mixin.py:190} INFO - [2025-12-24T09:29:14.438+0000] {dag.py:3239} INFO - Sync 1 DAGs
[2025-12-24T09:29:14.558+0000] {logging_mixin.py:190} INFO - [2025-12-24T09:29:14.558+0000] {dag.py:4180} INFO - Setting next_dagrun for example_branch_dop_operator_v3 to 2025-12-24 09:28:00+00:00, run_after=2025-12-24 09:29:00+00:00
[2025-12-24T09:29:14.663+0000] {processor.py:208} INFO - Processing /home/airflow/.local/lib/python3.11/site-packages/airflow/example_dags/example_branch_python_dop_operator_3.py took 0.319 seconds
