[2025-12-24T09:03:02.205+0000] {processor.py:186} INFO - Started process (PID=108) to work on /home/airflow/.local/lib/python3.11/site-packages/airflow/example_dags/example_dynamic_task_mapping.py
[2025-12-24T09:03:02.208+0000] {processor.py:914} INFO - Processing file /home/airflow/.local/lib/python3.11/site-packages/airflow/example_dags/example_dynamic_task_mapping.py for tasks to queue
[2025-12-24T09:03:02.215+0000] {logging_mixin.py:190} INFO - [2025-12-24T09:03:02.214+0000] {dagbag.py:588} INFO - Filling up the DagBag from /home/airflow/.local/lib/python3.11/site-packages/airflow/example_dags/example_dynamic_task_mapping.py
[2025-12-24T09:03:02.237+0000] {processor.py:925} INFO - DAG(s) 'example_dynamic_task_mapping' retrieved from /home/airflow/.local/lib/python3.11/site-packages/airflow/example_dags/example_dynamic_task_mapping.py
[2025-12-24T09:03:02.460+0000] {logging_mixin.py:190} INFO - [2025-12-24T09:03:02.459+0000] {override.py:1911} INFO - Created Permission View: can edit on DAG:example_dynamic_task_mapping
[2025-12-24T09:03:02.485+0000] {logging_mixin.py:190} INFO - [2025-12-24T09:03:02.484+0000] {override.py:1911} INFO - Created Permission View: can read on DAG:example_dynamic_task_mapping
[2025-12-24T09:03:02.500+0000] {logging_mixin.py:190} INFO - [2025-12-24T09:03:02.500+0000] {override.py:1911} INFO - Created Permission View: can delete on DAG:example_dynamic_task_mapping
[2025-12-24T09:03:02.519+0000] {logging_mixin.py:190} INFO - [2025-12-24T09:03:02.519+0000] {override.py:1911} INFO - Created Permission View: can read on DAG Run:example_dynamic_task_mapping
[2025-12-24T09:03:02.535+0000] {logging_mixin.py:190} INFO - [2025-12-24T09:03:02.534+0000] {override.py:1911} INFO - Created Permission View: can create on DAG Run:example_dynamic_task_mapping
[2025-12-24T09:03:02.553+0000] {logging_mixin.py:190} INFO - [2025-12-24T09:03:02.552+0000] {override.py:1911} INFO - Created Permission View: can delete on DAG Run:example_dynamic_task_mapping
[2025-12-24T09:03:02.570+0000] {logging_mixin.py:190} INFO - [2025-12-24T09:03:02.569+0000] {override.py:1911} INFO - Created Permission View: menu access on DAG Run:example_dynamic_task_mapping
[2025-12-24T09:03:02.595+0000] {logging_mixin.py:190} INFO - [2025-12-24T09:03:02.594+0000] {dag.py:3239} INFO - Sync 1 DAGs
[2025-12-24T09:03:02.622+0000] {logging_mixin.py:190} INFO - [2025-12-24T09:03:02.621+0000] {dag.py:3262} INFO - Creating ORM DAG for example_dynamic_task_mapping
[2025-12-24T09:03:02.624+0000] {logging_mixin.py:190} INFO - [2025-12-24T09:03:02.623+0000] {dag.py:4180} INFO - Setting next_dagrun for example_dynamic_task_mapping to None, run_after=None
[2025-12-24T09:03:02.659+0000] {processor.py:208} INFO - Processing /home/airflow/.local/lib/python3.11/site-packages/airflow/example_dags/example_dynamic_task_mapping.py took 0.467 seconds
[2025-12-24T09:03:14.316+0000] {processor.py:186} INFO - Started process (PID=167) to work on /home/airflow/.local/lib/python3.11/site-packages/airflow/example_dags/example_dynamic_task_mapping.py
[2025-12-24T09:03:14.317+0000] {processor.py:914} INFO - Processing file /home/airflow/.local/lib/python3.11/site-packages/airflow/example_dags/example_dynamic_task_mapping.py for tasks to queue
[2025-12-24T09:03:14.323+0000] {logging_mixin.py:190} INFO - [2025-12-24T09:03:14.323+0000] {dagbag.py:588} INFO - Filling up the DagBag from /home/airflow/.local/lib/python3.11/site-packages/airflow/example_dags/example_dynamic_task_mapping.py
[2025-12-24T09:03:14.349+0000] {processor.py:925} INFO - DAG(s) 'example_dynamic_task_mapping' retrieved from /home/airflow/.local/lib/python3.11/site-packages/airflow/example_dags/example_dynamic_task_mapping.py
[2025-12-24T09:03:14.376+0000] {logging_mixin.py:190} INFO - [2025-12-24T09:03:14.375+0000] {dag.py:3239} INFO - Sync 1 DAGs
[2025-12-24T09:03:14.404+0000] {logging_mixin.py:190} INFO - [2025-12-24T09:03:14.403+0000] {dag.py:4180} INFO - Setting next_dagrun for example_dynamic_task_mapping to None, run_after=None
[2025-12-24T09:03:14.438+0000] {processor.py:208} INFO - Processing /home/airflow/.local/lib/python3.11/site-packages/airflow/example_dags/example_dynamic_task_mapping.py took 0.131 seconds
[2025-12-24T09:04:17.865+0000] {processor.py:186} INFO - Started process (PID=231) to work on /home/airflow/.local/lib/python3.11/site-packages/airflow/example_dags/example_dynamic_task_mapping.py
[2025-12-24T09:04:17.867+0000] {processor.py:914} INFO - Processing file /home/airflow/.local/lib/python3.11/site-packages/airflow/example_dags/example_dynamic_task_mapping.py for tasks to queue
[2025-12-24T09:04:17.872+0000] {logging_mixin.py:190} INFO - [2025-12-24T09:04:17.871+0000] {dagbag.py:588} INFO - Filling up the DagBag from /home/airflow/.local/lib/python3.11/site-packages/airflow/example_dags/example_dynamic_task_mapping.py
[2025-12-24T09:04:17.886+0000] {processor.py:925} INFO - DAG(s) 'example_dynamic_task_mapping' retrieved from /home/airflow/.local/lib/python3.11/site-packages/airflow/example_dags/example_dynamic_task_mapping.py
[2025-12-24T09:04:17.946+0000] {logging_mixin.py:190} INFO - [2025-12-24T09:04:17.945+0000] {dag.py:3239} INFO - Sync 1 DAGs
[2025-12-24T09:04:17.974+0000] {logging_mixin.py:190} INFO - [2025-12-24T09:04:17.974+0000] {dag.py:4180} INFO - Setting next_dagrun for example_dynamic_task_mapping to None, run_after=None
[2025-12-24T09:04:18.010+0000] {processor.py:208} INFO - Processing /home/airflow/.local/lib/python3.11/site-packages/airflow/example_dags/example_dynamic_task_mapping.py took 0.159 seconds
[2025-12-24T09:04:14.831+0000] {processor.py:186} INFO - Started process (PID=303) to work on /home/airflow/.local/lib/python3.11/site-packages/airflow/example_dags/example_dynamic_task_mapping.py
[2025-12-24T09:04:14.833+0000] {processor.py:914} INFO - Processing file /home/airflow/.local/lib/python3.11/site-packages/airflow/example_dags/example_dynamic_task_mapping.py for tasks to queue
[2025-12-24T09:04:14.841+0000] {logging_mixin.py:190} INFO - [2025-12-24T09:04:14.840+0000] {dagbag.py:588} INFO - Filling up the DagBag from /home/airflow/.local/lib/python3.11/site-packages/airflow/example_dags/example_dynamic_task_mapping.py
[2025-12-24T09:04:14.861+0000] {processor.py:925} INFO - DAG(s) 'example_dynamic_task_mapping' retrieved from /home/airflow/.local/lib/python3.11/site-packages/airflow/example_dags/example_dynamic_task_mapping.py
[2025-12-24T09:04:14.901+0000] {logging_mixin.py:190} INFO - [2025-12-24T09:04:14.900+0000] {dag.py:3239} INFO - Sync 1 DAGs
[2025-12-24T09:04:14.927+0000] {logging_mixin.py:190} INFO - [2025-12-24T09:04:14.926+0000] {dag.py:4180} INFO - Setting next_dagrun for example_dynamic_task_mapping to None, run_after=None
[2025-12-24T09:04:14.962+0000] {processor.py:208} INFO - Processing /home/airflow/.local/lib/python3.11/site-packages/airflow/example_dags/example_dynamic_task_mapping.py took 0.144 seconds
[2025-12-24T09:04:45.235+0000] {processor.py:186} INFO - Started process (PID=366) to work on /home/airflow/.local/lib/python3.11/site-packages/airflow/example_dags/example_dynamic_task_mapping.py
[2025-12-24T09:04:45.237+0000] {processor.py:914} INFO - Processing file /home/airflow/.local/lib/python3.11/site-packages/airflow/example_dags/example_dynamic_task_mapping.py for tasks to queue
[2025-12-24T09:04:45.241+0000] {logging_mixin.py:190} INFO - [2025-12-24T09:04:45.240+0000] {dagbag.py:588} INFO - Filling up the DagBag from /home/airflow/.local/lib/python3.11/site-packages/airflow/example_dags/example_dynamic_task_mapping.py
[2025-12-24T09:04:45.264+0000] {processor.py:925} INFO - DAG(s) 'example_dynamic_task_mapping' retrieved from /home/airflow/.local/lib/python3.11/site-packages/airflow/example_dags/example_dynamic_task_mapping.py
[2025-12-24T09:04:45.304+0000] {logging_mixin.py:190} INFO - [2025-12-24T09:04:45.303+0000] {dag.py:3239} INFO - Sync 1 DAGs
[2025-12-24T09:04:45.324+0000] {logging_mixin.py:190} INFO - [2025-12-24T09:04:45.324+0000] {dag.py:4180} INFO - Setting next_dagrun for example_dynamic_task_mapping to None, run_after=None
[2025-12-24T09:04:45.363+0000] {processor.py:208} INFO - Processing /home/airflow/.local/lib/python3.11/site-packages/airflow/example_dags/example_dynamic_task_mapping.py took 0.137 seconds
[2025-12-24T09:04:54.924+0000] {processor.py:186} INFO - Started process (PID=425) to work on /home/airflow/.local/lib/python3.11/site-packages/airflow/example_dags/example_dynamic_task_mapping.py
[2025-12-24T09:04:54.930+0000] {processor.py:914} INFO - Processing file /home/airflow/.local/lib/python3.11/site-packages/airflow/example_dags/example_dynamic_task_mapping.py for tasks to queue
[2025-12-24T09:04:54.934+0000] {logging_mixin.py:190} INFO - [2025-12-24T09:04:54.934+0000] {dagbag.py:588} INFO - Filling up the DagBag from /home/airflow/.local/lib/python3.11/site-packages/airflow/example_dags/example_dynamic_task_mapping.py
[2025-12-24T09:04:54.952+0000] {processor.py:925} INFO - DAG(s) 'example_dynamic_task_mapping' retrieved from /home/airflow/.local/lib/python3.11/site-packages/airflow/example_dags/example_dynamic_task_mapping.py
[2025-12-24T09:04:54.993+0000] {logging_mixin.py:190} INFO - [2025-12-24T09:04:54.993+0000] {dag.py:3239} INFO - Sync 1 DAGs
[2025-12-24T09:04:55.025+0000] {logging_mixin.py:190} INFO - [2025-12-24T09:04:55.024+0000] {dag.py:4180} INFO - Setting next_dagrun for example_dynamic_task_mapping to None, run_after=None
[2025-12-24T09:04:55.071+0000] {processor.py:208} INFO - Processing /home/airflow/.local/lib/python3.11/site-packages/airflow/example_dags/example_dynamic_task_mapping.py took 0.160 seconds
[2025-12-24T09:05:25.440+0000] {processor.py:186} INFO - Started process (PID=490) to work on /home/airflow/.local/lib/python3.11/site-packages/airflow/example_dags/example_dynamic_task_mapping.py
[2025-12-24T09:05:25.442+0000] {processor.py:914} INFO - Processing file /home/airflow/.local/lib/python3.11/site-packages/airflow/example_dags/example_dynamic_task_mapping.py for tasks to queue
[2025-12-24T09:05:25.446+0000] {logging_mixin.py:190} INFO - [2025-12-24T09:05:25.446+0000] {dagbag.py:588} INFO - Filling up the DagBag from /home/airflow/.local/lib/python3.11/site-packages/airflow/example_dags/example_dynamic_task_mapping.py
[2025-12-24T09:05:25.462+0000] {processor.py:925} INFO - DAG(s) 'example_dynamic_task_mapping' retrieved from /home/airflow/.local/lib/python3.11/site-packages/airflow/example_dags/example_dynamic_task_mapping.py
[2025-12-24T09:05:25.500+0000] {logging_mixin.py:190} INFO - [2025-12-24T09:05:25.500+0000] {dag.py:3239} INFO - Sync 1 DAGs
[2025-12-24T09:05:25.519+0000] {logging_mixin.py:190} INFO - [2025-12-24T09:05:25.519+0000] {dag.py:4180} INFO - Setting next_dagrun for example_dynamic_task_mapping to None, run_after=None
[2025-12-24T09:05:25.543+0000] {processor.py:208} INFO - Processing /home/airflow/.local/lib/python3.11/site-packages/airflow/example_dags/example_dynamic_task_mapping.py took 0.114 seconds
[2025-12-24T09:05:29.040+0000] {processor.py:186} INFO - Started process (PID=526) to work on /home/airflow/.local/lib/python3.11/site-packages/airflow/example_dags/example_dynamic_task_mapping.py
[2025-12-24T09:05:29.042+0000] {processor.py:914} INFO - Processing file /home/airflow/.local/lib/python3.11/site-packages/airflow/example_dags/example_dynamic_task_mapping.py for tasks to queue
[2025-12-24T09:05:29.048+0000] {logging_mixin.py:190} INFO - [2025-12-24T09:05:29.047+0000] {dagbag.py:588} INFO - Filling up the DagBag from /home/airflow/.local/lib/python3.11/site-packages/airflow/example_dags/example_dynamic_task_mapping.py
[2025-12-24T09:05:29.065+0000] {processor.py:925} INFO - DAG(s) 'example_dynamic_task_mapping' retrieved from /home/airflow/.local/lib/python3.11/site-packages/airflow/example_dags/example_dynamic_task_mapping.py
[2025-12-24T09:05:29.123+0000] {logging_mixin.py:190} INFO - [2025-12-24T09:05:29.122+0000] {dag.py:3239} INFO - Sync 1 DAGs
[2025-12-24T09:05:29.150+0000] {logging_mixin.py:190} INFO - [2025-12-24T09:05:29.150+0000] {dag.py:4180} INFO - Setting next_dagrun for example_dynamic_task_mapping to None, run_after=None
[2025-12-24T09:05:29.183+0000] {processor.py:208} INFO - Processing /home/airflow/.local/lib/python3.11/site-packages/airflow/example_dags/example_dynamic_task_mapping.py took 0.155 seconds
[2025-12-24T09:05:40.988+0000] {processor.py:186} INFO - Started process (PID=581) to work on /home/airflow/.local/lib/python3.11/site-packages/airflow/example_dags/example_dynamic_task_mapping.py
[2025-12-24T09:05:40.996+0000] {processor.py:914} INFO - Processing file /home/airflow/.local/lib/python3.11/site-packages/airflow/example_dags/example_dynamic_task_mapping.py for tasks to queue
[2025-12-24T09:05:41.004+0000] {logging_mixin.py:190} INFO - [2025-12-24T09:05:41.003+0000] {dagbag.py:588} INFO - Filling up the DagBag from /home/airflow/.local/lib/python3.11/site-packages/airflow/example_dags/example_dynamic_task_mapping.py
[2025-12-24T09:05:41.023+0000] {processor.py:925} INFO - DAG(s) 'example_dynamic_task_mapping' retrieved from /home/airflow/.local/lib/python3.11/site-packages/airflow/example_dags/example_dynamic_task_mapping.py
[2025-12-24T09:05:41.067+0000] {logging_mixin.py:190} INFO - [2025-12-24T09:05:41.066+0000] {dag.py:3239} INFO - Sync 1 DAGs
[2025-12-24T09:05:41.097+0000] {logging_mixin.py:190} INFO - [2025-12-24T09:05:41.096+0000] {dag.py:4180} INFO - Setting next_dagrun for example_dynamic_task_mapping to None, run_after=None
[2025-12-24T09:05:41.148+0000] {processor.py:208} INFO - Processing /home/airflow/.local/lib/python3.11/site-packages/airflow/example_dags/example_dynamic_task_mapping.py took 0.182 seconds
[2025-12-24T09:06:42.895+0000] {processor.py:186} INFO - Started process (PID=642) to work on /home/airflow/.local/lib/python3.11/site-packages/airflow/example_dags/example_dynamic_task_mapping.py
[2025-12-24T09:06:42.897+0000] {processor.py:914} INFO - Processing file /home/airflow/.local/lib/python3.11/site-packages/airflow/example_dags/example_dynamic_task_mapping.py for tasks to queue
[2025-12-24T09:06:42.901+0000] {logging_mixin.py:190} INFO - [2025-12-24T09:06:42.901+0000] {dagbag.py:588} INFO - Filling up the DagBag from /home/airflow/.local/lib/python3.11/site-packages/airflow/example_dags/example_dynamic_task_mapping.py
[2025-12-24T09:06:42.914+0000] {processor.py:925} INFO - DAG(s) 'example_dynamic_task_mapping' retrieved from /home/airflow/.local/lib/python3.11/site-packages/airflow/example_dags/example_dynamic_task_mapping.py
[2025-12-24T09:06:42.946+0000] {logging_mixin.py:190} INFO - [2025-12-24T09:06:42.946+0000] {dag.py:3239} INFO - Sync 1 DAGs
[2025-12-24T09:06:42.968+0000] {logging_mixin.py:190} INFO - [2025-12-24T09:06:42.968+0000] {dag.py:4180} INFO - Setting next_dagrun for example_dynamic_task_mapping to None, run_after=None
[2025-12-24T09:06:43.004+0000] {processor.py:208} INFO - Processing /home/airflow/.local/lib/python3.11/site-packages/airflow/example_dags/example_dynamic_task_mapping.py took 0.122 seconds
[2025-12-24T09:06:45.606+0000] {processor.py:186} INFO - Started process (PID=715) to work on /home/airflow/.local/lib/python3.11/site-packages/airflow/example_dags/example_dynamic_task_mapping.py
[2025-12-24T09:06:45.608+0000] {processor.py:914} INFO - Processing file /home/airflow/.local/lib/python3.11/site-packages/airflow/example_dags/example_dynamic_task_mapping.py for tasks to queue
[2025-12-24T09:06:45.615+0000] {logging_mixin.py:190} INFO - [2025-12-24T09:06:45.614+0000] {dagbag.py:588} INFO - Filling up the DagBag from /home/airflow/.local/lib/python3.11/site-packages/airflow/example_dags/example_dynamic_task_mapping.py
[2025-12-24T09:06:45.638+0000] {processor.py:925} INFO - DAG(s) 'example_dynamic_task_mapping' retrieved from /home/airflow/.local/lib/python3.11/site-packages/airflow/example_dags/example_dynamic_task_mapping.py
[2025-12-24T09:06:45.684+0000] {logging_mixin.py:190} INFO - [2025-12-24T09:06:45.683+0000] {dag.py:3239} INFO - Sync 1 DAGs
[2025-12-24T09:06:45.719+0000] {logging_mixin.py:190} INFO - [2025-12-24T09:06:45.718+0000] {dag.py:4180} INFO - Setting next_dagrun for example_dynamic_task_mapping to None, run_after=None
[2025-12-24T09:06:45.758+0000] {processor.py:208} INFO - Processing /home/airflow/.local/lib/python3.11/site-packages/airflow/example_dags/example_dynamic_task_mapping.py took 0.168 seconds
[2025-12-24T09:07:25.503+0000] {processor.py:186} INFO - Started process (PID=836) to work on /home/airflow/.local/lib/python3.11/site-packages/airflow/example_dags/example_dynamic_task_mapping.py
[2025-12-24T09:07:25.505+0000] {processor.py:914} INFO - Processing file /home/airflow/.local/lib/python3.11/site-packages/airflow/example_dags/example_dynamic_task_mapping.py for tasks to queue
[2025-12-24T09:07:25.508+0000] {logging_mixin.py:190} INFO - [2025-12-24T09:07:25.508+0000] {dagbag.py:588} INFO - Filling up the DagBag from /home/airflow/.local/lib/python3.11/site-packages/airflow/example_dags/example_dynamic_task_mapping.py
[2025-12-24T09:07:25.520+0000] {processor.py:925} INFO - DAG(s) 'example_dynamic_task_mapping' retrieved from /home/airflow/.local/lib/python3.11/site-packages/airflow/example_dags/example_dynamic_task_mapping.py
[2025-12-24T09:07:25.548+0000] {logging_mixin.py:190} INFO - [2025-12-24T09:07:25.548+0000] {dag.py:3239} INFO - Sync 1 DAGs
[2025-12-24T09:07:25.565+0000] {logging_mixin.py:190} INFO - [2025-12-24T09:07:25.565+0000] {dag.py:4180} INFO - Setting next_dagrun for example_dynamic_task_mapping to None, run_after=None
[2025-12-24T09:07:25.642+0000] {processor.py:208} INFO - Processing /home/airflow/.local/lib/python3.11/site-packages/airflow/example_dags/example_dynamic_task_mapping.py took 0.148 seconds
[2025-12-24T09:07:34.929+0000] {processor.py:186} INFO - Started process (PID=893) to work on /home/airflow/.local/lib/python3.11/site-packages/airflow/example_dags/example_dynamic_task_mapping.py
[2025-12-24T09:07:34.930+0000] {processor.py:914} INFO - Processing file /home/airflow/.local/lib/python3.11/site-packages/airflow/example_dags/example_dynamic_task_mapping.py for tasks to queue
[2025-12-24T09:07:34.935+0000] {logging_mixin.py:190} INFO - [2025-12-24T09:07:34.934+0000] {dagbag.py:588} INFO - Filling up the DagBag from /home/airflow/.local/lib/python3.11/site-packages/airflow/example_dags/example_dynamic_task_mapping.py
[2025-12-24T09:07:34.948+0000] {processor.py:925} INFO - DAG(s) 'example_dynamic_task_mapping' retrieved from /home/airflow/.local/lib/python3.11/site-packages/airflow/example_dags/example_dynamic_task_mapping.py
[2025-12-24T09:07:34.990+0000] {logging_mixin.py:190} INFO - [2025-12-24T09:07:34.989+0000] {dag.py:3239} INFO - Sync 1 DAGs
[2025-12-24T09:07:35.008+0000] {logging_mixin.py:190} INFO - [2025-12-24T09:07:35.008+0000] {dag.py:4180} INFO - Setting next_dagrun for example_dynamic_task_mapping to None, run_after=None
[2025-12-24T09:07:35.035+0000] {processor.py:208} INFO - Processing /home/airflow/.local/lib/python3.11/site-packages/airflow/example_dags/example_dynamic_task_mapping.py took 0.116 seconds
[2025-12-24T09:07:44.284+0000] {processor.py:186} INFO - Started process (PID=949) to work on /home/airflow/.local/lib/python3.11/site-packages/airflow/example_dags/example_dynamic_task_mapping.py
[2025-12-24T09:07:44.293+0000] {processor.py:914} INFO - Processing file /home/airflow/.local/lib/python3.11/site-packages/airflow/example_dags/example_dynamic_task_mapping.py for tasks to queue
[2025-12-24T09:07:44.297+0000] {logging_mixin.py:190} INFO - [2025-12-24T09:07:44.296+0000] {dagbag.py:588} INFO - Filling up the DagBag from /home/airflow/.local/lib/python3.11/site-packages/airflow/example_dags/example_dynamic_task_mapping.py
[2025-12-24T09:07:44.311+0000] {processor.py:925} INFO - DAG(s) 'example_dynamic_task_mapping' retrieved from /home/airflow/.local/lib/python3.11/site-packages/airflow/example_dags/example_dynamic_task_mapping.py
[2025-12-24T09:07:44.341+0000] {logging_mixin.py:190} INFO - [2025-12-24T09:07:44.340+0000] {dag.py:3239} INFO - Sync 1 DAGs
[2025-12-24T09:07:44.359+0000] {logging_mixin.py:190} INFO - [2025-12-24T09:07:44.359+0000] {dag.py:4180} INFO - Setting next_dagrun for example_dynamic_task_mapping to None, run_after=None
[2025-12-24T09:07:44.382+0000] {processor.py:208} INFO - Processing /home/airflow/.local/lib/python3.11/site-packages/airflow/example_dags/example_dynamic_task_mapping.py took 0.110 seconds
[2025-12-24T09:08:42.315+0000] {processor.py:186} INFO - Started process (PID=1011) to work on /home/airflow/.local/lib/python3.11/site-packages/airflow/example_dags/example_dynamic_task_mapping.py
[2025-12-24T09:08:42.316+0000] {processor.py:914} INFO - Processing file /home/airflow/.local/lib/python3.11/site-packages/airflow/example_dags/example_dynamic_task_mapping.py for tasks to queue
[2025-12-24T09:08:42.320+0000] {logging_mixin.py:190} INFO - [2025-12-24T09:08:42.319+0000] {dagbag.py:588} INFO - Filling up the DagBag from /home/airflow/.local/lib/python3.11/site-packages/airflow/example_dags/example_dynamic_task_mapping.py
[2025-12-24T09:08:42.334+0000] {processor.py:925} INFO - DAG(s) 'example_dynamic_task_mapping' retrieved from /home/airflow/.local/lib/python3.11/site-packages/airflow/example_dags/example_dynamic_task_mapping.py
[2025-12-24T09:08:42.366+0000] {logging_mixin.py:190} INFO - [2025-12-24T09:08:42.365+0000] {dag.py:3239} INFO - Sync 1 DAGs
[2025-12-24T09:08:42.384+0000] {logging_mixin.py:190} INFO - [2025-12-24T09:08:42.383+0000] {dag.py:4180} INFO - Setting next_dagrun for example_dynamic_task_mapping to None, run_after=None
[2025-12-24T09:08:42.408+0000] {processor.py:208} INFO - Processing /home/airflow/.local/lib/python3.11/site-packages/airflow/example_dags/example_dynamic_task_mapping.py took 0.102 seconds
[2025-12-24T09:09:21.737+0000] {processor.py:186} INFO - Started process (PID=1078) to work on /home/airflow/.local/lib/python3.11/site-packages/airflow/example_dags/example_dynamic_task_mapping.py
[2025-12-24T09:09:21.738+0000] {processor.py:914} INFO - Processing file /home/airflow/.local/lib/python3.11/site-packages/airflow/example_dags/example_dynamic_task_mapping.py for tasks to queue
[2025-12-24T09:09:21.742+0000] {logging_mixin.py:190} INFO - [2025-12-24T09:09:21.741+0000] {dagbag.py:588} INFO - Filling up the DagBag from /home/airflow/.local/lib/python3.11/site-packages/airflow/example_dags/example_dynamic_task_mapping.py
[2025-12-24T09:09:21.754+0000] {processor.py:925} INFO - DAG(s) 'example_dynamic_task_mapping' retrieved from /home/airflow/.local/lib/python3.11/site-packages/airflow/example_dags/example_dynamic_task_mapping.py
[2025-12-24T09:09:21.783+0000] {logging_mixin.py:190} INFO - [2025-12-24T09:09:21.782+0000] {dag.py:3239} INFO - Sync 1 DAGs
[2025-12-24T09:09:21.801+0000] {logging_mixin.py:190} INFO - [2025-12-24T09:09:21.801+0000] {dag.py:4180} INFO - Setting next_dagrun for example_dynamic_task_mapping to None, run_after=None
[2025-12-24T09:09:21.843+0000] {processor.py:208} INFO - Processing /home/airflow/.local/lib/python3.11/site-packages/airflow/example_dags/example_dynamic_task_mapping.py took 0.116 seconds
[2025-12-24T09:09:20.276+0000] {processor.py:186} INFO - Started process (PID=1158) to work on /home/airflow/.local/lib/python3.11/site-packages/airflow/example_dags/example_dynamic_task_mapping.py
[2025-12-24T09:09:20.277+0000] {processor.py:914} INFO - Processing file /home/airflow/.local/lib/python3.11/site-packages/airflow/example_dags/example_dynamic_task_mapping.py for tasks to queue
[2025-12-24T09:09:20.281+0000] {logging_mixin.py:190} INFO - [2025-12-24T09:09:20.281+0000] {dagbag.py:588} INFO - Filling up the DagBag from /home/airflow/.local/lib/python3.11/site-packages/airflow/example_dags/example_dynamic_task_mapping.py
[2025-12-24T09:09:20.294+0000] {processor.py:925} INFO - DAG(s) 'example_dynamic_task_mapping' retrieved from /home/airflow/.local/lib/python3.11/site-packages/airflow/example_dags/example_dynamic_task_mapping.py
[2025-12-24T09:09:20.326+0000] {logging_mixin.py:190} INFO - [2025-12-24T09:09:20.326+0000] {dag.py:3239} INFO - Sync 1 DAGs
[2025-12-24T09:09:20.344+0000] {logging_mixin.py:190} INFO - [2025-12-24T09:09:20.344+0000] {dag.py:4180} INFO - Setting next_dagrun for example_dynamic_task_mapping to None, run_after=None
[2025-12-24T09:09:20.369+0000] {processor.py:208} INFO - Processing /home/airflow/.local/lib/python3.11/site-packages/airflow/example_dags/example_dynamic_task_mapping.py took 0.105 seconds
[2025-12-24T09:10:27.226+0000] {processor.py:186} INFO - Started process (PID=1218) to work on /home/airflow/.local/lib/python3.11/site-packages/airflow/example_dags/example_dynamic_task_mapping.py
[2025-12-24T09:10:27.228+0000] {processor.py:914} INFO - Processing file /home/airflow/.local/lib/python3.11/site-packages/airflow/example_dags/example_dynamic_task_mapping.py for tasks to queue
[2025-12-24T09:10:27.231+0000] {logging_mixin.py:190} INFO - [2025-12-24T09:10:27.231+0000] {dagbag.py:588} INFO - Filling up the DagBag from /home/airflow/.local/lib/python3.11/site-packages/airflow/example_dags/example_dynamic_task_mapping.py
[2025-12-24T09:10:27.243+0000] {processor.py:925} INFO - DAG(s) 'example_dynamic_task_mapping' retrieved from /home/airflow/.local/lib/python3.11/site-packages/airflow/example_dags/example_dynamic_task_mapping.py
[2025-12-24T09:10:27.285+0000] {logging_mixin.py:190} INFO - [2025-12-24T09:10:27.284+0000] {dag.py:3239} INFO - Sync 1 DAGs
[2025-12-24T09:10:27.304+0000] {logging_mixin.py:190} INFO - [2025-12-24T09:10:27.303+0000] {dag.py:4180} INFO - Setting next_dagrun for example_dynamic_task_mapping to None, run_after=None
[2025-12-24T09:10:27.328+0000] {processor.py:208} INFO - Processing /home/airflow/.local/lib/python3.11/site-packages/airflow/example_dags/example_dynamic_task_mapping.py took 0.111 seconds
[2025-12-24T09:10:20.601+0000] {processor.py:186} INFO - Started process (PID=1290) to work on /home/airflow/.local/lib/python3.11/site-packages/airflow/example_dags/example_dynamic_task_mapping.py
[2025-12-24T09:10:20.618+0000] {processor.py:914} INFO - Processing file /home/airflow/.local/lib/python3.11/site-packages/airflow/example_dags/example_dynamic_task_mapping.py for tasks to queue
[2025-12-24T09:10:20.639+0000] {logging_mixin.py:190} INFO - [2025-12-24T09:10:20.638+0000] {dagbag.py:588} INFO - Filling up the DagBag from /home/airflow/.local/lib/python3.11/site-packages/airflow/example_dags/example_dynamic_task_mapping.py
[2025-12-24T09:10:20.663+0000] {processor.py:925} INFO - DAG(s) 'example_dynamic_task_mapping' retrieved from /home/airflow/.local/lib/python3.11/site-packages/airflow/example_dags/example_dynamic_task_mapping.py
[2025-12-24T09:10:20.717+0000] {logging_mixin.py:190} INFO - [2025-12-24T09:10:20.717+0000] {dag.py:3239} INFO - Sync 1 DAGs
[2025-12-24T09:10:20.743+0000] {logging_mixin.py:190} INFO - [2025-12-24T09:10:20.742+0000] {dag.py:4180} INFO - Setting next_dagrun for example_dynamic_task_mapping to None, run_after=None
[2025-12-24T09:10:20.774+0000] {processor.py:208} INFO - Processing /home/airflow/.local/lib/python3.11/site-packages/airflow/example_dags/example_dynamic_task_mapping.py took 0.198 seconds
[2025-12-24T09:10:50.133+0000] {processor.py:186} INFO - Started process (PID=1339) to work on /home/airflow/.local/lib/python3.11/site-packages/airflow/example_dags/example_dynamic_task_mapping.py
[2025-12-24T09:10:50.134+0000] {processor.py:914} INFO - Processing file /home/airflow/.local/lib/python3.11/site-packages/airflow/example_dags/example_dynamic_task_mapping.py for tasks to queue
[2025-12-24T09:10:50.138+0000] {logging_mixin.py:190} INFO - [2025-12-24T09:10:50.138+0000] {dagbag.py:588} INFO - Filling up the DagBag from /home/airflow/.local/lib/python3.11/site-packages/airflow/example_dags/example_dynamic_task_mapping.py
[2025-12-24T09:10:50.156+0000] {processor.py:925} INFO - DAG(s) 'example_dynamic_task_mapping' retrieved from /home/airflow/.local/lib/python3.11/site-packages/airflow/example_dags/example_dynamic_task_mapping.py
[2025-12-24T09:10:50.191+0000] {logging_mixin.py:190} INFO - [2025-12-24T09:10:50.190+0000] {dag.py:3239} INFO - Sync 1 DAGs
[2025-12-24T09:10:50.208+0000] {logging_mixin.py:190} INFO - [2025-12-24T09:10:50.208+0000] {dag.py:4180} INFO - Setting next_dagrun for example_dynamic_task_mapping to None, run_after=None
[2025-12-24T09:10:50.234+0000] {processor.py:208} INFO - Processing /home/airflow/.local/lib/python3.11/site-packages/airflow/example_dags/example_dynamic_task_mapping.py took 0.111 seconds
[2025-12-24T09:11:00.251+0000] {processor.py:186} INFO - Started process (PID=1396) to work on /home/airflow/.local/lib/python3.11/site-packages/airflow/example_dags/example_dynamic_task_mapping.py
[2025-12-24T09:11:00.253+0000] {processor.py:914} INFO - Processing file /home/airflow/.local/lib/python3.11/site-packages/airflow/example_dags/example_dynamic_task_mapping.py for tasks to queue
[2025-12-24T09:11:00.258+0000] {logging_mixin.py:190} INFO - [2025-12-24T09:11:00.257+0000] {dagbag.py:588} INFO - Filling up the DagBag from /home/airflow/.local/lib/python3.11/site-packages/airflow/example_dags/example_dynamic_task_mapping.py
[2025-12-24T09:11:00.277+0000] {processor.py:925} INFO - DAG(s) 'example_dynamic_task_mapping' retrieved from /home/airflow/.local/lib/python3.11/site-packages/airflow/example_dags/example_dynamic_task_mapping.py
[2025-12-24T09:11:00.315+0000] {logging_mixin.py:190} INFO - [2025-12-24T09:11:00.315+0000] {dag.py:3239} INFO - Sync 1 DAGs
[2025-12-24T09:11:00.339+0000] {logging_mixin.py:190} INFO - [2025-12-24T09:11:00.338+0000] {dag.py:4180} INFO - Setting next_dagrun for example_dynamic_task_mapping to None, run_after=None
[2025-12-24T09:11:00.368+0000] {processor.py:208} INFO - Processing /home/airflow/.local/lib/python3.11/site-packages/airflow/example_dags/example_dynamic_task_mapping.py took 0.128 seconds
[2025-12-24T09:11:31.608+0000] {processor.py:186} INFO - Started process (PID=1459) to work on /home/airflow/.local/lib/python3.11/site-packages/airflow/example_dags/example_dynamic_task_mapping.py
[2025-12-24T09:11:31.609+0000] {processor.py:914} INFO - Processing file /home/airflow/.local/lib/python3.11/site-packages/airflow/example_dags/example_dynamic_task_mapping.py for tasks to queue
[2025-12-24T09:11:31.613+0000] {logging_mixin.py:190} INFO - [2025-12-24T09:11:31.612+0000] {dagbag.py:588} INFO - Filling up the DagBag from /home/airflow/.local/lib/python3.11/site-packages/airflow/example_dags/example_dynamic_task_mapping.py
[2025-12-24T09:11:31.625+0000] {processor.py:925} INFO - DAG(s) 'example_dynamic_task_mapping' retrieved from /home/airflow/.local/lib/python3.11/site-packages/airflow/example_dags/example_dynamic_task_mapping.py
[2025-12-24T09:11:31.657+0000] {logging_mixin.py:190} INFO - [2025-12-24T09:11:31.657+0000] {dag.py:3239} INFO - Sync 1 DAGs
[2025-12-24T09:11:31.676+0000] {logging_mixin.py:190} INFO - [2025-12-24T09:11:31.675+0000] {dag.py:4180} INFO - Setting next_dagrun for example_dynamic_task_mapping to None, run_after=None
[2025-12-24T09:11:31.700+0000] {processor.py:208} INFO - Processing /home/airflow/.local/lib/python3.11/site-packages/airflow/example_dags/example_dynamic_task_mapping.py took 0.101 seconds
[2025-12-24T09:12:32.674+0000] {processor.py:186} INFO - Started process (PID=1520) to work on /home/airflow/.local/lib/python3.11/site-packages/airflow/example_dags/example_dynamic_task_mapping.py
[2025-12-24T09:12:32.675+0000] {processor.py:914} INFO - Processing file /home/airflow/.local/lib/python3.11/site-packages/airflow/example_dags/example_dynamic_task_mapping.py for tasks to queue
[2025-12-24T09:12:32.680+0000] {logging_mixin.py:190} INFO - [2025-12-24T09:12:32.680+0000] {dagbag.py:588} INFO - Filling up the DagBag from /home/airflow/.local/lib/python3.11/site-packages/airflow/example_dags/example_dynamic_task_mapping.py
[2025-12-24T09:12:32.692+0000] {processor.py:925} INFO - DAG(s) 'example_dynamic_task_mapping' retrieved from /home/airflow/.local/lib/python3.11/site-packages/airflow/example_dags/example_dynamic_task_mapping.py
[2025-12-24T09:12:32.720+0000] {logging_mixin.py:190} INFO - [2025-12-24T09:12:32.719+0000] {dag.py:3239} INFO - Sync 1 DAGs
[2025-12-24T09:12:32.737+0000] {logging_mixin.py:190} INFO - [2025-12-24T09:12:32.737+0000] {dag.py:4180} INFO - Setting next_dagrun for example_dynamic_task_mapping to None, run_after=None
[2025-12-24T09:12:32.761+0000] {processor.py:208} INFO - Processing /home/airflow/.local/lib/python3.11/site-packages/airflow/example_dags/example_dynamic_task_mapping.py took 0.097 seconds
[2025-12-24T09:12:44.641+0000] {processor.py:186} INFO - Started process (PID=1586) to work on /home/airflow/.local/lib/python3.11/site-packages/airflow/example_dags/example_dynamic_task_mapping.py
[2025-12-24T09:12:44.643+0000] {processor.py:914} INFO - Processing file /home/airflow/.local/lib/python3.11/site-packages/airflow/example_dags/example_dynamic_task_mapping.py for tasks to queue
[2025-12-24T09:12:44.646+0000] {logging_mixin.py:190} INFO - [2025-12-24T09:12:44.646+0000] {dagbag.py:588} INFO - Filling up the DagBag from /home/airflow/.local/lib/python3.11/site-packages/airflow/example_dags/example_dynamic_task_mapping.py
[2025-12-24T09:12:44.659+0000] {processor.py:925} INFO - DAG(s) 'example_dynamic_task_mapping' retrieved from /home/airflow/.local/lib/python3.11/site-packages/airflow/example_dags/example_dynamic_task_mapping.py
[2025-12-24T09:12:44.688+0000] {logging_mixin.py:190} INFO - [2025-12-24T09:12:44.687+0000] {dag.py:3239} INFO - Sync 1 DAGs
[2025-12-24T09:12:44.706+0000] {logging_mixin.py:190} INFO - [2025-12-24T09:12:44.706+0000] {dag.py:4180} INFO - Setting next_dagrun for example_dynamic_task_mapping to None, run_after=None
[2025-12-24T09:12:44.738+0000] {processor.py:208} INFO - Processing /home/airflow/.local/lib/python3.11/site-packages/airflow/example_dags/example_dynamic_task_mapping.py took 0.106 seconds
[2025-12-24T09:13:33.783+0000] {processor.py:186} INFO - Started process (PID=1653) to work on /home/airflow/.local/lib/python3.11/site-packages/airflow/example_dags/example_dynamic_task_mapping.py
[2025-12-24T09:13:33.785+0000] {processor.py:914} INFO - Processing file /home/airflow/.local/lib/python3.11/site-packages/airflow/example_dags/example_dynamic_task_mapping.py for tasks to queue
[2025-12-24T09:13:33.789+0000] {logging_mixin.py:190} INFO - [2025-12-24T09:13:33.788+0000] {dagbag.py:588} INFO - Filling up the DagBag from /home/airflow/.local/lib/python3.11/site-packages/airflow/example_dags/example_dynamic_task_mapping.py
[2025-12-24T09:13:33.802+0000] {processor.py:925} INFO - DAG(s) 'example_dynamic_task_mapping' retrieved from /home/airflow/.local/lib/python3.11/site-packages/airflow/example_dags/example_dynamic_task_mapping.py
[2025-12-24T09:13:33.834+0000] {logging_mixin.py:190} INFO - [2025-12-24T09:13:33.833+0000] {dag.py:3239} INFO - Sync 1 DAGs
[2025-12-24T09:13:33.853+0000] {logging_mixin.py:190} INFO - [2025-12-24T09:13:33.853+0000] {dag.py:4180} INFO - Setting next_dagrun for example_dynamic_task_mapping to None, run_after=None
[2025-12-24T09:13:33.880+0000] {processor.py:208} INFO - Processing /home/airflow/.local/lib/python3.11/site-packages/airflow/example_dags/example_dynamic_task_mapping.py took 0.106 seconds
[2025-12-24T09:14:28.079+0000] {processor.py:186} INFO - Started process (PID=1703) to work on /home/airflow/.local/lib/python3.11/site-packages/airflow/example_dags/example_dynamic_task_mapping.py
[2025-12-24T09:14:28.081+0000] {processor.py:914} INFO - Processing file /home/airflow/.local/lib/python3.11/site-packages/airflow/example_dags/example_dynamic_task_mapping.py for tasks to queue
[2025-12-24T09:14:28.086+0000] {logging_mixin.py:190} INFO - [2025-12-24T09:14:28.085+0000] {dagbag.py:588} INFO - Filling up the DagBag from /home/airflow/.local/lib/python3.11/site-packages/airflow/example_dags/example_dynamic_task_mapping.py
[2025-12-24T09:14:28.106+0000] {processor.py:925} INFO - DAG(s) 'example_dynamic_task_mapping' retrieved from /home/airflow/.local/lib/python3.11/site-packages/airflow/example_dags/example_dynamic_task_mapping.py
[2025-12-24T09:14:28.153+0000] {logging_mixin.py:190} INFO - [2025-12-24T09:14:28.152+0000] {dag.py:3239} INFO - Sync 1 DAGs
[2025-12-24T09:14:28.178+0000] {logging_mixin.py:190} INFO - [2025-12-24T09:14:28.178+0000] {dag.py:4180} INFO - Setting next_dagrun for example_dynamic_task_mapping to None, run_after=None
[2025-12-24T09:14:28.208+0000] {processor.py:208} INFO - Processing /home/airflow/.local/lib/python3.11/site-packages/airflow/example_dags/example_dynamic_task_mapping.py took 0.141 seconds
[2025-12-24T09:14:40.109+0000] {processor.py:186} INFO - Started process (PID=1775) to work on /home/airflow/.local/lib/python3.11/site-packages/airflow/example_dags/example_dynamic_task_mapping.py
[2025-12-24T09:14:40.110+0000] {processor.py:914} INFO - Processing file /home/airflow/.local/lib/python3.11/site-packages/airflow/example_dags/example_dynamic_task_mapping.py for tasks to queue
[2025-12-24T09:14:40.114+0000] {logging_mixin.py:190} INFO - [2025-12-24T09:14:40.114+0000] {dagbag.py:588} INFO - Filling up the DagBag from /home/airflow/.local/lib/python3.11/site-packages/airflow/example_dags/example_dynamic_task_mapping.py
[2025-12-24T09:14:40.126+0000] {processor.py:925} INFO - DAG(s) 'example_dynamic_task_mapping' retrieved from /home/airflow/.local/lib/python3.11/site-packages/airflow/example_dags/example_dynamic_task_mapping.py
[2025-12-24T09:14:40.154+0000] {logging_mixin.py:190} INFO - [2025-12-24T09:14:40.154+0000] {dag.py:3239} INFO - Sync 1 DAGs
[2025-12-24T09:14:40.172+0000] {logging_mixin.py:190} INFO - [2025-12-24T09:14:40.171+0000] {dag.py:4180} INFO - Setting next_dagrun for example_dynamic_task_mapping to None, run_after=None
[2025-12-24T09:14:40.196+0000] {processor.py:208} INFO - Processing /home/airflow/.local/lib/python3.11/site-packages/airflow/example_dags/example_dynamic_task_mapping.py took 0.096 seconds
[2025-12-24T09:15:53.777+0000] {processor.py:186} INFO - Started process (PID=1839) to work on /home/airflow/.local/lib/python3.11/site-packages/airflow/example_dags/example_dynamic_task_mapping.py
[2025-12-24T09:15:53.778+0000] {processor.py:914} INFO - Processing file /home/airflow/.local/lib/python3.11/site-packages/airflow/example_dags/example_dynamic_task_mapping.py for tasks to queue
[2025-12-24T09:15:53.782+0000] {logging_mixin.py:190} INFO - [2025-12-24T09:15:53.782+0000] {dagbag.py:588} INFO - Filling up the DagBag from /home/airflow/.local/lib/python3.11/site-packages/airflow/example_dags/example_dynamic_task_mapping.py
[2025-12-24T09:15:53.794+0000] {processor.py:925} INFO - DAG(s) 'example_dynamic_task_mapping' retrieved from /home/airflow/.local/lib/python3.11/site-packages/airflow/example_dags/example_dynamic_task_mapping.py
[2025-12-24T09:15:53.826+0000] {logging_mixin.py:190} INFO - [2025-12-24T09:15:53.825+0000] {dag.py:3239} INFO - Sync 1 DAGs
[2025-12-24T09:15:53.844+0000] {logging_mixin.py:190} INFO - [2025-12-24T09:15:53.844+0000] {dag.py:4180} INFO - Setting next_dagrun for example_dynamic_task_mapping to None, run_after=None
[2025-12-24T09:15:53.870+0000] {processor.py:208} INFO - Processing /home/airflow/.local/lib/python3.11/site-packages/airflow/example_dags/example_dynamic_task_mapping.py took 0.102 seconds
[2025-12-24T09:16:41.986+0000] {processor.py:186} INFO - Started process (PID=1963) to work on /home/airflow/.local/lib/python3.11/site-packages/airflow/example_dags/example_dynamic_task_mapping.py
[2025-12-24T09:16:41.988+0000] {processor.py:914} INFO - Processing file /home/airflow/.local/lib/python3.11/site-packages/airflow/example_dags/example_dynamic_task_mapping.py for tasks to queue
[2025-12-24T09:16:41.992+0000] {logging_mixin.py:190} INFO - [2025-12-24T09:16:41.991+0000] {dagbag.py:588} INFO - Filling up the DagBag from /home/airflow/.local/lib/python3.11/site-packages/airflow/example_dags/example_dynamic_task_mapping.py
[2025-12-24T09:16:42.006+0000] {processor.py:925} INFO - DAG(s) 'example_dynamic_task_mapping' retrieved from /home/airflow/.local/lib/python3.11/site-packages/airflow/example_dags/example_dynamic_task_mapping.py
[2025-12-24T09:16:42.060+0000] {logging_mixin.py:190} INFO - [2025-12-24T09:16:42.059+0000] {dag.py:3239} INFO - Sync 1 DAGs
[2025-12-24T09:16:42.089+0000] {logging_mixin.py:190} INFO - [2025-12-24T09:16:42.089+0000] {dag.py:4180} INFO - Setting next_dagrun for example_dynamic_task_mapping to None, run_after=None
[2025-12-24T09:16:42.136+0000] {processor.py:208} INFO - Processing /home/airflow/.local/lib/python3.11/site-packages/airflow/example_dags/example_dynamic_task_mapping.py took 0.168 seconds
[2025-12-24T09:24:22.431+0000] {processor.py:186} INFO - Started process (PID=114) to work on /home/airflow/.local/lib/python3.11/site-packages/airflow/example_dags/example_dynamic_task_mapping.py
[2025-12-24T09:24:22.434+0000] {processor.py:914} INFO - Processing file /home/airflow/.local/lib/python3.11/site-packages/airflow/example_dags/example_dynamic_task_mapping.py for tasks to queue
[2025-12-24T09:24:22.439+0000] {logging_mixin.py:190} INFO - [2025-12-24T09:24:22.439+0000] {dagbag.py:588} INFO - Filling up the DagBag from /home/airflow/.local/lib/python3.11/site-packages/airflow/example_dags/example_dynamic_task_mapping.py
[2025-12-24T09:24:22.459+0000] {processor.py:925} INFO - DAG(s) 'example_dynamic_task_mapping' retrieved from /home/airflow/.local/lib/python3.11/site-packages/airflow/example_dags/example_dynamic_task_mapping.py
[2025-12-24T09:24:22.728+0000] {logging_mixin.py:190} INFO - [2025-12-24T09:24:22.726+0000] {override.py:1911} INFO - Created Permission View: can delete on DAG:example_dynamic_task_mapping
[2025-12-24T09:24:22.771+0000] {logging_mixin.py:190} INFO - [2025-12-24T09:24:22.770+0000] {override.py:1911} INFO - Created Permission View: can read on DAG:example_dynamic_task_mapping
[2025-12-24T09:24:22.792+0000] {logging_mixin.py:190} INFO - [2025-12-24T09:24:22.792+0000] {override.py:1911} INFO - Created Permission View: can edit on DAG:example_dynamic_task_mapping
[2025-12-24T09:24:22.844+0000] {logging_mixin.py:190} INFO - [2025-12-24T09:24:22.843+0000] {override.py:1911} INFO - Created Permission View: menu access on DAG Run:example_dynamic_task_mapping
[2025-12-24T09:24:22.874+0000] {logging_mixin.py:190} INFO - [2025-12-24T09:24:22.874+0000] {override.py:1911} INFO - Created Permission View: can create on DAG Run:example_dynamic_task_mapping
[2025-12-24T09:24:22.899+0000] {logging_mixin.py:190} INFO - [2025-12-24T09:24:22.898+0000] {override.py:1911} INFO - Created Permission View: can delete on DAG Run:example_dynamic_task_mapping
[2025-12-24T09:24:22.943+0000] {logging_mixin.py:190} INFO - [2025-12-24T09:24:22.942+0000] {override.py:1911} INFO - Created Permission View: can read on DAG Run:example_dynamic_task_mapping
[2025-12-24T09:24:22.944+0000] {logging_mixin.py:190} INFO - [2025-12-24T09:24:22.944+0000] {dag.py:3239} INFO - Sync 1 DAGs
[2025-12-24T09:24:22.966+0000] {logging_mixin.py:190} INFO - [2025-12-24T09:24:22.965+0000] {dag.py:3262} INFO - Creating ORM DAG for example_dynamic_task_mapping
[2025-12-24T09:24:22.968+0000] {logging_mixin.py:190} INFO - [2025-12-24T09:24:22.967+0000] {dag.py:4180} INFO - Setting next_dagrun for example_dynamic_task_mapping to None, run_after=None
[2025-12-24T09:24:23.004+0000] {processor.py:208} INFO - Processing /home/airflow/.local/lib/python3.11/site-packages/airflow/example_dags/example_dynamic_task_mapping.py took 0.585 seconds
[2025-12-24T09:24:15.953+0000] {processor.py:186} INFO - Started process (PID=246) to work on /home/airflow/.local/lib/python3.11/site-packages/airflow/example_dags/example_dynamic_task_mapping.py
[2025-12-24T09:24:15.957+0000] {processor.py:914} INFO - Processing file /home/airflow/.local/lib/python3.11/site-packages/airflow/example_dags/example_dynamic_task_mapping.py for tasks to queue
[2025-12-24T09:24:15.962+0000] {logging_mixin.py:190} INFO - [2025-12-24T09:24:15.962+0000] {dagbag.py:588} INFO - Filling up the DagBag from /home/airflow/.local/lib/python3.11/site-packages/airflow/example_dags/example_dynamic_task_mapping.py
[2025-12-24T09:24:15.988+0000] {processor.py:925} INFO - DAG(s) 'example_dynamic_task_mapping' retrieved from /home/airflow/.local/lib/python3.11/site-packages/airflow/example_dags/example_dynamic_task_mapping.py
[2025-12-24T09:24:16.019+0000] {logging_mixin.py:190} INFO - [2025-12-24T09:24:16.018+0000] {dag.py:3239} INFO - Sync 1 DAGs
[2025-12-24T09:24:16.048+0000] {logging_mixin.py:190} INFO - [2025-12-24T09:24:16.048+0000] {dag.py:4180} INFO - Setting next_dagrun for example_dynamic_task_mapping to None, run_after=None
[2025-12-24T09:24:16.091+0000] {processor.py:208} INFO - Processing /home/airflow/.local/lib/python3.11/site-packages/airflow/example_dags/example_dynamic_task_mapping.py took 0.154 seconds
[2025-12-24T09:24:45.055+0000] {processor.py:186} INFO - Started process (PID=305) to work on /home/airflow/.local/lib/python3.11/site-packages/airflow/example_dags/example_dynamic_task_mapping.py
[2025-12-24T09:24:45.057+0000] {processor.py:914} INFO - Processing file /home/airflow/.local/lib/python3.11/site-packages/airflow/example_dags/example_dynamic_task_mapping.py for tasks to queue
[2025-12-24T09:24:45.062+0000] {logging_mixin.py:190} INFO - [2025-12-24T09:24:45.062+0000] {dagbag.py:588} INFO - Filling up the DagBag from /home/airflow/.local/lib/python3.11/site-packages/airflow/example_dags/example_dynamic_task_mapping.py
[2025-12-24T09:24:45.078+0000] {processor.py:925} INFO - DAG(s) 'example_dynamic_task_mapping' retrieved from /home/airflow/.local/lib/python3.11/site-packages/airflow/example_dags/example_dynamic_task_mapping.py
[2025-12-24T09:24:45.097+0000] {logging_mixin.py:190} INFO - [2025-12-24T09:24:45.097+0000] {dag.py:3239} INFO - Sync 1 DAGs
[2025-12-24T09:24:45.115+0000] {logging_mixin.py:190} INFO - [2025-12-24T09:24:45.115+0000] {dag.py:4180} INFO - Setting next_dagrun for example_dynamic_task_mapping to None, run_after=None
[2025-12-24T09:24:45.140+0000] {processor.py:208} INFO - Processing /home/airflow/.local/lib/python3.11/site-packages/airflow/example_dags/example_dynamic_task_mapping.py took 0.098 seconds
[2025-12-24T09:24:56.440+0000] {processor.py:186} INFO - Started process (PID=361) to work on /home/airflow/.local/lib/python3.11/site-packages/airflow/example_dags/example_dynamic_task_mapping.py
[2025-12-24T09:24:56.442+0000] {processor.py:914} INFO - Processing file /home/airflow/.local/lib/python3.11/site-packages/airflow/example_dags/example_dynamic_task_mapping.py for tasks to queue
[2025-12-24T09:24:56.445+0000] {logging_mixin.py:190} INFO - [2025-12-24T09:24:56.445+0000] {dagbag.py:588} INFO - Filling up the DagBag from /home/airflow/.local/lib/python3.11/site-packages/airflow/example_dags/example_dynamic_task_mapping.py
[2025-12-24T09:24:56.459+0000] {processor.py:925} INFO - DAG(s) 'example_dynamic_task_mapping' retrieved from /home/airflow/.local/lib/python3.11/site-packages/airflow/example_dags/example_dynamic_task_mapping.py
[2025-12-24T09:24:56.492+0000] {logging_mixin.py:190} INFO - [2025-12-24T09:24:56.491+0000] {dag.py:3239} INFO - Sync 1 DAGs
[2025-12-24T09:24:56.512+0000] {logging_mixin.py:190} INFO - [2025-12-24T09:24:56.512+0000] {dag.py:4180} INFO - Setting next_dagrun for example_dynamic_task_mapping to None, run_after=None
[2025-12-24T09:24:56.540+0000] {processor.py:208} INFO - Processing /home/airflow/.local/lib/python3.11/site-packages/airflow/example_dags/example_dynamic_task_mapping.py took 0.110 seconds
[2025-12-24T09:25:15.073+0000] {processor.py:186} INFO - Started process (PID=423) to work on /home/airflow/.local/lib/python3.11/site-packages/airflow/example_dags/example_dynamic_task_mapping.py
[2025-12-24T09:25:15.075+0000] {processor.py:914} INFO - Processing file /home/airflow/.local/lib/python3.11/site-packages/airflow/example_dags/example_dynamic_task_mapping.py for tasks to queue
[2025-12-24T09:25:15.079+0000] {logging_mixin.py:190} INFO - [2025-12-24T09:25:15.078+0000] {dagbag.py:588} INFO - Filling up the DagBag from /home/airflow/.local/lib/python3.11/site-packages/airflow/example_dags/example_dynamic_task_mapping.py
[2025-12-24T09:25:15.093+0000] {processor.py:925} INFO - DAG(s) 'example_dynamic_task_mapping' retrieved from /home/airflow/.local/lib/python3.11/site-packages/airflow/example_dags/example_dynamic_task_mapping.py
[2025-12-24T09:25:15.129+0000] {logging_mixin.py:190} INFO - [2025-12-24T09:25:15.129+0000] {dag.py:3239} INFO - Sync 1 DAGs
[2025-12-24T09:25:15.150+0000] {logging_mixin.py:190} INFO - [2025-12-24T09:25:15.150+0000] {dag.py:4180} INFO - Setting next_dagrun for example_dynamic_task_mapping to None, run_after=None
[2025-12-24T09:25:15.180+0000] {processor.py:208} INFO - Processing /home/airflow/.local/lib/python3.11/site-packages/airflow/example_dags/example_dynamic_task_mapping.py took 0.117 seconds
[2025-12-24T09:25:21.343+0000] {processor.py:186} INFO - Started process (PID=477) to work on /home/airflow/.local/lib/python3.11/site-packages/airflow/example_dags/example_dynamic_task_mapping.py
[2025-12-24T09:25:21.346+0000] {processor.py:914} INFO - Processing file /home/airflow/.local/lib/python3.11/site-packages/airflow/example_dags/example_dynamic_task_mapping.py for tasks to queue
[2025-12-24T09:25:21.350+0000] {logging_mixin.py:190} INFO - [2025-12-24T09:25:21.350+0000] {dagbag.py:588} INFO - Filling up the DagBag from /home/airflow/.local/lib/python3.11/site-packages/airflow/example_dags/example_dynamic_task_mapping.py
[2025-12-24T09:25:21.367+0000] {processor.py:925} INFO - DAG(s) 'example_dynamic_task_mapping' retrieved from /home/airflow/.local/lib/python3.11/site-packages/airflow/example_dags/example_dynamic_task_mapping.py
[2025-12-24T09:25:21.400+0000] {logging_mixin.py:190} INFO - [2025-12-24T09:25:21.399+0000] {dag.py:3239} INFO - Sync 1 DAGs
[2025-12-24T09:25:21.423+0000] {logging_mixin.py:190} INFO - [2025-12-24T09:25:21.423+0000] {dag.py:4180} INFO - Setting next_dagrun for example_dynamic_task_mapping to None, run_after=None
[2025-12-24T09:25:21.454+0000] {processor.py:208} INFO - Processing /home/airflow/.local/lib/python3.11/site-packages/airflow/example_dags/example_dynamic_task_mapping.py took 0.121 seconds
[2025-12-24T09:25:57.521+0000] {processor.py:186} INFO - Started process (PID=566) to work on /home/airflow/.local/lib/python3.11/site-packages/airflow/example_dags/example_dynamic_task_mapping.py
[2025-12-24T09:25:57.531+0000] {processor.py:914} INFO - Processing file /home/airflow/.local/lib/python3.11/site-packages/airflow/example_dags/example_dynamic_task_mapping.py for tasks to queue
[2025-12-24T09:25:57.540+0000] {logging_mixin.py:190} INFO - [2025-12-24T09:25:57.539+0000] {dagbag.py:588} INFO - Filling up the DagBag from /home/airflow/.local/lib/python3.11/site-packages/airflow/example_dags/example_dynamic_task_mapping.py
[2025-12-24T09:25:57.561+0000] {processor.py:925} INFO - DAG(s) 'example_dynamic_task_mapping' retrieved from /home/airflow/.local/lib/python3.11/site-packages/airflow/example_dags/example_dynamic_task_mapping.py
[2025-12-24T09:25:57.606+0000] {logging_mixin.py:190} INFO - [2025-12-24T09:25:57.605+0000] {dag.py:3239} INFO - Sync 1 DAGs
[2025-12-24T09:25:57.634+0000] {logging_mixin.py:190} INFO - [2025-12-24T09:25:57.634+0000] {dag.py:4180} INFO - Setting next_dagrun for example_dynamic_task_mapping to None, run_after=None
[2025-12-24T09:25:57.668+0000] {processor.py:208} INFO - Processing /home/airflow/.local/lib/python3.11/site-packages/airflow/example_dags/example_dynamic_task_mapping.py took 0.172 seconds
[2025-12-24T09:26:06.721+0000] {processor.py:186} INFO - Started process (PID=630) to work on /home/airflow/.local/lib/python3.11/site-packages/airflow/example_dags/example_dynamic_task_mapping.py
[2025-12-24T09:26:06.723+0000] {processor.py:914} INFO - Processing file /home/airflow/.local/lib/python3.11/site-packages/airflow/example_dags/example_dynamic_task_mapping.py for tasks to queue
[2025-12-24T09:26:06.728+0000] {logging_mixin.py:190} INFO - [2025-12-24T09:26:06.728+0000] {dagbag.py:588} INFO - Filling up the DagBag from /home/airflow/.local/lib/python3.11/site-packages/airflow/example_dags/example_dynamic_task_mapping.py
[2025-12-24T09:26:06.747+0000] {processor.py:925} INFO - DAG(s) 'example_dynamic_task_mapping' retrieved from /home/airflow/.local/lib/python3.11/site-packages/airflow/example_dags/example_dynamic_task_mapping.py
[2025-12-24T09:26:06.788+0000] {logging_mixin.py:190} INFO - [2025-12-24T09:26:06.787+0000] {dag.py:3239} INFO - Sync 1 DAGs
[2025-12-24T09:26:06.813+0000] {logging_mixin.py:190} INFO - [2025-12-24T09:26:06.812+0000] {dag.py:4180} INFO - Setting next_dagrun for example_dynamic_task_mapping to None, run_after=None
[2025-12-24T09:26:06.855+0000] {processor.py:208} INFO - Processing /home/airflow/.local/lib/python3.11/site-packages/airflow/example_dags/example_dynamic_task_mapping.py took 0.146 seconds
[2025-12-24T09:26:15.249+0000] {processor.py:186} INFO - Started process (PID=686) to work on /home/airflow/.local/lib/python3.11/site-packages/airflow/example_dags/example_dynamic_task_mapping.py
[2025-12-24T09:26:15.251+0000] {processor.py:914} INFO - Processing file /home/airflow/.local/lib/python3.11/site-packages/airflow/example_dags/example_dynamic_task_mapping.py for tasks to queue
[2025-12-24T09:26:15.255+0000] {logging_mixin.py:190} INFO - [2025-12-24T09:26:15.255+0000] {dagbag.py:588} INFO - Filling up the DagBag from /home/airflow/.local/lib/python3.11/site-packages/airflow/example_dags/example_dynamic_task_mapping.py
[2025-12-24T09:26:15.271+0000] {processor.py:925} INFO - DAG(s) 'example_dynamic_task_mapping' retrieved from /home/airflow/.local/lib/python3.11/site-packages/airflow/example_dags/example_dynamic_task_mapping.py
[2025-12-24T09:26:15.304+0000] {logging_mixin.py:190} INFO - [2025-12-24T09:26:15.304+0000] {dag.py:3239} INFO - Sync 1 DAGs
[2025-12-24T09:26:15.324+0000] {logging_mixin.py:190} INFO - [2025-12-24T09:26:15.324+0000] {dag.py:4180} INFO - Setting next_dagrun for example_dynamic_task_mapping to None, run_after=None
[2025-12-24T09:26:15.350+0000] {processor.py:208} INFO - Processing /home/airflow/.local/lib/python3.11/site-packages/airflow/example_dags/example_dynamic_task_mapping.py took 0.112 seconds
[2025-12-24T09:26:26.147+0000] {processor.py:186} INFO - Started process (PID=738) to work on /home/airflow/.local/lib/python3.11/site-packages/airflow/example_dags/example_dynamic_task_mapping.py
[2025-12-24T09:26:26.149+0000] {processor.py:914} INFO - Processing file /home/airflow/.local/lib/python3.11/site-packages/airflow/example_dags/example_dynamic_task_mapping.py for tasks to queue
[2025-12-24T09:26:26.153+0000] {logging_mixin.py:190} INFO - [2025-12-24T09:26:26.152+0000] {dagbag.py:588} INFO - Filling up the DagBag from /home/airflow/.local/lib/python3.11/site-packages/airflow/example_dags/example_dynamic_task_mapping.py
[2025-12-24T09:26:26.167+0000] {processor.py:925} INFO - DAG(s) 'example_dynamic_task_mapping' retrieved from /home/airflow/.local/lib/python3.11/site-packages/airflow/example_dags/example_dynamic_task_mapping.py
[2025-12-24T09:26:26.203+0000] {logging_mixin.py:190} INFO - [2025-12-24T09:26:26.202+0000] {dag.py:3239} INFO - Sync 1 DAGs
[2025-12-24T09:26:26.223+0000] {logging_mixin.py:190} INFO - [2025-12-24T09:26:26.222+0000] {dag.py:4180} INFO - Setting next_dagrun for example_dynamic_task_mapping to None, run_after=None
[2025-12-24T09:26:26.266+0000] {processor.py:208} INFO - Processing /home/airflow/.local/lib/python3.11/site-packages/airflow/example_dags/example_dynamic_task_mapping.py took 0.132 seconds
[2025-12-24T09:26:36.928+0000] {processor.py:186} INFO - Started process (PID=795) to work on /home/airflow/.local/lib/python3.11/site-packages/airflow/example_dags/example_dynamic_task_mapping.py
[2025-12-24T09:26:36.929+0000] {processor.py:914} INFO - Processing file /home/airflow/.local/lib/python3.11/site-packages/airflow/example_dags/example_dynamic_task_mapping.py for tasks to queue
[2025-12-24T09:26:36.936+0000] {logging_mixin.py:190} INFO - [2025-12-24T09:26:36.935+0000] {dagbag.py:588} INFO - Filling up the DagBag from /home/airflow/.local/lib/python3.11/site-packages/airflow/example_dags/example_dynamic_task_mapping.py
[2025-12-24T09:26:36.954+0000] {processor.py:925} INFO - DAG(s) 'example_dynamic_task_mapping' retrieved from /home/airflow/.local/lib/python3.11/site-packages/airflow/example_dags/example_dynamic_task_mapping.py
[2025-12-24T09:26:36.996+0000] {logging_mixin.py:190} INFO - [2025-12-24T09:26:36.995+0000] {dag.py:3239} INFO - Sync 1 DAGs
[2025-12-24T09:26:37.020+0000] {logging_mixin.py:190} INFO - [2025-12-24T09:26:37.020+0000] {dag.py:4180} INFO - Setting next_dagrun for example_dynamic_task_mapping to None, run_after=None
[2025-12-24T09:26:37.056+0000] {processor.py:208} INFO - Processing /home/airflow/.local/lib/python3.11/site-packages/airflow/example_dags/example_dynamic_task_mapping.py took 0.140 seconds
[2025-12-24T09:26:47.489+0000] {processor.py:186} INFO - Started process (PID=848) to work on /home/airflow/.local/lib/python3.11/site-packages/airflow/example_dags/example_dynamic_task_mapping.py
[2025-12-24T09:26:47.491+0000] {processor.py:914} INFO - Processing file /home/airflow/.local/lib/python3.11/site-packages/airflow/example_dags/example_dynamic_task_mapping.py for tasks to queue
[2025-12-24T09:26:47.495+0000] {logging_mixin.py:190} INFO - [2025-12-24T09:26:47.495+0000] {dagbag.py:588} INFO - Filling up the DagBag from /home/airflow/.local/lib/python3.11/site-packages/airflow/example_dags/example_dynamic_task_mapping.py
[2025-12-24T09:26:47.513+0000] {processor.py:925} INFO - DAG(s) 'example_dynamic_task_mapping' retrieved from /home/airflow/.local/lib/python3.11/site-packages/airflow/example_dags/example_dynamic_task_mapping.py
[2025-12-24T09:26:47.555+0000] {logging_mixin.py:190} INFO - [2025-12-24T09:26:47.554+0000] {dag.py:3239} INFO - Sync 1 DAGs
[2025-12-24T09:26:47.582+0000] {logging_mixin.py:190} INFO - [2025-12-24T09:26:47.582+0000] {dag.py:4180} INFO - Setting next_dagrun for example_dynamic_task_mapping to None, run_after=None
[2025-12-24T09:26:47.617+0000] {processor.py:208} INFO - Processing /home/airflow/.local/lib/python3.11/site-packages/airflow/example_dags/example_dynamic_task_mapping.py took 0.144 seconds
[2025-12-24T09:27:44.937+0000] {processor.py:186} INFO - Started process (PID=910) to work on /home/airflow/.local/lib/python3.11/site-packages/airflow/example_dags/example_dynamic_task_mapping.py
[2025-12-24T09:27:44.939+0000] {processor.py:914} INFO - Processing file /home/airflow/.local/lib/python3.11/site-packages/airflow/example_dags/example_dynamic_task_mapping.py for tasks to queue
[2025-12-24T09:27:44.956+0000] {logging_mixin.py:190} INFO - [2025-12-24T09:27:44.955+0000] {dagbag.py:588} INFO - Filling up the DagBag from /home/airflow/.local/lib/python3.11/site-packages/airflow/example_dags/example_dynamic_task_mapping.py
[2025-12-24T09:27:44.992+0000] {processor.py:925} INFO - DAG(s) 'example_dynamic_task_mapping' retrieved from /home/airflow/.local/lib/python3.11/site-packages/airflow/example_dags/example_dynamic_task_mapping.py
[2025-12-24T09:27:45.053+0000] {logging_mixin.py:190} INFO - [2025-12-24T09:27:45.052+0000] {dag.py:3239} INFO - Sync 1 DAGs
[2025-12-24T09:27:45.085+0000] {logging_mixin.py:190} INFO - [2025-12-24T09:27:45.084+0000] {dag.py:4180} INFO - Setting next_dagrun for example_dynamic_task_mapping to None, run_after=None
[2025-12-24T09:27:45.122+0000] {processor.py:208} INFO - Processing /home/airflow/.local/lib/python3.11/site-packages/airflow/example_dags/example_dynamic_task_mapping.py took 0.197 seconds
[2025-12-24T09:27:51.956+0000] {processor.py:186} INFO - Started process (PID=976) to work on /home/airflow/.local/lib/python3.11/site-packages/airflow/example_dags/example_dynamic_task_mapping.py
[2025-12-24T09:27:51.959+0000] {processor.py:914} INFO - Processing file /home/airflow/.local/lib/python3.11/site-packages/airflow/example_dags/example_dynamic_task_mapping.py for tasks to queue
[2025-12-24T09:27:51.965+0000] {logging_mixin.py:190} INFO - [2025-12-24T09:27:51.964+0000] {dagbag.py:588} INFO - Filling up the DagBag from /home/airflow/.local/lib/python3.11/site-packages/airflow/example_dags/example_dynamic_task_mapping.py
[2025-12-24T09:27:51.985+0000] {processor.py:925} INFO - DAG(s) 'example_dynamic_task_mapping' retrieved from /home/airflow/.local/lib/python3.11/site-packages/airflow/example_dags/example_dynamic_task_mapping.py
[2025-12-24T09:27:52.043+0000] {logging_mixin.py:190} INFO - [2025-12-24T09:27:52.042+0000] {dag.py:3239} INFO - Sync 1 DAGs
[2025-12-24T09:27:52.086+0000] {logging_mixin.py:190} INFO - [2025-12-24T09:27:52.077+0000] {dag.py:4180} INFO - Setting next_dagrun for example_dynamic_task_mapping to None, run_after=None
[2025-12-24T09:27:52.136+0000] {processor.py:208} INFO - Processing /home/airflow/.local/lib/python3.11/site-packages/airflow/example_dags/example_dynamic_task_mapping.py took 0.192 seconds
[2025-12-24T09:28:01.903+0000] {processor.py:186} INFO - Started process (PID=1042) to work on /home/airflow/.local/lib/python3.11/site-packages/airflow/example_dags/example_dynamic_task_mapping.py
[2025-12-24T09:28:01.905+0000] {processor.py:914} INFO - Processing file /home/airflow/.local/lib/python3.11/site-packages/airflow/example_dags/example_dynamic_task_mapping.py for tasks to queue
[2025-12-24T09:28:01.911+0000] {logging_mixin.py:190} INFO - [2025-12-24T09:28:01.909+0000] {dagbag.py:588} INFO - Filling up the DagBag from /home/airflow/.local/lib/python3.11/site-packages/airflow/example_dags/example_dynamic_task_mapping.py
[2025-12-24T09:28:01.934+0000] {processor.py:925} INFO - DAG(s) 'example_dynamic_task_mapping' retrieved from /home/airflow/.local/lib/python3.11/site-packages/airflow/example_dags/example_dynamic_task_mapping.py
[2025-12-24T09:28:01.969+0000] {logging_mixin.py:190} INFO - [2025-12-24T09:28:01.968+0000] {dag.py:3239} INFO - Sync 1 DAGs
[2025-12-24T09:28:01.991+0000] {logging_mixin.py:190} INFO - [2025-12-24T09:28:01.990+0000] {dag.py:4180} INFO - Setting next_dagrun for example_dynamic_task_mapping to None, run_after=None
[2025-12-24T09:28:02.020+0000] {processor.py:208} INFO - Processing /home/airflow/.local/lib/python3.11/site-packages/airflow/example_dags/example_dynamic_task_mapping.py took 0.127 seconds
[2025-12-24T09:28:16.398+0000] {processor.py:186} INFO - Started process (PID=1101) to work on /home/airflow/.local/lib/python3.11/site-packages/airflow/example_dags/example_dynamic_task_mapping.py
[2025-12-24T09:28:16.400+0000] {processor.py:914} INFO - Processing file /home/airflow/.local/lib/python3.11/site-packages/airflow/example_dags/example_dynamic_task_mapping.py for tasks to queue
[2025-12-24T09:28:16.403+0000] {logging_mixin.py:190} INFO - [2025-12-24T09:28:16.403+0000] {dagbag.py:588} INFO - Filling up the DagBag from /home/airflow/.local/lib/python3.11/site-packages/airflow/example_dags/example_dynamic_task_mapping.py
[2025-12-24T09:28:16.415+0000] {processor.py:925} INFO - DAG(s) 'example_dynamic_task_mapping' retrieved from /home/airflow/.local/lib/python3.11/site-packages/airflow/example_dags/example_dynamic_task_mapping.py
[2025-12-24T09:28:16.449+0000] {logging_mixin.py:190} INFO - [2025-12-24T09:28:16.449+0000] {dag.py:3239} INFO - Sync 1 DAGs
[2025-12-24T09:28:16.468+0000] {logging_mixin.py:190} INFO - [2025-12-24T09:28:16.467+0000] {dag.py:4180} INFO - Setting next_dagrun for example_dynamic_task_mapping to None, run_after=None
[2025-12-24T09:28:16.505+0000] {processor.py:208} INFO - Processing /home/airflow/.local/lib/python3.11/site-packages/airflow/example_dags/example_dynamic_task_mapping.py took 0.116 seconds
[2025-12-24T09:29:14.691+0000] {processor.py:186} INFO - Started process (PID=1160) to work on /home/airflow/.local/lib/python3.11/site-packages/airflow/example_dags/example_dynamic_task_mapping.py
[2025-12-24T09:29:14.698+0000] {processor.py:914} INFO - Processing file /home/airflow/.local/lib/python3.11/site-packages/airflow/example_dags/example_dynamic_task_mapping.py for tasks to queue
[2025-12-24T09:29:14.705+0000] {logging_mixin.py:190} INFO - [2025-12-24T09:29:14.704+0000] {dagbag.py:588} INFO - Filling up the DagBag from /home/airflow/.local/lib/python3.11/site-packages/airflow/example_dags/example_dynamic_task_mapping.py
[2025-12-24T09:29:14.743+0000] {processor.py:925} INFO - DAG(s) 'example_dynamic_task_mapping' retrieved from /home/airflow/.local/lib/python3.11/site-packages/airflow/example_dags/example_dynamic_task_mapping.py
[2025-12-24T09:29:14.854+0000] {logging_mixin.py:190} INFO - [2025-12-24T09:29:14.852+0000] {dag.py:3239} INFO - Sync 1 DAGs
[2025-12-24T09:29:14.890+0000] {logging_mixin.py:190} INFO - [2025-12-24T09:29:14.889+0000] {dag.py:4180} INFO - Setting next_dagrun for example_dynamic_task_mapping to None, run_after=None
[2025-12-24T09:29:14.928+0000] {processor.py:208} INFO - Processing /home/airflow/.local/lib/python3.11/site-packages/airflow/example_dags/example_dynamic_task_mapping.py took 0.256 seconds
