[2025-12-24T09:02:54.115+0000] {processor.py:186} INFO - Started process (PID=87) to work on /home/airflow/.local/lib/python3.11/site-packages/airflow/example_dags/example_sensor_decorator.py
[2025-12-24T09:02:54.117+0000] {processor.py:914} INFO - Processing file /home/airflow/.local/lib/python3.11/site-packages/airflow/example_dags/example_sensor_decorator.py for tasks to queue
[2025-12-24T09:02:54.123+0000] {logging_mixin.py:190} INFO - [2025-12-24T09:02:54.122+0000] {dagbag.py:588} INFO - Filling up the DagBag from /home/airflow/.local/lib/python3.11/site-packages/airflow/example_dags/example_sensor_decorator.py
[2025-12-24T09:02:54.143+0000] {processor.py:925} INFO - DAG(s) 'example_sensor_decorator' retrieved from /home/airflow/.local/lib/python3.11/site-packages/airflow/example_dags/example_sensor_decorator.py
[2025-12-24T09:02:54.364+0000] {logging_mixin.py:190} INFO - [2025-12-24T09:02:54.362+0000] {override.py:1911} INFO - Created Permission View: can edit on DAG:example_sensor_decorator
[2025-12-24T09:02:54.388+0000] {logging_mixin.py:190} INFO - [2025-12-24T09:02:54.386+0000] {override.py:1911} INFO - Created Permission View: can read on DAG:example_sensor_decorator
[2025-12-24T09:02:54.408+0000] {logging_mixin.py:190} INFO - [2025-12-24T09:02:54.408+0000] {override.py:1911} INFO - Created Permission View: can delete on DAG:example_sensor_decorator
[2025-12-24T09:02:54.427+0000] {logging_mixin.py:190} INFO - [2025-12-24T09:02:54.427+0000] {override.py:1911} INFO - Created Permission View: can read on DAG Run:example_sensor_decorator
[2025-12-24T09:02:54.441+0000] {logging_mixin.py:190} INFO - [2025-12-24T09:02:54.440+0000] {override.py:1911} INFO - Created Permission View: can create on DAG Run:example_sensor_decorator
[2025-12-24T09:02:54.454+0000] {logging_mixin.py:190} INFO - [2025-12-24T09:02:54.454+0000] {override.py:1911} INFO - Created Permission View: can delete on DAG Run:example_sensor_decorator
[2025-12-24T09:02:54.470+0000] {logging_mixin.py:190} INFO - [2025-12-24T09:02:54.470+0000] {override.py:1911} INFO - Created Permission View: menu access on DAG Run:example_sensor_decorator
[2025-12-24T09:02:54.472+0000] {logging_mixin.py:190} INFO - [2025-12-24T09:02:54.471+0000] {dag.py:3239} INFO - Sync 1 DAGs
[2025-12-24T09:02:54.487+0000] {logging_mixin.py:190} INFO - [2025-12-24T09:02:54.487+0000] {dag.py:3262} INFO - Creating ORM DAG for example_sensor_decorator
[2025-12-24T09:02:54.489+0000] {logging_mixin.py:190} INFO - [2025-12-24T09:02:54.488+0000] {dag.py:4180} INFO - Setting next_dagrun for example_sensor_decorator to None, run_after=None
[2025-12-24T09:02:54.533+0000] {processor.py:208} INFO - Processing /home/airflow/.local/lib/python3.11/site-packages/airflow/example_dags/example_sensor_decorator.py took 0.429 seconds
[2025-12-24T09:03:12.273+0000] {processor.py:186} INFO - Started process (PID=147) to work on /home/airflow/.local/lib/python3.11/site-packages/airflow/example_dags/example_sensor_decorator.py
[2025-12-24T09:03:12.275+0000] {processor.py:914} INFO - Processing file /home/airflow/.local/lib/python3.11/site-packages/airflow/example_dags/example_sensor_decorator.py for tasks to queue
[2025-12-24T09:03:12.280+0000] {logging_mixin.py:190} INFO - [2025-12-24T09:03:12.280+0000] {dagbag.py:588} INFO - Filling up the DagBag from /home/airflow/.local/lib/python3.11/site-packages/airflow/example_dags/example_sensor_decorator.py
[2025-12-24T09:03:12.294+0000] {processor.py:925} INFO - DAG(s) 'example_sensor_decorator' retrieved from /home/airflow/.local/lib/python3.11/site-packages/airflow/example_dags/example_sensor_decorator.py
[2025-12-24T09:03:12.316+0000] {logging_mixin.py:190} INFO - [2025-12-24T09:03:12.316+0000] {dag.py:3239} INFO - Sync 1 DAGs
[2025-12-24T09:03:12.336+0000] {logging_mixin.py:190} INFO - [2025-12-24T09:03:12.336+0000] {dag.py:4180} INFO - Setting next_dagrun for example_sensor_decorator to None, run_after=None
[2025-12-24T09:03:12.361+0000] {processor.py:208} INFO - Processing /home/airflow/.local/lib/python3.11/site-packages/airflow/example_dags/example_sensor_decorator.py took 0.100 seconds
[2025-12-24T09:04:14.877+0000] {processor.py:186} INFO - Started process (PID=210) to work on /home/airflow/.local/lib/python3.11/site-packages/airflow/example_dags/example_sensor_decorator.py
[2025-12-24T09:04:14.879+0000] {processor.py:914} INFO - Processing file /home/airflow/.local/lib/python3.11/site-packages/airflow/example_dags/example_sensor_decorator.py for tasks to queue
[2025-12-24T09:04:14.884+0000] {logging_mixin.py:190} INFO - [2025-12-24T09:04:14.884+0000] {dagbag.py:588} INFO - Filling up the DagBag from /home/airflow/.local/lib/python3.11/site-packages/airflow/example_dags/example_sensor_decorator.py
[2025-12-24T09:04:14.899+0000] {processor.py:925} INFO - DAG(s) 'example_sensor_decorator' retrieved from /home/airflow/.local/lib/python3.11/site-packages/airflow/example_dags/example_sensor_decorator.py
[2025-12-24T09:04:14.952+0000] {logging_mixin.py:190} INFO - [2025-12-24T09:04:14.951+0000] {dag.py:3239} INFO - Sync 1 DAGs
[2025-12-24T09:04:14.974+0000] {logging_mixin.py:190} INFO - [2025-12-24T09:04:14.973+0000] {dag.py:4180} INFO - Setting next_dagrun for example_sensor_decorator to None, run_after=None
[2025-12-24T09:04:15.002+0000] {processor.py:208} INFO - Processing /home/airflow/.local/lib/python3.11/site-packages/airflow/example_dags/example_sensor_decorator.py took 0.136 seconds
[2025-12-24T09:04:12.358+0000] {processor.py:186} INFO - Started process (PID=276) to work on /home/airflow/.local/lib/python3.11/site-packages/airflow/example_dags/example_sensor_decorator.py
[2025-12-24T09:04:12.360+0000] {processor.py:914} INFO - Processing file /home/airflow/.local/lib/python3.11/site-packages/airflow/example_dags/example_sensor_decorator.py for tasks to queue
[2025-12-24T09:04:12.363+0000] {logging_mixin.py:190} INFO - [2025-12-24T09:04:12.363+0000] {dagbag.py:588} INFO - Filling up the DagBag from /home/airflow/.local/lib/python3.11/site-packages/airflow/example_dags/example_sensor_decorator.py
[2025-12-24T09:04:12.376+0000] {processor.py:925} INFO - DAG(s) 'example_sensor_decorator' retrieved from /home/airflow/.local/lib/python3.11/site-packages/airflow/example_dags/example_sensor_decorator.py
[2025-12-24T09:04:12.412+0000] {logging_mixin.py:190} INFO - [2025-12-24T09:04:12.411+0000] {dag.py:3239} INFO - Sync 1 DAGs
[2025-12-24T09:04:12.432+0000] {logging_mixin.py:190} INFO - [2025-12-24T09:04:12.432+0000] {dag.py:4180} INFO - Setting next_dagrun for example_sensor_decorator to None, run_after=None
[2025-12-24T09:04:12.466+0000] {processor.py:208} INFO - Processing /home/airflow/.local/lib/python3.11/site-packages/airflow/example_dags/example_sensor_decorator.py took 0.117 seconds
[2025-12-24T09:04:42.545+0000] {processor.py:186} INFO - Started process (PID=339) to work on /home/airflow/.local/lib/python3.11/site-packages/airflow/example_dags/example_sensor_decorator.py
[2025-12-24T09:04:42.547+0000] {processor.py:914} INFO - Processing file /home/airflow/.local/lib/python3.11/site-packages/airflow/example_dags/example_sensor_decorator.py for tasks to queue
[2025-12-24T09:04:42.551+0000] {logging_mixin.py:190} INFO - [2025-12-24T09:04:42.550+0000] {dagbag.py:588} INFO - Filling up the DagBag from /home/airflow/.local/lib/python3.11/site-packages/airflow/example_dags/example_sensor_decorator.py
[2025-12-24T09:04:42.563+0000] {processor.py:925} INFO - DAG(s) 'example_sensor_decorator' retrieved from /home/airflow/.local/lib/python3.11/site-packages/airflow/example_dags/example_sensor_decorator.py
[2025-12-24T09:04:42.594+0000] {logging_mixin.py:190} INFO - [2025-12-24T09:04:42.594+0000] {dag.py:3239} INFO - Sync 1 DAGs
[2025-12-24T09:04:42.613+0000] {logging_mixin.py:190} INFO - [2025-12-24T09:04:42.612+0000] {dag.py:4180} INFO - Setting next_dagrun for example_sensor_decorator to None, run_after=None
[2025-12-24T09:04:42.640+0000] {processor.py:208} INFO - Processing /home/airflow/.local/lib/python3.11/site-packages/airflow/example_dags/example_sensor_decorator.py took 0.105 seconds
[2025-12-24T09:04:52.017+0000] {processor.py:186} INFO - Started process (PID=404) to work on /home/airflow/.local/lib/python3.11/site-packages/airflow/example_dags/example_sensor_decorator.py
[2025-12-24T09:04:52.019+0000] {processor.py:914} INFO - Processing file /home/airflow/.local/lib/python3.11/site-packages/airflow/example_dags/example_sensor_decorator.py for tasks to queue
[2025-12-24T09:04:52.023+0000] {logging_mixin.py:190} INFO - [2025-12-24T09:04:52.022+0000] {dagbag.py:588} INFO - Filling up the DagBag from /home/airflow/.local/lib/python3.11/site-packages/airflow/example_dags/example_sensor_decorator.py
[2025-12-24T09:04:52.042+0000] {processor.py:925} INFO - DAG(s) 'example_sensor_decorator' retrieved from /home/airflow/.local/lib/python3.11/site-packages/airflow/example_dags/example_sensor_decorator.py
[2025-12-24T09:04:52.084+0000] {logging_mixin.py:190} INFO - [2025-12-24T09:04:52.083+0000] {dag.py:3239} INFO - Sync 1 DAGs
[2025-12-24T09:04:52.102+0000] {logging_mixin.py:190} INFO - [2025-12-24T09:04:52.102+0000] {dag.py:4180} INFO - Setting next_dagrun for example_sensor_decorator to None, run_after=None
[2025-12-24T09:04:52.128+0000] {processor.py:208} INFO - Processing /home/airflow/.local/lib/python3.11/site-packages/airflow/example_dags/example_sensor_decorator.py took 0.121 seconds
[2025-12-24T09:05:22.583+0000] {processor.py:186} INFO - Started process (PID=469) to work on /home/airflow/.local/lib/python3.11/site-packages/airflow/example_dags/example_sensor_decorator.py
[2025-12-24T09:05:22.585+0000] {processor.py:914} INFO - Processing file /home/airflow/.local/lib/python3.11/site-packages/airflow/example_dags/example_sensor_decorator.py for tasks to queue
[2025-12-24T09:05:22.590+0000] {logging_mixin.py:190} INFO - [2025-12-24T09:05:22.589+0000] {dagbag.py:588} INFO - Filling up the DagBag from /home/airflow/.local/lib/python3.11/site-packages/airflow/example_dags/example_sensor_decorator.py
[2025-12-24T09:05:22.604+0000] {processor.py:925} INFO - DAG(s) 'example_sensor_decorator' retrieved from /home/airflow/.local/lib/python3.11/site-packages/airflow/example_dags/example_sensor_decorator.py
[2025-12-24T09:05:22.639+0000] {logging_mixin.py:190} INFO - [2025-12-24T09:05:22.637+0000] {dag.py:3239} INFO - Sync 1 DAGs
[2025-12-24T09:05:22.660+0000] {logging_mixin.py:190} INFO - [2025-12-24T09:05:22.660+0000] {dag.py:4180} INFO - Setting next_dagrun for example_sensor_decorator to None, run_after=None
[2025-12-24T09:05:22.692+0000] {processor.py:208} INFO - Processing /home/airflow/.local/lib/python3.11/site-packages/airflow/example_dags/example_sensor_decorator.py took 0.120 seconds
[2025-12-24T09:05:26.763+0000] {processor.py:186} INFO - Started process (PID=505) to work on /home/airflow/.local/lib/python3.11/site-packages/airflow/example_dags/example_sensor_decorator.py
[2025-12-24T09:05:26.764+0000] {processor.py:914} INFO - Processing file /home/airflow/.local/lib/python3.11/site-packages/airflow/example_dags/example_sensor_decorator.py for tasks to queue
[2025-12-24T09:05:26.768+0000] {logging_mixin.py:190} INFO - [2025-12-24T09:05:26.768+0000] {dagbag.py:588} INFO - Filling up the DagBag from /home/airflow/.local/lib/python3.11/site-packages/airflow/example_dags/example_sensor_decorator.py
[2025-12-24T09:05:26.780+0000] {processor.py:925} INFO - DAG(s) 'example_sensor_decorator' retrieved from /home/airflow/.local/lib/python3.11/site-packages/airflow/example_dags/example_sensor_decorator.py
[2025-12-24T09:05:26.809+0000] {logging_mixin.py:190} INFO - [2025-12-24T09:05:26.808+0000] {dag.py:3239} INFO - Sync 1 DAGs
[2025-12-24T09:05:26.825+0000] {logging_mixin.py:190} INFO - [2025-12-24T09:05:26.825+0000] {dag.py:4180} INFO - Setting next_dagrun for example_sensor_decorator to None, run_after=None
[2025-12-24T09:05:26.866+0000] {processor.py:208} INFO - Processing /home/airflow/.local/lib/python3.11/site-packages/airflow/example_dags/example_sensor_decorator.py took 0.112 seconds
[2025-12-24T09:05:37.482+0000] {processor.py:186} INFO - Started process (PID=560) to work on /home/airflow/.local/lib/python3.11/site-packages/airflow/example_dags/example_sensor_decorator.py
[2025-12-24T09:05:37.484+0000] {processor.py:914} INFO - Processing file /home/airflow/.local/lib/python3.11/site-packages/airflow/example_dags/example_sensor_decorator.py for tasks to queue
[2025-12-24T09:05:37.489+0000] {logging_mixin.py:190} INFO - [2025-12-24T09:05:37.488+0000] {dagbag.py:588} INFO - Filling up the DagBag from /home/airflow/.local/lib/python3.11/site-packages/airflow/example_dags/example_sensor_decorator.py
[2025-12-24T09:05:37.504+0000] {processor.py:925} INFO - DAG(s) 'example_sensor_decorator' retrieved from /home/airflow/.local/lib/python3.11/site-packages/airflow/example_dags/example_sensor_decorator.py
[2025-12-24T09:05:37.538+0000] {logging_mixin.py:190} INFO - [2025-12-24T09:05:37.537+0000] {dag.py:3239} INFO - Sync 1 DAGs
[2025-12-24T09:05:37.558+0000] {logging_mixin.py:190} INFO - [2025-12-24T09:05:37.557+0000] {dag.py:4180} INFO - Setting next_dagrun for example_sensor_decorator to None, run_after=None
[2025-12-24T09:05:37.665+0000] {processor.py:208} INFO - Processing /home/airflow/.local/lib/python3.11/site-packages/airflow/example_dags/example_sensor_decorator.py took 0.195 seconds
[2025-12-24T09:06:40.119+0000] {processor.py:186} INFO - Started process (PID=622) to work on /home/airflow/.local/lib/python3.11/site-packages/airflow/example_dags/example_sensor_decorator.py
[2025-12-24T09:06:40.120+0000] {processor.py:914} INFO - Processing file /home/airflow/.local/lib/python3.11/site-packages/airflow/example_dags/example_sensor_decorator.py for tasks to queue
[2025-12-24T09:06:40.124+0000] {logging_mixin.py:190} INFO - [2025-12-24T09:06:40.124+0000] {dagbag.py:588} INFO - Filling up the DagBag from /home/airflow/.local/lib/python3.11/site-packages/airflow/example_dags/example_sensor_decorator.py
[2025-12-24T09:06:40.136+0000] {processor.py:925} INFO - DAG(s) 'example_sensor_decorator' retrieved from /home/airflow/.local/lib/python3.11/site-packages/airflow/example_dags/example_sensor_decorator.py
[2025-12-24T09:06:40.165+0000] {logging_mixin.py:190} INFO - [2025-12-24T09:06:40.164+0000] {dag.py:3239} INFO - Sync 1 DAGs
[2025-12-24T09:06:40.183+0000] {logging_mixin.py:190} INFO - [2025-12-24T09:06:40.183+0000] {dag.py:4180} INFO - Setting next_dagrun for example_sensor_decorator to None, run_after=None
[2025-12-24T09:06:40.214+0000] {processor.py:208} INFO - Processing /home/airflow/.local/lib/python3.11/site-packages/airflow/example_dags/example_sensor_decorator.py took 0.105 seconds
[2025-12-24T09:06:42.721+0000] {processor.py:186} INFO - Started process (PID=688) to work on /home/airflow/.local/lib/python3.11/site-packages/airflow/example_dags/example_sensor_decorator.py
[2025-12-24T09:06:42.722+0000] {processor.py:914} INFO - Processing file /home/airflow/.local/lib/python3.11/site-packages/airflow/example_dags/example_sensor_decorator.py for tasks to queue
[2025-12-24T09:06:42.727+0000] {logging_mixin.py:190} INFO - [2025-12-24T09:06:42.726+0000] {dagbag.py:588} INFO - Filling up the DagBag from /home/airflow/.local/lib/python3.11/site-packages/airflow/example_dags/example_sensor_decorator.py
[2025-12-24T09:06:42.757+0000] {processor.py:925} INFO - DAG(s) 'example_sensor_decorator' retrieved from /home/airflow/.local/lib/python3.11/site-packages/airflow/example_dags/example_sensor_decorator.py
[2025-12-24T09:06:42.804+0000] {logging_mixin.py:190} INFO - [2025-12-24T09:06:42.803+0000] {dag.py:3239} INFO - Sync 1 DAGs
[2025-12-24T09:06:42.826+0000] {logging_mixin.py:190} INFO - [2025-12-24T09:06:42.826+0000] {dag.py:4180} INFO - Setting next_dagrun for example_sensor_decorator to None, run_after=None
[2025-12-24T09:06:42.865+0000] {processor.py:208} INFO - Processing /home/airflow/.local/lib/python3.11/site-packages/airflow/example_dags/example_sensor_decorator.py took 0.156 seconds
[2025-12-24T09:07:12.318+0000] {processor.py:186} INFO - Started process (PID=754) to work on /home/airflow/.local/lib/python3.11/site-packages/airflow/example_dags/example_sensor_decorator.py
[2025-12-24T09:07:12.320+0000] {processor.py:914} INFO - Processing file /home/airflow/.local/lib/python3.11/site-packages/airflow/example_dags/example_sensor_decorator.py for tasks to queue
[2025-12-24T09:07:12.327+0000] {logging_mixin.py:190} INFO - [2025-12-24T09:07:12.326+0000] {dagbag.py:588} INFO - Filling up the DagBag from /home/airflow/.local/lib/python3.11/site-packages/airflow/example_dags/example_sensor_decorator.py
[2025-12-24T09:07:12.354+0000] {processor.py:925} INFO - DAG(s) 'example_sensor_decorator' retrieved from /home/airflow/.local/lib/python3.11/site-packages/airflow/example_dags/example_sensor_decorator.py
[2025-12-24T09:07:12.417+0000] {logging_mixin.py:190} INFO - [2025-12-24T09:07:12.416+0000] {dag.py:3239} INFO - Sync 1 DAGs
[2025-12-24T09:07:12.454+0000] {logging_mixin.py:190} INFO - [2025-12-24T09:07:12.454+0000] {dag.py:4180} INFO - Setting next_dagrun for example_sensor_decorator to None, run_after=None
[2025-12-24T09:07:12.509+0000] {processor.py:208} INFO - Processing /home/airflow/.local/lib/python3.11/site-packages/airflow/example_dags/example_sensor_decorator.py took 0.202 seconds
[2025-12-24T09:07:21.887+0000] {processor.py:186} INFO - Started process (PID=816) to work on /home/airflow/.local/lib/python3.11/site-packages/airflow/example_dags/example_sensor_decorator.py
[2025-12-24T09:07:21.889+0000] {processor.py:914} INFO - Processing file /home/airflow/.local/lib/python3.11/site-packages/airflow/example_dags/example_sensor_decorator.py for tasks to queue
[2025-12-24T09:07:21.893+0000] {logging_mixin.py:190} INFO - [2025-12-24T09:07:21.892+0000] {dagbag.py:588} INFO - Filling up the DagBag from /home/airflow/.local/lib/python3.11/site-packages/airflow/example_dags/example_sensor_decorator.py
[2025-12-24T09:07:21.905+0000] {processor.py:925} INFO - DAG(s) 'example_sensor_decorator' retrieved from /home/airflow/.local/lib/python3.11/site-packages/airflow/example_dags/example_sensor_decorator.py
[2025-12-24T09:07:21.934+0000] {logging_mixin.py:190} INFO - [2025-12-24T09:07:21.934+0000] {dag.py:3239} INFO - Sync 1 DAGs
[2025-12-24T09:07:21.952+0000] {logging_mixin.py:190} INFO - [2025-12-24T09:07:21.952+0000] {dag.py:4180} INFO - Setting next_dagrun for example_sensor_decorator to None, run_after=None
[2025-12-24T09:07:22.084+0000] {processor.py:208} INFO - Processing /home/airflow/.local/lib/python3.11/site-packages/airflow/example_dags/example_sensor_decorator.py took 0.206 seconds
[2025-12-24T09:07:32.178+0000] {processor.py:186} INFO - Started process (PID=873) to work on /home/airflow/.local/lib/python3.11/site-packages/airflow/example_dags/example_sensor_decorator.py
[2025-12-24T09:07:32.179+0000] {processor.py:914} INFO - Processing file /home/airflow/.local/lib/python3.11/site-packages/airflow/example_dags/example_sensor_decorator.py for tasks to queue
[2025-12-24T09:07:32.183+0000] {logging_mixin.py:190} INFO - [2025-12-24T09:07:32.183+0000] {dagbag.py:588} INFO - Filling up the DagBag from /home/airflow/.local/lib/python3.11/site-packages/airflow/example_dags/example_sensor_decorator.py
[2025-12-24T09:07:32.196+0000] {processor.py:925} INFO - DAG(s) 'example_sensor_decorator' retrieved from /home/airflow/.local/lib/python3.11/site-packages/airflow/example_dags/example_sensor_decorator.py
[2025-12-24T09:07:32.253+0000] {logging_mixin.py:190} INFO - [2025-12-24T09:07:32.252+0000] {dag.py:3239} INFO - Sync 1 DAGs
[2025-12-24T09:07:32.273+0000] {logging_mixin.py:190} INFO - [2025-12-24T09:07:32.273+0000] {dag.py:4180} INFO - Setting next_dagrun for example_sensor_decorator to None, run_after=None
[2025-12-24T09:07:32.301+0000] {processor.py:208} INFO - Processing /home/airflow/.local/lib/python3.11/site-packages/airflow/example_dags/example_sensor_decorator.py took 0.135 seconds
[2025-12-24T09:07:42.117+0000] {processor.py:186} INFO - Started process (PID=929) to work on /home/airflow/.local/lib/python3.11/site-packages/airflow/example_dags/example_sensor_decorator.py
[2025-12-24T09:07:42.119+0000] {processor.py:914} INFO - Processing file /home/airflow/.local/lib/python3.11/site-packages/airflow/example_dags/example_sensor_decorator.py for tasks to queue
[2025-12-24T09:07:42.124+0000] {logging_mixin.py:190} INFO - [2025-12-24T09:07:42.123+0000] {dagbag.py:588} INFO - Filling up the DagBag from /home/airflow/.local/lib/python3.11/site-packages/airflow/example_dags/example_sensor_decorator.py
[2025-12-24T09:07:42.140+0000] {processor.py:925} INFO - DAG(s) 'example_sensor_decorator' retrieved from /home/airflow/.local/lib/python3.11/site-packages/airflow/example_dags/example_sensor_decorator.py
[2025-12-24T09:07:42.177+0000] {logging_mixin.py:190} INFO - [2025-12-24T09:07:42.176+0000] {dag.py:3239} INFO - Sync 1 DAGs
[2025-12-24T09:07:42.201+0000] {logging_mixin.py:190} INFO - [2025-12-24T09:07:42.200+0000] {dag.py:4180} INFO - Setting next_dagrun for example_sensor_decorator to None, run_after=None
[2025-12-24T09:07:42.228+0000] {processor.py:208} INFO - Processing /home/airflow/.local/lib/python3.11/site-packages/airflow/example_dags/example_sensor_decorator.py took 0.123 seconds
[2025-12-24T09:08:39.599+0000] {processor.py:186} INFO - Started process (PID=990) to work on /home/airflow/.local/lib/python3.11/site-packages/airflow/example_dags/example_sensor_decorator.py
[2025-12-24T09:08:39.602+0000] {processor.py:914} INFO - Processing file /home/airflow/.local/lib/python3.11/site-packages/airflow/example_dags/example_sensor_decorator.py for tasks to queue
[2025-12-24T09:08:39.607+0000] {logging_mixin.py:190} INFO - [2025-12-24T09:08:39.606+0000] {dagbag.py:588} INFO - Filling up the DagBag from /home/airflow/.local/lib/python3.11/site-packages/airflow/example_dags/example_sensor_decorator.py
[2025-12-24T09:08:39.622+0000] {processor.py:925} INFO - DAG(s) 'example_sensor_decorator' retrieved from /home/airflow/.local/lib/python3.11/site-packages/airflow/example_dags/example_sensor_decorator.py
[2025-12-24T09:08:39.661+0000] {logging_mixin.py:190} INFO - [2025-12-24T09:08:39.660+0000] {dag.py:3239} INFO - Sync 1 DAGs
[2025-12-24T09:08:39.686+0000] {logging_mixin.py:190} INFO - [2025-12-24T09:08:39.686+0000] {dag.py:4180} INFO - Setting next_dagrun for example_sensor_decorator to None, run_after=None
[2025-12-24T09:08:39.724+0000] {processor.py:208} INFO - Processing /home/airflow/.local/lib/python3.11/site-packages/airflow/example_dags/example_sensor_decorator.py took 0.137 seconds
[2025-12-24T09:09:19.524+0000] {processor.py:186} INFO - Started process (PID=1057) to work on /home/airflow/.local/lib/python3.11/site-packages/airflow/example_dags/example_sensor_decorator.py
[2025-12-24T09:09:19.526+0000] {processor.py:914} INFO - Processing file /home/airflow/.local/lib/python3.11/site-packages/airflow/example_dags/example_sensor_decorator.py for tasks to queue
[2025-12-24T09:09:19.530+0000] {logging_mixin.py:190} INFO - [2025-12-24T09:09:19.529+0000] {dagbag.py:588} INFO - Filling up the DagBag from /home/airflow/.local/lib/python3.11/site-packages/airflow/example_dags/example_sensor_decorator.py
[2025-12-24T09:09:19.554+0000] {processor.py:925} INFO - DAG(s) 'example_sensor_decorator' retrieved from /home/airflow/.local/lib/python3.11/site-packages/airflow/example_dags/example_sensor_decorator.py
[2025-12-24T09:09:19.587+0000] {logging_mixin.py:190} INFO - [2025-12-24T09:09:19.586+0000] {dag.py:3239} INFO - Sync 1 DAGs
[2025-12-24T09:09:19.607+0000] {logging_mixin.py:190} INFO - [2025-12-24T09:09:19.607+0000] {dag.py:4180} INFO - Setting next_dagrun for example_sensor_decorator to None, run_after=None
[2025-12-24T09:09:19.633+0000] {processor.py:208} INFO - Processing /home/airflow/.local/lib/python3.11/site-packages/airflow/example_dags/example_sensor_decorator.py took 0.117 seconds
[2025-12-24T09:09:17.213+0000] {processor.py:186} INFO - Started process (PID=1137) to work on /home/airflow/.local/lib/python3.11/site-packages/airflow/example_dags/example_sensor_decorator.py
[2025-12-24T09:09:17.215+0000] {processor.py:914} INFO - Processing file /home/airflow/.local/lib/python3.11/site-packages/airflow/example_dags/example_sensor_decorator.py for tasks to queue
[2025-12-24T09:09:17.219+0000] {logging_mixin.py:190} INFO - [2025-12-24T09:09:17.218+0000] {dagbag.py:588} INFO - Filling up the DagBag from /home/airflow/.local/lib/python3.11/site-packages/airflow/example_dags/example_sensor_decorator.py
[2025-12-24T09:09:17.231+0000] {processor.py:925} INFO - DAG(s) 'example_sensor_decorator' retrieved from /home/airflow/.local/lib/python3.11/site-packages/airflow/example_dags/example_sensor_decorator.py
[2025-12-24T09:09:17.281+0000] {logging_mixin.py:190} INFO - [2025-12-24T09:09:17.280+0000] {dag.py:3239} INFO - Sync 1 DAGs
[2025-12-24T09:09:17.314+0000] {logging_mixin.py:190} INFO - [2025-12-24T09:09:17.313+0000] {dag.py:4180} INFO - Setting next_dagrun for example_sensor_decorator to None, run_after=None
[2025-12-24T09:09:17.354+0000] {processor.py:208} INFO - Processing /home/airflow/.local/lib/python3.11/site-packages/airflow/example_dags/example_sensor_decorator.py took 0.149 seconds
[2025-12-24T09:10:24.747+0000] {processor.py:186} INFO - Started process (PID=1197) to work on /home/airflow/.local/lib/python3.11/site-packages/airflow/example_dags/example_sensor_decorator.py
[2025-12-24T09:10:24.750+0000] {processor.py:914} INFO - Processing file /home/airflow/.local/lib/python3.11/site-packages/airflow/example_dags/example_sensor_decorator.py for tasks to queue
[2025-12-24T09:10:24.756+0000] {logging_mixin.py:190} INFO - [2025-12-24T09:10:24.755+0000] {dagbag.py:588} INFO - Filling up the DagBag from /home/airflow/.local/lib/python3.11/site-packages/airflow/example_dags/example_sensor_decorator.py
[2025-12-24T09:10:24.770+0000] {processor.py:925} INFO - DAG(s) 'example_sensor_decorator' retrieved from /home/airflow/.local/lib/python3.11/site-packages/airflow/example_dags/example_sensor_decorator.py
[2025-12-24T09:10:24.800+0000] {logging_mixin.py:190} INFO - [2025-12-24T09:10:24.799+0000] {dag.py:3239} INFO - Sync 1 DAGs
[2025-12-24T09:10:24.817+0000] {logging_mixin.py:190} INFO - [2025-12-24T09:10:24.817+0000] {dag.py:4180} INFO - Setting next_dagrun for example_sensor_decorator to None, run_after=None
[2025-12-24T09:10:24.843+0000] {processor.py:208} INFO - Processing /home/airflow/.local/lib/python3.11/site-packages/airflow/example_dags/example_sensor_decorator.py took 0.110 seconds
[2025-12-24T09:10:17.578+0000] {processor.py:186} INFO - Started process (PID=1269) to work on /home/airflow/.local/lib/python3.11/site-packages/airflow/example_dags/example_sensor_decorator.py
[2025-12-24T09:10:17.580+0000] {processor.py:914} INFO - Processing file /home/airflow/.local/lib/python3.11/site-packages/airflow/example_dags/example_sensor_decorator.py for tasks to queue
[2025-12-24T09:10:17.584+0000] {logging_mixin.py:190} INFO - [2025-12-24T09:10:17.584+0000] {dagbag.py:588} INFO - Filling up the DagBag from /home/airflow/.local/lib/python3.11/site-packages/airflow/example_dags/example_sensor_decorator.py
[2025-12-24T09:10:17.601+0000] {processor.py:925} INFO - DAG(s) 'example_sensor_decorator' retrieved from /home/airflow/.local/lib/python3.11/site-packages/airflow/example_dags/example_sensor_decorator.py
[2025-12-24T09:10:17.643+0000] {logging_mixin.py:190} INFO - [2025-12-24T09:10:17.643+0000] {dag.py:3239} INFO - Sync 1 DAGs
[2025-12-24T09:10:17.670+0000] {logging_mixin.py:190} INFO - [2025-12-24T09:10:17.669+0000] {dag.py:4180} INFO - Setting next_dagrun for example_sensor_decorator to None, run_after=None
[2025-12-24T09:10:17.720+0000] {processor.py:208} INFO - Processing /home/airflow/.local/lib/python3.11/site-packages/airflow/example_dags/example_sensor_decorator.py took 0.153 seconds
[2025-12-24T09:10:47.527+0000] {processor.py:186} INFO - Started process (PID=1318) to work on /home/airflow/.local/lib/python3.11/site-packages/airflow/example_dags/example_sensor_decorator.py
[2025-12-24T09:10:47.528+0000] {processor.py:914} INFO - Processing file /home/airflow/.local/lib/python3.11/site-packages/airflow/example_dags/example_sensor_decorator.py for tasks to queue
[2025-12-24T09:10:47.532+0000] {logging_mixin.py:190} INFO - [2025-12-24T09:10:47.531+0000] {dagbag.py:588} INFO - Filling up the DagBag from /home/airflow/.local/lib/python3.11/site-packages/airflow/example_dags/example_sensor_decorator.py
[2025-12-24T09:10:47.545+0000] {processor.py:925} INFO - DAG(s) 'example_sensor_decorator' retrieved from /home/airflow/.local/lib/python3.11/site-packages/airflow/example_dags/example_sensor_decorator.py
[2025-12-24T09:10:47.574+0000] {logging_mixin.py:190} INFO - [2025-12-24T09:10:47.573+0000] {dag.py:3239} INFO - Sync 1 DAGs
[2025-12-24T09:10:47.591+0000] {logging_mixin.py:190} INFO - [2025-12-24T09:10:47.591+0000] {dag.py:4180} INFO - Setting next_dagrun for example_sensor_decorator to None, run_after=None
[2025-12-24T09:10:47.627+0000] {processor.py:208} INFO - Processing /home/airflow/.local/lib/python3.11/site-packages/airflow/example_dags/example_sensor_decorator.py took 0.109 seconds
[2025-12-24T09:10:57.251+0000] {processor.py:186} INFO - Started process (PID=1375) to work on /home/airflow/.local/lib/python3.11/site-packages/airflow/example_dags/example_sensor_decorator.py
[2025-12-24T09:10:57.258+0000] {processor.py:914} INFO - Processing file /home/airflow/.local/lib/python3.11/site-packages/airflow/example_dags/example_sensor_decorator.py for tasks to queue
[2025-12-24T09:10:57.263+0000] {logging_mixin.py:190} INFO - [2025-12-24T09:10:57.263+0000] {dagbag.py:588} INFO - Filling up the DagBag from /home/airflow/.local/lib/python3.11/site-packages/airflow/example_dags/example_sensor_decorator.py
[2025-12-24T09:10:57.278+0000] {processor.py:925} INFO - DAG(s) 'example_sensor_decorator' retrieved from /home/airflow/.local/lib/python3.11/site-packages/airflow/example_dags/example_sensor_decorator.py
[2025-12-24T09:10:57.307+0000] {logging_mixin.py:190} INFO - [2025-12-24T09:10:57.306+0000] {dag.py:3239} INFO - Sync 1 DAGs
[2025-12-24T09:10:57.325+0000] {logging_mixin.py:190} INFO - [2025-12-24T09:10:57.325+0000] {dag.py:4180} INFO - Setting next_dagrun for example_sensor_decorator to None, run_after=None
[2025-12-24T09:10:57.358+0000] {processor.py:208} INFO - Processing /home/airflow/.local/lib/python3.11/site-packages/airflow/example_dags/example_sensor_decorator.py took 0.117 seconds
[2025-12-24T09:11:28.230+0000] {processor.py:186} INFO - Started process (PID=1438) to work on /home/airflow/.local/lib/python3.11/site-packages/airflow/example_dags/example_sensor_decorator.py
[2025-12-24T09:11:28.232+0000] {processor.py:914} INFO - Processing file /home/airflow/.local/lib/python3.11/site-packages/airflow/example_dags/example_sensor_decorator.py for tasks to queue
[2025-12-24T09:11:28.237+0000] {logging_mixin.py:190} INFO - [2025-12-24T09:11:28.236+0000] {dagbag.py:588} INFO - Filling up the DagBag from /home/airflow/.local/lib/python3.11/site-packages/airflow/example_dags/example_sensor_decorator.py
[2025-12-24T09:11:28.253+0000] {processor.py:925} INFO - DAG(s) 'example_sensor_decorator' retrieved from /home/airflow/.local/lib/python3.11/site-packages/airflow/example_dags/example_sensor_decorator.py
[2025-12-24T09:11:28.290+0000] {logging_mixin.py:190} INFO - [2025-12-24T09:11:28.289+0000] {dag.py:3239} INFO - Sync 1 DAGs
[2025-12-24T09:11:28.315+0000] {logging_mixin.py:190} INFO - [2025-12-24T09:11:28.315+0000] {dag.py:4180} INFO - Setting next_dagrun for example_sensor_decorator to None, run_after=None
[2025-12-24T09:11:28.347+0000] {processor.py:208} INFO - Processing /home/airflow/.local/lib/python3.11/site-packages/airflow/example_dags/example_sensor_decorator.py took 0.127 seconds
[2025-12-24T09:12:30.460+0000] {processor.py:186} INFO - Started process (PID=1501) to work on /home/airflow/.local/lib/python3.11/site-packages/airflow/example_dags/example_sensor_decorator.py
[2025-12-24T09:12:30.461+0000] {processor.py:914} INFO - Processing file /home/airflow/.local/lib/python3.11/site-packages/airflow/example_dags/example_sensor_decorator.py for tasks to queue
[2025-12-24T09:12:30.465+0000] {logging_mixin.py:190} INFO - [2025-12-24T09:12:30.465+0000] {dagbag.py:588} INFO - Filling up the DagBag from /home/airflow/.local/lib/python3.11/site-packages/airflow/example_dags/example_sensor_decorator.py
[2025-12-24T09:12:30.478+0000] {processor.py:925} INFO - DAG(s) 'example_sensor_decorator' retrieved from /home/airflow/.local/lib/python3.11/site-packages/airflow/example_dags/example_sensor_decorator.py
[2025-12-24T09:12:30.510+0000] {logging_mixin.py:190} INFO - [2025-12-24T09:12:30.509+0000] {dag.py:3239} INFO - Sync 1 DAGs
[2025-12-24T09:12:30.531+0000] {logging_mixin.py:190} INFO - [2025-12-24T09:12:30.530+0000] {dag.py:4180} INFO - Setting next_dagrun for example_sensor_decorator to None, run_after=None
[2025-12-24T09:12:30.557+0000] {processor.py:208} INFO - Processing /home/airflow/.local/lib/python3.11/site-packages/airflow/example_dags/example_sensor_decorator.py took 0.107 seconds
[2025-12-24T09:12:42.500+0000] {processor.py:186} INFO - Started process (PID=1565) to work on /home/airflow/.local/lib/python3.11/site-packages/airflow/example_dags/example_sensor_decorator.py
[2025-12-24T09:12:42.503+0000] {processor.py:914} INFO - Processing file /home/airflow/.local/lib/python3.11/site-packages/airflow/example_dags/example_sensor_decorator.py for tasks to queue
[2025-12-24T09:12:42.510+0000] {logging_mixin.py:190} INFO - [2025-12-24T09:12:42.510+0000] {dagbag.py:588} INFO - Filling up the DagBag from /home/airflow/.local/lib/python3.11/site-packages/airflow/example_dags/example_sensor_decorator.py
[2025-12-24T09:12:42.525+0000] {processor.py:925} INFO - DAG(s) 'example_sensor_decorator' retrieved from /home/airflow/.local/lib/python3.11/site-packages/airflow/example_dags/example_sensor_decorator.py
[2025-12-24T09:12:42.559+0000] {logging_mixin.py:190} INFO - [2025-12-24T09:12:42.558+0000] {dag.py:3239} INFO - Sync 1 DAGs
[2025-12-24T09:12:42.578+0000] {logging_mixin.py:190} INFO - [2025-12-24T09:12:42.578+0000] {dag.py:4180} INFO - Setting next_dagrun for example_sensor_decorator to None, run_after=None
[2025-12-24T09:12:42.602+0000] {processor.py:208} INFO - Processing /home/airflow/.local/lib/python3.11/site-packages/airflow/example_dags/example_sensor_decorator.py took 0.111 seconds
[2025-12-24T09:13:31.302+0000] {processor.py:186} INFO - Started process (PID=1632) to work on /home/airflow/.local/lib/python3.11/site-packages/airflow/example_dags/example_sensor_decorator.py
[2025-12-24T09:13:31.304+0000] {processor.py:914} INFO - Processing file /home/airflow/.local/lib/python3.11/site-packages/airflow/example_dags/example_sensor_decorator.py for tasks to queue
[2025-12-24T09:13:31.310+0000] {logging_mixin.py:190} INFO - [2025-12-24T09:13:31.310+0000] {dagbag.py:588} INFO - Filling up the DagBag from /home/airflow/.local/lib/python3.11/site-packages/airflow/example_dags/example_sensor_decorator.py
[2025-12-24T09:13:31.324+0000] {processor.py:925} INFO - DAG(s) 'example_sensor_decorator' retrieved from /home/airflow/.local/lib/python3.11/site-packages/airflow/example_dags/example_sensor_decorator.py
[2025-12-24T09:13:31.357+0000] {logging_mixin.py:190} INFO - [2025-12-24T09:13:31.357+0000] {dag.py:3239} INFO - Sync 1 DAGs
[2025-12-24T09:13:31.381+0000] {logging_mixin.py:190} INFO - [2025-12-24T09:13:31.380+0000] {dag.py:4180} INFO - Setting next_dagrun for example_sensor_decorator to None, run_after=None
[2025-12-24T09:13:31.407+0000] {processor.py:208} INFO - Processing /home/airflow/.local/lib/python3.11/site-packages/airflow/example_dags/example_sensor_decorator.py took 0.116 seconds
[2025-12-24T09:14:24.877+0000] {processor.py:186} INFO - Started process (PID=1682) to work on /home/airflow/.local/lib/python3.11/site-packages/airflow/example_dags/example_sensor_decorator.py
[2025-12-24T09:14:24.883+0000] {processor.py:914} INFO - Processing file /home/airflow/.local/lib/python3.11/site-packages/airflow/example_dags/example_sensor_decorator.py for tasks to queue
[2025-12-24T09:14:24.888+0000] {logging_mixin.py:190} INFO - [2025-12-24T09:14:24.887+0000] {dagbag.py:588} INFO - Filling up the DagBag from /home/airflow/.local/lib/python3.11/site-packages/airflow/example_dags/example_sensor_decorator.py
[2025-12-24T09:14:24.903+0000] {processor.py:925} INFO - DAG(s) 'example_sensor_decorator' retrieved from /home/airflow/.local/lib/python3.11/site-packages/airflow/example_dags/example_sensor_decorator.py
[2025-12-24T09:14:24.943+0000] {logging_mixin.py:190} INFO - [2025-12-24T09:14:24.942+0000] {dag.py:3239} INFO - Sync 1 DAGs
[2025-12-24T09:14:24.969+0000] {logging_mixin.py:190} INFO - [2025-12-24T09:14:24.968+0000] {dag.py:4180} INFO - Setting next_dagrun for example_sensor_decorator to None, run_after=None
[2025-12-24T09:14:25.003+0000] {processor.py:208} INFO - Processing /home/airflow/.local/lib/python3.11/site-packages/airflow/example_dags/example_sensor_decorator.py took 0.138 seconds
[2025-12-24T09:14:37.594+0000] {processor.py:186} INFO - Started process (PID=1754) to work on /home/airflow/.local/lib/python3.11/site-packages/airflow/example_dags/example_sensor_decorator.py
[2025-12-24T09:14:37.596+0000] {processor.py:914} INFO - Processing file /home/airflow/.local/lib/python3.11/site-packages/airflow/example_dags/example_sensor_decorator.py for tasks to queue
[2025-12-24T09:14:37.599+0000] {logging_mixin.py:190} INFO - [2025-12-24T09:14:37.599+0000] {dagbag.py:588} INFO - Filling up the DagBag from /home/airflow/.local/lib/python3.11/site-packages/airflow/example_dags/example_sensor_decorator.py
[2025-12-24T09:14:37.612+0000] {processor.py:925} INFO - DAG(s) 'example_sensor_decorator' retrieved from /home/airflow/.local/lib/python3.11/site-packages/airflow/example_dags/example_sensor_decorator.py
[2025-12-24T09:14:37.644+0000] {logging_mixin.py:190} INFO - [2025-12-24T09:14:37.644+0000] {dag.py:3239} INFO - Sync 1 DAGs
[2025-12-24T09:14:37.670+0000] {logging_mixin.py:190} INFO - [2025-12-24T09:14:37.669+0000] {dag.py:4180} INFO - Setting next_dagrun for example_sensor_decorator to None, run_after=None
[2025-12-24T09:14:37.702+0000] {processor.py:208} INFO - Processing /home/airflow/.local/lib/python3.11/site-packages/airflow/example_dags/example_sensor_decorator.py took 0.117 seconds
[2025-12-24T09:15:08.489+0000] {processor.py:186} INFO - Started process (PID=1818) to work on /home/airflow/.local/lib/python3.11/site-packages/airflow/example_dags/example_sensor_decorator.py
[2025-12-24T09:15:08.493+0000] {processor.py:914} INFO - Processing file /home/airflow/.local/lib/python3.11/site-packages/airflow/example_dags/example_sensor_decorator.py for tasks to queue
[2025-12-24T09:15:08.497+0000] {logging_mixin.py:190} INFO - [2025-12-24T09:15:08.497+0000] {dagbag.py:588} INFO - Filling up the DagBag from /home/airflow/.local/lib/python3.11/site-packages/airflow/example_dags/example_sensor_decorator.py
[2025-12-24T09:15:08.510+0000] {processor.py:925} INFO - DAG(s) 'example_sensor_decorator' retrieved from /home/airflow/.local/lib/python3.11/site-packages/airflow/example_dags/example_sensor_decorator.py
[2025-12-24T09:15:08.540+0000] {logging_mixin.py:190} INFO - [2025-12-24T09:15:08.539+0000] {dag.py:3239} INFO - Sync 1 DAGs
[2025-12-24T09:15:08.559+0000] {logging_mixin.py:190} INFO - [2025-12-24T09:15:08.558+0000] {dag.py:4180} INFO - Setting next_dagrun for example_sensor_decorator to None, run_after=None
[2025-12-24T09:15:08.595+0000] {processor.py:208} INFO - Processing /home/airflow/.local/lib/python3.11/site-packages/airflow/example_dags/example_sensor_decorator.py took 0.116 seconds
[2025-12-24T09:15:39.392+0000] {processor.py:186} INFO - Started process (PID=1881) to work on /home/airflow/.local/lib/python3.11/site-packages/airflow/example_dags/example_sensor_decorator.py
[2025-12-24T09:15:39.394+0000] {processor.py:914} INFO - Processing file /home/airflow/.local/lib/python3.11/site-packages/airflow/example_dags/example_sensor_decorator.py for tasks to queue
[2025-12-24T09:15:39.398+0000] {logging_mixin.py:190} INFO - [2025-12-24T09:15:39.398+0000] {dagbag.py:588} INFO - Filling up the DagBag from /home/airflow/.local/lib/python3.11/site-packages/airflow/example_dags/example_sensor_decorator.py
[2025-12-24T09:15:39.413+0000] {processor.py:925} INFO - DAG(s) 'example_sensor_decorator' retrieved from /home/airflow/.local/lib/python3.11/site-packages/airflow/example_dags/example_sensor_decorator.py
[2025-12-24T09:15:39.451+0000] {logging_mixin.py:190} INFO - [2025-12-24T09:15:39.450+0000] {dag.py:3239} INFO - Sync 1 DAGs
[2025-12-24T09:15:39.472+0000] {logging_mixin.py:190} INFO - [2025-12-24T09:15:39.472+0000] {dag.py:4180} INFO - Setting next_dagrun for example_sensor_decorator to None, run_after=None
[2025-12-24T09:15:39.505+0000] {processor.py:208} INFO - Processing /home/airflow/.local/lib/python3.11/site-packages/airflow/example_dags/example_sensor_decorator.py took 0.125 seconds
[2025-12-24T09:16:40.413+0000] {processor.py:186} INFO - Started process (PID=1947) to work on /home/airflow/.local/lib/python3.11/site-packages/airflow/example_dags/example_sensor_decorator.py
[2025-12-24T09:16:40.414+0000] {processor.py:914} INFO - Processing file /home/airflow/.local/lib/python3.11/site-packages/airflow/example_dags/example_sensor_decorator.py for tasks to queue
[2025-12-24T09:16:40.418+0000] {logging_mixin.py:190} INFO - [2025-12-24T09:16:40.417+0000] {dagbag.py:588} INFO - Filling up the DagBag from /home/airflow/.local/lib/python3.11/site-packages/airflow/example_dags/example_sensor_decorator.py
[2025-12-24T09:16:40.429+0000] {processor.py:925} INFO - DAG(s) 'example_sensor_decorator' retrieved from /home/airflow/.local/lib/python3.11/site-packages/airflow/example_dags/example_sensor_decorator.py
[2025-12-24T09:16:40.458+0000] {logging_mixin.py:190} INFO - [2025-12-24T09:16:40.457+0000] {dag.py:3239} INFO - Sync 1 DAGs
[2025-12-24T09:16:40.475+0000] {logging_mixin.py:190} INFO - [2025-12-24T09:16:40.475+0000] {dag.py:4180} INFO - Setting next_dagrun for example_sensor_decorator to None, run_after=None
[2025-12-24T09:16:40.500+0000] {processor.py:208} INFO - Processing /home/airflow/.local/lib/python3.11/site-packages/airflow/example_dags/example_sensor_decorator.py took 0.096 seconds
[2025-12-24T09:24:12.553+0000] {processor.py:186} INFO - Started process (PID=93) to work on /home/airflow/.local/lib/python3.11/site-packages/airflow/example_dags/example_sensor_decorator.py
[2025-12-24T09:24:12.557+0000] {processor.py:914} INFO - Processing file /home/airflow/.local/lib/python3.11/site-packages/airflow/example_dags/example_sensor_decorator.py for tasks to queue
[2025-12-24T09:24:12.571+0000] {logging_mixin.py:190} INFO - [2025-12-24T09:24:12.570+0000] {dagbag.py:588} INFO - Filling up the DagBag from /home/airflow/.local/lib/python3.11/site-packages/airflow/example_dags/example_sensor_decorator.py
[2025-12-24T09:24:12.620+0000] {processor.py:925} INFO - DAG(s) 'example_sensor_decorator' retrieved from /home/airflow/.local/lib/python3.11/site-packages/airflow/example_dags/example_sensor_decorator.py
[2025-12-24T09:24:12.976+0000] {logging_mixin.py:190} INFO - [2025-12-24T09:24:12.974+0000] {override.py:1911} INFO - Created Permission View: can delete on DAG:example_sensor_decorator
[2025-12-24T09:24:13.015+0000] {logging_mixin.py:190} INFO - [2025-12-24T09:24:13.015+0000] {override.py:1911} INFO - Created Permission View: can read on DAG:example_sensor_decorator
[2025-12-24T09:24:13.135+0000] {logging_mixin.py:190} INFO - [2025-12-24T09:24:13.134+0000] {override.py:1911} INFO - Created Permission View: can edit on DAG:example_sensor_decorator
[2025-12-24T09:24:13.189+0000] {logging_mixin.py:190} INFO - [2025-12-24T09:24:13.189+0000] {override.py:1911} INFO - Created Permission View: menu access on DAG Run:example_sensor_decorator
[2025-12-24T09:24:13.229+0000] {logging_mixin.py:190} INFO - [2025-12-24T09:24:13.229+0000] {override.py:1911} INFO - Created Permission View: can create on DAG Run:example_sensor_decorator
[2025-12-24T09:24:13.259+0000] {logging_mixin.py:190} INFO - [2025-12-24T09:24:13.258+0000] {override.py:1911} INFO - Created Permission View: can delete on DAG Run:example_sensor_decorator
[2025-12-24T09:24:13.278+0000] {logging_mixin.py:190} INFO - [2025-12-24T09:24:13.277+0000] {override.py:1911} INFO - Created Permission View: can read on DAG Run:example_sensor_decorator
[2025-12-24T09:24:13.280+0000] {logging_mixin.py:190} INFO - [2025-12-24T09:24:13.279+0000] {dag.py:3239} INFO - Sync 1 DAGs
[2025-12-24T09:24:13.324+0000] {logging_mixin.py:190} INFO - [2025-12-24T09:24:13.324+0000] {dag.py:3262} INFO - Creating ORM DAG for example_sensor_decorator
[2025-12-24T09:24:13.326+0000] {logging_mixin.py:190} INFO - [2025-12-24T09:24:13.326+0000] {dag.py:4180} INFO - Setting next_dagrun for example_sensor_decorator to None, run_after=None
[2025-12-24T09:24:13.364+0000] {processor.py:208} INFO - Processing /home/airflow/.local/lib/python3.11/site-packages/airflow/example_dags/example_sensor_decorator.py took 0.831 seconds
[2025-12-24T09:24:04.168+0000] {processor.py:186} INFO - Started process (PID=185) to work on /home/airflow/.local/lib/python3.11/site-packages/airflow/example_dags/example_sensor_decorator.py
[2025-12-24T09:24:04.172+0000] {processor.py:914} INFO - Processing file /home/airflow/.local/lib/python3.11/site-packages/airflow/example_dags/example_sensor_decorator.py for tasks to queue
[2025-12-24T09:24:04.177+0000] {logging_mixin.py:190} INFO - [2025-12-24T09:24:04.177+0000] {dagbag.py:588} INFO - Filling up the DagBag from /home/airflow/.local/lib/python3.11/site-packages/airflow/example_dags/example_sensor_decorator.py
[2025-12-24T09:24:04.191+0000] {processor.py:925} INFO - DAG(s) 'example_sensor_decorator' retrieved from /home/airflow/.local/lib/python3.11/site-packages/airflow/example_dags/example_sensor_decorator.py
[2025-12-24T09:24:04.212+0000] {logging_mixin.py:190} INFO - [2025-12-24T09:24:04.211+0000] {dag.py:3239} INFO - Sync 1 DAGs
[2025-12-24T09:24:04.231+0000] {logging_mixin.py:190} INFO - [2025-12-24T09:24:04.230+0000] {dag.py:4180} INFO - Setting next_dagrun for example_sensor_decorator to None, run_after=None
[2025-12-24T09:24:04.266+0000] {processor.py:208} INFO - Processing /home/airflow/.local/lib/python3.11/site-packages/airflow/example_dags/example_sensor_decorator.py took 0.109 seconds
[2025-12-24T09:24:13.238+0000] {processor.py:186} INFO - Started process (PID=225) to work on /home/airflow/.local/lib/python3.11/site-packages/airflow/example_dags/example_sensor_decorator.py
[2025-12-24T09:24:13.241+0000] {processor.py:914} INFO - Processing file /home/airflow/.local/lib/python3.11/site-packages/airflow/example_dags/example_sensor_decorator.py for tasks to queue
[2025-12-24T09:24:13.246+0000] {logging_mixin.py:190} INFO - [2025-12-24T09:24:13.245+0000] {dagbag.py:588} INFO - Filling up the DagBag from /home/airflow/.local/lib/python3.11/site-packages/airflow/example_dags/example_sensor_decorator.py
[2025-12-24T09:24:13.265+0000] {processor.py:925} INFO - DAG(s) 'example_sensor_decorator' retrieved from /home/airflow/.local/lib/python3.11/site-packages/airflow/example_dags/example_sensor_decorator.py
[2025-12-24T09:24:13.298+0000] {logging_mixin.py:190} INFO - [2025-12-24T09:24:13.297+0000] {dag.py:3239} INFO - Sync 1 DAGs
[2025-12-24T09:24:13.327+0000] {logging_mixin.py:190} INFO - [2025-12-24T09:24:13.326+0000] {dag.py:4180} INFO - Setting next_dagrun for example_sensor_decorator to None, run_after=None
[2025-12-24T09:24:13.372+0000] {processor.py:208} INFO - Processing /home/airflow/.local/lib/python3.11/site-packages/airflow/example_dags/example_sensor_decorator.py took 0.150 seconds
[2025-12-24T09:24:42.542+0000] {processor.py:186} INFO - Started process (PID=284) to work on /home/airflow/.local/lib/python3.11/site-packages/airflow/example_dags/example_sensor_decorator.py
[2025-12-24T09:24:42.544+0000] {processor.py:914} INFO - Processing file /home/airflow/.local/lib/python3.11/site-packages/airflow/example_dags/example_sensor_decorator.py for tasks to queue
[2025-12-24T09:24:42.549+0000] {logging_mixin.py:190} INFO - [2025-12-24T09:24:42.548+0000] {dagbag.py:588} INFO - Filling up the DagBag from /home/airflow/.local/lib/python3.11/site-packages/airflow/example_dags/example_sensor_decorator.py
[2025-12-24T09:24:42.565+0000] {processor.py:925} INFO - DAG(s) 'example_sensor_decorator' retrieved from /home/airflow/.local/lib/python3.11/site-packages/airflow/example_dags/example_sensor_decorator.py
[2025-12-24T09:24:42.587+0000] {logging_mixin.py:190} INFO - [2025-12-24T09:24:42.586+0000] {dag.py:3239} INFO - Sync 1 DAGs
[2025-12-24T09:25:24.944+0000] {logging_mixin.py:190} INFO - [2025-12-24T09:25:24.944+0000] {dag.py:4180} INFO - Setting next_dagrun for example_sensor_decorator to None, run_after=None
[2025-12-24T09:25:25.001+0000] {processor.py:208} INFO - Processing /home/airflow/.local/lib/python3.11/site-packages/airflow/example_dags/example_sensor_decorator.py took 0.145 seconds
[2025-12-24T09:25:19.026+0000] {processor.py:186} INFO - Started process (PID=458) to work on /home/airflow/.local/lib/python3.11/site-packages/airflow/example_dags/example_sensor_decorator.py
[2025-12-24T09:25:19.028+0000] {processor.py:914} INFO - Processing file /home/airflow/.local/lib/python3.11/site-packages/airflow/example_dags/example_sensor_decorator.py for tasks to queue
[2025-12-24T09:25:19.032+0000] {logging_mixin.py:190} INFO - [2025-12-24T09:25:19.032+0000] {dagbag.py:588} INFO - Filling up the DagBag from /home/airflow/.local/lib/python3.11/site-packages/airflow/example_dags/example_sensor_decorator.py
[2025-12-24T09:25:19.051+0000] {processor.py:925} INFO - DAG(s) 'example_sensor_decorator' retrieved from /home/airflow/.local/lib/python3.11/site-packages/airflow/example_dags/example_sensor_decorator.py
[2025-12-24T09:25:19.094+0000] {logging_mixin.py:190} INFO - [2025-12-24T09:25:19.093+0000] {dag.py:3239} INFO - Sync 1 DAGs
[2025-12-24T09:25:19.119+0000] {logging_mixin.py:190} INFO - [2025-12-24T09:25:19.119+0000] {dag.py:4180} INFO - Setting next_dagrun for example_sensor_decorator to None, run_after=None
[2025-12-24T09:25:19.154+0000] {processor.py:208} INFO - Processing /home/airflow/.local/lib/python3.11/site-packages/airflow/example_dags/example_sensor_decorator.py took 0.139 seconds
[2025-12-24T09:25:49.956+0000] {processor.py:186} INFO - Started process (PID=516) to work on /home/airflow/.local/lib/python3.11/site-packages/airflow/example_dags/example_sensor_decorator.py
[2025-12-24T09:25:49.970+0000] {processor.py:914} INFO - Processing file /home/airflow/.local/lib/python3.11/site-packages/airflow/example_dags/example_sensor_decorator.py for tasks to queue
[2025-12-24T09:25:49.977+0000] {logging_mixin.py:190} INFO - [2025-12-24T09:25:49.976+0000] {dagbag.py:588} INFO - Filling up the DagBag from /home/airflow/.local/lib/python3.11/site-packages/airflow/example_dags/example_sensor_decorator.py
[2025-12-24T09:25:49.993+0000] {processor.py:925} INFO - DAG(s) 'example_sensor_decorator' retrieved from /home/airflow/.local/lib/python3.11/site-packages/airflow/example_dags/example_sensor_decorator.py
[2025-12-24T09:25:50.026+0000] {logging_mixin.py:190} INFO - [2025-12-24T09:25:50.025+0000] {dag.py:3239} INFO - Sync 1 DAGs
[2025-12-24T09:25:50.049+0000] {logging_mixin.py:190} INFO - [2025-12-24T09:25:50.048+0000] {dag.py:4180} INFO - Setting next_dagrun for example_sensor_decorator to None, run_after=None
[2025-12-24T09:25:50.080+0000] {processor.py:208} INFO - Processing /home/airflow/.local/lib/python3.11/site-packages/airflow/example_dags/example_sensor_decorator.py took 0.139 seconds
[2025-12-24T09:25:54.854+0000] {processor.py:186} INFO - Started process (PID=547) to work on /home/airflow/.local/lib/python3.11/site-packages/airflow/example_dags/example_sensor_decorator.py
[2025-12-24T09:25:54.856+0000] {processor.py:914} INFO - Processing file /home/airflow/.local/lib/python3.11/site-packages/airflow/example_dags/example_sensor_decorator.py for tasks to queue
[2025-12-24T09:25:54.860+0000] {logging_mixin.py:190} INFO - [2025-12-24T09:25:54.860+0000] {dagbag.py:588} INFO - Filling up the DagBag from /home/airflow/.local/lib/python3.11/site-packages/airflow/example_dags/example_sensor_decorator.py
[2025-12-24T09:25:54.875+0000] {processor.py:925} INFO - DAG(s) 'example_sensor_decorator' retrieved from /home/airflow/.local/lib/python3.11/site-packages/airflow/example_dags/example_sensor_decorator.py
[2025-12-24T09:25:54.910+0000] {logging_mixin.py:190} INFO - [2025-12-24T09:25:54.910+0000] {dag.py:3239} INFO - Sync 1 DAGs
[2025-12-24T09:25:54.929+0000] {logging_mixin.py:190} INFO - [2025-12-24T09:25:54.929+0000] {dag.py:4180} INFO - Setting next_dagrun for example_sensor_decorator to None, run_after=None
[2025-12-24T09:25:54.957+0000] {processor.py:208} INFO - Processing /home/airflow/.local/lib/python3.11/site-packages/airflow/example_dags/example_sensor_decorator.py took 0.113 seconds
[2025-12-24T09:26:04.218+0000] {processor.py:186} INFO - Started process (PID=611) to work on /home/airflow/.local/lib/python3.11/site-packages/airflow/example_dags/example_sensor_decorator.py
[2025-12-24T09:26:04.219+0000] {processor.py:914} INFO - Processing file /home/airflow/.local/lib/python3.11/site-packages/airflow/example_dags/example_sensor_decorator.py for tasks to queue
[2025-12-24T09:26:04.224+0000] {logging_mixin.py:190} INFO - [2025-12-24T09:26:04.223+0000] {dagbag.py:588} INFO - Filling up the DagBag from /home/airflow/.local/lib/python3.11/site-packages/airflow/example_dags/example_sensor_decorator.py
[2025-12-24T09:26:04.237+0000] {processor.py:925} INFO - DAG(s) 'example_sensor_decorator' retrieved from /home/airflow/.local/lib/python3.11/site-packages/airflow/example_dags/example_sensor_decorator.py
[2025-12-24T09:26:04.270+0000] {logging_mixin.py:190} INFO - [2025-12-24T09:26:04.269+0000] {dag.py:3239} INFO - Sync 1 DAGs
[2025-12-24T09:26:04.296+0000] {logging_mixin.py:190} INFO - [2025-12-24T09:26:04.295+0000] {dag.py:4180} INFO - Setting next_dagrun for example_sensor_decorator to None, run_after=None
[2025-12-24T09:26:04.341+0000] {processor.py:208} INFO - Processing /home/airflow/.local/lib/python3.11/site-packages/airflow/example_dags/example_sensor_decorator.py took 0.134 seconds
[2025-12-24T09:26:13.046+0000] {processor.py:186} INFO - Started process (PID=667) to work on /home/airflow/.local/lib/python3.11/site-packages/airflow/example_dags/example_sensor_decorator.py
[2025-12-24T09:26:13.048+0000] {processor.py:914} INFO - Processing file /home/airflow/.local/lib/python3.11/site-packages/airflow/example_dags/example_sensor_decorator.py for tasks to queue
[2025-12-24T09:26:13.052+0000] {logging_mixin.py:190} INFO - [2025-12-24T09:26:13.052+0000] {dagbag.py:588} INFO - Filling up the DagBag from /home/airflow/.local/lib/python3.11/site-packages/airflow/example_dags/example_sensor_decorator.py
[2025-12-24T09:26:13.070+0000] {processor.py:925} INFO - DAG(s) 'example_sensor_decorator' retrieved from /home/airflow/.local/lib/python3.11/site-packages/airflow/example_dags/example_sensor_decorator.py
[2025-12-24T09:26:13.119+0000] {logging_mixin.py:190} INFO - [2025-12-24T09:26:13.115+0000] {dag.py:3239} INFO - Sync 1 DAGs
[2025-12-24T09:26:13.157+0000] {logging_mixin.py:190} INFO - [2025-12-24T09:26:13.157+0000] {dag.py:4180} INFO - Setting next_dagrun for example_sensor_decorator to None, run_after=None
[2025-12-24T09:26:13.194+0000] {processor.py:208} INFO - Processing /home/airflow/.local/lib/python3.11/site-packages/airflow/example_dags/example_sensor_decorator.py took 0.158 seconds
[2025-12-24T09:26:23.626+0000] {processor.py:186} INFO - Started process (PID=719) to work on /home/airflow/.local/lib/python3.11/site-packages/airflow/example_dags/example_sensor_decorator.py
[2025-12-24T09:26:23.628+0000] {processor.py:914} INFO - Processing file /home/airflow/.local/lib/python3.11/site-packages/airflow/example_dags/example_sensor_decorator.py for tasks to queue
[2025-12-24T09:26:23.632+0000] {logging_mixin.py:190} INFO - [2025-12-24T09:26:23.631+0000] {dagbag.py:588} INFO - Filling up the DagBag from /home/airflow/.local/lib/python3.11/site-packages/airflow/example_dags/example_sensor_decorator.py
[2025-12-24T09:26:23.648+0000] {processor.py:925} INFO - DAG(s) 'example_sensor_decorator' retrieved from /home/airflow/.local/lib/python3.11/site-packages/airflow/example_dags/example_sensor_decorator.py
[2025-12-24T09:26:23.685+0000] {logging_mixin.py:190} INFO - [2025-12-24T09:26:23.684+0000] {dag.py:3239} INFO - Sync 1 DAGs
[2025-12-24T09:26:23.709+0000] {logging_mixin.py:190} INFO - [2025-12-24T09:26:23.709+0000] {dag.py:4180} INFO - Setting next_dagrun for example_sensor_decorator to None, run_after=None
[2025-12-24T09:26:23.764+0000] {processor.py:208} INFO - Processing /home/airflow/.local/lib/python3.11/site-packages/airflow/example_dags/example_sensor_decorator.py took 0.147 seconds
[2025-12-24T09:26:33.783+0000] {processor.py:186} INFO - Started process (PID=774) to work on /home/airflow/.local/lib/python3.11/site-packages/airflow/example_dags/example_sensor_decorator.py
[2025-12-24T09:26:33.784+0000] {processor.py:914} INFO - Processing file /home/airflow/.local/lib/python3.11/site-packages/airflow/example_dags/example_sensor_decorator.py for tasks to queue
[2025-12-24T09:26:33.788+0000] {logging_mixin.py:190} INFO - [2025-12-24T09:26:33.788+0000] {dagbag.py:588} INFO - Filling up the DagBag from /home/airflow/.local/lib/python3.11/site-packages/airflow/example_dags/example_sensor_decorator.py
[2025-12-24T09:26:33.804+0000] {processor.py:925} INFO - DAG(s) 'example_sensor_decorator' retrieved from /home/airflow/.local/lib/python3.11/site-packages/airflow/example_dags/example_sensor_decorator.py
[2025-12-24T09:26:33.839+0000] {logging_mixin.py:190} INFO - [2025-12-24T09:26:33.839+0000] {dag.py:3239} INFO - Sync 1 DAGs
[2025-12-24T09:26:33.870+0000] {logging_mixin.py:190} INFO - [2025-12-24T09:26:33.869+0000] {dag.py:4180} INFO - Setting next_dagrun for example_sensor_decorator to None, run_after=None
[2025-12-24T09:26:33.903+0000] {processor.py:208} INFO - Processing /home/airflow/.local/lib/python3.11/site-packages/airflow/example_dags/example_sensor_decorator.py took 0.132 seconds
[2025-12-24T09:26:44.238+0000] {processor.py:186} INFO - Started process (PID=827) to work on /home/airflow/.local/lib/python3.11/site-packages/airflow/example_dags/example_sensor_decorator.py
[2025-12-24T09:26:44.242+0000] {processor.py:914} INFO - Processing file /home/airflow/.local/lib/python3.11/site-packages/airflow/example_dags/example_sensor_decorator.py for tasks to queue
[2025-12-24T09:26:44.248+0000] {logging_mixin.py:190} INFO - [2025-12-24T09:26:44.248+0000] {dagbag.py:588} INFO - Filling up the DagBag from /home/airflow/.local/lib/python3.11/site-packages/airflow/example_dags/example_sensor_decorator.py
[2025-12-24T09:26:44.275+0000] {processor.py:925} INFO - DAG(s) 'example_sensor_decorator' retrieved from /home/airflow/.local/lib/python3.11/site-packages/airflow/example_dags/example_sensor_decorator.py
[2025-12-24T09:26:44.322+0000] {logging_mixin.py:190} INFO - [2025-12-24T09:26:44.321+0000] {dag.py:3239} INFO - Sync 1 DAGs
[2025-12-24T09:26:44.350+0000] {logging_mixin.py:190} INFO - [2025-12-24T09:26:44.349+0000] {dag.py:4180} INFO - Setting next_dagrun for example_sensor_decorator to None, run_after=None
[2025-12-24T09:26:44.391+0000] {processor.py:208} INFO - Processing /home/airflow/.local/lib/python3.11/site-packages/airflow/example_dags/example_sensor_decorator.py took 0.171 seconds
[2025-12-24T09:27:41.585+0000] {processor.py:186} INFO - Started process (PID=883) to work on /home/airflow/.local/lib/python3.11/site-packages/airflow/example_dags/example_sensor_decorator.py
[2025-12-24T09:27:41.587+0000] {processor.py:914} INFO - Processing file /home/airflow/.local/lib/python3.11/site-packages/airflow/example_dags/example_sensor_decorator.py for tasks to queue
[2025-12-24T09:27:41.593+0000] {logging_mixin.py:190} INFO - [2025-12-24T09:27:41.593+0000] {dagbag.py:588} INFO - Filling up the DagBag from /home/airflow/.local/lib/python3.11/site-packages/airflow/example_dags/example_sensor_decorator.py
[2025-12-24T09:27:41.611+0000] {processor.py:925} INFO - DAG(s) 'example_sensor_decorator' retrieved from /home/airflow/.local/lib/python3.11/site-packages/airflow/example_dags/example_sensor_decorator.py
[2025-12-24T09:27:41.660+0000] {logging_mixin.py:190} INFO - [2025-12-24T09:27:41.659+0000] {dag.py:3239} INFO - Sync 1 DAGs
[2025-12-24T09:27:41.681+0000] {logging_mixin.py:190} INFO - [2025-12-24T09:27:41.681+0000] {dag.py:4180} INFO - Setting next_dagrun for example_sensor_decorator to None, run_after=None
[2025-12-24T09:27:41.717+0000] {processor.py:208} INFO - Processing /home/airflow/.local/lib/python3.11/site-packages/airflow/example_dags/example_sensor_decorator.py took 0.142 seconds
[2025-12-24T09:27:49.289+0000] {processor.py:186} INFO - Started process (PID=955) to work on /home/airflow/.local/lib/python3.11/site-packages/airflow/example_dags/example_sensor_decorator.py
[2025-12-24T09:27:49.291+0000] {processor.py:914} INFO - Processing file /home/airflow/.local/lib/python3.11/site-packages/airflow/example_dags/example_sensor_decorator.py for tasks to queue
[2025-12-24T09:27:49.295+0000] {logging_mixin.py:190} INFO - [2025-12-24T09:27:49.295+0000] {dagbag.py:588} INFO - Filling up the DagBag from /home/airflow/.local/lib/python3.11/site-packages/airflow/example_dags/example_sensor_decorator.py
[2025-12-24T09:27:49.322+0000] {processor.py:925} INFO - DAG(s) 'example_sensor_decorator' retrieved from /home/airflow/.local/lib/python3.11/site-packages/airflow/example_dags/example_sensor_decorator.py
[2025-12-24T09:27:49.363+0000] {logging_mixin.py:190} INFO - [2025-12-24T09:27:49.362+0000] {dag.py:3239} INFO - Sync 1 DAGs
[2025-12-24T09:27:49.387+0000] {logging_mixin.py:190} INFO - [2025-12-24T09:27:49.387+0000] {dag.py:4180} INFO - Setting next_dagrun for example_sensor_decorator to None, run_after=None
[2025-12-24T09:27:49.416+0000] {processor.py:208} INFO - Processing /home/airflow/.local/lib/python3.11/site-packages/airflow/example_dags/example_sensor_decorator.py took 0.137 seconds
[2025-12-24T09:27:59.469+0000] {processor.py:186} INFO - Started process (PID=1015) to work on /home/airflow/.local/lib/python3.11/site-packages/airflow/example_dags/example_sensor_decorator.py
[2025-12-24T09:27:59.471+0000] {processor.py:914} INFO - Processing file /home/airflow/.local/lib/python3.11/site-packages/airflow/example_dags/example_sensor_decorator.py for tasks to queue
[2025-12-24T09:27:59.475+0000] {logging_mixin.py:190} INFO - [2025-12-24T09:27:59.474+0000] {dagbag.py:588} INFO - Filling up the DagBag from /home/airflow/.local/lib/python3.11/site-packages/airflow/example_dags/example_sensor_decorator.py
[2025-12-24T09:27:59.489+0000] {processor.py:925} INFO - DAG(s) 'example_sensor_decorator' retrieved from /home/airflow/.local/lib/python3.11/site-packages/airflow/example_dags/example_sensor_decorator.py
[2025-12-24T09:27:59.522+0000] {logging_mixin.py:190} INFO - [2025-12-24T09:27:59.521+0000] {dag.py:3239} INFO - Sync 1 DAGs
[2025-12-24T09:27:59.546+0000] {logging_mixin.py:190} INFO - [2025-12-24T09:27:59.546+0000] {dag.py:4180} INFO - Setting next_dagrun for example_sensor_decorator to None, run_after=None
[2025-12-24T09:27:59.584+0000] {processor.py:208} INFO - Processing /home/airflow/.local/lib/python3.11/site-packages/airflow/example_dags/example_sensor_decorator.py took 0.126 seconds
[2025-12-24T09:28:55.336+0000] {processor.py:186} INFO - Started process (PID=1080) to work on /home/airflow/.local/lib/python3.11/site-packages/airflow/example_dags/example_sensor_decorator.py
[2025-12-24T09:28:55.337+0000] {processor.py:914} INFO - Processing file /home/airflow/.local/lib/python3.11/site-packages/airflow/example_dags/example_sensor_decorator.py for tasks to queue
[2025-12-24T09:28:55.341+0000] {logging_mixin.py:190} INFO - [2025-12-24T09:28:55.340+0000] {dagbag.py:588} INFO - Filling up the DagBag from /home/airflow/.local/lib/python3.11/site-packages/airflow/example_dags/example_sensor_decorator.py
[2025-12-24T09:28:55.354+0000] {processor.py:925} INFO - DAG(s) 'example_sensor_decorator' retrieved from /home/airflow/.local/lib/python3.11/site-packages/airflow/example_dags/example_sensor_decorator.py
[2025-12-24T09:28:55.396+0000] {logging_mixin.py:190} INFO - [2025-12-24T09:28:55.395+0000] {dag.py:3239} INFO - Sync 1 DAGs
[2025-12-24T09:28:55.414+0000] {logging_mixin.py:190} INFO - [2025-12-24T09:28:55.414+0000] {dag.py:4180} INFO - Setting next_dagrun for example_sensor_decorator to None, run_after=None
[2025-12-24T09:28:55.441+0000] {processor.py:208} INFO - Processing /home/airflow/.local/lib/python3.11/site-packages/airflow/example_dags/example_sensor_decorator.py took 0.115 seconds
