[2025-12-24T09:02:56.131+0000] {processor.py:186} INFO - Started process (PID=94) to work on /home/airflow/.local/lib/python3.11/site-packages/airflow/example_dags/example_complex.py
[2025-12-24T09:02:56.133+0000] {processor.py:914} INFO - Processing file /home/airflow/.local/lib/python3.11/site-packages/airflow/example_dags/example_complex.py for tasks to queue
[2025-12-24T09:02:56.138+0000] {logging_mixin.py:190} INFO - [2025-12-24T09:02:56.138+0000] {dagbag.py:588} INFO - Filling up the DagBag from /home/airflow/.local/lib/python3.11/site-packages/airflow/example_dags/example_complex.py
[2025-12-24T09:02:56.167+0000] {processor.py:925} INFO - DAG(s) 'example_complex' retrieved from /home/airflow/.local/lib/python3.11/site-packages/airflow/example_dags/example_complex.py
[2025-12-24T09:02:56.426+0000] {logging_mixin.py:190} INFO - [2025-12-24T09:02:56.425+0000] {override.py:1911} INFO - Created Permission View: can edit on DAG:example_complex
[2025-12-24T09:02:56.456+0000] {logging_mixin.py:190} INFO - [2025-12-24T09:02:56.455+0000] {override.py:1911} INFO - Created Permission View: can read on DAG:example_complex
[2025-12-24T09:02:56.474+0000] {logging_mixin.py:190} INFO - [2025-12-24T09:02:56.474+0000] {override.py:1911} INFO - Created Permission View: can delete on DAG:example_complex
[2025-12-24T09:02:56.497+0000] {logging_mixin.py:190} INFO - [2025-12-24T09:02:56.497+0000] {override.py:1911} INFO - Created Permission View: can read on DAG Run:example_complex
[2025-12-24T09:02:56.510+0000] {logging_mixin.py:190} INFO - [2025-12-24T09:02:56.510+0000] {override.py:1911} INFO - Created Permission View: can create on DAG Run:example_complex
[2025-12-24T09:02:56.542+0000] {logging_mixin.py:190} INFO - [2025-12-24T09:02:56.541+0000] {override.py:1911} INFO - Created Permission View: can delete on DAG Run:example_complex
[2025-12-24T09:02:56.558+0000] {logging_mixin.py:190} INFO - [2025-12-24T09:02:56.557+0000] {override.py:1911} INFO - Created Permission View: menu access on DAG Run:example_complex
[2025-12-24T09:02:56.559+0000] {logging_mixin.py:190} INFO - [2025-12-24T09:02:56.559+0000] {dag.py:3239} INFO - Sync 1 DAGs
[2025-12-24T09:02:56.593+0000] {logging_mixin.py:190} INFO - [2025-12-24T09:02:56.592+0000] {dag.py:3262} INFO - Creating ORM DAG for example_complex
[2025-12-24T09:02:56.594+0000] {logging_mixin.py:190} INFO - [2025-12-24T09:02:56.594+0000] {dag.py:4180} INFO - Setting next_dagrun for example_complex to None, run_after=None
[2025-12-24T09:02:56.645+0000] {processor.py:208} INFO - Processing /home/airflow/.local/lib/python3.11/site-packages/airflow/example_dags/example_complex.py took 0.525 seconds
[2025-12-24T09:03:12.839+0000] {processor.py:186} INFO - Started process (PID=153) to work on /home/airflow/.local/lib/python3.11/site-packages/airflow/example_dags/example_complex.py
[2025-12-24T09:03:12.840+0000] {processor.py:914} INFO - Processing file /home/airflow/.local/lib/python3.11/site-packages/airflow/example_dags/example_complex.py for tasks to queue
[2025-12-24T09:03:12.845+0000] {logging_mixin.py:190} INFO - [2025-12-24T09:03:12.844+0000] {dagbag.py:588} INFO - Filling up the DagBag from /home/airflow/.local/lib/python3.11/site-packages/airflow/example_dags/example_complex.py
[2025-12-24T09:03:12.865+0000] {processor.py:925} INFO - DAG(s) 'example_complex' retrieved from /home/airflow/.local/lib/python3.11/site-packages/airflow/example_dags/example_complex.py
[2025-12-24T09:03:12.888+0000] {logging_mixin.py:190} INFO - [2025-12-24T09:03:12.888+0000] {dag.py:3239} INFO - Sync 1 DAGs
[2025-12-24T09:03:12.912+0000] {logging_mixin.py:190} INFO - [2025-12-24T09:03:12.911+0000] {dag.py:4180} INFO - Setting next_dagrun for example_complex to None, run_after=None
[2025-12-24T09:03:12.949+0000] {processor.py:208} INFO - Processing /home/airflow/.local/lib/python3.11/site-packages/airflow/example_dags/example_complex.py took 0.122 seconds
[2025-12-24T09:04:15.632+0000] {processor.py:186} INFO - Started process (PID=217) to work on /home/airflow/.local/lib/python3.11/site-packages/airflow/example_dags/example_complex.py
[2025-12-24T09:04:15.634+0000] {processor.py:914} INFO - Processing file /home/airflow/.local/lib/python3.11/site-packages/airflow/example_dags/example_complex.py for tasks to queue
[2025-12-24T09:04:15.639+0000] {logging_mixin.py:190} INFO - [2025-12-24T09:04:15.639+0000] {dagbag.py:588} INFO - Filling up the DagBag from /home/airflow/.local/lib/python3.11/site-packages/airflow/example_dags/example_complex.py
[2025-12-24T09:04:15.675+0000] {processor.py:925} INFO - DAG(s) 'example_complex' retrieved from /home/airflow/.local/lib/python3.11/site-packages/airflow/example_dags/example_complex.py
[2025-12-24T09:04:15.741+0000] {logging_mixin.py:190} INFO - [2025-12-24T09:04:15.740+0000] {dag.py:3239} INFO - Sync 1 DAGs
[2025-12-24T09:04:15.768+0000] {logging_mixin.py:190} INFO - [2025-12-24T09:04:15.768+0000] {dag.py:4180} INFO - Setting next_dagrun for example_complex to None, run_after=None
[2025-12-24T09:04:15.804+0000] {processor.py:208} INFO - Processing /home/airflow/.local/lib/python3.11/site-packages/airflow/example_dags/example_complex.py took 0.183 seconds
[2025-12-24T09:04:13.036+0000] {processor.py:186} INFO - Started process (PID=283) to work on /home/airflow/.local/lib/python3.11/site-packages/airflow/example_dags/example_complex.py
[2025-12-24T09:04:13.050+0000] {processor.py:914} INFO - Processing file /home/airflow/.local/lib/python3.11/site-packages/airflow/example_dags/example_complex.py for tasks to queue
[2025-12-24T09:04:13.056+0000] {logging_mixin.py:190} INFO - [2025-12-24T09:04:13.055+0000] {dagbag.py:588} INFO - Filling up the DagBag from /home/airflow/.local/lib/python3.11/site-packages/airflow/example_dags/example_complex.py
[2025-12-24T09:04:13.076+0000] {processor.py:925} INFO - DAG(s) 'example_complex' retrieved from /home/airflow/.local/lib/python3.11/site-packages/airflow/example_dags/example_complex.py
[2025-12-24T09:04:13.118+0000] {logging_mixin.py:190} INFO - [2025-12-24T09:04:13.117+0000] {dag.py:3239} INFO - Sync 1 DAGs
[2025-12-24T09:04:13.134+0000] {logging_mixin.py:190} INFO - [2025-12-24T09:04:13.134+0000] {dag.py:4180} INFO - Setting next_dagrun for example_complex to None, run_after=None
[2025-12-24T09:04:13.159+0000] {processor.py:208} INFO - Processing /home/airflow/.local/lib/python3.11/site-packages/airflow/example_dags/example_complex.py took 0.135 seconds
[2025-12-24T09:04:43.411+0000] {processor.py:186} INFO - Started process (PID=346) to work on /home/airflow/.local/lib/python3.11/site-packages/airflow/example_dags/example_complex.py
[2025-12-24T09:04:43.413+0000] {processor.py:914} INFO - Processing file /home/airflow/.local/lib/python3.11/site-packages/airflow/example_dags/example_complex.py for tasks to queue
[2025-12-24T09:04:43.419+0000] {logging_mixin.py:190} INFO - [2025-12-24T09:04:43.418+0000] {dagbag.py:588} INFO - Filling up the DagBag from /home/airflow/.local/lib/python3.11/site-packages/airflow/example_dags/example_complex.py
[2025-12-24T09:04:43.444+0000] {processor.py:925} INFO - DAG(s) 'example_complex' retrieved from /home/airflow/.local/lib/python3.11/site-packages/airflow/example_dags/example_complex.py
[2025-12-24T09:04:43.504+0000] {logging_mixin.py:190} INFO - [2025-12-24T09:04:43.503+0000] {dag.py:3239} INFO - Sync 1 DAGs
[2025-12-24T09:04:43.531+0000] {logging_mixin.py:190} INFO - [2025-12-24T09:04:43.530+0000] {dag.py:4180} INFO - Setting next_dagrun for example_complex to None, run_after=None
[2025-12-24T09:04:43.560+0000] {processor.py:208} INFO - Processing /home/airflow/.local/lib/python3.11/site-packages/airflow/example_dags/example_complex.py took 0.162 seconds
[2025-12-24T09:04:53.090+0000] {processor.py:186} INFO - Started process (PID=411) to work on /home/airflow/.local/lib/python3.11/site-packages/airflow/example_dags/example_complex.py
[2025-12-24T09:04:53.093+0000] {processor.py:914} INFO - Processing file /home/airflow/.local/lib/python3.11/site-packages/airflow/example_dags/example_complex.py for tasks to queue
[2025-12-24T09:04:53.098+0000] {logging_mixin.py:190} INFO - [2025-12-24T09:04:53.097+0000] {dagbag.py:588} INFO - Filling up the DagBag from /home/airflow/.local/lib/python3.11/site-packages/airflow/example_dags/example_complex.py
[2025-12-24T09:04:53.129+0000] {processor.py:925} INFO - DAG(s) 'example_complex' retrieved from /home/airflow/.local/lib/python3.11/site-packages/airflow/example_dags/example_complex.py
[2025-12-24T09:04:53.191+0000] {logging_mixin.py:190} INFO - [2025-12-24T09:04:53.190+0000] {dag.py:3239} INFO - Sync 1 DAGs
[2025-12-24T09:04:53.212+0000] {logging_mixin.py:190} INFO - [2025-12-24T09:04:53.212+0000] {dag.py:4180} INFO - Setting next_dagrun for example_complex to None, run_after=None
[2025-12-24T09:04:53.240+0000] {processor.py:208} INFO - Processing /home/airflow/.local/lib/python3.11/site-packages/airflow/example_dags/example_complex.py took 0.163 seconds
[2025-12-24T09:05:23.507+0000] {processor.py:186} INFO - Started process (PID=476) to work on /home/airflow/.local/lib/python3.11/site-packages/airflow/example_dags/example_complex.py
[2025-12-24T09:05:23.509+0000] {processor.py:914} INFO - Processing file /home/airflow/.local/lib/python3.11/site-packages/airflow/example_dags/example_complex.py for tasks to queue
[2025-12-24T09:05:23.513+0000] {logging_mixin.py:190} INFO - [2025-12-24T09:05:23.512+0000] {dagbag.py:588} INFO - Filling up the DagBag from /home/airflow/.local/lib/python3.11/site-packages/airflow/example_dags/example_complex.py
[2025-12-24T09:05:23.530+0000] {processor.py:925} INFO - DAG(s) 'example_complex' retrieved from /home/airflow/.local/lib/python3.11/site-packages/airflow/example_dags/example_complex.py
[2025-12-24T09:05:23.590+0000] {logging_mixin.py:190} INFO - [2025-12-24T09:05:23.590+0000] {dag.py:3239} INFO - Sync 1 DAGs
[2025-12-24T09:05:23.607+0000] {logging_mixin.py:190} INFO - [2025-12-24T09:05:23.607+0000] {dag.py:4180} INFO - Setting next_dagrun for example_complex to None, run_after=None
[2025-12-24T09:05:23.632+0000] {processor.py:208} INFO - Processing /home/airflow/.local/lib/python3.11/site-packages/airflow/example_dags/example_complex.py took 0.134 seconds
[2025-12-24T09:05:27.370+0000] {processor.py:186} INFO - Started process (PID=512) to work on /home/airflow/.local/lib/python3.11/site-packages/airflow/example_dags/example_complex.py
[2025-12-24T09:05:27.371+0000] {processor.py:914} INFO - Processing file /home/airflow/.local/lib/python3.11/site-packages/airflow/example_dags/example_complex.py for tasks to queue
[2025-12-24T09:05:27.375+0000] {logging_mixin.py:190} INFO - [2025-12-24T09:05:27.375+0000] {dagbag.py:588} INFO - Filling up the DagBag from /home/airflow/.local/lib/python3.11/site-packages/airflow/example_dags/example_complex.py
[2025-12-24T09:05:27.392+0000] {processor.py:925} INFO - DAG(s) 'example_complex' retrieved from /home/airflow/.local/lib/python3.11/site-packages/airflow/example_dags/example_complex.py
[2025-12-24T09:05:27.433+0000] {logging_mixin.py:190} INFO - [2025-12-24T09:05:27.433+0000] {dag.py:3239} INFO - Sync 1 DAGs
[2025-12-24T09:05:27.451+0000] {logging_mixin.py:190} INFO - [2025-12-24T09:05:27.450+0000] {dag.py:4180} INFO - Setting next_dagrun for example_complex to None, run_after=None
[2025-12-24T09:05:27.476+0000] {processor.py:208} INFO - Processing /home/airflow/.local/lib/python3.11/site-packages/airflow/example_dags/example_complex.py took 0.116 seconds
[2025-12-24T09:05:38.863+0000] {processor.py:186} INFO - Started process (PID=567) to work on /home/airflow/.local/lib/python3.11/site-packages/airflow/example_dags/example_complex.py
[2025-12-24T09:05:38.865+0000] {processor.py:914} INFO - Processing file /home/airflow/.local/lib/python3.11/site-packages/airflow/example_dags/example_complex.py for tasks to queue
[2025-12-24T09:05:38.869+0000] {logging_mixin.py:190} INFO - [2025-12-24T09:05:38.868+0000] {dagbag.py:588} INFO - Filling up the DagBag from /home/airflow/.local/lib/python3.11/site-packages/airflow/example_dags/example_complex.py
[2025-12-24T09:05:38.887+0000] {processor.py:925} INFO - DAG(s) 'example_complex' retrieved from /home/airflow/.local/lib/python3.11/site-packages/airflow/example_dags/example_complex.py
[2025-12-24T09:05:38.933+0000] {logging_mixin.py:190} INFO - [2025-12-24T09:05:38.933+0000] {dag.py:3239} INFO - Sync 1 DAGs
[2025-12-24T09:05:38.975+0000] {logging_mixin.py:190} INFO - [2025-12-24T09:05:38.975+0000] {dag.py:4180} INFO - Setting next_dagrun for example_complex to None, run_after=None
[2025-12-24T09:05:39.044+0000] {processor.py:208} INFO - Processing /home/airflow/.local/lib/python3.11/site-packages/airflow/example_dags/example_complex.py took 0.192 seconds
[2025-12-24T09:06:40.832+0000] {processor.py:186} INFO - Started process (PID=629) to work on /home/airflow/.local/lib/python3.11/site-packages/airflow/example_dags/example_complex.py
[2025-12-24T09:06:40.834+0000] {processor.py:914} INFO - Processing file /home/airflow/.local/lib/python3.11/site-packages/airflow/example_dags/example_complex.py for tasks to queue
[2025-12-24T09:06:40.841+0000] {logging_mixin.py:190} INFO - [2025-12-24T09:06:40.840+0000] {dagbag.py:588} INFO - Filling up the DagBag from /home/airflow/.local/lib/python3.11/site-packages/airflow/example_dags/example_complex.py
[2025-12-24T09:06:40.870+0000] {processor.py:925} INFO - DAG(s) 'example_complex' retrieved from /home/airflow/.local/lib/python3.11/site-packages/airflow/example_dags/example_complex.py
[2025-12-24T09:06:40.944+0000] {logging_mixin.py:190} INFO - [2025-12-24T09:06:40.943+0000] {dag.py:3239} INFO - Sync 1 DAGs
[2025-12-24T09:06:40.973+0000] {logging_mixin.py:190} INFO - [2025-12-24T09:06:40.972+0000] {dag.py:4180} INFO - Setting next_dagrun for example_complex to None, run_after=None
[2025-12-24T09:06:41.017+0000] {processor.py:208} INFO - Processing /home/airflow/.local/lib/python3.11/site-packages/airflow/example_dags/example_complex.py took 0.201 seconds
[2025-12-24T09:06:43.714+0000] {processor.py:186} INFO - Started process (PID=695) to work on /home/airflow/.local/lib/python3.11/site-packages/airflow/example_dags/example_complex.py
[2025-12-24T09:06:43.716+0000] {processor.py:914} INFO - Processing file /home/airflow/.local/lib/python3.11/site-packages/airflow/example_dags/example_complex.py for tasks to queue
[2025-12-24T09:06:43.721+0000] {logging_mixin.py:190} INFO - [2025-12-24T09:06:43.720+0000] {dagbag.py:588} INFO - Filling up the DagBag from /home/airflow/.local/lib/python3.11/site-packages/airflow/example_dags/example_complex.py
[2025-12-24T09:06:43.769+0000] {processor.py:925} INFO - DAG(s) 'example_complex' retrieved from /home/airflow/.local/lib/python3.11/site-packages/airflow/example_dags/example_complex.py
[2025-12-24T09:06:43.820+0000] {logging_mixin.py:190} INFO - [2025-12-24T09:06:43.820+0000] {dag.py:3239} INFO - Sync 1 DAGs
[2025-12-24T09:06:43.844+0000] {logging_mixin.py:190} INFO - [2025-12-24T09:06:43.844+0000] {dag.py:4180} INFO - Setting next_dagrun for example_complex to None, run_after=None
[2025-12-24T09:06:43.879+0000] {processor.py:208} INFO - Processing /home/airflow/.local/lib/python3.11/site-packages/airflow/example_dags/example_complex.py took 0.177 seconds
[2025-12-24T09:07:13.185+0000] {processor.py:186} INFO - Started process (PID=761) to work on /home/airflow/.local/lib/python3.11/site-packages/airflow/example_dags/example_complex.py
[2025-12-24T09:07:13.187+0000] {processor.py:914} INFO - Processing file /home/airflow/.local/lib/python3.11/site-packages/airflow/example_dags/example_complex.py for tasks to queue
[2025-12-24T09:07:13.191+0000] {logging_mixin.py:190} INFO - [2025-12-24T09:07:13.191+0000] {dagbag.py:588} INFO - Filling up the DagBag from /home/airflow/.local/lib/python3.11/site-packages/airflow/example_dags/example_complex.py
[2025-12-24T09:07:13.245+0000] {processor.py:925} INFO - DAG(s) 'example_complex' retrieved from /home/airflow/.local/lib/python3.11/site-packages/airflow/example_dags/example_complex.py
[2025-12-24T09:07:13.312+0000] {logging_mixin.py:190} INFO - [2025-12-24T09:07:13.312+0000] {dag.py:3239} INFO - Sync 1 DAGs
[2025-12-24T09:07:13.333+0000] {logging_mixin.py:190} INFO - [2025-12-24T09:07:13.333+0000] {dag.py:4180} INFO - Setting next_dagrun for example_complex to None, run_after=None
[2025-12-24T09:07:13.368+0000] {processor.py:208} INFO - Processing /home/airflow/.local/lib/python3.11/site-packages/airflow/example_dags/example_complex.py took 0.193 seconds
[2025-12-24T09:07:23.068+0000] {processor.py:186} INFO - Started process (PID=823) to work on /home/airflow/.local/lib/python3.11/site-packages/airflow/example_dags/example_complex.py
[2025-12-24T09:07:23.070+0000] {processor.py:914} INFO - Processing file /home/airflow/.local/lib/python3.11/site-packages/airflow/example_dags/example_complex.py for tasks to queue
[2025-12-24T09:07:23.076+0000] {logging_mixin.py:190} INFO - [2025-12-24T09:07:23.076+0000] {dagbag.py:588} INFO - Filling up the DagBag from /home/airflow/.local/lib/python3.11/site-packages/airflow/example_dags/example_complex.py
[2025-12-24T09:07:23.096+0000] {processor.py:925} INFO - DAG(s) 'example_complex' retrieved from /home/airflow/.local/lib/python3.11/site-packages/airflow/example_dags/example_complex.py
[2025-12-24T09:07:23.158+0000] {logging_mixin.py:190} INFO - [2025-12-24T09:07:23.158+0000] {dag.py:3239} INFO - Sync 1 DAGs
[2025-12-24T09:07:23.179+0000] {logging_mixin.py:190} INFO - [2025-12-24T09:07:23.179+0000] {dag.py:4180} INFO - Setting next_dagrun for example_complex to None, run_after=None
[2025-12-24T09:07:23.204+0000] {processor.py:208} INFO - Processing /home/airflow/.local/lib/python3.11/site-packages/airflow/example_dags/example_complex.py took 0.145 seconds
[2025-12-24T09:07:33.165+0000] {processor.py:186} INFO - Started process (PID=880) to work on /home/airflow/.local/lib/python3.11/site-packages/airflow/example_dags/example_complex.py
[2025-12-24T09:07:33.167+0000] {processor.py:914} INFO - Processing file /home/airflow/.local/lib/python3.11/site-packages/airflow/example_dags/example_complex.py for tasks to queue
[2025-12-24T09:07:33.171+0000] {logging_mixin.py:190} INFO - [2025-12-24T09:07:33.171+0000] {dagbag.py:588} INFO - Filling up the DagBag from /home/airflow/.local/lib/python3.11/site-packages/airflow/example_dags/example_complex.py
[2025-12-24T09:07:33.190+0000] {processor.py:925} INFO - DAG(s) 'example_complex' retrieved from /home/airflow/.local/lib/python3.11/site-packages/airflow/example_dags/example_complex.py
[2025-12-24T09:07:33.250+0000] {logging_mixin.py:190} INFO - [2025-12-24T09:07:33.249+0000] {dag.py:3239} INFO - Sync 1 DAGs
[2025-12-24T09:07:33.267+0000] {logging_mixin.py:190} INFO - [2025-12-24T09:07:33.267+0000] {dag.py:4180} INFO - Setting next_dagrun for example_complex to None, run_after=None
[2025-12-24T09:07:33.293+0000] {processor.py:208} INFO - Processing /home/airflow/.local/lib/python3.11/site-packages/airflow/example_dags/example_complex.py took 0.140 seconds
[2025-12-24T09:07:42.760+0000] {processor.py:186} INFO - Started process (PID=936) to work on /home/airflow/.local/lib/python3.11/site-packages/airflow/example_dags/example_complex.py
[2025-12-24T09:07:42.762+0000] {processor.py:914} INFO - Processing file /home/airflow/.local/lib/python3.11/site-packages/airflow/example_dags/example_complex.py for tasks to queue
[2025-12-24T09:07:42.770+0000] {logging_mixin.py:190} INFO - [2025-12-24T09:07:42.770+0000] {dagbag.py:588} INFO - Filling up the DagBag from /home/airflow/.local/lib/python3.11/site-packages/airflow/example_dags/example_complex.py
[2025-12-24T09:07:42.844+0000] {processor.py:925} INFO - DAG(s) 'example_complex' retrieved from /home/airflow/.local/lib/python3.11/site-packages/airflow/example_dags/example_complex.py
[2025-12-24T09:07:42.934+0000] {logging_mixin.py:190} INFO - [2025-12-24T09:07:42.934+0000] {dag.py:3239} INFO - Sync 1 DAGs
[2025-12-24T09:07:42.977+0000] {logging_mixin.py:190} INFO - [2025-12-24T09:07:42.977+0000] {dag.py:4180} INFO - Setting next_dagrun for example_complex to None, run_after=None
[2025-12-24T09:07:43.021+0000] {processor.py:208} INFO - Processing /home/airflow/.local/lib/python3.11/site-packages/airflow/example_dags/example_complex.py took 0.271 seconds
[2025-12-24T09:08:40.412+0000] {processor.py:186} INFO - Started process (PID=997) to work on /home/airflow/.local/lib/python3.11/site-packages/airflow/example_dags/example_complex.py
[2025-12-24T09:08:40.414+0000] {processor.py:914} INFO - Processing file /home/airflow/.local/lib/python3.11/site-packages/airflow/example_dags/example_complex.py for tasks to queue
[2025-12-24T09:08:40.419+0000] {logging_mixin.py:190} INFO - [2025-12-24T09:08:40.418+0000] {dagbag.py:588} INFO - Filling up the DagBag from /home/airflow/.local/lib/python3.11/site-packages/airflow/example_dags/example_complex.py
[2025-12-24T09:08:40.441+0000] {processor.py:925} INFO - DAG(s) 'example_complex' retrieved from /home/airflow/.local/lib/python3.11/site-packages/airflow/example_dags/example_complex.py
[2025-12-24T09:08:40.498+0000] {logging_mixin.py:190} INFO - [2025-12-24T09:08:40.498+0000] {dag.py:3239} INFO - Sync 1 DAGs
[2025-12-24T09:08:40.516+0000] {logging_mixin.py:190} INFO - [2025-12-24T09:08:40.516+0000] {dag.py:4180} INFO - Setting next_dagrun for example_complex to None, run_after=None
[2025-12-24T09:08:40.541+0000] {processor.py:208} INFO - Processing /home/airflow/.local/lib/python3.11/site-packages/airflow/example_dags/example_complex.py took 0.140 seconds
[2025-12-24T09:09:20.175+0000] {processor.py:186} INFO - Started process (PID=1064) to work on /home/airflow/.local/lib/python3.11/site-packages/airflow/example_dags/example_complex.py
[2025-12-24T09:09:20.176+0000] {processor.py:914} INFO - Processing file /home/airflow/.local/lib/python3.11/site-packages/airflow/example_dags/example_complex.py for tasks to queue
[2025-12-24T09:09:20.180+0000] {logging_mixin.py:190} INFO - [2025-12-24T09:09:20.180+0000] {dagbag.py:588} INFO - Filling up the DagBag from /home/airflow/.local/lib/python3.11/site-packages/airflow/example_dags/example_complex.py
[2025-12-24T09:09:20.197+0000] {processor.py:925} INFO - DAG(s) 'example_complex' retrieved from /home/airflow/.local/lib/python3.11/site-packages/airflow/example_dags/example_complex.py
[2025-12-24T09:09:20.256+0000] {logging_mixin.py:190} INFO - [2025-12-24T09:09:20.256+0000] {dag.py:3239} INFO - Sync 1 DAGs
[2025-12-24T09:09:20.274+0000] {logging_mixin.py:190} INFO - [2025-12-24T09:09:20.274+0000] {dag.py:4180} INFO - Setting next_dagrun for example_complex to None, run_after=None
[2025-12-24T09:09:20.322+0000] {processor.py:208} INFO - Processing /home/airflow/.local/lib/python3.11/site-packages/airflow/example_dags/example_complex.py took 0.156 seconds
[2025-12-24T09:09:18.224+0000] {processor.py:186} INFO - Started process (PID=1144) to work on /home/airflow/.local/lib/python3.11/site-packages/airflow/example_dags/example_complex.py
[2025-12-24T09:09:18.226+0000] {processor.py:914} INFO - Processing file /home/airflow/.local/lib/python3.11/site-packages/airflow/example_dags/example_complex.py for tasks to queue
[2025-12-24T09:09:18.230+0000] {logging_mixin.py:190} INFO - [2025-12-24T09:09:18.229+0000] {dagbag.py:588} INFO - Filling up the DagBag from /home/airflow/.local/lib/python3.11/site-packages/airflow/example_dags/example_complex.py
[2025-12-24T09:09:18.279+0000] {processor.py:925} INFO - DAG(s) 'example_complex' retrieved from /home/airflow/.local/lib/python3.11/site-packages/airflow/example_dags/example_complex.py
[2025-12-24T09:09:18.328+0000] {logging_mixin.py:190} INFO - [2025-12-24T09:09:18.327+0000] {dag.py:3239} INFO - Sync 1 DAGs
[2025-12-24T09:09:18.350+0000] {logging_mixin.py:190} INFO - [2025-12-24T09:09:18.350+0000] {dag.py:4180} INFO - Setting next_dagrun for example_complex to None, run_after=None
[2025-12-24T09:09:18.378+0000] {processor.py:208} INFO - Processing /home/airflow/.local/lib/python3.11/site-packages/airflow/example_dags/example_complex.py took 0.168 seconds
[2025-12-24T09:10:25.454+0000] {processor.py:186} INFO - Started process (PID=1204) to work on /home/airflow/.local/lib/python3.11/site-packages/airflow/example_dags/example_complex.py
[2025-12-24T09:10:25.457+0000] {processor.py:914} INFO - Processing file /home/airflow/.local/lib/python3.11/site-packages/airflow/example_dags/example_complex.py for tasks to queue
[2025-12-24T09:10:25.461+0000] {logging_mixin.py:190} INFO - [2025-12-24T09:10:25.461+0000] {dagbag.py:588} INFO - Filling up the DagBag from /home/airflow/.local/lib/python3.11/site-packages/airflow/example_dags/example_complex.py
[2025-12-24T09:10:25.480+0000] {processor.py:925} INFO - DAG(s) 'example_complex' retrieved from /home/airflow/.local/lib/python3.11/site-packages/airflow/example_dags/example_complex.py
[2025-12-24T09:10:25.531+0000] {logging_mixin.py:190} INFO - [2025-12-24T09:10:25.531+0000] {dag.py:3239} INFO - Sync 1 DAGs
[2025-12-24T09:10:25.552+0000] {logging_mixin.py:190} INFO - [2025-12-24T09:10:25.551+0000] {dag.py:4180} INFO - Setting next_dagrun for example_complex to None, run_after=None
[2025-12-24T09:10:25.575+0000] {processor.py:208} INFO - Processing /home/airflow/.local/lib/python3.11/site-packages/airflow/example_dags/example_complex.py took 0.133 seconds
[2025-12-24T09:10:18.402+0000] {processor.py:186} INFO - Started process (PID=1276) to work on /home/airflow/.local/lib/python3.11/site-packages/airflow/example_dags/example_complex.py
[2025-12-24T09:10:18.404+0000] {processor.py:914} INFO - Processing file /home/airflow/.local/lib/python3.11/site-packages/airflow/example_dags/example_complex.py for tasks to queue
[2025-12-24T09:10:18.408+0000] {logging_mixin.py:190} INFO - [2025-12-24T09:10:18.407+0000] {dagbag.py:588} INFO - Filling up the DagBag from /home/airflow/.local/lib/python3.11/site-packages/airflow/example_dags/example_complex.py
[2025-12-24T09:10:18.442+0000] {processor.py:925} INFO - DAG(s) 'example_complex' retrieved from /home/airflow/.local/lib/python3.11/site-packages/airflow/example_dags/example_complex.py
[2025-12-24T09:10:18.503+0000] {logging_mixin.py:190} INFO - [2025-12-24T09:10:18.502+0000] {dag.py:3239} INFO - Sync 1 DAGs
[2025-12-24T09:10:18.522+0000] {logging_mixin.py:190} INFO - [2025-12-24T09:10:18.522+0000] {dag.py:4180} INFO - Setting next_dagrun for example_complex to None, run_after=None
[2025-12-24T09:10:18.554+0000] {processor.py:208} INFO - Processing /home/airflow/.local/lib/python3.11/site-packages/airflow/example_dags/example_complex.py took 0.161 seconds
[2025-12-24T09:10:48.561+0000] {processor.py:186} INFO - Started process (PID=1325) to work on /home/airflow/.local/lib/python3.11/site-packages/airflow/example_dags/example_complex.py
[2025-12-24T09:10:48.562+0000] {processor.py:914} INFO - Processing file /home/airflow/.local/lib/python3.11/site-packages/airflow/example_dags/example_complex.py for tasks to queue
[2025-12-24T09:10:48.566+0000] {logging_mixin.py:190} INFO - [2025-12-24T09:10:48.566+0000] {dagbag.py:588} INFO - Filling up the DagBag from /home/airflow/.local/lib/python3.11/site-packages/airflow/example_dags/example_complex.py
[2025-12-24T09:10:48.584+0000] {processor.py:925} INFO - DAG(s) 'example_complex' retrieved from /home/airflow/.local/lib/python3.11/site-packages/airflow/example_dags/example_complex.py
[2025-12-24T09:10:48.629+0000] {logging_mixin.py:190} INFO - [2025-12-24T09:10:48.628+0000] {dag.py:3239} INFO - Sync 1 DAGs
[2025-12-24T09:10:48.650+0000] {logging_mixin.py:190} INFO - [2025-12-24T09:10:48.649+0000] {dag.py:4180} INFO - Setting next_dagrun for example_complex to None, run_after=None
[2025-12-24T09:10:48.710+0000] {processor.py:208} INFO - Processing /home/airflow/.local/lib/python3.11/site-packages/airflow/example_dags/example_complex.py took 0.158 seconds
[2025-12-24T09:10:57.925+0000] {processor.py:186} INFO - Started process (PID=1382) to work on /home/airflow/.local/lib/python3.11/site-packages/airflow/example_dags/example_complex.py
[2025-12-24T09:10:57.927+0000] {processor.py:914} INFO - Processing file /home/airflow/.local/lib/python3.11/site-packages/airflow/example_dags/example_complex.py for tasks to queue
[2025-12-24T09:10:57.932+0000] {logging_mixin.py:190} INFO - [2025-12-24T09:10:57.931+0000] {dagbag.py:588} INFO - Filling up the DagBag from /home/airflow/.local/lib/python3.11/site-packages/airflow/example_dags/example_complex.py
[2025-12-24T09:10:57.954+0000] {processor.py:925} INFO - DAG(s) 'example_complex' retrieved from /home/airflow/.local/lib/python3.11/site-packages/airflow/example_dags/example_complex.py
[2025-12-24T09:10:58.004+0000] {logging_mixin.py:190} INFO - [2025-12-24T09:10:58.004+0000] {dag.py:3239} INFO - Sync 1 DAGs
[2025-12-24T09:10:58.023+0000] {logging_mixin.py:190} INFO - [2025-12-24T09:10:58.023+0000] {dag.py:4180} INFO - Setting next_dagrun for example_complex to None, run_after=None
[2025-12-24T09:10:58.056+0000] {processor.py:208} INFO - Processing /home/airflow/.local/lib/python3.11/site-packages/airflow/example_dags/example_complex.py took 0.144 seconds
[2025-12-24T09:11:28.871+0000] {processor.py:186} INFO - Started process (PID=1445) to work on /home/airflow/.local/lib/python3.11/site-packages/airflow/example_dags/example_complex.py
[2025-12-24T09:11:28.872+0000] {processor.py:914} INFO - Processing file /home/airflow/.local/lib/python3.11/site-packages/airflow/example_dags/example_complex.py for tasks to queue
[2025-12-24T09:11:28.875+0000] {logging_mixin.py:190} INFO - [2025-12-24T09:11:28.875+0000] {dagbag.py:588} INFO - Filling up the DagBag from /home/airflow/.local/lib/python3.11/site-packages/airflow/example_dags/example_complex.py
[2025-12-24T09:11:28.892+0000] {processor.py:925} INFO - DAG(s) 'example_complex' retrieved from /home/airflow/.local/lib/python3.11/site-packages/airflow/example_dags/example_complex.py
[2025-12-24T09:11:28.933+0000] {logging_mixin.py:190} INFO - [2025-12-24T09:11:28.933+0000] {dag.py:3239} INFO - Sync 1 DAGs
[2025-12-24T09:11:28.951+0000] {logging_mixin.py:190} INFO - [2025-12-24T09:11:28.950+0000] {dag.py:4180} INFO - Setting next_dagrun for example_complex to None, run_after=None
[2025-12-24T09:11:28.974+0000] {processor.py:208} INFO - Processing /home/airflow/.local/lib/python3.11/site-packages/airflow/example_dags/example_complex.py took 0.113 seconds
[2025-12-24T09:12:31.142+0000] {processor.py:186} INFO - Started process (PID=1508) to work on /home/airflow/.local/lib/python3.11/site-packages/airflow/example_dags/example_complex.py
[2025-12-24T09:12:31.144+0000] {processor.py:914} INFO - Processing file /home/airflow/.local/lib/python3.11/site-packages/airflow/example_dags/example_complex.py for tasks to queue
[2025-12-24T09:12:31.149+0000] {logging_mixin.py:190} INFO - [2025-12-24T09:12:31.149+0000] {dagbag.py:588} INFO - Filling up the DagBag from /home/airflow/.local/lib/python3.11/site-packages/airflow/example_dags/example_complex.py
[2025-12-24T09:12:31.171+0000] {processor.py:925} INFO - DAG(s) 'example_complex' retrieved from /home/airflow/.local/lib/python3.11/site-packages/airflow/example_dags/example_complex.py
[2025-12-24T09:12:31.223+0000] {logging_mixin.py:190} INFO - [2025-12-24T09:12:31.223+0000] {dag.py:3239} INFO - Sync 1 DAGs
[2025-12-24T09:12:31.241+0000] {logging_mixin.py:190} INFO - [2025-12-24T09:12:31.241+0000] {dag.py:4180} INFO - Setting next_dagrun for example_complex to None, run_after=None
[2025-12-24T09:12:31.269+0000] {processor.py:208} INFO - Processing /home/airflow/.local/lib/python3.11/site-packages/airflow/example_dags/example_complex.py took 0.138 seconds
[2025-12-24T09:12:43.200+0000] {processor.py:186} INFO - Started process (PID=1572) to work on /home/airflow/.local/lib/python3.11/site-packages/airflow/example_dags/example_complex.py
[2025-12-24T09:12:43.201+0000] {processor.py:914} INFO - Processing file /home/airflow/.local/lib/python3.11/site-packages/airflow/example_dags/example_complex.py for tasks to queue
[2025-12-24T09:12:43.205+0000] {logging_mixin.py:190} INFO - [2025-12-24T09:12:43.205+0000] {dagbag.py:588} INFO - Filling up the DagBag from /home/airflow/.local/lib/python3.11/site-packages/airflow/example_dags/example_complex.py
[2025-12-24T09:12:43.225+0000] {processor.py:925} INFO - DAG(s) 'example_complex' retrieved from /home/airflow/.local/lib/python3.11/site-packages/airflow/example_dags/example_complex.py
[2025-12-24T09:12:43.268+0000] {logging_mixin.py:190} INFO - [2025-12-24T09:12:43.268+0000] {dag.py:3239} INFO - Sync 1 DAGs
[2025-12-24T09:12:43.284+0000] {logging_mixin.py:190} INFO - [2025-12-24T09:12:43.283+0000] {dag.py:4180} INFO - Setting next_dagrun for example_complex to None, run_after=None
[2025-12-24T09:12:43.308+0000] {processor.py:208} INFO - Processing /home/airflow/.local/lib/python3.11/site-packages/airflow/example_dags/example_complex.py took 0.118 seconds
[2025-12-24T09:13:31.929+0000] {processor.py:186} INFO - Started process (PID=1639) to work on /home/airflow/.local/lib/python3.11/site-packages/airflow/example_dags/example_complex.py
[2025-12-24T09:13:31.931+0000] {processor.py:914} INFO - Processing file /home/airflow/.local/lib/python3.11/site-packages/airflow/example_dags/example_complex.py for tasks to queue
[2025-12-24T09:13:31.934+0000] {logging_mixin.py:190} INFO - [2025-12-24T09:13:31.934+0000] {dagbag.py:588} INFO - Filling up the DagBag from /home/airflow/.local/lib/python3.11/site-packages/airflow/example_dags/example_complex.py
[2025-12-24T09:13:31.952+0000] {processor.py:925} INFO - DAG(s) 'example_complex' retrieved from /home/airflow/.local/lib/python3.11/site-packages/airflow/example_dags/example_complex.py
[2025-12-24T09:13:31.995+0000] {logging_mixin.py:190} INFO - [2025-12-24T09:13:31.995+0000] {dag.py:3239} INFO - Sync 1 DAGs
[2025-12-24T09:13:32.011+0000] {logging_mixin.py:190} INFO - [2025-12-24T09:13:32.011+0000] {dag.py:4180} INFO - Setting next_dagrun for example_complex to None, run_after=None
[2025-12-24T09:13:32.036+0000] {processor.py:208} INFO - Processing /home/airflow/.local/lib/python3.11/site-packages/airflow/example_dags/example_complex.py took 0.119 seconds
[2025-12-24T09:14:25.835+0000] {processor.py:186} INFO - Started process (PID=1689) to work on /home/airflow/.local/lib/python3.11/site-packages/airflow/example_dags/example_complex.py
[2025-12-24T09:14:25.838+0000] {processor.py:914} INFO - Processing file /home/airflow/.local/lib/python3.11/site-packages/airflow/example_dags/example_complex.py for tasks to queue
[2025-12-24T09:14:25.844+0000] {logging_mixin.py:190} INFO - [2025-12-24T09:14:25.843+0000] {dagbag.py:588} INFO - Filling up the DagBag from /home/airflow/.local/lib/python3.11/site-packages/airflow/example_dags/example_complex.py
[2025-12-24T09:14:25.871+0000] {processor.py:925} INFO - DAG(s) 'example_complex' retrieved from /home/airflow/.local/lib/python3.11/site-packages/airflow/example_dags/example_complex.py
[2025-12-24T09:14:25.931+0000] {logging_mixin.py:190} INFO - [2025-12-24T09:14:25.930+0000] {dag.py:3239} INFO - Sync 1 DAGs
[2025-12-24T09:14:25.957+0000] {logging_mixin.py:190} INFO - [2025-12-24T09:14:25.957+0000] {dag.py:4180} INFO - Setting next_dagrun for example_complex to None, run_after=None
[2025-12-24T09:14:25.997+0000] {processor.py:208} INFO - Processing /home/airflow/.local/lib/python3.11/site-packages/airflow/example_dags/example_complex.py took 0.175 seconds
[2025-12-24T09:14:38.363+0000] {processor.py:186} INFO - Started process (PID=1761) to work on /home/airflow/.local/lib/python3.11/site-packages/airflow/example_dags/example_complex.py
[2025-12-24T09:14:38.364+0000] {processor.py:914} INFO - Processing file /home/airflow/.local/lib/python3.11/site-packages/airflow/example_dags/example_complex.py for tasks to queue
[2025-12-24T09:14:38.369+0000] {logging_mixin.py:190} INFO - [2025-12-24T09:14:38.368+0000] {dagbag.py:588} INFO - Filling up the DagBag from /home/airflow/.local/lib/python3.11/site-packages/airflow/example_dags/example_complex.py
[2025-12-24T09:14:38.390+0000] {processor.py:925} INFO - DAG(s) 'example_complex' retrieved from /home/airflow/.local/lib/python3.11/site-packages/airflow/example_dags/example_complex.py
[2025-12-24T09:14:38.440+0000] {logging_mixin.py:190} INFO - [2025-12-24T09:14:38.440+0000] {dag.py:3239} INFO - Sync 1 DAGs
[2025-12-24T09:14:38.461+0000] {logging_mixin.py:190} INFO - [2025-12-24T09:14:38.461+0000] {dag.py:4180} INFO - Setting next_dagrun for example_complex to None, run_after=None
[2025-12-24T09:14:38.491+0000] {processor.py:208} INFO - Processing /home/airflow/.local/lib/python3.11/site-packages/airflow/example_dags/example_complex.py took 0.140 seconds
[2025-12-24T09:15:09.237+0000] {processor.py:186} INFO - Started process (PID=1825) to work on /home/airflow/.local/lib/python3.11/site-packages/airflow/example_dags/example_complex.py
[2025-12-24T09:15:09.239+0000] {processor.py:914} INFO - Processing file /home/airflow/.local/lib/python3.11/site-packages/airflow/example_dags/example_complex.py for tasks to queue
[2025-12-24T09:15:09.244+0000] {logging_mixin.py:190} INFO - [2025-12-24T09:15:09.243+0000] {dagbag.py:588} INFO - Filling up the DagBag from /home/airflow/.local/lib/python3.11/site-packages/airflow/example_dags/example_complex.py
[2025-12-24T09:15:09.267+0000] {processor.py:925} INFO - DAG(s) 'example_complex' retrieved from /home/airflow/.local/lib/python3.11/site-packages/airflow/example_dags/example_complex.py
[2025-12-24T09:15:09.325+0000] {logging_mixin.py:190} INFO - [2025-12-24T09:15:09.325+0000] {dag.py:3239} INFO - Sync 1 DAGs
[2025-12-24T09:15:09.368+0000] {logging_mixin.py:190} INFO - [2025-12-24T09:15:09.368+0000] {dag.py:4180} INFO - Setting next_dagrun for example_complex to None, run_after=None
[2025-12-24T09:15:09.396+0000] {processor.py:208} INFO - Processing /home/airflow/.local/lib/python3.11/site-packages/airflow/example_dags/example_complex.py took 0.170 seconds
[2025-12-24T09:15:40.165+0000] {processor.py:186} INFO - Started process (PID=1888) to work on /home/airflow/.local/lib/python3.11/site-packages/airflow/example_dags/example_complex.py
[2025-12-24T09:15:40.167+0000] {processor.py:914} INFO - Processing file /home/airflow/.local/lib/python3.11/site-packages/airflow/example_dags/example_complex.py for tasks to queue
[2025-12-24T09:15:40.172+0000] {logging_mixin.py:190} INFO - [2025-12-24T09:15:40.172+0000] {dagbag.py:588} INFO - Filling up the DagBag from /home/airflow/.local/lib/python3.11/site-packages/airflow/example_dags/example_complex.py
[2025-12-24T09:15:40.197+0000] {processor.py:925} INFO - DAG(s) 'example_complex' retrieved from /home/airflow/.local/lib/python3.11/site-packages/airflow/example_dags/example_complex.py
[2025-12-24T09:15:40.248+0000] {logging_mixin.py:190} INFO - [2025-12-24T09:15:40.247+0000] {dag.py:3239} INFO - Sync 1 DAGs
[2025-12-24T09:15:40.268+0000] {logging_mixin.py:190} INFO - [2025-12-24T09:15:40.268+0000] {dag.py:4180} INFO - Setting next_dagrun for example_complex to None, run_after=None
[2025-12-24T09:15:40.296+0000] {processor.py:208} INFO - Processing /home/airflow/.local/lib/python3.11/site-packages/airflow/example_dags/example_complex.py took 0.145 seconds
[2025-12-24T09:16:41.009+0000] {processor.py:186} INFO - Started process (PID=1954) to work on /home/airflow/.local/lib/python3.11/site-packages/airflow/example_dags/example_complex.py
[2025-12-24T09:16:41.011+0000] {processor.py:914} INFO - Processing file /home/airflow/.local/lib/python3.11/site-packages/airflow/example_dags/example_complex.py for tasks to queue
[2025-12-24T09:16:41.014+0000] {logging_mixin.py:190} INFO - [2025-12-24T09:16:41.014+0000] {dagbag.py:588} INFO - Filling up the DagBag from /home/airflow/.local/lib/python3.11/site-packages/airflow/example_dags/example_complex.py
[2025-12-24T09:16:41.032+0000] {processor.py:925} INFO - DAG(s) 'example_complex' retrieved from /home/airflow/.local/lib/python3.11/site-packages/airflow/example_dags/example_complex.py
[2025-12-24T09:16:41.074+0000] {logging_mixin.py:190} INFO - [2025-12-24T09:16:41.074+0000] {dag.py:3239} INFO - Sync 1 DAGs
[2025-12-24T09:16:41.090+0000] {logging_mixin.py:190} INFO - [2025-12-24T09:16:41.090+0000] {dag.py:4180} INFO - Setting next_dagrun for example_complex to None, run_after=None
[2025-12-24T09:16:41.116+0000] {processor.py:208} INFO - Processing /home/airflow/.local/lib/python3.11/site-packages/airflow/example_dags/example_complex.py took 0.117 seconds
[2025-12-24T09:24:14.970+0000] {processor.py:186} INFO - Started process (PID=100) to work on /home/airflow/.local/lib/python3.11/site-packages/airflow/example_dags/example_complex.py
[2025-12-24T09:24:14.972+0000] {processor.py:914} INFO - Processing file /home/airflow/.local/lib/python3.11/site-packages/airflow/example_dags/example_complex.py for tasks to queue
[2025-12-24T09:24:14.979+0000] {logging_mixin.py:190} INFO - [2025-12-24T09:24:14.978+0000] {dagbag.py:588} INFO - Filling up the DagBag from /home/airflow/.local/lib/python3.11/site-packages/airflow/example_dags/example_complex.py
[2025-12-24T09:24:15.009+0000] {processor.py:925} INFO - DAG(s) 'example_complex' retrieved from /home/airflow/.local/lib/python3.11/site-packages/airflow/example_dags/example_complex.py
[2025-12-24T09:24:15.246+0000] {logging_mixin.py:190} INFO - [2025-12-24T09:24:15.245+0000] {override.py:1911} INFO - Created Permission View: can delete on DAG:example_complex
[2025-12-24T09:24:15.266+0000] {logging_mixin.py:190} INFO - [2025-12-24T09:24:15.266+0000] {override.py:1911} INFO - Created Permission View: can read on DAG:example_complex
[2025-12-24T09:24:15.287+0000] {logging_mixin.py:190} INFO - [2025-12-24T09:24:15.286+0000] {override.py:1911} INFO - Created Permission View: can edit on DAG:example_complex
[2025-12-24T09:24:15.314+0000] {logging_mixin.py:190} INFO - [2025-12-24T09:24:15.314+0000] {override.py:1911} INFO - Created Permission View: menu access on DAG Run:example_complex
[2025-12-24T09:24:15.328+0000] {logging_mixin.py:190} INFO - [2025-12-24T09:24:15.327+0000] {override.py:1911} INFO - Created Permission View: can create on DAG Run:example_complex
[2025-12-24T09:24:15.340+0000] {logging_mixin.py:190} INFO - [2025-12-24T09:24:15.340+0000] {override.py:1911} INFO - Created Permission View: can delete on DAG Run:example_complex
[2025-12-24T09:24:15.354+0000] {logging_mixin.py:190} INFO - [2025-12-24T09:24:15.353+0000] {override.py:1911} INFO - Created Permission View: can read on DAG Run:example_complex
[2025-12-24T09:24:15.355+0000] {logging_mixin.py:190} INFO - [2025-12-24T09:24:15.354+0000] {dag.py:3239} INFO - Sync 1 DAGs
[2025-12-24T09:24:15.372+0000] {logging_mixin.py:190} INFO - [2025-12-24T09:24:15.371+0000] {dag.py:3262} INFO - Creating ORM DAG for example_complex
[2025-12-24T09:24:15.373+0000] {logging_mixin.py:190} INFO - [2025-12-24T09:24:15.373+0000] {dag.py:4180} INFO - Setting next_dagrun for example_complex to None, run_after=None
[2025-12-24T09:24:15.442+0000] {processor.py:208} INFO - Processing /home/airflow/.local/lib/python3.11/site-packages/airflow/example_dags/example_complex.py took 0.485 seconds
[2025-12-24T09:24:14.302+0000] {processor.py:186} INFO - Started process (PID=232) to work on /home/airflow/.local/lib/python3.11/site-packages/airflow/example_dags/example_complex.py
[2025-12-24T09:24:14.304+0000] {processor.py:914} INFO - Processing file /home/airflow/.local/lib/python3.11/site-packages/airflow/example_dags/example_complex.py for tasks to queue
[2025-12-24T09:24:14.309+0000] {logging_mixin.py:190} INFO - [2025-12-24T09:24:14.308+0000] {dagbag.py:588} INFO - Filling up the DagBag from /home/airflow/.local/lib/python3.11/site-packages/airflow/example_dags/example_complex.py
[2025-12-24T09:24:14.326+0000] {processor.py:925} INFO - DAG(s) 'example_complex' retrieved from /home/airflow/.local/lib/python3.11/site-packages/airflow/example_dags/example_complex.py
[2025-12-24T09:24:14.348+0000] {logging_mixin.py:190} INFO - [2025-12-24T09:24:14.347+0000] {dag.py:3239} INFO - Sync 1 DAGs
[2025-12-24T09:24:14.373+0000] {logging_mixin.py:190} INFO - [2025-12-24T09:24:14.372+0000] {dag.py:4180} INFO - Setting next_dagrun for example_complex to None, run_after=None
[2025-12-24T09:24:14.425+0000] {processor.py:208} INFO - Processing /home/airflow/.local/lib/python3.11/site-packages/airflow/example_dags/example_complex.py took 0.132 seconds
[2025-12-24T09:24:43.452+0000] {processor.py:186} INFO - Started process (PID=291) to work on /home/airflow/.local/lib/python3.11/site-packages/airflow/example_dags/example_complex.py
[2025-12-24T09:24:43.455+0000] {processor.py:914} INFO - Processing file /home/airflow/.local/lib/python3.11/site-packages/airflow/example_dags/example_complex.py for tasks to queue
[2025-12-24T09:24:43.461+0000] {logging_mixin.py:190} INFO - [2025-12-24T09:24:43.460+0000] {dagbag.py:588} INFO - Filling up the DagBag from /home/airflow/.local/lib/python3.11/site-packages/airflow/example_dags/example_complex.py
[2025-12-24T09:24:43.488+0000] {processor.py:925} INFO - DAG(s) 'example_complex' retrieved from /home/airflow/.local/lib/python3.11/site-packages/airflow/example_dags/example_complex.py
[2025-12-24T09:24:43.517+0000] {logging_mixin.py:190} INFO - [2025-12-24T09:24:43.517+0000] {dag.py:3239} INFO - Sync 1 DAGs
[2025-12-24T09:24:43.544+0000] {logging_mixin.py:190} INFO - [2025-12-24T09:24:43.544+0000] {dag.py:4180} INFO - Setting next_dagrun for example_complex to None, run_after=None
[2025-12-24T09:24:43.583+0000] {processor.py:208} INFO - Processing /home/airflow/.local/lib/python3.11/site-packages/airflow/example_dags/example_complex.py took 0.144 seconds
[2025-12-24T09:24:54.603+0000] {processor.py:186} INFO - Started process (PID=347) to work on /home/airflow/.local/lib/python3.11/site-packages/airflow/example_dags/example_complex.py
[2025-12-24T09:24:54.605+0000] {processor.py:914} INFO - Processing file /home/airflow/.local/lib/python3.11/site-packages/airflow/example_dags/example_complex.py for tasks to queue
[2025-12-24T09:24:54.609+0000] {logging_mixin.py:190} INFO - [2025-12-24T09:24:54.608+0000] {dagbag.py:588} INFO - Filling up the DagBag from /home/airflow/.local/lib/python3.11/site-packages/airflow/example_dags/example_complex.py
[2025-12-24T09:24:54.627+0000] {processor.py:925} INFO - DAG(s) 'example_complex' retrieved from /home/airflow/.local/lib/python3.11/site-packages/airflow/example_dags/example_complex.py
[2025-12-24T09:24:54.681+0000] {logging_mixin.py:190} INFO - [2025-12-24T09:24:54.681+0000] {dag.py:3239} INFO - Sync 1 DAGs
[2025-12-24T09:24:54.698+0000] {logging_mixin.py:190} INFO - [2025-12-24T09:24:54.698+0000] {dag.py:4180} INFO - Setting next_dagrun for example_complex to None, run_after=None
[2025-12-24T09:24:54.724+0000] {processor.py:208} INFO - Processing /home/airflow/.local/lib/python3.11/site-packages/airflow/example_dags/example_complex.py took 0.130 seconds
[2025-12-24T09:25:13.254+0000] {processor.py:186} INFO - Started process (PID=409) to work on /home/airflow/.local/lib/python3.11/site-packages/airflow/example_dags/example_complex.py
[2025-12-24T09:25:13.257+0000] {processor.py:914} INFO - Processing file /home/airflow/.local/lib/python3.11/site-packages/airflow/example_dags/example_complex.py for tasks to queue
[2025-12-24T09:25:13.264+0000] {logging_mixin.py:190} INFO - [2025-12-24T09:25:13.263+0000] {dagbag.py:588} INFO - Filling up the DagBag from /home/airflow/.local/lib/python3.11/site-packages/airflow/example_dags/example_complex.py
[2025-12-24T09:25:13.298+0000] {processor.py:925} INFO - DAG(s) 'example_complex' retrieved from /home/airflow/.local/lib/python3.11/site-packages/airflow/example_dags/example_complex.py
[2025-12-24T09:25:13.360+0000] {logging_mixin.py:190} INFO - [2025-12-24T09:25:13.360+0000] {dag.py:3239} INFO - Sync 1 DAGs
[2025-12-24T09:25:13.389+0000] {logging_mixin.py:190} INFO - [2025-12-24T09:25:13.389+0000] {dag.py:4180} INFO - Setting next_dagrun for example_complex to None, run_after=None
[2025-12-24T09:25:13.436+0000] {processor.py:208} INFO - Processing /home/airflow/.local/lib/python3.11/site-packages/airflow/example_dags/example_complex.py took 0.195 seconds
[2025-12-24T09:25:19.523+0000] {processor.py:186} INFO - Started process (PID=463) to work on /home/airflow/.local/lib/python3.11/site-packages/airflow/example_dags/example_complex.py
[2025-12-24T09:25:19.525+0000] {processor.py:914} INFO - Processing file /home/airflow/.local/lib/python3.11/site-packages/airflow/example_dags/example_complex.py for tasks to queue
[2025-12-24T09:25:19.534+0000] {logging_mixin.py:190} INFO - [2025-12-24T09:25:19.533+0000] {dagbag.py:588} INFO - Filling up the DagBag from /home/airflow/.local/lib/python3.11/site-packages/airflow/example_dags/example_complex.py
[2025-12-24T09:25:19.557+0000] {processor.py:925} INFO - DAG(s) 'example_complex' retrieved from /home/airflow/.local/lib/python3.11/site-packages/airflow/example_dags/example_complex.py
[2025-12-24T09:25:19.600+0000] {logging_mixin.py:190} INFO - [2025-12-24T09:25:19.599+0000] {dag.py:3239} INFO - Sync 1 DAGs
[2025-12-24T09:25:19.622+0000] {logging_mixin.py:190} INFO - [2025-12-24T09:25:19.622+0000] {dag.py:4180} INFO - Setting next_dagrun for example_complex to None, run_after=None
[2025-12-24T09:25:19.650+0000] {processor.py:208} INFO - Processing /home/airflow/.local/lib/python3.11/site-packages/airflow/example_dags/example_complex.py took 0.141 seconds
[2025-12-24T09:25:50.519+0000] {processor.py:186} INFO - Started process (PID=521) to work on /home/airflow/.local/lib/python3.11/site-packages/airflow/example_dags/example_complex.py
[2025-12-24T09:25:50.523+0000] {processor.py:914} INFO - Processing file /home/airflow/.local/lib/python3.11/site-packages/airflow/example_dags/example_complex.py for tasks to queue
[2025-12-24T09:25:50.528+0000] {logging_mixin.py:190} INFO - [2025-12-24T09:25:50.528+0000] {dagbag.py:588} INFO - Filling up the DagBag from /home/airflow/.local/lib/python3.11/site-packages/airflow/example_dags/example_complex.py
[2025-12-24T09:25:50.566+0000] {processor.py:925} INFO - DAG(s) 'example_complex' retrieved from /home/airflow/.local/lib/python3.11/site-packages/airflow/example_dags/example_complex.py
[2025-12-24T09:25:50.651+0000] {logging_mixin.py:190} INFO - [2025-12-24T09:25:50.650+0000] {dag.py:3239} INFO - Sync 1 DAGs
[2025-12-24T09:25:50.676+0000] {logging_mixin.py:190} INFO - [2025-12-24T09:25:50.675+0000] {dag.py:4180} INFO - Setting next_dagrun for example_complex to None, run_after=None
[2025-12-24T09:25:50.750+0000] {processor.py:208} INFO - Processing /home/airflow/.local/lib/python3.11/site-packages/airflow/example_dags/example_complex.py took 0.243 seconds
[2025-12-24T09:25:56.084+0000] {processor.py:186} INFO - Started process (PID=554) to work on /home/airflow/.local/lib/python3.11/site-packages/airflow/example_dags/example_complex.py
[2025-12-24T09:25:56.086+0000] {processor.py:914} INFO - Processing file /home/airflow/.local/lib/python3.11/site-packages/airflow/example_dags/example_complex.py for tasks to queue
[2025-12-24T09:25:56.092+0000] {logging_mixin.py:190} INFO - [2025-12-24T09:25:56.092+0000] {dagbag.py:588} INFO - Filling up the DagBag from /home/airflow/.local/lib/python3.11/site-packages/airflow/example_dags/example_complex.py
[2025-12-24T09:25:56.119+0000] {processor.py:925} INFO - DAG(s) 'example_complex' retrieved from /home/airflow/.local/lib/python3.11/site-packages/airflow/example_dags/example_complex.py
[2025-12-24T09:25:56.189+0000] {logging_mixin.py:190} INFO - [2025-12-24T09:25:56.189+0000] {dag.py:3239} INFO - Sync 1 DAGs
[2025-12-24T09:25:56.215+0000] {logging_mixin.py:190} INFO - [2025-12-24T09:25:56.215+0000] {dag.py:4180} INFO - Setting next_dagrun for example_complex to None, run_after=None
[2025-12-24T09:25:56.260+0000] {processor.py:208} INFO - Processing /home/airflow/.local/lib/python3.11/site-packages/airflow/example_dags/example_complex.py took 0.191 seconds
[2025-12-24T09:26:05.072+0000] {processor.py:186} INFO - Started process (PID=618) to work on /home/airflow/.local/lib/python3.11/site-packages/airflow/example_dags/example_complex.py
[2025-12-24T09:26:05.074+0000] {processor.py:914} INFO - Processing file /home/airflow/.local/lib/python3.11/site-packages/airflow/example_dags/example_complex.py for tasks to queue
[2025-12-24T09:26:05.079+0000] {logging_mixin.py:190} INFO - [2025-12-24T09:26:05.078+0000] {dagbag.py:588} INFO - Filling up the DagBag from /home/airflow/.local/lib/python3.11/site-packages/airflow/example_dags/example_complex.py
[2025-12-24T09:26:05.108+0000] {processor.py:925} INFO - DAG(s) 'example_complex' retrieved from /home/airflow/.local/lib/python3.11/site-packages/airflow/example_dags/example_complex.py
[2025-12-24T09:26:05.174+0000] {logging_mixin.py:190} INFO - [2025-12-24T09:26:05.173+0000] {dag.py:3239} INFO - Sync 1 DAGs
[2025-12-24T09:26:05.202+0000] {logging_mixin.py:190} INFO - [2025-12-24T09:26:05.202+0000] {dag.py:4180} INFO - Setting next_dagrun for example_complex to None, run_after=None
[2025-12-24T09:26:05.243+0000] {processor.py:208} INFO - Processing /home/airflow/.local/lib/python3.11/site-packages/airflow/example_dags/example_complex.py took 0.197 seconds
[2025-12-24T09:26:13.783+0000] {processor.py:186} INFO - Started process (PID=674) to work on /home/airflow/.local/lib/python3.11/site-packages/airflow/example_dags/example_complex.py
[2025-12-24T09:26:13.786+0000] {processor.py:914} INFO - Processing file /home/airflow/.local/lib/python3.11/site-packages/airflow/example_dags/example_complex.py for tasks to queue
[2025-12-24T09:26:13.790+0000] {logging_mixin.py:190} INFO - [2025-12-24T09:26:13.790+0000] {dagbag.py:588} INFO - Filling up the DagBag from /home/airflow/.local/lib/python3.11/site-packages/airflow/example_dags/example_complex.py
[2025-12-24T09:26:13.814+0000] {processor.py:925} INFO - DAG(s) 'example_complex' retrieved from /home/airflow/.local/lib/python3.11/site-packages/airflow/example_dags/example_complex.py
[2025-12-24T09:26:13.872+0000] {logging_mixin.py:190} INFO - [2025-12-24T09:26:13.871+0000] {dag.py:3239} INFO - Sync 1 DAGs
[2025-12-24T09:26:13.911+0000] {logging_mixin.py:190} INFO - [2025-12-24T09:26:13.911+0000] {dag.py:4180} INFO - Setting next_dagrun for example_complex to None, run_after=None
[2025-12-24T09:26:13.937+0000] {processor.py:208} INFO - Processing /home/airflow/.local/lib/python3.11/site-packages/airflow/example_dags/example_complex.py took 0.166 seconds
[2025-12-24T09:26:24.378+0000] {processor.py:186} INFO - Started process (PID=726) to work on /home/airflow/.local/lib/python3.11/site-packages/airflow/example_dags/example_complex.py
[2025-12-24T09:26:24.380+0000] {processor.py:914} INFO - Processing file /home/airflow/.local/lib/python3.11/site-packages/airflow/example_dags/example_complex.py for tasks to queue
[2025-12-24T09:26:24.384+0000] {logging_mixin.py:190} INFO - [2025-12-24T09:26:24.383+0000] {dagbag.py:588} INFO - Filling up the DagBag from /home/airflow/.local/lib/python3.11/site-packages/airflow/example_dags/example_complex.py
[2025-12-24T09:26:24.404+0000] {processor.py:925} INFO - DAG(s) 'example_complex' retrieved from /home/airflow/.local/lib/python3.11/site-packages/airflow/example_dags/example_complex.py
[2025-12-24T09:26:24.467+0000] {logging_mixin.py:190} INFO - [2025-12-24T09:26:24.466+0000] {dag.py:3239} INFO - Sync 1 DAGs
[2025-12-24T09:26:24.513+0000] {logging_mixin.py:190} INFO - [2025-12-24T09:26:24.512+0000] {dag.py:4180} INFO - Setting next_dagrun for example_complex to None, run_after=None
[2025-12-24T09:26:24.545+0000] {processor.py:208} INFO - Processing /home/airflow/.local/lib/python3.11/site-packages/airflow/example_dags/example_complex.py took 0.176 seconds
[2025-12-24T09:26:34.919+0000] {processor.py:186} INFO - Started process (PID=781) to work on /home/airflow/.local/lib/python3.11/site-packages/airflow/example_dags/example_complex.py
[2025-12-24T09:26:34.921+0000] {processor.py:914} INFO - Processing file /home/airflow/.local/lib/python3.11/site-packages/airflow/example_dags/example_complex.py for tasks to queue
[2025-12-24T09:26:34.926+0000] {logging_mixin.py:190} INFO - [2025-12-24T09:26:34.925+0000] {dagbag.py:588} INFO - Filling up the DagBag from /home/airflow/.local/lib/python3.11/site-packages/airflow/example_dags/example_complex.py
[2025-12-24T09:26:34.957+0000] {processor.py:925} INFO - DAG(s) 'example_complex' retrieved from /home/airflow/.local/lib/python3.11/site-packages/airflow/example_dags/example_complex.py
[2025-12-24T09:26:35.013+0000] {logging_mixin.py:190} INFO - [2025-12-24T09:26:35.013+0000] {dag.py:3239} INFO - Sync 1 DAGs
[2025-12-24T09:26:35.049+0000] {logging_mixin.py:190} INFO - [2025-12-24T09:26:35.048+0000] {dag.py:4180} INFO - Setting next_dagrun for example_complex to None, run_after=None
[2025-12-24T09:26:35.085+0000] {processor.py:208} INFO - Processing /home/airflow/.local/lib/python3.11/site-packages/airflow/example_dags/example_complex.py took 0.177 seconds
[2025-12-24T09:26:45.145+0000] {processor.py:186} INFO - Started process (PID=834) to work on /home/airflow/.local/lib/python3.11/site-packages/airflow/example_dags/example_complex.py
[2025-12-24T09:26:45.147+0000] {processor.py:914} INFO - Processing file /home/airflow/.local/lib/python3.11/site-packages/airflow/example_dags/example_complex.py for tasks to queue
[2025-12-24T09:26:45.153+0000] {logging_mixin.py:190} INFO - [2025-12-24T09:26:45.152+0000] {dagbag.py:588} INFO - Filling up the DagBag from /home/airflow/.local/lib/python3.11/site-packages/airflow/example_dags/example_complex.py
[2025-12-24T09:26:45.185+0000] {processor.py:925} INFO - DAG(s) 'example_complex' retrieved from /home/airflow/.local/lib/python3.11/site-packages/airflow/example_dags/example_complex.py
[2025-12-24T09:26:45.238+0000] {logging_mixin.py:190} INFO - [2025-12-24T09:26:45.238+0000] {dag.py:3239} INFO - Sync 1 DAGs
[2025-12-24T09:26:45.265+0000] {logging_mixin.py:190} INFO - [2025-12-24T09:26:45.265+0000] {dag.py:4180} INFO - Setting next_dagrun for example_complex to None, run_after=None
[2025-12-24T09:26:45.298+0000] {processor.py:208} INFO - Processing /home/airflow/.local/lib/python3.11/site-packages/airflow/example_dags/example_complex.py took 0.163 seconds
[2025-12-24T09:27:42.413+0000] {processor.py:186} INFO - Started process (PID=896) to work on /home/airflow/.local/lib/python3.11/site-packages/airflow/example_dags/example_complex.py
[2025-12-24T09:27:42.415+0000] {processor.py:914} INFO - Processing file /home/airflow/.local/lib/python3.11/site-packages/airflow/example_dags/example_complex.py for tasks to queue
[2025-12-24T09:27:42.419+0000] {logging_mixin.py:190} INFO - [2025-12-24T09:27:42.419+0000] {dagbag.py:588} INFO - Filling up the DagBag from /home/airflow/.local/lib/python3.11/site-packages/airflow/example_dags/example_complex.py
[2025-12-24T09:27:42.442+0000] {processor.py:925} INFO - DAG(s) 'example_complex' retrieved from /home/airflow/.local/lib/python3.11/site-packages/airflow/example_dags/example_complex.py
[2025-12-24T09:27:42.497+0000] {logging_mixin.py:190} INFO - [2025-12-24T09:27:42.496+0000] {dag.py:3239} INFO - Sync 1 DAGs
[2025-12-24T09:27:42.521+0000] {logging_mixin.py:190} INFO - [2025-12-24T09:27:42.521+0000] {dag.py:4180} INFO - Setting next_dagrun for example_complex to None, run_after=None
[2025-12-24T09:27:42.554+0000] {processor.py:208} INFO - Processing /home/airflow/.local/lib/python3.11/site-packages/airflow/example_dags/example_complex.py took 0.153 seconds
[2025-12-24T09:27:50.247+0000] {processor.py:186} INFO - Started process (PID=962) to work on /home/airflow/.local/lib/python3.11/site-packages/airflow/example_dags/example_complex.py
[2025-12-24T09:27:50.249+0000] {processor.py:914} INFO - Processing file /home/airflow/.local/lib/python3.11/site-packages/airflow/example_dags/example_complex.py for tasks to queue
[2025-12-24T09:27:50.253+0000] {logging_mixin.py:190} INFO - [2025-12-24T09:27:50.252+0000] {dagbag.py:588} INFO - Filling up the DagBag from /home/airflow/.local/lib/python3.11/site-packages/airflow/example_dags/example_complex.py
[2025-12-24T09:27:50.274+0000] {processor.py:925} INFO - DAG(s) 'example_complex' retrieved from /home/airflow/.local/lib/python3.11/site-packages/airflow/example_dags/example_complex.py
[2025-12-24T09:27:50.335+0000] {logging_mixin.py:190} INFO - [2025-12-24T09:27:50.335+0000] {dag.py:3239} INFO - Sync 1 DAGs
[2025-12-24T09:27:50.352+0000] {logging_mixin.py:190} INFO - [2025-12-24T09:27:50.352+0000] {dag.py:4180} INFO - Setting next_dagrun for example_complex to None, run_after=None
[2025-12-24T09:27:50.376+0000] {processor.py:208} INFO - Processing /home/airflow/.local/lib/python3.11/site-packages/airflow/example_dags/example_complex.py took 0.138 seconds
[2025-12-24T09:28:00.221+0000] {processor.py:186} INFO - Started process (PID=1022) to work on /home/airflow/.local/lib/python3.11/site-packages/airflow/example_dags/example_complex.py
[2025-12-24T09:28:00.224+0000] {processor.py:914} INFO - Processing file /home/airflow/.local/lib/python3.11/site-packages/airflow/example_dags/example_complex.py for tasks to queue
[2025-12-24T09:28:00.228+0000] {logging_mixin.py:190} INFO - [2025-12-24T09:28:00.227+0000] {dagbag.py:588} INFO - Filling up the DagBag from /home/airflow/.local/lib/python3.11/site-packages/airflow/example_dags/example_complex.py
[2025-12-24T09:28:00.251+0000] {processor.py:925} INFO - DAG(s) 'example_complex' retrieved from /home/airflow/.local/lib/python3.11/site-packages/airflow/example_dags/example_complex.py
[2025-12-24T09:28:00.307+0000] {logging_mixin.py:190} INFO - [2025-12-24T09:28:00.306+0000] {dag.py:3239} INFO - Sync 1 DAGs
[2025-12-24T09:28:00.332+0000] {logging_mixin.py:190} INFO - [2025-12-24T09:28:00.331+0000] {dag.py:4180} INFO - Setting next_dagrun for example_complex to None, run_after=None
[2025-12-24T09:28:00.363+0000] {processor.py:208} INFO - Processing /home/airflow/.local/lib/python3.11/site-packages/airflow/example_dags/example_complex.py took 0.155 seconds
[2025-12-24T09:28:14.462+0000] {processor.py:186} INFO - Started process (PID=1087) to work on /home/airflow/.local/lib/python3.11/site-packages/airflow/example_dags/example_complex.py
[2025-12-24T09:28:14.464+0000] {processor.py:914} INFO - Processing file /home/airflow/.local/lib/python3.11/site-packages/airflow/example_dags/example_complex.py for tasks to queue
[2025-12-24T09:28:14.470+0000] {logging_mixin.py:190} INFO - [2025-12-24T09:28:14.469+0000] {dagbag.py:588} INFO - Filling up the DagBag from /home/airflow/.local/lib/python3.11/site-packages/airflow/example_dags/example_complex.py
[2025-12-24T09:28:14.496+0000] {processor.py:925} INFO - DAG(s) 'example_complex' retrieved from /home/airflow/.local/lib/python3.11/site-packages/airflow/example_dags/example_complex.py
[2025-12-24T09:28:14.583+0000] {logging_mixin.py:190} INFO - [2025-12-24T09:28:14.582+0000] {dag.py:3239} INFO - Sync 1 DAGs
[2025-12-24T09:28:14.614+0000] {logging_mixin.py:190} INFO - [2025-12-24T09:28:14.613+0000] {dag.py:4180} INFO - Setting next_dagrun for example_complex to None, run_after=None
[2025-12-24T09:28:14.686+0000] {processor.py:208} INFO - Processing /home/airflow/.local/lib/python3.11/site-packages/airflow/example_dags/example_complex.py took 0.237 seconds
[2025-12-24T09:29:12.073+0000] {processor.py:186} INFO - Started process (PID=1140) to work on /home/airflow/.local/lib/python3.11/site-packages/airflow/example_dags/example_complex.py
[2025-12-24T09:29:12.075+0000] {processor.py:914} INFO - Processing file /home/airflow/.local/lib/python3.11/site-packages/airflow/example_dags/example_complex.py for tasks to queue
[2025-12-24T09:29:12.079+0000] {logging_mixin.py:190} INFO - [2025-12-24T09:29:12.079+0000] {dagbag.py:588} INFO - Filling up the DagBag from /home/airflow/.local/lib/python3.11/site-packages/airflow/example_dags/example_complex.py
[2025-12-24T09:29:12.100+0000] {processor.py:925} INFO - DAG(s) 'example_complex' retrieved from /home/airflow/.local/lib/python3.11/site-packages/airflow/example_dags/example_complex.py
[2025-12-24T09:29:12.151+0000] {logging_mixin.py:190} INFO - [2025-12-24T09:29:12.150+0000] {dag.py:3239} INFO - Sync 1 DAGs
[2025-12-24T09:29:12.170+0000] {logging_mixin.py:190} INFO - [2025-12-24T09:29:12.170+0000] {dag.py:4180} INFO - Setting next_dagrun for example_complex to None, run_after=None
[2025-12-24T09:29:12.197+0000] {processor.py:208} INFO - Processing /home/airflow/.local/lib/python3.11/site-packages/airflow/example_dags/example_complex.py took 0.134 seconds
