[2025-12-24T09:03:00.463+0000] {processor.py:186} INFO - Started process (PID=102) to work on /home/airflow/.local/lib/python3.11/site-packages/airflow/example_dags/example_branch_operator_decorator.py
[2025-12-24T09:03:00.466+0000] {processor.py:914} INFO - Processing file /home/airflow/.local/lib/python3.11/site-packages/airflow/example_dags/example_branch_operator_decorator.py for tasks to queue
[2025-12-24T09:03:00.474+0000] {logging_mixin.py:190} INFO - [2025-12-24T09:03:00.473+0000] {dagbag.py:588} INFO - Filling up the DagBag from /home/airflow/.local/lib/python3.11/site-packages/airflow/example_dags/example_branch_operator_decorator.py
[2025-12-24T09:03:42.879+0000] {processor.py:925} INFO - DAG(s) 'example_branch_python_operator_decorator' retrieved from /home/airflow/.local/lib/python3.11/site-packages/airflow/example_dags/example_branch_operator_decorator.py
[2025-12-24T09:03:00.747+0000] {logging_mixin.py:190} INFO - [2025-12-24T09:03:00.746+0000] {override.py:1911} INFO - Created Permission View: can edit on DAG:example_branch_python_operator_decorator
[2025-12-24T09:03:00.776+0000] {logging_mixin.py:190} INFO - [2025-12-24T09:03:00.776+0000] {override.py:1911} INFO - Created Permission View: can read on DAG:example_branch_python_operator_decorator
[2025-12-24T09:03:00.802+0000] {logging_mixin.py:190} INFO - [2025-12-24T09:03:00.802+0000] {override.py:1911} INFO - Created Permission View: can delete on DAG:example_branch_python_operator_decorator
[2025-12-24T09:03:00.838+0000] {logging_mixin.py:190} INFO - [2025-12-24T09:03:00.837+0000] {override.py:1911} INFO - Created Permission View: can read on DAG Run:example_branch_python_operator_decorator
[2025-12-24T09:03:00.863+0000] {logging_mixin.py:190} INFO - [2025-12-24T09:03:00.863+0000] {override.py:1911} INFO - Created Permission View: can create on DAG Run:example_branch_python_operator_decorator
[2025-12-24T09:03:00.881+0000] {logging_mixin.py:190} INFO - [2025-12-24T09:03:00.881+0000] {override.py:1911} INFO - Created Permission View: can delete on DAG Run:example_branch_python_operator_decorator
[2025-12-24T09:03:00.901+0000] {logging_mixin.py:190} INFO - [2025-12-24T09:03:00.900+0000] {override.py:1911} INFO - Created Permission View: menu access on DAG Run:example_branch_python_operator_decorator
[2025-12-24T09:03:00.903+0000] {logging_mixin.py:190} INFO - [2025-12-24T09:03:00.902+0000] {dag.py:3239} INFO - Sync 1 DAGs
[2025-12-24T09:03:00.929+0000] {logging_mixin.py:190} INFO - [2025-12-24T09:03:00.929+0000] {dag.py:3262} INFO - Creating ORM DAG for example_branch_python_operator_decorator
[2025-12-24T09:03:00.949+0000] {logging_mixin.py:190} INFO - [2025-12-24T09:03:00.949+0000] {dag.py:4180} INFO - Setting next_dagrun for example_branch_python_operator_decorator to 2025-12-23 00:00:00+00:00, run_after=2025-12-24 00:00:00+00:00
[2025-12-24T09:03:00.981+0000] {processor.py:208} INFO - Processing /home/airflow/.local/lib/python3.11/site-packages/airflow/example_dags/example_branch_operator_decorator.py took 0.537 seconds
[2025-12-24T09:03:13.784+0000] {processor.py:186} INFO - Started process (PID=161) to work on /home/airflow/.local/lib/python3.11/site-packages/airflow/example_dags/example_branch_operator_decorator.py
[2025-12-24T09:03:13.785+0000] {processor.py:914} INFO - Processing file /home/airflow/.local/lib/python3.11/site-packages/airflow/example_dags/example_branch_operator_decorator.py for tasks to queue
[2025-12-24T09:03:13.794+0000] {logging_mixin.py:190} INFO - [2025-12-24T09:03:13.793+0000] {dagbag.py:588} INFO - Filling up the DagBag from /home/airflow/.local/lib/python3.11/site-packages/airflow/example_dags/example_branch_operator_decorator.py
[2025-12-24T09:03:13.831+0000] {processor.py:925} INFO - DAG(s) 'example_branch_python_operator_decorator' retrieved from /home/airflow/.local/lib/python3.11/site-packages/airflow/example_dags/example_branch_operator_decorator.py
[2025-12-24T09:03:13.852+0000] {logging_mixin.py:190} INFO - [2025-12-24T09:03:13.851+0000] {dag.py:3239} INFO - Sync 1 DAGs
[2025-12-24T09:03:13.883+0000] {logging_mixin.py:190} INFO - [2025-12-24T09:03:13.883+0000] {dag.py:4180} INFO - Setting next_dagrun for example_branch_python_operator_decorator to 2025-12-23 00:00:00+00:00, run_after=2025-12-24 00:00:00+00:00
[2025-12-24T09:03:13.911+0000] {processor.py:208} INFO - Processing /home/airflow/.local/lib/python3.11/site-packages/airflow/example_dags/example_branch_operator_decorator.py took 0.137 seconds
[2025-12-24T09:04:17.261+0000] {processor.py:186} INFO - Started process (PID=225) to work on /home/airflow/.local/lib/python3.11/site-packages/airflow/example_dags/example_branch_operator_decorator.py
[2025-12-24T09:04:17.264+0000] {processor.py:914} INFO - Processing file /home/airflow/.local/lib/python3.11/site-packages/airflow/example_dags/example_branch_operator_decorator.py for tasks to queue
[2025-12-24T09:04:17.269+0000] {logging_mixin.py:190} INFO - [2025-12-24T09:04:17.269+0000] {dagbag.py:588} INFO - Filling up the DagBag from /home/airflow/.local/lib/python3.11/site-packages/airflow/example_dags/example_branch_operator_decorator.py
[2025-12-24T09:04:17.305+0000] {processor.py:925} INFO - DAG(s) 'example_branch_python_operator_decorator' retrieved from /home/airflow/.local/lib/python3.11/site-packages/airflow/example_dags/example_branch_operator_decorator.py
[2025-12-24T09:04:17.348+0000] {logging_mixin.py:190} INFO - [2025-12-24T09:04:17.347+0000] {dag.py:3239} INFO - Sync 1 DAGs
[2025-12-24T09:04:17.385+0000] {logging_mixin.py:190} INFO - [2025-12-24T09:04:17.384+0000] {dag.py:4180} INFO - Setting next_dagrun for example_branch_python_operator_decorator to 2025-12-23 00:00:00+00:00, run_after=2025-12-24 00:00:00+00:00
[2025-12-24T09:04:17.431+0000] {processor.py:208} INFO - Processing /home/airflow/.local/lib/python3.11/site-packages/airflow/example_dags/example_branch_operator_decorator.py took 0.182 seconds
[2025-12-24T09:04:13.959+0000] {processor.py:186} INFO - Started process (PID=291) to work on /home/airflow/.local/lib/python3.11/site-packages/airflow/example_dags/example_branch_operator_decorator.py
[2025-12-24T09:04:13.960+0000] {processor.py:914} INFO - Processing file /home/airflow/.local/lib/python3.11/site-packages/airflow/example_dags/example_branch_operator_decorator.py for tasks to queue
[2025-12-24T09:04:13.964+0000] {logging_mixin.py:190} INFO - [2025-12-24T09:04:13.964+0000] {dagbag.py:588} INFO - Filling up the DagBag from /home/airflow/.local/lib/python3.11/site-packages/airflow/example_dags/example_branch_operator_decorator.py
[2025-12-24T09:04:13.995+0000] {processor.py:925} INFO - DAG(s) 'example_branch_python_operator_decorator' retrieved from /home/airflow/.local/lib/python3.11/site-packages/airflow/example_dags/example_branch_operator_decorator.py
[2025-12-24T09:04:14.036+0000] {logging_mixin.py:190} INFO - [2025-12-24T09:04:14.034+0000] {dag.py:3239} INFO - Sync 1 DAGs
[2025-12-24T09:04:14.078+0000] {logging_mixin.py:190} INFO - [2025-12-24T09:04:14.077+0000] {dag.py:4180} INFO - Setting next_dagrun for example_branch_python_operator_decorator to 2025-12-23 00:00:00+00:00, run_after=2025-12-24 00:00:00+00:00
[2025-12-24T09:04:14.102+0000] {processor.py:208} INFO - Processing /home/airflow/.local/lib/python3.11/site-packages/airflow/example_dags/example_branch_operator_decorator.py took 0.153 seconds
[2025-12-24T09:04:44.541+0000] {processor.py:186} INFO - Started process (PID=354) to work on /home/airflow/.local/lib/python3.11/site-packages/airflow/example_dags/example_branch_operator_decorator.py
[2025-12-24T09:04:44.543+0000] {processor.py:914} INFO - Processing file /home/airflow/.local/lib/python3.11/site-packages/airflow/example_dags/example_branch_operator_decorator.py for tasks to queue
[2025-12-24T09:04:44.548+0000] {logging_mixin.py:190} INFO - [2025-12-24T09:04:44.548+0000] {dagbag.py:588} INFO - Filling up the DagBag from /home/airflow/.local/lib/python3.11/site-packages/airflow/example_dags/example_branch_operator_decorator.py
[2025-12-24T09:04:44.592+0000] {processor.py:925} INFO - DAG(s) 'example_branch_python_operator_decorator' retrieved from /home/airflow/.local/lib/python3.11/site-packages/airflow/example_dags/example_branch_operator_decorator.py
[2025-12-24T09:04:44.649+0000] {logging_mixin.py:190} INFO - [2025-12-24T09:04:44.648+0000] {dag.py:3239} INFO - Sync 1 DAGs
[2025-12-24T09:04:44.691+0000] {logging_mixin.py:190} INFO - [2025-12-24T09:04:44.691+0000] {dag.py:4180} INFO - Setting next_dagrun for example_branch_python_operator_decorator to 2025-12-23 00:00:00+00:00, run_after=2025-12-24 00:00:00+00:00
[2025-12-24T09:04:44.726+0000] {processor.py:208} INFO - Processing /home/airflow/.local/lib/python3.11/site-packages/airflow/example_dags/example_branch_operator_decorator.py took 0.197 seconds
[2025-12-24T09:04:54.175+0000] {processor.py:186} INFO - Started process (PID=419) to work on /home/airflow/.local/lib/python3.11/site-packages/airflow/example_dags/example_branch_operator_decorator.py
[2025-12-24T09:04:54.177+0000] {processor.py:914} INFO - Processing file /home/airflow/.local/lib/python3.11/site-packages/airflow/example_dags/example_branch_operator_decorator.py for tasks to queue
[2025-12-24T09:04:54.182+0000] {logging_mixin.py:190} INFO - [2025-12-24T09:04:54.182+0000] {dagbag.py:588} INFO - Filling up the DagBag from /home/airflow/.local/lib/python3.11/site-packages/airflow/example_dags/example_branch_operator_decorator.py
[2025-12-24T09:04:54.238+0000] {processor.py:925} INFO - DAG(s) 'example_branch_python_operator_decorator' retrieved from /home/airflow/.local/lib/python3.11/site-packages/airflow/example_dags/example_branch_operator_decorator.py
[2025-12-24T09:04:54.294+0000] {logging_mixin.py:190} INFO - [2025-12-24T09:04:54.293+0000] {dag.py:3239} INFO - Sync 1 DAGs
[2025-12-24T09:04:54.338+0000] {logging_mixin.py:190} INFO - [2025-12-24T09:04:54.337+0000] {dag.py:4180} INFO - Setting next_dagrun for example_branch_python_operator_decorator to 2025-12-23 00:00:00+00:00, run_after=2025-12-24 00:00:00+00:00
[2025-12-24T09:04:54.395+0000] {processor.py:208} INFO - Processing /home/airflow/.local/lib/python3.11/site-packages/airflow/example_dags/example_branch_operator_decorator.py took 0.233 seconds
[2025-12-24T09:05:24.634+0000] {processor.py:186} INFO - Started process (PID=484) to work on /home/airflow/.local/lib/python3.11/site-packages/airflow/example_dags/example_branch_operator_decorator.py
[2025-12-24T09:05:24.635+0000] {processor.py:914} INFO - Processing file /home/airflow/.local/lib/python3.11/site-packages/airflow/example_dags/example_branch_operator_decorator.py for tasks to queue
[2025-12-24T09:05:24.639+0000] {logging_mixin.py:190} INFO - [2025-12-24T09:05:24.639+0000] {dagbag.py:588} INFO - Filling up the DagBag from /home/airflow/.local/lib/python3.11/site-packages/airflow/example_dags/example_branch_operator_decorator.py
[2025-12-24T09:05:24.668+0000] {processor.py:925} INFO - DAG(s) 'example_branch_python_operator_decorator' retrieved from /home/airflow/.local/lib/python3.11/site-packages/airflow/example_dags/example_branch_operator_decorator.py
[2025-12-24T09:05:24.706+0000] {logging_mixin.py:190} INFO - [2025-12-24T09:05:24.705+0000] {dag.py:3239} INFO - Sync 1 DAGs
[2025-12-24T09:05:24.762+0000] {logging_mixin.py:190} INFO - [2025-12-24T09:05:24.761+0000] {dag.py:4180} INFO - Setting next_dagrun for example_branch_python_operator_decorator to 2025-12-23 00:00:00+00:00, run_after=2025-12-24 00:00:00+00:00
[2025-12-24T09:05:24.797+0000] {processor.py:208} INFO - Processing /home/airflow/.local/lib/python3.11/site-packages/airflow/example_dags/example_branch_operator_decorator.py took 0.173 seconds
[2025-12-24T09:05:28.268+0000] {processor.py:186} INFO - Started process (PID=520) to work on /home/airflow/.local/lib/python3.11/site-packages/airflow/example_dags/example_branch_operator_decorator.py
[2025-12-24T09:05:28.269+0000] {processor.py:914} INFO - Processing file /home/airflow/.local/lib/python3.11/site-packages/airflow/example_dags/example_branch_operator_decorator.py for tasks to queue
[2025-12-24T09:05:28.274+0000] {logging_mixin.py:190} INFO - [2025-12-24T09:05:28.273+0000] {dagbag.py:588} INFO - Filling up the DagBag from /home/airflow/.local/lib/python3.11/site-packages/airflow/example_dags/example_branch_operator_decorator.py
[2025-12-24T09:05:28.305+0000] {processor.py:925} INFO - DAG(s) 'example_branch_python_operator_decorator' retrieved from /home/airflow/.local/lib/python3.11/site-packages/airflow/example_dags/example_branch_operator_decorator.py
[2025-12-24T09:05:28.373+0000] {logging_mixin.py:190} INFO - [2025-12-24T09:05:28.371+0000] {dag.py:3239} INFO - Sync 1 DAGs
[2025-12-24T09:05:28.418+0000] {logging_mixin.py:190} INFO - [2025-12-24T09:05:28.418+0000] {dag.py:4180} INFO - Setting next_dagrun for example_branch_python_operator_decorator to 2025-12-23 00:00:00+00:00, run_after=2025-12-24 00:00:00+00:00
[2025-12-24T09:05:28.454+0000] {processor.py:208} INFO - Processing /home/airflow/.local/lib/python3.11/site-packages/airflow/example_dags/example_branch_operator_decorator.py took 0.198 seconds
[2025-12-24T09:05:40.125+0000] {processor.py:186} INFO - Started process (PID=575) to work on /home/airflow/.local/lib/python3.11/site-packages/airflow/example_dags/example_branch_operator_decorator.py
[2025-12-24T09:05:40.131+0000] {processor.py:914} INFO - Processing file /home/airflow/.local/lib/python3.11/site-packages/airflow/example_dags/example_branch_operator_decorator.py for tasks to queue
[2025-12-24T09:05:40.137+0000] {logging_mixin.py:190} INFO - [2025-12-24T09:05:40.136+0000] {dagbag.py:588} INFO - Filling up the DagBag from /home/airflow/.local/lib/python3.11/site-packages/airflow/example_dags/example_branch_operator_decorator.py
[2025-12-24T09:05:40.182+0000] {processor.py:925} INFO - DAG(s) 'example_branch_python_operator_decorator' retrieved from /home/airflow/.local/lib/python3.11/site-packages/airflow/example_dags/example_branch_operator_decorator.py
[2025-12-24T09:05:40.257+0000] {logging_mixin.py:190} INFO - [2025-12-24T09:05:40.256+0000] {dag.py:3239} INFO - Sync 1 DAGs
[2025-12-24T09:05:40.310+0000] {logging_mixin.py:190} INFO - [2025-12-24T09:05:40.310+0000] {dag.py:4180} INFO - Setting next_dagrun for example_branch_python_operator_decorator to 2025-12-23 00:00:00+00:00, run_after=2025-12-24 00:00:00+00:00
[2025-12-24T09:05:40.364+0000] {processor.py:208} INFO - Processing /home/airflow/.local/lib/python3.11/site-packages/airflow/example_dags/example_branch_operator_decorator.py took 0.257 seconds
[2025-12-24T09:06:42.373+0000] {processor.py:186} INFO - Started process (PID=637) to work on /home/airflow/.local/lib/python3.11/site-packages/airflow/example_dags/example_branch_operator_decorator.py
[2025-12-24T09:06:42.375+0000] {processor.py:914} INFO - Processing file /home/airflow/.local/lib/python3.11/site-packages/airflow/example_dags/example_branch_operator_decorator.py for tasks to queue
[2025-12-24T09:06:42.380+0000] {logging_mixin.py:190} INFO - [2025-12-24T09:06:42.380+0000] {dagbag.py:588} INFO - Filling up the DagBag from /home/airflow/.local/lib/python3.11/site-packages/airflow/example_dags/example_branch_operator_decorator.py
[2025-12-24T09:06:42.422+0000] {processor.py:925} INFO - DAG(s) 'example_branch_python_operator_decorator' retrieved from /home/airflow/.local/lib/python3.11/site-packages/airflow/example_dags/example_branch_operator_decorator.py
[2025-12-24T09:06:42.476+0000] {logging_mixin.py:190} INFO - [2025-12-24T09:06:42.474+0000] {dag.py:3239} INFO - Sync 1 DAGs
[2025-12-24T09:06:42.529+0000] {logging_mixin.py:190} INFO - [2025-12-24T09:06:42.528+0000] {dag.py:4180} INFO - Setting next_dagrun for example_branch_python_operator_decorator to 2025-12-23 00:00:00+00:00, run_after=2025-12-24 00:00:00+00:00
[2025-12-24T09:06:42.563+0000] {processor.py:208} INFO - Processing /home/airflow/.local/lib/python3.11/site-packages/airflow/example_dags/example_branch_operator_decorator.py took 0.204 seconds
[2025-12-24T09:06:44.825+0000] {processor.py:186} INFO - Started process (PID=703) to work on /home/airflow/.local/lib/python3.11/site-packages/airflow/example_dags/example_branch_operator_decorator.py
[2025-12-24T09:06:44.827+0000] {processor.py:914} INFO - Processing file /home/airflow/.local/lib/python3.11/site-packages/airflow/example_dags/example_branch_operator_decorator.py for tasks to queue
[2025-12-24T09:06:44.834+0000] {logging_mixin.py:190} INFO - [2025-12-24T09:06:44.834+0000] {dagbag.py:588} INFO - Filling up the DagBag from /home/airflow/.local/lib/python3.11/site-packages/airflow/example_dags/example_branch_operator_decorator.py
[2025-12-24T09:06:44.876+0000] {processor.py:925} INFO - DAG(s) 'example_branch_python_operator_decorator' retrieved from /home/airflow/.local/lib/python3.11/site-packages/airflow/example_dags/example_branch_operator_decorator.py
[2025-12-24T09:06:44.925+0000] {logging_mixin.py:190} INFO - [2025-12-24T09:06:44.924+0000] {dag.py:3239} INFO - Sync 1 DAGs
[2025-12-24T09:06:44.959+0000] {logging_mixin.py:190} INFO - [2025-12-24T09:06:44.959+0000] {dag.py:4180} INFO - Setting next_dagrun for example_branch_python_operator_decorator to 2025-12-23 00:00:00+00:00, run_after=2025-12-24 00:00:00+00:00
[2025-12-24T09:06:44.999+0000] {processor.py:208} INFO - Processing /home/airflow/.local/lib/python3.11/site-packages/airflow/example_dags/example_branch_operator_decorator.py took 0.187 seconds
[2025-12-24T09:07:14.856+0000] {processor.py:186} INFO - Started process (PID=769) to work on /home/airflow/.local/lib/python3.11/site-packages/airflow/example_dags/example_branch_operator_decorator.py
[2025-12-24T09:07:14.857+0000] {processor.py:914} INFO - Processing file /home/airflow/.local/lib/python3.11/site-packages/airflow/example_dags/example_branch_operator_decorator.py for tasks to queue
[2025-12-24T09:07:14.862+0000] {logging_mixin.py:190} INFO - [2025-12-24T09:07:14.861+0000] {dagbag.py:588} INFO - Filling up the DagBag from /home/airflow/.local/lib/python3.11/site-packages/airflow/example_dags/example_branch_operator_decorator.py
[2025-12-24T09:07:14.906+0000] {processor.py:925} INFO - DAG(s) 'example_branch_python_operator_decorator' retrieved from /home/airflow/.local/lib/python3.11/site-packages/airflow/example_dags/example_branch_operator_decorator.py
[2025-12-24T09:07:14.958+0000] {logging_mixin.py:190} INFO - [2025-12-24T09:07:14.957+0000] {dag.py:3239} INFO - Sync 1 DAGs
[2025-12-24T09:07:15.007+0000] {logging_mixin.py:190} INFO - [2025-12-24T09:07:15.006+0000] {dag.py:4180} INFO - Setting next_dagrun for example_branch_python_operator_decorator to 2025-12-23 00:00:00+00:00, run_after=2025-12-24 00:00:00+00:00
[2025-12-24T09:07:15.042+0000] {processor.py:208} INFO - Processing /home/airflow/.local/lib/python3.11/site-packages/airflow/example_dags/example_branch_operator_decorator.py took 0.198 seconds
[2025-12-24T09:07:24.878+0000] {processor.py:186} INFO - Started process (PID=831) to work on /home/airflow/.local/lib/python3.11/site-packages/airflow/example_dags/example_branch_operator_decorator.py
[2025-12-24T09:07:24.881+0000] {processor.py:914} INFO - Processing file /home/airflow/.local/lib/python3.11/site-packages/airflow/example_dags/example_branch_operator_decorator.py for tasks to queue
[2025-12-24T09:07:24.885+0000] {logging_mixin.py:190} INFO - [2025-12-24T09:07:24.884+0000] {dagbag.py:588} INFO - Filling up the DagBag from /home/airflow/.local/lib/python3.11/site-packages/airflow/example_dags/example_branch_operator_decorator.py
[2025-12-24T09:07:24.917+0000] {processor.py:925} INFO - DAG(s) 'example_branch_python_operator_decorator' retrieved from /home/airflow/.local/lib/python3.11/site-packages/airflow/example_dags/example_branch_operator_decorator.py
[2025-12-24T09:07:24.957+0000] {logging_mixin.py:190} INFO - [2025-12-24T09:07:24.956+0000] {dag.py:3239} INFO - Sync 1 DAGs
[2025-12-24T09:07:24.984+0000] {logging_mixin.py:190} INFO - [2025-12-24T09:07:24.984+0000] {dag.py:4180} INFO - Setting next_dagrun for example_branch_python_operator_decorator to 2025-12-23 00:00:00+00:00, run_after=2025-12-24 00:00:00+00:00
[2025-12-24T09:07:25.010+0000] {processor.py:208} INFO - Processing /home/airflow/.local/lib/python3.11/site-packages/airflow/example_dags/example_branch_operator_decorator.py took 0.148 seconds
[2025-12-24T09:07:34.368+0000] {processor.py:186} INFO - Started process (PID=888) to work on /home/airflow/.local/lib/python3.11/site-packages/airflow/example_dags/example_branch_operator_decorator.py
[2025-12-24T09:07:34.370+0000] {processor.py:914} INFO - Processing file /home/airflow/.local/lib/python3.11/site-packages/airflow/example_dags/example_branch_operator_decorator.py for tasks to queue
[2025-12-24T09:07:34.376+0000] {logging_mixin.py:190} INFO - [2025-12-24T09:07:34.375+0000] {dagbag.py:588} INFO - Filling up the DagBag from /home/airflow/.local/lib/python3.11/site-packages/airflow/example_dags/example_branch_operator_decorator.py
[2025-12-24T09:07:34.409+0000] {processor.py:925} INFO - DAG(s) 'example_branch_python_operator_decorator' retrieved from /home/airflow/.local/lib/python3.11/site-packages/airflow/example_dags/example_branch_operator_decorator.py
[2025-12-24T09:07:34.452+0000] {logging_mixin.py:190} INFO - [2025-12-24T09:07:34.451+0000] {dag.py:3239} INFO - Sync 1 DAGs
[2025-12-24T09:07:34.500+0000] {logging_mixin.py:190} INFO - [2025-12-24T09:07:34.500+0000] {dag.py:4180} INFO - Setting next_dagrun for example_branch_python_operator_decorator to 2025-12-23 00:00:00+00:00, run_after=2025-12-24 00:00:00+00:00
[2025-12-24T09:07:34.529+0000] {processor.py:208} INFO - Processing /home/airflow/.local/lib/python3.11/site-packages/airflow/example_dags/example_branch_operator_decorator.py took 0.173 seconds
[2025-12-24T09:07:43.842+0000] {processor.py:186} INFO - Started process (PID=944) to work on /home/airflow/.local/lib/python3.11/site-packages/airflow/example_dags/example_branch_operator_decorator.py
[2025-12-24T09:07:43.844+0000] {processor.py:914} INFO - Processing file /home/airflow/.local/lib/python3.11/site-packages/airflow/example_dags/example_branch_operator_decorator.py for tasks to queue
[2025-12-24T09:07:43.848+0000] {logging_mixin.py:190} INFO - [2025-12-24T09:07:43.847+0000] {dagbag.py:588} INFO - Filling up the DagBag from /home/airflow/.local/lib/python3.11/site-packages/airflow/example_dags/example_branch_operator_decorator.py
[2025-12-24T09:07:43.878+0000] {processor.py:925} INFO - DAG(s) 'example_branch_python_operator_decorator' retrieved from /home/airflow/.local/lib/python3.11/site-packages/airflow/example_dags/example_branch_operator_decorator.py
[2025-12-24T09:07:43.917+0000] {logging_mixin.py:190} INFO - [2025-12-24T09:07:43.916+0000] {dag.py:3239} INFO - Sync 1 DAGs
[2025-12-24T09:07:43.947+0000] {logging_mixin.py:190} INFO - [2025-12-24T09:07:43.947+0000] {dag.py:4180} INFO - Setting next_dagrun for example_branch_python_operator_decorator to 2025-12-23 00:00:00+00:00, run_after=2025-12-24 00:00:00+00:00
[2025-12-24T09:07:43.970+0000] {processor.py:208} INFO - Processing /home/airflow/.local/lib/python3.11/site-packages/airflow/example_dags/example_branch_operator_decorator.py took 0.139 seconds
[2025-12-24T09:08:41.801+0000] {processor.py:186} INFO - Started process (PID=1005) to work on /home/airflow/.local/lib/python3.11/site-packages/airflow/example_dags/example_branch_operator_decorator.py
[2025-12-24T09:08:41.803+0000] {processor.py:914} INFO - Processing file /home/airflow/.local/lib/python3.11/site-packages/airflow/example_dags/example_branch_operator_decorator.py for tasks to queue
[2025-12-24T09:08:41.808+0000] {logging_mixin.py:190} INFO - [2025-12-24T09:08:41.807+0000] {dagbag.py:588} INFO - Filling up the DagBag from /home/airflow/.local/lib/python3.11/site-packages/airflow/example_dags/example_branch_operator_decorator.py
[2025-12-24T09:08:41.839+0000] {processor.py:925} INFO - DAG(s) 'example_branch_python_operator_decorator' retrieved from /home/airflow/.local/lib/python3.11/site-packages/airflow/example_dags/example_branch_operator_decorator.py
[2025-12-24T09:08:41.875+0000] {logging_mixin.py:190} INFO - [2025-12-24T09:08:41.875+0000] {dag.py:3239} INFO - Sync 1 DAGs
[2025-12-24T09:08:41.902+0000] {logging_mixin.py:190} INFO - [2025-12-24T09:08:41.902+0000] {dag.py:4180} INFO - Setting next_dagrun for example_branch_python_operator_decorator to 2025-12-23 00:00:00+00:00, run_after=2025-12-24 00:00:00+00:00
[2025-12-24T09:08:41.926+0000] {processor.py:208} INFO - Processing /home/airflow/.local/lib/python3.11/site-packages/airflow/example_dags/example_branch_operator_decorator.py took 0.134 seconds
[2025-12-24T09:09:21.217+0000] {processor.py:186} INFO - Started process (PID=1072) to work on /home/airflow/.local/lib/python3.11/site-packages/airflow/example_dags/example_branch_operator_decorator.py
[2025-12-24T09:09:21.219+0000] {processor.py:914} INFO - Processing file /home/airflow/.local/lib/python3.11/site-packages/airflow/example_dags/example_branch_operator_decorator.py for tasks to queue
[2025-12-24T09:09:21.222+0000] {logging_mixin.py:190} INFO - [2025-12-24T09:09:21.222+0000] {dagbag.py:588} INFO - Filling up the DagBag from /home/airflow/.local/lib/python3.11/site-packages/airflow/example_dags/example_branch_operator_decorator.py
[2025-12-24T09:09:21.251+0000] {processor.py:925} INFO - DAG(s) 'example_branch_python_operator_decorator' retrieved from /home/airflow/.local/lib/python3.11/site-packages/airflow/example_dags/example_branch_operator_decorator.py
[2025-12-24T09:09:21.288+0000] {logging_mixin.py:190} INFO - [2025-12-24T09:09:21.288+0000] {dag.py:3239} INFO - Sync 1 DAGs
[2025-12-24T09:09:21.328+0000] {logging_mixin.py:190} INFO - [2025-12-24T09:09:21.327+0000] {dag.py:4180} INFO - Setting next_dagrun for example_branch_python_operator_decorator to 2025-12-23 00:00:00+00:00, run_after=2025-12-24 00:00:00+00:00
[2025-12-24T09:09:21.353+0000] {processor.py:208} INFO - Processing /home/airflow/.local/lib/python3.11/site-packages/airflow/example_dags/example_branch_operator_decorator.py took 0.145 seconds
[2025-12-24T09:09:19.477+0000] {processor.py:186} INFO - Started process (PID=1152) to work on /home/airflow/.local/lib/python3.11/site-packages/airflow/example_dags/example_branch_operator_decorator.py
[2025-12-24T09:09:19.479+0000] {processor.py:914} INFO - Processing file /home/airflow/.local/lib/python3.11/site-packages/airflow/example_dags/example_branch_operator_decorator.py for tasks to queue
[2025-12-24T09:09:19.483+0000] {logging_mixin.py:190} INFO - [2025-12-24T09:09:19.482+0000] {dagbag.py:588} INFO - Filling up the DagBag from /home/airflow/.local/lib/python3.11/site-packages/airflow/example_dags/example_branch_operator_decorator.py
[2025-12-24T09:09:19.537+0000] {processor.py:925} INFO - DAG(s) 'example_branch_python_operator_decorator' retrieved from /home/airflow/.local/lib/python3.11/site-packages/airflow/example_dags/example_branch_operator_decorator.py
[2025-12-24T09:09:19.581+0000] {logging_mixin.py:190} INFO - [2025-12-24T09:09:19.580+0000] {dag.py:3239} INFO - Sync 1 DAGs
[2025-12-24T09:09:19.610+0000] {logging_mixin.py:190} INFO - [2025-12-24T09:09:19.610+0000] {dag.py:4180} INFO - Setting next_dagrun for example_branch_python_operator_decorator to 2025-12-23 00:00:00+00:00, run_after=2025-12-24 00:00:00+00:00
[2025-12-24T09:09:19.637+0000] {processor.py:208} INFO - Processing /home/airflow/.local/lib/python3.11/site-packages/airflow/example_dags/example_branch_operator_decorator.py took 0.170 seconds
[2025-12-24T09:10:26.731+0000] {processor.py:186} INFO - Started process (PID=1212) to work on /home/airflow/.local/lib/python3.11/site-packages/airflow/example_dags/example_branch_operator_decorator.py
[2025-12-24T09:10:26.733+0000] {processor.py:914} INFO - Processing file /home/airflow/.local/lib/python3.11/site-packages/airflow/example_dags/example_branch_operator_decorator.py for tasks to queue
[2025-12-24T09:10:26.737+0000] {logging_mixin.py:190} INFO - [2025-12-24T09:10:26.736+0000] {dagbag.py:588} INFO - Filling up the DagBag from /home/airflow/.local/lib/python3.11/site-packages/airflow/example_dags/example_branch_operator_decorator.py
[2025-12-24T09:10:26.776+0000] {processor.py:925} INFO - DAG(s) 'example_branch_python_operator_decorator' retrieved from /home/airflow/.local/lib/python3.11/site-packages/airflow/example_dags/example_branch_operator_decorator.py
[2025-12-24T09:10:26.814+0000] {logging_mixin.py:190} INFO - [2025-12-24T09:10:26.813+0000] {dag.py:3239} INFO - Sync 1 DAGs
[2025-12-24T09:10:26.843+0000] {logging_mixin.py:190} INFO - [2025-12-24T09:10:26.843+0000] {dag.py:4180} INFO - Setting next_dagrun for example_branch_python_operator_decorator to 2025-12-23 00:00:00+00:00, run_after=2025-12-24 00:00:00+00:00
[2025-12-24T09:10:26.865+0000] {processor.py:208} INFO - Processing /home/airflow/.local/lib/python3.11/site-packages/airflow/example_dags/example_branch_operator_decorator.py took 0.143 seconds
[2025-12-24T09:10:19.629+0000] {processor.py:186} INFO - Started process (PID=1284) to work on /home/airflow/.local/lib/python3.11/site-packages/airflow/example_dags/example_branch_operator_decorator.py
[2025-12-24T09:10:19.631+0000] {processor.py:914} INFO - Processing file /home/airflow/.local/lib/python3.11/site-packages/airflow/example_dags/example_branch_operator_decorator.py for tasks to queue
[2025-12-24T09:10:19.637+0000] {logging_mixin.py:190} INFO - [2025-12-24T09:10:19.636+0000] {dagbag.py:588} INFO - Filling up the DagBag from /home/airflow/.local/lib/python3.11/site-packages/airflow/example_dags/example_branch_operator_decorator.py
[2025-12-24T09:10:19.672+0000] {processor.py:925} INFO - DAG(s) 'example_branch_python_operator_decorator' retrieved from /home/airflow/.local/lib/python3.11/site-packages/airflow/example_dags/example_branch_operator_decorator.py
[2025-12-24T09:10:19.726+0000] {logging_mixin.py:190} INFO - [2025-12-24T09:10:19.726+0000] {dag.py:3239} INFO - Sync 1 DAGs
[2025-12-24T09:10:19.770+0000] {logging_mixin.py:190} INFO - [2025-12-24T09:10:19.770+0000] {dag.py:4180} INFO - Setting next_dagrun for example_branch_python_operator_decorator to 2025-12-23 00:00:00+00:00, run_after=2025-12-24 00:00:00+00:00
[2025-12-24T09:10:19.804+0000] {processor.py:208} INFO - Processing /home/airflow/.local/lib/python3.11/site-packages/airflow/example_dags/example_branch_operator_decorator.py took 0.188 seconds
[2025-12-24T09:10:49.623+0000] {processor.py:186} INFO - Started process (PID=1333) to work on /home/airflow/.local/lib/python3.11/site-packages/airflow/example_dags/example_branch_operator_decorator.py
[2025-12-24T09:10:49.624+0000] {processor.py:914} INFO - Processing file /home/airflow/.local/lib/python3.11/site-packages/airflow/example_dags/example_branch_operator_decorator.py for tasks to queue
[2025-12-24T09:10:49.628+0000] {logging_mixin.py:190} INFO - [2025-12-24T09:10:49.628+0000] {dagbag.py:588} INFO - Filling up the DagBag from /home/airflow/.local/lib/python3.11/site-packages/airflow/example_dags/example_branch_operator_decorator.py
[2025-12-24T09:10:49.656+0000] {processor.py:925} INFO - DAG(s) 'example_branch_python_operator_decorator' retrieved from /home/airflow/.local/lib/python3.11/site-packages/airflow/example_dags/example_branch_operator_decorator.py
[2025-12-24T09:10:49.694+0000] {logging_mixin.py:190} INFO - [2025-12-24T09:10:49.694+0000] {dag.py:3239} INFO - Sync 1 DAGs
[2025-12-24T09:10:49.724+0000] {logging_mixin.py:190} INFO - [2025-12-24T09:10:49.723+0000] {dag.py:4180} INFO - Setting next_dagrun for example_branch_python_operator_decorator to 2025-12-23 00:00:00+00:00, run_after=2025-12-24 00:00:00+00:00
[2025-12-24T09:10:49.749+0000] {processor.py:208} INFO - Processing /home/airflow/.local/lib/python3.11/site-packages/airflow/example_dags/example_branch_operator_decorator.py took 0.136 seconds
[2025-12-24T09:10:59.680+0000] {processor.py:186} INFO - Started process (PID=1390) to work on /home/airflow/.local/lib/python3.11/site-packages/airflow/example_dags/example_branch_operator_decorator.py
[2025-12-24T09:10:59.682+0000] {processor.py:914} INFO - Processing file /home/airflow/.local/lib/python3.11/site-packages/airflow/example_dags/example_branch_operator_decorator.py for tasks to queue
[2025-12-24T09:10:59.687+0000] {logging_mixin.py:190} INFO - [2025-12-24T09:10:59.686+0000] {dagbag.py:588} INFO - Filling up the DagBag from /home/airflow/.local/lib/python3.11/site-packages/airflow/example_dags/example_branch_operator_decorator.py
[2025-12-24T09:10:59.730+0000] {processor.py:925} INFO - DAG(s) 'example_branch_python_operator_decorator' retrieved from /home/airflow/.local/lib/python3.11/site-packages/airflow/example_dags/example_branch_operator_decorator.py
[2025-12-24T09:10:59.782+0000] {logging_mixin.py:190} INFO - [2025-12-24T09:10:59.781+0000] {dag.py:3239} INFO - Sync 1 DAGs
[2025-12-24T09:10:59.822+0000] {logging_mixin.py:190} INFO - [2025-12-24T09:10:59.821+0000] {dag.py:4180} INFO - Setting next_dagrun for example_branch_python_operator_decorator to 2025-12-23 00:00:00+00:00, run_after=2025-12-24 00:00:00+00:00
[2025-12-24T09:10:59.856+0000] {processor.py:208} INFO - Processing /home/airflow/.local/lib/python3.11/site-packages/airflow/example_dags/example_branch_operator_decorator.py took 0.187 seconds
[2025-12-24T09:11:30.878+0000] {processor.py:186} INFO - Started process (PID=1453) to work on /home/airflow/.local/lib/python3.11/site-packages/airflow/example_dags/example_branch_operator_decorator.py
[2025-12-24T09:11:30.880+0000] {processor.py:914} INFO - Processing file /home/airflow/.local/lib/python3.11/site-packages/airflow/example_dags/example_branch_operator_decorator.py for tasks to queue
[2025-12-24T09:11:30.886+0000] {logging_mixin.py:190} INFO - [2025-12-24T09:11:30.885+0000] {dagbag.py:588} INFO - Filling up the DagBag from /home/airflow/.local/lib/python3.11/site-packages/airflow/example_dags/example_branch_operator_decorator.py
[2025-12-24T09:11:30.923+0000] {processor.py:925} INFO - DAG(s) 'example_branch_python_operator_decorator' retrieved from /home/airflow/.local/lib/python3.11/site-packages/airflow/example_dags/example_branch_operator_decorator.py
[2025-12-24T09:11:30.971+0000] {logging_mixin.py:190} INFO - [2025-12-24T09:11:30.970+0000] {dag.py:3239} INFO - Sync 1 DAGs
[2025-12-24T09:11:31.000+0000] {logging_mixin.py:190} INFO - [2025-12-24T09:11:31.000+0000] {dag.py:4180} INFO - Setting next_dagrun for example_branch_python_operator_decorator to 2025-12-23 00:00:00+00:00, run_after=2025-12-24 00:00:00+00:00
[2025-12-24T09:11:31.025+0000] {processor.py:208} INFO - Processing /home/airflow/.local/lib/python3.11/site-packages/airflow/example_dags/example_branch_operator_decorator.py took 0.161 seconds
[2025-12-24T09:12:32.175+0000] {processor.py:186} INFO - Started process (PID=1516) to work on /home/airflow/.local/lib/python3.11/site-packages/airflow/example_dags/example_branch_operator_decorator.py
[2025-12-24T09:12:32.176+0000] {processor.py:914} INFO - Processing file /home/airflow/.local/lib/python3.11/site-packages/airflow/example_dags/example_branch_operator_decorator.py for tasks to queue
[2025-12-24T09:12:32.180+0000] {logging_mixin.py:190} INFO - [2025-12-24T09:12:32.180+0000] {dagbag.py:588} INFO - Filling up the DagBag from /home/airflow/.local/lib/python3.11/site-packages/airflow/example_dags/example_branch_operator_decorator.py
[2025-12-24T09:12:32.207+0000] {processor.py:925} INFO - DAG(s) 'example_branch_python_operator_decorator' retrieved from /home/airflow/.local/lib/python3.11/site-packages/airflow/example_dags/example_branch_operator_decorator.py
[2025-12-24T09:12:32.243+0000] {logging_mixin.py:190} INFO - [2025-12-24T09:12:32.243+0000] {dag.py:3239} INFO - Sync 1 DAGs
[2025-12-24T09:12:32.270+0000] {logging_mixin.py:190} INFO - [2025-12-24T09:12:32.270+0000] {dag.py:4180} INFO - Setting next_dagrun for example_branch_python_operator_decorator to 2025-12-23 00:00:00+00:00, run_after=2025-12-24 00:00:00+00:00
[2025-12-24T09:12:32.294+0000] {processor.py:208} INFO - Processing /home/airflow/.local/lib/python3.11/site-packages/airflow/example_dags/example_branch_operator_decorator.py took 0.128 seconds
[2025-12-24T09:12:44.151+0000] {processor.py:186} INFO - Started process (PID=1580) to work on /home/airflow/.local/lib/python3.11/site-packages/airflow/example_dags/example_branch_operator_decorator.py
[2025-12-24T09:12:44.152+0000] {processor.py:914} INFO - Processing file /home/airflow/.local/lib/python3.11/site-packages/airflow/example_dags/example_branch_operator_decorator.py for tasks to queue
[2025-12-24T09:12:44.156+0000] {logging_mixin.py:190} INFO - [2025-12-24T09:12:44.155+0000] {dagbag.py:588} INFO - Filling up the DagBag from /home/airflow/.local/lib/python3.11/site-packages/airflow/example_dags/example_branch_operator_decorator.py
[2025-12-24T09:12:44.185+0000] {processor.py:925} INFO - DAG(s) 'example_branch_python_operator_decorator' retrieved from /home/airflow/.local/lib/python3.11/site-packages/airflow/example_dags/example_branch_operator_decorator.py
[2025-12-24T09:12:44.227+0000] {logging_mixin.py:190} INFO - [2025-12-24T09:12:44.226+0000] {dag.py:3239} INFO - Sync 1 DAGs
[2025-12-24T09:12:44.258+0000] {logging_mixin.py:190} INFO - [2025-12-24T09:12:44.257+0000] {dag.py:4180} INFO - Setting next_dagrun for example_branch_python_operator_decorator to 2025-12-23 00:00:00+00:00, run_after=2025-12-24 00:00:00+00:00
[2025-12-24T09:12:44.281+0000] {processor.py:208} INFO - Processing /home/airflow/.local/lib/python3.11/site-packages/airflow/example_dags/example_branch_operator_decorator.py took 0.140 seconds
[2025-12-24T09:13:33.251+0000] {processor.py:186} INFO - Started process (PID=1647) to work on /home/airflow/.local/lib/python3.11/site-packages/airflow/example_dags/example_branch_operator_decorator.py
[2025-12-24T09:13:33.252+0000] {processor.py:914} INFO - Processing file /home/airflow/.local/lib/python3.11/site-packages/airflow/example_dags/example_branch_operator_decorator.py for tasks to queue
[2025-12-24T09:13:33.256+0000] {logging_mixin.py:190} INFO - [2025-12-24T09:13:33.256+0000] {dagbag.py:588} INFO - Filling up the DagBag from /home/airflow/.local/lib/python3.11/site-packages/airflow/example_dags/example_branch_operator_decorator.py
[2025-12-24T09:13:33.288+0000] {processor.py:925} INFO - DAG(s) 'example_branch_python_operator_decorator' retrieved from /home/airflow/.local/lib/python3.11/site-packages/airflow/example_dags/example_branch_operator_decorator.py
[2025-12-24T09:13:33.325+0000] {logging_mixin.py:190} INFO - [2025-12-24T09:13:33.325+0000] {dag.py:3239} INFO - Sync 1 DAGs
[2025-12-24T09:13:33.354+0000] {logging_mixin.py:190} INFO - [2025-12-24T09:13:33.353+0000] {dag.py:4180} INFO - Setting next_dagrun for example_branch_python_operator_decorator to 2025-12-23 00:00:00+00:00, run_after=2025-12-24 00:00:00+00:00
[2025-12-24T09:13:33.380+0000] {processor.py:208} INFO - Processing /home/airflow/.local/lib/python3.11/site-packages/airflow/example_dags/example_branch_operator_decorator.py took 0.138 seconds
[2025-12-24T09:14:27.440+0000] {processor.py:186} INFO - Started process (PID=1697) to work on /home/airflow/.local/lib/python3.11/site-packages/airflow/example_dags/example_branch_operator_decorator.py
[2025-12-24T09:14:27.443+0000] {processor.py:914} INFO - Processing file /home/airflow/.local/lib/python3.11/site-packages/airflow/example_dags/example_branch_operator_decorator.py for tasks to queue
[2025-12-24T09:14:27.449+0000] {logging_mixin.py:190} INFO - [2025-12-24T09:14:27.448+0000] {dagbag.py:588} INFO - Filling up the DagBag from /home/airflow/.local/lib/python3.11/site-packages/airflow/example_dags/example_branch_operator_decorator.py
[2025-12-24T09:14:27.491+0000] {processor.py:925} INFO - DAG(s) 'example_branch_python_operator_decorator' retrieved from /home/airflow/.local/lib/python3.11/site-packages/airflow/example_dags/example_branch_operator_decorator.py
[2025-12-24T09:14:27.535+0000] {logging_mixin.py:190} INFO - [2025-12-24T09:14:27.535+0000] {dag.py:3239} INFO - Sync 1 DAGs
[2025-12-24T09:14:27.574+0000] {logging_mixin.py:190} INFO - [2025-12-24T09:14:27.574+0000] {dag.py:4180} INFO - Setting next_dagrun for example_branch_python_operator_decorator to 2025-12-23 00:00:00+00:00, run_after=2025-12-24 00:00:00+00:00
[2025-12-24T09:14:27.600+0000] {processor.py:208} INFO - Processing /home/airflow/.local/lib/python3.11/site-packages/airflow/example_dags/example_branch_operator_decorator.py took 0.175 seconds
[2025-12-24T09:14:39.439+0000] {processor.py:186} INFO - Started process (PID=1769) to work on /home/airflow/.local/lib/python3.11/site-packages/airflow/example_dags/example_branch_operator_decorator.py
[2025-12-24T09:14:39.441+0000] {processor.py:914} INFO - Processing file /home/airflow/.local/lib/python3.11/site-packages/airflow/example_dags/example_branch_operator_decorator.py for tasks to queue
[2025-12-24T09:14:39.444+0000] {logging_mixin.py:190} INFO - [2025-12-24T09:14:39.444+0000] {dagbag.py:588} INFO - Filling up the DagBag from /home/airflow/.local/lib/python3.11/site-packages/airflow/example_dags/example_branch_operator_decorator.py
[2025-12-24T09:14:39.471+0000] {processor.py:925} INFO - DAG(s) 'example_branch_python_operator_decorator' retrieved from /home/airflow/.local/lib/python3.11/site-packages/airflow/example_dags/example_branch_operator_decorator.py
[2025-12-24T09:14:39.507+0000] {logging_mixin.py:190} INFO - [2025-12-24T09:14:39.506+0000] {dag.py:3239} INFO - Sync 1 DAGs
[2025-12-24T09:14:39.532+0000] {logging_mixin.py:190} INFO - [2025-12-24T09:14:39.532+0000] {dag.py:4180} INFO - Setting next_dagrun for example_branch_python_operator_decorator to 2025-12-23 00:00:00+00:00, run_after=2025-12-24 00:00:00+00:00
[2025-12-24T09:14:39.554+0000] {processor.py:208} INFO - Processing /home/airflow/.local/lib/python3.11/site-packages/airflow/example_dags/example_branch_operator_decorator.py took 0.123 seconds
[2025-12-24T09:15:10.681+0000] {processor.py:186} INFO - Started process (PID=1833) to work on /home/airflow/.local/lib/python3.11/site-packages/airflow/example_dags/example_branch_operator_decorator.py
[2025-12-24T09:15:10.682+0000] {processor.py:914} INFO - Processing file /home/airflow/.local/lib/python3.11/site-packages/airflow/example_dags/example_branch_operator_decorator.py for tasks to queue
[2025-12-24T09:15:10.686+0000] {logging_mixin.py:190} INFO - [2025-12-24T09:15:10.686+0000] {dagbag.py:588} INFO - Filling up the DagBag from /home/airflow/.local/lib/python3.11/site-packages/airflow/example_dags/example_branch_operator_decorator.py
[2025-12-24T09:15:10.714+0000] {processor.py:925} INFO - DAG(s) 'example_branch_python_operator_decorator' retrieved from /home/airflow/.local/lib/python3.11/site-packages/airflow/example_dags/example_branch_operator_decorator.py
[2025-12-24T09:15:10.753+0000] {logging_mixin.py:190} INFO - [2025-12-24T09:15:10.752+0000] {dag.py:3239} INFO - Sync 1 DAGs
[2025-12-24T09:15:10.781+0000] {logging_mixin.py:190} INFO - [2025-12-24T09:15:10.781+0000] {dag.py:4180} INFO - Setting next_dagrun for example_branch_python_operator_decorator to 2025-12-23 00:00:00+00:00, run_after=2025-12-24 00:00:00+00:00
[2025-12-24T09:15:10.807+0000] {processor.py:208} INFO - Processing /home/airflow/.local/lib/python3.11/site-packages/airflow/example_dags/example_branch_operator_decorator.py took 0.136 seconds
[2025-12-24T09:16:23.834+0000] {processor.py:186} INFO - Started process (PID=1896) to work on /home/airflow/.local/lib/python3.11/site-packages/airflow/example_dags/example_branch_operator_decorator.py
[2025-12-24T09:16:23.836+0000] {processor.py:914} INFO - Processing file /home/airflow/.local/lib/python3.11/site-packages/airflow/example_dags/example_branch_operator_decorator.py for tasks to queue
[2025-12-24T09:16:23.839+0000] {logging_mixin.py:190} INFO - [2025-12-24T09:16:23.839+0000] {dagbag.py:588} INFO - Filling up the DagBag from /home/airflow/.local/lib/python3.11/site-packages/airflow/example_dags/example_branch_operator_decorator.py
[2025-12-24T09:16:23.872+0000] {processor.py:925} INFO - DAG(s) 'example_branch_python_operator_decorator' retrieved from /home/airflow/.local/lib/python3.11/site-packages/airflow/example_dags/example_branch_operator_decorator.py
[2025-12-24T09:16:23.910+0000] {logging_mixin.py:190} INFO - [2025-12-24T09:16:23.909+0000] {dag.py:3239} INFO - Sync 1 DAGs
[2025-12-24T09:16:23.945+0000] {logging_mixin.py:190} INFO - [2025-12-24T09:16:23.944+0000] {dag.py:4180} INFO - Setting next_dagrun for example_branch_python_operator_decorator to 2025-12-23 00:00:00+00:00, run_after=2025-12-24 00:00:00+00:00
[2025-12-24T09:15:41.639+0000] {processor.py:208} INFO - Processing /home/airflow/.local/lib/python3.11/site-packages/airflow/example_dags/example_branch_operator_decorator.py took 0.148 seconds
[2025-12-24T09:24:20.106+0000] {processor.py:186} INFO - Started process (PID=108) to work on /home/airflow/.local/lib/python3.11/site-packages/airflow/example_dags/example_branch_operator_decorator.py
[2025-12-24T09:24:20.108+0000] {processor.py:914} INFO - Processing file /home/airflow/.local/lib/python3.11/site-packages/airflow/example_dags/example_branch_operator_decorator.py for tasks to queue
[2025-12-24T09:24:20.114+0000] {logging_mixin.py:190} INFO - [2025-12-24T09:24:20.114+0000] {dagbag.py:588} INFO - Filling up the DagBag from /home/airflow/.local/lib/python3.11/site-packages/airflow/example_dags/example_branch_operator_decorator.py
[2025-12-24T09:24:20.167+0000] {processor.py:925} INFO - DAG(s) 'example_branch_python_operator_decorator' retrieved from /home/airflow/.local/lib/python3.11/site-packages/airflow/example_dags/example_branch_operator_decorator.py
[2025-12-24T09:24:20.361+0000] {logging_mixin.py:190} INFO - [2025-12-24T09:24:20.360+0000] {override.py:1911} INFO - Created Permission View: can delete on DAG:example_branch_python_operator_decorator
[2025-12-24T09:24:20.384+0000] {logging_mixin.py:190} INFO - [2025-12-24T09:24:20.384+0000] {override.py:1911} INFO - Created Permission View: can read on DAG:example_branch_python_operator_decorator
[2025-12-24T09:24:20.449+0000] {logging_mixin.py:190} INFO - [2025-12-24T09:24:20.448+0000] {override.py:1911} INFO - Created Permission View: can edit on DAG:example_branch_python_operator_decorator
[2025-12-24T09:24:20.468+0000] {logging_mixin.py:190} INFO - [2025-12-24T09:24:20.468+0000] {override.py:1911} INFO - Created Permission View: menu access on DAG Run:example_branch_python_operator_decorator
[2025-12-24T09:24:20.484+0000] {logging_mixin.py:190} INFO - [2025-12-24T09:24:20.484+0000] {override.py:1911} INFO - Created Permission View: can create on DAG Run:example_branch_python_operator_decorator
[2025-12-24T09:24:20.526+0000] {logging_mixin.py:190} INFO - [2025-12-24T09:24:20.525+0000] {override.py:1911} INFO - Created Permission View: can delete on DAG Run:example_branch_python_operator_decorator
[2025-12-24T09:24:20.565+0000] {logging_mixin.py:190} INFO - [2025-12-24T09:24:20.565+0000] {override.py:1911} INFO - Created Permission View: can read on DAG Run:example_branch_python_operator_decorator
[2025-12-24T09:24:20.566+0000] {logging_mixin.py:190} INFO - [2025-12-24T09:24:20.566+0000] {dag.py:3239} INFO - Sync 1 DAGs
[2025-12-24T09:24:20.588+0000] {logging_mixin.py:190} INFO - [2025-12-24T09:24:20.588+0000] {dag.py:3262} INFO - Creating ORM DAG for example_branch_python_operator_decorator
[2025-12-24T09:24:20.612+0000] {logging_mixin.py:190} INFO - [2025-12-24T09:24:20.612+0000] {dag.py:4180} INFO - Setting next_dagrun for example_branch_python_operator_decorator to 2025-12-23 00:00:00+00:00, run_after=2025-12-24 00:00:00+00:00
[2025-12-24T09:24:20.660+0000] {processor.py:208} INFO - Processing /home/airflow/.local/lib/python3.11/site-packages/airflow/example_dags/example_branch_operator_decorator.py took 0.567 seconds
[2025-12-24T09:24:15.227+0000] {processor.py:186} INFO - Started process (PID=240) to work on /home/airflow/.local/lib/python3.11/site-packages/airflow/example_dags/example_branch_operator_decorator.py
[2025-12-24T09:24:15.229+0000] {processor.py:914} INFO - Processing file /home/airflow/.local/lib/python3.11/site-packages/airflow/example_dags/example_branch_operator_decorator.py for tasks to queue
[2025-12-24T09:24:15.233+0000] {logging_mixin.py:190} INFO - [2025-12-24T09:24:15.233+0000] {dagbag.py:588} INFO - Filling up the DagBag from /home/airflow/.local/lib/python3.11/site-packages/airflow/example_dags/example_branch_operator_decorator.py
[2025-12-24T09:24:15.266+0000] {processor.py:925} INFO - DAG(s) 'example_branch_python_operator_decorator' retrieved from /home/airflow/.local/lib/python3.11/site-packages/airflow/example_dags/example_branch_operator_decorator.py
[2025-12-24T09:24:15.290+0000] {logging_mixin.py:190} INFO - [2025-12-24T09:24:15.289+0000] {dag.py:3239} INFO - Sync 1 DAGs
[2025-12-24T09:24:15.334+0000] {logging_mixin.py:190} INFO - [2025-12-24T09:24:15.334+0000] {dag.py:4180} INFO - Setting next_dagrun for example_branch_python_operator_decorator to 2025-12-23 00:00:00+00:00, run_after=2025-12-24 00:00:00+00:00
[2025-12-24T09:24:15.370+0000] {processor.py:208} INFO - Processing /home/airflow/.local/lib/python3.11/site-packages/airflow/example_dags/example_branch_operator_decorator.py took 0.153 seconds
[2025-12-24T09:24:44.581+0000] {processor.py:186} INFO - Started process (PID=299) to work on /home/airflow/.local/lib/python3.11/site-packages/airflow/example_dags/example_branch_operator_decorator.py
[2025-12-24T09:24:44.582+0000] {processor.py:914} INFO - Processing file /home/airflow/.local/lib/python3.11/site-packages/airflow/example_dags/example_branch_operator_decorator.py for tasks to queue
[2025-12-24T09:24:44.586+0000] {logging_mixin.py:190} INFO - [2025-12-24T09:24:44.586+0000] {dagbag.py:588} INFO - Filling up the DagBag from /home/airflow/.local/lib/python3.11/site-packages/airflow/example_dags/example_branch_operator_decorator.py
[2025-12-24T09:24:44.621+0000] {processor.py:925} INFO - DAG(s) 'example_branch_python_operator_decorator' retrieved from /home/airflow/.local/lib/python3.11/site-packages/airflow/example_dags/example_branch_operator_decorator.py
[2025-12-24T09:24:44.643+0000] {logging_mixin.py:190} INFO - [2025-12-24T09:24:44.642+0000] {dag.py:3239} INFO - Sync 1 DAGs
[2025-12-24T09:24:44.683+0000] {logging_mixin.py:190} INFO - [2025-12-24T09:24:44.683+0000] {dag.py:4180} INFO - Setting next_dagrun for example_branch_python_operator_decorator to 2025-12-23 00:00:00+00:00, run_after=2025-12-24 00:00:00+00:00
[2025-12-24T09:24:44.710+0000] {processor.py:208} INFO - Processing /home/airflow/.local/lib/python3.11/site-packages/airflow/example_dags/example_branch_operator_decorator.py took 0.139 seconds
[2025-12-24T09:24:55.831+0000] {processor.py:186} INFO - Started process (PID=355) to work on /home/airflow/.local/lib/python3.11/site-packages/airflow/example_dags/example_branch_operator_decorator.py
[2025-12-24T09:24:55.833+0000] {processor.py:914} INFO - Processing file /home/airflow/.local/lib/python3.11/site-packages/airflow/example_dags/example_branch_operator_decorator.py for tasks to queue
[2025-12-24T09:24:55.836+0000] {logging_mixin.py:190} INFO - [2025-12-24T09:24:55.836+0000] {dagbag.py:588} INFO - Filling up the DagBag from /home/airflow/.local/lib/python3.11/site-packages/airflow/example_dags/example_branch_operator_decorator.py
[2025-12-24T09:24:55.868+0000] {processor.py:925} INFO - DAG(s) 'example_branch_python_operator_decorator' retrieved from /home/airflow/.local/lib/python3.11/site-packages/airflow/example_dags/example_branch_operator_decorator.py
[2025-12-24T09:24:55.911+0000] {logging_mixin.py:190} INFO - [2025-12-24T09:24:55.911+0000] {dag.py:3239} INFO - Sync 1 DAGs
[2025-12-24T09:24:55.941+0000] {logging_mixin.py:190} INFO - [2025-12-24T09:24:55.941+0000] {dag.py:4180} INFO - Setting next_dagrun for example_branch_python_operator_decorator to 2025-12-23 00:00:00+00:00, run_after=2025-12-24 00:00:00+00:00
[2025-12-24T09:24:55.965+0000] {processor.py:208} INFO - Processing /home/airflow/.local/lib/python3.11/site-packages/airflow/example_dags/example_branch_operator_decorator.py took 0.144 seconds
[2025-12-24T09:25:14.509+0000] {processor.py:186} INFO - Started process (PID=417) to work on /home/airflow/.local/lib/python3.11/site-packages/airflow/example_dags/example_branch_operator_decorator.py
[2025-12-24T09:25:14.511+0000] {processor.py:914} INFO - Processing file /home/airflow/.local/lib/python3.11/site-packages/airflow/example_dags/example_branch_operator_decorator.py for tasks to queue
[2025-12-24T09:25:14.515+0000] {logging_mixin.py:190} INFO - [2025-12-24T09:25:14.515+0000] {dagbag.py:588} INFO - Filling up the DagBag from /home/airflow/.local/lib/python3.11/site-packages/airflow/example_dags/example_branch_operator_decorator.py
[2025-12-24T09:25:14.554+0000] {processor.py:925} INFO - DAG(s) 'example_branch_python_operator_decorator' retrieved from /home/airflow/.local/lib/python3.11/site-packages/airflow/example_dags/example_branch_operator_decorator.py
[2025-12-24T09:25:14.597+0000] {logging_mixin.py:190} INFO - [2025-12-24T09:25:14.596+0000] {dag.py:3239} INFO - Sync 1 DAGs
[2025-12-24T09:25:14.628+0000] {logging_mixin.py:190} INFO - [2025-12-24T09:25:14.628+0000] {dag.py:4180} INFO - Setting next_dagrun for example_branch_python_operator_decorator to 2025-12-23 00:00:00+00:00, run_after=2025-12-24 00:00:00+00:00
[2025-12-24T09:25:14.657+0000] {processor.py:208} INFO - Processing /home/airflow/.local/lib/python3.11/site-packages/airflow/example_dags/example_branch_operator_decorator.py took 0.161 seconds
[2025-12-24T09:25:20.629+0000] {processor.py:186} INFO - Started process (PID=471) to work on /home/airflow/.local/lib/python3.11/site-packages/airflow/example_dags/example_branch_operator_decorator.py
[2025-12-24T09:25:20.631+0000] {processor.py:914} INFO - Processing file /home/airflow/.local/lib/python3.11/site-packages/airflow/example_dags/example_branch_operator_decorator.py for tasks to queue
[2025-12-24T09:25:20.636+0000] {logging_mixin.py:190} INFO - [2025-12-24T09:25:20.635+0000] {dagbag.py:588} INFO - Filling up the DagBag from /home/airflow/.local/lib/python3.11/site-packages/airflow/example_dags/example_branch_operator_decorator.py
[2025-12-24T09:25:20.674+0000] {processor.py:925} INFO - DAG(s) 'example_branch_python_operator_decorator' retrieved from /home/airflow/.local/lib/python3.11/site-packages/airflow/example_dags/example_branch_operator_decorator.py
[2025-12-24T09:25:20.728+0000] {logging_mixin.py:190} INFO - [2025-12-24T09:25:20.727+0000] {dag.py:3239} INFO - Sync 1 DAGs
[2025-12-24T09:25:20.790+0000] {logging_mixin.py:190} INFO - [2025-12-24T09:25:20.789+0000] {dag.py:4180} INFO - Setting next_dagrun for example_branch_python_operator_decorator to 2025-12-23 00:00:00+00:00, run_after=2025-12-24 00:00:00+00:00
[2025-12-24T09:25:20.823+0000] {processor.py:208} INFO - Processing /home/airflow/.local/lib/python3.11/site-packages/airflow/example_dags/example_branch_operator_decorator.py took 0.207 seconds
[2025-12-24T09:25:52.187+0000] {processor.py:186} INFO - Started process (PID=529) to work on /home/airflow/.local/lib/python3.11/site-packages/airflow/example_dags/example_branch_operator_decorator.py
[2025-12-24T09:25:52.189+0000] {processor.py:914} INFO - Processing file /home/airflow/.local/lib/python3.11/site-packages/airflow/example_dags/example_branch_operator_decorator.py for tasks to queue
[2025-12-24T09:25:52.194+0000] {logging_mixin.py:190} INFO - [2025-12-24T09:25:52.193+0000] {dagbag.py:588} INFO - Filling up the DagBag from /home/airflow/.local/lib/python3.11/site-packages/airflow/example_dags/example_branch_operator_decorator.py
[2025-12-24T09:25:52.246+0000] {processor.py:925} INFO - DAG(s) 'example_branch_python_operator_decorator' retrieved from /home/airflow/.local/lib/python3.11/site-packages/airflow/example_dags/example_branch_operator_decorator.py
[2025-12-24T09:25:52.312+0000] {logging_mixin.py:190} INFO - [2025-12-24T09:25:52.311+0000] {dag.py:3239} INFO - Sync 1 DAGs
[2025-12-24T09:25:52.360+0000] {logging_mixin.py:190} INFO - [2025-12-24T09:25:52.359+0000] {dag.py:4180} INFO - Setting next_dagrun for example_branch_python_operator_decorator to 2025-12-23 00:00:00+00:00, run_after=2025-12-24 00:00:00+00:00
[2025-12-24T09:25:52.405+0000] {processor.py:208} INFO - Processing /home/airflow/.local/lib/python3.11/site-packages/airflow/example_dags/example_branch_operator_decorator.py took 0.229 seconds
[2025-12-24T09:25:57.060+0000] {processor.py:186} INFO - Started process (PID=562) to work on /home/airflow/.local/lib/python3.11/site-packages/airflow/example_dags/example_branch_operator_decorator.py
[2025-12-24T09:25:57.063+0000] {processor.py:914} INFO - Processing file /home/airflow/.local/lib/python3.11/site-packages/airflow/example_dags/example_branch_operator_decorator.py for tasks to queue
[2025-12-24T09:25:57.067+0000] {logging_mixin.py:190} INFO - [2025-12-24T09:25:57.067+0000] {dagbag.py:588} INFO - Filling up the DagBag from /home/airflow/.local/lib/python3.11/site-packages/airflow/example_dags/example_branch_operator_decorator.py
[2025-12-24T09:25:57.102+0000] {processor.py:925} INFO - DAG(s) 'example_branch_python_operator_decorator' retrieved from /home/airflow/.local/lib/python3.11/site-packages/airflow/example_dags/example_branch_operator_decorator.py
[2025-12-24T09:25:57.149+0000] {logging_mixin.py:190} INFO - [2025-12-24T09:25:57.147+0000] {dag.py:3239} INFO - Sync 1 DAGs
[2025-12-24T09:25:57.180+0000] {logging_mixin.py:190} INFO - [2025-12-24T09:25:57.180+0000] {dag.py:4180} INFO - Setting next_dagrun for example_branch_python_operator_decorator to 2025-12-23 00:00:00+00:00, run_after=2025-12-24 00:00:00+00:00
[2025-12-24T09:25:57.208+0000] {processor.py:208} INFO - Processing /home/airflow/.local/lib/python3.11/site-packages/airflow/example_dags/example_branch_operator_decorator.py took 0.160 seconds
[2025-12-24T09:26:06.284+0000] {processor.py:186} INFO - Started process (PID=626) to work on /home/airflow/.local/lib/python3.11/site-packages/airflow/example_dags/example_branch_operator_decorator.py
[2025-12-24T09:26:06.287+0000] {processor.py:914} INFO - Processing file /home/airflow/.local/lib/python3.11/site-packages/airflow/example_dags/example_branch_operator_decorator.py for tasks to queue
[2025-12-24T09:26:06.291+0000] {logging_mixin.py:190} INFO - [2025-12-24T09:26:06.291+0000] {dagbag.py:588} INFO - Filling up the DagBag from /home/airflow/.local/lib/python3.11/site-packages/airflow/example_dags/example_branch_operator_decorator.py
[2025-12-24T09:26:06.342+0000] {processor.py:925} INFO - DAG(s) 'example_branch_python_operator_decorator' retrieved from /home/airflow/.local/lib/python3.11/site-packages/airflow/example_dags/example_branch_operator_decorator.py
[2025-12-24T09:26:06.387+0000] {logging_mixin.py:190} INFO - [2025-12-24T09:26:06.387+0000] {dag.py:3239} INFO - Sync 1 DAGs
[2025-12-24T09:26:06.424+0000] {logging_mixin.py:190} INFO - [2025-12-24T09:26:06.423+0000] {dag.py:4180} INFO - Setting next_dagrun for example_branch_python_operator_decorator to 2025-12-23 00:00:00+00:00, run_after=2025-12-24 00:00:00+00:00
[2025-12-24T09:26:06.453+0000] {processor.py:208} INFO - Processing /home/airflow/.local/lib/python3.11/site-packages/airflow/example_dags/example_branch_operator_decorator.py took 0.187 seconds
[2025-12-24T09:26:14.826+0000] {processor.py:186} INFO - Started process (PID=682) to work on /home/airflow/.local/lib/python3.11/site-packages/airflow/example_dags/example_branch_operator_decorator.py
[2025-12-24T09:26:14.828+0000] {processor.py:914} INFO - Processing file /home/airflow/.local/lib/python3.11/site-packages/airflow/example_dags/example_branch_operator_decorator.py for tasks to queue
[2025-12-24T09:26:14.832+0000] {logging_mixin.py:190} INFO - [2025-12-24T09:26:14.832+0000] {dagbag.py:588} INFO - Filling up the DagBag from /home/airflow/.local/lib/python3.11/site-packages/airflow/example_dags/example_branch_operator_decorator.py
[2025-12-24T09:26:14.870+0000] {processor.py:925} INFO - DAG(s) 'example_branch_python_operator_decorator' retrieved from /home/airflow/.local/lib/python3.11/site-packages/airflow/example_dags/example_branch_operator_decorator.py
[2025-12-24T09:26:14.927+0000] {logging_mixin.py:190} INFO - [2025-12-24T09:26:14.926+0000] {dag.py:3239} INFO - Sync 1 DAGs
[2025-12-24T09:26:14.957+0000] {logging_mixin.py:190} INFO - [2025-12-24T09:26:14.956+0000] {dag.py:4180} INFO - Setting next_dagrun for example_branch_python_operator_decorator to 2025-12-23 00:00:00+00:00, run_after=2025-12-24 00:00:00+00:00
[2025-12-24T09:26:14.985+0000] {processor.py:208} INFO - Processing /home/airflow/.local/lib/python3.11/site-packages/airflow/example_dags/example_branch_operator_decorator.py took 0.170 seconds
[2025-12-24T09:26:25.731+0000] {processor.py:186} INFO - Started process (PID=734) to work on /home/airflow/.local/lib/python3.11/site-packages/airflow/example_dags/example_branch_operator_decorator.py
[2025-12-24T09:26:25.733+0000] {processor.py:914} INFO - Processing file /home/airflow/.local/lib/python3.11/site-packages/airflow/example_dags/example_branch_operator_decorator.py for tasks to queue
[2025-12-24T09:26:25.749+0000] {logging_mixin.py:190} INFO - [2025-12-24T09:26:25.748+0000] {dagbag.py:588} INFO - Filling up the DagBag from /home/airflow/.local/lib/python3.11/site-packages/airflow/example_dags/example_branch_operator_decorator.py
[2025-12-24T09:26:25.796+0000] {processor.py:925} INFO - DAG(s) 'example_branch_python_operator_decorator' retrieved from /home/airflow/.local/lib/python3.11/site-packages/airflow/example_dags/example_branch_operator_decorator.py
[2025-12-24T09:26:25.851+0000] {logging_mixin.py:190} INFO - [2025-12-24T09:26:25.850+0000] {dag.py:3239} INFO - Sync 1 DAGs
[2025-12-24T09:26:25.884+0000] {logging_mixin.py:190} INFO - [2025-12-24T09:26:25.884+0000] {dag.py:4180} INFO - Setting next_dagrun for example_branch_python_operator_decorator to 2025-12-23 00:00:00+00:00, run_after=2025-12-24 00:00:00+00:00
[2025-12-24T09:26:25.911+0000] {processor.py:208} INFO - Processing /home/airflow/.local/lib/python3.11/site-packages/airflow/example_dags/example_branch_operator_decorator.py took 0.189 seconds
[2025-12-24T09:26:36.030+0000] {processor.py:186} INFO - Started process (PID=789) to work on /home/airflow/.local/lib/python3.11/site-packages/airflow/example_dags/example_branch_operator_decorator.py
[2025-12-24T09:26:36.032+0000] {processor.py:914} INFO - Processing file /home/airflow/.local/lib/python3.11/site-packages/airflow/example_dags/example_branch_operator_decorator.py for tasks to queue
[2025-12-24T09:26:36.038+0000] {logging_mixin.py:190} INFO - [2025-12-24T09:26:36.038+0000] {dagbag.py:588} INFO - Filling up the DagBag from /home/airflow/.local/lib/python3.11/site-packages/airflow/example_dags/example_branch_operator_decorator.py
[2025-12-24T09:26:36.084+0000] {processor.py:925} INFO - DAG(s) 'example_branch_python_operator_decorator' retrieved from /home/airflow/.local/lib/python3.11/site-packages/airflow/example_dags/example_branch_operator_decorator.py
[2025-12-24T09:26:36.154+0000] {logging_mixin.py:190} INFO - [2025-12-24T09:26:36.152+0000] {dag.py:3239} INFO - Sync 1 DAGs
[2025-12-24T09:26:36.219+0000] {logging_mixin.py:190} INFO - [2025-12-24T09:26:36.219+0000] {dag.py:4180} INFO - Setting next_dagrun for example_branch_python_operator_decorator to 2025-12-23 00:00:00+00:00, run_after=2025-12-24 00:00:00+00:00
[2025-12-24T09:26:36.292+0000] {processor.py:208} INFO - Processing /home/airflow/.local/lib/python3.11/site-packages/airflow/example_dags/example_branch_operator_decorator.py took 0.277 seconds
[2025-12-24T09:26:46.470+0000] {processor.py:186} INFO - Started process (PID=842) to work on /home/airflow/.local/lib/python3.11/site-packages/airflow/example_dags/example_branch_operator_decorator.py
[2025-12-24T09:26:46.472+0000] {processor.py:914} INFO - Processing file /home/airflow/.local/lib/python3.11/site-packages/airflow/example_dags/example_branch_operator_decorator.py for tasks to queue
[2025-12-24T09:26:46.477+0000] {logging_mixin.py:190} INFO - [2025-12-24T09:26:46.477+0000] {dagbag.py:588} INFO - Filling up the DagBag from /home/airflow/.local/lib/python3.11/site-packages/airflow/example_dags/example_branch_operator_decorator.py
[2025-12-24T09:26:46.521+0000] {processor.py:925} INFO - DAG(s) 'example_branch_python_operator_decorator' retrieved from /home/airflow/.local/lib/python3.11/site-packages/airflow/example_dags/example_branch_operator_decorator.py
[2025-12-24T09:26:46.565+0000] {logging_mixin.py:190} INFO - [2025-12-24T09:26:46.564+0000] {dag.py:3239} INFO - Sync 1 DAGs
[2025-12-24T09:26:46.601+0000] {logging_mixin.py:190} INFO - [2025-12-24T09:26:46.601+0000] {dag.py:4180} INFO - Setting next_dagrun for example_branch_python_operator_decorator to 2025-12-23 00:00:00+00:00, run_after=2025-12-24 00:00:00+00:00
[2025-12-24T09:26:46.630+0000] {processor.py:208} INFO - Processing /home/airflow/.local/lib/python3.11/site-packages/airflow/example_dags/example_branch_operator_decorator.py took 0.172 seconds
[2025-12-24T09:27:44.007+0000] {processor.py:186} INFO - Started process (PID=904) to work on /home/airflow/.local/lib/python3.11/site-packages/airflow/example_dags/example_branch_operator_decorator.py
[2025-12-24T09:27:44.010+0000] {processor.py:914} INFO - Processing file /home/airflow/.local/lib/python3.11/site-packages/airflow/example_dags/example_branch_operator_decorator.py for tasks to queue
[2025-12-24T09:27:44.015+0000] {logging_mixin.py:190} INFO - [2025-12-24T09:27:44.014+0000] {dagbag.py:588} INFO - Filling up the DagBag from /home/airflow/.local/lib/python3.11/site-packages/airflow/example_dags/example_branch_operator_decorator.py
[2025-12-24T09:27:44.069+0000] {processor.py:925} INFO - DAG(s) 'example_branch_python_operator_decorator' retrieved from /home/airflow/.local/lib/python3.11/site-packages/airflow/example_dags/example_branch_operator_decorator.py
[2025-12-24T09:27:44.144+0000] {logging_mixin.py:190} INFO - [2025-12-24T09:27:44.143+0000] {dag.py:3239} INFO - Sync 1 DAGs
[2025-12-24T09:27:44.194+0000] {logging_mixin.py:190} INFO - [2025-12-24T09:27:44.193+0000] {dag.py:4180} INFO - Setting next_dagrun for example_branch_python_operator_decorator to 2025-12-23 00:00:00+00:00, run_after=2025-12-24 00:00:00+00:00
[2025-12-24T09:27:44.235+0000] {processor.py:208} INFO - Processing /home/airflow/.local/lib/python3.11/site-packages/airflow/example_dags/example_branch_operator_decorator.py took 0.242 seconds
[2025-12-24T09:27:51.242+0000] {processor.py:186} INFO - Started process (PID=970) to work on /home/airflow/.local/lib/python3.11/site-packages/airflow/example_dags/example_branch_operator_decorator.py
[2025-12-24T09:27:51.246+0000] {processor.py:914} INFO - Processing file /home/airflow/.local/lib/python3.11/site-packages/airflow/example_dags/example_branch_operator_decorator.py for tasks to queue
[2025-12-24T09:27:51.251+0000] {logging_mixin.py:190} INFO - [2025-12-24T09:27:51.250+0000] {dagbag.py:588} INFO - Filling up the DagBag from /home/airflow/.local/lib/python3.11/site-packages/airflow/example_dags/example_branch_operator_decorator.py
[2025-12-24T09:27:51.295+0000] {processor.py:925} INFO - DAG(s) 'example_branch_python_operator_decorator' retrieved from /home/airflow/.local/lib/python3.11/site-packages/airflow/example_dags/example_branch_operator_decorator.py
[2025-12-24T09:27:51.363+0000] {logging_mixin.py:190} INFO - [2025-12-24T09:27:51.362+0000] {dag.py:3239} INFO - Sync 1 DAGs
[2025-12-24T09:27:51.405+0000] {logging_mixin.py:190} INFO - [2025-12-24T09:27:51.405+0000] {dag.py:4180} INFO - Setting next_dagrun for example_branch_python_operator_decorator to 2025-12-23 00:00:00+00:00, run_after=2025-12-24 00:00:00+00:00
[2025-12-24T09:27:51.450+0000] {processor.py:208} INFO - Processing /home/airflow/.local/lib/python3.11/site-packages/airflow/example_dags/example_branch_operator_decorator.py took 0.223 seconds
[2025-12-24T09:28:01.246+0000] {processor.py:186} INFO - Started process (PID=1036) to work on /home/airflow/.local/lib/python3.11/site-packages/airflow/example_dags/example_branch_operator_decorator.py
[2025-12-24T09:28:01.248+0000] {processor.py:914} INFO - Processing file /home/airflow/.local/lib/python3.11/site-packages/airflow/example_dags/example_branch_operator_decorator.py for tasks to queue
[2025-12-24T09:28:01.252+0000] {logging_mixin.py:190} INFO - [2025-12-24T09:28:01.251+0000] {dagbag.py:588} INFO - Filling up the DagBag from /home/airflow/.local/lib/python3.11/site-packages/airflow/example_dags/example_branch_operator_decorator.py
[2025-12-24T09:28:01.294+0000] {processor.py:925} INFO - DAG(s) 'example_branch_python_operator_decorator' retrieved from /home/airflow/.local/lib/python3.11/site-packages/airflow/example_dags/example_branch_operator_decorator.py
[2025-12-24T09:28:01.345+0000] {logging_mixin.py:190} INFO - [2025-12-24T09:28:01.344+0000] {dag.py:3239} INFO - Sync 1 DAGs
[2025-12-24T09:28:01.374+0000] {logging_mixin.py:190} INFO - [2025-12-24T09:28:01.374+0000] {dag.py:4180} INFO - Setting next_dagrun for example_branch_python_operator_decorator to 2025-12-23 00:00:00+00:00, run_after=2025-12-24 00:00:00+00:00
[2025-12-24T09:28:01.407+0000] {processor.py:208} INFO - Processing /home/airflow/.local/lib/python3.11/site-packages/airflow/example_dags/example_branch_operator_decorator.py took 0.176 seconds
[2025-12-24T09:28:15.786+0000] {processor.py:186} INFO - Started process (PID=1095) to work on /home/airflow/.local/lib/python3.11/site-packages/airflow/example_dags/example_branch_operator_decorator.py
[2025-12-24T09:28:15.788+0000] {processor.py:914} INFO - Processing file /home/airflow/.local/lib/python3.11/site-packages/airflow/example_dags/example_branch_operator_decorator.py for tasks to queue
[2025-12-24T09:28:15.791+0000] {logging_mixin.py:190} INFO - [2025-12-24T09:28:15.791+0000] {dagbag.py:588} INFO - Filling up the DagBag from /home/airflow/.local/lib/python3.11/site-packages/airflow/example_dags/example_branch_operator_decorator.py
[2025-12-24T09:28:15.830+0000] {processor.py:925} INFO - DAG(s) 'example_branch_python_operator_decorator' retrieved from /home/airflow/.local/lib/python3.11/site-packages/airflow/example_dags/example_branch_operator_decorator.py
[2025-12-24T09:28:15.868+0000] {logging_mixin.py:190} INFO - [2025-12-24T09:28:15.867+0000] {dag.py:3239} INFO - Sync 1 DAGs
[2025-12-24T09:28:15.895+0000] {logging_mixin.py:190} INFO - [2025-12-24T09:28:15.895+0000] {dag.py:4180} INFO - Setting next_dagrun for example_branch_python_operator_decorator to 2025-12-23 00:00:00+00:00, run_after=2025-12-24 00:00:00+00:00
[2025-12-24T09:28:15.924+0000] {processor.py:208} INFO - Processing /home/airflow/.local/lib/python3.11/site-packages/airflow/example_dags/example_branch_operator_decorator.py took 0.148 seconds
[2025-12-24T09:29:13.590+0000] {processor.py:186} INFO - Started process (PID=1154) to work on /home/airflow/.local/lib/python3.11/site-packages/airflow/example_dags/example_branch_operator_decorator.py
[2025-12-24T09:29:13.592+0000] {processor.py:914} INFO - Processing file /home/airflow/.local/lib/python3.11/site-packages/airflow/example_dags/example_branch_operator_decorator.py for tasks to queue
[2025-12-24T09:29:13.598+0000] {logging_mixin.py:190} INFO - [2025-12-24T09:29:13.597+0000] {dagbag.py:588} INFO - Filling up the DagBag from /home/airflow/.local/lib/python3.11/site-packages/airflow/example_dags/example_branch_operator_decorator.py
[2025-12-24T09:29:13.641+0000] {processor.py:925} INFO - DAG(s) 'example_branch_python_operator_decorator' retrieved from /home/airflow/.local/lib/python3.11/site-packages/airflow/example_dags/example_branch_operator_decorator.py
[2025-12-24T09:29:13.707+0000] {logging_mixin.py:190} INFO - [2025-12-24T09:29:13.706+0000] {dag.py:3239} INFO - Sync 1 DAGs
[2025-12-24T09:29:13.792+0000] {logging_mixin.py:190} INFO - [2025-12-24T09:29:13.792+0000] {dag.py:4180} INFO - Setting next_dagrun for example_branch_python_operator_decorator to 2025-12-23 00:00:00+00:00, run_after=2025-12-24 00:00:00+00:00
[2025-12-24T09:29:13.845+0000] {processor.py:208} INFO - Processing /home/airflow/.local/lib/python3.11/site-packages/airflow/example_dags/example_branch_operator_decorator.py took 0.269 seconds
