[2025-12-24T09:03:01.640+0000] {processor.py:186} INFO - Started process (PID=105) to work on /home/airflow/.local/lib/python3.11/site-packages/airflow/example_dags/example_xcom.py
[2025-12-24T09:03:01.642+0000] {processor.py:914} INFO - Processing file /home/airflow/.local/lib/python3.11/site-packages/airflow/example_dags/example_xcom.py for tasks to queue
[2025-12-24T09:03:01.648+0000] {logging_mixin.py:190} INFO - [2025-12-24T09:03:01.647+0000] {dagbag.py:588} INFO - Filling up the DagBag from /home/airflow/.local/lib/python3.11/site-packages/airflow/example_dags/example_xcom.py
[2025-12-24T09:03:01.673+0000] {processor.py:925} INFO - DAG(s) 'example_xcom' retrieved from /home/airflow/.local/lib/python3.11/site-packages/airflow/example_dags/example_xcom.py
[2025-12-24T09:03:01.876+0000] {logging_mixin.py:190} INFO - [2025-12-24T09:03:01.875+0000] {override.py:1911} INFO - Created Permission View: can edit on DAG:example_xcom
[2025-12-24T09:03:01.896+0000] {logging_mixin.py:190} INFO - [2025-12-24T09:03:01.896+0000] {override.py:1911} INFO - Created Permission View: can read on DAG:example_xcom
[2025-12-24T09:03:01.912+0000] {logging_mixin.py:190} INFO - [2025-12-24T09:03:01.912+0000] {override.py:1911} INFO - Created Permission View: can delete on DAG:example_xcom
[2025-12-24T09:03:01.932+0000] {logging_mixin.py:190} INFO - [2025-12-24T09:03:01.931+0000] {override.py:1911} INFO - Created Permission View: can read on DAG Run:example_xcom
[2025-12-24T09:03:01.947+0000] {logging_mixin.py:190} INFO - [2025-12-24T09:03:01.946+0000] {override.py:1911} INFO - Created Permission View: can create on DAG Run:example_xcom
[2025-12-24T09:03:01.962+0000] {logging_mixin.py:190} INFO - [2025-12-24T09:03:01.961+0000] {override.py:1911} INFO - Created Permission View: can delete on DAG Run:example_xcom
[2025-12-24T09:03:01.979+0000] {logging_mixin.py:190} INFO - [2025-12-24T09:03:01.979+0000] {override.py:1911} INFO - Created Permission View: menu access on DAG Run:example_xcom
[2025-12-24T09:03:01.981+0000] {logging_mixin.py:190} INFO - [2025-12-24T09:03:01.980+0000] {dag.py:3239} INFO - Sync 1 DAGs
[2025-12-24T09:03:01.999+0000] {logging_mixin.py:190} INFO - [2025-12-24T09:03:01.999+0000] {dag.py:3262} INFO - Creating ORM DAG for example_xcom
[2025-12-24T09:03:02.013+0000] {logging_mixin.py:190} INFO - [2025-12-24T09:03:02.013+0000] {dag.py:4180} INFO - Setting next_dagrun for example_xcom to 2021-01-01 00:00:00+00:00, run_after=2021-01-01 00:00:00+00:00
[2025-12-24T09:03:02.041+0000] {processor.py:208} INFO - Processing /home/airflow/.local/lib/python3.11/site-packages/airflow/example_dags/example_xcom.py took 0.417 seconds
[2025-12-24T09:03:14.041+0000] {processor.py:186} INFO - Started process (PID=164) to work on /home/airflow/.local/lib/python3.11/site-packages/airflow/example_dags/example_xcom.py
[2025-12-24T09:03:14.043+0000] {processor.py:914} INFO - Processing file /home/airflow/.local/lib/python3.11/site-packages/airflow/example_dags/example_xcom.py for tasks to queue
[2025-12-24T09:03:14.047+0000] {logging_mixin.py:190} INFO - [2025-12-24T09:03:14.047+0000] {dagbag.py:588} INFO - Filling up the DagBag from /home/airflow/.local/lib/python3.11/site-packages/airflow/example_dags/example_xcom.py
[2025-12-24T09:03:14.063+0000] {processor.py:925} INFO - DAG(s) 'example_xcom' retrieved from /home/airflow/.local/lib/python3.11/site-packages/airflow/example_dags/example_xcom.py
[2025-12-24T09:03:14.084+0000] {logging_mixin.py:190} INFO - [2025-12-24T09:03:14.083+0000] {dag.py:3239} INFO - Sync 1 DAGs
[2025-12-24T09:03:14.113+0000] {logging_mixin.py:190} INFO - [2025-12-24T09:03:14.113+0000] {dag.py:4180} INFO - Setting next_dagrun for example_xcom to 2021-01-01 00:00:00+00:00, run_after=2021-01-01 00:00:00+00:00
[2025-12-24T09:03:14.141+0000] {processor.py:208} INFO - Processing /home/airflow/.local/lib/python3.11/site-packages/airflow/example_dags/example_xcom.py took 0.110 seconds
[2025-12-24T09:04:17.520+0000] {processor.py:186} INFO - Started process (PID=228) to work on /home/airflow/.local/lib/python3.11/site-packages/airflow/example_dags/example_xcom.py
[2025-12-24T09:04:17.522+0000] {processor.py:914} INFO - Processing file /home/airflow/.local/lib/python3.11/site-packages/airflow/example_dags/example_xcom.py for tasks to queue
[2025-12-24T09:04:17.527+0000] {logging_mixin.py:190} INFO - [2025-12-24T09:04:17.526+0000] {dagbag.py:588} INFO - Filling up the DagBag from /home/airflow/.local/lib/python3.11/site-packages/airflow/example_dags/example_xcom.py
[2025-12-24T09:04:17.545+0000] {processor.py:925} INFO - DAG(s) 'example_xcom' retrieved from /home/airflow/.local/lib/python3.11/site-packages/airflow/example_dags/example_xcom.py
[2025-12-24T09:04:17.580+0000] {logging_mixin.py:190} INFO - [2025-12-24T09:04:17.580+0000] {dag.py:3239} INFO - Sync 1 DAGs
[2025-12-24T09:04:17.618+0000] {logging_mixin.py:190} INFO - [2025-12-24T09:04:17.617+0000] {dag.py:4180} INFO - Setting next_dagrun for example_xcom to 2021-01-01 00:00:00+00:00, run_after=2021-01-01 00:00:00+00:00
[2025-12-24T09:04:17.644+0000] {processor.py:208} INFO - Processing /home/airflow/.local/lib/python3.11/site-packages/airflow/example_dags/example_xcom.py took 0.135 seconds
[2025-12-24T09:04:14.363+0000] {processor.py:186} INFO - Started process (PID=294) to work on /home/airflow/.local/lib/python3.11/site-packages/airflow/example_dags/example_xcom.py
[2025-12-24T09:04:14.365+0000] {processor.py:914} INFO - Processing file /home/airflow/.local/lib/python3.11/site-packages/airflow/example_dags/example_xcom.py for tasks to queue
[2025-12-24T09:04:14.369+0000] {logging_mixin.py:190} INFO - [2025-12-24T09:04:14.369+0000] {dagbag.py:588} INFO - Filling up the DagBag from /home/airflow/.local/lib/python3.11/site-packages/airflow/example_dags/example_xcom.py
[2025-12-24T09:04:14.385+0000] {processor.py:925} INFO - DAG(s) 'example_xcom' retrieved from /home/airflow/.local/lib/python3.11/site-packages/airflow/example_dags/example_xcom.py
[2025-12-24T09:04:14.426+0000] {logging_mixin.py:190} INFO - [2025-12-24T09:04:14.425+0000] {dag.py:3239} INFO - Sync 1 DAGs
[2025-12-24T09:04:14.468+0000] {logging_mixin.py:190} INFO - [2025-12-24T09:04:14.467+0000] {dag.py:4180} INFO - Setting next_dagrun for example_xcom to 2021-01-01 00:00:00+00:00, run_after=2021-01-01 00:00:00+00:00
[2025-12-24T09:04:14.498+0000] {processor.py:208} INFO - Processing /home/airflow/.local/lib/python3.11/site-packages/airflow/example_dags/example_xcom.py took 0.145 seconds
[2025-12-24T09:04:44.891+0000] {processor.py:186} INFO - Started process (PID=363) to work on /home/airflow/.local/lib/python3.11/site-packages/airflow/example_dags/example_xcom.py
[2025-12-24T09:04:44.893+0000] {processor.py:914} INFO - Processing file /home/airflow/.local/lib/python3.11/site-packages/airflow/example_dags/example_xcom.py for tasks to queue
[2025-12-24T09:04:44.900+0000] {logging_mixin.py:190} INFO - [2025-12-24T09:04:44.899+0000] {dagbag.py:588} INFO - Filling up the DagBag from /home/airflow/.local/lib/python3.11/site-packages/airflow/example_dags/example_xcom.py
[2025-12-24T09:04:44.924+0000] {processor.py:925} INFO - DAG(s) 'example_xcom' retrieved from /home/airflow/.local/lib/python3.11/site-packages/airflow/example_dags/example_xcom.py
[2025-12-24T09:04:44.971+0000] {logging_mixin.py:190} INFO - [2025-12-24T09:04:44.970+0000] {dag.py:3239} INFO - Sync 1 DAGs
[2025-12-24T09:04:45.020+0000] {logging_mixin.py:190} INFO - [2025-12-24T09:04:45.019+0000] {dag.py:4180} INFO - Setting next_dagrun for example_xcom to 2021-01-01 00:00:00+00:00, run_after=2021-01-01 00:00:00+00:00
[2025-12-24T09:04:45.051+0000] {processor.py:208} INFO - Processing /home/airflow/.local/lib/python3.11/site-packages/airflow/example_dags/example_xcom.py took 0.171 seconds
[2025-12-24T09:04:54.584+0000] {processor.py:186} INFO - Started process (PID=422) to work on /home/airflow/.local/lib/python3.11/site-packages/airflow/example_dags/example_xcom.py
[2025-12-24T09:04:54.601+0000] {processor.py:914} INFO - Processing file /home/airflow/.local/lib/python3.11/site-packages/airflow/example_dags/example_xcom.py for tasks to queue
[2025-12-24T09:04:54.614+0000] {logging_mixin.py:190} INFO - [2025-12-24T09:04:54.613+0000] {dagbag.py:588} INFO - Filling up the DagBag from /home/airflow/.local/lib/python3.11/site-packages/airflow/example_dags/example_xcom.py
[2025-12-24T09:04:54.633+0000] {processor.py:925} INFO - DAG(s) 'example_xcom' retrieved from /home/airflow/.local/lib/python3.11/site-packages/airflow/example_dags/example_xcom.py
[2025-12-24T09:04:54.681+0000] {logging_mixin.py:190} INFO - [2025-12-24T09:04:54.681+0000] {dag.py:3239} INFO - Sync 1 DAGs
[2025-12-24T09:04:54.721+0000] {logging_mixin.py:190} INFO - [2025-12-24T09:04:54.720+0000] {dag.py:4180} INFO - Setting next_dagrun for example_xcom to 2021-01-01 00:00:00+00:00, run_after=2021-01-01 00:00:00+00:00
[2025-12-24T09:04:54.748+0000] {processor.py:208} INFO - Processing /home/airflow/.local/lib/python3.11/site-packages/airflow/example_dags/example_xcom.py took 0.182 seconds
[2025-12-24T09:05:25.046+0000] {processor.py:186} INFO - Started process (PID=487) to work on /home/airflow/.local/lib/python3.11/site-packages/airflow/example_dags/example_xcom.py
[2025-12-24T09:05:25.048+0000] {processor.py:914} INFO - Processing file /home/airflow/.local/lib/python3.11/site-packages/airflow/example_dags/example_xcom.py for tasks to queue
[2025-12-24T09:05:25.051+0000] {logging_mixin.py:190} INFO - [2025-12-24T09:05:25.051+0000] {dagbag.py:588} INFO - Filling up the DagBag from /home/airflow/.local/lib/python3.11/site-packages/airflow/example_dags/example_xcom.py
[2025-12-24T09:05:25.064+0000] {processor.py:925} INFO - DAG(s) 'example_xcom' retrieved from /home/airflow/.local/lib/python3.11/site-packages/airflow/example_dags/example_xcom.py
[2025-12-24T09:05:25.104+0000] {logging_mixin.py:190} INFO - [2025-12-24T09:05:25.104+0000] {dag.py:3239} INFO - Sync 1 DAGs
[2025-12-24T09:05:25.129+0000] {logging_mixin.py:190} INFO - [2025-12-24T09:05:25.129+0000] {dag.py:4180} INFO - Setting next_dagrun for example_xcom to 2021-01-01 00:00:00+00:00, run_after=2021-01-01 00:00:00+00:00
[2025-12-24T09:05:25.153+0000] {processor.py:208} INFO - Processing /home/airflow/.local/lib/python3.11/site-packages/airflow/example_dags/example_xcom.py took 0.115 seconds
[2025-12-24T09:05:28.620+0000] {processor.py:186} INFO - Started process (PID=523) to work on /home/airflow/.local/lib/python3.11/site-packages/airflow/example_dags/example_xcom.py
[2025-12-24T09:05:28.622+0000] {processor.py:914} INFO - Processing file /home/airflow/.local/lib/python3.11/site-packages/airflow/example_dags/example_xcom.py for tasks to queue
[2025-12-24T09:05:28.627+0000] {logging_mixin.py:190} INFO - [2025-12-24T09:05:28.627+0000] {dagbag.py:588} INFO - Filling up the DagBag from /home/airflow/.local/lib/python3.11/site-packages/airflow/example_dags/example_xcom.py
[2025-12-24T09:05:28.653+0000] {processor.py:925} INFO - DAG(s) 'example_xcom' retrieved from /home/airflow/.local/lib/python3.11/site-packages/airflow/example_dags/example_xcom.py
[2025-12-24T09:05:28.693+0000] {logging_mixin.py:190} INFO - [2025-12-24T09:05:28.693+0000] {dag.py:3239} INFO - Sync 1 DAGs
[2025-12-24T09:05:28.730+0000] {logging_mixin.py:190} INFO - [2025-12-24T09:05:28.730+0000] {dag.py:4180} INFO - Setting next_dagrun for example_xcom to 2021-01-01 00:00:00+00:00, run_after=2021-01-01 00:00:00+00:00
[2025-12-24T09:05:28.769+0000] {processor.py:208} INFO - Processing /home/airflow/.local/lib/python3.11/site-packages/airflow/example_dags/example_xcom.py took 0.166 seconds
[2025-12-24T09:05:40.515+0000] {processor.py:186} INFO - Started process (PID=578) to work on /home/airflow/.local/lib/python3.11/site-packages/airflow/example_dags/example_xcom.py
[2025-12-24T09:05:40.518+0000] {processor.py:914} INFO - Processing file /home/airflow/.local/lib/python3.11/site-packages/airflow/example_dags/example_xcom.py for tasks to queue
[2025-12-24T09:05:40.524+0000] {logging_mixin.py:190} INFO - [2025-12-24T09:05:40.523+0000] {dagbag.py:588} INFO - Filling up the DagBag from /home/airflow/.local/lib/python3.11/site-packages/airflow/example_dags/example_xcom.py
[2025-12-24T09:05:40.545+0000] {processor.py:925} INFO - DAG(s) 'example_xcom' retrieved from /home/airflow/.local/lib/python3.11/site-packages/airflow/example_dags/example_xcom.py
[2025-12-24T09:05:40.597+0000] {logging_mixin.py:190} INFO - [2025-12-24T09:05:40.597+0000] {dag.py:3239} INFO - Sync 1 DAGs
[2025-12-24T09:05:40.633+0000] {logging_mixin.py:190} INFO - [2025-12-24T09:05:40.633+0000] {dag.py:4180} INFO - Setting next_dagrun for example_xcom to 2021-01-01 00:00:00+00:00, run_after=2021-01-01 00:00:00+00:00
[2025-12-24T09:05:40.679+0000] {processor.py:208} INFO - Processing /home/airflow/.local/lib/python3.11/site-packages/airflow/example_dags/example_xcom.py took 0.176 seconds
[2025-12-24T09:06:42.687+0000] {processor.py:186} INFO - Started process (PID=640) to work on /home/airflow/.local/lib/python3.11/site-packages/airflow/example_dags/example_xcom.py
[2025-12-24T09:06:42.690+0000] {processor.py:914} INFO - Processing file /home/airflow/.local/lib/python3.11/site-packages/airflow/example_dags/example_xcom.py for tasks to queue
[2025-12-24T09:06:42.696+0000] {logging_mixin.py:190} INFO - [2025-12-24T09:06:42.696+0000] {dagbag.py:588} INFO - Filling up the DagBag from /home/airflow/.local/lib/python3.11/site-packages/airflow/example_dags/example_xcom.py
[2025-12-24T09:06:42.716+0000] {processor.py:925} INFO - DAG(s) 'example_xcom' retrieved from /home/airflow/.local/lib/python3.11/site-packages/airflow/example_dags/example_xcom.py
[2025-12-24T09:06:42.768+0000] {logging_mixin.py:190} INFO - [2025-12-24T09:06:42.768+0000] {dag.py:3239} INFO - Sync 1 DAGs
[2025-12-24T09:06:42.796+0000] {logging_mixin.py:190} INFO - [2025-12-24T09:06:42.796+0000] {dag.py:4180} INFO - Setting next_dagrun for example_xcom to 2021-01-01 00:00:00+00:00, run_after=2021-01-01 00:00:00+00:00
[2025-12-24T09:06:42.825+0000] {processor.py:208} INFO - Processing /home/airflow/.local/lib/python3.11/site-packages/airflow/example_dags/example_xcom.py took 0.150 seconds
[2025-12-24T09:06:45.205+0000] {processor.py:186} INFO - Started process (PID=706) to work on /home/airflow/.local/lib/python3.11/site-packages/airflow/example_dags/example_xcom.py
[2025-12-24T09:06:45.207+0000] {processor.py:914} INFO - Processing file /home/airflow/.local/lib/python3.11/site-packages/airflow/example_dags/example_xcom.py for tasks to queue
[2025-12-24T09:06:45.212+0000] {logging_mixin.py:190} INFO - [2025-12-24T09:06:45.212+0000] {dagbag.py:588} INFO - Filling up the DagBag from /home/airflow/.local/lib/python3.11/site-packages/airflow/example_dags/example_xcom.py
[2025-12-24T09:06:45.229+0000] {processor.py:925} INFO - DAG(s) 'example_xcom' retrieved from /home/airflow/.local/lib/python3.11/site-packages/airflow/example_dags/example_xcom.py
[2025-12-24T09:06:45.296+0000] {logging_mixin.py:190} INFO - [2025-12-24T09:06:45.296+0000] {dag.py:3239} INFO - Sync 1 DAGs
[2025-12-24T09:06:45.340+0000] {logging_mixin.py:190} INFO - [2025-12-24T09:06:45.339+0000] {dag.py:4180} INFO - Setting next_dagrun for example_xcom to 2021-01-01 00:00:00+00:00, run_after=2021-01-01 00:00:00+00:00
[2025-12-24T09:06:45.376+0000] {processor.py:208} INFO - Processing /home/airflow/.local/lib/python3.11/site-packages/airflow/example_dags/example_xcom.py took 0.187 seconds
[2025-12-24T09:07:15.401+0000] {processor.py:186} INFO - Started process (PID=772) to work on /home/airflow/.local/lib/python3.11/site-packages/airflow/example_dags/example_xcom.py
[2025-12-24T09:07:15.404+0000] {processor.py:914} INFO - Processing file /home/airflow/.local/lib/python3.11/site-packages/airflow/example_dags/example_xcom.py for tasks to queue
[2025-12-24T09:07:15.410+0000] {logging_mixin.py:190} INFO - [2025-12-24T09:07:15.409+0000] {dagbag.py:588} INFO - Filling up the DagBag from /home/airflow/.local/lib/python3.11/site-packages/airflow/example_dags/example_xcom.py
[2025-12-24T09:07:15.431+0000] {processor.py:925} INFO - DAG(s) 'example_xcom' retrieved from /home/airflow/.local/lib/python3.11/site-packages/airflow/example_dags/example_xcom.py
[2025-12-24T09:07:15.490+0000] {logging_mixin.py:190} INFO - [2025-12-24T09:07:15.487+0000] {dag.py:3239} INFO - Sync 1 DAGs
[2025-12-24T09:07:15.537+0000] {logging_mixin.py:190} INFO - [2025-12-24T09:07:15.537+0000] {dag.py:4180} INFO - Setting next_dagrun for example_xcom to 2021-01-01 00:00:00+00:00, run_after=2021-01-01 00:00:00+00:00
[2025-12-24T09:07:15.574+0000] {processor.py:208} INFO - Processing /home/airflow/.local/lib/python3.11/site-packages/airflow/example_dags/example_xcom.py took 0.187 seconds
[2025-12-24T09:07:25.297+0000] {processor.py:186} INFO - Started process (PID=834) to work on /home/airflow/.local/lib/python3.11/site-packages/airflow/example_dags/example_xcom.py
[2025-12-24T09:07:25.299+0000] {processor.py:914} INFO - Processing file /home/airflow/.local/lib/python3.11/site-packages/airflow/example_dags/example_xcom.py for tasks to queue
[2025-12-24T09:07:25.304+0000] {logging_mixin.py:190} INFO - [2025-12-24T09:07:25.303+0000] {dagbag.py:588} INFO - Filling up the DagBag from /home/airflow/.local/lib/python3.11/site-packages/airflow/example_dags/example_xcom.py
[2025-12-24T09:07:25.323+0000] {processor.py:925} INFO - DAG(s) 'example_xcom' retrieved from /home/airflow/.local/lib/python3.11/site-packages/airflow/example_dags/example_xcom.py
[2025-12-24T09:07:25.357+0000] {logging_mixin.py:190} INFO - [2025-12-24T09:07:25.357+0000] {dag.py:3239} INFO - Sync 1 DAGs
[2025-12-24T09:07:25.397+0000] {logging_mixin.py:190} INFO - [2025-12-24T09:07:25.397+0000] {dag.py:4180} INFO - Setting next_dagrun for example_xcom to 2021-01-01 00:00:00+00:00, run_after=2021-01-01 00:00:00+00:00
[2025-12-24T09:07:25.438+0000] {processor.py:208} INFO - Processing /home/airflow/.local/lib/python3.11/site-packages/airflow/example_dags/example_xcom.py took 0.156 seconds
[2025-12-24T09:07:34.745+0000] {processor.py:186} INFO - Started process (PID=891) to work on /home/airflow/.local/lib/python3.11/site-packages/airflow/example_dags/example_xcom.py
[2025-12-24T09:07:34.747+0000] {processor.py:914} INFO - Processing file /home/airflow/.local/lib/python3.11/site-packages/airflow/example_dags/example_xcom.py for tasks to queue
[2025-12-24T09:07:34.753+0000] {logging_mixin.py:190} INFO - [2025-12-24T09:07:34.752+0000] {dagbag.py:588} INFO - Filling up the DagBag from /home/airflow/.local/lib/python3.11/site-packages/airflow/example_dags/example_xcom.py
[2025-12-24T09:07:34.770+0000] {processor.py:925} INFO - DAG(s) 'example_xcom' retrieved from /home/airflow/.local/lib/python3.11/site-packages/airflow/example_dags/example_xcom.py
[2025-12-24T09:07:34.805+0000] {logging_mixin.py:190} INFO - [2025-12-24T09:07:34.804+0000] {dag.py:3239} INFO - Sync 1 DAGs
[2025-12-24T09:07:34.839+0000] {logging_mixin.py:190} INFO - [2025-12-24T09:07:34.839+0000] {dag.py:4180} INFO - Setting next_dagrun for example_xcom to 2021-01-01 00:00:00+00:00, run_after=2021-01-01 00:00:00+00:00
[2025-12-24T09:07:34.865+0000] {processor.py:208} INFO - Processing /home/airflow/.local/lib/python3.11/site-packages/airflow/example_dags/example_xcom.py took 0.130 seconds
[2025-12-24T09:07:44.109+0000] {processor.py:186} INFO - Started process (PID=947) to work on /home/airflow/.local/lib/python3.11/site-packages/airflow/example_dags/example_xcom.py
[2025-12-24T09:07:44.111+0000] {processor.py:914} INFO - Processing file /home/airflow/.local/lib/python3.11/site-packages/airflow/example_dags/example_xcom.py for tasks to queue
[2025-12-24T09:07:44.117+0000] {logging_mixin.py:190} INFO - [2025-12-24T09:07:44.116+0000] {dagbag.py:588} INFO - Filling up the DagBag from /home/airflow/.local/lib/python3.11/site-packages/airflow/example_dags/example_xcom.py
[2025-12-24T09:07:44.138+0000] {processor.py:925} INFO - DAG(s) 'example_xcom' retrieved from /home/airflow/.local/lib/python3.11/site-packages/airflow/example_dags/example_xcom.py
[2025-12-24T09:07:44.172+0000] {logging_mixin.py:190} INFO - [2025-12-24T09:07:44.171+0000] {dag.py:3239} INFO - Sync 1 DAGs
[2025-12-24T09:07:44.199+0000] {logging_mixin.py:190} INFO - [2025-12-24T09:07:44.199+0000] {dag.py:4180} INFO - Setting next_dagrun for example_xcom to 2021-01-01 00:00:00+00:00, run_after=2021-01-01 00:00:00+00:00
[2025-12-24T09:07:44.222+0000] {processor.py:208} INFO - Processing /home/airflow/.local/lib/python3.11/site-packages/airflow/example_dags/example_xcom.py took 0.127 seconds
[2025-12-24T09:08:42.037+0000] {processor.py:186} INFO - Started process (PID=1008) to work on /home/airflow/.local/lib/python3.11/site-packages/airflow/example_dags/example_xcom.py
[2025-12-24T09:08:42.039+0000] {processor.py:914} INFO - Processing file /home/airflow/.local/lib/python3.11/site-packages/airflow/example_dags/example_xcom.py for tasks to queue
[2025-12-24T09:08:42.043+0000] {logging_mixin.py:190} INFO - [2025-12-24T09:08:42.043+0000] {dagbag.py:588} INFO - Filling up the DagBag from /home/airflow/.local/lib/python3.11/site-packages/airflow/example_dags/example_xcom.py
[2025-12-24T09:08:42.057+0000] {processor.py:925} INFO - DAG(s) 'example_xcom' retrieved from /home/airflow/.local/lib/python3.11/site-packages/airflow/example_dags/example_xcom.py
[2025-12-24T09:08:42.087+0000] {logging_mixin.py:190} INFO - [2025-12-24T09:08:42.087+0000] {dag.py:3239} INFO - Sync 1 DAGs
[2025-12-24T09:08:42.115+0000] {logging_mixin.py:190} INFO - [2025-12-24T09:08:42.115+0000] {dag.py:4180} INFO - Setting next_dagrun for example_xcom to 2021-01-01 00:00:00+00:00, run_after=2021-01-01 00:00:00+00:00
[2025-12-24T09:08:42.160+0000] {processor.py:208} INFO - Processing /home/airflow/.local/lib/python3.11/site-packages/airflow/example_dags/example_xcom.py took 0.133 seconds
[2025-12-24T09:09:21.456+0000] {processor.py:186} INFO - Started process (PID=1075) to work on /home/airflow/.local/lib/python3.11/site-packages/airflow/example_dags/example_xcom.py
[2025-12-24T09:09:21.457+0000] {processor.py:914} INFO - Processing file /home/airflow/.local/lib/python3.11/site-packages/airflow/example_dags/example_xcom.py for tasks to queue
[2025-12-24T09:09:21.461+0000] {logging_mixin.py:190} INFO - [2025-12-24T09:09:21.461+0000] {dagbag.py:588} INFO - Filling up the DagBag from /home/airflow/.local/lib/python3.11/site-packages/airflow/example_dags/example_xcom.py
[2025-12-24T09:09:21.474+0000] {processor.py:925} INFO - DAG(s) 'example_xcom' retrieved from /home/airflow/.local/lib/python3.11/site-packages/airflow/example_dags/example_xcom.py
[2025-12-24T09:09:21.505+0000] {logging_mixin.py:190} INFO - [2025-12-24T09:09:21.505+0000] {dag.py:3239} INFO - Sync 1 DAGs
[2025-12-24T09:09:21.533+0000] {logging_mixin.py:190} INFO - [2025-12-24T09:09:21.533+0000] {dag.py:4180} INFO - Setting next_dagrun for example_xcom to 2021-01-01 00:00:00+00:00, run_after=2021-01-01 00:00:00+00:00
[2025-12-24T09:09:21.557+0000] {processor.py:208} INFO - Processing /home/airflow/.local/lib/python3.11/site-packages/airflow/example_dags/example_xcom.py took 0.109 seconds
[2025-12-24T09:09:19.870+0000] {processor.py:186} INFO - Started process (PID=1155) to work on /home/airflow/.local/lib/python3.11/site-packages/airflow/example_dags/example_xcom.py
[2025-12-24T09:09:19.872+0000] {processor.py:914} INFO - Processing file /home/airflow/.local/lib/python3.11/site-packages/airflow/example_dags/example_xcom.py for tasks to queue
[2025-12-24T09:09:19.876+0000] {logging_mixin.py:190} INFO - [2025-12-24T09:09:19.875+0000] {dagbag.py:588} INFO - Filling up the DagBag from /home/airflow/.local/lib/python3.11/site-packages/airflow/example_dags/example_xcom.py
[2025-12-24T09:09:19.890+0000] {processor.py:925} INFO - DAG(s) 'example_xcom' retrieved from /home/airflow/.local/lib/python3.11/site-packages/airflow/example_dags/example_xcom.py
[2025-12-24T09:09:19.925+0000] {logging_mixin.py:190} INFO - [2025-12-24T09:09:19.925+0000] {dag.py:3239} INFO - Sync 1 DAGs
[2025-12-24T09:09:19.953+0000] {logging_mixin.py:190} INFO - [2025-12-24T09:09:19.953+0000] {dag.py:4180} INFO - Setting next_dagrun for example_xcom to 2021-01-01 00:00:00+00:00, run_after=2021-01-01 00:00:00+00:00
[2025-12-24T09:09:19.980+0000] {processor.py:208} INFO - Processing /home/airflow/.local/lib/python3.11/site-packages/airflow/example_dags/example_xcom.py took 0.120 seconds
[2025-12-24T09:10:26.977+0000] {processor.py:186} INFO - Started process (PID=1215) to work on /home/airflow/.local/lib/python3.11/site-packages/airflow/example_dags/example_xcom.py
[2025-12-24T09:10:26.979+0000] {processor.py:914} INFO - Processing file /home/airflow/.local/lib/python3.11/site-packages/airflow/example_dags/example_xcom.py for tasks to queue
[2025-12-24T09:10:26.984+0000] {logging_mixin.py:190} INFO - [2025-12-24T09:10:26.983+0000] {dagbag.py:588} INFO - Filling up the DagBag from /home/airflow/.local/lib/python3.11/site-packages/airflow/example_dags/example_xcom.py
[2025-12-24T09:10:27.006+0000] {processor.py:925} INFO - DAG(s) 'example_xcom' retrieved from /home/airflow/.local/lib/python3.11/site-packages/airflow/example_dags/example_xcom.py
[2025-12-24T09:10:27.048+0000] {logging_mixin.py:190} INFO - [2025-12-24T09:10:27.048+0000] {dag.py:3239} INFO - Sync 1 DAGs
[2025-12-24T09:10:27.079+0000] {logging_mixin.py:190} INFO - [2025-12-24T09:10:27.078+0000] {dag.py:4180} INFO - Setting next_dagrun for example_xcom to 2021-01-01 00:00:00+00:00, run_after=2021-01-01 00:00:00+00:00
[2025-12-24T09:10:27.101+0000] {processor.py:208} INFO - Processing /home/airflow/.local/lib/python3.11/site-packages/airflow/example_dags/example_xcom.py took 0.135 seconds
[2025-12-24T09:10:20.106+0000] {processor.py:186} INFO - Started process (PID=1287) to work on /home/airflow/.local/lib/python3.11/site-packages/airflow/example_dags/example_xcom.py
[2025-12-24T09:10:20.109+0000] {processor.py:914} INFO - Processing file /home/airflow/.local/lib/python3.11/site-packages/airflow/example_dags/example_xcom.py for tasks to queue
[2025-12-24T09:10:20.115+0000] {logging_mixin.py:190} INFO - [2025-12-24T09:10:20.114+0000] {dagbag.py:588} INFO - Filling up the DagBag from /home/airflow/.local/lib/python3.11/site-packages/airflow/example_dags/example_xcom.py
[2025-12-24T09:10:20.137+0000] {processor.py:925} INFO - DAG(s) 'example_xcom' retrieved from /home/airflow/.local/lib/python3.11/site-packages/airflow/example_dags/example_xcom.py
[2025-12-24T09:10:20.193+0000] {logging_mixin.py:190} INFO - [2025-12-24T09:10:20.193+0000] {dag.py:3239} INFO - Sync 1 DAGs
[2025-12-24T09:10:20.242+0000] {logging_mixin.py:190} INFO - [2025-12-24T09:10:20.241+0000] {dag.py:4180} INFO - Setting next_dagrun for example_xcom to 2021-01-01 00:00:00+00:00, run_after=2021-01-01 00:00:00+00:00
[2025-12-24T09:10:20.284+0000] {processor.py:208} INFO - Processing /home/airflow/.local/lib/python3.11/site-packages/airflow/example_dags/example_xcom.py took 0.219 seconds
[2025-12-24T09:10:49.855+0000] {processor.py:186} INFO - Started process (PID=1336) to work on /home/airflow/.local/lib/python3.11/site-packages/airflow/example_dags/example_xcom.py
[2025-12-24T09:10:49.857+0000] {processor.py:914} INFO - Processing file /home/airflow/.local/lib/python3.11/site-packages/airflow/example_dags/example_xcom.py for tasks to queue
[2025-12-24T09:10:49.860+0000] {logging_mixin.py:190} INFO - [2025-12-24T09:10:49.860+0000] {dagbag.py:588} INFO - Filling up the DagBag from /home/airflow/.local/lib/python3.11/site-packages/airflow/example_dags/example_xcom.py
[2025-12-24T09:10:49.875+0000] {processor.py:925} INFO - DAG(s) 'example_xcom' retrieved from /home/airflow/.local/lib/python3.11/site-packages/airflow/example_dags/example_xcom.py
[2025-12-24T09:10:49.905+0000] {logging_mixin.py:190} INFO - [2025-12-24T09:10:49.905+0000] {dag.py:3239} INFO - Sync 1 DAGs
[2025-12-24T09:10:49.932+0000] {logging_mixin.py:190} INFO - [2025-12-24T09:10:49.932+0000] {dag.py:4180} INFO - Setting next_dagrun for example_xcom to 2021-01-01 00:00:00+00:00, run_after=2021-01-01 00:00:00+00:00
[2025-12-24T09:10:49.960+0000] {processor.py:208} INFO - Processing /home/airflow/.local/lib/python3.11/site-packages/airflow/example_dags/example_xcom.py took 0.117 seconds
[2025-12-24T09:11:00.009+0000] {processor.py:186} INFO - Started process (PID=1393) to work on /home/airflow/.local/lib/python3.11/site-packages/airflow/example_dags/example_xcom.py
[2025-12-24T09:11:00.011+0000] {processor.py:914} INFO - Processing file /home/airflow/.local/lib/python3.11/site-packages/airflow/example_dags/example_xcom.py for tasks to queue
[2025-12-24T09:11:00.014+0000] {logging_mixin.py:190} INFO - [2025-12-24T09:11:00.014+0000] {dagbag.py:588} INFO - Filling up the DagBag from /home/airflow/.local/lib/python3.11/site-packages/airflow/example_dags/example_xcom.py
[2025-12-24T09:11:00.031+0000] {processor.py:925} INFO - DAG(s) 'example_xcom' retrieved from /home/airflow/.local/lib/python3.11/site-packages/airflow/example_dags/example_xcom.py
[2025-12-24T09:11:00.062+0000] {logging_mixin.py:190} INFO - [2025-12-24T09:11:00.062+0000] {dag.py:3239} INFO - Sync 1 DAGs
[2025-12-24T09:11:00.090+0000] {logging_mixin.py:190} INFO - [2025-12-24T09:11:00.089+0000] {dag.py:4180} INFO - Setting next_dagrun for example_xcom to 2021-01-01 00:00:00+00:00, run_after=2021-01-01 00:00:00+00:00
[2025-12-24T09:11:00.115+0000] {processor.py:208} INFO - Processing /home/airflow/.local/lib/python3.11/site-packages/airflow/example_dags/example_xcom.py took 0.115 seconds
[2025-12-24T09:11:31.209+0000] {processor.py:186} INFO - Started process (PID=1456) to work on /home/airflow/.local/lib/python3.11/site-packages/airflow/example_dags/example_xcom.py
[2025-12-24T09:11:31.210+0000] {processor.py:914} INFO - Processing file /home/airflow/.local/lib/python3.11/site-packages/airflow/example_dags/example_xcom.py for tasks to queue
[2025-12-24T09:11:31.216+0000] {logging_mixin.py:190} INFO - [2025-12-24T09:11:31.216+0000] {dagbag.py:588} INFO - Filling up the DagBag from /home/airflow/.local/lib/python3.11/site-packages/airflow/example_dags/example_xcom.py
[2025-12-24T09:12:13.571+0000] {processor.py:925} INFO - DAG(s) 'example_xcom' retrieved from /home/airflow/.local/lib/python3.11/site-packages/airflow/example_dags/example_xcom.py
[2025-12-24T09:12:13.600+0000] {logging_mixin.py:190} INFO - [2025-12-24T09:12:13.600+0000] {dag.py:3239} INFO - Sync 1 DAGs
[2025-12-24T09:12:13.629+0000] {logging_mixin.py:190} INFO - [2025-12-24T09:12:13.629+0000] {dag.py:4180} INFO - Setting next_dagrun for example_xcom to 2021-01-01 00:00:00+00:00, run_after=2021-01-01 00:00:00+00:00
[2025-12-24T09:12:13.658+0000] {processor.py:208} INFO - Processing /home/airflow/.local/lib/python3.11/site-packages/airflow/example_dags/example_xcom.py took 0.119 seconds
[2025-12-24T09:12:44.395+0000] {processor.py:186} INFO - Started process (PID=1583) to work on /home/airflow/.local/lib/python3.11/site-packages/airflow/example_dags/example_xcom.py
[2025-12-24T09:12:44.396+0000] {processor.py:914} INFO - Processing file /home/airflow/.local/lib/python3.11/site-packages/airflow/example_dags/example_xcom.py for tasks to queue
[2025-12-24T09:12:44.400+0000] {logging_mixin.py:190} INFO - [2025-12-24T09:12:44.400+0000] {dagbag.py:588} INFO - Filling up the DagBag from /home/airflow/.local/lib/python3.11/site-packages/airflow/example_dags/example_xcom.py
[2025-12-24T09:12:44.416+0000] {processor.py:925} INFO - DAG(s) 'example_xcom' retrieved from /home/airflow/.local/lib/python3.11/site-packages/airflow/example_dags/example_xcom.py
[2025-12-24T09:12:44.448+0000] {logging_mixin.py:190} INFO - [2025-12-24T09:12:44.447+0000] {dag.py:3239} INFO - Sync 1 DAGs
[2025-12-24T09:12:44.476+0000] {logging_mixin.py:190} INFO - [2025-12-24T09:12:44.476+0000] {dag.py:4180} INFO - Setting next_dagrun for example_xcom to 2021-01-01 00:00:00+00:00, run_after=2021-01-01 00:00:00+00:00
[2025-12-24T09:12:44.501+0000] {processor.py:208} INFO - Processing /home/airflow/.local/lib/python3.11/site-packages/airflow/example_dags/example_xcom.py took 0.115 seconds
[2025-12-24T09:13:33.493+0000] {processor.py:186} INFO - Started process (PID=1650) to work on /home/airflow/.local/lib/python3.11/site-packages/airflow/example_dags/example_xcom.py
[2025-12-24T09:13:33.495+0000] {processor.py:914} INFO - Processing file /home/airflow/.local/lib/python3.11/site-packages/airflow/example_dags/example_xcom.py for tasks to queue
[2025-12-24T09:13:33.499+0000] {logging_mixin.py:190} INFO - [2025-12-24T09:13:33.499+0000] {dagbag.py:588} INFO - Filling up the DagBag from /home/airflow/.local/lib/python3.11/site-packages/airflow/example_dags/example_xcom.py
[2025-12-24T09:13:33.515+0000] {processor.py:925} INFO - DAG(s) 'example_xcom' retrieved from /home/airflow/.local/lib/python3.11/site-packages/airflow/example_dags/example_xcom.py
[2025-12-24T09:13:33.547+0000] {logging_mixin.py:190} INFO - [2025-12-24T09:13:33.547+0000] {dag.py:3239} INFO - Sync 1 DAGs
[2025-12-24T09:13:33.575+0000] {logging_mixin.py:190} INFO - [2025-12-24T09:13:33.574+0000] {dag.py:4180} INFO - Setting next_dagrun for example_xcom to 2021-01-01 00:00:00+00:00, run_after=2021-01-01 00:00:00+00:00
[2025-12-24T09:13:33.601+0000] {processor.py:208} INFO - Processing /home/airflow/.local/lib/python3.11/site-packages/airflow/example_dags/example_xcom.py took 0.119 seconds
[2025-12-24T09:14:27.715+0000] {processor.py:186} INFO - Started process (PID=1700) to work on /home/airflow/.local/lib/python3.11/site-packages/airflow/example_dags/example_xcom.py
[2025-12-24T09:14:27.716+0000] {processor.py:914} INFO - Processing file /home/airflow/.local/lib/python3.11/site-packages/airflow/example_dags/example_xcom.py for tasks to queue
[2025-12-24T09:14:27.720+0000] {logging_mixin.py:190} INFO - [2025-12-24T09:14:27.720+0000] {dagbag.py:588} INFO - Filling up the DagBag from /home/airflow/.local/lib/python3.11/site-packages/airflow/example_dags/example_xcom.py
[2025-12-24T09:14:27.737+0000] {processor.py:925} INFO - DAG(s) 'example_xcom' retrieved from /home/airflow/.local/lib/python3.11/site-packages/airflow/example_dags/example_xcom.py
[2025-12-24T09:14:27.768+0000] {logging_mixin.py:190} INFO - [2025-12-24T09:14:27.768+0000] {dag.py:3239} INFO - Sync 1 DAGs
[2025-12-24T09:14:27.800+0000] {logging_mixin.py:190} INFO - [2025-12-24T09:14:27.800+0000] {dag.py:4180} INFO - Setting next_dagrun for example_xcom to 2021-01-01 00:00:00+00:00, run_after=2021-01-01 00:00:00+00:00
[2025-12-24T09:14:27.840+0000] {processor.py:208} INFO - Processing /home/airflow/.local/lib/python3.11/site-packages/airflow/example_dags/example_xcom.py took 0.135 seconds
[2025-12-24T09:14:39.776+0000] {processor.py:186} INFO - Started process (PID=1772) to work on /home/airflow/.local/lib/python3.11/site-packages/airflow/example_dags/example_xcom.py
[2025-12-24T09:14:39.778+0000] {processor.py:914} INFO - Processing file /home/airflow/.local/lib/python3.11/site-packages/airflow/example_dags/example_xcom.py for tasks to queue
[2025-12-24T09:14:39.782+0000] {logging_mixin.py:190} INFO - [2025-12-24T09:14:39.781+0000] {dagbag.py:588} INFO - Filling up the DagBag from /home/airflow/.local/lib/python3.11/site-packages/airflow/example_dags/example_xcom.py
[2025-12-24T09:14:39.795+0000] {processor.py:925} INFO - DAG(s) 'example_xcom' retrieved from /home/airflow/.local/lib/python3.11/site-packages/airflow/example_dags/example_xcom.py
[2025-12-24T09:14:39.826+0000] {logging_mixin.py:190} INFO - [2025-12-24T09:14:39.825+0000] {dag.py:3239} INFO - Sync 1 DAGs
[2025-12-24T09:14:39.852+0000] {logging_mixin.py:190} INFO - [2025-12-24T09:14:39.852+0000] {dag.py:4180} INFO - Setting next_dagrun for example_xcom to 2021-01-01 00:00:00+00:00, run_after=2021-01-01 00:00:00+00:00
[2025-12-24T09:14:39.877+0000] {processor.py:208} INFO - Processing /home/airflow/.local/lib/python3.11/site-packages/airflow/example_dags/example_xcom.py took 0.110 seconds
[2025-12-24T09:15:11.062+0000] {processor.py:186} INFO - Started process (PID=1836) to work on /home/airflow/.local/lib/python3.11/site-packages/airflow/example_dags/example_xcom.py
[2025-12-24T09:15:11.064+0000] {processor.py:914} INFO - Processing file /home/airflow/.local/lib/python3.11/site-packages/airflow/example_dags/example_xcom.py for tasks to queue
[2025-12-24T09:15:11.069+0000] {logging_mixin.py:190} INFO - [2025-12-24T09:15:11.069+0000] {dagbag.py:588} INFO - Filling up the DagBag from /home/airflow/.local/lib/python3.11/site-packages/airflow/example_dags/example_xcom.py
[2025-12-24T09:15:11.092+0000] {processor.py:925} INFO - DAG(s) 'example_xcom' retrieved from /home/airflow/.local/lib/python3.11/site-packages/airflow/example_dags/example_xcom.py
[2025-12-24T09:15:11.129+0000] {logging_mixin.py:190} INFO - [2025-12-24T09:15:11.128+0000] {dag.py:3239} INFO - Sync 1 DAGs
[2025-12-24T09:15:11.164+0000] {logging_mixin.py:190} INFO - [2025-12-24T09:15:11.163+0000] {dag.py:4180} INFO - Setting next_dagrun for example_xcom to 2021-01-01 00:00:00+00:00, run_after=2021-01-01 00:00:00+00:00
[2025-12-24T09:15:11.193+0000] {processor.py:208} INFO - Processing /home/airflow/.local/lib/python3.11/site-packages/airflow/example_dags/example_xcom.py took 0.147 seconds
[2025-12-24T09:15:41.876+0000] {processor.py:186} INFO - Started process (PID=1899) to work on /home/airflow/.local/lib/python3.11/site-packages/airflow/example_dags/example_xcom.py
[2025-12-24T09:15:41.877+0000] {processor.py:914} INFO - Processing file /home/airflow/.local/lib/python3.11/site-packages/airflow/example_dags/example_xcom.py for tasks to queue
[2025-12-24T09:15:41.882+0000] {logging_mixin.py:190} INFO - [2025-12-24T09:15:41.882+0000] {dagbag.py:588} INFO - Filling up the DagBag from /home/airflow/.local/lib/python3.11/site-packages/airflow/example_dags/example_xcom.py
[2025-12-24T09:15:41.901+0000] {processor.py:925} INFO - DAG(s) 'example_xcom' retrieved from /home/airflow/.local/lib/python3.11/site-packages/airflow/example_dags/example_xcom.py
[2025-12-24T09:15:41.936+0000] {logging_mixin.py:190} INFO - [2025-12-24T09:15:41.935+0000] {dag.py:3239} INFO - Sync 1 DAGs
[2025-12-24T09:15:41.964+0000] {logging_mixin.py:190} INFO - [2025-12-24T09:15:41.964+0000] {dag.py:4180} INFO - Setting next_dagrun for example_xcom to 2021-01-01 00:00:00+00:00, run_after=2021-01-01 00:00:00+00:00
[2025-12-24T09:15:41.989+0000] {processor.py:208} INFO - Processing /home/airflow/.local/lib/python3.11/site-packages/airflow/example_dags/example_xcom.py took 0.124 seconds
[2025-12-24T09:16:41.752+0000] {processor.py:186} INFO - Started process (PID=1960) to work on /home/airflow/.local/lib/python3.11/site-packages/airflow/example_dags/example_xcom.py
[2025-12-24T09:16:41.754+0000] {processor.py:914} INFO - Processing file /home/airflow/.local/lib/python3.11/site-packages/airflow/example_dags/example_xcom.py for tasks to queue
[2025-12-24T09:16:41.758+0000] {logging_mixin.py:190} INFO - [2025-12-24T09:16:41.758+0000] {dagbag.py:588} INFO - Filling up the DagBag from /home/airflow/.local/lib/python3.11/site-packages/airflow/example_dags/example_xcom.py
[2025-12-24T09:16:41.774+0000] {processor.py:925} INFO - DAG(s) 'example_xcom' retrieved from /home/airflow/.local/lib/python3.11/site-packages/airflow/example_dags/example_xcom.py
[2025-12-24T09:16:41.806+0000] {logging_mixin.py:190} INFO - [2025-12-24T09:16:41.806+0000] {dag.py:3239} INFO - Sync 1 DAGs
[2025-12-24T09:16:41.835+0000] {logging_mixin.py:190} INFO - [2025-12-24T09:16:41.834+0000] {dag.py:4180} INFO - Setting next_dagrun for example_xcom to 2021-01-01 00:00:00+00:00, run_after=2021-01-01 00:00:00+00:00
[2025-12-24T09:16:41.864+0000] {processor.py:208} INFO - Processing /home/airflow/.local/lib/python3.11/site-packages/airflow/example_dags/example_xcom.py took 0.122 seconds
[2025-12-24T09:24:21.376+0000] {processor.py:186} INFO - Started process (PID=111) to work on /home/airflow/.local/lib/python3.11/site-packages/airflow/example_dags/example_xcom.py
[2025-12-24T09:24:21.379+0000] {processor.py:914} INFO - Processing file /home/airflow/.local/lib/python3.11/site-packages/airflow/example_dags/example_xcom.py for tasks to queue
[2025-12-24T09:24:21.384+0000] {logging_mixin.py:190} INFO - [2025-12-24T09:24:21.384+0000] {dagbag.py:588} INFO - Filling up the DagBag from /home/airflow/.local/lib/python3.11/site-packages/airflow/example_dags/example_xcom.py
[2025-12-24T09:24:21.423+0000] {processor.py:925} INFO - DAG(s) 'example_xcom' retrieved from /home/airflow/.local/lib/python3.11/site-packages/airflow/example_dags/example_xcom.py
[2025-12-24T09:24:21.704+0000] {logging_mixin.py:190} INFO - [2025-12-24T09:24:21.702+0000] {override.py:1911} INFO - Created Permission View: can delete on DAG:example_xcom
[2025-12-24T09:24:21.744+0000] {logging_mixin.py:190} INFO - [2025-12-24T09:24:21.743+0000] {override.py:1911} INFO - Created Permission View: can read on DAG:example_xcom
[2025-12-24T09:24:21.788+0000] {logging_mixin.py:190} INFO - [2025-12-24T09:24:21.787+0000] {override.py:1911} INFO - Created Permission View: can edit on DAG:example_xcom
[2025-12-24T09:24:21.810+0000] {logging_mixin.py:190} INFO - [2025-12-24T09:24:21.810+0000] {override.py:1911} INFO - Created Permission View: menu access on DAG Run:example_xcom
[2025-12-24T09:24:21.842+0000] {logging_mixin.py:190} INFO - [2025-12-24T09:24:21.841+0000] {override.py:1911} INFO - Created Permission View: can create on DAG Run:example_xcom
[2025-12-24T09:24:21.853+0000] {logging_mixin.py:190} INFO - [2025-12-24T09:24:21.853+0000] {override.py:1911} INFO - Created Permission View: can delete on DAG Run:example_xcom
[2025-12-24T09:24:21.903+0000] {logging_mixin.py:190} INFO - [2025-12-24T09:24:21.902+0000] {override.py:1911} INFO - Created Permission View: can read on DAG Run:example_xcom
[2025-12-24T09:24:21.936+0000] {logging_mixin.py:190} INFO - [2025-12-24T09:24:21.936+0000] {dag.py:3239} INFO - Sync 1 DAGs
[2025-12-24T09:24:21.957+0000] {logging_mixin.py:190} INFO - [2025-12-24T09:24:21.957+0000] {dag.py:3262} INFO - Creating ORM DAG for example_xcom
[2025-12-24T09:24:21.973+0000] {logging_mixin.py:190} INFO - [2025-12-24T09:24:21.973+0000] {dag.py:4180} INFO - Setting next_dagrun for example_xcom to 2021-01-01 00:00:00+00:00, run_after=2021-01-01 00:00:00+00:00
[2025-12-24T09:24:22.018+0000] {processor.py:208} INFO - Processing /home/airflow/.local/lib/python3.11/site-packages/airflow/example_dags/example_xcom.py took 0.653 seconds
[2025-12-24T09:24:15.585+0000] {processor.py:186} INFO - Started process (PID=243) to work on /home/airflow/.local/lib/python3.11/site-packages/airflow/example_dags/example_xcom.py
[2025-12-24T09:24:15.588+0000] {processor.py:914} INFO - Processing file /home/airflow/.local/lib/python3.11/site-packages/airflow/example_dags/example_xcom.py for tasks to queue
[2025-12-24T09:24:15.594+0000] {logging_mixin.py:190} INFO - [2025-12-24T09:24:15.593+0000] {dagbag.py:588} INFO - Filling up the DagBag from /home/airflow/.local/lib/python3.11/site-packages/airflow/example_dags/example_xcom.py
[2025-12-24T09:24:15.618+0000] {processor.py:925} INFO - DAG(s) 'example_xcom' retrieved from /home/airflow/.local/lib/python3.11/site-packages/airflow/example_dags/example_xcom.py
[2025-12-24T09:24:15.657+0000] {logging_mixin.py:190} INFO - [2025-12-24T09:24:15.656+0000] {dag.py:3239} INFO - Sync 1 DAGs
[2025-12-24T09:24:15.735+0000] {logging_mixin.py:190} INFO - [2025-12-24T09:24:15.735+0000] {dag.py:4180} INFO - Setting next_dagrun for example_xcom to 2021-01-01 00:00:00+00:00, run_after=2021-01-01 00:00:00+00:00
[2025-12-24T09:24:15.768+0000] {processor.py:208} INFO - Processing /home/airflow/.local/lib/python3.11/site-packages/airflow/example_dags/example_xcom.py took 0.209 seconds
[2025-12-24T09:24:44.776+0000] {processor.py:186} INFO - Started process (PID=302) to work on /home/airflow/.local/lib/python3.11/site-packages/airflow/example_dags/example_xcom.py
[2025-12-24T09:24:44.777+0000] {processor.py:914} INFO - Processing file /home/airflow/.local/lib/python3.11/site-packages/airflow/example_dags/example_xcom.py for tasks to queue
[2025-12-24T09:24:44.781+0000] {logging_mixin.py:190} INFO - [2025-12-24T09:24:44.780+0000] {dagbag.py:588} INFO - Filling up the DagBag from /home/airflow/.local/lib/python3.11/site-packages/airflow/example_dags/example_xcom.py
[2025-12-24T09:24:44.795+0000] {processor.py:925} INFO - DAG(s) 'example_xcom' retrieved from /home/airflow/.local/lib/python3.11/site-packages/airflow/example_dags/example_xcom.py
[2025-12-24T09:24:44.815+0000] {logging_mixin.py:190} INFO - [2025-12-24T09:24:44.815+0000] {dag.py:3239} INFO - Sync 1 DAGs
[2025-12-24T09:24:44.845+0000] {logging_mixin.py:190} INFO - [2025-12-24T09:24:44.845+0000] {dag.py:4180} INFO - Setting next_dagrun for example_xcom to 2021-01-01 00:00:00+00:00, run_after=2021-01-01 00:00:00+00:00
[2025-12-24T09:24:44.873+0000] {processor.py:208} INFO - Processing /home/airflow/.local/lib/python3.11/site-packages/airflow/example_dags/example_xcom.py took 0.108 seconds
[2025-12-24T09:24:56.176+0000] {processor.py:186} INFO - Started process (PID=358) to work on /home/airflow/.local/lib/python3.11/site-packages/airflow/example_dags/example_xcom.py
[2025-12-24T09:24:56.178+0000] {processor.py:914} INFO - Processing file /home/airflow/.local/lib/python3.11/site-packages/airflow/example_dags/example_xcom.py for tasks to queue
[2025-12-24T09:24:56.182+0000] {logging_mixin.py:190} INFO - [2025-12-24T09:24:56.182+0000] {dagbag.py:588} INFO - Filling up the DagBag from /home/airflow/.local/lib/python3.11/site-packages/airflow/example_dags/example_xcom.py
[2025-12-24T09:24:56.197+0000] {processor.py:925} INFO - DAG(s) 'example_xcom' retrieved from /home/airflow/.local/lib/python3.11/site-packages/airflow/example_dags/example_xcom.py
[2025-12-24T09:24:56.233+0000] {logging_mixin.py:190} INFO - [2025-12-24T09:24:56.232+0000] {dag.py:3239} INFO - Sync 1 DAGs
[2025-12-24T09:24:56.265+0000] {logging_mixin.py:190} INFO - [2025-12-24T09:24:56.265+0000] {dag.py:4180} INFO - Setting next_dagrun for example_xcom to 2021-01-01 00:00:00+00:00, run_after=2021-01-01 00:00:00+00:00
[2025-12-24T09:24:56.292+0000] {processor.py:208} INFO - Processing /home/airflow/.local/lib/python3.11/site-packages/airflow/example_dags/example_xcom.py took 0.127 seconds
[2025-12-24T09:25:14.800+0000] {processor.py:186} INFO - Started process (PID=420) to work on /home/airflow/.local/lib/python3.11/site-packages/airflow/example_dags/example_xcom.py
[2025-12-24T09:25:14.801+0000] {processor.py:914} INFO - Processing file /home/airflow/.local/lib/python3.11/site-packages/airflow/example_dags/example_xcom.py for tasks to queue
[2025-12-24T09:25:14.805+0000] {logging_mixin.py:190} INFO - [2025-12-24T09:25:14.805+0000] {dagbag.py:588} INFO - Filling up the DagBag from /home/airflow/.local/lib/python3.11/site-packages/airflow/example_dags/example_xcom.py
[2025-12-24T09:25:14.821+0000] {processor.py:925} INFO - DAG(s) 'example_xcom' retrieved from /home/airflow/.local/lib/python3.11/site-packages/airflow/example_dags/example_xcom.py
[2025-12-24T09:25:14.855+0000] {logging_mixin.py:190} INFO - [2025-12-24T09:25:14.854+0000] {dag.py:3239} INFO - Sync 1 DAGs
[2025-12-24T09:25:14.884+0000] {logging_mixin.py:190} INFO - [2025-12-24T09:25:14.884+0000] {dag.py:4180} INFO - Setting next_dagrun for example_xcom to 2021-01-01 00:00:00+00:00, run_after=2021-01-01 00:00:00+00:00
[2025-12-24T09:25:14.913+0000] {processor.py:208} INFO - Processing /home/airflow/.local/lib/python3.11/site-packages/airflow/example_dags/example_xcom.py took 0.123 seconds
[2025-12-24T09:25:20.960+0000] {processor.py:186} INFO - Started process (PID=474) to work on /home/airflow/.local/lib/python3.11/site-packages/airflow/example_dags/example_xcom.py
[2025-12-24T09:25:20.962+0000] {processor.py:914} INFO - Processing file /home/airflow/.local/lib/python3.11/site-packages/airflow/example_dags/example_xcom.py for tasks to queue
[2025-12-24T09:25:20.968+0000] {logging_mixin.py:190} INFO - [2025-12-24T09:25:20.968+0000] {dagbag.py:588} INFO - Filling up the DagBag from /home/airflow/.local/lib/python3.11/site-packages/airflow/example_dags/example_xcom.py
[2025-12-24T09:25:20.989+0000] {processor.py:925} INFO - DAG(s) 'example_xcom' retrieved from /home/airflow/.local/lib/python3.11/site-packages/airflow/example_dags/example_xcom.py
[2025-12-24T09:25:21.037+0000] {logging_mixin.py:190} INFO - [2025-12-24T09:25:21.036+0000] {dag.py:3239} INFO - Sync 1 DAGs
[2025-12-24T09:25:21.073+0000] {logging_mixin.py:190} INFO - [2025-12-24T09:25:21.073+0000] {dag.py:4180} INFO - Setting next_dagrun for example_xcom to 2021-01-01 00:00:00+00:00, run_after=2021-01-01 00:00:00+00:00
[2025-12-24T09:25:21.107+0000] {processor.py:208} INFO - Processing /home/airflow/.local/lib/python3.11/site-packages/airflow/example_dags/example_xcom.py took 0.160 seconds
[2025-12-24T09:25:52.512+0000] {processor.py:186} INFO - Started process (PID=532) to work on /home/airflow/.local/lib/python3.11/site-packages/airflow/example_dags/example_xcom.py
[2025-12-24T09:25:52.514+0000] {processor.py:914} INFO - Processing file /home/airflow/.local/lib/python3.11/site-packages/airflow/example_dags/example_xcom.py for tasks to queue
[2025-12-24T09:25:52.518+0000] {logging_mixin.py:190} INFO - [2025-12-24T09:25:52.518+0000] {dagbag.py:588} INFO - Filling up the DagBag from /home/airflow/.local/lib/python3.11/site-packages/airflow/example_dags/example_xcom.py
[2025-12-24T09:25:52.544+0000] {processor.py:925} INFO - DAG(s) 'example_xcom' retrieved from /home/airflow/.local/lib/python3.11/site-packages/airflow/example_dags/example_xcom.py
[2025-12-24T09:25:52.590+0000] {logging_mixin.py:190} INFO - [2025-12-24T09:25:52.590+0000] {dag.py:3239} INFO - Sync 1 DAGs
[2025-12-24T09:25:52.638+0000] {logging_mixin.py:190} INFO - [2025-12-24T09:25:52.637+0000] {dag.py:4180} INFO - Setting next_dagrun for example_xcom to 2021-01-01 00:00:00+00:00, run_after=2021-01-01 00:00:00+00:00
[2025-12-24T09:25:52.666+0000] {processor.py:208} INFO - Processing /home/airflow/.local/lib/python3.11/site-packages/airflow/example_dags/example_xcom.py took 0.166 seconds
[2025-12-24T09:25:57.408+0000] {processor.py:186} INFO - Started process (PID=565) to work on /home/airflow/.local/lib/python3.11/site-packages/airflow/example_dags/example_xcom.py
[2025-12-24T09:25:57.411+0000] {processor.py:914} INFO - Processing file /home/airflow/.local/lib/python3.11/site-packages/airflow/example_dags/example_xcom.py for tasks to queue
[2025-12-24T09:25:57.416+0000] {logging_mixin.py:190} INFO - [2025-12-24T09:25:57.416+0000] {dagbag.py:588} INFO - Filling up the DagBag from /home/airflow/.local/lib/python3.11/site-packages/airflow/example_dags/example_xcom.py
[2025-12-24T09:25:57.439+0000] {processor.py:925} INFO - DAG(s) 'example_xcom' retrieved from /home/airflow/.local/lib/python3.11/site-packages/airflow/example_dags/example_xcom.py
[2025-12-24T09:25:57.476+0000] {logging_mixin.py:190} INFO - [2025-12-24T09:25:57.476+0000] {dag.py:3239} INFO - Sync 1 DAGs
[2025-12-24T09:25:57.541+0000] {logging_mixin.py:190} INFO - [2025-12-24T09:25:57.541+0000] {dag.py:4180} INFO - Setting next_dagrun for example_xcom to 2021-01-01 00:00:00+00:00, run_after=2021-01-01 00:00:00+00:00
[2025-12-24T09:25:57.576+0000] {processor.py:208} INFO - Processing /home/airflow/.local/lib/python3.11/site-packages/airflow/example_dags/example_xcom.py took 0.179 seconds
[2025-12-24T09:26:06.595+0000] {processor.py:186} INFO - Started process (PID=629) to work on /home/airflow/.local/lib/python3.11/site-packages/airflow/example_dags/example_xcom.py
[2025-12-24T09:26:06.597+0000] {processor.py:914} INFO - Processing file /home/airflow/.local/lib/python3.11/site-packages/airflow/example_dags/example_xcom.py for tasks to queue
[2025-12-24T09:26:06.601+0000] {logging_mixin.py:190} INFO - [2025-12-24T09:26:06.601+0000] {dagbag.py:588} INFO - Filling up the DagBag from /home/airflow/.local/lib/python3.11/site-packages/airflow/example_dags/example_xcom.py
[2025-12-24T09:26:06.620+0000] {processor.py:925} INFO - DAG(s) 'example_xcom' retrieved from /home/airflow/.local/lib/python3.11/site-packages/airflow/example_dags/example_xcom.py
[2025-12-24T09:26:06.657+0000] {logging_mixin.py:190} INFO - [2025-12-24T09:26:06.656+0000] {dag.py:3239} INFO - Sync 1 DAGs
[2025-12-24T09:26:06.692+0000] {logging_mixin.py:190} INFO - [2025-12-24T09:26:06.691+0000] {dag.py:4180} INFO - Setting next_dagrun for example_xcom to 2021-01-01 00:00:00+00:00, run_after=2021-01-01 00:00:00+00:00
[2025-12-24T09:26:06.728+0000] {processor.py:208} INFO - Processing /home/airflow/.local/lib/python3.11/site-packages/airflow/example_dags/example_xcom.py took 0.151 seconds
[2025-12-24T09:26:15.113+0000] {processor.py:186} INFO - Started process (PID=685) to work on /home/airflow/.local/lib/python3.11/site-packages/airflow/example_dags/example_xcom.py
[2025-12-24T09:26:15.115+0000] {processor.py:914} INFO - Processing file /home/airflow/.local/lib/python3.11/site-packages/airflow/example_dags/example_xcom.py for tasks to queue
[2025-12-24T09:26:15.119+0000] {logging_mixin.py:190} INFO - [2025-12-24T09:26:15.119+0000] {dagbag.py:588} INFO - Filling up the DagBag from /home/airflow/.local/lib/python3.11/site-packages/airflow/example_dags/example_xcom.py
[2025-12-24T09:26:15.137+0000] {processor.py:925} INFO - DAG(s) 'example_xcom' retrieved from /home/airflow/.local/lib/python3.11/site-packages/airflow/example_dags/example_xcom.py
[2025-12-24T09:26:15.187+0000] {logging_mixin.py:190} INFO - [2025-12-24T09:26:15.187+0000] {dag.py:3239} INFO - Sync 1 DAGs
[2025-12-24T09:26:15.223+0000] {logging_mixin.py:190} INFO - [2025-12-24T09:26:15.223+0000] {dag.py:4180} INFO - Setting next_dagrun for example_xcom to 2021-01-01 00:00:00+00:00, run_after=2021-01-01 00:00:00+00:00
[2025-12-24T09:26:15.257+0000] {processor.py:208} INFO - Processing /home/airflow/.local/lib/python3.11/site-packages/airflow/example_dags/example_xcom.py took 0.155 seconds
[2025-12-24T09:26:26.024+0000] {processor.py:186} INFO - Started process (PID=737) to work on /home/airflow/.local/lib/python3.11/site-packages/airflow/example_dags/example_xcom.py
[2025-12-24T09:26:26.026+0000] {processor.py:914} INFO - Processing file /home/airflow/.local/lib/python3.11/site-packages/airflow/example_dags/example_xcom.py for tasks to queue
[2025-12-24T09:26:26.030+0000] {logging_mixin.py:190} INFO - [2025-12-24T09:26:26.030+0000] {dagbag.py:588} INFO - Filling up the DagBag from /home/airflow/.local/lib/python3.11/site-packages/airflow/example_dags/example_xcom.py
[2025-12-24T09:26:26.050+0000] {processor.py:925} INFO - DAG(s) 'example_xcom' retrieved from /home/airflow/.local/lib/python3.11/site-packages/airflow/example_dags/example_xcom.py
[2025-12-24T09:26:26.089+0000] {logging_mixin.py:190} INFO - [2025-12-24T09:26:26.089+0000] {dag.py:3239} INFO - Sync 1 DAGs
[2025-12-24T09:26:26.120+0000] {logging_mixin.py:190} INFO - [2025-12-24T09:26:26.120+0000] {dag.py:4180} INFO - Setting next_dagrun for example_xcom to 2021-01-01 00:00:00+00:00, run_after=2021-01-01 00:00:00+00:00
[2025-12-24T09:26:26.152+0000] {processor.py:208} INFO - Processing /home/airflow/.local/lib/python3.11/site-packages/airflow/example_dags/example_xcom.py took 0.141 seconds
[2025-12-24T09:26:36.557+0000] {processor.py:186} INFO - Started process (PID=792) to work on /home/airflow/.local/lib/python3.11/site-packages/airflow/example_dags/example_xcom.py
[2025-12-24T09:26:36.560+0000] {processor.py:914} INFO - Processing file /home/airflow/.local/lib/python3.11/site-packages/airflow/example_dags/example_xcom.py for tasks to queue
[2025-12-24T09:26:36.565+0000] {logging_mixin.py:190} INFO - [2025-12-24T09:26:36.565+0000] {dagbag.py:588} INFO - Filling up the DagBag from /home/airflow/.local/lib/python3.11/site-packages/airflow/example_dags/example_xcom.py
[2025-12-24T09:26:36.597+0000] {processor.py:925} INFO - DAG(s) 'example_xcom' retrieved from /home/airflow/.local/lib/python3.11/site-packages/airflow/example_dags/example_xcom.py
[2025-12-24T09:26:36.662+0000] {logging_mixin.py:190} INFO - [2025-12-24T09:26:36.662+0000] {dag.py:3239} INFO - Sync 1 DAGs
[2025-12-24T09:26:36.708+0000] {logging_mixin.py:190} INFO - [2025-12-24T09:26:36.707+0000] {dag.py:4180} INFO - Setting next_dagrun for example_xcom to 2021-01-01 00:00:00+00:00, run_after=2021-01-01 00:00:00+00:00
[2025-12-24T09:26:36.752+0000] {processor.py:208} INFO - Processing /home/airflow/.local/lib/python3.11/site-packages/airflow/example_dags/example_xcom.py took 0.210 seconds
[2025-12-24T09:26:46.915+0000] {processor.py:186} INFO - Started process (PID=845) to work on /home/airflow/.local/lib/python3.11/site-packages/airflow/example_dags/example_xcom.py
[2025-12-24T09:26:46.917+0000] {processor.py:914} INFO - Processing file /home/airflow/.local/lib/python3.11/site-packages/airflow/example_dags/example_xcom.py for tasks to queue
[2025-12-24T09:26:46.922+0000] {logging_mixin.py:190} INFO - [2025-12-24T09:26:46.922+0000] {dagbag.py:588} INFO - Filling up the DagBag from /home/airflow/.local/lib/python3.11/site-packages/airflow/example_dags/example_xcom.py
[2025-12-24T09:26:46.962+0000] {processor.py:925} INFO - DAG(s) 'example_xcom' retrieved from /home/airflow/.local/lib/python3.11/site-packages/airflow/example_dags/example_xcom.py
[2025-12-24T09:26:47.008+0000] {logging_mixin.py:190} INFO - [2025-12-24T09:26:47.008+0000] {dag.py:3239} INFO - Sync 1 DAGs
[2025-12-24T09:26:47.061+0000] {logging_mixin.py:190} INFO - [2025-12-24T09:26:47.061+0000] {dag.py:4180} INFO - Setting next_dagrun for example_xcom to 2021-01-01 00:00:00+00:00, run_after=2021-01-01 00:00:00+00:00
[2025-12-24T09:26:47.120+0000] {processor.py:208} INFO - Processing /home/airflow/.local/lib/python3.11/site-packages/airflow/example_dags/example_xcom.py took 0.216 seconds
[2025-12-24T09:27:44.471+0000] {processor.py:186} INFO - Started process (PID=907) to work on /home/airflow/.local/lib/python3.11/site-packages/airflow/example_dags/example_xcom.py
[2025-12-24T09:27:44.474+0000] {processor.py:914} INFO - Processing file /home/airflow/.local/lib/python3.11/site-packages/airflow/example_dags/example_xcom.py for tasks to queue
[2025-12-24T09:27:44.481+0000] {logging_mixin.py:190} INFO - [2025-12-24T09:27:44.479+0000] {dagbag.py:588} INFO - Filling up the DagBag from /home/airflow/.local/lib/python3.11/site-packages/airflow/example_dags/example_xcom.py
[2025-12-24T09:27:44.504+0000] {processor.py:925} INFO - DAG(s) 'example_xcom' retrieved from /home/airflow/.local/lib/python3.11/site-packages/airflow/example_dags/example_xcom.py
[2025-12-24T09:27:44.553+0000] {logging_mixin.py:190} INFO - [2025-12-24T09:27:44.553+0000] {dag.py:3239} INFO - Sync 1 DAGs
[2025-12-24T09:27:44.602+0000] {logging_mixin.py:190} INFO - [2025-12-24T09:27:44.602+0000] {dag.py:4180} INFO - Setting next_dagrun for example_xcom to 2021-01-01 00:00:00+00:00, run_after=2021-01-01 00:00:00+00:00
[2025-12-24T09:27:44.651+0000] {processor.py:208} INFO - Processing /home/airflow/.local/lib/python3.11/site-packages/airflow/example_dags/example_xcom.py took 0.200 seconds
[2025-12-24T09:27:51.645+0000] {processor.py:186} INFO - Started process (PID=973) to work on /home/airflow/.local/lib/python3.11/site-packages/airflow/example_dags/example_xcom.py
[2025-12-24T09:27:51.648+0000] {processor.py:914} INFO - Processing file /home/airflow/.local/lib/python3.11/site-packages/airflow/example_dags/example_xcom.py for tasks to queue
[2025-12-24T09:27:51.652+0000] {logging_mixin.py:190} INFO - [2025-12-24T09:27:51.652+0000] {dagbag.py:588} INFO - Filling up the DagBag from /home/airflow/.local/lib/python3.11/site-packages/airflow/example_dags/example_xcom.py
[2025-12-24T09:27:51.674+0000] {processor.py:925} INFO - DAG(s) 'example_xcom' retrieved from /home/airflow/.local/lib/python3.11/site-packages/airflow/example_dags/example_xcom.py
[2025-12-24T09:27:51.716+0000] {logging_mixin.py:190} INFO - [2025-12-24T09:27:51.716+0000] {dag.py:3239} INFO - Sync 1 DAGs
[2025-12-24T09:27:51.747+0000] {logging_mixin.py:190} INFO - [2025-12-24T09:27:51.747+0000] {dag.py:4180} INFO - Setting next_dagrun for example_xcom to 2021-01-01 00:00:00+00:00, run_after=2021-01-01 00:00:00+00:00
[2025-12-24T09:27:51.777+0000] {processor.py:208} INFO - Processing /home/airflow/.local/lib/python3.11/site-packages/airflow/example_dags/example_xcom.py took 0.147 seconds
[2025-12-24T09:28:01.536+0000] {processor.py:186} INFO - Started process (PID=1039) to work on /home/airflow/.local/lib/python3.11/site-packages/airflow/example_dags/example_xcom.py
[2025-12-24T09:28:01.538+0000] {processor.py:914} INFO - Processing file /home/airflow/.local/lib/python3.11/site-packages/airflow/example_dags/example_xcom.py for tasks to queue
[2025-12-24T09:28:01.542+0000] {logging_mixin.py:190} INFO - [2025-12-24T09:28:01.542+0000] {dagbag.py:588} INFO - Filling up the DagBag from /home/airflow/.local/lib/python3.11/site-packages/airflow/example_dags/example_xcom.py
[2025-12-24T09:28:01.560+0000] {processor.py:925} INFO - DAG(s) 'example_xcom' retrieved from /home/airflow/.local/lib/python3.11/site-packages/airflow/example_dags/example_xcom.py
[2025-12-24T09:28:01.604+0000] {logging_mixin.py:190} INFO - [2025-12-24T09:28:01.604+0000] {dag.py:3239} INFO - Sync 1 DAGs
[2025-12-24T09:28:01.640+0000] {logging_mixin.py:190} INFO - [2025-12-24T09:28:01.640+0000] {dag.py:4180} INFO - Setting next_dagrun for example_xcom to 2021-01-01 00:00:00+00:00, run_after=2021-01-01 00:00:00+00:00
[2025-12-24T09:28:01.679+0000] {processor.py:208} INFO - Processing /home/airflow/.local/lib/python3.11/site-packages/airflow/example_dags/example_xcom.py took 0.154 seconds
[2025-12-24T09:28:16.146+0000] {processor.py:186} INFO - Started process (PID=1098) to work on /home/airflow/.local/lib/python3.11/site-packages/airflow/example_dags/example_xcom.py
[2025-12-24T09:28:16.148+0000] {processor.py:914} INFO - Processing file /home/airflow/.local/lib/python3.11/site-packages/airflow/example_dags/example_xcom.py for tasks to queue
[2025-12-24T09:28:16.153+0000] {logging_mixin.py:190} INFO - [2025-12-24T09:28:16.152+0000] {dagbag.py:588} INFO - Filling up the DagBag from /home/airflow/.local/lib/python3.11/site-packages/airflow/example_dags/example_xcom.py
[2025-12-24T09:28:16.172+0000] {processor.py:925} INFO - DAG(s) 'example_xcom' retrieved from /home/airflow/.local/lib/python3.11/site-packages/airflow/example_dags/example_xcom.py
[2025-12-24T09:28:16.206+0000] {logging_mixin.py:190} INFO - [2025-12-24T09:28:16.206+0000] {dag.py:3239} INFO - Sync 1 DAGs
[2025-12-24T09:28:16.237+0000] {logging_mixin.py:190} INFO - [2025-12-24T09:28:16.237+0000] {dag.py:4180} INFO - Setting next_dagrun for example_xcom to 2021-01-01 00:00:00+00:00, run_after=2021-01-01 00:00:00+00:00
[2025-12-24T09:28:16.326+0000] {processor.py:208} INFO - Processing /home/airflow/.local/lib/python3.11/site-packages/airflow/example_dags/example_xcom.py took 0.193 seconds
[2025-12-24T09:29:14.052+0000] {processor.py:186} INFO - Started process (PID=1157) to work on /home/airflow/.local/lib/python3.11/site-packages/airflow/example_dags/example_xcom.py
[2025-12-24T09:29:14.054+0000] {processor.py:914} INFO - Processing file /home/airflow/.local/lib/python3.11/site-packages/airflow/example_dags/example_xcom.py for tasks to queue
[2025-12-24T09:29:14.059+0000] {logging_mixin.py:190} INFO - [2025-12-24T09:29:14.058+0000] {dagbag.py:588} INFO - Filling up the DagBag from /home/airflow/.local/lib/python3.11/site-packages/airflow/example_dags/example_xcom.py
[2025-12-24T09:29:14.087+0000] {processor.py:925} INFO - DAG(s) 'example_xcom' retrieved from /home/airflow/.local/lib/python3.11/site-packages/airflow/example_dags/example_xcom.py
[2025-12-24T09:29:14.147+0000] {logging_mixin.py:190} INFO - [2025-12-24T09:29:14.147+0000] {dag.py:3239} INFO - Sync 1 DAGs
[2025-12-24T09:29:14.195+0000] {logging_mixin.py:190} INFO - [2025-12-24T09:29:14.195+0000] {dag.py:4180} INFO - Setting next_dagrun for example_xcom to 2021-01-01 00:00:00+00:00, run_after=2021-01-01 00:00:00+00:00
[2025-12-24T09:29:14.243+0000] {processor.py:208} INFO - Processing /home/airflow/.local/lib/python3.11/site-packages/airflow/example_dags/example_xcom.py took 0.204 seconds
