[2025-12-24T09:03:01.073+0000] {processor.py:186} INFO - Started process (PID=104) to work on /home/airflow/.local/lib/python3.11/site-packages/airflow/example_dags/example_display_name.py
[2025-12-24T09:03:01.086+0000] {processor.py:914} INFO - Processing file /home/airflow/.local/lib/python3.11/site-packages/airflow/example_dags/example_display_name.py for tasks to queue
[2025-12-24T09:03:01.097+0000] {logging_mixin.py:190} INFO - [2025-12-24T09:03:01.096+0000] {dagbag.py:588} INFO - Filling up the DagBag from /home/airflow/.local/lib/python3.11/site-packages/airflow/example_dags/example_display_name.py
[2025-12-24T09:03:01.115+0000] {processor.py:925} INFO - DAG(s) 'example_display_name' retrieved from /home/airflow/.local/lib/python3.11/site-packages/airflow/example_dags/example_display_name.py
[2025-12-24T09:03:01.358+0000] {logging_mixin.py:190} INFO - [2025-12-24T09:03:01.357+0000] {override.py:1911} INFO - Created Permission View: can edit on DAG:example_display_name
[2025-12-24T09:03:01.380+0000] {logging_mixin.py:190} INFO - [2025-12-24T09:03:01.379+0000] {override.py:1911} INFO - Created Permission View: can read on DAG:example_display_name
[2025-12-24T09:03:01.395+0000] {logging_mixin.py:190} INFO - [2025-12-24T09:03:01.395+0000] {override.py:1911} INFO - Created Permission View: can delete on DAG:example_display_name
[2025-12-24T09:03:01.416+0000] {logging_mixin.py:190} INFO - [2025-12-24T09:03:01.415+0000] {override.py:1911} INFO - Created Permission View: can read on DAG Run:example_display_name
[2025-12-24T09:03:01.432+0000] {logging_mixin.py:190} INFO - [2025-12-24T09:03:01.431+0000] {override.py:1911} INFO - Created Permission View: can create on DAG Run:example_display_name
[2025-12-24T09:03:01.446+0000] {logging_mixin.py:190} INFO - [2025-12-24T09:03:01.445+0000] {override.py:1911} INFO - Created Permission View: can delete on DAG Run:example_display_name
[2025-12-24T09:03:01.463+0000] {logging_mixin.py:190} INFO - [2025-12-24T09:03:01.462+0000] {override.py:1911} INFO - Created Permission View: menu access on DAG Run:example_display_name
[2025-12-24T09:03:01.464+0000] {logging_mixin.py:190} INFO - [2025-12-24T09:03:01.464+0000] {dag.py:3239} INFO - Sync 1 DAGs
[2025-12-24T09:03:01.488+0000] {logging_mixin.py:190} INFO - [2025-12-24T09:03:01.488+0000] {dag.py:3262} INFO - Creating ORM DAG for example_display_name
[2025-12-24T09:03:01.490+0000] {logging_mixin.py:190} INFO - [2025-12-24T09:03:01.490+0000] {dag.py:4180} INFO - Setting next_dagrun for example_display_name to None, run_after=None
[2025-12-24T09:03:01.528+0000] {processor.py:208} INFO - Processing /home/airflow/.local/lib/python3.11/site-packages/airflow/example_dags/example_display_name.py took 0.468 seconds
[2025-12-24T09:03:13.995+0000] {processor.py:186} INFO - Started process (PID=163) to work on /home/airflow/.local/lib/python3.11/site-packages/airflow/example_dags/example_display_name.py
[2025-12-24T09:03:13.997+0000] {processor.py:914} INFO - Processing file /home/airflow/.local/lib/python3.11/site-packages/airflow/example_dags/example_display_name.py for tasks to queue
[2025-12-24T09:03:14.003+0000] {logging_mixin.py:190} INFO - [2025-12-24T09:03:14.003+0000] {dagbag.py:588} INFO - Filling up the DagBag from /home/airflow/.local/lib/python3.11/site-packages/airflow/example_dags/example_display_name.py
[2025-12-24T09:03:14.019+0000] {processor.py:925} INFO - DAG(s) 'example_display_name' retrieved from /home/airflow/.local/lib/python3.11/site-packages/airflow/example_dags/example_display_name.py
[2025-12-24T09:03:14.040+0000] {logging_mixin.py:190} INFO - [2025-12-24T09:03:14.039+0000] {dag.py:3239} INFO - Sync 1 DAGs
[2025-12-24T09:03:14.061+0000] {logging_mixin.py:190} INFO - [2025-12-24T09:03:14.061+0000] {dag.py:4180} INFO - Setting next_dagrun for example_display_name to None, run_after=None
[2025-12-24T09:03:14.086+0000] {processor.py:208} INFO - Processing /home/airflow/.local/lib/python3.11/site-packages/airflow/example_dags/example_display_name.py took 0.104 seconds
[2025-12-24T09:04:17.488+0000] {processor.py:186} INFO - Started process (PID=227) to work on /home/airflow/.local/lib/python3.11/site-packages/airflow/example_dags/example_display_name.py
[2025-12-24T09:04:17.490+0000] {processor.py:914} INFO - Processing file /home/airflow/.local/lib/python3.11/site-packages/airflow/example_dags/example_display_name.py for tasks to queue
[2025-12-24T09:04:17.494+0000] {logging_mixin.py:190} INFO - [2025-12-24T09:04:17.493+0000] {dagbag.py:588} INFO - Filling up the DagBag from /home/airflow/.local/lib/python3.11/site-packages/airflow/example_dags/example_display_name.py
[2025-12-24T09:04:17.506+0000] {processor.py:925} INFO - DAG(s) 'example_display_name' retrieved from /home/airflow/.local/lib/python3.11/site-packages/airflow/example_dags/example_display_name.py
[2025-12-24T09:04:17.541+0000] {logging_mixin.py:190} INFO - [2025-12-24T09:04:17.540+0000] {dag.py:3239} INFO - Sync 1 DAGs
[2025-12-24T09:04:17.564+0000] {logging_mixin.py:190} INFO - [2025-12-24T09:04:17.564+0000] {dag.py:4180} INFO - Setting next_dagrun for example_display_name to None, run_after=None
[2025-12-24T09:04:17.592+0000] {processor.py:208} INFO - Processing /home/airflow/.local/lib/python3.11/site-packages/airflow/example_dags/example_display_name.py took 0.114 seconds
[2025-12-24T09:04:14.171+0000] {processor.py:186} INFO - Started process (PID=293) to work on /home/airflow/.local/lib/python3.11/site-packages/airflow/example_dags/example_display_name.py
[2025-12-24T09:04:14.172+0000] {processor.py:914} INFO - Processing file /home/airflow/.local/lib/python3.11/site-packages/airflow/example_dags/example_display_name.py for tasks to queue
[2025-12-24T09:04:14.177+0000] {logging_mixin.py:190} INFO - [2025-12-24T09:04:14.176+0000] {dagbag.py:588} INFO - Filling up the DagBag from /home/airflow/.local/lib/python3.11/site-packages/airflow/example_dags/example_display_name.py
[2025-12-24T09:04:14.192+0000] {processor.py:925} INFO - DAG(s) 'example_display_name' retrieved from /home/airflow/.local/lib/python3.11/site-packages/airflow/example_dags/example_display_name.py
[2025-12-24T09:04:14.222+0000] {logging_mixin.py:190} INFO - [2025-12-24T09:04:14.222+0000] {dag.py:3239} INFO - Sync 1 DAGs
[2025-12-24T09:04:14.243+0000] {logging_mixin.py:190} INFO - [2025-12-24T09:04:14.243+0000] {dag.py:4180} INFO - Setting next_dagrun for example_display_name to None, run_after=None
[2025-12-24T09:04:14.272+0000] {processor.py:208} INFO - Processing /home/airflow/.local/lib/python3.11/site-packages/airflow/example_dags/example_display_name.py took 0.110 seconds
[2025-12-24T09:04:44.831+0000] {processor.py:186} INFO - Started process (PID=356) to work on /home/airflow/.local/lib/python3.11/site-packages/airflow/example_dags/example_display_name.py
[2025-12-24T09:04:44.833+0000] {processor.py:914} INFO - Processing file /home/airflow/.local/lib/python3.11/site-packages/airflow/example_dags/example_display_name.py for tasks to queue
[2025-12-24T09:04:44.839+0000] {logging_mixin.py:190} INFO - [2025-12-24T09:04:44.838+0000] {dagbag.py:588} INFO - Filling up the DagBag from /home/airflow/.local/lib/python3.11/site-packages/airflow/example_dags/example_display_name.py
[2025-12-24T09:04:44.858+0000] {processor.py:925} INFO - DAG(s) 'example_display_name' retrieved from /home/airflow/.local/lib/python3.11/site-packages/airflow/example_dags/example_display_name.py
[2025-12-24T09:04:44.904+0000] {logging_mixin.py:190} INFO - [2025-12-24T09:04:44.903+0000] {dag.py:3239} INFO - Sync 1 DAGs
[2025-12-24T09:04:44.936+0000] {logging_mixin.py:190} INFO - [2025-12-24T09:04:44.935+0000] {dag.py:4180} INFO - Setting next_dagrun for example_display_name to None, run_after=None
[2025-12-24T09:04:44.971+0000] {processor.py:208} INFO - Processing /home/airflow/.local/lib/python3.11/site-packages/airflow/example_dags/example_display_name.py took 0.154 seconds
[2025-12-24T09:04:54.482+0000] {processor.py:186} INFO - Started process (PID=421) to work on /home/airflow/.local/lib/python3.11/site-packages/airflow/example_dags/example_display_name.py
[2025-12-24T09:04:54.484+0000] {processor.py:914} INFO - Processing file /home/airflow/.local/lib/python3.11/site-packages/airflow/example_dags/example_display_name.py for tasks to queue
[2025-12-24T09:04:54.493+0000] {logging_mixin.py:190} INFO - [2025-12-24T09:04:54.492+0000] {dagbag.py:588} INFO - Filling up the DagBag from /home/airflow/.local/lib/python3.11/site-packages/airflow/example_dags/example_display_name.py
[2025-12-24T09:04:54.516+0000] {processor.py:925} INFO - DAG(s) 'example_display_name' retrieved from /home/airflow/.local/lib/python3.11/site-packages/airflow/example_dags/example_display_name.py
[2025-12-24T09:04:54.560+0000] {logging_mixin.py:190} INFO - [2025-12-24T09:04:54.559+0000] {dag.py:3239} INFO - Sync 1 DAGs
[2025-12-24T09:04:54.597+0000] {logging_mixin.py:190} INFO - [2025-12-24T09:04:54.597+0000] {dag.py:4180} INFO - Setting next_dagrun for example_display_name to None, run_after=None
[2025-12-24T09:04:54.640+0000] {processor.py:208} INFO - Processing /home/airflow/.local/lib/python3.11/site-packages/airflow/example_dags/example_display_name.py took 0.174 seconds
[2025-12-24T09:05:24.883+0000] {processor.py:186} INFO - Started process (PID=486) to work on /home/airflow/.local/lib/python3.11/site-packages/airflow/example_dags/example_display_name.py
[2025-12-24T09:05:24.885+0000] {processor.py:914} INFO - Processing file /home/airflow/.local/lib/python3.11/site-packages/airflow/example_dags/example_display_name.py for tasks to queue
[2025-12-24T09:05:24.889+0000] {logging_mixin.py:190} INFO - [2025-12-24T09:05:24.889+0000] {dagbag.py:588} INFO - Filling up the DagBag from /home/airflow/.local/lib/python3.11/site-packages/airflow/example_dags/example_display_name.py
[2025-12-24T09:05:24.906+0000] {processor.py:925} INFO - DAG(s) 'example_display_name' retrieved from /home/airflow/.local/lib/python3.11/site-packages/airflow/example_dags/example_display_name.py
[2025-12-24T09:05:24.942+0000] {logging_mixin.py:190} INFO - [2025-12-24T09:05:24.941+0000] {dag.py:3239} INFO - Sync 1 DAGs
[2025-12-24T09:05:24.960+0000] {logging_mixin.py:190} INFO - [2025-12-24T09:05:24.959+0000] {dag.py:4180} INFO - Setting next_dagrun for example_display_name to None, run_after=None
[2025-12-24T09:05:24.985+0000] {processor.py:208} INFO - Processing /home/airflow/.local/lib/python3.11/site-packages/airflow/example_dags/example_display_name.py took 0.113 seconds
[2025-12-24T09:05:28.550+0000] {processor.py:186} INFO - Started process (PID=522) to work on /home/airflow/.local/lib/python3.11/site-packages/airflow/example_dags/example_display_name.py
[2025-12-24T09:05:28.553+0000] {processor.py:914} INFO - Processing file /home/airflow/.local/lib/python3.11/site-packages/airflow/example_dags/example_display_name.py for tasks to queue
[2025-12-24T09:05:28.562+0000] {logging_mixin.py:190} INFO - [2025-12-24T09:05:28.562+0000] {dagbag.py:588} INFO - Filling up the DagBag from /home/airflow/.local/lib/python3.11/site-packages/airflow/example_dags/example_display_name.py
[2025-12-24T09:05:28.584+0000] {processor.py:925} INFO - DAG(s) 'example_display_name' retrieved from /home/airflow/.local/lib/python3.11/site-packages/airflow/example_dags/example_display_name.py
[2025-12-24T09:05:28.631+0000] {logging_mixin.py:190} INFO - [2025-12-24T09:05:28.630+0000] {dag.py:3239} INFO - Sync 1 DAGs
[2025-12-24T09:05:28.665+0000] {logging_mixin.py:190} INFO - [2025-12-24T09:05:28.665+0000] {dag.py:4180} INFO - Setting next_dagrun for example_display_name to None, run_after=None
[2025-12-24T09:05:28.699+0000] {processor.py:208} INFO - Processing /home/airflow/.local/lib/python3.11/site-packages/airflow/example_dags/example_display_name.py took 0.165 seconds
[2025-12-24T09:05:40.456+0000] {processor.py:186} INFO - Started process (PID=577) to work on /home/airflow/.local/lib/python3.11/site-packages/airflow/example_dags/example_display_name.py
[2025-12-24T09:05:40.458+0000] {processor.py:914} INFO - Processing file /home/airflow/.local/lib/python3.11/site-packages/airflow/example_dags/example_display_name.py for tasks to queue
[2025-12-24T09:05:40.465+0000] {logging_mixin.py:190} INFO - [2025-12-24T09:05:40.464+0000] {dagbag.py:588} INFO - Filling up the DagBag from /home/airflow/.local/lib/python3.11/site-packages/airflow/example_dags/example_display_name.py
[2025-12-24T09:05:40.508+0000] {processor.py:925} INFO - DAG(s) 'example_display_name' retrieved from /home/airflow/.local/lib/python3.11/site-packages/airflow/example_dags/example_display_name.py
[2025-12-24T09:05:40.548+0000] {logging_mixin.py:190} INFO - [2025-12-24T09:05:40.547+0000] {dag.py:3239} INFO - Sync 1 DAGs
[2025-12-24T09:05:40.575+0000] {logging_mixin.py:190} INFO - [2025-12-24T09:05:40.575+0000] {dag.py:4180} INFO - Setting next_dagrun for example_display_name to None, run_after=None
[2025-12-24T09:05:40.623+0000] {processor.py:208} INFO - Processing /home/airflow/.local/lib/python3.11/site-packages/airflow/example_dags/example_display_name.py took 0.177 seconds
[2025-12-24T09:06:42.647+0000] {processor.py:186} INFO - Started process (PID=639) to work on /home/airflow/.local/lib/python3.11/site-packages/airflow/example_dags/example_display_name.py
[2025-12-24T09:06:42.649+0000] {processor.py:914} INFO - Processing file /home/airflow/.local/lib/python3.11/site-packages/airflow/example_dags/example_display_name.py for tasks to queue
[2025-12-24T09:06:42.654+0000] {logging_mixin.py:190} INFO - [2025-12-24T09:06:42.653+0000] {dagbag.py:588} INFO - Filling up the DagBag from /home/airflow/.local/lib/python3.11/site-packages/airflow/example_dags/example_display_name.py
[2025-12-24T09:06:42.668+0000] {processor.py:925} INFO - DAG(s) 'example_display_name' retrieved from /home/airflow/.local/lib/python3.11/site-packages/airflow/example_dags/example_display_name.py
[2025-12-24T09:06:42.705+0000] {logging_mixin.py:190} INFO - [2025-12-24T09:06:42.705+0000] {dag.py:3239} INFO - Sync 1 DAGs
[2025-12-24T09:06:42.728+0000] {logging_mixin.py:190} INFO - [2025-12-24T09:06:42.728+0000] {dag.py:4180} INFO - Setting next_dagrun for example_display_name to None, run_after=None
[2025-12-24T09:06:42.773+0000] {processor.py:208} INFO - Processing /home/airflow/.local/lib/python3.11/site-packages/airflow/example_dags/example_display_name.py took 0.138 seconds
[2025-12-24T09:06:45.081+0000] {processor.py:186} INFO - Started process (PID=705) to work on /home/airflow/.local/lib/python3.11/site-packages/airflow/example_dags/example_display_name.py
[2025-12-24T09:06:45.083+0000] {processor.py:914} INFO - Processing file /home/airflow/.local/lib/python3.11/site-packages/airflow/example_dags/example_display_name.py for tasks to queue
[2025-12-24T09:06:45.087+0000] {logging_mixin.py:190} INFO - [2025-12-24T09:06:45.086+0000] {dagbag.py:588} INFO - Filling up the DagBag from /home/airflow/.local/lib/python3.11/site-packages/airflow/example_dags/example_display_name.py
[2025-12-24T09:06:45.104+0000] {processor.py:925} INFO - DAG(s) 'example_display_name' retrieved from /home/airflow/.local/lib/python3.11/site-packages/airflow/example_dags/example_display_name.py
[2025-12-24T09:06:45.174+0000] {logging_mixin.py:190} INFO - [2025-12-24T09:06:45.174+0000] {dag.py:3239} INFO - Sync 1 DAGs
[2025-12-24T09:06:45.208+0000] {logging_mixin.py:190} INFO - [2025-12-24T09:06:45.207+0000] {dag.py:4180} INFO - Setting next_dagrun for example_display_name to None, run_after=None
[2025-12-24T09:06:45.237+0000] {processor.py:208} INFO - Processing /home/airflow/.local/lib/python3.11/site-packages/airflow/example_dags/example_display_name.py took 0.167 seconds
[2025-12-24T09:07:15.113+0000] {processor.py:186} INFO - Started process (PID=771) to work on /home/airflow/.local/lib/python3.11/site-packages/airflow/example_dags/example_display_name.py
[2025-12-24T09:07:15.116+0000] {processor.py:914} INFO - Processing file /home/airflow/.local/lib/python3.11/site-packages/airflow/example_dags/example_display_name.py for tasks to queue
[2025-12-24T09:07:15.124+0000] {logging_mixin.py:190} INFO - [2025-12-24T09:07:15.123+0000] {dagbag.py:588} INFO - Filling up the DagBag from /home/airflow/.local/lib/python3.11/site-packages/airflow/example_dags/example_display_name.py
[2025-12-24T09:07:15.142+0000] {processor.py:925} INFO - DAG(s) 'example_display_name' retrieved from /home/airflow/.local/lib/python3.11/site-packages/airflow/example_dags/example_display_name.py
[2025-12-24T09:07:15.196+0000] {logging_mixin.py:190} INFO - [2025-12-24T09:07:15.195+0000] {dag.py:3239} INFO - Sync 1 DAGs
[2025-12-24T09:07:15.224+0000] {logging_mixin.py:190} INFO - [2025-12-24T09:07:15.223+0000] {dag.py:4180} INFO - Setting next_dagrun for example_display_name to None, run_after=None
[2025-12-24T09:07:15.285+0000] {processor.py:208} INFO - Processing /home/airflow/.local/lib/python3.11/site-packages/airflow/example_dags/example_display_name.py took 0.186 seconds
[2025-12-24T09:07:25.075+0000] {processor.py:186} INFO - Started process (PID=833) to work on /home/airflow/.local/lib/python3.11/site-packages/airflow/example_dags/example_display_name.py
[2025-12-24T09:07:25.077+0000] {processor.py:914} INFO - Processing file /home/airflow/.local/lib/python3.11/site-packages/airflow/example_dags/example_display_name.py for tasks to queue
[2025-12-24T09:07:25.081+0000] {logging_mixin.py:190} INFO - [2025-12-24T09:07:25.080+0000] {dagbag.py:588} INFO - Filling up the DagBag from /home/airflow/.local/lib/python3.11/site-packages/airflow/example_dags/example_display_name.py
[2025-12-24T09:07:25.092+0000] {processor.py:925} INFO - DAG(s) 'example_display_name' retrieved from /home/airflow/.local/lib/python3.11/site-packages/airflow/example_dags/example_display_name.py
[2025-12-24T09:07:25.131+0000] {logging_mixin.py:190} INFO - [2025-12-24T09:07:25.129+0000] {dag.py:3239} INFO - Sync 1 DAGs
[2025-12-24T09:07:25.156+0000] {logging_mixin.py:190} INFO - [2025-12-24T09:07:25.156+0000] {dag.py:4180} INFO - Setting next_dagrun for example_display_name to None, run_after=None
[2025-12-24T09:07:25.212+0000] {processor.py:208} INFO - Processing /home/airflow/.local/lib/python3.11/site-packages/airflow/example_dags/example_display_name.py took 0.148 seconds
[2025-12-24T09:07:34.604+0000] {processor.py:186} INFO - Started process (PID=890) to work on /home/airflow/.local/lib/python3.11/site-packages/airflow/example_dags/example_display_name.py
[2025-12-24T09:07:34.606+0000] {processor.py:914} INFO - Processing file /home/airflow/.local/lib/python3.11/site-packages/airflow/example_dags/example_display_name.py for tasks to queue
[2025-12-24T09:07:34.610+0000] {logging_mixin.py:190} INFO - [2025-12-24T09:07:34.610+0000] {dagbag.py:588} INFO - Filling up the DagBag from /home/airflow/.local/lib/python3.11/site-packages/airflow/example_dags/example_display_name.py
[2025-12-24T09:07:34.622+0000] {processor.py:925} INFO - DAG(s) 'example_display_name' retrieved from /home/airflow/.local/lib/python3.11/site-packages/airflow/example_dags/example_display_name.py
[2025-12-24T09:07:34.656+0000] {logging_mixin.py:190} INFO - [2025-12-24T09:07:34.656+0000] {dag.py:3239} INFO - Sync 1 DAGs
[2025-12-24T09:07:34.676+0000] {logging_mixin.py:190} INFO - [2025-12-24T09:07:34.676+0000] {dag.py:4180} INFO - Setting next_dagrun for example_display_name to None, run_after=None
[2025-12-24T09:07:34.728+0000] {processor.py:208} INFO - Processing /home/airflow/.local/lib/python3.11/site-packages/airflow/example_dags/example_display_name.py took 0.134 seconds
[2025-12-24T09:07:44.027+0000] {processor.py:186} INFO - Started process (PID=946) to work on /home/airflow/.local/lib/python3.11/site-packages/airflow/example_dags/example_display_name.py
[2025-12-24T09:07:44.028+0000] {processor.py:914} INFO - Processing file /home/airflow/.local/lib/python3.11/site-packages/airflow/example_dags/example_display_name.py for tasks to queue
[2025-12-24T09:07:44.041+0000] {logging_mixin.py:190} INFO - [2025-12-24T09:07:44.040+0000] {dagbag.py:588} INFO - Filling up the DagBag from /home/airflow/.local/lib/python3.11/site-packages/airflow/example_dags/example_display_name.py
[2025-12-24T09:07:44.061+0000] {processor.py:925} INFO - DAG(s) 'example_display_name' retrieved from /home/airflow/.local/lib/python3.11/site-packages/airflow/example_dags/example_display_name.py
[2025-12-24T09:07:44.108+0000] {logging_mixin.py:190} INFO - [2025-12-24T09:07:44.107+0000] {dag.py:3239} INFO - Sync 1 DAGs
[2025-12-24T09:07:44.132+0000] {logging_mixin.py:190} INFO - [2025-12-24T09:07:44.131+0000] {dag.py:4180} INFO - Setting next_dagrun for example_display_name to None, run_after=None
[2025-12-24T09:07:44.158+0000] {processor.py:208} INFO - Processing /home/airflow/.local/lib/python3.11/site-packages/airflow/example_dags/example_display_name.py took 0.141 seconds
[2025-12-24T09:08:41.999+0000] {processor.py:186} INFO - Started process (PID=1007) to work on /home/airflow/.local/lib/python3.11/site-packages/airflow/example_dags/example_display_name.py
[2025-12-24T09:08:42.003+0000] {processor.py:914} INFO - Processing file /home/airflow/.local/lib/python3.11/site-packages/airflow/example_dags/example_display_name.py for tasks to queue
[2025-12-24T09:08:42.008+0000] {logging_mixin.py:190} INFO - [2025-12-24T09:08:42.007+0000] {dagbag.py:588} INFO - Filling up the DagBag from /home/airflow/.local/lib/python3.11/site-packages/airflow/example_dags/example_display_name.py
[2025-12-24T09:08:42.020+0000] {processor.py:925} INFO - DAG(s) 'example_display_name' retrieved from /home/airflow/.local/lib/python3.11/site-packages/airflow/example_dags/example_display_name.py
[2025-12-24T09:08:42.049+0000] {logging_mixin.py:190} INFO - [2025-12-24T09:08:42.048+0000] {dag.py:3239} INFO - Sync 1 DAGs
[2025-12-24T09:08:42.066+0000] {logging_mixin.py:190} INFO - [2025-12-24T09:08:42.065+0000] {dag.py:4180} INFO - Setting next_dagrun for example_display_name to None, run_after=None
[2025-12-24T09:08:42.089+0000] {processor.py:208} INFO - Processing /home/airflow/.local/lib/python3.11/site-packages/airflow/example_dags/example_display_name.py took 0.115 seconds
[2025-12-24T09:09:21.417+0000] {processor.py:186} INFO - Started process (PID=1074) to work on /home/airflow/.local/lib/python3.11/site-packages/airflow/example_dags/example_display_name.py
[2025-12-24T09:09:21.419+0000] {processor.py:914} INFO - Processing file /home/airflow/.local/lib/python3.11/site-packages/airflow/example_dags/example_display_name.py for tasks to queue
[2025-12-24T09:09:21.423+0000] {logging_mixin.py:190} INFO - [2025-12-24T09:09:21.422+0000] {dagbag.py:588} INFO - Filling up the DagBag from /home/airflow/.local/lib/python3.11/site-packages/airflow/example_dags/example_display_name.py
[2025-12-24T09:09:21.433+0000] {processor.py:925} INFO - DAG(s) 'example_display_name' retrieved from /home/airflow/.local/lib/python3.11/site-packages/airflow/example_dags/example_display_name.py
[2025-12-24T09:09:21.459+0000] {logging_mixin.py:190} INFO - [2025-12-24T09:09:21.459+0000] {dag.py:3239} INFO - Sync 1 DAGs
[2025-12-24T09:09:21.478+0000] {logging_mixin.py:190} INFO - [2025-12-24T09:09:21.478+0000] {dag.py:4180} INFO - Setting next_dagrun for example_display_name to None, run_after=None
[2025-12-24T09:09:21.500+0000] {processor.py:208} INFO - Processing /home/airflow/.local/lib/python3.11/site-packages/airflow/example_dags/example_display_name.py took 0.092 seconds
[2025-12-24T09:09:19.698+0000] {processor.py:186} INFO - Started process (PID=1154) to work on /home/airflow/.local/lib/python3.11/site-packages/airflow/example_dags/example_display_name.py
[2025-12-24T09:09:19.700+0000] {processor.py:914} INFO - Processing file /home/airflow/.local/lib/python3.11/site-packages/airflow/example_dags/example_display_name.py for tasks to queue
[2025-12-24T09:09:19.704+0000] {logging_mixin.py:190} INFO - [2025-12-24T09:09:19.703+0000] {dagbag.py:588} INFO - Filling up the DagBag from /home/airflow/.local/lib/python3.11/site-packages/airflow/example_dags/example_display_name.py
[2025-12-24T09:09:19.716+0000] {processor.py:925} INFO - DAG(s) 'example_display_name' retrieved from /home/airflow/.local/lib/python3.11/site-packages/airflow/example_dags/example_display_name.py
[2025-12-24T09:09:19.758+0000] {logging_mixin.py:190} INFO - [2025-12-24T09:09:19.757+0000] {dag.py:3239} INFO - Sync 1 DAGs
[2025-12-24T09:09:19.776+0000] {logging_mixin.py:190} INFO - [2025-12-24T09:09:19.776+0000] {dag.py:4180} INFO - Setting next_dagrun for example_display_name to None, run_after=None
[2025-12-24T09:09:19.803+0000] {processor.py:208} INFO - Processing /home/airflow/.local/lib/python3.11/site-packages/airflow/example_dags/example_display_name.py took 0.114 seconds
[2025-12-24T09:10:26.919+0000] {processor.py:186} INFO - Started process (PID=1214) to work on /home/airflow/.local/lib/python3.11/site-packages/airflow/example_dags/example_display_name.py
[2025-12-24T09:10:26.920+0000] {processor.py:914} INFO - Processing file /home/airflow/.local/lib/python3.11/site-packages/airflow/example_dags/example_display_name.py for tasks to queue
[2025-12-24T09:10:26.925+0000] {logging_mixin.py:190} INFO - [2025-12-24T09:10:26.924+0000] {dagbag.py:588} INFO - Filling up the DagBag from /home/airflow/.local/lib/python3.11/site-packages/airflow/example_dags/example_display_name.py
[2025-12-24T09:10:26.937+0000] {processor.py:925} INFO - DAG(s) 'example_display_name' retrieved from /home/airflow/.local/lib/python3.11/site-packages/airflow/example_dags/example_display_name.py
[2025-12-24T09:10:26.968+0000] {logging_mixin.py:190} INFO - [2025-12-24T09:10:26.967+0000] {dag.py:3239} INFO - Sync 1 DAGs
[2025-12-24T09:10:26.985+0000] {logging_mixin.py:190} INFO - [2025-12-24T09:10:26.985+0000] {dag.py:4180} INFO - Setting next_dagrun for example_display_name to None, run_after=None
[2025-12-24T09:10:27.017+0000] {processor.py:208} INFO - Processing /home/airflow/.local/lib/python3.11/site-packages/airflow/example_dags/example_display_name.py took 0.108 seconds
[2025-12-24T09:10:19.889+0000] {processor.py:186} INFO - Started process (PID=1286) to work on /home/airflow/.local/lib/python3.11/site-packages/airflow/example_dags/example_display_name.py
[2025-12-24T09:10:19.892+0000] {processor.py:914} INFO - Processing file /home/airflow/.local/lib/python3.11/site-packages/airflow/example_dags/example_display_name.py for tasks to queue
[2025-12-24T09:10:19.898+0000] {logging_mixin.py:190} INFO - [2025-12-24T09:10:19.897+0000] {dagbag.py:588} INFO - Filling up the DagBag from /home/airflow/.local/lib/python3.11/site-packages/airflow/example_dags/example_display_name.py
[2025-12-24T09:10:19.913+0000] {processor.py:925} INFO - DAG(s) 'example_display_name' retrieved from /home/airflow/.local/lib/python3.11/site-packages/airflow/example_dags/example_display_name.py
[2025-12-24T09:10:19.988+0000] {logging_mixin.py:190} INFO - [2025-12-24T09:10:19.987+0000] {dag.py:3239} INFO - Sync 1 DAGs
[2025-12-24T09:10:20.023+0000] {logging_mixin.py:190} INFO - [2025-12-24T09:10:20.023+0000] {dag.py:4180} INFO - Setting next_dagrun for example_display_name to None, run_after=None
[2025-12-24T09:10:20.101+0000] {processor.py:208} INFO - Processing /home/airflow/.local/lib/python3.11/site-packages/airflow/example_dags/example_display_name.py took 0.226 seconds
[2025-12-24T09:10:49.827+0000] {processor.py:186} INFO - Started process (PID=1335) to work on /home/airflow/.local/lib/python3.11/site-packages/airflow/example_dags/example_display_name.py
[2025-12-24T09:10:49.828+0000] {processor.py:914} INFO - Processing file /home/airflow/.local/lib/python3.11/site-packages/airflow/example_dags/example_display_name.py for tasks to queue
[2025-12-24T09:10:49.834+0000] {logging_mixin.py:190} INFO - [2025-12-24T09:10:49.834+0000] {dagbag.py:588} INFO - Filling up the DagBag from /home/airflow/.local/lib/python3.11/site-packages/airflow/example_dags/example_display_name.py
[2025-12-24T09:10:49.847+0000] {processor.py:925} INFO - DAG(s) 'example_display_name' retrieved from /home/airflow/.local/lib/python3.11/site-packages/airflow/example_dags/example_display_name.py
[2025-12-24T09:10:49.875+0000] {logging_mixin.py:190} INFO - [2025-12-24T09:10:49.875+0000] {dag.py:3239} INFO - Sync 1 DAGs
[2025-12-24T09:10:49.892+0000] {logging_mixin.py:190} INFO - [2025-12-24T09:10:49.892+0000] {dag.py:4180} INFO - Setting next_dagrun for example_display_name to None, run_after=None
[2025-12-24T09:10:49.917+0000] {processor.py:208} INFO - Processing /home/airflow/.local/lib/python3.11/site-packages/airflow/example_dags/example_display_name.py took 0.099 seconds
[2025-12-24T09:10:59.924+0000] {processor.py:186} INFO - Started process (PID=1392) to work on /home/airflow/.local/lib/python3.11/site-packages/airflow/example_dags/example_display_name.py
[2025-12-24T09:10:59.925+0000] {processor.py:914} INFO - Processing file /home/airflow/.local/lib/python3.11/site-packages/airflow/example_dags/example_display_name.py for tasks to queue
[2025-12-24T09:10:59.929+0000] {logging_mixin.py:190} INFO - [2025-12-24T09:10:59.929+0000] {dagbag.py:588} INFO - Filling up the DagBag from /home/airflow/.local/lib/python3.11/site-packages/airflow/example_dags/example_display_name.py
[2025-12-24T09:10:59.942+0000] {processor.py:925} INFO - DAG(s) 'example_display_name' retrieved from /home/airflow/.local/lib/python3.11/site-packages/airflow/example_dags/example_display_name.py
[2025-12-24T09:10:59.974+0000] {logging_mixin.py:190} INFO - [2025-12-24T09:10:59.972+0000] {dag.py:3239} INFO - Sync 1 DAGs
[2025-12-24T09:10:59.993+0000] {logging_mixin.py:190} INFO - [2025-12-24T09:10:59.993+0000] {dag.py:4180} INFO - Setting next_dagrun for example_display_name to None, run_after=None
[2025-12-24T09:11:00.018+0000] {processor.py:208} INFO - Processing /home/airflow/.local/lib/python3.11/site-packages/airflow/example_dags/example_display_name.py took 0.104 seconds
[2025-12-24T09:11:31.088+0000] {processor.py:186} INFO - Started process (PID=1455) to work on /home/airflow/.local/lib/python3.11/site-packages/airflow/example_dags/example_display_name.py
[2025-12-24T09:11:31.090+0000] {processor.py:914} INFO - Processing file /home/airflow/.local/lib/python3.11/site-packages/airflow/example_dags/example_display_name.py for tasks to queue
[2025-12-24T09:11:31.093+0000] {logging_mixin.py:190} INFO - [2025-12-24T09:11:31.093+0000] {dagbag.py:588} INFO - Filling up the DagBag from /home/airflow/.local/lib/python3.11/site-packages/airflow/example_dags/example_display_name.py
[2025-12-24T09:11:31.105+0000] {processor.py:925} INFO - DAG(s) 'example_display_name' retrieved from /home/airflow/.local/lib/python3.11/site-packages/airflow/example_dags/example_display_name.py
[2025-12-24T09:11:31.132+0000] {logging_mixin.py:190} INFO - [2025-12-24T09:11:31.132+0000] {dag.py:3239} INFO - Sync 1 DAGs
[2025-12-24T09:11:31.149+0000] {logging_mixin.py:190} INFO - [2025-12-24T09:11:31.149+0000] {dag.py:4180} INFO - Setting next_dagrun for example_display_name to None, run_after=None
[2025-12-24T09:11:31.172+0000] {processor.py:208} INFO - Processing /home/airflow/.local/lib/python3.11/site-packages/airflow/example_dags/example_display_name.py took 0.093 seconds
[2025-12-24T09:12:32.363+0000] {processor.py:186} INFO - Started process (PID=1518) to work on /home/airflow/.local/lib/python3.11/site-packages/airflow/example_dags/example_display_name.py
[2025-12-24T09:12:32.365+0000] {processor.py:914} INFO - Processing file /home/airflow/.local/lib/python3.11/site-packages/airflow/example_dags/example_display_name.py for tasks to queue
[2025-12-24T09:12:32.368+0000] {logging_mixin.py:190} INFO - [2025-12-24T09:12:32.368+0000] {dagbag.py:588} INFO - Filling up the DagBag from /home/airflow/.local/lib/python3.11/site-packages/airflow/example_dags/example_display_name.py
[2025-12-24T09:12:32.380+0000] {processor.py:925} INFO - DAG(s) 'example_display_name' retrieved from /home/airflow/.local/lib/python3.11/site-packages/airflow/example_dags/example_display_name.py
[2025-12-24T09:12:32.409+0000] {logging_mixin.py:190} INFO - [2025-12-24T09:12:32.408+0000] {dag.py:3239} INFO - Sync 1 DAGs
[2025-12-24T09:12:32.426+0000] {logging_mixin.py:190} INFO - [2025-12-24T09:12:32.425+0000] {dag.py:4180} INFO - Setting next_dagrun for example_display_name to None, run_after=None
[2025-12-24T09:12:32.449+0000] {processor.py:208} INFO - Processing /home/airflow/.local/lib/python3.11/site-packages/airflow/example_dags/example_display_name.py took 0.095 seconds
[2025-12-24T09:12:44.335+0000] {processor.py:186} INFO - Started process (PID=1582) to work on /home/airflow/.local/lib/python3.11/site-packages/airflow/example_dags/example_display_name.py
[2025-12-24T09:12:44.337+0000] {processor.py:914} INFO - Processing file /home/airflow/.local/lib/python3.11/site-packages/airflow/example_dags/example_display_name.py for tasks to queue
[2025-12-24T09:12:44.340+0000] {logging_mixin.py:190} INFO - [2025-12-24T09:12:44.340+0000] {dagbag.py:588} INFO - Filling up the DagBag from /home/airflow/.local/lib/python3.11/site-packages/airflow/example_dags/example_display_name.py
[2025-12-24T09:12:44.354+0000] {processor.py:925} INFO - DAG(s) 'example_display_name' retrieved from /home/airflow/.local/lib/python3.11/site-packages/airflow/example_dags/example_display_name.py
[2025-12-24T09:12:44.383+0000] {logging_mixin.py:190} INFO - [2025-12-24T09:12:44.382+0000] {dag.py:3239} INFO - Sync 1 DAGs
[2025-12-24T09:12:44.402+0000] {logging_mixin.py:190} INFO - [2025-12-24T09:12:44.402+0000] {dag.py:4180} INFO - Setting next_dagrun for example_display_name to None, run_after=None
[2025-12-24T09:12:44.426+0000] {processor.py:208} INFO - Processing /home/airflow/.local/lib/python3.11/site-packages/airflow/example_dags/example_display_name.py took 0.101 seconds
[2025-12-24T09:13:33.456+0000] {processor.py:186} INFO - Started process (PID=1649) to work on /home/airflow/.local/lib/python3.11/site-packages/airflow/example_dags/example_display_name.py
[2025-12-24T09:13:33.458+0000] {processor.py:914} INFO - Processing file /home/airflow/.local/lib/python3.11/site-packages/airflow/example_dags/example_display_name.py for tasks to queue
[2025-12-24T09:13:33.464+0000] {logging_mixin.py:190} INFO - [2025-12-24T09:13:33.463+0000] {dagbag.py:588} INFO - Filling up the DagBag from /home/airflow/.local/lib/python3.11/site-packages/airflow/example_dags/example_display_name.py
[2025-12-24T09:13:33.480+0000] {processor.py:925} INFO - DAG(s) 'example_display_name' retrieved from /home/airflow/.local/lib/python3.11/site-packages/airflow/example_dags/example_display_name.py
[2025-12-24T09:13:33.512+0000] {logging_mixin.py:190} INFO - [2025-12-24T09:13:33.511+0000] {dag.py:3239} INFO - Sync 1 DAGs
[2025-12-24T09:13:33.531+0000] {logging_mixin.py:190} INFO - [2025-12-24T09:13:33.530+0000] {dag.py:4180} INFO - Setting next_dagrun for example_display_name to None, run_after=None
[2025-12-24T09:13:33.556+0000] {processor.py:208} INFO - Processing /home/airflow/.local/lib/python3.11/site-packages/airflow/example_dags/example_display_name.py took 0.113 seconds
[2025-12-24T09:14:27.663+0000] {processor.py:186} INFO - Started process (PID=1699) to work on /home/airflow/.local/lib/python3.11/site-packages/airflow/example_dags/example_display_name.py
[2025-12-24T09:14:27.664+0000] {processor.py:914} INFO - Processing file /home/airflow/.local/lib/python3.11/site-packages/airflow/example_dags/example_display_name.py for tasks to queue
[2025-12-24T09:14:27.668+0000] {logging_mixin.py:190} INFO - [2025-12-24T09:14:27.668+0000] {dagbag.py:588} INFO - Filling up the DagBag from /home/airflow/.local/lib/python3.11/site-packages/airflow/example_dags/example_display_name.py
[2025-12-24T09:14:27.681+0000] {processor.py:925} INFO - DAG(s) 'example_display_name' retrieved from /home/airflow/.local/lib/python3.11/site-packages/airflow/example_dags/example_display_name.py
[2025-12-24T09:14:27.709+0000] {logging_mixin.py:190} INFO - [2025-12-24T09:14:27.708+0000] {dag.py:3239} INFO - Sync 1 DAGs
[2025-12-24T09:14:27.727+0000] {logging_mixin.py:190} INFO - [2025-12-24T09:14:27.727+0000] {dag.py:4180} INFO - Setting next_dagrun for example_display_name to None, run_after=None
[2025-12-24T09:14:27.757+0000] {processor.py:208} INFO - Processing /home/airflow/.local/lib/python3.11/site-packages/airflow/example_dags/example_display_name.py took 0.104 seconds
[2025-12-24T09:14:39.622+0000] {processor.py:186} INFO - Started process (PID=1771) to work on /home/airflow/.local/lib/python3.11/site-packages/airflow/example_dags/example_display_name.py
[2025-12-24T09:14:39.624+0000] {processor.py:914} INFO - Processing file /home/airflow/.local/lib/python3.11/site-packages/airflow/example_dags/example_display_name.py for tasks to queue
[2025-12-24T09:14:39.627+0000] {logging_mixin.py:190} INFO - [2025-12-24T09:14:39.627+0000] {dagbag.py:588} INFO - Filling up the DagBag from /home/airflow/.local/lib/python3.11/site-packages/airflow/example_dags/example_display_name.py
[2025-12-24T09:14:39.641+0000] {processor.py:925} INFO - DAG(s) 'example_display_name' retrieved from /home/airflow/.local/lib/python3.11/site-packages/airflow/example_dags/example_display_name.py
[2025-12-24T09:14:39.669+0000] {logging_mixin.py:190} INFO - [2025-12-24T09:14:39.669+0000] {dag.py:3239} INFO - Sync 1 DAGs
[2025-12-24T09:14:39.687+0000] {logging_mixin.py:190} INFO - [2025-12-24T09:14:39.687+0000] {dag.py:4180} INFO - Setting next_dagrun for example_display_name to None, run_after=None
[2025-12-24T09:14:39.713+0000] {processor.py:208} INFO - Processing /home/airflow/.local/lib/python3.11/site-packages/airflow/example_dags/example_display_name.py took 0.099 seconds
[2025-12-24T09:15:11.055+0000] {processor.py:186} INFO - Started process (PID=1835) to work on /home/airflow/.local/lib/python3.11/site-packages/airflow/example_dags/example_display_name.py
[2025-12-24T09:15:11.058+0000] {processor.py:914} INFO - Processing file /home/airflow/.local/lib/python3.11/site-packages/airflow/example_dags/example_display_name.py for tasks to queue
[2025-12-24T09:15:11.064+0000] {logging_mixin.py:190} INFO - [2025-12-24T09:15:11.063+0000] {dagbag.py:588} INFO - Filling up the DagBag from /home/airflow/.local/lib/python3.11/site-packages/airflow/example_dags/example_display_name.py
[2025-12-24T09:15:11.082+0000] {processor.py:925} INFO - DAG(s) 'example_display_name' retrieved from /home/airflow/.local/lib/python3.11/site-packages/airflow/example_dags/example_display_name.py
[2025-12-24T09:15:11.120+0000] {logging_mixin.py:190} INFO - [2025-12-24T09:15:11.119+0000] {dag.py:3239} INFO - Sync 1 DAGs
[2025-12-24T09:15:11.143+0000] {logging_mixin.py:190} INFO - [2025-12-24T09:15:11.142+0000] {dag.py:4180} INFO - Setting next_dagrun for example_display_name to None, run_after=None
[2025-12-24T09:15:11.172+0000] {processor.py:208} INFO - Processing /home/airflow/.local/lib/python3.11/site-packages/airflow/example_dags/example_display_name.py took 0.130 seconds
[2025-12-24T09:16:24.047+0000] {processor.py:186} INFO - Started process (PID=1898) to work on /home/airflow/.local/lib/python3.11/site-packages/airflow/example_dags/example_display_name.py
[2025-12-24T09:16:24.048+0000] {processor.py:914} INFO - Processing file /home/airflow/.local/lib/python3.11/site-packages/airflow/example_dags/example_display_name.py for tasks to queue
[2025-12-24T09:16:24.052+0000] {logging_mixin.py:190} INFO - [2025-12-24T09:16:24.051+0000] {dagbag.py:588} INFO - Filling up the DagBag from /home/airflow/.local/lib/python3.11/site-packages/airflow/example_dags/example_display_name.py
[2025-12-24T09:16:24.064+0000] {processor.py:925} INFO - DAG(s) 'example_display_name' retrieved from /home/airflow/.local/lib/python3.11/site-packages/airflow/example_dags/example_display_name.py
[2025-12-24T09:16:24.094+0000] {logging_mixin.py:190} INFO - [2025-12-24T09:16:24.093+0000] {dag.py:3239} INFO - Sync 1 DAGs
[2025-12-24T09:16:24.115+0000] {logging_mixin.py:190} INFO - [2025-12-24T09:16:24.114+0000] {dag.py:4180} INFO - Setting next_dagrun for example_display_name to None, run_after=None
[2025-12-24T09:16:24.144+0000] {processor.py:208} INFO - Processing /home/airflow/.local/lib/python3.11/site-packages/airflow/example_dags/example_display_name.py took 0.106 seconds
[2025-12-24T09:24:20.741+0000] {processor.py:186} INFO - Started process (PID=110) to work on /home/airflow/.local/lib/python3.11/site-packages/airflow/example_dags/example_display_name.py
[2025-12-24T09:24:20.743+0000] {processor.py:914} INFO - Processing file /home/airflow/.local/lib/python3.11/site-packages/airflow/example_dags/example_display_name.py for tasks to queue
[2025-12-24T09:24:20.747+0000] {logging_mixin.py:190} INFO - [2025-12-24T09:24:20.747+0000] {dagbag.py:588} INFO - Filling up the DagBag from /home/airflow/.local/lib/python3.11/site-packages/airflow/example_dags/example_display_name.py
[2025-12-24T09:24:20.764+0000] {processor.py:925} INFO - DAG(s) 'example_display_name' retrieved from /home/airflow/.local/lib/python3.11/site-packages/airflow/example_dags/example_display_name.py
[2025-12-24T09:24:20.996+0000] {logging_mixin.py:190} INFO - [2025-12-24T09:24:20.995+0000] {override.py:1911} INFO - Created Permission View: can delete on DAG:example_display_name
[2025-12-24T09:24:21.049+0000] {logging_mixin.py:190} INFO - [2025-12-24T09:24:21.048+0000] {override.py:1911} INFO - Created Permission View: can read on DAG:example_display_name
[2025-12-24T09:24:21.094+0000] {logging_mixin.py:190} INFO - [2025-12-24T09:24:21.093+0000] {override.py:1911} INFO - Created Permission View: can edit on DAG:example_display_name
[2025-12-24T09:24:21.123+0000] {logging_mixin.py:190} INFO - [2025-12-24T09:24:21.122+0000] {override.py:1911} INFO - Created Permission View: menu access on DAG Run:example_display_name
[2025-12-24T09:24:21.166+0000] {logging_mixin.py:190} INFO - [2025-12-24T09:24:21.165+0000] {override.py:1911} INFO - Created Permission View: can create on DAG Run:example_display_name
[2025-12-24T09:24:21.208+0000] {logging_mixin.py:190} INFO - [2025-12-24T09:24:21.208+0000] {override.py:1911} INFO - Created Permission View: can delete on DAG Run:example_display_name
[2025-12-24T09:24:21.228+0000] {logging_mixin.py:190} INFO - [2025-12-24T09:24:21.228+0000] {override.py:1911} INFO - Created Permission View: can read on DAG Run:example_display_name
[2025-12-24T09:24:21.230+0000] {logging_mixin.py:190} INFO - [2025-12-24T09:24:21.229+0000] {dag.py:3239} INFO - Sync 1 DAGs
[2025-12-24T09:24:21.253+0000] {logging_mixin.py:190} INFO - [2025-12-24T09:24:21.252+0000] {dag.py:3262} INFO - Creating ORM DAG for example_display_name
[2025-12-24T09:24:21.254+0000] {logging_mixin.py:190} INFO - [2025-12-24T09:24:21.253+0000] {dag.py:4180} INFO - Setting next_dagrun for example_display_name to None, run_after=None
[2025-12-24T09:24:21.288+0000] {processor.py:208} INFO - Processing /home/airflow/.local/lib/python3.11/site-packages/airflow/example_dags/example_display_name.py took 0.558 seconds
[2025-12-24T09:24:15.465+0000] {processor.py:186} INFO - Started process (PID=242) to work on /home/airflow/.local/lib/python3.11/site-packages/airflow/example_dags/example_display_name.py
[2025-12-24T09:24:15.468+0000] {processor.py:914} INFO - Processing file /home/airflow/.local/lib/python3.11/site-packages/airflow/example_dags/example_display_name.py for tasks to queue
[2025-12-24T09:24:15.472+0000] {logging_mixin.py:190} INFO - [2025-12-24T09:24:15.472+0000] {dagbag.py:588} INFO - Filling up the DagBag from /home/airflow/.local/lib/python3.11/site-packages/airflow/example_dags/example_display_name.py
[2025-12-24T09:24:15.492+0000] {processor.py:925} INFO - DAG(s) 'example_display_name' retrieved from /home/airflow/.local/lib/python3.11/site-packages/airflow/example_dags/example_display_name.py
[2025-12-24T09:24:15.520+0000] {logging_mixin.py:190} INFO - [2025-12-24T09:24:15.519+0000] {dag.py:3239} INFO - Sync 1 DAGs
[2025-12-24T09:24:15.550+0000] {logging_mixin.py:190} INFO - [2025-12-24T09:24:15.549+0000] {dag.py:4180} INFO - Setting next_dagrun for example_display_name to None, run_after=None
[2025-12-24T09:24:15.601+0000] {processor.py:208} INFO - Processing /home/airflow/.local/lib/python3.11/site-packages/airflow/example_dags/example_display_name.py took 0.149 seconds
[2025-12-24T09:24:44.747+0000] {processor.py:186} INFO - Started process (PID=301) to work on /home/airflow/.local/lib/python3.11/site-packages/airflow/example_dags/example_display_name.py
[2025-12-24T09:24:44.748+0000] {processor.py:914} INFO - Processing file /home/airflow/.local/lib/python3.11/site-packages/airflow/example_dags/example_display_name.py for tasks to queue
[2025-12-24T09:24:44.752+0000] {logging_mixin.py:190} INFO - [2025-12-24T09:24:44.752+0000] {dagbag.py:588} INFO - Filling up the DagBag from /home/airflow/.local/lib/python3.11/site-packages/airflow/example_dags/example_display_name.py
[2025-12-24T09:24:44.764+0000] {processor.py:925} INFO - DAG(s) 'example_display_name' retrieved from /home/airflow/.local/lib/python3.11/site-packages/airflow/example_dags/example_display_name.py
[2025-12-24T09:24:44.783+0000] {logging_mixin.py:190} INFO - [2025-12-24T09:24:44.782+0000] {dag.py:3239} INFO - Sync 1 DAGs
[2025-12-24T09:24:44.802+0000] {logging_mixin.py:190} INFO - [2025-12-24T09:24:44.801+0000] {dag.py:4180} INFO - Setting next_dagrun for example_display_name to None, run_after=None
[2025-12-24T09:24:44.827+0000] {processor.py:208} INFO - Processing /home/airflow/.local/lib/python3.11/site-packages/airflow/example_dags/example_display_name.py took 0.088 seconds
[2025-12-24T09:24:56.082+0000] {processor.py:186} INFO - Started process (PID=357) to work on /home/airflow/.local/lib/python3.11/site-packages/airflow/example_dags/example_display_name.py
[2025-12-24T09:24:56.084+0000] {processor.py:914} INFO - Processing file /home/airflow/.local/lib/python3.11/site-packages/airflow/example_dags/example_display_name.py for tasks to queue
[2025-12-24T09:24:56.089+0000] {logging_mixin.py:190} INFO - [2025-12-24T09:24:56.088+0000] {dagbag.py:588} INFO - Filling up the DagBag from /home/airflow/.local/lib/python3.11/site-packages/airflow/example_dags/example_display_name.py
[2025-12-24T09:24:56.102+0000] {processor.py:925} INFO - DAG(s) 'example_display_name' retrieved from /home/airflow/.local/lib/python3.11/site-packages/airflow/example_dags/example_display_name.py
[2025-12-24T09:24:56.137+0000] {logging_mixin.py:190} INFO - [2025-12-24T09:24:56.136+0000] {dag.py:3239} INFO - Sync 1 DAGs
[2025-12-24T09:24:56.159+0000] {logging_mixin.py:190} INFO - [2025-12-24T09:24:56.159+0000] {dag.py:4180} INFO - Setting next_dagrun for example_display_name to None, run_after=None
[2025-12-24T09:24:56.185+0000] {processor.py:208} INFO - Processing /home/airflow/.local/lib/python3.11/site-packages/airflow/example_dags/example_display_name.py took 0.126 seconds
[2025-12-24T09:25:14.723+0000] {processor.py:186} INFO - Started process (PID=419) to work on /home/airflow/.local/lib/python3.11/site-packages/airflow/example_dags/example_display_name.py
[2025-12-24T09:25:14.725+0000] {processor.py:914} INFO - Processing file /home/airflow/.local/lib/python3.11/site-packages/airflow/example_dags/example_display_name.py for tasks to queue
[2025-12-24T09:25:14.731+0000] {logging_mixin.py:190} INFO - [2025-12-24T09:25:14.730+0000] {dagbag.py:588} INFO - Filling up the DagBag from /home/airflow/.local/lib/python3.11/site-packages/airflow/example_dags/example_display_name.py
[2025-12-24T09:25:14.752+0000] {processor.py:925} INFO - DAG(s) 'example_display_name' retrieved from /home/airflow/.local/lib/python3.11/site-packages/airflow/example_dags/example_display_name.py
[2025-12-24T09:25:14.783+0000] {logging_mixin.py:190} INFO - [2025-12-24T09:25:14.783+0000] {dag.py:3239} INFO - Sync 1 DAGs
[2025-12-24T09:25:14.803+0000] {logging_mixin.py:190} INFO - [2025-12-24T09:25:14.803+0000] {dag.py:4180} INFO - Setting next_dagrun for example_display_name to None, run_after=None
[2025-12-24T09:25:14.831+0000] {processor.py:208} INFO - Processing /home/airflow/.local/lib/python3.11/site-packages/airflow/example_dags/example_display_name.py took 0.122 seconds
[2025-12-24T09:25:20.902+0000] {processor.py:186} INFO - Started process (PID=473) to work on /home/airflow/.local/lib/python3.11/site-packages/airflow/example_dags/example_display_name.py
[2025-12-24T09:25:20.904+0000] {processor.py:914} INFO - Processing file /home/airflow/.local/lib/python3.11/site-packages/airflow/example_dags/example_display_name.py for tasks to queue
[2025-12-24T09:25:20.910+0000] {logging_mixin.py:190} INFO - [2025-12-24T09:25:20.909+0000] {dagbag.py:588} INFO - Filling up the DagBag from /home/airflow/.local/lib/python3.11/site-packages/airflow/example_dags/example_display_name.py
[2025-12-24T09:25:20.928+0000] {processor.py:925} INFO - DAG(s) 'example_display_name' retrieved from /home/airflow/.local/lib/python3.11/site-packages/airflow/example_dags/example_display_name.py
[2025-12-24T09:25:20.965+0000] {logging_mixin.py:190} INFO - [2025-12-24T09:25:20.964+0000] {dag.py:3239} INFO - Sync 1 DAGs
[2025-12-24T09:25:20.991+0000] {logging_mixin.py:190} INFO - [2025-12-24T09:25:20.990+0000] {dag.py:4180} INFO - Setting next_dagrun for example_display_name to None, run_after=None
[2025-12-24T09:25:21.049+0000] {processor.py:208} INFO - Processing /home/airflow/.local/lib/python3.11/site-packages/airflow/example_dags/example_display_name.py took 0.161 seconds
[2025-12-24T09:25:52.453+0000] {processor.py:186} INFO - Started process (PID=531) to work on /home/airflow/.local/lib/python3.11/site-packages/airflow/example_dags/example_display_name.py
[2025-12-24T09:25:52.454+0000] {processor.py:914} INFO - Processing file /home/airflow/.local/lib/python3.11/site-packages/airflow/example_dags/example_display_name.py for tasks to queue
[2025-12-24T09:25:52.466+0000] {logging_mixin.py:190} INFO - [2025-12-24T09:25:52.459+0000] {dagbag.py:588} INFO - Filling up the DagBag from /home/airflow/.local/lib/python3.11/site-packages/airflow/example_dags/example_display_name.py
[2025-12-24T09:25:52.491+0000] {processor.py:925} INFO - DAG(s) 'example_display_name' retrieved from /home/airflow/.local/lib/python3.11/site-packages/airflow/example_dags/example_display_name.py
[2025-12-24T09:25:52.528+0000] {logging_mixin.py:190} INFO - [2025-12-24T09:25:52.527+0000] {dag.py:3239} INFO - Sync 1 DAGs
[2025-12-24T09:25:52.560+0000] {logging_mixin.py:190} INFO - [2025-12-24T09:25:52.560+0000] {dag.py:4180} INFO - Setting next_dagrun for example_display_name to None, run_after=None
[2025-12-24T09:25:52.599+0000] {processor.py:208} INFO - Processing /home/airflow/.local/lib/python3.11/site-packages/airflow/example_dags/example_display_name.py took 0.160 seconds
[2025-12-24T09:25:57.289+0000] {processor.py:186} INFO - Started process (PID=564) to work on /home/airflow/.local/lib/python3.11/site-packages/airflow/example_dags/example_display_name.py
[2025-12-24T09:25:57.291+0000] {processor.py:914} INFO - Processing file /home/airflow/.local/lib/python3.11/site-packages/airflow/example_dags/example_display_name.py for tasks to queue
[2025-12-24T09:25:57.299+0000] {logging_mixin.py:190} INFO - [2025-12-24T09:25:57.299+0000] {dagbag.py:588} INFO - Filling up the DagBag from /home/airflow/.local/lib/python3.11/site-packages/airflow/example_dags/example_display_name.py
[2025-12-24T09:25:57.312+0000] {processor.py:925} INFO - DAG(s) 'example_display_name' retrieved from /home/airflow/.local/lib/python3.11/site-packages/airflow/example_dags/example_display_name.py
[2025-12-24T09:25:57.351+0000] {logging_mixin.py:190} INFO - [2025-12-24T09:25:57.350+0000] {dag.py:3239} INFO - Sync 1 DAGs
[2025-12-24T09:25:57.375+0000] {logging_mixin.py:190} INFO - [2025-12-24T09:25:57.374+0000] {dag.py:4180} INFO - Setting next_dagrun for example_display_name to None, run_after=None
[2025-12-24T09:25:57.417+0000] {processor.py:208} INFO - Processing /home/airflow/.local/lib/python3.11/site-packages/airflow/example_dags/example_display_name.py took 0.138 seconds
[2025-12-24T09:26:06.525+0000] {processor.py:186} INFO - Started process (PID=628) to work on /home/airflow/.local/lib/python3.11/site-packages/airflow/example_dags/example_display_name.py
[2025-12-24T09:26:06.526+0000] {processor.py:914} INFO - Processing file /home/airflow/.local/lib/python3.11/site-packages/airflow/example_dags/example_display_name.py for tasks to queue
[2025-12-24T09:26:06.531+0000] {logging_mixin.py:190} INFO - [2025-12-24T09:26:06.530+0000] {dagbag.py:588} INFO - Filling up the DagBag from /home/airflow/.local/lib/python3.11/site-packages/airflow/example_dags/example_display_name.py
[2025-12-24T09:26:06.545+0000] {processor.py:925} INFO - DAG(s) 'example_display_name' retrieved from /home/airflow/.local/lib/python3.11/site-packages/airflow/example_dags/example_display_name.py
[2025-12-24T09:26:06.593+0000] {logging_mixin.py:190} INFO - [2025-12-24T09:26:06.592+0000] {dag.py:3239} INFO - Sync 1 DAGs
[2025-12-24T09:26:06.618+0000] {logging_mixin.py:190} INFO - [2025-12-24T09:26:06.617+0000] {dag.py:4180} INFO - Setting next_dagrun for example_display_name to None, run_after=None
[2025-12-24T09:26:06.647+0000] {processor.py:208} INFO - Processing /home/airflow/.local/lib/python3.11/site-packages/airflow/example_dags/example_display_name.py took 0.134 seconds
[2025-12-24T09:26:15.048+0000] {processor.py:186} INFO - Started process (PID=684) to work on /home/airflow/.local/lib/python3.11/site-packages/airflow/example_dags/example_display_name.py
[2025-12-24T09:26:15.050+0000] {processor.py:914} INFO - Processing file /home/airflow/.local/lib/python3.11/site-packages/airflow/example_dags/example_display_name.py for tasks to queue
[2025-12-24T09:26:15.054+0000] {logging_mixin.py:190} INFO - [2025-12-24T09:26:15.054+0000] {dagbag.py:588} INFO - Filling up the DagBag from /home/airflow/.local/lib/python3.11/site-packages/airflow/example_dags/example_display_name.py
[2025-12-24T09:26:15.068+0000] {processor.py:925} INFO - DAG(s) 'example_display_name' retrieved from /home/airflow/.local/lib/python3.11/site-packages/airflow/example_dags/example_display_name.py
[2025-12-24T09:26:15.121+0000] {logging_mixin.py:190} INFO - [2025-12-24T09:26:15.120+0000] {dag.py:3239} INFO - Sync 1 DAGs
[2025-12-24T09:26:15.142+0000] {logging_mixin.py:190} INFO - [2025-12-24T09:26:15.141+0000] {dag.py:4180} INFO - Setting next_dagrun for example_display_name to None, run_after=None
[2025-12-24T09:26:15.181+0000] {processor.py:208} INFO - Processing /home/airflow/.local/lib/python3.11/site-packages/airflow/example_dags/example_display_name.py took 0.144 seconds
[2025-12-24T09:26:25.971+0000] {processor.py:186} INFO - Started process (PID=736) to work on /home/airflow/.local/lib/python3.11/site-packages/airflow/example_dags/example_display_name.py
[2025-12-24T09:26:25.972+0000] {processor.py:914} INFO - Processing file /home/airflow/.local/lib/python3.11/site-packages/airflow/example_dags/example_display_name.py for tasks to queue
[2025-12-24T09:26:25.975+0000] {logging_mixin.py:190} INFO - [2025-12-24T09:26:25.975+0000] {dagbag.py:588} INFO - Filling up the DagBag from /home/airflow/.local/lib/python3.11/site-packages/airflow/example_dags/example_display_name.py
[2025-12-24T09:26:25.988+0000] {processor.py:925} INFO - DAG(s) 'example_display_name' retrieved from /home/airflow/.local/lib/python3.11/site-packages/airflow/example_dags/example_display_name.py
[2025-12-24T09:26:26.029+0000] {logging_mixin.py:190} INFO - [2025-12-24T09:26:26.028+0000] {dag.py:3239} INFO - Sync 1 DAGs
[2025-12-24T09:26:26.051+0000] {logging_mixin.py:190} INFO - [2025-12-24T09:26:26.051+0000] {dag.py:4180} INFO - Setting next_dagrun for example_display_name to None, run_after=None
[2025-12-24T09:26:26.081+0000] {processor.py:208} INFO - Processing /home/airflow/.local/lib/python3.11/site-packages/airflow/example_dags/example_display_name.py took 0.119 seconds
[2025-12-24T09:26:36.406+0000] {processor.py:186} INFO - Started process (PID=791) to work on /home/airflow/.local/lib/python3.11/site-packages/airflow/example_dags/example_display_name.py
[2025-12-24T09:26:36.408+0000] {processor.py:914} INFO - Processing file /home/airflow/.local/lib/python3.11/site-packages/airflow/example_dags/example_display_name.py for tasks to queue
[2025-12-24T09:26:36.414+0000] {logging_mixin.py:190} INFO - [2025-12-24T09:26:36.413+0000] {dagbag.py:588} INFO - Filling up the DagBag from /home/airflow/.local/lib/python3.11/site-packages/airflow/example_dags/example_display_name.py
[2025-12-24T09:26:36.442+0000] {processor.py:925} INFO - DAG(s) 'example_display_name' retrieved from /home/airflow/.local/lib/python3.11/site-packages/airflow/example_dags/example_display_name.py
[2025-12-24T09:26:36.492+0000] {logging_mixin.py:190} INFO - [2025-12-24T09:26:36.491+0000] {dag.py:3239} INFO - Sync 1 DAGs
[2025-12-24T09:26:36.525+0000] {logging_mixin.py:190} INFO - [2025-12-24T09:26:36.525+0000] {dag.py:4180} INFO - Setting next_dagrun for example_display_name to None, run_after=None
[2025-12-24T09:26:36.563+0000] {processor.py:208} INFO - Processing /home/airflow/.local/lib/python3.11/site-packages/airflow/example_dags/example_display_name.py took 0.171 seconds
[2025-12-24T09:26:46.723+0000] {processor.py:186} INFO - Started process (PID=844) to work on /home/airflow/.local/lib/python3.11/site-packages/airflow/example_dags/example_display_name.py
[2025-12-24T09:26:46.725+0000] {processor.py:914} INFO - Processing file /home/airflow/.local/lib/python3.11/site-packages/airflow/example_dags/example_display_name.py for tasks to queue
[2025-12-24T09:26:46.730+0000] {logging_mixin.py:190} INFO - [2025-12-24T09:26:46.729+0000] {dagbag.py:588} INFO - Filling up the DagBag from /home/airflow/.local/lib/python3.11/site-packages/airflow/example_dags/example_display_name.py
[2025-12-24T09:26:46.747+0000] {processor.py:925} INFO - DAG(s) 'example_display_name' retrieved from /home/airflow/.local/lib/python3.11/site-packages/airflow/example_dags/example_display_name.py
[2025-12-24T09:26:46.784+0000] {logging_mixin.py:190} INFO - [2025-12-24T09:26:46.783+0000] {dag.py:3239} INFO - Sync 1 DAGs
[2025-12-24T09:26:46.806+0000] {logging_mixin.py:190} INFO - [2025-12-24T09:26:46.805+0000] {dag.py:4180} INFO - Setting next_dagrun for example_display_name to None, run_after=None
[2025-12-24T09:26:46.838+0000] {processor.py:208} INFO - Processing /home/airflow/.local/lib/python3.11/site-packages/airflow/example_dags/example_display_name.py took 0.126 seconds
[2025-12-24T09:27:44.352+0000] {processor.py:186} INFO - Started process (PID=906) to work on /home/airflow/.local/lib/python3.11/site-packages/airflow/example_dags/example_display_name.py
[2025-12-24T09:27:44.359+0000] {processor.py:914} INFO - Processing file /home/airflow/.local/lib/python3.11/site-packages/airflow/example_dags/example_display_name.py for tasks to queue
[2025-12-24T09:27:44.369+0000] {logging_mixin.py:190} INFO - [2025-12-24T09:27:44.368+0000] {dagbag.py:588} INFO - Filling up the DagBag from /home/airflow/.local/lib/python3.11/site-packages/airflow/example_dags/example_display_name.py
[2025-12-24T09:27:44.406+0000] {processor.py:925} INFO - DAG(s) 'example_display_name' retrieved from /home/airflow/.local/lib/python3.11/site-packages/airflow/example_dags/example_display_name.py
[2025-12-24T09:27:44.485+0000] {logging_mixin.py:190} INFO - [2025-12-24T09:27:44.484+0000] {dag.py:3239} INFO - Sync 1 DAGs
[2025-12-24T09:27:44.515+0000] {logging_mixin.py:190} INFO - [2025-12-24T09:27:44.515+0000] {dag.py:4180} INFO - Setting next_dagrun for example_display_name to None, run_after=None
[2025-12-24T09:27:44.554+0000] {processor.py:208} INFO - Processing /home/airflow/.local/lib/python3.11/site-packages/airflow/example_dags/example_display_name.py took 0.227 seconds
[2025-12-24T09:27:51.530+0000] {processor.py:186} INFO - Started process (PID=972) to work on /home/airflow/.local/lib/python3.11/site-packages/airflow/example_dags/example_display_name.py
[2025-12-24T09:27:51.532+0000] {processor.py:914} INFO - Processing file /home/airflow/.local/lib/python3.11/site-packages/airflow/example_dags/example_display_name.py for tasks to queue
[2025-12-24T09:27:51.538+0000] {logging_mixin.py:190} INFO - [2025-12-24T09:27:51.537+0000] {dagbag.py:588} INFO - Filling up the DagBag from /home/airflow/.local/lib/python3.11/site-packages/airflow/example_dags/example_display_name.py
[2025-12-24T09:27:51.554+0000] {processor.py:925} INFO - DAG(s) 'example_display_name' retrieved from /home/airflow/.local/lib/python3.11/site-packages/airflow/example_dags/example_display_name.py
[2025-12-24T09:27:51.605+0000] {logging_mixin.py:190} INFO - [2025-12-24T09:27:51.604+0000] {dag.py:3239} INFO - Sync 1 DAGs
[2025-12-24T09:27:51.631+0000] {logging_mixin.py:190} INFO - [2025-12-24T09:27:51.631+0000] {dag.py:4180} INFO - Setting next_dagrun for example_display_name to None, run_after=None
[2025-12-24T09:27:51.669+0000] {processor.py:208} INFO - Processing /home/airflow/.local/lib/python3.11/site-packages/airflow/example_dags/example_display_name.py took 0.153 seconds
[2025-12-24T09:28:01.494+0000] {processor.py:186} INFO - Started process (PID=1038) to work on /home/airflow/.local/lib/python3.11/site-packages/airflow/example_dags/example_display_name.py
[2025-12-24T09:28:01.495+0000] {processor.py:914} INFO - Processing file /home/airflow/.local/lib/python3.11/site-packages/airflow/example_dags/example_display_name.py for tasks to queue
[2025-12-24T09:28:01.500+0000] {logging_mixin.py:190} INFO - [2025-12-24T09:28:01.499+0000] {dagbag.py:588} INFO - Filling up the DagBag from /home/airflow/.local/lib/python3.11/site-packages/airflow/example_dags/example_display_name.py
[2025-12-24T09:28:01.522+0000] {processor.py:925} INFO - DAG(s) 'example_display_name' retrieved from /home/airflow/.local/lib/python3.11/site-packages/airflow/example_dags/example_display_name.py
[2025-12-24T09:28:01.555+0000] {logging_mixin.py:190} INFO - [2025-12-24T09:28:01.554+0000] {dag.py:3239} INFO - Sync 1 DAGs
[2025-12-24T09:28:01.579+0000] {logging_mixin.py:190} INFO - [2025-12-24T09:28:01.578+0000] {dag.py:4180} INFO - Setting next_dagrun for example_display_name to None, run_after=None
[2025-12-24T09:28:01.620+0000] {processor.py:208} INFO - Processing /home/airflow/.local/lib/python3.11/site-packages/airflow/example_dags/example_display_name.py took 0.136 seconds
[2025-12-24T09:28:15.995+0000] {processor.py:186} INFO - Started process (PID=1097) to work on /home/airflow/.local/lib/python3.11/site-packages/airflow/example_dags/example_display_name.py
[2025-12-24T09:28:15.997+0000] {processor.py:914} INFO - Processing file /home/airflow/.local/lib/python3.11/site-packages/airflow/example_dags/example_display_name.py for tasks to queue
[2025-12-24T09:28:16.000+0000] {logging_mixin.py:190} INFO - [2025-12-24T09:28:16.000+0000] {dagbag.py:588} INFO - Filling up the DagBag from /home/airflow/.local/lib/python3.11/site-packages/airflow/example_dags/example_display_name.py
[2025-12-24T09:28:16.012+0000] {processor.py:925} INFO - DAG(s) 'example_display_name' retrieved from /home/airflow/.local/lib/python3.11/site-packages/airflow/example_dags/example_display_name.py
[2025-12-24T09:28:16.044+0000] {logging_mixin.py:190} INFO - [2025-12-24T09:28:16.044+0000] {dag.py:3239} INFO - Sync 1 DAGs
[2025-12-24T09:28:16.064+0000] {logging_mixin.py:190} INFO - [2025-12-24T09:28:16.064+0000] {dag.py:4180} INFO - Setting next_dagrun for example_display_name to None, run_after=None
[2025-12-24T09:28:16.132+0000] {processor.py:208} INFO - Processing /home/airflow/.local/lib/python3.11/site-packages/airflow/example_dags/example_display_name.py took 0.145 seconds
[2025-12-24T09:29:13.961+0000] {processor.py:186} INFO - Started process (PID=1156) to work on /home/airflow/.local/lib/python3.11/site-packages/airflow/example_dags/example_display_name.py
[2025-12-24T09:29:13.991+0000] {processor.py:914} INFO - Processing file /home/airflow/.local/lib/python3.11/site-packages/airflow/example_dags/example_display_name.py for tasks to queue
[2025-12-24T09:29:13.998+0000] {logging_mixin.py:190} INFO - [2025-12-24T09:29:13.996+0000] {dagbag.py:588} INFO - Filling up the DagBag from /home/airflow/.local/lib/python3.11/site-packages/airflow/example_dags/example_display_name.py
[2025-12-24T09:29:14.016+0000] {processor.py:925} INFO - DAG(s) 'example_display_name' retrieved from /home/airflow/.local/lib/python3.11/site-packages/airflow/example_dags/example_display_name.py
[2025-12-24T09:29:14.056+0000] {logging_mixin.py:190} INFO - [2025-12-24T09:29:14.055+0000] {dag.py:3239} INFO - Sync 1 DAGs
[2025-12-24T09:29:14.092+0000] {logging_mixin.py:190} INFO - [2025-12-24T09:29:14.091+0000] {dag.py:4180} INFO - Setting next_dagrun for example_display_name to None, run_after=None
[2025-12-24T09:29:14.138+0000] {processor.py:208} INFO - Processing /home/airflow/.local/lib/python3.11/site-packages/airflow/example_dags/example_display_name.py took 0.200 seconds
