[2025-12-24T09:02:51.851+0000] {processor.py:186} INFO - Started process (PID=78) to work on /home/airflow/.local/lib/python3.11/site-packages/airflow/example_dags/example_python_operator.py
[2025-12-24T09:02:51.854+0000] {processor.py:914} INFO - Processing file /home/airflow/.local/lib/python3.11/site-packages/airflow/example_dags/example_python_operator.py for tasks to queue
[2025-12-24T09:02:51.859+0000] {logging_mixin.py:190} INFO - [2025-12-24T09:02:51.858+0000] {dagbag.py:588} INFO - Filling up the DagBag from /home/airflow/.local/lib/python3.11/site-packages/airflow/example_dags/example_python_operator.py
[2025-12-24T09:02:51.898+0000] {processor.py:925} INFO - DAG(s) 'example_python_operator' retrieved from /home/airflow/.local/lib/python3.11/site-packages/airflow/example_dags/example_python_operator.py
[2025-12-24T09:02:52.091+0000] {logging_mixin.py:190} INFO - [2025-12-24T09:02:52.090+0000] {override.py:1911} INFO - Created Permission View: can edit on DAG:example_python_operator
[2025-12-24T09:02:52.109+0000] {logging_mixin.py:190} INFO - [2025-12-24T09:02:52.109+0000] {override.py:1911} INFO - Created Permission View: can read on DAG:example_python_operator
[2025-12-24T09:02:52.123+0000] {logging_mixin.py:190} INFO - [2025-12-24T09:02:52.122+0000] {override.py:1911} INFO - Created Permission View: can delete on DAG:example_python_operator
[2025-12-24T09:02:52.142+0000] {logging_mixin.py:190} INFO - [2025-12-24T09:02:52.141+0000] {override.py:1911} INFO - Created Permission View: can read on DAG Run:example_python_operator
[2025-12-24T09:02:52.156+0000] {logging_mixin.py:190} INFO - [2025-12-24T09:02:52.156+0000] {override.py:1911} INFO - Created Permission View: can create on DAG Run:example_python_operator
[2025-12-24T09:02:52.171+0000] {logging_mixin.py:190} INFO - [2025-12-24T09:02:52.170+0000] {override.py:1911} INFO - Created Permission View: can delete on DAG Run:example_python_operator
[2025-12-24T09:02:52.184+0000] {logging_mixin.py:190} INFO - [2025-12-24T09:02:52.183+0000] {override.py:1911} INFO - Created Permission View: menu access on DAG Run:example_python_operator
[2025-12-24T09:02:52.185+0000] {logging_mixin.py:190} INFO - [2025-12-24T09:02:52.185+0000] {dag.py:3239} INFO - Sync 1 DAGs
[2025-12-24T09:02:52.202+0000] {logging_mixin.py:190} INFO - [2025-12-24T09:02:52.202+0000] {dag.py:3262} INFO - Creating ORM DAG for example_python_operator
[2025-12-24T09:02:52.203+0000] {logging_mixin.py:190} INFO - [2025-12-24T09:02:52.203+0000] {dag.py:4180} INFO - Setting next_dagrun for example_python_operator to None, run_after=None
[2025-12-24T09:02:52.229+0000] {processor.py:208} INFO - Processing /home/airflow/.local/lib/python3.11/site-packages/airflow/example_dags/example_python_operator.py took 0.390 seconds
[2025-12-24T09:03:11.084+0000] {processor.py:186} INFO - Started process (PID=138) to work on /home/airflow/.local/lib/python3.11/site-packages/airflow/example_dags/example_python_operator.py
[2025-12-24T09:03:11.087+0000] {processor.py:914} INFO - Processing file /home/airflow/.local/lib/python3.11/site-packages/airflow/example_dags/example_python_operator.py for tasks to queue
[2025-12-24T09:03:11.094+0000] {logging_mixin.py:190} INFO - [2025-12-24T09:03:11.094+0000] {dagbag.py:588} INFO - Filling up the DagBag from /home/airflow/.local/lib/python3.11/site-packages/airflow/example_dags/example_python_operator.py
[2025-12-24T09:03:11.130+0000] {processor.py:925} INFO - DAG(s) 'example_python_operator' retrieved from /home/airflow/.local/lib/python3.11/site-packages/airflow/example_dags/example_python_operator.py
[2025-12-24T09:03:11.169+0000] {logging_mixin.py:190} INFO - [2025-12-24T09:03:11.168+0000] {dag.py:3239} INFO - Sync 1 DAGs
[2025-12-24T09:03:11.204+0000] {logging_mixin.py:190} INFO - [2025-12-24T09:03:11.204+0000] {dag.py:4180} INFO - Setting next_dagrun for example_python_operator to None, run_after=None
[2025-12-24T09:03:11.254+0000] {processor.py:208} INFO - Processing /home/airflow/.local/lib/python3.11/site-packages/airflow/example_dags/example_python_operator.py took 0.190 seconds
[2025-12-24T09:04:14.050+0000] {processor.py:186} INFO - Started process (PID=202) to work on /home/airflow/.local/lib/python3.11/site-packages/airflow/example_dags/example_python_operator.py
[2025-12-24T09:04:14.051+0000] {processor.py:914} INFO - Processing file /home/airflow/.local/lib/python3.11/site-packages/airflow/example_dags/example_python_operator.py for tasks to queue
[2025-12-24T09:04:14.056+0000] {logging_mixin.py:190} INFO - [2025-12-24T09:04:14.055+0000] {dagbag.py:588} INFO - Filling up the DagBag from /home/airflow/.local/lib/python3.11/site-packages/airflow/example_dags/example_python_operator.py
[2025-12-24T09:04:14.081+0000] {processor.py:925} INFO - DAG(s) 'example_python_operator' retrieved from /home/airflow/.local/lib/python3.11/site-packages/airflow/example_dags/example_python_operator.py
[2025-12-24T09:04:14.122+0000] {logging_mixin.py:190} INFO - [2025-12-24T09:04:14.121+0000] {dag.py:3239} INFO - Sync 1 DAGs
[2025-12-24T09:04:14.145+0000] {logging_mixin.py:190} INFO - [2025-12-24T09:04:14.144+0000] {dag.py:4180} INFO - Setting next_dagrun for example_python_operator to None, run_after=None
[2025-12-24T09:04:14.187+0000] {processor.py:208} INFO - Processing /home/airflow/.local/lib/python3.11/site-packages/airflow/example_dags/example_python_operator.py took 0.149 seconds
[2025-12-24T09:04:11.658+0000] {processor.py:186} INFO - Started process (PID=268) to work on /home/airflow/.local/lib/python3.11/site-packages/airflow/example_dags/example_python_operator.py
[2025-12-24T09:04:11.660+0000] {processor.py:914} INFO - Processing file /home/airflow/.local/lib/python3.11/site-packages/airflow/example_dags/example_python_operator.py for tasks to queue
[2025-12-24T09:04:11.663+0000] {logging_mixin.py:190} INFO - [2025-12-24T09:04:11.663+0000] {dagbag.py:588} INFO - Filling up the DagBag from /home/airflow/.local/lib/python3.11/site-packages/airflow/example_dags/example_python_operator.py
[2025-12-24T09:04:11.687+0000] {processor.py:925} INFO - DAG(s) 'example_python_operator' retrieved from /home/airflow/.local/lib/python3.11/site-packages/airflow/example_dags/example_python_operator.py
[2025-12-24T09:04:11.725+0000] {logging_mixin.py:190} INFO - [2025-12-24T09:04:11.724+0000] {dag.py:3239} INFO - Sync 1 DAGs
[2025-12-24T09:04:11.748+0000] {logging_mixin.py:190} INFO - [2025-12-24T09:04:11.748+0000] {dag.py:4180} INFO - Setting next_dagrun for example_python_operator to None, run_after=None
[2025-12-24T09:04:11.773+0000] {processor.py:208} INFO - Processing /home/airflow/.local/lib/python3.11/site-packages/airflow/example_dags/example_python_operator.py took 0.127 seconds
[2025-12-24T09:04:41.797+0000] {processor.py:186} INFO - Started process (PID=330) to work on /home/airflow/.local/lib/python3.11/site-packages/airflow/example_dags/example_python_operator.py
[2025-12-24T09:04:41.799+0000] {processor.py:914} INFO - Processing file /home/airflow/.local/lib/python3.11/site-packages/airflow/example_dags/example_python_operator.py for tasks to queue
[2025-12-24T09:04:41.803+0000] {logging_mixin.py:190} INFO - [2025-12-24T09:04:41.802+0000] {dagbag.py:588} INFO - Filling up the DagBag from /home/airflow/.local/lib/python3.11/site-packages/airflow/example_dags/example_python_operator.py
[2025-12-24T09:04:41.822+0000] {processor.py:925} INFO - DAG(s) 'example_python_operator' retrieved from /home/airflow/.local/lib/python3.11/site-packages/airflow/example_dags/example_python_operator.py
[2025-12-24T09:04:41.853+0000] {logging_mixin.py:190} INFO - [2025-12-24T09:04:41.852+0000] {dag.py:3239} INFO - Sync 1 DAGs
[2025-12-24T09:04:41.870+0000] {logging_mixin.py:190} INFO - [2025-12-24T09:04:41.870+0000] {dag.py:4180} INFO - Setting next_dagrun for example_python_operator to None, run_after=None
[2025-12-24T09:04:41.893+0000] {processor.py:208} INFO - Processing /home/airflow/.local/lib/python3.11/site-packages/airflow/example_dags/example_python_operator.py took 0.105 seconds
[2025-12-24T09:04:51.122+0000] {processor.py:186} INFO - Started process (PID=395) to work on /home/airflow/.local/lib/python3.11/site-packages/airflow/example_dags/example_python_operator.py
[2025-12-24T09:04:51.126+0000] {processor.py:914} INFO - Processing file /home/airflow/.local/lib/python3.11/site-packages/airflow/example_dags/example_python_operator.py for tasks to queue
[2025-12-24T09:04:51.134+0000] {logging_mixin.py:190} INFO - [2025-12-24T09:04:51.134+0000] {dagbag.py:588} INFO - Filling up the DagBag from /home/airflow/.local/lib/python3.11/site-packages/airflow/example_dags/example_python_operator.py
[2025-12-24T09:04:51.160+0000] {processor.py:925} INFO - DAG(s) 'example_python_operator' retrieved from /home/airflow/.local/lib/python3.11/site-packages/airflow/example_dags/example_python_operator.py
[2025-12-24T09:04:51.200+0000] {logging_mixin.py:190} INFO - [2025-12-24T09:04:51.200+0000] {dag.py:3239} INFO - Sync 1 DAGs
[2025-12-24T09:04:51.223+0000] {logging_mixin.py:190} INFO - [2025-12-24T09:04:51.223+0000] {dag.py:4180} INFO - Setting next_dagrun for example_python_operator to None, run_after=None
[2025-12-24T09:04:51.261+0000] {processor.py:208} INFO - Processing /home/airflow/.local/lib/python3.11/site-packages/airflow/example_dags/example_python_operator.py took 0.150 seconds
[2025-12-24T09:05:21.417+0000] {processor.py:186} INFO - Started process (PID=460) to work on /home/airflow/.local/lib/python3.11/site-packages/airflow/example_dags/example_python_operator.py
[2025-12-24T09:05:21.419+0000] {processor.py:914} INFO - Processing file /home/airflow/.local/lib/python3.11/site-packages/airflow/example_dags/example_python_operator.py for tasks to queue
[2025-12-24T09:05:21.422+0000] {logging_mixin.py:190} INFO - [2025-12-24T09:05:21.422+0000] {dagbag.py:588} INFO - Filling up the DagBag from /home/airflow/.local/lib/python3.11/site-packages/airflow/example_dags/example_python_operator.py
[2025-12-24T09:05:21.444+0000] {processor.py:925} INFO - DAG(s) 'example_python_operator' retrieved from /home/airflow/.local/lib/python3.11/site-packages/airflow/example_dags/example_python_operator.py
[2025-12-24T09:05:21.479+0000] {logging_mixin.py:190} INFO - [2025-12-24T09:05:21.478+0000] {dag.py:3239} INFO - Sync 1 DAGs
[2025-12-24T09:05:21.499+0000] {logging_mixin.py:190} INFO - [2025-12-24T09:05:21.499+0000] {dag.py:4180} INFO - Setting next_dagrun for example_python_operator to None, run_after=None
[2025-12-24T09:05:21.524+0000] {processor.py:208} INFO - Processing /home/airflow/.local/lib/python3.11/site-packages/airflow/example_dags/example_python_operator.py took 0.116 seconds
[2025-12-24T09:05:26.058+0000] {processor.py:186} INFO - Started process (PID=496) to work on /home/airflow/.local/lib/python3.11/site-packages/airflow/example_dags/example_python_operator.py
[2025-12-24T09:05:26.060+0000] {processor.py:914} INFO - Processing file /home/airflow/.local/lib/python3.11/site-packages/airflow/example_dags/example_python_operator.py for tasks to queue
[2025-12-24T09:05:26.064+0000] {logging_mixin.py:190} INFO - [2025-12-24T09:05:26.064+0000] {dagbag.py:588} INFO - Filling up the DagBag from /home/airflow/.local/lib/python3.11/site-packages/airflow/example_dags/example_python_operator.py
[2025-12-24T09:05:26.091+0000] {processor.py:925} INFO - DAG(s) 'example_python_operator' retrieved from /home/airflow/.local/lib/python3.11/site-packages/airflow/example_dags/example_python_operator.py
[2025-12-24T09:05:26.120+0000] {logging_mixin.py:190} INFO - [2025-12-24T09:05:26.120+0000] {dag.py:3239} INFO - Sync 1 DAGs
[2025-12-24T09:05:26.137+0000] {logging_mixin.py:190} INFO - [2025-12-24T09:05:26.136+0000] {dag.py:4180} INFO - Setting next_dagrun for example_python_operator to None, run_after=None
[2025-12-24T09:05:26.160+0000] {processor.py:208} INFO - Processing /home/airflow/.local/lib/python3.11/site-packages/airflow/example_dags/example_python_operator.py took 0.112 seconds
[2025-12-24T09:05:36.021+0000] {processor.py:186} INFO - Started process (PID=551) to work on /home/airflow/.local/lib/python3.11/site-packages/airflow/example_dags/example_python_operator.py
[2025-12-24T09:05:36.023+0000] {processor.py:914} INFO - Processing file /home/airflow/.local/lib/python3.11/site-packages/airflow/example_dags/example_python_operator.py for tasks to queue
[2025-12-24T09:05:36.028+0000] {logging_mixin.py:190} INFO - [2025-12-24T09:05:36.028+0000] {dagbag.py:588} INFO - Filling up the DagBag from /home/airflow/.local/lib/python3.11/site-packages/airflow/example_dags/example_python_operator.py
[2025-12-24T09:05:36.067+0000] {processor.py:925} INFO - DAG(s) 'example_python_operator' retrieved from /home/airflow/.local/lib/python3.11/site-packages/airflow/example_dags/example_python_operator.py
[2025-12-24T09:05:36.115+0000] {logging_mixin.py:190} INFO - [2025-12-24T09:05:36.114+0000] {dag.py:3239} INFO - Sync 1 DAGs
[2025-12-24T09:05:36.143+0000] {logging_mixin.py:190} INFO - [2025-12-24T09:05:36.143+0000] {dag.py:4180} INFO - Setting next_dagrun for example_python_operator to None, run_after=None
[2025-12-24T09:05:36.194+0000] {processor.py:208} INFO - Processing /home/airflow/.local/lib/python3.11/site-packages/airflow/example_dags/example_python_operator.py took 0.186 seconds
[2025-12-24T09:06:39.305+0000] {processor.py:186} INFO - Started process (PID=613) to work on /home/airflow/.local/lib/python3.11/site-packages/airflow/example_dags/example_python_operator.py
[2025-12-24T09:06:39.307+0000] {processor.py:914} INFO - Processing file /home/airflow/.local/lib/python3.11/site-packages/airflow/example_dags/example_python_operator.py for tasks to queue
[2025-12-24T09:06:39.312+0000] {logging_mixin.py:190} INFO - [2025-12-24T09:06:39.312+0000] {dagbag.py:588} INFO - Filling up the DagBag from /home/airflow/.local/lib/python3.11/site-packages/airflow/example_dags/example_python_operator.py
[2025-12-24T09:06:39.331+0000] {processor.py:925} INFO - DAG(s) 'example_python_operator' retrieved from /home/airflow/.local/lib/python3.11/site-packages/airflow/example_dags/example_python_operator.py
[2025-12-24T09:06:39.376+0000] {logging_mixin.py:190} INFO - [2025-12-24T09:06:39.376+0000] {dag.py:3239} INFO - Sync 1 DAGs
[2025-12-24T09:06:39.395+0000] {logging_mixin.py:190} INFO - [2025-12-24T09:06:39.394+0000] {dag.py:4180} INFO - Setting next_dagrun for example_python_operator to None, run_after=None
[2025-12-24T09:06:39.420+0000] {processor.py:208} INFO - Processing /home/airflow/.local/lib/python3.11/site-packages/airflow/example_dags/example_python_operator.py took 0.129 seconds
[2025-12-24T09:06:41.795+0000] {processor.py:186} INFO - Started process (PID=679) to work on /home/airflow/.local/lib/python3.11/site-packages/airflow/example_dags/example_python_operator.py
[2025-12-24T09:06:41.797+0000] {processor.py:914} INFO - Processing file /home/airflow/.local/lib/python3.11/site-packages/airflow/example_dags/example_python_operator.py for tasks to queue
[2025-12-24T09:06:41.801+0000] {logging_mixin.py:190} INFO - [2025-12-24T09:06:41.800+0000] {dagbag.py:588} INFO - Filling up the DagBag from /home/airflow/.local/lib/python3.11/site-packages/airflow/example_dags/example_python_operator.py
[2025-12-24T09:06:41.825+0000] {processor.py:925} INFO - DAG(s) 'example_python_operator' retrieved from /home/airflow/.local/lib/python3.11/site-packages/airflow/example_dags/example_python_operator.py
[2025-12-24T09:06:41.860+0000] {logging_mixin.py:190} INFO - [2025-12-24T09:06:41.859+0000] {dag.py:3239} INFO - Sync 1 DAGs
[2025-12-24T09:06:41.878+0000] {logging_mixin.py:190} INFO - [2025-12-24T09:06:41.878+0000] {dag.py:4180} INFO - Setting next_dagrun for example_python_operator to None, run_after=None
[2025-12-24T09:06:41.910+0000] {processor.py:208} INFO - Processing /home/airflow/.local/lib/python3.11/site-packages/airflow/example_dags/example_python_operator.py took 0.126 seconds
[2025-12-24T09:07:53.683+0000] {processor.py:186} INFO - Started process (PID=745) to work on /home/airflow/.local/lib/python3.11/site-packages/airflow/example_dags/example_python_operator.py
[2025-12-24T09:07:53.685+0000] {processor.py:914} INFO - Processing file /home/airflow/.local/lib/python3.11/site-packages/airflow/example_dags/example_python_operator.py for tasks to queue
[2025-12-24T09:07:53.690+0000] {logging_mixin.py:190} INFO - [2025-12-24T09:07:53.690+0000] {dagbag.py:588} INFO - Filling up the DagBag from /home/airflow/.local/lib/python3.11/site-packages/airflow/example_dags/example_python_operator.py
[2025-12-24T09:07:53.714+0000] {processor.py:925} INFO - DAG(s) 'example_python_operator' retrieved from /home/airflow/.local/lib/python3.11/site-packages/airflow/example_dags/example_python_operator.py
[2025-12-24T09:07:53.757+0000] {logging_mixin.py:190} INFO - [2025-12-24T09:07:53.756+0000] {dag.py:3239} INFO - Sync 1 DAGs
[2025-12-24T09:07:53.779+0000] {logging_mixin.py:190} INFO - [2025-12-24T09:07:53.779+0000] {dag.py:4180} INFO - Setting next_dagrun for example_python_operator to None, run_after=None
[2025-12-24T09:07:53.833+0000] {processor.py:208} INFO - Processing /home/airflow/.local/lib/python3.11/site-packages/airflow/example_dags/example_python_operator.py took 0.163 seconds
[2025-12-24T09:08:38.865+0000] {processor.py:186} INFO - Started process (PID=983) to work on /home/airflow/.local/lib/python3.11/site-packages/airflow/example_dags/example_python_operator.py
[2025-12-24T09:08:38.867+0000] {processor.py:914} INFO - Processing file /home/airflow/.local/lib/python3.11/site-packages/airflow/example_dags/example_python_operator.py for tasks to queue
[2025-12-24T09:08:38.871+0000] {logging_mixin.py:190} INFO - [2025-12-24T09:08:38.870+0000] {dagbag.py:588} INFO - Filling up the DagBag from /home/airflow/.local/lib/python3.11/site-packages/airflow/example_dags/example_python_operator.py
[2025-12-24T09:08:38.896+0000] {processor.py:925} INFO - DAG(s) 'example_python_operator' retrieved from /home/airflow/.local/lib/python3.11/site-packages/airflow/example_dags/example_python_operator.py
[2025-12-24T09:08:38.929+0000] {logging_mixin.py:190} INFO - [2025-12-24T09:08:38.929+0000] {dag.py:3239} INFO - Sync 1 DAGs
[2025-12-24T09:08:38.952+0000] {logging_mixin.py:190} INFO - [2025-12-24T09:08:38.952+0000] {dag.py:4180} INFO - Setting next_dagrun for example_python_operator to None, run_after=None
[2025-12-24T09:08:39.002+0000] {processor.py:208} INFO - Processing /home/airflow/.local/lib/python3.11/site-packages/airflow/example_dags/example_python_operator.py took 0.147 seconds
[2025-12-24T09:09:18.877+0000] {processor.py:186} INFO - Started process (PID=1049) to work on /home/airflow/.local/lib/python3.11/site-packages/airflow/example_dags/example_python_operator.py
[2025-12-24T09:09:18.879+0000] {processor.py:914} INFO - Processing file /home/airflow/.local/lib/python3.11/site-packages/airflow/example_dags/example_python_operator.py for tasks to queue
[2025-12-24T09:09:18.882+0000] {logging_mixin.py:190} INFO - [2025-12-24T09:09:18.882+0000] {dagbag.py:588} INFO - Filling up the DagBag from /home/airflow/.local/lib/python3.11/site-packages/airflow/example_dags/example_python_operator.py
[2025-12-24T09:09:18.899+0000] {processor.py:925} INFO - DAG(s) 'example_python_operator' retrieved from /home/airflow/.local/lib/python3.11/site-packages/airflow/example_dags/example_python_operator.py
[2025-12-24T09:09:18.929+0000] {logging_mixin.py:190} INFO - [2025-12-24T09:09:18.929+0000] {dag.py:3239} INFO - Sync 1 DAGs
[2025-12-24T09:09:18.946+0000] {logging_mixin.py:190} INFO - [2025-12-24T09:09:18.946+0000] {dag.py:4180} INFO - Setting next_dagrun for example_python_operator to None, run_after=None
[2025-12-24T09:09:18.972+0000] {processor.py:208} INFO - Processing /home/airflow/.local/lib/python3.11/site-packages/airflow/example_dags/example_python_operator.py took 0.104 seconds
[2025-12-24T09:09:16.438+0000] {processor.py:186} INFO - Started process (PID=1128) to work on /home/airflow/.local/lib/python3.11/site-packages/airflow/example_dags/example_python_operator.py
[2025-12-24T09:09:16.440+0000] {processor.py:914} INFO - Processing file /home/airflow/.local/lib/python3.11/site-packages/airflow/example_dags/example_python_operator.py for tasks to queue
[2025-12-24T09:09:16.444+0000] {logging_mixin.py:190} INFO - [2025-12-24T09:09:16.443+0000] {dagbag.py:588} INFO - Filling up the DagBag from /home/airflow/.local/lib/python3.11/site-packages/airflow/example_dags/example_python_operator.py
[2025-12-24T09:09:16.462+0000] {processor.py:925} INFO - DAG(s) 'example_python_operator' retrieved from /home/airflow/.local/lib/python3.11/site-packages/airflow/example_dags/example_python_operator.py
[2025-12-24T09:09:16.512+0000] {logging_mixin.py:190} INFO - [2025-12-24T09:09:16.511+0000] {dag.py:3239} INFO - Sync 1 DAGs
[2025-12-24T09:09:16.531+0000] {logging_mixin.py:190} INFO - [2025-12-24T09:09:16.531+0000] {dag.py:4180} INFO - Setting next_dagrun for example_python_operator to None, run_after=None
[2025-12-24T09:09:16.561+0000] {processor.py:208} INFO - Processing /home/airflow/.local/lib/python3.11/site-packages/airflow/example_dags/example_python_operator.py took 0.133 seconds
[2025-12-24T09:10:24.055+0000] {processor.py:186} INFO - Started process (PID=1188) to work on /home/airflow/.local/lib/python3.11/site-packages/airflow/example_dags/example_python_operator.py
[2025-12-24T09:10:24.057+0000] {processor.py:914} INFO - Processing file /home/airflow/.local/lib/python3.11/site-packages/airflow/example_dags/example_python_operator.py for tasks to queue
[2025-12-24T09:10:24.061+0000] {logging_mixin.py:190} INFO - [2025-12-24T09:10:24.060+0000] {dagbag.py:588} INFO - Filling up the DagBag from /home/airflow/.local/lib/python3.11/site-packages/airflow/example_dags/example_python_operator.py
[2025-12-24T09:10:24.078+0000] {processor.py:925} INFO - DAG(s) 'example_python_operator' retrieved from /home/airflow/.local/lib/python3.11/site-packages/airflow/example_dags/example_python_operator.py
[2025-12-24T09:10:24.109+0000] {logging_mixin.py:190} INFO - [2025-12-24T09:10:24.109+0000] {dag.py:3239} INFO - Sync 1 DAGs
[2025-12-24T09:10:24.125+0000] {logging_mixin.py:190} INFO - [2025-12-24T09:10:24.125+0000] {dag.py:4180} INFO - Setting next_dagrun for example_python_operator to None, run_after=None
[2025-12-24T09:10:24.149+0000] {processor.py:208} INFO - Processing /home/airflow/.local/lib/python3.11/site-packages/airflow/example_dags/example_python_operator.py took 0.103 seconds
[2025-12-24T09:10:16.663+0000] {processor.py:186} INFO - Started process (PID=1260) to work on /home/airflow/.local/lib/python3.11/site-packages/airflow/example_dags/example_python_operator.py
[2025-12-24T09:10:16.665+0000] {processor.py:914} INFO - Processing file /home/airflow/.local/lib/python3.11/site-packages/airflow/example_dags/example_python_operator.py for tasks to queue
[2025-12-24T09:10:16.669+0000] {logging_mixin.py:190} INFO - [2025-12-24T09:10:16.669+0000] {dagbag.py:588} INFO - Filling up the DagBag from /home/airflow/.local/lib/python3.11/site-packages/airflow/example_dags/example_python_operator.py
[2025-12-24T09:10:16.705+0000] {processor.py:925} INFO - DAG(s) 'example_python_operator' retrieved from /home/airflow/.local/lib/python3.11/site-packages/airflow/example_dags/example_python_operator.py
[2025-12-24T09:10:16.748+0000] {logging_mixin.py:190} INFO - [2025-12-24T09:10:16.747+0000] {dag.py:3239} INFO - Sync 1 DAGs
[2025-12-24T09:10:16.770+0000] {logging_mixin.py:190} INFO - [2025-12-24T09:10:16.770+0000] {dag.py:4180} INFO - Setting next_dagrun for example_python_operator to None, run_after=None
[2025-12-24T09:10:16.801+0000] {processor.py:208} INFO - Processing /home/airflow/.local/lib/python3.11/site-packages/airflow/example_dags/example_python_operator.py took 0.151 seconds
[2025-12-24T09:10:46.447+0000] {processor.py:186} INFO - Started process (PID=1309) to work on /home/airflow/.local/lib/python3.11/site-packages/airflow/example_dags/example_python_operator.py
[2025-12-24T09:10:46.448+0000] {processor.py:914} INFO - Processing file /home/airflow/.local/lib/python3.11/site-packages/airflow/example_dags/example_python_operator.py for tasks to queue
[2025-12-24T09:10:46.452+0000] {logging_mixin.py:190} INFO - [2025-12-24T09:10:46.451+0000] {dagbag.py:588} INFO - Filling up the DagBag from /home/airflow/.local/lib/python3.11/site-packages/airflow/example_dags/example_python_operator.py
[2025-12-24T09:10:46.470+0000] {processor.py:925} INFO - DAG(s) 'example_python_operator' retrieved from /home/airflow/.local/lib/python3.11/site-packages/airflow/example_dags/example_python_operator.py
[2025-12-24T09:10:46.503+0000] {logging_mixin.py:190} INFO - [2025-12-24T09:10:46.502+0000] {dag.py:3239} INFO - Sync 1 DAGs
[2025-12-24T09:10:46.522+0000] {logging_mixin.py:190} INFO - [2025-12-24T09:10:46.521+0000] {dag.py:4180} INFO - Setting next_dagrun for example_python_operator to None, run_after=None
[2025-12-24T09:10:46.584+0000] {processor.py:208} INFO - Processing /home/airflow/.local/lib/python3.11/site-packages/airflow/example_dags/example_python_operator.py took 0.146 seconds
[2025-12-24T09:10:56.460+0000] {processor.py:186} INFO - Started process (PID=1366) to work on /home/airflow/.local/lib/python3.11/site-packages/airflow/example_dags/example_python_operator.py
[2025-12-24T09:10:56.462+0000] {processor.py:914} INFO - Processing file /home/airflow/.local/lib/python3.11/site-packages/airflow/example_dags/example_python_operator.py for tasks to queue
[2025-12-24T09:10:56.466+0000] {logging_mixin.py:190} INFO - [2025-12-24T09:10:56.465+0000] {dagbag.py:588} INFO - Filling up the DagBag from /home/airflow/.local/lib/python3.11/site-packages/airflow/example_dags/example_python_operator.py
[2025-12-24T09:10:56.487+0000] {processor.py:925} INFO - DAG(s) 'example_python_operator' retrieved from /home/airflow/.local/lib/python3.11/site-packages/airflow/example_dags/example_python_operator.py
[2025-12-24T09:10:56.519+0000] {logging_mixin.py:190} INFO - [2025-12-24T09:10:56.518+0000] {dag.py:3239} INFO - Sync 1 DAGs
[2025-12-24T09:10:56.540+0000] {logging_mixin.py:190} INFO - [2025-12-24T09:10:56.540+0000] {dag.py:4180} INFO - Setting next_dagrun for example_python_operator to None, run_after=None
[2025-12-24T09:10:56.579+0000] {processor.py:208} INFO - Processing /home/airflow/.local/lib/python3.11/site-packages/airflow/example_dags/example_python_operator.py took 0.136 seconds
[2025-12-24T09:11:27.346+0000] {processor.py:186} INFO - Started process (PID=1429) to work on /home/airflow/.local/lib/python3.11/site-packages/airflow/example_dags/example_python_operator.py
[2025-12-24T09:11:27.348+0000] {processor.py:914} INFO - Processing file /home/airflow/.local/lib/python3.11/site-packages/airflow/example_dags/example_python_operator.py for tasks to queue
[2025-12-24T09:11:27.354+0000] {logging_mixin.py:190} INFO - [2025-12-24T09:11:27.353+0000] {dagbag.py:588} INFO - Filling up the DagBag from /home/airflow/.local/lib/python3.11/site-packages/airflow/example_dags/example_python_operator.py
[2025-12-24T09:11:27.393+0000] {processor.py:925} INFO - DAG(s) 'example_python_operator' retrieved from /home/airflow/.local/lib/python3.11/site-packages/airflow/example_dags/example_python_operator.py
[2025-12-24T09:11:27.438+0000] {logging_mixin.py:190} INFO - [2025-12-24T09:11:27.437+0000] {dag.py:3239} INFO - Sync 1 DAGs
[2025-12-24T09:11:27.469+0000] {logging_mixin.py:190} INFO - [2025-12-24T09:11:27.468+0000] {dag.py:4180} INFO - Setting next_dagrun for example_python_operator to None, run_after=None
[2025-12-24T09:11:27.513+0000] {processor.py:208} INFO - Processing /home/airflow/.local/lib/python3.11/site-packages/airflow/example_dags/example_python_operator.py took 0.179 seconds
[2025-12-24T09:12:29.686+0000] {processor.py:186} INFO - Started process (PID=1492) to work on /home/airflow/.local/lib/python3.11/site-packages/airflow/example_dags/example_python_operator.py
[2025-12-24T09:12:29.688+0000] {processor.py:914} INFO - Processing file /home/airflow/.local/lib/python3.11/site-packages/airflow/example_dags/example_python_operator.py for tasks to queue
[2025-12-24T09:12:29.692+0000] {logging_mixin.py:190} INFO - [2025-12-24T09:12:29.691+0000] {dagbag.py:588} INFO - Filling up the DagBag from /home/airflow/.local/lib/python3.11/site-packages/airflow/example_dags/example_python_operator.py
[2025-12-24T09:12:29.712+0000] {processor.py:925} INFO - DAG(s) 'example_python_operator' retrieved from /home/airflow/.local/lib/python3.11/site-packages/airflow/example_dags/example_python_operator.py
[2025-12-24T09:12:29.744+0000] {logging_mixin.py:190} INFO - [2025-12-24T09:12:29.743+0000] {dag.py:3239} INFO - Sync 1 DAGs
[2025-12-24T09:12:29.761+0000] {logging_mixin.py:190} INFO - [2025-12-24T09:12:29.761+0000] {dag.py:4180} INFO - Setting next_dagrun for example_python_operator to None, run_after=None
[2025-12-24T09:12:29.792+0000] {processor.py:208} INFO - Processing /home/airflow/.local/lib/python3.11/site-packages/airflow/example_dags/example_python_operator.py took 0.116 seconds
[2025-12-24T09:12:41.753+0000] {processor.py:186} INFO - Started process (PID=1556) to work on /home/airflow/.local/lib/python3.11/site-packages/airflow/example_dags/example_python_operator.py
[2025-12-24T09:12:41.755+0000] {processor.py:914} INFO - Processing file /home/airflow/.local/lib/python3.11/site-packages/airflow/example_dags/example_python_operator.py for tasks to queue
[2025-12-24T09:12:41.759+0000] {logging_mixin.py:190} INFO - [2025-12-24T09:12:41.758+0000] {dagbag.py:588} INFO - Filling up the DagBag from /home/airflow/.local/lib/python3.11/site-packages/airflow/example_dags/example_python_operator.py
[2025-12-24T09:12:41.779+0000] {processor.py:925} INFO - DAG(s) 'example_python_operator' retrieved from /home/airflow/.local/lib/python3.11/site-packages/airflow/example_dags/example_python_operator.py
[2025-12-24T09:12:41.813+0000] {logging_mixin.py:190} INFO - [2025-12-24T09:12:41.812+0000] {dag.py:3239} INFO - Sync 1 DAGs
[2025-12-24T09:12:41.831+0000] {logging_mixin.py:190} INFO - [2025-12-24T09:12:41.831+0000] {dag.py:4180} INFO - Setting next_dagrun for example_python_operator to None, run_after=None
[2025-12-24T09:12:41.856+0000] {processor.py:208} INFO - Processing /home/airflow/.local/lib/python3.11/site-packages/airflow/example_dags/example_python_operator.py took 0.113 seconds
[2025-12-24T09:13:30.572+0000] {processor.py:186} INFO - Started process (PID=1623) to work on /home/airflow/.local/lib/python3.11/site-packages/airflow/example_dags/example_python_operator.py
[2025-12-24T09:13:30.573+0000] {processor.py:914} INFO - Processing file /home/airflow/.local/lib/python3.11/site-packages/airflow/example_dags/example_python_operator.py for tasks to queue
[2025-12-24T09:13:30.577+0000] {logging_mixin.py:190} INFO - [2025-12-24T09:13:30.576+0000] {dagbag.py:588} INFO - Filling up the DagBag from /home/airflow/.local/lib/python3.11/site-packages/airflow/example_dags/example_python_operator.py
[2025-12-24T09:13:30.595+0000] {processor.py:925} INFO - DAG(s) 'example_python_operator' retrieved from /home/airflow/.local/lib/python3.11/site-packages/airflow/example_dags/example_python_operator.py
[2025-12-24T09:13:30.626+0000] {logging_mixin.py:190} INFO - [2025-12-24T09:13:30.625+0000] {dag.py:3239} INFO - Sync 1 DAGs
[2025-12-24T09:13:30.642+0000] {logging_mixin.py:190} INFO - [2025-12-24T09:13:30.642+0000] {dag.py:4180} INFO - Setting next_dagrun for example_python_operator to None, run_after=None
[2025-12-24T09:13:30.664+0000] {processor.py:208} INFO - Processing /home/airflow/.local/lib/python3.11/site-packages/airflow/example_dags/example_python_operator.py took 0.101 seconds
[2025-12-24T09:14:24.084+0000] {processor.py:186} INFO - Started process (PID=1673) to work on /home/airflow/.local/lib/python3.11/site-packages/airflow/example_dags/example_python_operator.py
[2025-12-24T09:14:24.085+0000] {processor.py:914} INFO - Processing file /home/airflow/.local/lib/python3.11/site-packages/airflow/example_dags/example_python_operator.py for tasks to queue
[2025-12-24T09:14:24.090+0000] {logging_mixin.py:190} INFO - [2025-12-24T09:14:24.090+0000] {dagbag.py:588} INFO - Filling up the DagBag from /home/airflow/.local/lib/python3.11/site-packages/airflow/example_dags/example_python_operator.py
[2025-12-24T09:14:24.108+0000] {processor.py:925} INFO - DAG(s) 'example_python_operator' retrieved from /home/airflow/.local/lib/python3.11/site-packages/airflow/example_dags/example_python_operator.py
[2025-12-24T09:14:24.141+0000] {logging_mixin.py:190} INFO - [2025-12-24T09:14:24.140+0000] {dag.py:3239} INFO - Sync 1 DAGs
[2025-12-24T09:14:24.160+0000] {logging_mixin.py:190} INFO - [2025-12-24T09:14:24.160+0000] {dag.py:4180} INFO - Setting next_dagrun for example_python_operator to None, run_after=None
[2025-12-24T09:14:24.187+0000] {processor.py:208} INFO - Processing /home/airflow/.local/lib/python3.11/site-packages/airflow/example_dags/example_python_operator.py took 0.112 seconds
[2025-12-24T09:14:36.835+0000] {processor.py:186} INFO - Started process (PID=1745) to work on /home/airflow/.local/lib/python3.11/site-packages/airflow/example_dags/example_python_operator.py
[2025-12-24T09:14:36.836+0000] {processor.py:914} INFO - Processing file /home/airflow/.local/lib/python3.11/site-packages/airflow/example_dags/example_python_operator.py for tasks to queue
[2025-12-24T09:14:36.842+0000] {logging_mixin.py:190} INFO - [2025-12-24T09:14:36.841+0000] {dagbag.py:588} INFO - Filling up the DagBag from /home/airflow/.local/lib/python3.11/site-packages/airflow/example_dags/example_python_operator.py
[2025-12-24T09:14:36.861+0000] {processor.py:925} INFO - DAG(s) 'example_python_operator' retrieved from /home/airflow/.local/lib/python3.11/site-packages/airflow/example_dags/example_python_operator.py
[2025-12-24T09:14:36.899+0000] {logging_mixin.py:190} INFO - [2025-12-24T09:14:36.898+0000] {dag.py:3239} INFO - Sync 1 DAGs
[2025-12-24T09:14:36.918+0000] {logging_mixin.py:190} INFO - [2025-12-24T09:14:36.917+0000] {dag.py:4180} INFO - Setting next_dagrun for example_python_operator to None, run_after=None
[2025-12-24T09:14:36.944+0000] {processor.py:208} INFO - Processing /home/airflow/.local/lib/python3.11/site-packages/airflow/example_dags/example_python_operator.py took 0.121 seconds
[2025-12-24T09:15:07.600+0000] {processor.py:186} INFO - Started process (PID=1809) to work on /home/airflow/.local/lib/python3.11/site-packages/airflow/example_dags/example_python_operator.py
[2025-12-24T09:15:07.602+0000] {processor.py:914} INFO - Processing file /home/airflow/.local/lib/python3.11/site-packages/airflow/example_dags/example_python_operator.py for tasks to queue
[2025-12-24T09:15:07.606+0000] {logging_mixin.py:190} INFO - [2025-12-24T09:15:07.605+0000] {dagbag.py:588} INFO - Filling up the DagBag from /home/airflow/.local/lib/python3.11/site-packages/airflow/example_dags/example_python_operator.py
[2025-12-24T09:15:07.624+0000] {processor.py:925} INFO - DAG(s) 'example_python_operator' retrieved from /home/airflow/.local/lib/python3.11/site-packages/airflow/example_dags/example_python_operator.py
[2025-12-24T09:15:07.656+0000] {logging_mixin.py:190} INFO - [2025-12-24T09:15:07.655+0000] {dag.py:3239} INFO - Sync 1 DAGs
[2025-12-24T09:15:07.674+0000] {logging_mixin.py:190} INFO - [2025-12-24T09:15:07.674+0000] {dag.py:4180} INFO - Setting next_dagrun for example_python_operator to None, run_after=None
[2025-12-24T09:15:07.701+0000] {processor.py:208} INFO - Processing /home/airflow/.local/lib/python3.11/site-packages/airflow/example_dags/example_python_operator.py took 0.110 seconds
[2025-12-24T09:15:38.406+0000] {processor.py:186} INFO - Started process (PID=1872) to work on /home/airflow/.local/lib/python3.11/site-packages/airflow/example_dags/example_python_operator.py
[2025-12-24T09:15:38.408+0000] {processor.py:914} INFO - Processing file /home/airflow/.local/lib/python3.11/site-packages/airflow/example_dags/example_python_operator.py for tasks to queue
[2025-12-24T09:15:38.412+0000] {logging_mixin.py:190} INFO - [2025-12-24T09:15:38.411+0000] {dagbag.py:588} INFO - Filling up the DagBag from /home/airflow/.local/lib/python3.11/site-packages/airflow/example_dags/example_python_operator.py
[2025-12-24T09:15:38.436+0000] {processor.py:925} INFO - DAG(s) 'example_python_operator' retrieved from /home/airflow/.local/lib/python3.11/site-packages/airflow/example_dags/example_python_operator.py
[2025-12-24T09:15:38.467+0000] {logging_mixin.py:190} INFO - [2025-12-24T09:15:38.467+0000] {dag.py:3239} INFO - Sync 1 DAGs
[2025-12-24T09:15:38.491+0000] {logging_mixin.py:190} INFO - [2025-12-24T09:15:38.491+0000] {dag.py:4180} INFO - Setting next_dagrun for example_python_operator to None, run_after=None
[2025-12-24T09:15:38.532+0000] {processor.py:208} INFO - Processing /home/airflow/.local/lib/python3.11/site-packages/airflow/example_dags/example_python_operator.py took 0.135 seconds
[2025-12-24T09:16:39.707+0000] {processor.py:186} INFO - Started process (PID=1938) to work on /home/airflow/.local/lib/python3.11/site-packages/airflow/example_dags/example_python_operator.py
[2025-12-24T09:16:39.712+0000] {processor.py:914} INFO - Processing file /home/airflow/.local/lib/python3.11/site-packages/airflow/example_dags/example_python_operator.py for tasks to queue
[2025-12-24T09:16:39.716+0000] {logging_mixin.py:190} INFO - [2025-12-24T09:16:39.716+0000] {dagbag.py:588} INFO - Filling up the DagBag from /home/airflow/.local/lib/python3.11/site-packages/airflow/example_dags/example_python_operator.py
[2025-12-24T09:16:39.735+0000] {processor.py:925} INFO - DAG(s) 'example_python_operator' retrieved from /home/airflow/.local/lib/python3.11/site-packages/airflow/example_dags/example_python_operator.py
[2025-12-24T09:16:39.769+0000] {logging_mixin.py:190} INFO - [2025-12-24T09:16:39.768+0000] {dag.py:3239} INFO - Sync 1 DAGs
[2025-12-24T09:16:39.788+0000] {logging_mixin.py:190} INFO - [2025-12-24T09:16:39.787+0000] {dag.py:4180} INFO - Setting next_dagrun for example_python_operator to None, run_after=None
[2025-12-24T09:16:39.822+0000] {processor.py:208} INFO - Processing /home/airflow/.local/lib/python3.11/site-packages/airflow/example_dags/example_python_operator.py took 0.125 seconds
[2025-12-24T09:23:27.342+0000] {processor.py:186} INFO - Started process (PID=78) to work on /home/airflow/.local/lib/python3.11/site-packages/airflow/example_dags/example_python_operator.py
[2025-12-24T09:23:27.344+0000] {processor.py:914} INFO - Processing file /home/airflow/.local/lib/python3.11/site-packages/airflow/example_dags/example_python_operator.py for tasks to queue
[2025-12-24T09:23:27.348+0000] {logging_mixin.py:190} INFO - [2025-12-24T09:23:27.347+0000] {dagbag.py:588} INFO - Filling up the DagBag from /home/airflow/.local/lib/python3.11/site-packages/airflow/example_dags/example_python_operator.py
[2025-12-24T09:23:27.385+0000] {processor.py:925} INFO - DAG(s) 'example_python_operator' retrieved from /home/airflow/.local/lib/python3.11/site-packages/airflow/example_dags/example_python_operator.py
[2025-12-24T09:24:09.905+0000] {logging_mixin.py:190} INFO - [2025-12-24T09:24:09.904+0000] {override.py:1911} INFO - Created Permission View: can delete on DAG:example_python_operator
[2025-12-24T09:24:09.928+0000] {logging_mixin.py:190} INFO - [2025-12-24T09:24:09.928+0000] {override.py:1911} INFO - Created Permission View: can read on DAG:example_python_operator
[2025-12-24T09:24:09.940+0000] {logging_mixin.py:190} INFO - [2025-12-24T09:24:09.939+0000] {override.py:1911} INFO - Created Permission View: can edit on DAG:example_python_operator
[2025-12-24T09:24:09.956+0000] {logging_mixin.py:190} INFO - [2025-12-24T09:24:09.955+0000] {override.py:1911} INFO - Created Permission View: menu access on DAG Run:example_python_operator
[2025-12-24T09:24:10.002+0000] {logging_mixin.py:190} INFO - [2025-12-24T09:24:10.002+0000] {override.py:1911} INFO - Created Permission View: can create on DAG Run:example_python_operator
[2025-12-24T09:24:10.013+0000] {logging_mixin.py:190} INFO - [2025-12-24T09:24:10.013+0000] {override.py:1911} INFO - Created Permission View: can delete on DAG Run:example_python_operator
[2025-12-24T09:24:10.024+0000] {logging_mixin.py:190} INFO - [2025-12-24T09:24:10.023+0000] {override.py:1911} INFO - Created Permission View: can read on DAG Run:example_python_operator
[2025-12-24T09:24:10.025+0000] {logging_mixin.py:190} INFO - [2025-12-24T09:24:10.025+0000] {dag.py:3239} INFO - Sync 1 DAGs
[2025-12-24T09:24:10.041+0000] {logging_mixin.py:190} INFO - [2025-12-24T09:24:10.040+0000] {dag.py:3262} INFO - Creating ORM DAG for example_python_operator
[2025-12-24T09:24:10.042+0000] {logging_mixin.py:190} INFO - [2025-12-24T09:24:10.041+0000] {dag.py:4180} INFO - Setting next_dagrun for example_python_operator to None, run_after=None
[2025-12-24T09:24:10.122+0000] {processor.py:208} INFO - Processing /home/airflow/.local/lib/python3.11/site-packages/airflow/example_dags/example_python_operator.py took 0.463 seconds
[2025-12-24T09:24:02.969+0000] {processor.py:186} INFO - Started process (PID=176) to work on /home/airflow/.local/lib/python3.11/site-packages/airflow/example_dags/example_python_operator.py
[2025-12-24T09:24:02.971+0000] {processor.py:914} INFO - Processing file /home/airflow/.local/lib/python3.11/site-packages/airflow/example_dags/example_python_operator.py for tasks to queue
[2025-12-24T09:24:02.975+0000] {logging_mixin.py:190} INFO - [2025-12-24T09:24:02.974+0000] {dagbag.py:588} INFO - Filling up the DagBag from /home/airflow/.local/lib/python3.11/site-packages/airflow/example_dags/example_python_operator.py
[2025-12-24T09:24:02.999+0000] {processor.py:925} INFO - DAG(s) 'example_python_operator' retrieved from /home/airflow/.local/lib/python3.11/site-packages/airflow/example_dags/example_python_operator.py
[2025-12-24T09:24:03.035+0000] {logging_mixin.py:190} INFO - [2025-12-24T09:24:03.034+0000] {dag.py:3239} INFO - Sync 1 DAGs
[2025-12-24T09:24:03.069+0000] {logging_mixin.py:190} INFO - [2025-12-24T09:24:03.068+0000] {dag.py:4180} INFO - Setting next_dagrun for example_python_operator to None, run_after=None
[2025-12-24T09:24:03.098+0000] {processor.py:208} INFO - Processing /home/airflow/.local/lib/python3.11/site-packages/airflow/example_dags/example_python_operator.py took 0.140 seconds
[2025-12-24T09:24:11.556+0000] {processor.py:186} INFO - Started process (PID=216) to work on /home/airflow/.local/lib/python3.11/site-packages/airflow/example_dags/example_python_operator.py
[2025-12-24T09:24:11.558+0000] {processor.py:914} INFO - Processing file /home/airflow/.local/lib/python3.11/site-packages/airflow/example_dags/example_python_operator.py for tasks to queue
[2025-12-24T09:24:11.563+0000] {logging_mixin.py:190} INFO - [2025-12-24T09:24:11.562+0000] {dagbag.py:588} INFO - Filling up the DagBag from /home/airflow/.local/lib/python3.11/site-packages/airflow/example_dags/example_python_operator.py
[2025-12-24T09:24:11.586+0000] {processor.py:925} INFO - DAG(s) 'example_python_operator' retrieved from /home/airflow/.local/lib/python3.11/site-packages/airflow/example_dags/example_python_operator.py
[2025-12-24T09:24:11.633+0000] {logging_mixin.py:190} INFO - [2025-12-24T09:24:11.631+0000] {dag.py:3239} INFO - Sync 1 DAGs
[2025-12-24T09:24:11.657+0000] {logging_mixin.py:190} INFO - [2025-12-24T09:24:11.656+0000] {dag.py:4180} INFO - Setting next_dagrun for example_python_operator to None, run_after=None
[2025-12-24T09:24:11.687+0000] {processor.py:208} INFO - Processing /home/airflow/.local/lib/python3.11/site-packages/airflow/example_dags/example_python_operator.py took 0.142 seconds
[2025-12-24T09:24:41.740+0000] {processor.py:186} INFO - Started process (PID=277) to work on /home/airflow/.local/lib/python3.11/site-packages/airflow/example_dags/example_python_operator.py
[2025-12-24T09:24:41.742+0000] {processor.py:914} INFO - Processing file /home/airflow/.local/lib/python3.11/site-packages/airflow/example_dags/example_python_operator.py for tasks to queue
[2025-12-24T09:24:41.747+0000] {logging_mixin.py:190} INFO - [2025-12-24T09:24:41.747+0000] {dagbag.py:588} INFO - Filling up the DagBag from /home/airflow/.local/lib/python3.11/site-packages/airflow/example_dags/example_python_operator.py
[2025-12-24T09:24:41.772+0000] {processor.py:925} INFO - DAG(s) 'example_python_operator' retrieved from /home/airflow/.local/lib/python3.11/site-packages/airflow/example_dags/example_python_operator.py
[2025-12-24T09:24:41.822+0000] {logging_mixin.py:190} INFO - [2025-12-24T09:24:41.822+0000] {dag.py:3239} INFO - Sync 1 DAGs
[2025-12-24T09:24:41.848+0000] {logging_mixin.py:190} INFO - [2025-12-24T09:24:41.847+0000] {dag.py:4180} INFO - Setting next_dagrun for example_python_operator to None, run_after=None
[2025-12-24T09:24:41.878+0000] {processor.py:208} INFO - Processing /home/airflow/.local/lib/python3.11/site-packages/airflow/example_dags/example_python_operator.py took 0.153 seconds
[2025-12-24T09:24:52.964+0000] {processor.py:186} INFO - Started process (PID=333) to work on /home/airflow/.local/lib/python3.11/site-packages/airflow/example_dags/example_python_operator.py
[2025-12-24T09:24:52.966+0000] {processor.py:914} INFO - Processing file /home/airflow/.local/lib/python3.11/site-packages/airflow/example_dags/example_python_operator.py for tasks to queue
[2025-12-24T09:24:52.973+0000] {logging_mixin.py:190} INFO - [2025-12-24T09:24:52.972+0000] {dagbag.py:588} INFO - Filling up the DagBag from /home/airflow/.local/lib/python3.11/site-packages/airflow/example_dags/example_python_operator.py
[2025-12-24T09:24:53.007+0000] {processor.py:925} INFO - DAG(s) 'example_python_operator' retrieved from /home/airflow/.local/lib/python3.11/site-packages/airflow/example_dags/example_python_operator.py
[2025-12-24T09:24:53.064+0000] {logging_mixin.py:190} INFO - [2025-12-24T09:24:53.063+0000] {dag.py:3239} INFO - Sync 1 DAGs
[2025-12-24T09:24:53.086+0000] {logging_mixin.py:190} INFO - [2025-12-24T09:24:53.086+0000] {dag.py:4180} INFO - Setting next_dagrun for example_python_operator to None, run_after=None
[2025-12-24T09:24:53.116+0000] {processor.py:208} INFO - Processing /home/airflow/.local/lib/python3.11/site-packages/airflow/example_dags/example_python_operator.py took 0.165 seconds
[2025-12-24T09:25:11.701+0000] {processor.py:186} INFO - Started process (PID=395) to work on /home/airflow/.local/lib/python3.11/site-packages/airflow/example_dags/example_python_operator.py
[2025-12-24T09:25:11.703+0000] {processor.py:914} INFO - Processing file /home/airflow/.local/lib/python3.11/site-packages/airflow/example_dags/example_python_operator.py for tasks to queue
[2025-12-24T09:25:11.708+0000] {logging_mixin.py:190} INFO - [2025-12-24T09:25:11.708+0000] {dagbag.py:588} INFO - Filling up the DagBag from /home/airflow/.local/lib/python3.11/site-packages/airflow/example_dags/example_python_operator.py
[2025-12-24T09:25:11.734+0000] {processor.py:925} INFO - DAG(s) 'example_python_operator' retrieved from /home/airflow/.local/lib/python3.11/site-packages/airflow/example_dags/example_python_operator.py
[2025-12-24T09:25:11.776+0000] {logging_mixin.py:190} INFO - [2025-12-24T09:25:11.775+0000] {dag.py:3239} INFO - Sync 1 DAGs
[2025-12-24T09:25:11.802+0000] {logging_mixin.py:190} INFO - [2025-12-24T09:25:11.801+0000] {dag.py:4180} INFO - Setting next_dagrun for example_python_operator to None, run_after=None
[2025-12-24T09:25:11.840+0000] {processor.py:208} INFO - Processing /home/airflow/.local/lib/python3.11/site-packages/airflow/example_dags/example_python_operator.py took 0.154 seconds
[2025-12-24T09:25:18.084+0000] {processor.py:186} INFO - Started process (PID=449) to work on /home/airflow/.local/lib/python3.11/site-packages/airflow/example_dags/example_python_operator.py
[2025-12-24T09:25:18.086+0000] {processor.py:914} INFO - Processing file /home/airflow/.local/lib/python3.11/site-packages/airflow/example_dags/example_python_operator.py for tasks to queue
[2025-12-24T09:25:18.091+0000] {logging_mixin.py:190} INFO - [2025-12-24T09:25:18.090+0000] {dagbag.py:588} INFO - Filling up the DagBag from /home/airflow/.local/lib/python3.11/site-packages/airflow/example_dags/example_python_operator.py
[2025-12-24T09:25:18.114+0000] {processor.py:925} INFO - DAG(s) 'example_python_operator' retrieved from /home/airflow/.local/lib/python3.11/site-packages/airflow/example_dags/example_python_operator.py
[2025-12-24T09:25:18.155+0000] {logging_mixin.py:190} INFO - [2025-12-24T09:25:18.154+0000] {dag.py:3239} INFO - Sync 1 DAGs
[2025-12-24T09:25:18.175+0000] {logging_mixin.py:190} INFO - [2025-12-24T09:25:18.175+0000] {dag.py:4180} INFO - Setting next_dagrun for example_python_operator to None, run_after=None
[2025-12-24T09:25:18.202+0000] {processor.py:208} INFO - Processing /home/airflow/.local/lib/python3.11/site-packages/airflow/example_dags/example_python_operator.py took 0.130 seconds
[2025-12-24T09:25:48.908+0000] {processor.py:186} INFO - Started process (PID=507) to work on /home/airflow/.local/lib/python3.11/site-packages/airflow/example_dags/example_python_operator.py
[2025-12-24T09:25:48.909+0000] {processor.py:914} INFO - Processing file /home/airflow/.local/lib/python3.11/site-packages/airflow/example_dags/example_python_operator.py for tasks to queue
[2025-12-24T09:25:48.914+0000] {logging_mixin.py:190} INFO - [2025-12-24T09:25:48.914+0000] {dagbag.py:588} INFO - Filling up the DagBag from /home/airflow/.local/lib/python3.11/site-packages/airflow/example_dags/example_python_operator.py
[2025-12-24T09:25:48.947+0000] {processor.py:925} INFO - DAG(s) 'example_python_operator' retrieved from /home/airflow/.local/lib/python3.11/site-packages/airflow/example_dags/example_python_operator.py
[2025-12-24T09:25:49.010+0000] {logging_mixin.py:190} INFO - [2025-12-24T09:25:49.009+0000] {dag.py:3239} INFO - Sync 1 DAGs
[2025-12-24T09:25:49.035+0000] {logging_mixin.py:190} INFO - [2025-12-24T09:25:49.035+0000] {dag.py:4180} INFO - Setting next_dagrun for example_python_operator to None, run_after=None
[2025-12-24T09:25:49.072+0000] {processor.py:208} INFO - Processing /home/airflow/.local/lib/python3.11/site-packages/airflow/example_dags/example_python_operator.py took 0.178 seconds
[2025-12-24T09:25:53.324+0000] {processor.py:186} INFO - Started process (PID=538) to work on /home/airflow/.local/lib/python3.11/site-packages/airflow/example_dags/example_python_operator.py
[2025-12-24T09:25:53.326+0000] {processor.py:914} INFO - Processing file /home/airflow/.local/lib/python3.11/site-packages/airflow/example_dags/example_python_operator.py for tasks to queue
[2025-12-24T09:25:53.332+0000] {logging_mixin.py:190} INFO - [2025-12-24T09:25:53.331+0000] {dagbag.py:588} INFO - Filling up the DagBag from /home/airflow/.local/lib/python3.11/site-packages/airflow/example_dags/example_python_operator.py
[2025-12-24T09:25:53.356+0000] {processor.py:925} INFO - DAG(s) 'example_python_operator' retrieved from /home/airflow/.local/lib/python3.11/site-packages/airflow/example_dags/example_python_operator.py
[2025-12-24T09:25:53.404+0000] {logging_mixin.py:190} INFO - [2025-12-24T09:25:53.403+0000] {dag.py:3239} INFO - Sync 1 DAGs
[2025-12-24T09:25:53.437+0000] {logging_mixin.py:190} INFO - [2025-12-24T09:25:53.436+0000] {dag.py:4180} INFO - Setting next_dagrun for example_python_operator to None, run_after=None
[2025-12-24T09:25:53.492+0000] {processor.py:208} INFO - Processing /home/airflow/.local/lib/python3.11/site-packages/airflow/example_dags/example_python_operator.py took 0.181 seconds
[2025-12-24T09:26:03.183+0000] {processor.py:186} INFO - Started process (PID=602) to work on /home/airflow/.local/lib/python3.11/site-packages/airflow/example_dags/example_python_operator.py
[2025-12-24T09:26:03.189+0000] {processor.py:914} INFO - Processing file /home/airflow/.local/lib/python3.11/site-packages/airflow/example_dags/example_python_operator.py for tasks to queue
[2025-12-24T09:26:03.195+0000] {logging_mixin.py:190} INFO - [2025-12-24T09:26:03.195+0000] {dagbag.py:588} INFO - Filling up the DagBag from /home/airflow/.local/lib/python3.11/site-packages/airflow/example_dags/example_python_operator.py
[2025-12-24T09:26:03.231+0000] {processor.py:925} INFO - DAG(s) 'example_python_operator' retrieved from /home/airflow/.local/lib/python3.11/site-packages/airflow/example_dags/example_python_operator.py
[2025-12-24T09:26:03.282+0000] {logging_mixin.py:190} INFO - [2025-12-24T09:26:03.281+0000] {dag.py:3239} INFO - Sync 1 DAGs
[2025-12-24T09:26:03.331+0000] {logging_mixin.py:190} INFO - [2025-12-24T09:26:03.330+0000] {dag.py:4180} INFO - Setting next_dagrun for example_python_operator to None, run_after=None
[2025-12-24T09:26:03.363+0000] {processor.py:208} INFO - Processing /home/airflow/.local/lib/python3.11/site-packages/airflow/example_dags/example_python_operator.py took 0.195 seconds
[2025-12-24T09:26:11.844+0000] {processor.py:186} INFO - Started process (PID=658) to work on /home/airflow/.local/lib/python3.11/site-packages/airflow/example_dags/example_python_operator.py
[2025-12-24T09:26:11.847+0000] {processor.py:914} INFO - Processing file /home/airflow/.local/lib/python3.11/site-packages/airflow/example_dags/example_python_operator.py for tasks to queue
[2025-12-24T09:26:11.854+0000] {logging_mixin.py:190} INFO - [2025-12-24T09:26:11.853+0000] {dagbag.py:588} INFO - Filling up the DagBag from /home/airflow/.local/lib/python3.11/site-packages/airflow/example_dags/example_python_operator.py
[2025-12-24T09:26:11.895+0000] {processor.py:925} INFO - DAG(s) 'example_python_operator' retrieved from /home/airflow/.local/lib/python3.11/site-packages/airflow/example_dags/example_python_operator.py
[2025-12-24T09:26:11.951+0000] {logging_mixin.py:190} INFO - [2025-12-24T09:26:11.950+0000] {dag.py:3239} INFO - Sync 1 DAGs
[2025-12-24T09:26:11.981+0000] {logging_mixin.py:190} INFO - [2025-12-24T09:26:11.980+0000] {dag.py:4180} INFO - Setting next_dagrun for example_python_operator to None, run_after=None
[2025-12-24T09:26:12.061+0000] {processor.py:208} INFO - Processing /home/airflow/.local/lib/python3.11/site-packages/airflow/example_dags/example_python_operator.py took 0.232 seconds
[2025-12-24T09:27:05.315+0000] {processor.py:186} INFO - Started process (PID=712) to work on /home/airflow/.local/lib/python3.11/site-packages/airflow/example_dags/example_python_operator.py
[2025-12-24T09:27:05.317+0000] {processor.py:914} INFO - Processing file /home/airflow/.local/lib/python3.11/site-packages/airflow/example_dags/example_python_operator.py for tasks to queue
[2025-12-24T09:27:05.321+0000] {logging_mixin.py:190} INFO - [2025-12-24T09:27:05.321+0000] {dagbag.py:588} INFO - Filling up the DagBag from /home/airflow/.local/lib/python3.11/site-packages/airflow/example_dags/example_python_operator.py
[2025-12-24T09:26:23.020+0000] {processor.py:925} INFO - DAG(s) 'example_python_operator' retrieved from /home/airflow/.local/lib/python3.11/site-packages/airflow/example_dags/example_python_operator.py
[2025-12-24T09:26:23.060+0000] {logging_mixin.py:190} INFO - [2025-12-24T09:26:23.058+0000] {dag.py:3239} INFO - Sync 1 DAGs
[2025-12-24T09:26:23.078+0000] {logging_mixin.py:190} INFO - [2025-12-24T09:26:23.078+0000] {dag.py:4180} INFO - Setting next_dagrun for example_python_operator to None, run_after=None
[2025-12-24T09:26:23.107+0000] {processor.py:208} INFO - Processing /home/airflow/.local/lib/python3.11/site-packages/airflow/example_dags/example_python_operator.py took 0.122 seconds
[2025-12-24T09:27:15.226+0000] {processor.py:186} INFO - Started process (PID=767) to work on /home/airflow/.local/lib/python3.11/site-packages/airflow/example_dags/example_python_operator.py
[2025-12-24T09:27:15.227+0000] {processor.py:914} INFO - Processing file /home/airflow/.local/lib/python3.11/site-packages/airflow/example_dags/example_python_operator.py for tasks to queue
[2025-12-24T09:27:15.231+0000] {logging_mixin.py:190} INFO - [2025-12-24T09:27:15.231+0000] {dagbag.py:588} INFO - Filling up the DagBag from /home/airflow/.local/lib/python3.11/site-packages/airflow/example_dags/example_python_operator.py
[2025-12-24T09:27:15.252+0000] {processor.py:925} INFO - DAG(s) 'example_python_operator' retrieved from /home/airflow/.local/lib/python3.11/site-packages/airflow/example_dags/example_python_operator.py
[2025-12-24T09:27:15.293+0000] {logging_mixin.py:190} INFO - [2025-12-24T09:27:15.292+0000] {dag.py:3239} INFO - Sync 1 DAGs
[2025-12-24T09:27:15.317+0000] {logging_mixin.py:190} INFO - [2025-12-24T09:27:15.316+0000] {dag.py:4180} INFO - Setting next_dagrun for example_python_operator to None, run_after=None
[2025-12-24T09:26:33.028+0000] {processor.py:208} INFO - Processing /home/airflow/.local/lib/python3.11/site-packages/airflow/example_dags/example_python_operator.py took 0.138 seconds
[2025-12-24T09:27:25.310+0000] {processor.py:186} INFO - Started process (PID=819) to work on /home/airflow/.local/lib/python3.11/site-packages/airflow/example_dags/example_python_operator.py
[2025-12-24T09:27:25.313+0000] {processor.py:914} INFO - Processing file /home/airflow/.local/lib/python3.11/site-packages/airflow/example_dags/example_python_operator.py for tasks to queue
[2025-12-24T09:27:25.320+0000] {logging_mixin.py:190} INFO - [2025-12-24T09:27:25.319+0000] {dagbag.py:588} INFO - Filling up the DagBag from /home/airflow/.local/lib/python3.11/site-packages/airflow/example_dags/example_python_operator.py
[2025-12-24T09:26:43.023+0000] {processor.py:925} INFO - DAG(s) 'example_python_operator' retrieved from /home/airflow/.local/lib/python3.11/site-packages/airflow/example_dags/example_python_operator.py
[2025-12-24T09:26:43.076+0000] {logging_mixin.py:190} INFO - [2025-12-24T09:26:43.074+0000] {dag.py:3239} INFO - Sync 1 DAGs
[2025-12-24T09:26:43.106+0000] {logging_mixin.py:190} INFO - [2025-12-24T09:26:43.105+0000] {dag.py:4180} INFO - Setting next_dagrun for example_python_operator to None, run_after=None
[2025-12-24T09:26:43.147+0000] {processor.py:208} INFO - Processing /home/airflow/.local/lib/python3.11/site-packages/airflow/example_dags/example_python_operator.py took 0.176 seconds
[2025-12-24T09:27:40.531+0000] {processor.py:186} INFO - Started process (PID=874) to work on /home/airflow/.local/lib/python3.11/site-packages/airflow/example_dags/example_python_operator.py
[2025-12-24T09:27:40.533+0000] {processor.py:914} INFO - Processing file /home/airflow/.local/lib/python3.11/site-packages/airflow/example_dags/example_python_operator.py for tasks to queue
[2025-12-24T09:27:40.538+0000] {logging_mixin.py:190} INFO - [2025-12-24T09:27:40.538+0000] {dagbag.py:588} INFO - Filling up the DagBag from /home/airflow/.local/lib/python3.11/site-packages/airflow/example_dags/example_python_operator.py
[2025-12-24T09:27:40.565+0000] {processor.py:925} INFO - DAG(s) 'example_python_operator' retrieved from /home/airflow/.local/lib/python3.11/site-packages/airflow/example_dags/example_python_operator.py
[2025-12-24T09:27:40.613+0000] {logging_mixin.py:190} INFO - [2025-12-24T09:27:40.612+0000] {dag.py:3239} INFO - Sync 1 DAGs
[2025-12-24T09:27:40.641+0000] {logging_mixin.py:190} INFO - [2025-12-24T09:27:40.641+0000] {dag.py:4180} INFO - Setting next_dagrun for example_python_operator to None, run_after=None
[2025-12-24T09:27:40.678+0000] {processor.py:208} INFO - Processing /home/airflow/.local/lib/python3.11/site-packages/airflow/example_dags/example_python_operator.py took 0.159 seconds
[2025-12-24T09:27:48.362+0000] {processor.py:186} INFO - Started process (PID=946) to work on /home/airflow/.local/lib/python3.11/site-packages/airflow/example_dags/example_python_operator.py
[2025-12-24T09:27:48.364+0000] {processor.py:914} INFO - Processing file /home/airflow/.local/lib/python3.11/site-packages/airflow/example_dags/example_python_operator.py for tasks to queue
[2025-12-24T09:27:48.368+0000] {logging_mixin.py:190} INFO - [2025-12-24T09:27:48.368+0000] {dagbag.py:588} INFO - Filling up the DagBag from /home/airflow/.local/lib/python3.11/site-packages/airflow/example_dags/example_python_operator.py
[2025-12-24T09:27:48.387+0000] {processor.py:925} INFO - DAG(s) 'example_python_operator' retrieved from /home/airflow/.local/lib/python3.11/site-packages/airflow/example_dags/example_python_operator.py
[2025-12-24T09:27:48.421+0000] {logging_mixin.py:190} INFO - [2025-12-24T09:27:48.420+0000] {dag.py:3239} INFO - Sync 1 DAGs
[2025-12-24T09:27:48.438+0000] {logging_mixin.py:190} INFO - [2025-12-24T09:27:48.438+0000] {dag.py:4180} INFO - Setting next_dagrun for example_python_operator to None, run_after=None
[2025-12-24T09:27:48.464+0000] {processor.py:208} INFO - Processing /home/airflow/.local/lib/python3.11/site-packages/airflow/example_dags/example_python_operator.py took 0.112 seconds
[2025-12-24T09:27:58.378+0000] {processor.py:186} INFO - Started process (PID=1006) to work on /home/airflow/.local/lib/python3.11/site-packages/airflow/example_dags/example_python_operator.py
[2025-12-24T09:27:58.385+0000] {processor.py:914} INFO - Processing file /home/airflow/.local/lib/python3.11/site-packages/airflow/example_dags/example_python_operator.py for tasks to queue
[2025-12-24T09:27:58.389+0000] {logging_mixin.py:190} INFO - [2025-12-24T09:27:58.389+0000] {dagbag.py:588} INFO - Filling up the DagBag from /home/airflow/.local/lib/python3.11/site-packages/airflow/example_dags/example_python_operator.py
[2025-12-24T09:27:58.418+0000] {processor.py:925} INFO - DAG(s) 'example_python_operator' retrieved from /home/airflow/.local/lib/python3.11/site-packages/airflow/example_dags/example_python_operator.py
[2025-12-24T09:27:58.462+0000] {logging_mixin.py:190} INFO - [2025-12-24T09:27:58.460+0000] {dag.py:3239} INFO - Sync 1 DAGs
[2025-12-24T09:27:58.491+0000] {logging_mixin.py:190} INFO - [2025-12-24T09:27:58.490+0000] {dag.py:4180} INFO - Setting next_dagrun for example_python_operator to None, run_after=None
[2025-12-24T09:27:58.532+0000] {processor.py:208} INFO - Processing /home/airflow/.local/lib/python3.11/site-packages/airflow/example_dags/example_python_operator.py took 0.171 seconds
[2025-12-24T09:28:11.666+0000] {processor.py:186} INFO - Started process (PID=1071) to work on /home/airflow/.local/lib/python3.11/site-packages/airflow/example_dags/example_python_operator.py
[2025-12-24T09:28:11.671+0000] {processor.py:914} INFO - Processing file /home/airflow/.local/lib/python3.11/site-packages/airflow/example_dags/example_python_operator.py for tasks to queue
[2025-12-24T09:28:11.676+0000] {logging_mixin.py:190} INFO - [2025-12-24T09:28:11.676+0000] {dagbag.py:588} INFO - Filling up the DagBag from /home/airflow/.local/lib/python3.11/site-packages/airflow/example_dags/example_python_operator.py
[2025-12-24T09:28:11.702+0000] {processor.py:925} INFO - DAG(s) 'example_python_operator' retrieved from /home/airflow/.local/lib/python3.11/site-packages/airflow/example_dags/example_python_operator.py
[2025-12-24T09:28:11.742+0000] {logging_mixin.py:190} INFO - [2025-12-24T09:28:11.741+0000] {dag.py:3239} INFO - Sync 1 DAGs
[2025-12-24T09:28:11.760+0000] {logging_mixin.py:190} INFO - [2025-12-24T09:28:11.760+0000] {dag.py:4180} INFO - Setting next_dagrun for example_python_operator to None, run_after=None
[2025-12-24T09:28:11.792+0000] {processor.py:208} INFO - Processing /home/airflow/.local/lib/python3.11/site-packages/airflow/example_dags/example_python_operator.py took 0.138 seconds
[2025-12-24T09:29:10.563+0000] {processor.py:186} INFO - Started process (PID=1127) to work on /home/airflow/.local/lib/python3.11/site-packages/airflow/example_dags/example_python_operator.py
[2025-12-24T09:29:10.564+0000] {processor.py:914} INFO - Processing file /home/airflow/.local/lib/python3.11/site-packages/airflow/example_dags/example_python_operator.py for tasks to queue
[2025-12-24T09:29:10.568+0000] {logging_mixin.py:190} INFO - [2025-12-24T09:29:10.567+0000] {dagbag.py:588} INFO - Filling up the DagBag from /home/airflow/.local/lib/python3.11/site-packages/airflow/example_dags/example_python_operator.py
[2025-12-24T09:29:10.585+0000] {processor.py:925} INFO - DAG(s) 'example_python_operator' retrieved from /home/airflow/.local/lib/python3.11/site-packages/airflow/example_dags/example_python_operator.py
[2025-12-24T09:29:10.621+0000] {logging_mixin.py:190} INFO - [2025-12-24T09:29:10.620+0000] {dag.py:3239} INFO - Sync 1 DAGs
[2025-12-24T09:29:10.638+0000] {logging_mixin.py:190} INFO - [2025-12-24T09:29:10.638+0000] {dag.py:4180} INFO - Setting next_dagrun for example_python_operator to None, run_after=None
[2025-12-24T09:29:10.666+0000] {processor.py:208} INFO - Processing /home/airflow/.local/lib/python3.11/site-packages/airflow/example_dags/example_python_operator.py took 0.111 seconds
