[2025-12-24T09:02:53.063+0000] {processor.py:186} INFO - Started process (PID=83) to work on /home/airflow/.local/lib/python3.11/site-packages/airflow/example_dags/example_short_circuit_decorator.py
[2025-12-24T09:02:53.065+0000] {processor.py:914} INFO - Processing file /home/airflow/.local/lib/python3.11/site-packages/airflow/example_dags/example_short_circuit_decorator.py for tasks to queue
[2025-12-24T09:02:53.070+0000] {logging_mixin.py:190} INFO - [2025-12-24T09:02:53.070+0000] {dagbag.py:588} INFO - Filling up the DagBag from /home/airflow/.local/lib/python3.11/site-packages/airflow/example_dags/example_short_circuit_decorator.py
[2025-12-24T09:02:53.093+0000] {processor.py:925} INFO - DAG(s) 'example_short_circuit_decorator' retrieved from /home/airflow/.local/lib/python3.11/site-packages/airflow/example_dags/example_short_circuit_decorator.py
[2025-12-24T09:02:53.317+0000] {logging_mixin.py:190} INFO - [2025-12-24T09:02:53.316+0000] {override.py:1911} INFO - Created Permission View: can edit on DAG:example_short_circuit_decorator
[2025-12-24T09:02:53.343+0000] {logging_mixin.py:190} INFO - [2025-12-24T09:02:53.342+0000] {override.py:1911} INFO - Created Permission View: can read on DAG:example_short_circuit_decorator
[2025-12-24T09:02:53.357+0000] {logging_mixin.py:190} INFO - [2025-12-24T09:02:53.357+0000] {override.py:1911} INFO - Created Permission View: can delete on DAG:example_short_circuit_decorator
[2025-12-24T09:02:53.376+0000] {logging_mixin.py:190} INFO - [2025-12-24T09:02:53.375+0000] {override.py:1911} INFO - Created Permission View: can read on DAG Run:example_short_circuit_decorator
[2025-12-24T09:02:53.390+0000] {logging_mixin.py:190} INFO - [2025-12-24T09:02:53.390+0000] {override.py:1911} INFO - Created Permission View: can create on DAG Run:example_short_circuit_decorator
[2025-12-24T09:02:53.404+0000] {logging_mixin.py:190} INFO - [2025-12-24T09:02:53.404+0000] {override.py:1911} INFO - Created Permission View: can delete on DAG Run:example_short_circuit_decorator
[2025-12-24T09:02:53.417+0000] {logging_mixin.py:190} INFO - [2025-12-24T09:02:53.416+0000] {override.py:1911} INFO - Created Permission View: menu access on DAG Run:example_short_circuit_decorator
[2025-12-24T09:02:53.418+0000] {logging_mixin.py:190} INFO - [2025-12-24T09:02:53.417+0000] {dag.py:3239} INFO - Sync 1 DAGs
[2025-12-24T09:02:53.437+0000] {logging_mixin.py:190} INFO - [2025-12-24T09:02:53.437+0000] {dag.py:3262} INFO - Creating ORM DAG for example_short_circuit_decorator
[2025-12-24T09:02:53.438+0000] {logging_mixin.py:190} INFO - [2025-12-24T09:02:53.438+0000] {dag.py:4180} INFO - Setting next_dagrun for example_short_circuit_decorator to None, run_after=None
[2025-12-24T09:02:53.475+0000] {processor.py:208} INFO - Processing /home/airflow/.local/lib/python3.11/site-packages/airflow/example_dags/example_short_circuit_decorator.py took 0.423 seconds
[2025-12-24T09:03:11.839+0000] {processor.py:186} INFO - Started process (PID=143) to work on /home/airflow/.local/lib/python3.11/site-packages/airflow/example_dags/example_short_circuit_decorator.py
[2025-12-24T09:03:11.840+0000] {processor.py:914} INFO - Processing file /home/airflow/.local/lib/python3.11/site-packages/airflow/example_dags/example_short_circuit_decorator.py for tasks to queue
[2025-12-24T09:03:11.847+0000] {logging_mixin.py:190} INFO - [2025-12-24T09:03:11.846+0000] {dagbag.py:588} INFO - Filling up the DagBag from /home/airflow/.local/lib/python3.11/site-packages/airflow/example_dags/example_short_circuit_decorator.py
[2025-12-24T09:03:11.869+0000] {processor.py:925} INFO - DAG(s) 'example_short_circuit_decorator' retrieved from /home/airflow/.local/lib/python3.11/site-packages/airflow/example_dags/example_short_circuit_decorator.py
[2025-12-24T09:03:11.896+0000] {logging_mixin.py:190} INFO - [2025-12-24T09:03:11.895+0000] {dag.py:3239} INFO - Sync 1 DAGs
[2025-12-24T09:03:11.923+0000] {logging_mixin.py:190} INFO - [2025-12-24T09:03:11.922+0000] {dag.py:4180} INFO - Setting next_dagrun for example_short_circuit_decorator to None, run_after=None
[2025-12-24T09:03:11.976+0000] {processor.py:208} INFO - Processing /home/airflow/.local/lib/python3.11/site-packages/airflow/example_dags/example_short_circuit_decorator.py took 0.150 seconds
[2025-12-24T09:04:14.481+0000] {processor.py:186} INFO - Started process (PID=206) to work on /home/airflow/.local/lib/python3.11/site-packages/airflow/example_dags/example_short_circuit_decorator.py
[2025-12-24T09:04:14.483+0000] {processor.py:914} INFO - Processing file /home/airflow/.local/lib/python3.11/site-packages/airflow/example_dags/example_short_circuit_decorator.py for tasks to queue
[2025-12-24T09:04:14.487+0000] {logging_mixin.py:190} INFO - [2025-12-24T09:04:14.487+0000] {dagbag.py:588} INFO - Filling up the DagBag from /home/airflow/.local/lib/python3.11/site-packages/airflow/example_dags/example_short_circuit_decorator.py
[2025-12-24T09:04:14.505+0000] {processor.py:925} INFO - DAG(s) 'example_short_circuit_decorator' retrieved from /home/airflow/.local/lib/python3.11/site-packages/airflow/example_dags/example_short_circuit_decorator.py
[2025-12-24T09:04:14.552+0000] {logging_mixin.py:190} INFO - [2025-12-24T09:04:14.551+0000] {dag.py:3239} INFO - Sync 1 DAGs
[2025-12-24T09:04:14.570+0000] {logging_mixin.py:190} INFO - [2025-12-24T09:04:14.570+0000] {dag.py:4180} INFO - Setting next_dagrun for example_short_circuit_decorator to None, run_after=None
[2025-12-24T09:04:14.597+0000] {processor.py:208} INFO - Processing /home/airflow/.local/lib/python3.11/site-packages/airflow/example_dags/example_short_circuit_decorator.py took 0.126 seconds
[2025-12-24T09:04:12.007+0000] {processor.py:186} INFO - Started process (PID=272) to work on /home/airflow/.local/lib/python3.11/site-packages/airflow/example_dags/example_short_circuit_decorator.py
[2025-12-24T09:04:12.008+0000] {processor.py:914} INFO - Processing file /home/airflow/.local/lib/python3.11/site-packages/airflow/example_dags/example_short_circuit_decorator.py for tasks to queue
[2025-12-24T09:04:12.012+0000] {logging_mixin.py:190} INFO - [2025-12-24T09:04:12.011+0000] {dagbag.py:588} INFO - Filling up the DagBag from /home/airflow/.local/lib/python3.11/site-packages/airflow/example_dags/example_short_circuit_decorator.py
[2025-12-24T09:04:12.027+0000] {processor.py:925} INFO - DAG(s) 'example_short_circuit_decorator' retrieved from /home/airflow/.local/lib/python3.11/site-packages/airflow/example_dags/example_short_circuit_decorator.py
[2025-12-24T09:04:12.067+0000] {logging_mixin.py:190} INFO - [2025-12-24T09:04:12.066+0000] {dag.py:3239} INFO - Sync 1 DAGs
[2025-12-24T09:04:12.085+0000] {logging_mixin.py:190} INFO - [2025-12-24T09:04:12.085+0000] {dag.py:4180} INFO - Setting next_dagrun for example_short_circuit_decorator to None, run_after=None
[2025-12-24T09:04:12.110+0000] {processor.py:208} INFO - Processing /home/airflow/.local/lib/python3.11/site-packages/airflow/example_dags/example_short_circuit_decorator.py took 0.112 seconds
[2025-12-24T09:04:42.187+0000] {processor.py:186} INFO - Started process (PID=335) to work on /home/airflow/.local/lib/python3.11/site-packages/airflow/example_dags/example_short_circuit_decorator.py
[2025-12-24T09:04:42.189+0000] {processor.py:914} INFO - Processing file /home/airflow/.local/lib/python3.11/site-packages/airflow/example_dags/example_short_circuit_decorator.py for tasks to queue
[2025-12-24T09:04:42.192+0000] {logging_mixin.py:190} INFO - [2025-12-24T09:04:42.192+0000] {dagbag.py:588} INFO - Filling up the DagBag from /home/airflow/.local/lib/python3.11/site-packages/airflow/example_dags/example_short_circuit_decorator.py
[2025-12-24T09:04:42.206+0000] {processor.py:925} INFO - DAG(s) 'example_short_circuit_decorator' retrieved from /home/airflow/.local/lib/python3.11/site-packages/airflow/example_dags/example_short_circuit_decorator.py
[2025-12-24T09:04:42.259+0000] {logging_mixin.py:190} INFO - [2025-12-24T09:04:42.259+0000] {dag.py:3239} INFO - Sync 1 DAGs
[2025-12-24T09:04:42.279+0000] {logging_mixin.py:190} INFO - [2025-12-24T09:04:42.279+0000] {dag.py:4180} INFO - Setting next_dagrun for example_short_circuit_decorator to None, run_after=None
[2025-12-24T09:04:42.305+0000] {processor.py:208} INFO - Processing /home/airflow/.local/lib/python3.11/site-packages/airflow/example_dags/example_short_circuit_decorator.py took 0.127 seconds
[2025-12-24T09:04:51.657+0000] {processor.py:186} INFO - Started process (PID=400) to work on /home/airflow/.local/lib/python3.11/site-packages/airflow/example_dags/example_short_circuit_decorator.py
[2025-12-24T09:04:51.658+0000] {processor.py:914} INFO - Processing file /home/airflow/.local/lib/python3.11/site-packages/airflow/example_dags/example_short_circuit_decorator.py for tasks to queue
[2025-12-24T09:04:51.661+0000] {logging_mixin.py:190} INFO - [2025-12-24T09:04:51.661+0000] {dagbag.py:588} INFO - Filling up the DagBag from /home/airflow/.local/lib/python3.11/site-packages/airflow/example_dags/example_short_circuit_decorator.py
[2025-12-24T09:04:51.676+0000] {processor.py:925} INFO - DAG(s) 'example_short_circuit_decorator' retrieved from /home/airflow/.local/lib/python3.11/site-packages/airflow/example_dags/example_short_circuit_decorator.py
[2025-12-24T09:04:51.712+0000] {logging_mixin.py:190} INFO - [2025-12-24T09:04:51.711+0000] {dag.py:3239} INFO - Sync 1 DAGs
[2025-12-24T09:04:51.731+0000] {logging_mixin.py:190} INFO - [2025-12-24T09:04:51.730+0000] {dag.py:4180} INFO - Setting next_dagrun for example_short_circuit_decorator to None, run_after=None
[2025-12-24T09:04:51.762+0000] {processor.py:208} INFO - Processing /home/airflow/.local/lib/python3.11/site-packages/airflow/example_dags/example_short_circuit_decorator.py took 0.116 seconds
[2025-12-24T09:05:22.127+0000] {processor.py:186} INFO - Started process (PID=465) to work on /home/airflow/.local/lib/python3.11/site-packages/airflow/example_dags/example_short_circuit_decorator.py
[2025-12-24T09:05:22.129+0000] {processor.py:914} INFO - Processing file /home/airflow/.local/lib/python3.11/site-packages/airflow/example_dags/example_short_circuit_decorator.py for tasks to queue
[2025-12-24T09:05:22.134+0000] {logging_mixin.py:190} INFO - [2025-12-24T09:05:22.133+0000] {dagbag.py:588} INFO - Filling up the DagBag from /home/airflow/.local/lib/python3.11/site-packages/airflow/example_dags/example_short_circuit_decorator.py
[2025-12-24T09:05:22.152+0000] {processor.py:925} INFO - DAG(s) 'example_short_circuit_decorator' retrieved from /home/airflow/.local/lib/python3.11/site-packages/airflow/example_dags/example_short_circuit_decorator.py
[2025-12-24T09:05:22.191+0000] {logging_mixin.py:190} INFO - [2025-12-24T09:05:22.190+0000] {dag.py:3239} INFO - Sync 1 DAGs
[2025-12-24T09:05:22.213+0000] {logging_mixin.py:190} INFO - [2025-12-24T09:05:22.212+0000] {dag.py:4180} INFO - Setting next_dagrun for example_short_circuit_decorator to None, run_after=None
[2025-12-24T09:05:22.244+0000] {processor.py:208} INFO - Processing /home/airflow/.local/lib/python3.11/site-packages/airflow/example_dags/example_short_circuit_decorator.py took 0.129 seconds
[2025-12-24T09:05:26.424+0000] {processor.py:186} INFO - Started process (PID=501) to work on /home/airflow/.local/lib/python3.11/site-packages/airflow/example_dags/example_short_circuit_decorator.py
[2025-12-24T09:05:26.426+0000] {processor.py:914} INFO - Processing file /home/airflow/.local/lib/python3.11/site-packages/airflow/example_dags/example_short_circuit_decorator.py for tasks to queue
[2025-12-24T09:05:26.430+0000] {logging_mixin.py:190} INFO - [2025-12-24T09:05:26.429+0000] {dagbag.py:588} INFO - Filling up the DagBag from /home/airflow/.local/lib/python3.11/site-packages/airflow/example_dags/example_short_circuit_decorator.py
[2025-12-24T09:05:26.445+0000] {processor.py:925} INFO - DAG(s) 'example_short_circuit_decorator' retrieved from /home/airflow/.local/lib/python3.11/site-packages/airflow/example_dags/example_short_circuit_decorator.py
[2025-12-24T09:05:26.480+0000] {logging_mixin.py:190} INFO - [2025-12-24T09:05:26.480+0000] {dag.py:3239} INFO - Sync 1 DAGs
[2025-12-24T09:05:26.498+0000] {logging_mixin.py:190} INFO - [2025-12-24T09:05:26.498+0000] {dag.py:4180} INFO - Setting next_dagrun for example_short_circuit_decorator to None, run_after=None
[2025-12-24T09:05:26.525+0000] {processor.py:208} INFO - Processing /home/airflow/.local/lib/python3.11/site-packages/airflow/example_dags/example_short_circuit_decorator.py took 0.111 seconds
[2025-12-24T09:05:37.109+0000] {processor.py:186} INFO - Started process (PID=556) to work on /home/airflow/.local/lib/python3.11/site-packages/airflow/example_dags/example_short_circuit_decorator.py
[2025-12-24T09:05:37.111+0000] {processor.py:914} INFO - Processing file /home/airflow/.local/lib/python3.11/site-packages/airflow/example_dags/example_short_circuit_decorator.py for tasks to queue
[2025-12-24T09:05:37.114+0000] {logging_mixin.py:190} INFO - [2025-12-24T09:05:37.114+0000] {dagbag.py:588} INFO - Filling up the DagBag from /home/airflow/.local/lib/python3.11/site-packages/airflow/example_dags/example_short_circuit_decorator.py
[2025-12-24T09:05:37.128+0000] {processor.py:925} INFO - DAG(s) 'example_short_circuit_decorator' retrieved from /home/airflow/.local/lib/python3.11/site-packages/airflow/example_dags/example_short_circuit_decorator.py
[2025-12-24T09:05:37.161+0000] {logging_mixin.py:190} INFO - [2025-12-24T09:05:37.160+0000] {dag.py:3239} INFO - Sync 1 DAGs
[2025-12-24T09:05:37.178+0000] {logging_mixin.py:190} INFO - [2025-12-24T09:05:37.177+0000] {dag.py:4180} INFO - Setting next_dagrun for example_short_circuit_decorator to None, run_after=None
[2025-12-24T09:05:37.215+0000] {processor.py:208} INFO - Processing /home/airflow/.local/lib/python3.11/site-packages/airflow/example_dags/example_short_circuit_decorator.py took 0.115 seconds
[2025-12-24T09:06:39.759+0000] {processor.py:186} INFO - Started process (PID=618) to work on /home/airflow/.local/lib/python3.11/site-packages/airflow/example_dags/example_short_circuit_decorator.py
[2025-12-24T09:06:39.762+0000] {processor.py:914} INFO - Processing file /home/airflow/.local/lib/python3.11/site-packages/airflow/example_dags/example_short_circuit_decorator.py for tasks to queue
[2025-12-24T09:06:39.766+0000] {logging_mixin.py:190} INFO - [2025-12-24T09:06:39.765+0000] {dagbag.py:588} INFO - Filling up the DagBag from /home/airflow/.local/lib/python3.11/site-packages/airflow/example_dags/example_short_circuit_decorator.py
[2025-12-24T09:06:39.781+0000] {processor.py:925} INFO - DAG(s) 'example_short_circuit_decorator' retrieved from /home/airflow/.local/lib/python3.11/site-packages/airflow/example_dags/example_short_circuit_decorator.py
[2025-12-24T09:06:39.819+0000] {logging_mixin.py:190} INFO - [2025-12-24T09:06:39.818+0000] {dag.py:3239} INFO - Sync 1 DAGs
[2025-12-24T09:06:39.839+0000] {logging_mixin.py:190} INFO - [2025-12-24T09:06:39.838+0000] {dag.py:4180} INFO - Setting next_dagrun for example_short_circuit_decorator to None, run_after=None
[2025-12-24T09:06:39.865+0000] {processor.py:208} INFO - Processing /home/airflow/.local/lib/python3.11/site-packages/airflow/example_dags/example_short_circuit_decorator.py took 0.116 seconds
[2025-12-24T09:06:42.313+0000] {processor.py:186} INFO - Started process (PID=684) to work on /home/airflow/.local/lib/python3.11/site-packages/airflow/example_dags/example_short_circuit_decorator.py
[2025-12-24T09:06:42.315+0000] {processor.py:914} INFO - Processing file /home/airflow/.local/lib/python3.11/site-packages/airflow/example_dags/example_short_circuit_decorator.py for tasks to queue
[2025-12-24T09:06:42.319+0000] {logging_mixin.py:190} INFO - [2025-12-24T09:06:42.319+0000] {dagbag.py:588} INFO - Filling up the DagBag from /home/airflow/.local/lib/python3.11/site-packages/airflow/example_dags/example_short_circuit_decorator.py
[2025-12-24T09:06:42.336+0000] {processor.py:925} INFO - DAG(s) 'example_short_circuit_decorator' retrieved from /home/airflow/.local/lib/python3.11/site-packages/airflow/example_dags/example_short_circuit_decorator.py
[2025-12-24T09:06:42.377+0000] {logging_mixin.py:190} INFO - [2025-12-24T09:06:42.376+0000] {dag.py:3239} INFO - Sync 1 DAGs
[2025-12-24T09:06:42.401+0000] {logging_mixin.py:190} INFO - [2025-12-24T09:06:42.401+0000] {dag.py:4180} INFO - Setting next_dagrun for example_short_circuit_decorator to None, run_after=None
[2025-12-24T09:06:42.435+0000] {processor.py:208} INFO - Processing /home/airflow/.local/lib/python3.11/site-packages/airflow/example_dags/example_short_circuit_decorator.py took 0.133 seconds
[2025-12-24T09:07:11.869+0000] {processor.py:186} INFO - Started process (PID=750) to work on /home/airflow/.local/lib/python3.11/site-packages/airflow/example_dags/example_short_circuit_decorator.py
[2025-12-24T09:07:11.872+0000] {processor.py:914} INFO - Processing file /home/airflow/.local/lib/python3.11/site-packages/airflow/example_dags/example_short_circuit_decorator.py for tasks to queue
[2025-12-24T09:07:11.878+0000] {logging_mixin.py:190} INFO - [2025-12-24T09:07:11.878+0000] {dagbag.py:588} INFO - Filling up the DagBag from /home/airflow/.local/lib/python3.11/site-packages/airflow/example_dags/example_short_circuit_decorator.py
[2025-12-24T09:07:11.895+0000] {processor.py:925} INFO - DAG(s) 'example_short_circuit_decorator' retrieved from /home/airflow/.local/lib/python3.11/site-packages/airflow/example_dags/example_short_circuit_decorator.py
[2025-12-24T09:07:11.960+0000] {logging_mixin.py:190} INFO - [2025-12-24T09:07:11.959+0000] {dag.py:3239} INFO - Sync 1 DAGs
[2025-12-24T09:07:11.994+0000] {logging_mixin.py:190} INFO - [2025-12-24T09:07:11.994+0000] {dag.py:4180} INFO - Setting next_dagrun for example_short_circuit_decorator to None, run_after=None
[2025-12-24T09:07:12.022+0000] {processor.py:208} INFO - Processing /home/airflow/.local/lib/python3.11/site-packages/airflow/example_dags/example_short_circuit_decorator.py took 0.167 seconds
[2025-12-24T09:07:21.520+0000] {processor.py:186} INFO - Started process (PID=812) to work on /home/airflow/.local/lib/python3.11/site-packages/airflow/example_dags/example_short_circuit_decorator.py
[2025-12-24T09:07:21.522+0000] {processor.py:914} INFO - Processing file /home/airflow/.local/lib/python3.11/site-packages/airflow/example_dags/example_short_circuit_decorator.py for tasks to queue
[2025-12-24T09:07:21.526+0000] {logging_mixin.py:190} INFO - [2025-12-24T09:07:21.525+0000] {dagbag.py:588} INFO - Filling up the DagBag from /home/airflow/.local/lib/python3.11/site-packages/airflow/example_dags/example_short_circuit_decorator.py
[2025-12-24T09:07:21.540+0000] {processor.py:925} INFO - DAG(s) 'example_short_circuit_decorator' retrieved from /home/airflow/.local/lib/python3.11/site-packages/airflow/example_dags/example_short_circuit_decorator.py
[2025-12-24T09:07:21.575+0000] {logging_mixin.py:190} INFO - [2025-12-24T09:07:21.575+0000] {dag.py:3239} INFO - Sync 1 DAGs
[2025-12-24T09:07:21.593+0000] {logging_mixin.py:190} INFO - [2025-12-24T09:07:21.593+0000] {dag.py:4180} INFO - Setting next_dagrun for example_short_circuit_decorator to None, run_after=None
[2025-12-24T09:07:21.636+0000] {processor.py:208} INFO - Processing /home/airflow/.local/lib/python3.11/site-packages/airflow/example_dags/example_short_circuit_decorator.py took 0.126 seconds
[2025-12-24T09:07:31.803+0000] {processor.py:186} INFO - Started process (PID=869) to work on /home/airflow/.local/lib/python3.11/site-packages/airflow/example_dags/example_short_circuit_decorator.py
[2025-12-24T09:07:31.805+0000] {processor.py:914} INFO - Processing file /home/airflow/.local/lib/python3.11/site-packages/airflow/example_dags/example_short_circuit_decorator.py for tasks to queue
[2025-12-24T09:07:31.809+0000] {logging_mixin.py:190} INFO - [2025-12-24T09:07:31.809+0000] {dagbag.py:588} INFO - Filling up the DagBag from /home/airflow/.local/lib/python3.11/site-packages/airflow/example_dags/example_short_circuit_decorator.py
[2025-12-24T09:07:31.824+0000] {processor.py:925} INFO - DAG(s) 'example_short_circuit_decorator' retrieved from /home/airflow/.local/lib/python3.11/site-packages/airflow/example_dags/example_short_circuit_decorator.py
[2025-12-24T09:07:31.861+0000] {logging_mixin.py:190} INFO - [2025-12-24T09:07:31.860+0000] {dag.py:3239} INFO - Sync 1 DAGs
[2025-12-24T09:07:31.885+0000] {logging_mixin.py:190} INFO - [2025-12-24T09:07:31.884+0000] {dag.py:4180} INFO - Setting next_dagrun for example_short_circuit_decorator to None, run_after=None
[2025-12-24T09:07:31.925+0000] {processor.py:208} INFO - Processing /home/airflow/.local/lib/python3.11/site-packages/airflow/example_dags/example_short_circuit_decorator.py took 0.131 seconds
[2025-12-24T09:07:41.658+0000] {processor.py:186} INFO - Started process (PID=925) to work on /home/airflow/.local/lib/python3.11/site-packages/airflow/example_dags/example_short_circuit_decorator.py
[2025-12-24T09:07:41.659+0000] {processor.py:914} INFO - Processing file /home/airflow/.local/lib/python3.11/site-packages/airflow/example_dags/example_short_circuit_decorator.py for tasks to queue
[2025-12-24T09:07:41.665+0000] {logging_mixin.py:190} INFO - [2025-12-24T09:07:41.665+0000] {dagbag.py:588} INFO - Filling up the DagBag from /home/airflow/.local/lib/python3.11/site-packages/airflow/example_dags/example_short_circuit_decorator.py
[2025-12-24T09:07:41.684+0000] {processor.py:925} INFO - DAG(s) 'example_short_circuit_decorator' retrieved from /home/airflow/.local/lib/python3.11/site-packages/airflow/example_dags/example_short_circuit_decorator.py
[2025-12-24T09:07:41.737+0000] {logging_mixin.py:190} INFO - [2025-12-24T09:07:41.737+0000] {dag.py:3239} INFO - Sync 1 DAGs
[2025-12-24T09:07:41.778+0000] {logging_mixin.py:190} INFO - [2025-12-24T09:07:41.777+0000] {dag.py:4180} INFO - Setting next_dagrun for example_short_circuit_decorator to None, run_after=None
[2025-12-24T09:07:41.810+0000] {processor.py:208} INFO - Processing /home/airflow/.local/lib/python3.11/site-packages/airflow/example_dags/example_short_circuit_decorator.py took 0.165 seconds
[2025-12-24T09:08:39.154+0000] {processor.py:186} INFO - Started process (PID=986) to work on /home/airflow/.local/lib/python3.11/site-packages/airflow/example_dags/example_short_circuit_decorator.py
[2025-12-24T09:08:39.155+0000] {processor.py:914} INFO - Processing file /home/airflow/.local/lib/python3.11/site-packages/airflow/example_dags/example_short_circuit_decorator.py for tasks to queue
[2025-12-24T09:08:39.159+0000] {logging_mixin.py:190} INFO - [2025-12-24T09:08:39.159+0000] {dagbag.py:588} INFO - Filling up the DagBag from /home/airflow/.local/lib/python3.11/site-packages/airflow/example_dags/example_short_circuit_decorator.py
[2025-12-24T09:08:39.174+0000] {processor.py:925} INFO - DAG(s) 'example_short_circuit_decorator' retrieved from /home/airflow/.local/lib/python3.11/site-packages/airflow/example_dags/example_short_circuit_decorator.py
[2025-12-24T09:08:39.224+0000] {logging_mixin.py:190} INFO - [2025-12-24T09:08:39.222+0000] {dag.py:3239} INFO - Sync 1 DAGs
[2025-12-24T09:08:39.253+0000] {logging_mixin.py:190} INFO - [2025-12-24T09:08:39.252+0000] {dag.py:4180} INFO - Setting next_dagrun for example_short_circuit_decorator to None, run_after=None
[2025-12-24T09:08:39.280+0000] {processor.py:208} INFO - Processing /home/airflow/.local/lib/python3.11/site-packages/airflow/example_dags/example_short_circuit_decorator.py took 0.137 seconds
[2025-12-24T09:09:19.200+0000] {processor.py:186} INFO - Started process (PID=1053) to work on /home/airflow/.local/lib/python3.11/site-packages/airflow/example_dags/example_short_circuit_decorator.py
[2025-12-24T09:09:19.201+0000] {processor.py:914} INFO - Processing file /home/airflow/.local/lib/python3.11/site-packages/airflow/example_dags/example_short_circuit_decorator.py for tasks to queue
[2025-12-24T09:09:19.204+0000] {logging_mixin.py:190} INFO - [2025-12-24T09:09:19.204+0000] {dagbag.py:588} INFO - Filling up the DagBag from /home/airflow/.local/lib/python3.11/site-packages/airflow/example_dags/example_short_circuit_decorator.py
[2025-12-24T09:09:19.218+0000] {processor.py:925} INFO - DAG(s) 'example_short_circuit_decorator' retrieved from /home/airflow/.local/lib/python3.11/site-packages/airflow/example_dags/example_short_circuit_decorator.py
[2025-12-24T09:09:19.249+0000] {logging_mixin.py:190} INFO - [2025-12-24T09:09:19.249+0000] {dag.py:3239} INFO - Sync 1 DAGs
[2025-12-24T09:09:19.267+0000] {logging_mixin.py:190} INFO - [2025-12-24T09:09:19.267+0000] {dag.py:4180} INFO - Setting next_dagrun for example_short_circuit_decorator to None, run_after=None
[2025-12-24T09:09:19.291+0000] {processor.py:208} INFO - Processing /home/airflow/.local/lib/python3.11/site-packages/airflow/example_dags/example_short_circuit_decorator.py took 0.101 seconds
[2025-12-24T09:09:16.851+0000] {processor.py:186} INFO - Started process (PID=1133) to work on /home/airflow/.local/lib/python3.11/site-packages/airflow/example_dags/example_short_circuit_decorator.py
[2025-12-24T09:09:16.852+0000] {processor.py:914} INFO - Processing file /home/airflow/.local/lib/python3.11/site-packages/airflow/example_dags/example_short_circuit_decorator.py for tasks to queue
[2025-12-24T09:09:16.856+0000] {logging_mixin.py:190} INFO - [2025-12-24T09:09:16.855+0000] {dagbag.py:588} INFO - Filling up the DagBag from /home/airflow/.local/lib/python3.11/site-packages/airflow/example_dags/example_short_circuit_decorator.py
[2025-12-24T09:09:16.871+0000] {processor.py:925} INFO - DAG(s) 'example_short_circuit_decorator' retrieved from /home/airflow/.local/lib/python3.11/site-packages/airflow/example_dags/example_short_circuit_decorator.py
[2025-12-24T09:09:16.903+0000] {logging_mixin.py:190} INFO - [2025-12-24T09:09:16.902+0000] {dag.py:3239} INFO - Sync 1 DAGs
[2025-12-24T09:09:16.922+0000] {logging_mixin.py:190} INFO - [2025-12-24T09:09:16.922+0000] {dag.py:4180} INFO - Setting next_dagrun for example_short_circuit_decorator to None, run_after=None
[2025-12-24T09:09:16.949+0000] {processor.py:208} INFO - Processing /home/airflow/.local/lib/python3.11/site-packages/airflow/example_dags/example_short_circuit_decorator.py took 0.108 seconds
[2025-12-24T09:10:24.424+0000] {processor.py:186} INFO - Started process (PID=1193) to work on /home/airflow/.local/lib/python3.11/site-packages/airflow/example_dags/example_short_circuit_decorator.py
[2025-12-24T09:10:24.425+0000] {processor.py:914} INFO - Processing file /home/airflow/.local/lib/python3.11/site-packages/airflow/example_dags/example_short_circuit_decorator.py for tasks to queue
[2025-12-24T09:10:24.429+0000] {logging_mixin.py:190} INFO - [2025-12-24T09:10:24.428+0000] {dagbag.py:588} INFO - Filling up the DagBag from /home/airflow/.local/lib/python3.11/site-packages/airflow/example_dags/example_short_circuit_decorator.py
[2025-12-24T09:10:24.442+0000] {processor.py:925} INFO - DAG(s) 'example_short_circuit_decorator' retrieved from /home/airflow/.local/lib/python3.11/site-packages/airflow/example_dags/example_short_circuit_decorator.py
[2025-12-24T09:10:24.475+0000] {logging_mixin.py:190} INFO - [2025-12-24T09:10:24.474+0000] {dag.py:3239} INFO - Sync 1 DAGs
[2025-12-24T09:10:24.498+0000] {logging_mixin.py:190} INFO - [2025-12-24T09:10:24.497+0000] {dag.py:4180} INFO - Setting next_dagrun for example_short_circuit_decorator to None, run_after=None
[2025-12-24T09:10:24.526+0000] {processor.py:208} INFO - Processing /home/airflow/.local/lib/python3.11/site-packages/airflow/example_dags/example_short_circuit_decorator.py took 0.111 seconds
[2025-12-24T09:10:17.119+0000] {processor.py:186} INFO - Started process (PID=1265) to work on /home/airflow/.local/lib/python3.11/site-packages/airflow/example_dags/example_short_circuit_decorator.py
[2025-12-24T09:10:17.120+0000] {processor.py:914} INFO - Processing file /home/airflow/.local/lib/python3.11/site-packages/airflow/example_dags/example_short_circuit_decorator.py for tasks to queue
[2025-12-24T09:10:17.124+0000] {logging_mixin.py:190} INFO - [2025-12-24T09:10:17.124+0000] {dagbag.py:588} INFO - Filling up the DagBag from /home/airflow/.local/lib/python3.11/site-packages/airflow/example_dags/example_short_circuit_decorator.py
[2025-12-24T09:10:17.140+0000] {processor.py:925} INFO - DAG(s) 'example_short_circuit_decorator' retrieved from /home/airflow/.local/lib/python3.11/site-packages/airflow/example_dags/example_short_circuit_decorator.py
[2025-12-24T09:10:17.213+0000] {logging_mixin.py:190} INFO - [2025-12-24T09:10:17.211+0000] {dag.py:3239} INFO - Sync 1 DAGs
[2025-12-24T09:10:17.237+0000] {logging_mixin.py:190} INFO - [2025-12-24T09:10:17.237+0000] {dag.py:4180} INFO - Setting next_dagrun for example_short_circuit_decorator to None, run_after=None
[2025-12-24T09:10:17.273+0000] {processor.py:208} INFO - Processing /home/airflow/.local/lib/python3.11/site-packages/airflow/example_dags/example_short_circuit_decorator.py took 0.164 seconds
[2025-12-24T09:10:47.159+0000] {processor.py:186} INFO - Started process (PID=1314) to work on /home/airflow/.local/lib/python3.11/site-packages/airflow/example_dags/example_short_circuit_decorator.py
[2025-12-24T09:10:47.161+0000] {processor.py:914} INFO - Processing file /home/airflow/.local/lib/python3.11/site-packages/airflow/example_dags/example_short_circuit_decorator.py for tasks to queue
[2025-12-24T09:10:47.165+0000] {logging_mixin.py:190} INFO - [2025-12-24T09:10:47.165+0000] {dagbag.py:588} INFO - Filling up the DagBag from /home/airflow/.local/lib/python3.11/site-packages/airflow/example_dags/example_short_circuit_decorator.py
[2025-12-24T09:10:47.182+0000] {processor.py:925} INFO - DAG(s) 'example_short_circuit_decorator' retrieved from /home/airflow/.local/lib/python3.11/site-packages/airflow/example_dags/example_short_circuit_decorator.py
[2025-12-24T09:10:47.217+0000] {logging_mixin.py:190} INFO - [2025-12-24T09:10:47.216+0000] {dag.py:3239} INFO - Sync 1 DAGs
[2025-12-24T09:10:47.234+0000] {logging_mixin.py:190} INFO - [2025-12-24T09:10:47.233+0000] {dag.py:4180} INFO - Setting next_dagrun for example_short_circuit_decorator to None, run_after=None
[2025-12-24T09:10:47.278+0000] {processor.py:208} INFO - Processing /home/airflow/.local/lib/python3.11/site-packages/airflow/example_dags/example_short_circuit_decorator.py took 0.129 seconds
[2025-12-24T09:10:56.889+0000] {processor.py:186} INFO - Started process (PID=1371) to work on /home/airflow/.local/lib/python3.11/site-packages/airflow/example_dags/example_short_circuit_decorator.py
[2025-12-24T09:10:56.891+0000] {processor.py:914} INFO - Processing file /home/airflow/.local/lib/python3.11/site-packages/airflow/example_dags/example_short_circuit_decorator.py for tasks to queue
[2025-12-24T09:10:56.894+0000] {logging_mixin.py:190} INFO - [2025-12-24T09:10:56.894+0000] {dagbag.py:588} INFO - Filling up the DagBag from /home/airflow/.local/lib/python3.11/site-packages/airflow/example_dags/example_short_circuit_decorator.py
[2025-12-24T09:10:56.912+0000] {processor.py:925} INFO - DAG(s) 'example_short_circuit_decorator' retrieved from /home/airflow/.local/lib/python3.11/site-packages/airflow/example_dags/example_short_circuit_decorator.py
[2025-12-24T09:10:56.948+0000] {logging_mixin.py:190} INFO - [2025-12-24T09:10:56.947+0000] {dag.py:3239} INFO - Sync 1 DAGs
[2025-12-24T09:10:56.969+0000] {logging_mixin.py:190} INFO - [2025-12-24T09:10:56.969+0000] {dag.py:4180} INFO - Setting next_dagrun for example_short_circuit_decorator to None, run_after=None
[2025-12-24T09:10:57.001+0000] {processor.py:208} INFO - Processing /home/airflow/.local/lib/python3.11/site-packages/airflow/example_dags/example_short_circuit_decorator.py took 0.122 seconds
[2025-12-24T09:11:27.842+0000] {processor.py:186} INFO - Started process (PID=1434) to work on /home/airflow/.local/lib/python3.11/site-packages/airflow/example_dags/example_short_circuit_decorator.py
[2025-12-24T09:11:27.843+0000] {processor.py:914} INFO - Processing file /home/airflow/.local/lib/python3.11/site-packages/airflow/example_dags/example_short_circuit_decorator.py for tasks to queue
[2025-12-24T09:11:27.848+0000] {logging_mixin.py:190} INFO - [2025-12-24T09:11:27.847+0000] {dagbag.py:588} INFO - Filling up the DagBag from /home/airflow/.local/lib/python3.11/site-packages/airflow/example_dags/example_short_circuit_decorator.py
[2025-12-24T09:11:27.865+0000] {processor.py:925} INFO - DAG(s) 'example_short_circuit_decorator' retrieved from /home/airflow/.local/lib/python3.11/site-packages/airflow/example_dags/example_short_circuit_decorator.py
[2025-12-24T09:11:27.904+0000] {logging_mixin.py:190} INFO - [2025-12-24T09:11:27.904+0000] {dag.py:3239} INFO - Sync 1 DAGs
[2025-12-24T09:11:27.924+0000] {logging_mixin.py:190} INFO - [2025-12-24T09:11:27.923+0000] {dag.py:4180} INFO - Setting next_dagrun for example_short_circuit_decorator to None, run_after=None
[2025-12-24T09:11:27.955+0000] {processor.py:208} INFO - Processing /home/airflow/.local/lib/python3.11/site-packages/airflow/example_dags/example_short_circuit_decorator.py took 0.124 seconds
[2025-12-24T09:12:30.080+0000] {processor.py:186} INFO - Started process (PID=1497) to work on /home/airflow/.local/lib/python3.11/site-packages/airflow/example_dags/example_short_circuit_decorator.py
[2025-12-24T09:12:30.082+0000] {processor.py:914} INFO - Processing file /home/airflow/.local/lib/python3.11/site-packages/airflow/example_dags/example_short_circuit_decorator.py for tasks to queue
[2025-12-24T09:12:30.085+0000] {logging_mixin.py:190} INFO - [2025-12-24T09:12:30.085+0000] {dagbag.py:588} INFO - Filling up the DagBag from /home/airflow/.local/lib/python3.11/site-packages/airflow/example_dags/example_short_circuit_decorator.py
[2025-12-24T09:12:30.101+0000] {processor.py:925} INFO - DAG(s) 'example_short_circuit_decorator' retrieved from /home/airflow/.local/lib/python3.11/site-packages/airflow/example_dags/example_short_circuit_decorator.py
[2025-12-24T09:12:30.139+0000] {logging_mixin.py:190} INFO - [2025-12-24T09:12:30.139+0000] {dag.py:3239} INFO - Sync 1 DAGs
[2025-12-24T09:12:30.170+0000] {logging_mixin.py:190} INFO - [2025-12-24T09:12:30.170+0000] {dag.py:4180} INFO - Setting next_dagrun for example_short_circuit_decorator to None, run_after=None
[2025-12-24T09:12:30.201+0000] {processor.py:208} INFO - Processing /home/airflow/.local/lib/python3.11/site-packages/airflow/example_dags/example_short_circuit_decorator.py took 0.131 seconds
[2025-12-24T09:12:42.137+0000] {processor.py:186} INFO - Started process (PID=1561) to work on /home/airflow/.local/lib/python3.11/site-packages/airflow/example_dags/example_short_circuit_decorator.py
[2025-12-24T09:12:42.138+0000] {processor.py:914} INFO - Processing file /home/airflow/.local/lib/python3.11/site-packages/airflow/example_dags/example_short_circuit_decorator.py for tasks to queue
[2025-12-24T09:12:42.142+0000] {logging_mixin.py:190} INFO - [2025-12-24T09:12:42.142+0000] {dagbag.py:588} INFO - Filling up the DagBag from /home/airflow/.local/lib/python3.11/site-packages/airflow/example_dags/example_short_circuit_decorator.py
[2025-12-24T09:12:42.157+0000] {processor.py:925} INFO - DAG(s) 'example_short_circuit_decorator' retrieved from /home/airflow/.local/lib/python3.11/site-packages/airflow/example_dags/example_short_circuit_decorator.py
[2025-12-24T09:12:42.192+0000] {logging_mixin.py:190} INFO - [2025-12-24T09:12:42.192+0000] {dag.py:3239} INFO - Sync 1 DAGs
[2025-12-24T09:12:42.210+0000] {logging_mixin.py:190} INFO - [2025-12-24T09:12:42.210+0000] {dag.py:4180} INFO - Setting next_dagrun for example_short_circuit_decorator to None, run_after=None
[2025-12-24T09:12:42.241+0000] {processor.py:208} INFO - Processing /home/airflow/.local/lib/python3.11/site-packages/airflow/example_dags/example_short_circuit_decorator.py took 0.113 seconds
[2025-12-24T09:13:30.920+0000] {processor.py:186} INFO - Started process (PID=1628) to work on /home/airflow/.local/lib/python3.11/site-packages/airflow/example_dags/example_short_circuit_decorator.py
[2025-12-24T09:13:30.922+0000] {processor.py:914} INFO - Processing file /home/airflow/.local/lib/python3.11/site-packages/airflow/example_dags/example_short_circuit_decorator.py for tasks to queue
[2025-12-24T09:13:30.925+0000] {logging_mixin.py:190} INFO - [2025-12-24T09:13:30.925+0000] {dagbag.py:588} INFO - Filling up the DagBag from /home/airflow/.local/lib/python3.11/site-packages/airflow/example_dags/example_short_circuit_decorator.py
[2025-12-24T09:13:30.940+0000] {processor.py:925} INFO - DAG(s) 'example_short_circuit_decorator' retrieved from /home/airflow/.local/lib/python3.11/site-packages/airflow/example_dags/example_short_circuit_decorator.py
[2025-12-24T09:13:30.973+0000] {logging_mixin.py:190} INFO - [2025-12-24T09:13:30.973+0000] {dag.py:3239} INFO - Sync 1 DAGs
[2025-12-24T09:13:30.991+0000] {logging_mixin.py:190} INFO - [2025-12-24T09:13:30.991+0000] {dag.py:4180} INFO - Setting next_dagrun for example_short_circuit_decorator to None, run_after=None
[2025-12-24T09:13:31.017+0000] {processor.py:208} INFO - Processing /home/airflow/.local/lib/python3.11/site-packages/airflow/example_dags/example_short_circuit_decorator.py took 0.105 seconds
[2025-12-24T09:14:24.517+0000] {processor.py:186} INFO - Started process (PID=1678) to work on /home/airflow/.local/lib/python3.11/site-packages/airflow/example_dags/example_short_circuit_decorator.py
[2025-12-24T09:14:24.519+0000] {processor.py:914} INFO - Processing file /home/airflow/.local/lib/python3.11/site-packages/airflow/example_dags/example_short_circuit_decorator.py for tasks to queue
[2025-12-24T09:14:24.524+0000] {logging_mixin.py:190} INFO - [2025-12-24T09:14:24.523+0000] {dagbag.py:588} INFO - Filling up the DagBag from /home/airflow/.local/lib/python3.11/site-packages/airflow/example_dags/example_short_circuit_decorator.py
[2025-12-24T09:14:24.541+0000] {processor.py:925} INFO - DAG(s) 'example_short_circuit_decorator' retrieved from /home/airflow/.local/lib/python3.11/site-packages/airflow/example_dags/example_short_circuit_decorator.py
[2025-12-24T09:14:24.573+0000] {logging_mixin.py:190} INFO - [2025-12-24T09:14:24.572+0000] {dag.py:3239} INFO - Sync 1 DAGs
[2025-12-24T09:14:24.595+0000] {logging_mixin.py:190} INFO - [2025-12-24T09:14:24.594+0000] {dag.py:4180} INFO - Setting next_dagrun for example_short_circuit_decorator to None, run_after=None
[2025-12-24T09:14:24.621+0000] {processor.py:208} INFO - Processing /home/airflow/.local/lib/python3.11/site-packages/airflow/example_dags/example_short_circuit_decorator.py took 0.112 seconds
[2025-12-24T09:14:37.236+0000] {processor.py:186} INFO - Started process (PID=1750) to work on /home/airflow/.local/lib/python3.11/site-packages/airflow/example_dags/example_short_circuit_decorator.py
[2025-12-24T09:14:37.237+0000] {processor.py:914} INFO - Processing file /home/airflow/.local/lib/python3.11/site-packages/airflow/example_dags/example_short_circuit_decorator.py for tasks to queue
[2025-12-24T09:14:37.241+0000] {logging_mixin.py:190} INFO - [2025-12-24T09:14:37.241+0000] {dagbag.py:588} INFO - Filling up the DagBag from /home/airflow/.local/lib/python3.11/site-packages/airflow/example_dags/example_short_circuit_decorator.py
[2025-12-24T09:14:37.257+0000] {processor.py:925} INFO - DAG(s) 'example_short_circuit_decorator' retrieved from /home/airflow/.local/lib/python3.11/site-packages/airflow/example_dags/example_short_circuit_decorator.py
[2025-12-24T09:14:37.293+0000] {logging_mixin.py:190} INFO - [2025-12-24T09:14:37.293+0000] {dag.py:3239} INFO - Sync 1 DAGs
[2025-12-24T09:14:37.312+0000] {logging_mixin.py:190} INFO - [2025-12-24T09:14:37.311+0000] {dag.py:4180} INFO - Setting next_dagrun for example_short_circuit_decorator to None, run_after=None
[2025-12-24T09:14:37.343+0000] {processor.py:208} INFO - Processing /home/airflow/.local/lib/python3.11/site-packages/airflow/example_dags/example_short_circuit_decorator.py took 0.119 seconds
[2025-12-24T09:15:08.113+0000] {processor.py:186} INFO - Started process (PID=1814) to work on /home/airflow/.local/lib/python3.11/site-packages/airflow/example_dags/example_short_circuit_decorator.py
[2025-12-24T09:15:08.114+0000] {processor.py:914} INFO - Processing file /home/airflow/.local/lib/python3.11/site-packages/airflow/example_dags/example_short_circuit_decorator.py for tasks to queue
[2025-12-24T09:15:08.119+0000] {logging_mixin.py:190} INFO - [2025-12-24T09:15:08.118+0000] {dagbag.py:588} INFO - Filling up the DagBag from /home/airflow/.local/lib/python3.11/site-packages/airflow/example_dags/example_short_circuit_decorator.py
[2025-12-24T09:15:08.137+0000] {processor.py:925} INFO - DAG(s) 'example_short_circuit_decorator' retrieved from /home/airflow/.local/lib/python3.11/site-packages/airflow/example_dags/example_short_circuit_decorator.py
[2025-12-24T09:15:08.176+0000] {logging_mixin.py:190} INFO - [2025-12-24T09:15:08.175+0000] {dag.py:3239} INFO - Sync 1 DAGs
[2025-12-24T09:15:08.198+0000] {logging_mixin.py:190} INFO - [2025-12-24T09:15:08.198+0000] {dag.py:4180} INFO - Setting next_dagrun for example_short_circuit_decorator to None, run_after=None
[2025-12-24T09:15:08.227+0000] {processor.py:208} INFO - Processing /home/airflow/.local/lib/python3.11/site-packages/airflow/example_dags/example_short_circuit_decorator.py took 0.125 seconds
[2025-12-24T09:15:38.957+0000] {processor.py:186} INFO - Started process (PID=1877) to work on /home/airflow/.local/lib/python3.11/site-packages/airflow/example_dags/example_short_circuit_decorator.py
[2025-12-24T09:15:38.961+0000] {processor.py:914} INFO - Processing file /home/airflow/.local/lib/python3.11/site-packages/airflow/example_dags/example_short_circuit_decorator.py for tasks to queue
[2025-12-24T09:15:38.966+0000] {logging_mixin.py:190} INFO - [2025-12-24T09:15:38.965+0000] {dagbag.py:588} INFO - Filling up the DagBag from /home/airflow/.local/lib/python3.11/site-packages/airflow/example_dags/example_short_circuit_decorator.py
[2025-12-24T09:15:38.986+0000] {processor.py:925} INFO - DAG(s) 'example_short_circuit_decorator' retrieved from /home/airflow/.local/lib/python3.11/site-packages/airflow/example_dags/example_short_circuit_decorator.py
[2025-12-24T09:15:39.038+0000] {logging_mixin.py:190} INFO - [2025-12-24T09:15:39.037+0000] {dag.py:3239} INFO - Sync 1 DAGs
[2025-12-24T09:15:39.065+0000] {logging_mixin.py:190} INFO - [2025-12-24T09:15:39.064+0000] {dag.py:4180} INFO - Setting next_dagrun for example_short_circuit_decorator to None, run_after=None
[2025-12-24T09:15:39.099+0000] {processor.py:208} INFO - Processing /home/airflow/.local/lib/python3.11/site-packages/airflow/example_dags/example_short_circuit_decorator.py took 0.156 seconds
[2025-12-24T09:16:40.098+0000] {processor.py:186} INFO - Started process (PID=1943) to work on /home/airflow/.local/lib/python3.11/site-packages/airflow/example_dags/example_short_circuit_decorator.py
[2025-12-24T09:16:40.099+0000] {processor.py:914} INFO - Processing file /home/airflow/.local/lib/python3.11/site-packages/airflow/example_dags/example_short_circuit_decorator.py for tasks to queue
[2025-12-24T09:16:40.103+0000] {logging_mixin.py:190} INFO - [2025-12-24T09:16:40.103+0000] {dagbag.py:588} INFO - Filling up the DagBag from /home/airflow/.local/lib/python3.11/site-packages/airflow/example_dags/example_short_circuit_decorator.py
[2025-12-24T09:16:40.119+0000] {processor.py:925} INFO - DAG(s) 'example_short_circuit_decorator' retrieved from /home/airflow/.local/lib/python3.11/site-packages/airflow/example_dags/example_short_circuit_decorator.py
[2025-12-24T09:16:40.149+0000] {logging_mixin.py:190} INFO - [2025-12-24T09:16:40.149+0000] {dag.py:3239} INFO - Sync 1 DAGs
[2025-12-24T09:16:40.166+0000] {logging_mixin.py:190} INFO - [2025-12-24T09:16:40.166+0000] {dag.py:4180} INFO - Setting next_dagrun for example_short_circuit_decorator to None, run_after=None
[2025-12-24T09:16:40.192+0000] {processor.py:208} INFO - Processing /home/airflow/.local/lib/python3.11/site-packages/airflow/example_dags/example_short_circuit_decorator.py took 0.103 seconds
[2025-12-24T09:24:11.228+0000] {processor.py:186} INFO - Started process (PID=83) to work on /home/airflow/.local/lib/python3.11/site-packages/airflow/example_dags/example_short_circuit_decorator.py
[2025-12-24T09:24:11.230+0000] {processor.py:914} INFO - Processing file /home/airflow/.local/lib/python3.11/site-packages/airflow/example_dags/example_short_circuit_decorator.py for tasks to queue
[2025-12-24T09:24:11.235+0000] {logging_mixin.py:190} INFO - [2025-12-24T09:24:11.235+0000] {dagbag.py:588} INFO - Filling up the DagBag from /home/airflow/.local/lib/python3.11/site-packages/airflow/example_dags/example_short_circuit_decorator.py
[2025-12-24T09:24:11.254+0000] {processor.py:925} INFO - DAG(s) 'example_short_circuit_decorator' retrieved from /home/airflow/.local/lib/python3.11/site-packages/airflow/example_dags/example_short_circuit_decorator.py
[2025-12-24T09:24:11.443+0000] {logging_mixin.py:190} INFO - [2025-12-24T09:24:11.442+0000] {override.py:1911} INFO - Created Permission View: can delete on DAG:example_short_circuit_decorator
[2025-12-24T09:24:11.459+0000] {logging_mixin.py:190} INFO - [2025-12-24T09:24:11.458+0000] {override.py:1911} INFO - Created Permission View: can read on DAG:example_short_circuit_decorator
[2025-12-24T09:24:11.475+0000] {logging_mixin.py:190} INFO - [2025-12-24T09:24:11.474+0000] {override.py:1911} INFO - Created Permission View: can edit on DAG:example_short_circuit_decorator
[2025-12-24T09:24:11.498+0000] {logging_mixin.py:190} INFO - [2025-12-24T09:24:11.498+0000] {override.py:1911} INFO - Created Permission View: menu access on DAG Run:example_short_circuit_decorator
[2025-12-24T09:24:11.517+0000] {logging_mixin.py:190} INFO - [2025-12-24T09:24:11.517+0000] {override.py:1911} INFO - Created Permission View: can create on DAG Run:example_short_circuit_decorator
[2025-12-24T09:24:11.538+0000] {logging_mixin.py:190} INFO - [2025-12-24T09:24:11.537+0000] {override.py:1911} INFO - Created Permission View: can delete on DAG Run:example_short_circuit_decorator
[2025-12-24T09:24:11.549+0000] {logging_mixin.py:190} INFO - [2025-12-24T09:24:11.549+0000] {override.py:1911} INFO - Created Permission View: can read on DAG Run:example_short_circuit_decorator
[2025-12-24T09:24:11.550+0000] {logging_mixin.py:190} INFO - [2025-12-24T09:24:11.550+0000] {dag.py:3239} INFO - Sync 1 DAGs
[2025-12-24T09:24:11.569+0000] {logging_mixin.py:190} INFO - [2025-12-24T09:24:11.569+0000] {dag.py:3262} INFO - Creating ORM DAG for example_short_circuit_decorator
[2025-12-24T09:24:11.571+0000] {logging_mixin.py:190} INFO - [2025-12-24T09:24:11.571+0000] {dag.py:4180} INFO - Setting next_dagrun for example_short_circuit_decorator to None, run_after=None
[2025-12-24T09:24:11.605+0000] {processor.py:208} INFO - Processing /home/airflow/.local/lib/python3.11/site-packages/airflow/example_dags/example_short_circuit_decorator.py took 0.388 seconds
[2025-12-24T09:24:03.617+0000] {processor.py:186} INFO - Started process (PID=181) to work on /home/airflow/.local/lib/python3.11/site-packages/airflow/example_dags/example_short_circuit_decorator.py
[2025-12-24T09:24:03.618+0000] {processor.py:914} INFO - Processing file /home/airflow/.local/lib/python3.11/site-packages/airflow/example_dags/example_short_circuit_decorator.py for tasks to queue
[2025-12-24T09:24:03.622+0000] {logging_mixin.py:190} INFO - [2025-12-24T09:24:03.622+0000] {dagbag.py:588} INFO - Filling up the DagBag from /home/airflow/.local/lib/python3.11/site-packages/airflow/example_dags/example_short_circuit_decorator.py
[2025-12-24T09:24:03.643+0000] {processor.py:925} INFO - DAG(s) 'example_short_circuit_decorator' retrieved from /home/airflow/.local/lib/python3.11/site-packages/airflow/example_dags/example_short_circuit_decorator.py
[2025-12-24T09:24:03.668+0000] {logging_mixin.py:190} INFO - [2025-12-24T09:24:03.667+0000] {dag.py:3239} INFO - Sync 1 DAGs
[2025-12-24T09:24:03.689+0000] {logging_mixin.py:190} INFO - [2025-12-24T09:24:03.689+0000] {dag.py:4180} INFO - Setting next_dagrun for example_short_circuit_decorator to None, run_after=None
[2025-12-24T09:24:03.715+0000] {processor.py:208} INFO - Processing /home/airflow/.local/lib/python3.11/site-packages/airflow/example_dags/example_short_circuit_decorator.py took 0.109 seconds
[2025-12-24T09:24:12.324+0000] {processor.py:186} INFO - Started process (PID=221) to work on /home/airflow/.local/lib/python3.11/site-packages/airflow/example_dags/example_short_circuit_decorator.py
[2025-12-24T09:24:12.327+0000] {processor.py:914} INFO - Processing file /home/airflow/.local/lib/python3.11/site-packages/airflow/example_dags/example_short_circuit_decorator.py for tasks to queue
[2025-12-24T09:24:12.333+0000] {logging_mixin.py:190} INFO - [2025-12-24T09:24:12.332+0000] {dagbag.py:588} INFO - Filling up the DagBag from /home/airflow/.local/lib/python3.11/site-packages/airflow/example_dags/example_short_circuit_decorator.py
[2025-12-24T09:24:12.363+0000] {processor.py:925} INFO - DAG(s) 'example_short_circuit_decorator' retrieved from /home/airflow/.local/lib/python3.11/site-packages/airflow/example_dags/example_short_circuit_decorator.py
[2025-12-24T09:24:12.431+0000] {logging_mixin.py:190} INFO - [2025-12-24T09:24:12.428+0000] {dag.py:3239} INFO - Sync 1 DAGs
[2025-12-24T09:24:12.473+0000] {logging_mixin.py:190} INFO - [2025-12-24T09:24:12.472+0000] {dag.py:4180} INFO - Setting next_dagrun for example_short_circuit_decorator to None, run_after=None
[2025-12-24T09:24:12.519+0000] {processor.py:208} INFO - Processing /home/airflow/.local/lib/python3.11/site-packages/airflow/example_dags/example_short_circuit_decorator.py took 0.209 seconds
[2025-12-24T09:24:53.522+0000] {processor.py:186} INFO - Started process (PID=338) to work on /home/airflow/.local/lib/python3.11/site-packages/airflow/example_dags/example_short_circuit_decorator.py
[2025-12-24T09:24:53.526+0000] {processor.py:914} INFO - Processing file /home/airflow/.local/lib/python3.11/site-packages/airflow/example_dags/example_short_circuit_decorator.py for tasks to queue
[2025-12-24T09:24:53.536+0000] {logging_mixin.py:190} INFO - [2025-12-24T09:24:53.535+0000] {dagbag.py:588} INFO - Filling up the DagBag from /home/airflow/.local/lib/python3.11/site-packages/airflow/example_dags/example_short_circuit_decorator.py
[2025-12-24T09:24:53.556+0000] {processor.py:925} INFO - DAG(s) 'example_short_circuit_decorator' retrieved from /home/airflow/.local/lib/python3.11/site-packages/airflow/example_dags/example_short_circuit_decorator.py
[2025-12-24T09:24:53.603+0000] {logging_mixin.py:190} INFO - [2025-12-24T09:24:53.602+0000] {dag.py:3239} INFO - Sync 1 DAGs
[2025-12-24T09:24:53.631+0000] {logging_mixin.py:190} INFO - [2025-12-24T09:24:53.630+0000] {dag.py:4180} INFO - Setting next_dagrun for example_short_circuit_decorator to None, run_after=None
[2025-12-24T09:24:53.672+0000] {processor.py:208} INFO - Processing /home/airflow/.local/lib/python3.11/site-packages/airflow/example_dags/example_short_circuit_decorator.py took 0.167 seconds
[2025-12-24T09:25:12.165+0000] {processor.py:186} INFO - Started process (PID=400) to work on /home/airflow/.local/lib/python3.11/site-packages/airflow/example_dags/example_short_circuit_decorator.py
[2025-12-24T09:25:12.167+0000] {processor.py:914} INFO - Processing file /home/airflow/.local/lib/python3.11/site-packages/airflow/example_dags/example_short_circuit_decorator.py for tasks to queue
[2025-12-24T09:25:12.171+0000] {logging_mixin.py:190} INFO - [2025-12-24T09:25:12.171+0000] {dagbag.py:588} INFO - Filling up the DagBag from /home/airflow/.local/lib/python3.11/site-packages/airflow/example_dags/example_short_circuit_decorator.py
[2025-12-24T09:25:12.185+0000] {processor.py:925} INFO - DAG(s) 'example_short_circuit_decorator' retrieved from /home/airflow/.local/lib/python3.11/site-packages/airflow/example_dags/example_short_circuit_decorator.py
[2025-12-24T09:25:12.222+0000] {logging_mixin.py:190} INFO - [2025-12-24T09:25:12.222+0000] {dag.py:3239} INFO - Sync 1 DAGs
[2025-12-24T09:25:12.245+0000] {logging_mixin.py:190} INFO - [2025-12-24T09:25:12.245+0000] {dag.py:4180} INFO - Setting next_dagrun for example_short_circuit_decorator to None, run_after=None
[2025-12-24T09:25:12.279+0000] {processor.py:208} INFO - Processing /home/airflow/.local/lib/python3.11/site-packages/airflow/example_dags/example_short_circuit_decorator.py took 0.129 seconds
[2025-12-24T09:25:18.546+0000] {processor.py:186} INFO - Started process (PID=454) to work on /home/airflow/.local/lib/python3.11/site-packages/airflow/example_dags/example_short_circuit_decorator.py
[2025-12-24T09:25:18.548+0000] {processor.py:914} INFO - Processing file /home/airflow/.local/lib/python3.11/site-packages/airflow/example_dags/example_short_circuit_decorator.py for tasks to queue
[2025-12-24T09:25:18.553+0000] {logging_mixin.py:190} INFO - [2025-12-24T09:25:18.552+0000] {dagbag.py:588} INFO - Filling up the DagBag from /home/airflow/.local/lib/python3.11/site-packages/airflow/example_dags/example_short_circuit_decorator.py
[2025-12-24T09:25:18.571+0000] {processor.py:925} INFO - DAG(s) 'example_short_circuit_decorator' retrieved from /home/airflow/.local/lib/python3.11/site-packages/airflow/example_dags/example_short_circuit_decorator.py
[2025-12-24T09:25:18.608+0000] {logging_mixin.py:190} INFO - [2025-12-24T09:25:18.607+0000] {dag.py:3239} INFO - Sync 1 DAGs
[2025-12-24T09:25:18.627+0000] {logging_mixin.py:190} INFO - [2025-12-24T09:25:18.627+0000] {dag.py:4180} INFO - Setting next_dagrun for example_short_circuit_decorator to None, run_after=None
[2025-12-24T09:25:18.659+0000] {processor.py:208} INFO - Processing /home/airflow/.local/lib/python3.11/site-packages/airflow/example_dags/example_short_circuit_decorator.py took 0.128 seconds
[2025-12-24T09:25:49.509+0000] {processor.py:186} INFO - Started process (PID=512) to work on /home/airflow/.local/lib/python3.11/site-packages/airflow/example_dags/example_short_circuit_decorator.py
[2025-12-24T09:25:49.511+0000] {processor.py:914} INFO - Processing file /home/airflow/.local/lib/python3.11/site-packages/airflow/example_dags/example_short_circuit_decorator.py for tasks to queue
[2025-12-24T09:25:49.516+0000] {logging_mixin.py:190} INFO - [2025-12-24T09:25:49.515+0000] {dagbag.py:588} INFO - Filling up the DagBag from /home/airflow/.local/lib/python3.11/site-packages/airflow/example_dags/example_short_circuit_decorator.py
[2025-12-24T09:25:49.537+0000] {processor.py:925} INFO - DAG(s) 'example_short_circuit_decorator' retrieved from /home/airflow/.local/lib/python3.11/site-packages/airflow/example_dags/example_short_circuit_decorator.py
[2025-12-24T09:25:49.586+0000] {logging_mixin.py:190} INFO - [2025-12-24T09:25:49.585+0000] {dag.py:3239} INFO - Sync 1 DAGs
[2025-12-24T09:25:49.613+0000] {logging_mixin.py:190} INFO - [2025-12-24T09:25:49.612+0000] {dag.py:4180} INFO - Setting next_dagrun for example_short_circuit_decorator to None, run_after=None
[2025-12-24T09:25:49.652+0000] {processor.py:208} INFO - Processing /home/airflow/.local/lib/python3.11/site-packages/airflow/example_dags/example_short_circuit_decorator.py took 0.156 seconds
[2025-12-24T09:25:54.194+0000] {processor.py:186} INFO - Started process (PID=543) to work on /home/airflow/.local/lib/python3.11/site-packages/airflow/example_dags/example_short_circuit_decorator.py
[2025-12-24T09:25:54.197+0000] {processor.py:914} INFO - Processing file /home/airflow/.local/lib/python3.11/site-packages/airflow/example_dags/example_short_circuit_decorator.py for tasks to queue
[2025-12-24T09:25:54.202+0000] {logging_mixin.py:190} INFO - [2025-12-24T09:25:54.202+0000] {dagbag.py:588} INFO - Filling up the DagBag from /home/airflow/.local/lib/python3.11/site-packages/airflow/example_dags/example_short_circuit_decorator.py
[2025-12-24T09:25:54.237+0000] {processor.py:925} INFO - DAG(s) 'example_short_circuit_decorator' retrieved from /home/airflow/.local/lib/python3.11/site-packages/airflow/example_dags/example_short_circuit_decorator.py
[2025-12-24T09:25:54.286+0000] {logging_mixin.py:190} INFO - [2025-12-24T09:25:54.285+0000] {dag.py:3239} INFO - Sync 1 DAGs
[2025-12-24T09:25:54.310+0000] {logging_mixin.py:190} INFO - [2025-12-24T09:25:54.309+0000] {dag.py:4180} INFO - Setting next_dagrun for example_short_circuit_decorator to None, run_after=None
[2025-12-24T09:25:54.343+0000] {processor.py:208} INFO - Processing /home/airflow/.local/lib/python3.11/site-packages/airflow/example_dags/example_short_circuit_decorator.py took 0.163 seconds
[2025-12-24T09:26:03.759+0000] {processor.py:186} INFO - Started process (PID=607) to work on /home/airflow/.local/lib/python3.11/site-packages/airflow/example_dags/example_short_circuit_decorator.py
[2025-12-24T09:26:03.764+0000] {processor.py:914} INFO - Processing file /home/airflow/.local/lib/python3.11/site-packages/airflow/example_dags/example_short_circuit_decorator.py for tasks to queue
[2025-12-24T09:26:03.769+0000] {logging_mixin.py:190} INFO - [2025-12-24T09:26:03.769+0000] {dagbag.py:588} INFO - Filling up the DagBag from /home/airflow/.local/lib/python3.11/site-packages/airflow/example_dags/example_short_circuit_decorator.py
[2025-12-24T09:26:03.803+0000] {processor.py:925} INFO - DAG(s) 'example_short_circuit_decorator' retrieved from /home/airflow/.local/lib/python3.11/site-packages/airflow/example_dags/example_short_circuit_decorator.py
[2025-12-24T09:26:03.852+0000] {logging_mixin.py:190} INFO - [2025-12-24T09:26:03.852+0000] {dag.py:3239} INFO - Sync 1 DAGs
[2025-12-24T09:26:03.876+0000] {logging_mixin.py:190} INFO - [2025-12-24T09:26:03.875+0000] {dag.py:4180} INFO - Setting next_dagrun for example_short_circuit_decorator to None, run_after=None
[2025-12-24T09:26:03.909+0000] {processor.py:208} INFO - Processing /home/airflow/.local/lib/python3.11/site-packages/airflow/example_dags/example_short_circuit_decorator.py took 0.187 seconds
[2025-12-24T09:26:12.572+0000] {processor.py:186} INFO - Started process (PID=663) to work on /home/airflow/.local/lib/python3.11/site-packages/airflow/example_dags/example_short_circuit_decorator.py
[2025-12-24T09:26:12.574+0000] {processor.py:914} INFO - Processing file /home/airflow/.local/lib/python3.11/site-packages/airflow/example_dags/example_short_circuit_decorator.py for tasks to queue
[2025-12-24T09:26:12.581+0000] {logging_mixin.py:190} INFO - [2025-12-24T09:26:12.580+0000] {dagbag.py:588} INFO - Filling up the DagBag from /home/airflow/.local/lib/python3.11/site-packages/airflow/example_dags/example_short_circuit_decorator.py
[2025-12-24T09:26:12.603+0000] {processor.py:925} INFO - DAG(s) 'example_short_circuit_decorator' retrieved from /home/airflow/.local/lib/python3.11/site-packages/airflow/example_dags/example_short_circuit_decorator.py
[2025-12-24T09:26:12.681+0000] {logging_mixin.py:190} INFO - [2025-12-24T09:26:12.680+0000] {dag.py:3239} INFO - Sync 1 DAGs
[2025-12-24T09:26:12.708+0000] {logging_mixin.py:190} INFO - [2025-12-24T09:26:12.708+0000] {dag.py:4180} INFO - Setting next_dagrun for example_short_circuit_decorator to None, run_after=None
[2025-12-24T09:26:12.742+0000] {processor.py:208} INFO - Processing /home/airflow/.local/lib/python3.11/site-packages/airflow/example_dags/example_short_circuit_decorator.py took 0.200 seconds
[2025-12-24T09:26:43.806+0000] {processor.py:186} INFO - Started process (PID=824) to work on /home/airflow/.local/lib/python3.11/site-packages/airflow/example_dags/example_short_circuit_decorator.py
[2025-12-24T09:26:43.808+0000] {processor.py:914} INFO - Processing file /home/airflow/.local/lib/python3.11/site-packages/airflow/example_dags/example_short_circuit_decorator.py for tasks to queue
[2025-12-24T09:26:43.814+0000] {logging_mixin.py:190} INFO - [2025-12-24T09:26:43.813+0000] {dagbag.py:588} INFO - Filling up the DagBag from /home/airflow/.local/lib/python3.11/site-packages/airflow/example_dags/example_short_circuit_decorator.py
[2025-12-24T09:26:43.844+0000] {processor.py:925} INFO - DAG(s) 'example_short_circuit_decorator' retrieved from /home/airflow/.local/lib/python3.11/site-packages/airflow/example_dags/example_short_circuit_decorator.py
[2025-12-24T09:26:43.903+0000] {logging_mixin.py:190} INFO - [2025-12-24T09:26:43.902+0000] {dag.py:3239} INFO - Sync 1 DAGs
[2025-12-24T09:26:43.943+0000] {logging_mixin.py:190} INFO - [2025-12-24T09:26:43.943+0000] {dag.py:4180} INFO - Setting next_dagrun for example_short_circuit_decorator to None, run_after=None
[2025-12-24T09:26:43.982+0000] {processor.py:208} INFO - Processing /home/airflow/.local/lib/python3.11/site-packages/airflow/example_dags/example_short_circuit_decorator.py took 0.191 seconds
[2025-12-24T09:27:41.097+0000] {processor.py:186} INFO - Started process (PID=879) to work on /home/airflow/.local/lib/python3.11/site-packages/airflow/example_dags/example_short_circuit_decorator.py
[2025-12-24T09:27:41.099+0000] {processor.py:914} INFO - Processing file /home/airflow/.local/lib/python3.11/site-packages/airflow/example_dags/example_short_circuit_decorator.py for tasks to queue
[2025-12-24T09:27:41.104+0000] {logging_mixin.py:190} INFO - [2025-12-24T09:27:41.104+0000] {dagbag.py:588} INFO - Filling up the DagBag from /home/airflow/.local/lib/python3.11/site-packages/airflow/example_dags/example_short_circuit_decorator.py
[2025-12-24T09:27:41.150+0000] {processor.py:925} INFO - DAG(s) 'example_short_circuit_decorator' retrieved from /home/airflow/.local/lib/python3.11/site-packages/airflow/example_dags/example_short_circuit_decorator.py
[2025-12-24T09:27:41.197+0000] {logging_mixin.py:190} INFO - [2025-12-24T09:27:41.197+0000] {dag.py:3239} INFO - Sync 1 DAGs
[2025-12-24T09:27:41.229+0000] {logging_mixin.py:190} INFO - [2025-12-24T09:27:41.229+0000] {dag.py:4180} INFO - Setting next_dagrun for example_short_circuit_decorator to None, run_after=None
[2025-12-24T09:27:41.269+0000] {processor.py:208} INFO - Processing /home/airflow/.local/lib/python3.11/site-packages/airflow/example_dags/example_short_circuit_decorator.py took 0.186 seconds
[2025-12-24T09:27:48.847+0000] {processor.py:186} INFO - Started process (PID=951) to work on /home/airflow/.local/lib/python3.11/site-packages/airflow/example_dags/example_short_circuit_decorator.py
[2025-12-24T09:27:48.849+0000] {processor.py:914} INFO - Processing file /home/airflow/.local/lib/python3.11/site-packages/airflow/example_dags/example_short_circuit_decorator.py for tasks to queue
[2025-12-24T09:27:48.854+0000] {logging_mixin.py:190} INFO - [2025-12-24T09:27:48.853+0000] {dagbag.py:588} INFO - Filling up the DagBag from /home/airflow/.local/lib/python3.11/site-packages/airflow/example_dags/example_short_circuit_decorator.py
[2025-12-24T09:27:48.876+0000] {processor.py:925} INFO - DAG(s) 'example_short_circuit_decorator' retrieved from /home/airflow/.local/lib/python3.11/site-packages/airflow/example_dags/example_short_circuit_decorator.py
[2025-12-24T09:27:48.936+0000] {logging_mixin.py:190} INFO - [2025-12-24T09:27:48.935+0000] {dag.py:3239} INFO - Sync 1 DAGs
[2025-12-24T09:27:48.964+0000] {logging_mixin.py:190} INFO - [2025-12-24T09:27:48.964+0000] {dag.py:4180} INFO - Setting next_dagrun for example_short_circuit_decorator to None, run_after=None
[2025-12-24T09:27:49.004+0000] {processor.py:208} INFO - Processing /home/airflow/.local/lib/python3.11/site-packages/airflow/example_dags/example_short_circuit_decorator.py took 0.168 seconds
[2025-12-24T09:27:59.001+0000] {processor.py:186} INFO - Started process (PID=1011) to work on /home/airflow/.local/lib/python3.11/site-packages/airflow/example_dags/example_short_circuit_decorator.py
[2025-12-24T09:27:59.003+0000] {processor.py:914} INFO - Processing file /home/airflow/.local/lib/python3.11/site-packages/airflow/example_dags/example_short_circuit_decorator.py for tasks to queue
[2025-12-24T09:27:59.009+0000] {logging_mixin.py:190} INFO - [2025-12-24T09:27:59.008+0000] {dagbag.py:588} INFO - Filling up the DagBag from /home/airflow/.local/lib/python3.11/site-packages/airflow/example_dags/example_short_circuit_decorator.py
[2025-12-24T09:27:59.037+0000] {processor.py:925} INFO - DAG(s) 'example_short_circuit_decorator' retrieved from /home/airflow/.local/lib/python3.11/site-packages/airflow/example_dags/example_short_circuit_decorator.py
[2025-12-24T09:27:59.084+0000] {logging_mixin.py:190} INFO - [2025-12-24T09:27:59.083+0000] {dag.py:3239} INFO - Sync 1 DAGs
[2025-12-24T09:27:59.109+0000] {logging_mixin.py:190} INFO - [2025-12-24T09:27:59.109+0000] {dag.py:4180} INFO - Setting next_dagrun for example_short_circuit_decorator to None, run_after=None
[2025-12-24T09:27:59.155+0000] {processor.py:208} INFO - Processing /home/airflow/.local/lib/python3.11/site-packages/airflow/example_dags/example_short_circuit_decorator.py took 0.169 seconds
[2025-12-24T09:28:12.643+0000] {processor.py:186} INFO - Started process (PID=1076) to work on /home/airflow/.local/lib/python3.11/site-packages/airflow/example_dags/example_short_circuit_decorator.py
[2025-12-24T09:28:12.645+0000] {processor.py:914} INFO - Processing file /home/airflow/.local/lib/python3.11/site-packages/airflow/example_dags/example_short_circuit_decorator.py for tasks to queue
[2025-12-24T09:28:12.649+0000] {logging_mixin.py:190} INFO - [2025-12-24T09:28:12.648+0000] {dagbag.py:588} INFO - Filling up the DagBag from /home/airflow/.local/lib/python3.11/site-packages/airflow/example_dags/example_short_circuit_decorator.py
[2025-12-24T09:28:12.665+0000] {processor.py:925} INFO - DAG(s) 'example_short_circuit_decorator' retrieved from /home/airflow/.local/lib/python3.11/site-packages/airflow/example_dags/example_short_circuit_decorator.py
[2025-12-24T09:28:12.699+0000] {logging_mixin.py:190} INFO - [2025-12-24T09:28:12.699+0000] {dag.py:3239} INFO - Sync 1 DAGs
[2025-12-24T09:28:12.715+0000] {logging_mixin.py:190} INFO - [2025-12-24T09:28:12.715+0000] {dag.py:4180} INFO - Setting next_dagrun for example_short_circuit_decorator to None, run_after=None
[2025-12-24T09:28:12.739+0000] {processor.py:208} INFO - Processing /home/airflow/.local/lib/python3.11/site-packages/airflow/example_dags/example_short_circuit_decorator.py took 0.105 seconds
[2025-12-24T09:29:11.027+0000] {processor.py:186} INFO - Started process (PID=1132) to work on /home/airflow/.local/lib/python3.11/site-packages/airflow/example_dags/example_short_circuit_decorator.py
[2025-12-24T09:29:11.028+0000] {processor.py:914} INFO - Processing file /home/airflow/.local/lib/python3.11/site-packages/airflow/example_dags/example_short_circuit_decorator.py for tasks to queue
[2025-12-24T09:29:11.032+0000] {logging_mixin.py:190} INFO - [2025-12-24T09:29:11.032+0000] {dagbag.py:588} INFO - Filling up the DagBag from /home/airflow/.local/lib/python3.11/site-packages/airflow/example_dags/example_short_circuit_decorator.py
[2025-12-24T09:29:11.049+0000] {processor.py:925} INFO - DAG(s) 'example_short_circuit_decorator' retrieved from /home/airflow/.local/lib/python3.11/site-packages/airflow/example_dags/example_short_circuit_decorator.py
[2025-12-24T09:29:11.085+0000] {logging_mixin.py:190} INFO - [2025-12-24T09:29:11.085+0000] {dag.py:3239} INFO - Sync 1 DAGs
[2025-12-24T09:29:11.109+0000] {logging_mixin.py:190} INFO - [2025-12-24T09:29:11.109+0000] {dag.py:4180} INFO - Setting next_dagrun for example_short_circuit_decorator to None, run_after=None
[2025-12-24T09:29:11.165+0000] {processor.py:208} INFO - Processing /home/airflow/.local/lib/python3.11/site-packages/airflow/example_dags/example_short_circuit_decorator.py took 0.149 seconds
