[2025-12-24T09:03:38.049+0000] {processor.py:186} INFO - Started process (PID=93) to work on /home/airflow/.local/lib/python3.11/site-packages/airflow/example_dags/example_dag_decorator.py
[2025-12-24T09:03:38.051+0000] {processor.py:914} INFO - Processing file /home/airflow/.local/lib/python3.11/site-packages/airflow/example_dags/example_dag_decorator.py for tasks to queue
[2025-12-24T09:03:38.056+0000] {logging_mixin.py:190} INFO - [2025-12-24T09:03:38.056+0000] {dagbag.py:588} INFO - Filling up the DagBag from /home/airflow/.local/lib/python3.11/site-packages/airflow/example_dags/example_dag_decorator.py
[2025-12-24T09:02:55.721+0000] {processor.py:925} INFO - DAG(s) 'example_dag_decorator' retrieved from /home/airflow/.local/lib/python3.11/site-packages/airflow/example_dags/example_dag_decorator.py
[2025-12-24T09:02:56.055+0000] {logging_mixin.py:190} INFO - [2025-12-24T09:02:56.054+0000] {override.py:1911} INFO - Created Permission View: can edit on DAG:example_dag_decorator
[2025-12-24T09:02:56.074+0000] {logging_mixin.py:190} INFO - [2025-12-24T09:02:56.073+0000] {override.py:1911} INFO - Created Permission View: can read on DAG:example_dag_decorator
[2025-12-24T09:02:56.091+0000] {logging_mixin.py:190} INFO - [2025-12-24T09:02:56.090+0000] {override.py:1911} INFO - Created Permission View: can delete on DAG:example_dag_decorator
[2025-12-24T09:02:56.111+0000] {logging_mixin.py:190} INFO - [2025-12-24T09:02:56.111+0000] {override.py:1911} INFO - Created Permission View: can read on DAG Run:example_dag_decorator
[2025-12-24T09:02:56.125+0000] {logging_mixin.py:190} INFO - [2025-12-24T09:02:56.124+0000] {override.py:1911} INFO - Created Permission View: can create on DAG Run:example_dag_decorator
[2025-12-24T09:02:56.138+0000] {logging_mixin.py:190} INFO - [2025-12-24T09:02:56.138+0000] {override.py:1911} INFO - Created Permission View: can delete on DAG Run:example_dag_decorator
[2025-12-24T09:02:56.151+0000] {logging_mixin.py:190} INFO - [2025-12-24T09:02:56.151+0000] {override.py:1911} INFO - Created Permission View: menu access on DAG Run:example_dag_decorator
[2025-12-24T09:02:56.152+0000] {logging_mixin.py:190} INFO - [2025-12-24T09:02:56.152+0000] {dag.py:3239} INFO - Sync 1 DAGs
[2025-12-24T09:02:56.170+0000] {logging_mixin.py:190} INFO - [2025-12-24T09:02:56.170+0000] {dag.py:3262} INFO - Creating ORM DAG for example_dag_decorator
[2025-12-24T09:02:56.171+0000] {logging_mixin.py:190} INFO - [2025-12-24T09:02:56.171+0000] {dag.py:4180} INFO - Setting next_dagrun for example_dag_decorator to None, run_after=None
[2025-12-24T09:02:56.200+0000] {processor.py:208} INFO - Processing /home/airflow/.local/lib/python3.11/site-packages/airflow/example_dags/example_dag_decorator.py took 0.521 seconds
[2025-12-24T09:03:12.756+0000] {processor.py:186} INFO - Started process (PID=152) to work on /home/airflow/.local/lib/python3.11/site-packages/airflow/example_dags/example_dag_decorator.py
[2025-12-24T09:03:12.758+0000] {processor.py:914} INFO - Processing file /home/airflow/.local/lib/python3.11/site-packages/airflow/example_dags/example_dag_decorator.py for tasks to queue
[2025-12-24T09:03:12.762+0000] {logging_mixin.py:190} INFO - [2025-12-24T09:03:12.762+0000] {dagbag.py:588} INFO - Filling up the DagBag from /home/airflow/.local/lib/python3.11/site-packages/airflow/example_dags/example_dag_decorator.py
[2025-12-24T09:03:12.783+0000] {processor.py:925} INFO - DAG(s) 'example_dag_decorator' retrieved from /home/airflow/.local/lib/python3.11/site-packages/airflow/example_dags/example_dag_decorator.py
[2025-12-24T09:03:12.805+0000] {logging_mixin.py:190} INFO - [2025-12-24T09:03:12.804+0000] {dag.py:3239} INFO - Sync 1 DAGs
[2025-12-24T09:03:12.838+0000] {logging_mixin.py:190} INFO - [2025-12-24T09:03:12.837+0000] {dag.py:4180} INFO - Setting next_dagrun for example_dag_decorator to None, run_after=None
[2025-12-24T09:03:12.864+0000] {processor.py:208} INFO - Processing /home/airflow/.local/lib/python3.11/site-packages/airflow/example_dags/example_dag_decorator.py took 0.119 seconds
[2025-12-24T09:04:15.509+0000] {processor.py:186} INFO - Started process (PID=216) to work on /home/airflow/.local/lib/python3.11/site-packages/airflow/example_dags/example_dag_decorator.py
[2025-12-24T09:04:15.511+0000] {processor.py:914} INFO - Processing file /home/airflow/.local/lib/python3.11/site-packages/airflow/example_dags/example_dag_decorator.py for tasks to queue
[2025-12-24T09:04:15.515+0000] {logging_mixin.py:190} INFO - [2025-12-24T09:04:15.514+0000] {dagbag.py:588} INFO - Filling up the DagBag from /home/airflow/.local/lib/python3.11/site-packages/airflow/example_dags/example_dag_decorator.py
[2025-12-24T09:04:15.534+0000] {processor.py:925} INFO - DAG(s) 'example_dag_decorator' retrieved from /home/airflow/.local/lib/python3.11/site-packages/airflow/example_dags/example_dag_decorator.py
[2025-12-24T09:04:15.741+0000] {logging_mixin.py:190} INFO - [2025-12-24T09:04:15.741+0000] {dag.py:3239} INFO - Sync 1 DAGs
[2025-12-24T09:04:15.763+0000] {logging_mixin.py:190} INFO - [2025-12-24T09:04:15.763+0000] {dag.py:4180} INFO - Setting next_dagrun for example_dag_decorator to None, run_after=None
[2025-12-24T09:04:15.798+0000] {processor.py:208} INFO - Processing /home/airflow/.local/lib/python3.11/site-packages/airflow/example_dags/example_dag_decorator.py took 0.301 seconds
[2025-12-24T09:04:12.938+0000] {processor.py:186} INFO - Started process (PID=282) to work on /home/airflow/.local/lib/python3.11/site-packages/airflow/example_dags/example_dag_decorator.py
[2025-12-24T09:04:12.940+0000] {processor.py:914} INFO - Processing file /home/airflow/.local/lib/python3.11/site-packages/airflow/example_dags/example_dag_decorator.py for tasks to queue
[2025-12-24T09:04:12.944+0000] {logging_mixin.py:190} INFO - [2025-12-24T09:04:12.943+0000] {dagbag.py:588} INFO - Filling up the DagBag from /home/airflow/.local/lib/python3.11/site-packages/airflow/example_dags/example_dag_decorator.py
[2025-12-24T09:04:12.961+0000] {processor.py:925} INFO - DAG(s) 'example_dag_decorator' retrieved from /home/airflow/.local/lib/python3.11/site-packages/airflow/example_dags/example_dag_decorator.py
[2025-12-24T09:04:12.982+0000] {logging_mixin.py:190} INFO - [2025-12-24T09:04:12.981+0000] {dag.py:3239} INFO - Sync 1 DAGs
[2025-12-24T09:04:13.001+0000] {logging_mixin.py:190} INFO - [2025-12-24T09:04:13.001+0000] {dag.py:4180} INFO - Setting next_dagrun for example_dag_decorator to None, run_after=None
[2025-12-24T09:04:13.026+0000] {processor.py:208} INFO - Processing /home/airflow/.local/lib/python3.11/site-packages/airflow/example_dags/example_dag_decorator.py took 0.100 seconds
[2025-12-24T09:04:43.269+0000] {processor.py:186} INFO - Started process (PID=345) to work on /home/airflow/.local/lib/python3.11/site-packages/airflow/example_dags/example_dag_decorator.py
[2025-12-24T09:04:43.271+0000] {processor.py:914} INFO - Processing file /home/airflow/.local/lib/python3.11/site-packages/airflow/example_dags/example_dag_decorator.py for tasks to queue
[2025-12-24T09:04:43.276+0000] {logging_mixin.py:190} INFO - [2025-12-24T09:04:43.275+0000] {dagbag.py:588} INFO - Filling up the DagBag from /home/airflow/.local/lib/python3.11/site-packages/airflow/example_dags/example_dag_decorator.py
[2025-12-24T09:04:43.297+0000] {processor.py:925} INFO - DAG(s) 'example_dag_decorator' retrieved from /home/airflow/.local/lib/python3.11/site-packages/airflow/example_dags/example_dag_decorator.py
[2025-12-24T09:04:43.326+0000] {logging_mixin.py:190} INFO - [2025-12-24T09:04:43.325+0000] {dag.py:3239} INFO - Sync 1 DAGs
[2025-12-24T09:04:43.349+0000] {logging_mixin.py:190} INFO - [2025-12-24T09:04:43.349+0000] {dag.py:4180} INFO - Setting next_dagrun for example_dag_decorator to None, run_after=None
[2025-12-24T09:04:43.382+0000] {processor.py:208} INFO - Processing /home/airflow/.local/lib/python3.11/site-packages/airflow/example_dags/example_dag_decorator.py took 0.128 seconds
[2025-12-24T09:04:52.748+0000] {processor.py:186} INFO - Started process (PID=410) to work on /home/airflow/.local/lib/python3.11/site-packages/airflow/example_dags/example_dag_decorator.py
[2025-12-24T09:04:52.749+0000] {processor.py:914} INFO - Processing file /home/airflow/.local/lib/python3.11/site-packages/airflow/example_dags/example_dag_decorator.py for tasks to queue
[2025-12-24T09:04:52.753+0000] {logging_mixin.py:190} INFO - [2025-12-24T09:04:52.753+0000] {dagbag.py:588} INFO - Filling up the DagBag from /home/airflow/.local/lib/python3.11/site-packages/airflow/example_dags/example_dag_decorator.py
[2025-12-24T09:04:52.772+0000] {processor.py:925} INFO - DAG(s) 'example_dag_decorator' retrieved from /home/airflow/.local/lib/python3.11/site-packages/airflow/example_dags/example_dag_decorator.py
[2025-12-24T09:04:52.948+0000] {logging_mixin.py:190} INFO - [2025-12-24T09:04:52.947+0000] {dag.py:3239} INFO - Sync 1 DAGs
[2025-12-24T09:04:52.967+0000] {logging_mixin.py:190} INFO - [2025-12-24T09:04:52.967+0000] {dag.py:4180} INFO - Setting next_dagrun for example_dag_decorator to None, run_after=None
[2025-12-24T09:04:52.996+0000] {processor.py:208} INFO - Processing /home/airflow/.local/lib/python3.11/site-packages/airflow/example_dags/example_dag_decorator.py took 0.258 seconds
[2025-12-24T09:05:23.323+0000] {processor.py:186} INFO - Started process (PID=475) to work on /home/airflow/.local/lib/python3.11/site-packages/airflow/example_dags/example_dag_decorator.py
[2025-12-24T09:05:23.325+0000] {processor.py:914} INFO - Processing file /home/airflow/.local/lib/python3.11/site-packages/airflow/example_dags/example_dag_decorator.py for tasks to queue
[2025-12-24T09:05:23.328+0000] {logging_mixin.py:190} INFO - [2025-12-24T09:05:23.328+0000] {dagbag.py:588} INFO - Filling up the DagBag from /home/airflow/.local/lib/python3.11/site-packages/airflow/example_dags/example_dag_decorator.py
[2025-12-24T09:05:23.345+0000] {processor.py:925} INFO - DAG(s) 'example_dag_decorator' retrieved from /home/airflow/.local/lib/python3.11/site-packages/airflow/example_dags/example_dag_decorator.py
[2025-12-24T09:05:23.499+0000] {logging_mixin.py:190} INFO - [2025-12-24T09:05:23.498+0000] {dag.py:3239} INFO - Sync 1 DAGs
[2025-12-24T09:05:23.513+0000] {logging_mixin.py:190} INFO - [2025-12-24T09:05:23.513+0000] {dag.py:4180} INFO - Setting next_dagrun for example_dag_decorator to None, run_after=None
[2025-12-24T09:05:23.537+0000] {processor.py:208} INFO - Processing /home/airflow/.local/lib/python3.11/site-packages/airflow/example_dags/example_dag_decorator.py took 0.223 seconds
[2025-12-24T09:05:27.255+0000] {processor.py:186} INFO - Started process (PID=511) to work on /home/airflow/.local/lib/python3.11/site-packages/airflow/example_dags/example_dag_decorator.py
[2025-12-24T09:05:27.256+0000] {processor.py:914} INFO - Processing file /home/airflow/.local/lib/python3.11/site-packages/airflow/example_dags/example_dag_decorator.py for tasks to queue
[2025-12-24T09:05:27.260+0000] {logging_mixin.py:190} INFO - [2025-12-24T09:05:27.260+0000] {dagbag.py:588} INFO - Filling up the DagBag from /home/airflow/.local/lib/python3.11/site-packages/airflow/example_dags/example_dag_decorator.py
[2025-12-24T09:05:27.276+0000] {processor.py:925} INFO - DAG(s) 'example_dag_decorator' retrieved from /home/airflow/.local/lib/python3.11/site-packages/airflow/example_dags/example_dag_decorator.py
[2025-12-24T09:05:27.296+0000] {logging_mixin.py:190} INFO - [2025-12-24T09:05:27.295+0000] {dag.py:3239} INFO - Sync 1 DAGs
[2025-12-24T09:05:27.314+0000] {logging_mixin.py:190} INFO - [2025-12-24T09:05:27.313+0000] {dag.py:4180} INFO - Setting next_dagrun for example_dag_decorator to None, run_after=None
[2025-12-24T09:05:27.349+0000] {processor.py:208} INFO - Processing /home/airflow/.local/lib/python3.11/site-packages/airflow/example_dags/example_dag_decorator.py took 0.105 seconds
[2025-12-24T09:05:38.626+0000] {processor.py:186} INFO - Started process (PID=566) to work on /home/airflow/.local/lib/python3.11/site-packages/airflow/example_dags/example_dag_decorator.py
[2025-12-24T09:05:38.629+0000] {processor.py:914} INFO - Processing file /home/airflow/.local/lib/python3.11/site-packages/airflow/example_dags/example_dag_decorator.py for tasks to queue
[2025-12-24T09:05:38.634+0000] {logging_mixin.py:190} INFO - [2025-12-24T09:05:38.634+0000] {dagbag.py:588} INFO - Filling up the DagBag from /home/airflow/.local/lib/python3.11/site-packages/airflow/example_dags/example_dag_decorator.py
[2025-12-24T09:05:38.658+0000] {processor.py:925} INFO - DAG(s) 'example_dag_decorator' retrieved from /home/airflow/.local/lib/python3.11/site-packages/airflow/example_dags/example_dag_decorator.py
[2025-12-24T09:05:38.692+0000] {logging_mixin.py:190} INFO - [2025-12-24T09:05:38.691+0000] {dag.py:3239} INFO - Sync 1 DAGs
[2025-12-24T09:05:38.726+0000] {logging_mixin.py:190} INFO - [2025-12-24T09:05:38.725+0000] {dag.py:4180} INFO - Setting next_dagrun for example_dag_decorator to None, run_after=None
[2025-12-24T09:05:38.789+0000] {processor.py:208} INFO - Processing /home/airflow/.local/lib/python3.11/site-packages/airflow/example_dags/example_dag_decorator.py took 0.176 seconds
[2025-12-24T09:06:40.682+0000] {processor.py:186} INFO - Started process (PID=628) to work on /home/airflow/.local/lib/python3.11/site-packages/airflow/example_dags/example_dag_decorator.py
[2025-12-24T09:06:40.685+0000] {processor.py:914} INFO - Processing file /home/airflow/.local/lib/python3.11/site-packages/airflow/example_dags/example_dag_decorator.py for tasks to queue
[2025-12-24T09:06:40.691+0000] {logging_mixin.py:190} INFO - [2025-12-24T09:06:40.690+0000] {dagbag.py:588} INFO - Filling up the DagBag from /home/airflow/.local/lib/python3.11/site-packages/airflow/example_dags/example_dag_decorator.py
[2025-12-24T09:06:40.711+0000] {processor.py:925} INFO - DAG(s) 'example_dag_decorator' retrieved from /home/airflow/.local/lib/python3.11/site-packages/airflow/example_dags/example_dag_decorator.py
[2025-12-24T09:06:40.953+0000] {logging_mixin.py:190} INFO - [2025-12-24T09:06:40.952+0000] {dag.py:3239} INFO - Sync 1 DAGs
[2025-12-24T09:06:40.974+0000] {logging_mixin.py:190} INFO - [2025-12-24T09:06:40.974+0000] {dag.py:4180} INFO - Setting next_dagrun for example_dag_decorator to None, run_after=None
[2025-12-24T09:06:41.019+0000] {processor.py:208} INFO - Processing /home/airflow/.local/lib/python3.11/site-packages/airflow/example_dags/example_dag_decorator.py took 0.347 seconds
[2025-12-24T09:06:43.552+0000] {processor.py:186} INFO - Started process (PID=694) to work on /home/airflow/.local/lib/python3.11/site-packages/airflow/example_dags/example_dag_decorator.py
[2025-12-24T09:06:43.555+0000] {processor.py:914} INFO - Processing file /home/airflow/.local/lib/python3.11/site-packages/airflow/example_dags/example_dag_decorator.py for tasks to queue
[2025-12-24T09:06:43.559+0000] {logging_mixin.py:190} INFO - [2025-12-24T09:06:43.559+0000] {dagbag.py:588} INFO - Filling up the DagBag from /home/airflow/.local/lib/python3.11/site-packages/airflow/example_dags/example_dag_decorator.py
[2025-12-24T09:06:43.587+0000] {processor.py:925} INFO - DAG(s) 'example_dag_decorator' retrieved from /home/airflow/.local/lib/python3.11/site-packages/airflow/example_dags/example_dag_decorator.py
[2025-12-24T09:06:43.619+0000] {logging_mixin.py:190} INFO - [2025-12-24T09:06:43.618+0000] {dag.py:3239} INFO - Sync 1 DAGs
[2025-12-24T09:06:43.654+0000] {logging_mixin.py:190} INFO - [2025-12-24T09:06:43.654+0000] {dag.py:4180} INFO - Setting next_dagrun for example_dag_decorator to None, run_after=None
[2025-12-24T09:06:43.690+0000] {processor.py:208} INFO - Processing /home/airflow/.local/lib/python3.11/site-packages/airflow/example_dags/example_dag_decorator.py took 0.150 seconds
[2025-12-24T09:07:13.061+0000] {processor.py:186} INFO - Started process (PID=760) to work on /home/airflow/.local/lib/python3.11/site-packages/airflow/example_dags/example_dag_decorator.py
[2025-12-24T09:07:13.063+0000] {processor.py:914} INFO - Processing file /home/airflow/.local/lib/python3.11/site-packages/airflow/example_dags/example_dag_decorator.py for tasks to queue
[2025-12-24T09:07:13.067+0000] {logging_mixin.py:190} INFO - [2025-12-24T09:07:13.067+0000] {dagbag.py:588} INFO - Filling up the DagBag from /home/airflow/.local/lib/python3.11/site-packages/airflow/example_dags/example_dag_decorator.py
[2025-12-24T09:07:13.087+0000] {processor.py:925} INFO - DAG(s) 'example_dag_decorator' retrieved from /home/airflow/.local/lib/python3.11/site-packages/airflow/example_dags/example_dag_decorator.py
[2025-12-24T09:07:13.300+0000] {logging_mixin.py:190} INFO - [2025-12-24T09:07:13.300+0000] {dag.py:3239} INFO - Sync 1 DAGs
[2025-12-24T09:07:13.320+0000] {logging_mixin.py:190} INFO - [2025-12-24T09:07:13.320+0000] {dag.py:4180} INFO - Setting next_dagrun for example_dag_decorator to None, run_after=None
[2025-12-24T09:07:13.363+0000] {processor.py:208} INFO - Processing /home/airflow/.local/lib/python3.11/site-packages/airflow/example_dags/example_dag_decorator.py took 0.316 seconds
[2025-12-24T09:07:23.061+0000] {processor.py:186} INFO - Started process (PID=822) to work on /home/airflow/.local/lib/python3.11/site-packages/airflow/example_dags/example_dag_decorator.py
[2025-12-24T09:07:23.063+0000] {processor.py:914} INFO - Processing file /home/airflow/.local/lib/python3.11/site-packages/airflow/example_dags/example_dag_decorator.py for tasks to queue
[2025-12-24T09:07:23.068+0000] {logging_mixin.py:190} INFO - [2025-12-24T09:07:23.067+0000] {dagbag.py:588} INFO - Filling up the DagBag from /home/airflow/.local/lib/python3.11/site-packages/airflow/example_dags/example_dag_decorator.py
[2025-12-24T09:07:23.089+0000] {processor.py:925} INFO - DAG(s) 'example_dag_decorator' retrieved from /home/airflow/.local/lib/python3.11/site-packages/airflow/example_dags/example_dag_decorator.py
[2025-12-24T09:07:23.112+0000] {logging_mixin.py:190} INFO - [2025-12-24T09:07:23.110+0000] {dag.py:3239} INFO - Sync 1 DAGs
[2025-12-24T09:07:23.149+0000] {logging_mixin.py:190} INFO - [2025-12-24T09:07:23.149+0000] {dag.py:4180} INFO - Setting next_dagrun for example_dag_decorator to None, run_after=None
[2025-12-24T09:07:23.192+0000] {processor.py:208} INFO - Processing /home/airflow/.local/lib/python3.11/site-packages/airflow/example_dags/example_dag_decorator.py took 0.141 seconds
[2025-12-24T09:07:32.995+0000] {processor.py:186} INFO - Started process (PID=879) to work on /home/airflow/.local/lib/python3.11/site-packages/airflow/example_dags/example_dag_decorator.py
[2025-12-24T09:07:32.997+0000] {processor.py:914} INFO - Processing file /home/airflow/.local/lib/python3.11/site-packages/airflow/example_dags/example_dag_decorator.py for tasks to queue
[2025-12-24T09:07:33.001+0000] {logging_mixin.py:190} INFO - [2025-12-24T09:07:33.000+0000] {dagbag.py:588} INFO - Filling up the DagBag from /home/airflow/.local/lib/python3.11/site-packages/airflow/example_dags/example_dag_decorator.py
[2025-12-24T09:07:33.021+0000] {processor.py:925} INFO - DAG(s) 'example_dag_decorator' retrieved from /home/airflow/.local/lib/python3.11/site-packages/airflow/example_dags/example_dag_decorator.py
[2025-12-24T09:07:33.044+0000] {logging_mixin.py:190} INFO - [2025-12-24T09:07:33.043+0000] {dag.py:3239} INFO - Sync 1 DAGs
[2025-12-24T09:07:33.064+0000] {logging_mixin.py:190} INFO - [2025-12-24T09:07:33.063+0000] {dag.py:4180} INFO - Setting next_dagrun for example_dag_decorator to None, run_after=None
[2025-12-24T09:07:33.091+0000] {processor.py:208} INFO - Processing /home/airflow/.local/lib/python3.11/site-packages/airflow/example_dags/example_dag_decorator.py took 0.106 seconds
[2025-12-24T09:07:42.674+0000] {processor.py:186} INFO - Started process (PID=935) to work on /home/airflow/.local/lib/python3.11/site-packages/airflow/example_dags/example_dag_decorator.py
[2025-12-24T09:07:42.675+0000] {processor.py:914} INFO - Processing file /home/airflow/.local/lib/python3.11/site-packages/airflow/example_dags/example_dag_decorator.py for tasks to queue
[2025-12-24T09:07:42.679+0000] {logging_mixin.py:190} INFO - [2025-12-24T09:07:42.679+0000] {dagbag.py:588} INFO - Filling up the DagBag from /home/airflow/.local/lib/python3.11/site-packages/airflow/example_dags/example_dag_decorator.py
[2025-12-24T09:07:42.696+0000] {processor.py:925} INFO - DAG(s) 'example_dag_decorator' retrieved from /home/airflow/.local/lib/python3.11/site-packages/airflow/example_dags/example_dag_decorator.py
[2025-12-24T09:07:42.717+0000] {logging_mixin.py:190} INFO - [2025-12-24T09:07:42.717+0000] {dag.py:3239} INFO - Sync 1 DAGs
[2025-12-24T09:07:42.736+0000] {logging_mixin.py:190} INFO - [2025-12-24T09:07:42.736+0000] {dag.py:4180} INFO - Setting next_dagrun for example_dag_decorator to None, run_after=None
[2025-12-24T09:07:42.762+0000] {processor.py:208} INFO - Processing /home/airflow/.local/lib/python3.11/site-packages/airflow/example_dags/example_dag_decorator.py took 0.100 seconds
[2025-12-24T09:08:40.291+0000] {processor.py:186} INFO - Started process (PID=996) to work on /home/airflow/.local/lib/python3.11/site-packages/airflow/example_dags/example_dag_decorator.py
[2025-12-24T09:08:40.293+0000] {processor.py:914} INFO - Processing file /home/airflow/.local/lib/python3.11/site-packages/airflow/example_dags/example_dag_decorator.py for tasks to queue
[2025-12-24T09:08:40.298+0000] {logging_mixin.py:190} INFO - [2025-12-24T09:08:40.297+0000] {dagbag.py:588} INFO - Filling up the DagBag from /home/airflow/.local/lib/python3.11/site-packages/airflow/example_dags/example_dag_decorator.py
[2025-12-24T09:08:40.319+0000] {processor.py:925} INFO - DAG(s) 'example_dag_decorator' retrieved from /home/airflow/.local/lib/python3.11/site-packages/airflow/example_dags/example_dag_decorator.py
[2025-12-24T09:08:40.511+0000] {logging_mixin.py:190} INFO - [2025-12-24T09:08:40.510+0000] {dag.py:3239} INFO - Sync 1 DAGs
[2025-12-24T09:08:40.528+0000] {logging_mixin.py:190} INFO - [2025-12-24T09:08:40.528+0000] {dag.py:4180} INFO - Setting next_dagrun for example_dag_decorator to None, run_after=None
[2025-12-24T09:08:40.553+0000] {processor.py:208} INFO - Processing /home/airflow/.local/lib/python3.11/site-packages/airflow/example_dags/example_dag_decorator.py took 0.274 seconds
[2025-12-24T09:09:20.107+0000] {processor.py:186} INFO - Started process (PID=1063) to work on /home/airflow/.local/lib/python3.11/site-packages/airflow/example_dags/example_dag_decorator.py
[2025-12-24T09:09:20.108+0000] {processor.py:914} INFO - Processing file /home/airflow/.local/lib/python3.11/site-packages/airflow/example_dags/example_dag_decorator.py for tasks to queue
[2025-12-24T09:09:20.112+0000] {logging_mixin.py:190} INFO - [2025-12-24T09:09:20.111+0000] {dagbag.py:588} INFO - Filling up the DagBag from /home/airflow/.local/lib/python3.11/site-packages/airflow/example_dags/example_dag_decorator.py
[2025-12-24T09:09:20.130+0000] {processor.py:925} INFO - DAG(s) 'example_dag_decorator' retrieved from /home/airflow/.local/lib/python3.11/site-packages/airflow/example_dags/example_dag_decorator.py
[2025-12-24T09:09:20.281+0000] {logging_mixin.py:190} INFO - [2025-12-24T09:09:20.280+0000] {dag.py:3239} INFO - Sync 1 DAGs
[2025-12-24T09:09:20.301+0000] {logging_mixin.py:190} INFO - [2025-12-24T09:09:20.301+0000] {dag.py:4180} INFO - Setting next_dagrun for example_dag_decorator to None, run_after=None
[2025-12-24T09:09:20.345+0000] {processor.py:208} INFO - Processing /home/airflow/.local/lib/python3.11/site-packages/airflow/example_dags/example_dag_decorator.py took 0.248 seconds
[2025-12-24T09:09:18.052+0000] {processor.py:186} INFO - Started process (PID=1143) to work on /home/airflow/.local/lib/python3.11/site-packages/airflow/example_dags/example_dag_decorator.py
[2025-12-24T09:09:18.054+0000] {processor.py:914} INFO - Processing file /home/airflow/.local/lib/python3.11/site-packages/airflow/example_dags/example_dag_decorator.py for tasks to queue
[2025-12-24T09:09:18.059+0000] {logging_mixin.py:190} INFO - [2025-12-24T09:09:18.059+0000] {dagbag.py:588} INFO - Filling up the DagBag from /home/airflow/.local/lib/python3.11/site-packages/airflow/example_dags/example_dag_decorator.py
[2025-12-24T09:09:18.090+0000] {processor.py:925} INFO - DAG(s) 'example_dag_decorator' retrieved from /home/airflow/.local/lib/python3.11/site-packages/airflow/example_dags/example_dag_decorator.py
[2025-12-24T09:09:18.122+0000] {logging_mixin.py:190} INFO - [2025-12-24T09:09:18.121+0000] {dag.py:3239} INFO - Sync 1 DAGs
[2025-12-24T09:09:18.153+0000] {logging_mixin.py:190} INFO - [2025-12-24T09:09:18.153+0000] {dag.py:4180} INFO - Setting next_dagrun for example_dag_decorator to None, run_after=None
[2025-12-24T09:09:18.190+0000] {processor.py:208} INFO - Processing /home/airflow/.local/lib/python3.11/site-packages/airflow/example_dags/example_dag_decorator.py took 0.149 seconds
[2025-12-24T09:10:25.317+0000] {processor.py:186} INFO - Started process (PID=1203) to work on /home/airflow/.local/lib/python3.11/site-packages/airflow/example_dags/example_dag_decorator.py
[2025-12-24T09:10:25.319+0000] {processor.py:914} INFO - Processing file /home/airflow/.local/lib/python3.11/site-packages/airflow/example_dags/example_dag_decorator.py for tasks to queue
[2025-12-24T09:10:25.325+0000] {logging_mixin.py:190} INFO - [2025-12-24T09:10:25.324+0000] {dagbag.py:588} INFO - Filling up the DagBag from /home/airflow/.local/lib/python3.11/site-packages/airflow/example_dags/example_dag_decorator.py
[2025-12-24T09:10:25.348+0000] {processor.py:925} INFO - DAG(s) 'example_dag_decorator' retrieved from /home/airflow/.local/lib/python3.11/site-packages/airflow/example_dags/example_dag_decorator.py
[2025-12-24T09:10:25.526+0000] {logging_mixin.py:190} INFO - [2025-12-24T09:10:25.525+0000] {dag.py:3239} INFO - Sync 1 DAGs
[2025-12-24T09:10:25.541+0000] {logging_mixin.py:190} INFO - [2025-12-24T09:10:25.541+0000] {dag.py:4180} INFO - Setting next_dagrun for example_dag_decorator to None, run_after=None
[2025-12-24T09:10:25.565+0000] {processor.py:208} INFO - Processing /home/airflow/.local/lib/python3.11/site-packages/airflow/example_dags/example_dag_decorator.py took 0.263 seconds
[2025-12-24T09:10:18.311+0000] {processor.py:186} INFO - Started process (PID=1275) to work on /home/airflow/.local/lib/python3.11/site-packages/airflow/example_dags/example_dag_decorator.py
[2025-12-24T09:10:18.313+0000] {processor.py:914} INFO - Processing file /home/airflow/.local/lib/python3.11/site-packages/airflow/example_dags/example_dag_decorator.py for tasks to queue
[2025-12-24T09:10:18.319+0000] {logging_mixin.py:190} INFO - [2025-12-24T09:10:18.318+0000] {dagbag.py:588} INFO - Filling up the DagBag from /home/airflow/.local/lib/python3.11/site-packages/airflow/example_dags/example_dag_decorator.py
[2025-12-24T09:10:18.341+0000] {processor.py:925} INFO - DAG(s) 'example_dag_decorator' retrieved from /home/airflow/.local/lib/python3.11/site-packages/airflow/example_dags/example_dag_decorator.py
[2025-12-24T09:10:18.365+0000] {logging_mixin.py:190} INFO - [2025-12-24T09:10:18.364+0000] {dag.py:3239} INFO - Sync 1 DAGs
[2025-12-24T09:10:18.388+0000] {logging_mixin.py:190} INFO - [2025-12-24T09:10:18.387+0000] {dag.py:4180} INFO - Setting next_dagrun for example_dag_decorator to None, run_after=None
[2025-12-24T09:10:18.420+0000] {processor.py:208} INFO - Processing /home/airflow/.local/lib/python3.11/site-packages/airflow/example_dags/example_dag_decorator.py took 0.120 seconds
[2025-12-24T09:10:48.379+0000] {processor.py:186} INFO - Started process (PID=1324) to work on /home/airflow/.local/lib/python3.11/site-packages/airflow/example_dags/example_dag_decorator.py
[2025-12-24T09:10:48.381+0000] {processor.py:914} INFO - Processing file /home/airflow/.local/lib/python3.11/site-packages/airflow/example_dags/example_dag_decorator.py for tasks to queue
[2025-12-24T09:10:48.385+0000] {logging_mixin.py:190} INFO - [2025-12-24T09:10:48.384+0000] {dagbag.py:588} INFO - Filling up the DagBag from /home/airflow/.local/lib/python3.11/site-packages/airflow/example_dags/example_dag_decorator.py
[2025-12-24T09:10:48.401+0000] {processor.py:925} INFO - DAG(s) 'example_dag_decorator' retrieved from /home/airflow/.local/lib/python3.11/site-packages/airflow/example_dags/example_dag_decorator.py
[2025-12-24T09:10:48.423+0000] {logging_mixin.py:190} INFO - [2025-12-24T09:10:48.422+0000] {dag.py:3239} INFO - Sync 1 DAGs
[2025-12-24T09:10:48.444+0000] {logging_mixin.py:190} INFO - [2025-12-24T09:10:48.443+0000] {dag.py:4180} INFO - Setting next_dagrun for example_dag_decorator to None, run_after=None
[2025-12-24T09:10:48.497+0000] {processor.py:208} INFO - Processing /home/airflow/.local/lib/python3.11/site-packages/airflow/example_dags/example_dag_decorator.py took 0.128 seconds
[2025-12-24T09:10:57.808+0000] {processor.py:186} INFO - Started process (PID=1381) to work on /home/airflow/.local/lib/python3.11/site-packages/airflow/example_dags/example_dag_decorator.py
[2025-12-24T09:10:57.809+0000] {processor.py:914} INFO - Processing file /home/airflow/.local/lib/python3.11/site-packages/airflow/example_dags/example_dag_decorator.py for tasks to queue
[2025-12-24T09:10:57.813+0000] {logging_mixin.py:190} INFO - [2025-12-24T09:10:57.812+0000] {dagbag.py:588} INFO - Filling up the DagBag from /home/airflow/.local/lib/python3.11/site-packages/airflow/example_dags/example_dag_decorator.py
[2025-12-24T09:10:57.833+0000] {processor.py:925} INFO - DAG(s) 'example_dag_decorator' retrieved from /home/airflow/.local/lib/python3.11/site-packages/airflow/example_dags/example_dag_decorator.py
[2025-12-24T09:10:58.003+0000] {logging_mixin.py:190} INFO - [2025-12-24T09:10:58.002+0000] {dag.py:3239} INFO - Sync 1 DAGs
[2025-12-24T09:10:58.020+0000] {logging_mixin.py:190} INFO - [2025-12-24T09:10:58.019+0000] {dag.py:4180} INFO - Setting next_dagrun for example_dag_decorator to None, run_after=None
[2025-12-24T09:10:58.047+0000] {processor.py:208} INFO - Processing /home/airflow/.local/lib/python3.11/site-packages/airflow/example_dags/example_dag_decorator.py took 0.251 seconds
[2025-12-24T09:11:28.755+0000] {processor.py:186} INFO - Started process (PID=1444) to work on /home/airflow/.local/lib/python3.11/site-packages/airflow/example_dags/example_dag_decorator.py
[2025-12-24T09:11:28.757+0000] {processor.py:914} INFO - Processing file /home/airflow/.local/lib/python3.11/site-packages/airflow/example_dags/example_dag_decorator.py for tasks to queue
[2025-12-24T09:11:28.761+0000] {logging_mixin.py:190} INFO - [2025-12-24T09:11:28.761+0000] {dagbag.py:588} INFO - Filling up the DagBag from /home/airflow/.local/lib/python3.11/site-packages/airflow/example_dags/example_dag_decorator.py
[2025-12-24T09:11:28.781+0000] {processor.py:925} INFO - DAG(s) 'example_dag_decorator' retrieved from /home/airflow/.local/lib/python3.11/site-packages/airflow/example_dags/example_dag_decorator.py
[2025-12-24T09:11:28.921+0000] {logging_mixin.py:190} INFO - [2025-12-24T09:11:28.921+0000] {dag.py:3239} INFO - Sync 1 DAGs
[2025-12-24T09:11:28.935+0000] {logging_mixin.py:190} INFO - [2025-12-24T09:11:28.935+0000] {dag.py:4180} INFO - Setting next_dagrun for example_dag_decorator to None, run_after=None
[2025-12-24T09:11:28.958+0000] {processor.py:208} INFO - Processing /home/airflow/.local/lib/python3.11/site-packages/airflow/example_dags/example_dag_decorator.py took 0.215 seconds
[2025-12-24T09:12:31.014+0000] {processor.py:186} INFO - Started process (PID=1507) to work on /home/airflow/.local/lib/python3.11/site-packages/airflow/example_dags/example_dag_decorator.py
[2025-12-24T09:12:31.016+0000] {processor.py:914} INFO - Processing file /home/airflow/.local/lib/python3.11/site-packages/airflow/example_dags/example_dag_decorator.py for tasks to queue
[2025-12-24T09:12:31.020+0000] {logging_mixin.py:190} INFO - [2025-12-24T09:12:31.020+0000] {dagbag.py:588} INFO - Filling up the DagBag from /home/airflow/.local/lib/python3.11/site-packages/airflow/example_dags/example_dag_decorator.py
[2025-12-24T09:12:31.039+0000] {processor.py:925} INFO - DAG(s) 'example_dag_decorator' retrieved from /home/airflow/.local/lib/python3.11/site-packages/airflow/example_dags/example_dag_decorator.py
[2025-12-24T09:12:31.083+0000] {logging_mixin.py:190} INFO - [2025-12-24T09:12:31.082+0000] {dag.py:3239} INFO - Sync 1 DAGs
[2025-12-24T09:12:31.107+0000] {logging_mixin.py:190} INFO - [2025-12-24T09:12:31.106+0000] {dag.py:4180} INFO - Setting next_dagrun for example_dag_decorator to None, run_after=None
[2025-12-24T09:12:31.138+0000] {processor.py:208} INFO - Processing /home/airflow/.local/lib/python3.11/site-packages/airflow/example_dags/example_dag_decorator.py took 0.133 seconds
[2025-12-24T09:12:43.042+0000] {processor.py:186} INFO - Started process (PID=1571) to work on /home/airflow/.local/lib/python3.11/site-packages/airflow/example_dags/example_dag_decorator.py
[2025-12-24T09:12:43.044+0000] {processor.py:914} INFO - Processing file /home/airflow/.local/lib/python3.11/site-packages/airflow/example_dags/example_dag_decorator.py for tasks to queue
[2025-12-24T09:12:43.050+0000] {logging_mixin.py:190} INFO - [2025-12-24T09:12:43.050+0000] {dagbag.py:588} INFO - Filling up the DagBag from /home/airflow/.local/lib/python3.11/site-packages/airflow/example_dags/example_dag_decorator.py
[2025-12-24T09:12:43.076+0000] {processor.py:925} INFO - DAG(s) 'example_dag_decorator' retrieved from /home/airflow/.local/lib/python3.11/site-packages/airflow/example_dags/example_dag_decorator.py
[2025-12-24T09:12:43.241+0000] {logging_mixin.py:190} INFO - [2025-12-24T09:12:43.240+0000] {dag.py:3239} INFO - Sync 1 DAGs
[2025-12-24T09:12:43.255+0000] {logging_mixin.py:190} INFO - [2025-12-24T09:12:43.255+0000] {dag.py:4180} INFO - Setting next_dagrun for example_dag_decorator to None, run_after=None
[2025-12-24T09:12:43.280+0000] {processor.py:208} INFO - Processing /home/airflow/.local/lib/python3.11/site-packages/airflow/example_dags/example_dag_decorator.py took 0.251 seconds
[2025-12-24T09:13:31.819+0000] {processor.py:186} INFO - Started process (PID=1638) to work on /home/airflow/.local/lib/python3.11/site-packages/airflow/example_dags/example_dag_decorator.py
[2025-12-24T09:13:31.821+0000] {processor.py:914} INFO - Processing file /home/airflow/.local/lib/python3.11/site-packages/airflow/example_dags/example_dag_decorator.py for tasks to queue
[2025-12-24T09:13:31.825+0000] {logging_mixin.py:190} INFO - [2025-12-24T09:13:31.824+0000] {dagbag.py:588} INFO - Filling up the DagBag from /home/airflow/.local/lib/python3.11/site-packages/airflow/example_dags/example_dag_decorator.py
[2025-12-24T09:13:31.844+0000] {processor.py:925} INFO - DAG(s) 'example_dag_decorator' retrieved from /home/airflow/.local/lib/python3.11/site-packages/airflow/example_dags/example_dag_decorator.py
[2025-12-24T09:13:31.994+0000] {logging_mixin.py:190} INFO - [2025-12-24T09:13:31.993+0000] {dag.py:3239} INFO - Sync 1 DAGs
[2025-12-24T09:13:32.008+0000] {logging_mixin.py:190} INFO - [2025-12-24T09:13:32.008+0000] {dag.py:4180} INFO - Setting next_dagrun for example_dag_decorator to None, run_after=None
[2025-12-24T09:13:32.031+0000] {processor.py:208} INFO - Processing /home/airflow/.local/lib/python3.11/site-packages/airflow/example_dags/example_dag_decorator.py took 0.223 seconds
[2025-12-24T09:14:25.683+0000] {processor.py:186} INFO - Started process (PID=1688) to work on /home/airflow/.local/lib/python3.11/site-packages/airflow/example_dags/example_dag_decorator.py
[2025-12-24T09:14:25.685+0000] {processor.py:914} INFO - Processing file /home/airflow/.local/lib/python3.11/site-packages/airflow/example_dags/example_dag_decorator.py for tasks to queue
[2025-12-24T09:14:25.691+0000] {logging_mixin.py:190} INFO - [2025-12-24T09:14:25.690+0000] {dagbag.py:588} INFO - Filling up the DagBag from /home/airflow/.local/lib/python3.11/site-packages/airflow/example_dags/example_dag_decorator.py
[2025-12-24T09:14:25.718+0000] {processor.py:925} INFO - DAG(s) 'example_dag_decorator' retrieved from /home/airflow/.local/lib/python3.11/site-packages/airflow/example_dags/example_dag_decorator.py
[2025-12-24T09:14:25.927+0000] {logging_mixin.py:190} INFO - [2025-12-24T09:14:25.926+0000] {dag.py:3239} INFO - Sync 1 DAGs
[2025-12-24T09:14:25.954+0000] {logging_mixin.py:190} INFO - [2025-12-24T09:14:25.954+0000] {dag.py:4180} INFO - Setting next_dagrun for example_dag_decorator to None, run_after=None
[2025-12-24T09:14:25.991+0000] {processor.py:208} INFO - Processing /home/airflow/.local/lib/python3.11/site-packages/airflow/example_dags/example_dag_decorator.py took 0.323 seconds
[2025-12-24T09:14:38.238+0000] {processor.py:186} INFO - Started process (PID=1760) to work on /home/airflow/.local/lib/python3.11/site-packages/airflow/example_dags/example_dag_decorator.py
[2025-12-24T09:14:38.240+0000] {processor.py:914} INFO - Processing file /home/airflow/.local/lib/python3.11/site-packages/airflow/example_dags/example_dag_decorator.py for tasks to queue
[2025-12-24T09:14:38.244+0000] {logging_mixin.py:190} INFO - [2025-12-24T09:14:38.243+0000] {dagbag.py:588} INFO - Filling up the DagBag from /home/airflow/.local/lib/python3.11/site-packages/airflow/example_dags/example_dag_decorator.py
[2025-12-24T09:14:38.265+0000] {processor.py:925} INFO - DAG(s) 'example_dag_decorator' retrieved from /home/airflow/.local/lib/python3.11/site-packages/airflow/example_dags/example_dag_decorator.py
[2025-12-24T09:14:38.290+0000] {logging_mixin.py:190} INFO - [2025-12-24T09:14:38.289+0000] {dag.py:3239} INFO - Sync 1 DAGs
[2025-12-24T09:14:38.316+0000] {logging_mixin.py:190} INFO - [2025-12-24T09:14:38.315+0000] {dag.py:4180} INFO - Setting next_dagrun for example_dag_decorator to None, run_after=None
[2025-12-24T09:14:38.347+0000] {processor.py:208} INFO - Processing /home/airflow/.local/lib/python3.11/site-packages/airflow/example_dags/example_dag_decorator.py took 0.122 seconds
[2025-12-24T09:15:09.113+0000] {processor.py:186} INFO - Started process (PID=1824) to work on /home/airflow/.local/lib/python3.11/site-packages/airflow/example_dags/example_dag_decorator.py
[2025-12-24T09:15:09.115+0000] {processor.py:914} INFO - Processing file /home/airflow/.local/lib/python3.11/site-packages/airflow/example_dags/example_dag_decorator.py for tasks to queue
[2025-12-24T09:15:09.119+0000] {logging_mixin.py:190} INFO - [2025-12-24T09:15:09.119+0000] {dagbag.py:588} INFO - Filling up the DagBag from /home/airflow/.local/lib/python3.11/site-packages/airflow/example_dags/example_dag_decorator.py
[2025-12-24T09:15:09.138+0000] {processor.py:925} INFO - DAG(s) 'example_dag_decorator' retrieved from /home/airflow/.local/lib/python3.11/site-packages/airflow/example_dags/example_dag_decorator.py
[2025-12-24T09:15:09.325+0000] {logging_mixin.py:190} INFO - [2025-12-24T09:15:09.325+0000] {dag.py:3239} INFO - Sync 1 DAGs
[2025-12-24T09:15:09.342+0000] {logging_mixin.py:190} INFO - [2025-12-24T09:15:09.342+0000] {dag.py:4180} INFO - Setting next_dagrun for example_dag_decorator to None, run_after=None
[2025-12-24T09:15:09.370+0000] {processor.py:208} INFO - Processing /home/airflow/.local/lib/python3.11/site-packages/airflow/example_dags/example_dag_decorator.py took 0.268 seconds
[2025-12-24T09:15:40.054+0000] {processor.py:186} INFO - Started process (PID=1887) to work on /home/airflow/.local/lib/python3.11/site-packages/airflow/example_dags/example_dag_decorator.py
[2025-12-24T09:15:40.060+0000] {processor.py:914} INFO - Processing file /home/airflow/.local/lib/python3.11/site-packages/airflow/example_dags/example_dag_decorator.py for tasks to queue
[2025-12-24T09:15:40.064+0000] {logging_mixin.py:190} INFO - [2025-12-24T09:15:40.063+0000] {dagbag.py:588} INFO - Filling up the DagBag from /home/airflow/.local/lib/python3.11/site-packages/airflow/example_dags/example_dag_decorator.py
[2025-12-24T09:15:40.087+0000] {processor.py:925} INFO - DAG(s) 'example_dag_decorator' retrieved from /home/airflow/.local/lib/python3.11/site-packages/airflow/example_dags/example_dag_decorator.py
[2025-12-24T09:15:40.254+0000] {logging_mixin.py:190} INFO - [2025-12-24T09:15:40.253+0000] {dag.py:3239} INFO - Sync 1 DAGs
[2025-12-24T09:15:40.270+0000] {logging_mixin.py:190} INFO - [2025-12-24T09:15:40.270+0000] {dag.py:4180} INFO - Setting next_dagrun for example_dag_decorator to None, run_after=None
[2025-12-24T09:15:40.300+0000] {processor.py:208} INFO - Processing /home/airflow/.local/lib/python3.11/site-packages/airflow/example_dags/example_dag_decorator.py took 0.259 seconds
[2025-12-24T09:16:40.908+0000] {processor.py:186} INFO - Started process (PID=1953) to work on /home/airflow/.local/lib/python3.11/site-packages/airflow/example_dags/example_dag_decorator.py
[2025-12-24T09:16:40.909+0000] {processor.py:914} INFO - Processing file /home/airflow/.local/lib/python3.11/site-packages/airflow/example_dags/example_dag_decorator.py for tasks to queue
[2025-12-24T09:16:40.912+0000] {logging_mixin.py:190} INFO - [2025-12-24T09:16:40.912+0000] {dagbag.py:588} INFO - Filling up the DagBag from /home/airflow/.local/lib/python3.11/site-packages/airflow/example_dags/example_dag_decorator.py
[2025-12-24T09:16:40.933+0000] {processor.py:925} INFO - DAG(s) 'example_dag_decorator' retrieved from /home/airflow/.local/lib/python3.11/site-packages/airflow/example_dags/example_dag_decorator.py
[2025-12-24T09:16:41.071+0000] {logging_mixin.py:190} INFO - [2025-12-24T09:16:41.071+0000] {dag.py:3239} INFO - Sync 1 DAGs
[2025-12-24T09:16:41.085+0000] {logging_mixin.py:190} INFO - [2025-12-24T09:16:41.085+0000] {dag.py:4180} INFO - Setting next_dagrun for example_dag_decorator to None, run_after=None
[2025-12-24T09:16:41.111+0000] {processor.py:208} INFO - Processing /home/airflow/.local/lib/python3.11/site-packages/airflow/example_dags/example_dag_decorator.py took 0.212 seconds
[2025-12-24T09:24:14.973+0000] {processor.py:186} INFO - Started process (PID=99) to work on /home/airflow/.local/lib/python3.11/site-packages/airflow/example_dags/example_dag_decorator.py
[2025-12-24T09:24:14.976+0000] {processor.py:914} INFO - Processing file /home/airflow/.local/lib/python3.11/site-packages/airflow/example_dags/example_dag_decorator.py for tasks to queue
[2025-12-24T09:24:14.986+0000] {logging_mixin.py:190} INFO - [2025-12-24T09:24:14.986+0000] {dagbag.py:588} INFO - Filling up the DagBag from /home/airflow/.local/lib/python3.11/site-packages/airflow/example_dags/example_dag_decorator.py
[2025-12-24T09:24:15.016+0000] {processor.py:925} INFO - DAG(s) 'example_dag_decorator' retrieved from /home/airflow/.local/lib/python3.11/site-packages/airflow/example_dags/example_dag_decorator.py
[2025-12-24T09:24:15.241+0000] {logging_mixin.py:190} INFO - [2025-12-24T09:24:15.240+0000] {override.py:1911} INFO - Created Permission View: can delete on DAG:example_dag_decorator
[2025-12-24T09:24:15.262+0000] {logging_mixin.py:190} INFO - [2025-12-24T09:24:15.261+0000] {override.py:1911} INFO - Created Permission View: can read on DAG:example_dag_decorator
[2025-12-24T09:24:15.280+0000] {logging_mixin.py:190} INFO - [2025-12-24T09:24:15.279+0000] {override.py:1911} INFO - Created Permission View: can edit on DAG:example_dag_decorator
[2025-12-24T09:24:15.310+0000] {logging_mixin.py:190} INFO - [2025-12-24T09:24:15.309+0000] {override.py:1911} INFO - Created Permission View: menu access on DAG Run:example_dag_decorator
[2025-12-24T09:24:15.323+0000] {logging_mixin.py:190} INFO - [2025-12-24T09:24:15.323+0000] {override.py:1911} INFO - Created Permission View: can create on DAG Run:example_dag_decorator
[2025-12-24T09:24:15.336+0000] {logging_mixin.py:190} INFO - [2025-12-24T09:24:15.335+0000] {override.py:1911} INFO - Created Permission View: can delete on DAG Run:example_dag_decorator
[2025-12-24T09:24:15.348+0000] {logging_mixin.py:190} INFO - [2025-12-24T09:24:15.348+0000] {override.py:1911} INFO - Created Permission View: can read on DAG Run:example_dag_decorator
[2025-12-24T09:24:15.349+0000] {logging_mixin.py:190} INFO - [2025-12-24T09:24:15.349+0000] {dag.py:3239} INFO - Sync 1 DAGs
[2025-12-24T09:24:15.368+0000] {logging_mixin.py:190} INFO - [2025-12-24T09:24:15.368+0000] {dag.py:3262} INFO - Creating ORM DAG for example_dag_decorator
[2025-12-24T09:24:15.370+0000] {logging_mixin.py:190} INFO - [2025-12-24T09:24:15.370+0000] {dag.py:4180} INFO - Setting next_dagrun for example_dag_decorator to None, run_after=None
[2025-12-24T09:24:15.436+0000] {processor.py:208} INFO - Processing /home/airflow/.local/lib/python3.11/site-packages/airflow/example_dags/example_dag_decorator.py took 0.482 seconds
[2025-12-24T09:24:14.129+0000] {processor.py:186} INFO - Started process (PID=231) to work on /home/airflow/.local/lib/python3.11/site-packages/airflow/example_dags/example_dag_decorator.py
[2025-12-24T09:24:14.132+0000] {processor.py:914} INFO - Processing file /home/airflow/.local/lib/python3.11/site-packages/airflow/example_dags/example_dag_decorator.py for tasks to queue
[2025-12-24T09:24:14.138+0000] {logging_mixin.py:190} INFO - [2025-12-24T09:24:14.137+0000] {dagbag.py:588} INFO - Filling up the DagBag from /home/airflow/.local/lib/python3.11/site-packages/airflow/example_dags/example_dag_decorator.py
[2025-12-24T09:24:14.173+0000] {processor.py:925} INFO - DAG(s) 'example_dag_decorator' retrieved from /home/airflow/.local/lib/python3.11/site-packages/airflow/example_dags/example_dag_decorator.py
[2025-12-24T09:24:14.197+0000] {logging_mixin.py:190} INFO - [2025-12-24T09:24:14.196+0000] {dag.py:3239} INFO - Sync 1 DAGs
[2025-12-24T09:24:14.218+0000] {logging_mixin.py:190} INFO - [2025-12-24T09:24:14.218+0000] {dag.py:4180} INFO - Setting next_dagrun for example_dag_decorator to None, run_after=None
[2025-12-24T09:24:14.244+0000] {processor.py:208} INFO - Processing /home/airflow/.local/lib/python3.11/site-packages/airflow/example_dags/example_dag_decorator.py took 0.133 seconds
[2025-12-24T09:24:43.304+0000] {processor.py:186} INFO - Started process (PID=290) to work on /home/airflow/.local/lib/python3.11/site-packages/airflow/example_dags/example_dag_decorator.py
[2025-12-24T09:24:43.306+0000] {processor.py:914} INFO - Processing file /home/airflow/.local/lib/python3.11/site-packages/airflow/example_dags/example_dag_decorator.py for tasks to queue
[2025-12-24T09:24:43.311+0000] {logging_mixin.py:190} INFO - [2025-12-24T09:24:43.310+0000] {dagbag.py:588} INFO - Filling up the DagBag from /home/airflow/.local/lib/python3.11/site-packages/airflow/example_dags/example_dag_decorator.py
[2025-12-24T09:24:43.335+0000] {processor.py:925} INFO - DAG(s) 'example_dag_decorator' retrieved from /home/airflow/.local/lib/python3.11/site-packages/airflow/example_dags/example_dag_decorator.py
[2025-12-24T09:24:43.364+0000] {logging_mixin.py:190} INFO - [2025-12-24T09:24:43.363+0000] {dag.py:3239} INFO - Sync 1 DAGs
[2025-12-24T09:24:43.394+0000] {logging_mixin.py:190} INFO - [2025-12-24T09:24:43.394+0000] {dag.py:4180} INFO - Setting next_dagrun for example_dag_decorator to None, run_after=None
[2025-12-24T09:24:43.461+0000] {processor.py:208} INFO - Processing /home/airflow/.local/lib/python3.11/site-packages/airflow/example_dags/example_dag_decorator.py took 0.171 seconds
[2025-12-24T09:24:54.477+0000] {processor.py:186} INFO - Started process (PID=346) to work on /home/airflow/.local/lib/python3.11/site-packages/airflow/example_dags/example_dag_decorator.py
[2025-12-24T09:24:54.479+0000] {processor.py:914} INFO - Processing file /home/airflow/.local/lib/python3.11/site-packages/airflow/example_dags/example_dag_decorator.py for tasks to queue
[2025-12-24T09:24:54.484+0000] {logging_mixin.py:190} INFO - [2025-12-24T09:24:54.484+0000] {dagbag.py:588} INFO - Filling up the DagBag from /home/airflow/.local/lib/python3.11/site-packages/airflow/example_dags/example_dag_decorator.py
[2025-12-24T09:24:54.509+0000] {processor.py:925} INFO - DAG(s) 'example_dag_decorator' retrieved from /home/airflow/.local/lib/python3.11/site-packages/airflow/example_dags/example_dag_decorator.py
[2025-12-24T09:24:54.676+0000] {logging_mixin.py:190} INFO - [2025-12-24T09:24:54.675+0000] {dag.py:3239} INFO - Sync 1 DAGs
[2025-12-24T09:24:54.689+0000] {logging_mixin.py:190} INFO - [2025-12-24T09:24:54.689+0000] {dag.py:4180} INFO - Setting next_dagrun for example_dag_decorator to None, run_after=None
[2025-12-24T09:24:54.715+0000] {processor.py:208} INFO - Processing /home/airflow/.local/lib/python3.11/site-packages/airflow/example_dags/example_dag_decorator.py took 0.249 seconds
[2025-12-24T09:25:13.096+0000] {processor.py:186} INFO - Started process (PID=408) to work on /home/airflow/.local/lib/python3.11/site-packages/airflow/example_dags/example_dag_decorator.py
[2025-12-24T09:25:13.099+0000] {processor.py:914} INFO - Processing file /home/airflow/.local/lib/python3.11/site-packages/airflow/example_dags/example_dag_decorator.py for tasks to queue
[2025-12-24T09:25:13.105+0000] {logging_mixin.py:190} INFO - [2025-12-24T09:25:13.105+0000] {dagbag.py:588} INFO - Filling up the DagBag from /home/airflow/.local/lib/python3.11/site-packages/airflow/example_dags/example_dag_decorator.py
[2025-12-24T09:25:13.131+0000] {processor.py:925} INFO - DAG(s) 'example_dag_decorator' retrieved from /home/airflow/.local/lib/python3.11/site-packages/airflow/example_dags/example_dag_decorator.py
[2025-12-24T09:25:13.161+0000] {logging_mixin.py:190} INFO - [2025-12-24T09:25:13.160+0000] {dag.py:3239} INFO - Sync 1 DAGs
[2025-12-24T09:25:13.196+0000] {logging_mixin.py:190} INFO - [2025-12-24T09:25:13.196+0000] {dag.py:4180} INFO - Setting next_dagrun for example_dag_decorator to None, run_after=None
[2025-12-24T09:25:13.227+0000] {processor.py:208} INFO - Processing /home/airflow/.local/lib/python3.11/site-packages/airflow/example_dags/example_dag_decorator.py took 0.147 seconds
[2025-12-24T09:25:19.403+0000] {processor.py:186} INFO - Started process (PID=462) to work on /home/airflow/.local/lib/python3.11/site-packages/airflow/example_dags/example_dag_decorator.py
[2025-12-24T09:25:19.405+0000] {processor.py:914} INFO - Processing file /home/airflow/.local/lib/python3.11/site-packages/airflow/example_dags/example_dag_decorator.py for tasks to queue
[2025-12-24T09:25:19.409+0000] {logging_mixin.py:190} INFO - [2025-12-24T09:25:19.409+0000] {dagbag.py:588} INFO - Filling up the DagBag from /home/airflow/.local/lib/python3.11/site-packages/airflow/example_dags/example_dag_decorator.py
[2025-12-24T09:25:19.426+0000] {processor.py:925} INFO - DAG(s) 'example_dag_decorator' retrieved from /home/airflow/.local/lib/python3.11/site-packages/airflow/example_dags/example_dag_decorator.py
[2025-12-24T09:25:19.448+0000] {logging_mixin.py:190} INFO - [2025-12-24T09:25:19.447+0000] {dag.py:3239} INFO - Sync 1 DAGs
[2025-12-24T09:25:19.466+0000] {logging_mixin.py:190} INFO - [2025-12-24T09:25:19.466+0000] {dag.py:4180} INFO - Setting next_dagrun for example_dag_decorator to None, run_after=None
[2025-12-24T09:25:19.506+0000] {processor.py:208} INFO - Processing /home/airflow/.local/lib/python3.11/site-packages/airflow/example_dags/example_dag_decorator.py took 0.114 seconds
[2025-12-24T09:25:50.348+0000] {processor.py:186} INFO - Started process (PID=520) to work on /home/airflow/.local/lib/python3.11/site-packages/airflow/example_dags/example_dag_decorator.py
[2025-12-24T09:25:50.351+0000] {processor.py:914} INFO - Processing file /home/airflow/.local/lib/python3.11/site-packages/airflow/example_dags/example_dag_decorator.py for tasks to queue
[2025-12-24T09:25:50.358+0000] {logging_mixin.py:190} INFO - [2025-12-24T09:25:50.357+0000] {dagbag.py:588} INFO - Filling up the DagBag from /home/airflow/.local/lib/python3.11/site-packages/airflow/example_dags/example_dag_decorator.py
[2025-12-24T09:25:50.378+0000] {processor.py:925} INFO - DAG(s) 'example_dag_decorator' retrieved from /home/airflow/.local/lib/python3.11/site-packages/airflow/example_dags/example_dag_decorator.py
[2025-12-24T09:25:50.665+0000] {logging_mixin.py:190} INFO - [2025-12-24T09:25:50.664+0000] {dag.py:3239} INFO - Sync 1 DAGs
[2025-12-24T09:25:50.689+0000] {logging_mixin.py:190} INFO - [2025-12-24T09:25:50.688+0000] {dag.py:4180} INFO - Setting next_dagrun for example_dag_decorator to None, run_after=None
[2025-12-24T09:25:50.743+0000] {processor.py:208} INFO - Processing /home/airflow/.local/lib/python3.11/site-packages/airflow/example_dags/example_dag_decorator.py took 0.406 seconds
[2025-12-24T09:25:55.801+0000] {processor.py:186} INFO - Started process (PID=553) to work on /home/airflow/.local/lib/python3.11/site-packages/airflow/example_dags/example_dag_decorator.py
[2025-12-24T09:25:55.803+0000] {processor.py:914} INFO - Processing file /home/airflow/.local/lib/python3.11/site-packages/airflow/example_dags/example_dag_decorator.py for tasks to queue
[2025-12-24T09:25:55.808+0000] {logging_mixin.py:190} INFO - [2025-12-24T09:25:55.808+0000] {dagbag.py:588} INFO - Filling up the DagBag from /home/airflow/.local/lib/python3.11/site-packages/airflow/example_dags/example_dag_decorator.py
[2025-12-24T09:25:55.841+0000] {processor.py:925} INFO - DAG(s) 'example_dag_decorator' retrieved from /home/airflow/.local/lib/python3.11/site-packages/airflow/example_dags/example_dag_decorator.py
[2025-12-24T09:25:55.874+0000] {logging_mixin.py:190} INFO - [2025-12-24T09:25:55.873+0000] {dag.py:3239} INFO - Sync 1 DAGs
[2025-12-24T09:25:55.904+0000] {logging_mixin.py:190} INFO - [2025-12-24T09:25:55.904+0000] {dag.py:4180} INFO - Setting next_dagrun for example_dag_decorator to None, run_after=None
[2025-12-24T09:25:55.945+0000] {processor.py:208} INFO - Processing /home/airflow/.local/lib/python3.11/site-packages/airflow/example_dags/example_dag_decorator.py took 0.164 seconds
[2025-12-24T09:26:04.909+0000] {processor.py:186} INFO - Started process (PID=617) to work on /home/airflow/.local/lib/python3.11/site-packages/airflow/example_dags/example_dag_decorator.py
[2025-12-24T09:26:04.911+0000] {processor.py:914} INFO - Processing file /home/airflow/.local/lib/python3.11/site-packages/airflow/example_dags/example_dag_decorator.py for tasks to queue
[2025-12-24T09:26:04.915+0000] {logging_mixin.py:190} INFO - [2025-12-24T09:26:04.915+0000] {dagbag.py:588} INFO - Filling up the DagBag from /home/airflow/.local/lib/python3.11/site-packages/airflow/example_dags/example_dag_decorator.py
[2025-12-24T09:26:04.935+0000] {processor.py:925} INFO - DAG(s) 'example_dag_decorator' retrieved from /home/airflow/.local/lib/python3.11/site-packages/airflow/example_dags/example_dag_decorator.py
[2025-12-24T09:26:04.965+0000] {logging_mixin.py:190} INFO - [2025-12-24T09:26:04.964+0000] {dag.py:3239} INFO - Sync 1 DAGs
[2025-12-24T09:26:04.994+0000] {logging_mixin.py:190} INFO - [2025-12-24T09:26:04.994+0000] {dag.py:4180} INFO - Setting next_dagrun for example_dag_decorator to None, run_after=None
[2025-12-24T09:26:05.037+0000] {processor.py:208} INFO - Processing /home/airflow/.local/lib/python3.11/site-packages/airflow/example_dags/example_dag_decorator.py took 0.138 seconds
[2025-12-24T09:26:13.671+0000] {processor.py:186} INFO - Started process (PID=673) to work on /home/airflow/.local/lib/python3.11/site-packages/airflow/example_dags/example_dag_decorator.py
[2025-12-24T09:26:13.672+0000] {processor.py:914} INFO - Processing file /home/airflow/.local/lib/python3.11/site-packages/airflow/example_dags/example_dag_decorator.py for tasks to queue
[2025-12-24T09:26:13.677+0000] {logging_mixin.py:190} INFO - [2025-12-24T09:26:13.676+0000] {dagbag.py:588} INFO - Filling up the DagBag from /home/airflow/.local/lib/python3.11/site-packages/airflow/example_dags/example_dag_decorator.py
[2025-12-24T09:26:13.702+0000] {processor.py:925} INFO - DAG(s) 'example_dag_decorator' retrieved from /home/airflow/.local/lib/python3.11/site-packages/airflow/example_dags/example_dag_decorator.py
[2025-12-24T09:26:13.728+0000] {logging_mixin.py:190} INFO - [2025-12-24T09:26:13.728+0000] {dag.py:3239} INFO - Sync 1 DAGs
[2025-12-24T09:26:13.750+0000] {logging_mixin.py:190} INFO - [2025-12-24T09:26:13.749+0000] {dag.py:4180} INFO - Setting next_dagrun for example_dag_decorator to None, run_after=None
[2025-12-24T09:26:13.781+0000] {processor.py:208} INFO - Processing /home/airflow/.local/lib/python3.11/site-packages/airflow/example_dags/example_dag_decorator.py took 0.121 seconds
[2025-12-24T09:26:24.261+0000] {processor.py:186} INFO - Started process (PID=725) to work on /home/airflow/.local/lib/python3.11/site-packages/airflow/example_dags/example_dag_decorator.py
[2025-12-24T09:26:24.263+0000] {processor.py:914} INFO - Processing file /home/airflow/.local/lib/python3.11/site-packages/airflow/example_dags/example_dag_decorator.py for tasks to queue
[2025-12-24T09:26:24.267+0000] {logging_mixin.py:190} INFO - [2025-12-24T09:26:24.267+0000] {dagbag.py:588} INFO - Filling up the DagBag from /home/airflow/.local/lib/python3.11/site-packages/airflow/example_dags/example_dag_decorator.py
[2025-12-24T09:26:24.286+0000] {processor.py:925} INFO - DAG(s) 'example_dag_decorator' retrieved from /home/airflow/.local/lib/python3.11/site-packages/airflow/example_dags/example_dag_decorator.py
[2025-12-24T09:26:24.467+0000] {logging_mixin.py:190} INFO - [2025-12-24T09:26:24.466+0000] {dag.py:3239} INFO - Sync 1 DAGs
[2025-12-24T09:26:24.503+0000] {logging_mixin.py:190} INFO - [2025-12-24T09:26:24.503+0000] {dag.py:4180} INFO - Setting next_dagrun for example_dag_decorator to None, run_after=None
[2025-12-24T09:26:24.537+0000] {processor.py:208} INFO - Processing /home/airflow/.local/lib/python3.11/site-packages/airflow/example_dags/example_dag_decorator.py took 0.286 seconds
[2025-12-24T09:26:34.679+0000] {processor.py:186} INFO - Started process (PID=780) to work on /home/airflow/.local/lib/python3.11/site-packages/airflow/example_dags/example_dag_decorator.py
[2025-12-24T09:26:34.681+0000] {processor.py:914} INFO - Processing file /home/airflow/.local/lib/python3.11/site-packages/airflow/example_dags/example_dag_decorator.py for tasks to queue
[2025-12-24T09:26:34.686+0000] {logging_mixin.py:190} INFO - [2025-12-24T09:26:34.685+0000] {dagbag.py:588} INFO - Filling up the DagBag from /home/airflow/.local/lib/python3.11/site-packages/airflow/example_dags/example_dag_decorator.py
[2025-12-24T09:26:34.709+0000] {processor.py:925} INFO - DAG(s) 'example_dag_decorator' retrieved from /home/airflow/.local/lib/python3.11/site-packages/airflow/example_dags/example_dag_decorator.py
[2025-12-24T09:26:34.733+0000] {logging_mixin.py:190} INFO - [2025-12-24T09:26:34.733+0000] {dag.py:3239} INFO - Sync 1 DAGs
[2025-12-24T09:26:34.754+0000] {logging_mixin.py:190} INFO - [2025-12-24T09:26:34.754+0000] {dag.py:4180} INFO - Setting next_dagrun for example_dag_decorator to None, run_after=None
[2025-12-24T09:26:34.815+0000] {processor.py:208} INFO - Processing /home/airflow/.local/lib/python3.11/site-packages/airflow/example_dags/example_dag_decorator.py took 0.147 seconds
[2025-12-24T09:26:45.006+0000] {processor.py:186} INFO - Started process (PID=833) to work on /home/airflow/.local/lib/python3.11/site-packages/airflow/example_dags/example_dag_decorator.py
[2025-12-24T09:26:45.009+0000] {processor.py:914} INFO - Processing file /home/airflow/.local/lib/python3.11/site-packages/airflow/example_dags/example_dag_decorator.py for tasks to queue
[2025-12-24T09:26:45.015+0000] {logging_mixin.py:190} INFO - [2025-12-24T09:26:45.014+0000] {dagbag.py:588} INFO - Filling up the DagBag from /home/airflow/.local/lib/python3.11/site-packages/airflow/example_dags/example_dag_decorator.py
[2025-12-24T09:26:45.041+0000] {processor.py:925} INFO - DAG(s) 'example_dag_decorator' retrieved from /home/airflow/.local/lib/python3.11/site-packages/airflow/example_dags/example_dag_decorator.py
[2025-12-24T09:26:45.073+0000] {logging_mixin.py:190} INFO - [2025-12-24T09:26:45.072+0000] {dag.py:3239} INFO - Sync 1 DAGs
[2025-12-24T09:26:45.095+0000] {logging_mixin.py:190} INFO - [2025-12-24T09:26:45.095+0000] {dag.py:4180} INFO - Setting next_dagrun for example_dag_decorator to None, run_after=None
[2025-12-24T09:26:45.127+0000] {processor.py:208} INFO - Processing /home/airflow/.local/lib/python3.11/site-packages/airflow/example_dags/example_dag_decorator.py took 0.133 seconds
[2025-12-24T09:27:42.215+0000] {processor.py:186} INFO - Started process (PID=889) to work on /home/airflow/.local/lib/python3.11/site-packages/airflow/example_dags/example_dag_decorator.py
[2025-12-24T09:27:42.218+0000] {processor.py:914} INFO - Processing file /home/airflow/.local/lib/python3.11/site-packages/airflow/example_dags/example_dag_decorator.py for tasks to queue
[2025-12-24T09:27:42.237+0000] {logging_mixin.py:190} INFO - [2025-12-24T09:27:42.236+0000] {dagbag.py:588} INFO - Filling up the DagBag from /home/airflow/.local/lib/python3.11/site-packages/airflow/example_dags/example_dag_decorator.py
[2025-12-24T09:27:42.279+0000] {processor.py:925} INFO - DAG(s) 'example_dag_decorator' retrieved from /home/airflow/.local/lib/python3.11/site-packages/airflow/example_dags/example_dag_decorator.py
[2025-12-24T09:27:42.488+0000] {logging_mixin.py:190} INFO - [2025-12-24T09:27:42.487+0000] {dag.py:3239} INFO - Sync 1 DAGs
[2025-12-24T09:27:42.511+0000] {logging_mixin.py:190} INFO - [2025-12-24T09:27:42.510+0000] {dag.py:4180} INFO - Setting next_dagrun for example_dag_decorator to None, run_after=None
[2025-12-24T09:27:42.544+0000] {processor.py:208} INFO - Processing /home/airflow/.local/lib/python3.11/site-packages/airflow/example_dags/example_dag_decorator.py took 0.344 seconds
[2025-12-24T09:27:50.040+0000] {processor.py:186} INFO - Started process (PID=961) to work on /home/airflow/.local/lib/python3.11/site-packages/airflow/example_dags/example_dag_decorator.py
[2025-12-24T09:27:50.042+0000] {processor.py:914} INFO - Processing file /home/airflow/.local/lib/python3.11/site-packages/airflow/example_dags/example_dag_decorator.py for tasks to queue
[2025-12-24T09:27:50.046+0000] {logging_mixin.py:190} INFO - [2025-12-24T09:27:50.045+0000] {dagbag.py:588} INFO - Filling up the DagBag from /home/airflow/.local/lib/python3.11/site-packages/airflow/example_dags/example_dag_decorator.py
[2025-12-24T09:27:50.082+0000] {processor.py:925} INFO - DAG(s) 'example_dag_decorator' retrieved from /home/airflow/.local/lib/python3.11/site-packages/airflow/example_dags/example_dag_decorator.py
[2025-12-24T09:27:50.108+0000] {logging_mixin.py:190} INFO - [2025-12-24T09:27:50.107+0000] {dag.py:3239} INFO - Sync 1 DAGs
[2025-12-24T09:27:50.132+0000] {logging_mixin.py:190} INFO - [2025-12-24T09:27:50.132+0000] {dag.py:4180} INFO - Setting next_dagrun for example_dag_decorator to None, run_after=None
[2025-12-24T09:27:50.170+0000] {processor.py:208} INFO - Processing /home/airflow/.local/lib/python3.11/site-packages/airflow/example_dags/example_dag_decorator.py took 0.142 seconds
[2025-12-24T09:28:00.108+0000] {processor.py:186} INFO - Started process (PID=1021) to work on /home/airflow/.local/lib/python3.11/site-packages/airflow/example_dags/example_dag_decorator.py
[2025-12-24T09:28:00.110+0000] {processor.py:914} INFO - Processing file /home/airflow/.local/lib/python3.11/site-packages/airflow/example_dags/example_dag_decorator.py for tasks to queue
[2025-12-24T09:28:00.114+0000] {logging_mixin.py:190} INFO - [2025-12-24T09:28:00.113+0000] {dagbag.py:588} INFO - Filling up the DagBag from /home/airflow/.local/lib/python3.11/site-packages/airflow/example_dags/example_dag_decorator.py
[2025-12-24T09:28:00.137+0000] {processor.py:925} INFO - DAG(s) 'example_dag_decorator' retrieved from /home/airflow/.local/lib/python3.11/site-packages/airflow/example_dags/example_dag_decorator.py
[2025-12-24T09:28:00.172+0000] {logging_mixin.py:190} INFO - [2025-12-24T09:28:00.171+0000] {dag.py:3239} INFO - Sync 1 DAGs
[2025-12-24T09:28:00.199+0000] {logging_mixin.py:190} INFO - [2025-12-24T09:28:00.199+0000] {dag.py:4180} INFO - Setting next_dagrun for example_dag_decorator to None, run_after=None
[2025-12-24T09:28:00.230+0000] {processor.py:208} INFO - Processing /home/airflow/.local/lib/python3.11/site-packages/airflow/example_dags/example_dag_decorator.py took 0.133 seconds
[2025-12-24T09:28:14.186+0000] {processor.py:186} INFO - Started process (PID=1086) to work on /home/airflow/.local/lib/python3.11/site-packages/airflow/example_dags/example_dag_decorator.py
[2025-12-24T09:28:14.188+0000] {processor.py:914} INFO - Processing file /home/airflow/.local/lib/python3.11/site-packages/airflow/example_dags/example_dag_decorator.py for tasks to queue
[2025-12-24T09:28:14.192+0000] {logging_mixin.py:190} INFO - [2025-12-24T09:28:14.192+0000] {dagbag.py:588} INFO - Filling up the DagBag from /home/airflow/.local/lib/python3.11/site-packages/airflow/example_dags/example_dag_decorator.py
[2025-12-24T09:28:14.211+0000] {processor.py:925} INFO - DAG(s) 'example_dag_decorator' retrieved from /home/airflow/.local/lib/python3.11/site-packages/airflow/example_dags/example_dag_decorator.py
[2025-12-24T09:28:14.434+0000] {logging_mixin.py:190} INFO - [2025-12-24T09:28:14.433+0000] {dag.py:3239} INFO - Sync 1 DAGs
[2025-12-24T09:28:14.460+0000] {logging_mixin.py:190} INFO - [2025-12-24T09:28:14.460+0000] {dag.py:4180} INFO - Setting next_dagrun for example_dag_decorator to None, run_after=None
[2025-12-24T09:28:14.501+0000] {processor.py:208} INFO - Processing /home/airflow/.local/lib/python3.11/site-packages/airflow/example_dags/example_dag_decorator.py took 0.326 seconds
[2025-12-24T09:29:12.012+0000] {processor.py:186} INFO - Started process (PID=1139) to work on /home/airflow/.local/lib/python3.11/site-packages/airflow/example_dags/example_dag_decorator.py
[2025-12-24T09:29:12.015+0000] {processor.py:914} INFO - Processing file /home/airflow/.local/lib/python3.11/site-packages/airflow/example_dags/example_dag_decorator.py for tasks to queue
[2025-12-24T09:29:12.020+0000] {logging_mixin.py:190} INFO - [2025-12-24T09:29:12.019+0000] {dagbag.py:588} INFO - Filling up the DagBag from /home/airflow/.local/lib/python3.11/site-packages/airflow/example_dags/example_dag_decorator.py
[2025-12-24T09:29:12.044+0000] {processor.py:925} INFO - DAG(s) 'example_dag_decorator' retrieved from /home/airflow/.local/lib/python3.11/site-packages/airflow/example_dags/example_dag_decorator.py
[2025-12-24T09:29:12.228+0000] {logging_mixin.py:190} INFO - [2025-12-24T09:29:12.227+0000] {dag.py:3239} INFO - Sync 1 DAGs
[2025-12-24T09:29:12.251+0000] {logging_mixin.py:190} INFO - [2025-12-24T09:29:12.250+0000] {dag.py:4180} INFO - Setting next_dagrun for example_dag_decorator to None, run_after=None
[2025-12-24T09:29:12.279+0000] {processor.py:208} INFO - Processing /home/airflow/.local/lib/python3.11/site-packages/airflow/example_dags/example_dag_decorator.py took 0.280 seconds
