[2025-12-24T09:02:57.694+0000] {processor.py:186} INFO - Started process (PID=97) to work on /home/airflow/.local/lib/python3.11/site-packages/airflow/example_dags/example_trigger_target_dag.py
[2025-12-24T09:02:57.697+0000] {processor.py:914} INFO - Processing file /home/airflow/.local/lib/python3.11/site-packages/airflow/example_dags/example_trigger_target_dag.py for tasks to queue
[2025-12-24T09:02:57.703+0000] {logging_mixin.py:190} INFO - [2025-12-24T09:02:57.703+0000] {dagbag.py:588} INFO - Filling up the DagBag from /home/airflow/.local/lib/python3.11/site-packages/airflow/example_dags/example_trigger_target_dag.py
[2025-12-24T09:02:57.722+0000] {processor.py:925} INFO - DAG(s) 'example_trigger_target_dag' retrieved from /home/airflow/.local/lib/python3.11/site-packages/airflow/example_dags/example_trigger_target_dag.py
[2025-12-24T09:02:57.953+0000] {logging_mixin.py:190} INFO - [2025-12-24T09:02:57.952+0000] {override.py:1911} INFO - Created Permission View: can edit on DAG:example_trigger_target_dag
[2025-12-24T09:02:57.981+0000] {logging_mixin.py:190} INFO - [2025-12-24T09:02:57.981+0000] {override.py:1911} INFO - Created Permission View: can read on DAG:example_trigger_target_dag
[2025-12-24T09:02:58.001+0000] {logging_mixin.py:190} INFO - [2025-12-24T09:02:58.000+0000] {override.py:1911} INFO - Created Permission View: can delete on DAG:example_trigger_target_dag
[2025-12-24T09:02:58.029+0000] {logging_mixin.py:190} INFO - [2025-12-24T09:02:58.026+0000] {override.py:1911} INFO - Created Permission View: can read on DAG Run:example_trigger_target_dag
[2025-12-24T09:02:58.066+0000] {logging_mixin.py:190} INFO - [2025-12-24T09:02:58.065+0000] {override.py:1911} INFO - Created Permission View: can create on DAG Run:example_trigger_target_dag
[2025-12-24T09:02:58.086+0000] {logging_mixin.py:190} INFO - [2025-12-24T09:02:58.085+0000] {override.py:1911} INFO - Created Permission View: can delete on DAG Run:example_trigger_target_dag
[2025-12-24T09:02:58.106+0000] {logging_mixin.py:190} INFO - [2025-12-24T09:02:58.105+0000] {override.py:1911} INFO - Created Permission View: menu access on DAG Run:example_trigger_target_dag
[2025-12-24T09:02:58.107+0000] {logging_mixin.py:190} INFO - [2025-12-24T09:02:58.106+0000] {dag.py:3239} INFO - Sync 1 DAGs
[2025-12-24T09:02:58.126+0000] {logging_mixin.py:190} INFO - [2025-12-24T09:02:58.126+0000] {dag.py:3262} INFO - Creating ORM DAG for example_trigger_target_dag
[2025-12-24T09:02:58.128+0000] {logging_mixin.py:190} INFO - [2025-12-24T09:02:58.128+0000] {dag.py:4180} INFO - Setting next_dagrun for example_trigger_target_dag to None, run_after=None
[2025-12-24T09:02:58.161+0000] {processor.py:208} INFO - Processing /home/airflow/.local/lib/python3.11/site-packages/airflow/example_dags/example_trigger_target_dag.py took 0.478 seconds
[2025-12-24T09:03:13.206+0000] {processor.py:186} INFO - Started process (PID=156) to work on /home/airflow/.local/lib/python3.11/site-packages/airflow/example_dags/example_trigger_target_dag.py
[2025-12-24T09:03:13.218+0000] {processor.py:914} INFO - Processing file /home/airflow/.local/lib/python3.11/site-packages/airflow/example_dags/example_trigger_target_dag.py for tasks to queue
[2025-12-24T09:03:13.224+0000] {logging_mixin.py:190} INFO - [2025-12-24T09:03:13.223+0000] {dagbag.py:588} INFO - Filling up the DagBag from /home/airflow/.local/lib/python3.11/site-packages/airflow/example_dags/example_trigger_target_dag.py
[2025-12-24T09:03:13.242+0000] {processor.py:925} INFO - DAG(s) 'example_trigger_target_dag' retrieved from /home/airflow/.local/lib/python3.11/site-packages/airflow/example_dags/example_trigger_target_dag.py
[2025-12-24T09:03:13.276+0000] {logging_mixin.py:190} INFO - [2025-12-24T09:03:13.275+0000] {dag.py:3239} INFO - Sync 1 DAGs
[2025-12-24T09:03:13.309+0000] {logging_mixin.py:190} INFO - [2025-12-24T09:03:13.309+0000] {dag.py:4180} INFO - Setting next_dagrun for example_trigger_target_dag to None, run_after=None
[2025-12-24T09:03:13.339+0000] {processor.py:208} INFO - Processing /home/airflow/.local/lib/python3.11/site-packages/airflow/example_dags/example_trigger_target_dag.py took 0.150 seconds
[2025-12-24T09:04:16.399+0000] {processor.py:186} INFO - Started process (PID=220) to work on /home/airflow/.local/lib/python3.11/site-packages/airflow/example_dags/example_trigger_target_dag.py
[2025-12-24T09:04:16.401+0000] {processor.py:914} INFO - Processing file /home/airflow/.local/lib/python3.11/site-packages/airflow/example_dags/example_trigger_target_dag.py for tasks to queue
[2025-12-24T09:04:16.416+0000] {logging_mixin.py:190} INFO - [2025-12-24T09:04:16.416+0000] {dagbag.py:588} INFO - Filling up the DagBag from /home/airflow/.local/lib/python3.11/site-packages/airflow/example_dags/example_trigger_target_dag.py
[2025-12-24T09:04:16.435+0000] {processor.py:925} INFO - DAG(s) 'example_trigger_target_dag' retrieved from /home/airflow/.local/lib/python3.11/site-packages/airflow/example_dags/example_trigger_target_dag.py
[2025-12-24T09:04:16.474+0000] {logging_mixin.py:190} INFO - [2025-12-24T09:04:16.473+0000] {dag.py:3239} INFO - Sync 1 DAGs
[2025-12-24T09:04:16.502+0000] {logging_mixin.py:190} INFO - [2025-12-24T09:04:16.502+0000] {dag.py:4180} INFO - Setting next_dagrun for example_trigger_target_dag to None, run_after=None
[2025-12-24T09:04:16.546+0000] {processor.py:208} INFO - Processing /home/airflow/.local/lib/python3.11/site-packages/airflow/example_dags/example_trigger_target_dag.py took 0.158 seconds
[2025-12-24T09:04:13.421+0000] {processor.py:186} INFO - Started process (PID=286) to work on /home/airflow/.local/lib/python3.11/site-packages/airflow/example_dags/example_trigger_target_dag.py
[2025-12-24T09:04:13.422+0000] {processor.py:914} INFO - Processing file /home/airflow/.local/lib/python3.11/site-packages/airflow/example_dags/example_trigger_target_dag.py for tasks to queue
[2025-12-24T09:04:13.426+0000] {logging_mixin.py:190} INFO - [2025-12-24T09:04:13.425+0000] {dagbag.py:588} INFO - Filling up the DagBag from /home/airflow/.local/lib/python3.11/site-packages/airflow/example_dags/example_trigger_target_dag.py
[2025-12-24T09:04:13.439+0000] {processor.py:925} INFO - DAG(s) 'example_trigger_target_dag' retrieved from /home/airflow/.local/lib/python3.11/site-packages/airflow/example_dags/example_trigger_target_dag.py
[2025-12-24T09:04:13.473+0000] {logging_mixin.py:190} INFO - [2025-12-24T09:04:13.472+0000] {dag.py:3239} INFO - Sync 1 DAGs
[2025-12-24T09:04:13.491+0000] {logging_mixin.py:190} INFO - [2025-12-24T09:04:13.491+0000] {dag.py:4180} INFO - Setting next_dagrun for example_trigger_target_dag to None, run_after=None
[2025-12-24T09:04:13.517+0000] {processor.py:208} INFO - Processing /home/airflow/.local/lib/python3.11/site-packages/airflow/example_dags/example_trigger_target_dag.py took 0.105 seconds
[2025-12-24T09:04:43.883+0000] {processor.py:186} INFO - Started process (PID=349) to work on /home/airflow/.local/lib/python3.11/site-packages/airflow/example_dags/example_trigger_target_dag.py
[2025-12-24T09:04:43.885+0000] {processor.py:914} INFO - Processing file /home/airflow/.local/lib/python3.11/site-packages/airflow/example_dags/example_trigger_target_dag.py for tasks to queue
[2025-12-24T09:04:43.890+0000] {logging_mixin.py:190} INFO - [2025-12-24T09:04:43.889+0000] {dagbag.py:588} INFO - Filling up the DagBag from /home/airflow/.local/lib/python3.11/site-packages/airflow/example_dags/example_trigger_target_dag.py
[2025-12-24T09:04:43.905+0000] {processor.py:925} INFO - DAG(s) 'example_trigger_target_dag' retrieved from /home/airflow/.local/lib/python3.11/site-packages/airflow/example_dags/example_trigger_target_dag.py
[2025-12-24T09:04:43.945+0000] {logging_mixin.py:190} INFO - [2025-12-24T09:04:43.944+0000] {dag.py:3239} INFO - Sync 1 DAGs
[2025-12-24T09:04:43.970+0000] {logging_mixin.py:190} INFO - [2025-12-24T09:04:43.969+0000] {dag.py:4180} INFO - Setting next_dagrun for example_trigger_target_dag to None, run_after=None
[2025-12-24T09:04:44.031+0000] {processor.py:208} INFO - Processing /home/airflow/.local/lib/python3.11/site-packages/airflow/example_dags/example_trigger_target_dag.py took 0.160 seconds
[2025-12-24T09:04:53.576+0000] {processor.py:186} INFO - Started process (PID=414) to work on /home/airflow/.local/lib/python3.11/site-packages/airflow/example_dags/example_trigger_target_dag.py
[2025-12-24T09:04:53.578+0000] {processor.py:914} INFO - Processing file /home/airflow/.local/lib/python3.11/site-packages/airflow/example_dags/example_trigger_target_dag.py for tasks to queue
[2025-12-24T09:04:53.588+0000] {logging_mixin.py:190} INFO - [2025-12-24T09:04:53.588+0000] {dagbag.py:588} INFO - Filling up the DagBag from /home/airflow/.local/lib/python3.11/site-packages/airflow/example_dags/example_trigger_target_dag.py
[2025-12-24T09:04:53.608+0000] {processor.py:925} INFO - DAG(s) 'example_trigger_target_dag' retrieved from /home/airflow/.local/lib/python3.11/site-packages/airflow/example_dags/example_trigger_target_dag.py
[2025-12-24T09:04:53.645+0000] {logging_mixin.py:190} INFO - [2025-12-24T09:04:53.645+0000] {dag.py:3239} INFO - Sync 1 DAGs
[2025-12-24T09:04:53.668+0000] {logging_mixin.py:190} INFO - [2025-12-24T09:04:53.668+0000] {dag.py:4180} INFO - Setting next_dagrun for example_trigger_target_dag to None, run_after=None
[2025-12-24T09:04:53.700+0000] {processor.py:208} INFO - Processing /home/airflow/.local/lib/python3.11/site-packages/airflow/example_dags/example_trigger_target_dag.py took 0.136 seconds
[2025-12-24T09:05:23.800+0000] {processor.py:186} INFO - Started process (PID=479) to work on /home/airflow/.local/lib/python3.11/site-packages/airflow/example_dags/example_trigger_target_dag.py
[2025-12-24T09:05:23.801+0000] {processor.py:914} INFO - Processing file /home/airflow/.local/lib/python3.11/site-packages/airflow/example_dags/example_trigger_target_dag.py for tasks to queue
[2025-12-24T09:05:23.807+0000] {logging_mixin.py:190} INFO - [2025-12-24T09:05:23.806+0000] {dagbag.py:588} INFO - Filling up the DagBag from /home/airflow/.local/lib/python3.11/site-packages/airflow/example_dags/example_trigger_target_dag.py
[2025-12-24T09:05:23.827+0000] {processor.py:925} INFO - DAG(s) 'example_trigger_target_dag' retrieved from /home/airflow/.local/lib/python3.11/site-packages/airflow/example_dags/example_trigger_target_dag.py
[2025-12-24T09:05:23.855+0000] {logging_mixin.py:190} INFO - [2025-12-24T09:05:23.854+0000] {dag.py:3239} INFO - Sync 1 DAGs
[2025-12-24T09:05:23.871+0000] {logging_mixin.py:190} INFO - [2025-12-24T09:05:23.870+0000] {dag.py:4180} INFO - Setting next_dagrun for example_trigger_target_dag to None, run_after=None
[2025-12-24T09:05:23.892+0000] {processor.py:208} INFO - Processing /home/airflow/.local/lib/python3.11/site-packages/airflow/example_dags/example_trigger_target_dag.py took 0.102 seconds
[2025-12-24T09:05:27.740+0000] {processor.py:186} INFO - Started process (PID=515) to work on /home/airflow/.local/lib/python3.11/site-packages/airflow/example_dags/example_trigger_target_dag.py
[2025-12-24T09:05:27.742+0000] {processor.py:914} INFO - Processing file /home/airflow/.local/lib/python3.11/site-packages/airflow/example_dags/example_trigger_target_dag.py for tasks to queue
[2025-12-24T09:05:27.747+0000] {logging_mixin.py:190} INFO - [2025-12-24T09:05:27.746+0000] {dagbag.py:588} INFO - Filling up the DagBag from /home/airflow/.local/lib/python3.11/site-packages/airflow/example_dags/example_trigger_target_dag.py
[2025-12-24T09:05:27.760+0000] {processor.py:925} INFO - DAG(s) 'example_trigger_target_dag' retrieved from /home/airflow/.local/lib/python3.11/site-packages/airflow/example_dags/example_trigger_target_dag.py
[2025-12-24T09:05:27.787+0000] {logging_mixin.py:190} INFO - [2025-12-24T09:05:27.787+0000] {dag.py:3239} INFO - Sync 1 DAGs
[2025-12-24T09:05:27.804+0000] {logging_mixin.py:190} INFO - [2025-12-24T09:05:27.804+0000] {dag.py:4180} INFO - Setting next_dagrun for example_trigger_target_dag to None, run_after=None
[2025-12-24T09:05:27.830+0000] {processor.py:208} INFO - Processing /home/airflow/.local/lib/python3.11/site-packages/airflow/example_dags/example_trigger_target_dag.py took 0.099 seconds
[2025-12-24T09:05:39.346+0000] {processor.py:186} INFO - Started process (PID=570) to work on /home/airflow/.local/lib/python3.11/site-packages/airflow/example_dags/example_trigger_target_dag.py
[2025-12-24T09:05:39.348+0000] {processor.py:914} INFO - Processing file /home/airflow/.local/lib/python3.11/site-packages/airflow/example_dags/example_trigger_target_dag.py for tasks to queue
[2025-12-24T09:05:39.351+0000] {logging_mixin.py:190} INFO - [2025-12-24T09:05:39.351+0000] {dagbag.py:588} INFO - Filling up the DagBag from /home/airflow/.local/lib/python3.11/site-packages/airflow/example_dags/example_trigger_target_dag.py
[2025-12-24T09:05:39.365+0000] {processor.py:925} INFO - DAG(s) 'example_trigger_target_dag' retrieved from /home/airflow/.local/lib/python3.11/site-packages/airflow/example_dags/example_trigger_target_dag.py
[2025-12-24T09:05:39.396+0000] {logging_mixin.py:190} INFO - [2025-12-24T09:05:39.396+0000] {dag.py:3239} INFO - Sync 1 DAGs
[2025-12-24T09:05:39.417+0000] {logging_mixin.py:190} INFO - [2025-12-24T09:05:39.417+0000] {dag.py:4180} INFO - Setting next_dagrun for example_trigger_target_dag to None, run_after=None
[2025-12-24T09:05:39.480+0000] {processor.py:208} INFO - Processing /home/airflow/.local/lib/python3.11/site-packages/airflow/example_dags/example_trigger_target_dag.py took 0.144 seconds
[2025-12-24T09:06:41.660+0000] {processor.py:186} INFO - Started process (PID=632) to work on /home/airflow/.local/lib/python3.11/site-packages/airflow/example_dags/example_trigger_target_dag.py
[2025-12-24T09:06:41.661+0000] {processor.py:914} INFO - Processing file /home/airflow/.local/lib/python3.11/site-packages/airflow/example_dags/example_trigger_target_dag.py for tasks to queue
[2025-12-24T09:06:41.667+0000] {logging_mixin.py:190} INFO - [2025-12-24T09:06:41.666+0000] {dagbag.py:588} INFO - Filling up the DagBag from /home/airflow/.local/lib/python3.11/site-packages/airflow/example_dags/example_trigger_target_dag.py
[2025-12-24T09:06:41.684+0000] {processor.py:925} INFO - DAG(s) 'example_trigger_target_dag' retrieved from /home/airflow/.local/lib/python3.11/site-packages/airflow/example_dags/example_trigger_target_dag.py
[2025-12-24T09:06:41.731+0000] {logging_mixin.py:190} INFO - [2025-12-24T09:06:41.731+0000] {dag.py:3239} INFO - Sync 1 DAGs
[2025-12-24T09:06:41.785+0000] {logging_mixin.py:190} INFO - [2025-12-24T09:06:41.784+0000] {dag.py:4180} INFO - Setting next_dagrun for example_trigger_target_dag to None, run_after=None
[2025-12-24T09:06:41.820+0000] {processor.py:208} INFO - Processing /home/airflow/.local/lib/python3.11/site-packages/airflow/example_dags/example_trigger_target_dag.py took 0.174 seconds
[2025-12-24T09:06:44.210+0000] {processor.py:186} INFO - Started process (PID=698) to work on /home/airflow/.local/lib/python3.11/site-packages/airflow/example_dags/example_trigger_target_dag.py
[2025-12-24T09:06:44.212+0000] {processor.py:914} INFO - Processing file /home/airflow/.local/lib/python3.11/site-packages/airflow/example_dags/example_trigger_target_dag.py for tasks to queue
[2025-12-24T09:06:44.217+0000] {logging_mixin.py:190} INFO - [2025-12-24T09:06:44.216+0000] {dagbag.py:588} INFO - Filling up the DagBag from /home/airflow/.local/lib/python3.11/site-packages/airflow/example_dags/example_trigger_target_dag.py
[2025-12-24T09:06:44.234+0000] {processor.py:925} INFO - DAG(s) 'example_trigger_target_dag' retrieved from /home/airflow/.local/lib/python3.11/site-packages/airflow/example_dags/example_trigger_target_dag.py
[2025-12-24T09:06:44.295+0000] {logging_mixin.py:190} INFO - [2025-12-24T09:06:44.294+0000] {dag.py:3239} INFO - Sync 1 DAGs
[2025-12-24T09:06:44.321+0000] {logging_mixin.py:190} INFO - [2025-12-24T09:06:44.321+0000] {dag.py:4180} INFO - Setting next_dagrun for example_trigger_target_dag to None, run_after=None
[2025-12-24T09:06:44.355+0000] {processor.py:208} INFO - Processing /home/airflow/.local/lib/python3.11/site-packages/airflow/example_dags/example_trigger_target_dag.py took 0.156 seconds
[2025-12-24T09:07:13.990+0000] {processor.py:186} INFO - Started process (PID=764) to work on /home/airflow/.local/lib/python3.11/site-packages/airflow/example_dags/example_trigger_target_dag.py
[2025-12-24T09:07:13.992+0000] {processor.py:914} INFO - Processing file /home/airflow/.local/lib/python3.11/site-packages/airflow/example_dags/example_trigger_target_dag.py for tasks to queue
[2025-12-24T09:07:13.996+0000] {logging_mixin.py:190} INFO - [2025-12-24T09:07:13.996+0000] {dagbag.py:588} INFO - Filling up the DagBag from /home/airflow/.local/lib/python3.11/site-packages/airflow/example_dags/example_trigger_target_dag.py
[2025-12-24T09:07:14.010+0000] {processor.py:925} INFO - DAG(s) 'example_trigger_target_dag' retrieved from /home/airflow/.local/lib/python3.11/site-packages/airflow/example_dags/example_trigger_target_dag.py
[2025-12-24T09:07:14.041+0000] {logging_mixin.py:190} INFO - [2025-12-24T09:07:14.041+0000] {dag.py:3239} INFO - Sync 1 DAGs
[2025-12-24T09:07:14.066+0000] {logging_mixin.py:190} INFO - [2025-12-24T09:07:14.066+0000] {dag.py:4180} INFO - Setting next_dagrun for example_trigger_target_dag to None, run_after=None
[2025-12-24T09:07:14.099+0000] {processor.py:208} INFO - Processing /home/airflow/.local/lib/python3.11/site-packages/airflow/example_dags/example_trigger_target_dag.py took 0.134 seconds
[2025-12-24T09:07:23.974+0000] {processor.py:186} INFO - Started process (PID=826) to work on /home/airflow/.local/lib/python3.11/site-packages/airflow/example_dags/example_trigger_target_dag.py
[2025-12-24T09:07:23.976+0000] {processor.py:914} INFO - Processing file /home/airflow/.local/lib/python3.11/site-packages/airflow/example_dags/example_trigger_target_dag.py for tasks to queue
[2025-12-24T09:07:23.979+0000] {logging_mixin.py:190} INFO - [2025-12-24T09:07:23.979+0000] {dagbag.py:588} INFO - Filling up the DagBag from /home/airflow/.local/lib/python3.11/site-packages/airflow/example_dags/example_trigger_target_dag.py
[2025-12-24T09:07:23.991+0000] {processor.py:925} INFO - DAG(s) 'example_trigger_target_dag' retrieved from /home/airflow/.local/lib/python3.11/site-packages/airflow/example_dags/example_trigger_target_dag.py
[2025-12-24T09:07:24.020+0000] {logging_mixin.py:190} INFO - [2025-12-24T09:07:24.019+0000] {dag.py:3239} INFO - Sync 1 DAGs
[2025-12-24T09:07:24.037+0000] {logging_mixin.py:190} INFO - [2025-12-24T09:07:24.037+0000] {dag.py:4180} INFO - Setting next_dagrun for example_trigger_target_dag to None, run_after=None
[2025-12-24T09:07:24.212+0000] {processor.py:208} INFO - Processing /home/airflow/.local/lib/python3.11/site-packages/airflow/example_dags/example_trigger_target_dag.py took 0.248 seconds
[2025-12-24T09:07:33.604+0000] {processor.py:186} INFO - Started process (PID=883) to work on /home/airflow/.local/lib/python3.11/site-packages/airflow/example_dags/example_trigger_target_dag.py
[2025-12-24T09:07:33.605+0000] {processor.py:914} INFO - Processing file /home/airflow/.local/lib/python3.11/site-packages/airflow/example_dags/example_trigger_target_dag.py for tasks to queue
[2025-12-24T09:07:33.609+0000] {logging_mixin.py:190} INFO - [2025-12-24T09:07:33.608+0000] {dagbag.py:588} INFO - Filling up the DagBag from /home/airflow/.local/lib/python3.11/site-packages/airflow/example_dags/example_trigger_target_dag.py
[2025-12-24T09:07:33.621+0000] {processor.py:925} INFO - DAG(s) 'example_trigger_target_dag' retrieved from /home/airflow/.local/lib/python3.11/site-packages/airflow/example_dags/example_trigger_target_dag.py
[2025-12-24T09:07:33.650+0000] {logging_mixin.py:190} INFO - [2025-12-24T09:07:33.650+0000] {dag.py:3239} INFO - Sync 1 DAGs
[2025-12-24T09:07:33.673+0000] {logging_mixin.py:190} INFO - [2025-12-24T09:07:33.673+0000] {dag.py:4180} INFO - Setting next_dagrun for example_trigger_target_dag to None, run_after=None
[2025-12-24T09:07:33.705+0000] {processor.py:208} INFO - Processing /home/airflow/.local/lib/python3.11/site-packages/airflow/example_dags/example_trigger_target_dag.py took 0.111 seconds
[2025-12-24T09:07:43.378+0000] {processor.py:186} INFO - Started process (PID=939) to work on /home/airflow/.local/lib/python3.11/site-packages/airflow/example_dags/example_trigger_target_dag.py
[2025-12-24T09:07:43.379+0000] {processor.py:914} INFO - Processing file /home/airflow/.local/lib/python3.11/site-packages/airflow/example_dags/example_trigger_target_dag.py for tasks to queue
[2025-12-24T09:07:43.383+0000] {logging_mixin.py:190} INFO - [2025-12-24T09:07:43.383+0000] {dagbag.py:588} INFO - Filling up the DagBag from /home/airflow/.local/lib/python3.11/site-packages/airflow/example_dags/example_trigger_target_dag.py
[2025-12-24T09:07:43.395+0000] {processor.py:925} INFO - DAG(s) 'example_trigger_target_dag' retrieved from /home/airflow/.local/lib/python3.11/site-packages/airflow/example_dags/example_trigger_target_dag.py
[2025-12-24T09:07:43.424+0000] {logging_mixin.py:190} INFO - [2025-12-24T09:07:43.424+0000] {dag.py:3239} INFO - Sync 1 DAGs
[2025-12-24T09:07:43.441+0000] {logging_mixin.py:190} INFO - [2025-12-24T09:07:43.441+0000] {dag.py:4180} INFO - Setting next_dagrun for example_trigger_target_dag to None, run_after=None
[2025-12-24T09:07:43.467+0000] {processor.py:208} INFO - Processing /home/airflow/.local/lib/python3.11/site-packages/airflow/example_dags/example_trigger_target_dag.py took 0.098 seconds
[2025-12-24T09:08:41.321+0000] {processor.py:186} INFO - Started process (PID=1000) to work on /home/airflow/.local/lib/python3.11/site-packages/airflow/example_dags/example_trigger_target_dag.py
[2025-12-24T09:08:41.322+0000] {processor.py:914} INFO - Processing file /home/airflow/.local/lib/python3.11/site-packages/airflow/example_dags/example_trigger_target_dag.py for tasks to queue
[2025-12-24T09:08:41.326+0000] {logging_mixin.py:190} INFO - [2025-12-24T09:08:41.325+0000] {dagbag.py:588} INFO - Filling up the DagBag from /home/airflow/.local/lib/python3.11/site-packages/airflow/example_dags/example_trigger_target_dag.py
[2025-12-24T09:08:41.337+0000] {processor.py:925} INFO - DAG(s) 'example_trigger_target_dag' retrieved from /home/airflow/.local/lib/python3.11/site-packages/airflow/example_dags/example_trigger_target_dag.py
[2025-12-24T09:08:41.366+0000] {logging_mixin.py:190} INFO - [2025-12-24T09:08:41.366+0000] {dag.py:3239} INFO - Sync 1 DAGs
[2025-12-24T09:08:41.384+0000] {logging_mixin.py:190} INFO - [2025-12-24T09:08:41.384+0000] {dag.py:4180} INFO - Setting next_dagrun for example_trigger_target_dag to None, run_after=None
[2025-12-24T09:08:41.409+0000] {processor.py:208} INFO - Processing /home/airflow/.local/lib/python3.11/site-packages/airflow/example_dags/example_trigger_target_dag.py took 0.097 seconds
[2025-12-24T09:09:20.584+0000] {processor.py:186} INFO - Started process (PID=1067) to work on /home/airflow/.local/lib/python3.11/site-packages/airflow/example_dags/example_trigger_target_dag.py
[2025-12-24T09:09:20.586+0000] {processor.py:914} INFO - Processing file /home/airflow/.local/lib/python3.11/site-packages/airflow/example_dags/example_trigger_target_dag.py for tasks to queue
[2025-12-24T09:09:20.592+0000] {logging_mixin.py:190} INFO - [2025-12-24T09:09:20.591+0000] {dagbag.py:588} INFO - Filling up the DagBag from /home/airflow/.local/lib/python3.11/site-packages/airflow/example_dags/example_trigger_target_dag.py
[2025-12-24T09:09:20.606+0000] {processor.py:925} INFO - DAG(s) 'example_trigger_target_dag' retrieved from /home/airflow/.local/lib/python3.11/site-packages/airflow/example_dags/example_trigger_target_dag.py
[2025-12-24T09:09:20.635+0000] {logging_mixin.py:190} INFO - [2025-12-24T09:09:20.635+0000] {dag.py:3239} INFO - Sync 1 DAGs
[2025-12-24T09:09:20.653+0000] {logging_mixin.py:190} INFO - [2025-12-24T09:09:20.653+0000] {dag.py:4180} INFO - Setting next_dagrun for example_trigger_target_dag to None, run_after=None
[2025-12-24T09:09:20.675+0000] {processor.py:208} INFO - Processing /home/airflow/.local/lib/python3.11/site-packages/airflow/example_dags/example_trigger_target_dag.py took 0.100 seconds
[2025-12-24T09:09:18.707+0000] {processor.py:186} INFO - Started process (PID=1147) to work on /home/airflow/.local/lib/python3.11/site-packages/airflow/example_dags/example_trigger_target_dag.py
[2025-12-24T09:09:18.710+0000] {processor.py:914} INFO - Processing file /home/airflow/.local/lib/python3.11/site-packages/airflow/example_dags/example_trigger_target_dag.py for tasks to queue
[2025-12-24T09:09:18.715+0000] {logging_mixin.py:190} INFO - [2025-12-24T09:09:18.715+0000] {dagbag.py:588} INFO - Filling up the DagBag from /home/airflow/.local/lib/python3.11/site-packages/airflow/example_dags/example_trigger_target_dag.py
[2025-12-24T09:09:18.734+0000] {processor.py:925} INFO - DAG(s) 'example_trigger_target_dag' retrieved from /home/airflow/.local/lib/python3.11/site-packages/airflow/example_dags/example_trigger_target_dag.py
[2025-12-24T09:09:18.794+0000] {logging_mixin.py:190} INFO - [2025-12-24T09:09:18.794+0000] {dag.py:3239} INFO - Sync 1 DAGs
[2025-12-24T09:09:18.817+0000] {logging_mixin.py:190} INFO - [2025-12-24T09:09:18.816+0000] {dag.py:4180} INFO - Setting next_dagrun for example_trigger_target_dag to None, run_after=None
[2025-12-24T09:09:18.847+0000] {processor.py:208} INFO - Processing /home/airflow/.local/lib/python3.11/site-packages/airflow/example_dags/example_trigger_target_dag.py took 0.154 seconds
[2025-12-24T09:10:26.285+0000] {processor.py:186} INFO - Started process (PID=1207) to work on /home/airflow/.local/lib/python3.11/site-packages/airflow/example_dags/example_trigger_target_dag.py
[2025-12-24T09:10:26.287+0000] {processor.py:914} INFO - Processing file /home/airflow/.local/lib/python3.11/site-packages/airflow/example_dags/example_trigger_target_dag.py for tasks to queue
[2025-12-24T09:10:26.290+0000] {logging_mixin.py:190} INFO - [2025-12-24T09:10:26.290+0000] {dagbag.py:588} INFO - Filling up the DagBag from /home/airflow/.local/lib/python3.11/site-packages/airflow/example_dags/example_trigger_target_dag.py
[2025-12-24T09:10:26.302+0000] {processor.py:925} INFO - DAG(s) 'example_trigger_target_dag' retrieved from /home/airflow/.local/lib/python3.11/site-packages/airflow/example_dags/example_trigger_target_dag.py
[2025-12-24T09:10:26.331+0000] {logging_mixin.py:190} INFO - [2025-12-24T09:10:26.331+0000] {dag.py:3239} INFO - Sync 1 DAGs
[2025-12-24T09:10:26.348+0000] {logging_mixin.py:190} INFO - [2025-12-24T09:10:26.348+0000] {dag.py:4180} INFO - Setting next_dagrun for example_trigger_target_dag to None, run_after=None
[2025-12-24T09:10:26.371+0000] {processor.py:208} INFO - Processing /home/airflow/.local/lib/python3.11/site-packages/airflow/example_dags/example_trigger_target_dag.py took 0.095 seconds
[2025-12-24T09:10:18.977+0000] {processor.py:186} INFO - Started process (PID=1279) to work on /home/airflow/.local/lib/python3.11/site-packages/airflow/example_dags/example_trigger_target_dag.py
[2025-12-24T09:10:18.980+0000] {processor.py:914} INFO - Processing file /home/airflow/.local/lib/python3.11/site-packages/airflow/example_dags/example_trigger_target_dag.py for tasks to queue
[2025-12-24T09:10:18.986+0000] {logging_mixin.py:190} INFO - [2025-12-24T09:10:18.985+0000] {dagbag.py:588} INFO - Filling up the DagBag from /home/airflow/.local/lib/python3.11/site-packages/airflow/example_dags/example_trigger_target_dag.py
[2025-12-24T09:10:19.003+0000] {processor.py:925} INFO - DAG(s) 'example_trigger_target_dag' retrieved from /home/airflow/.local/lib/python3.11/site-packages/airflow/example_dags/example_trigger_target_dag.py
[2025-12-24T09:10:19.040+0000] {logging_mixin.py:190} INFO - [2025-12-24T09:10:19.040+0000] {dag.py:3239} INFO - Sync 1 DAGs
[2025-12-24T09:10:19.061+0000] {logging_mixin.py:190} INFO - [2025-12-24T09:10:19.061+0000] {dag.py:4180} INFO - Setting next_dagrun for example_trigger_target_dag to None, run_after=None
[2025-12-24T09:10:19.099+0000] {processor.py:208} INFO - Processing /home/airflow/.local/lib/python3.11/site-packages/airflow/example_dags/example_trigger_target_dag.py took 0.137 seconds
[2025-12-24T09:10:49.004+0000] {processor.py:186} INFO - Started process (PID=1328) to work on /home/airflow/.local/lib/python3.11/site-packages/airflow/example_dags/example_trigger_target_dag.py
[2025-12-24T09:10:49.008+0000] {processor.py:914} INFO - Processing file /home/airflow/.local/lib/python3.11/site-packages/airflow/example_dags/example_trigger_target_dag.py for tasks to queue
[2025-12-24T09:10:49.013+0000] {logging_mixin.py:190} INFO - [2025-12-24T09:10:49.012+0000] {dagbag.py:588} INFO - Filling up the DagBag from /home/airflow/.local/lib/python3.11/site-packages/airflow/example_dags/example_trigger_target_dag.py
[2025-12-24T09:10:49.026+0000] {processor.py:925} INFO - DAG(s) 'example_trigger_target_dag' retrieved from /home/airflow/.local/lib/python3.11/site-packages/airflow/example_dags/example_trigger_target_dag.py
[2025-12-24T09:10:49.059+0000] {logging_mixin.py:190} INFO - [2025-12-24T09:10:49.059+0000] {dag.py:3239} INFO - Sync 1 DAGs
[2025-12-24T09:10:49.078+0000] {logging_mixin.py:190} INFO - [2025-12-24T09:10:49.077+0000] {dag.py:4180} INFO - Setting next_dagrun for example_trigger_target_dag to None, run_after=None
[2025-12-24T09:10:49.123+0000] {processor.py:208} INFO - Processing /home/airflow/.local/lib/python3.11/site-packages/airflow/example_dags/example_trigger_target_dag.py took 0.128 seconds
[2025-12-24T09:10:59.101+0000] {processor.py:186} INFO - Started process (PID=1385) to work on /home/airflow/.local/lib/python3.11/site-packages/airflow/example_dags/example_trigger_target_dag.py
[2025-12-24T09:10:59.103+0000] {processor.py:914} INFO - Processing file /home/airflow/.local/lib/python3.11/site-packages/airflow/example_dags/example_trigger_target_dag.py for tasks to queue
[2025-12-24T09:10:59.108+0000] {logging_mixin.py:190} INFO - [2025-12-24T09:10:59.107+0000] {dagbag.py:588} INFO - Filling up the DagBag from /home/airflow/.local/lib/python3.11/site-packages/airflow/example_dags/example_trigger_target_dag.py
[2025-12-24T09:10:59.127+0000] {processor.py:925} INFO - DAG(s) 'example_trigger_target_dag' retrieved from /home/airflow/.local/lib/python3.11/site-packages/airflow/example_dags/example_trigger_target_dag.py
[2025-12-24T09:10:59.176+0000] {logging_mixin.py:190} INFO - [2025-12-24T09:10:59.176+0000] {dag.py:3239} INFO - Sync 1 DAGs
[2025-12-24T09:10:59.206+0000] {logging_mixin.py:190} INFO - [2025-12-24T09:10:59.205+0000] {dag.py:4180} INFO - Setting next_dagrun for example_trigger_target_dag to None, run_after=None
[2025-12-24T09:10:59.242+0000] {processor.py:208} INFO - Processing /home/airflow/.local/lib/python3.11/site-packages/airflow/example_dags/example_trigger_target_dag.py took 0.156 seconds
[2025-12-24T09:11:30.216+0000] {processor.py:186} INFO - Started process (PID=1448) to work on /home/airflow/.local/lib/python3.11/site-packages/airflow/example_dags/example_trigger_target_dag.py
[2025-12-24T09:11:30.217+0000] {processor.py:914} INFO - Processing file /home/airflow/.local/lib/python3.11/site-packages/airflow/example_dags/example_trigger_target_dag.py for tasks to queue
[2025-12-24T09:11:30.220+0000] {logging_mixin.py:190} INFO - [2025-12-24T09:11:30.220+0000] {dagbag.py:588} INFO - Filling up the DagBag from /home/airflow/.local/lib/python3.11/site-packages/airflow/example_dags/example_trigger_target_dag.py
[2025-12-24T09:11:30.232+0000] {processor.py:925} INFO - DAG(s) 'example_trigger_target_dag' retrieved from /home/airflow/.local/lib/python3.11/site-packages/airflow/example_dags/example_trigger_target_dag.py
[2025-12-24T09:11:30.264+0000] {logging_mixin.py:190} INFO - [2025-12-24T09:11:30.263+0000] {dag.py:3239} INFO - Sync 1 DAGs
[2025-12-24T09:11:30.282+0000] {logging_mixin.py:190} INFO - [2025-12-24T09:11:30.282+0000] {dag.py:4180} INFO - Setting next_dagrun for example_trigger_target_dag to None, run_after=None
[2025-12-24T09:11:30.304+0000] {processor.py:208} INFO - Processing /home/airflow/.local/lib/python3.11/site-packages/airflow/example_dags/example_trigger_target_dag.py took 0.098 seconds
[2025-12-24T09:12:31.539+0000] {processor.py:186} INFO - Started process (PID=1511) to work on /home/airflow/.local/lib/python3.11/site-packages/airflow/example_dags/example_trigger_target_dag.py
[2025-12-24T09:12:31.540+0000] {processor.py:914} INFO - Processing file /home/airflow/.local/lib/python3.11/site-packages/airflow/example_dags/example_trigger_target_dag.py for tasks to queue
[2025-12-24T09:12:31.544+0000] {logging_mixin.py:190} INFO - [2025-12-24T09:12:31.544+0000] {dagbag.py:588} INFO - Filling up the DagBag from /home/airflow/.local/lib/python3.11/site-packages/airflow/example_dags/example_trigger_target_dag.py
[2025-12-24T09:12:31.557+0000] {processor.py:925} INFO - DAG(s) 'example_trigger_target_dag' retrieved from /home/airflow/.local/lib/python3.11/site-packages/airflow/example_dags/example_trigger_target_dag.py
[2025-12-24T09:12:31.591+0000] {logging_mixin.py:190} INFO - [2025-12-24T09:12:31.590+0000] {dag.py:3239} INFO - Sync 1 DAGs
[2025-12-24T09:12:31.611+0000] {logging_mixin.py:190} INFO - [2025-12-24T09:12:31.611+0000] {dag.py:4180} INFO - Setting next_dagrun for example_trigger_target_dag to None, run_after=None
[2025-12-24T09:12:31.635+0000] {processor.py:208} INFO - Processing /home/airflow/.local/lib/python3.11/site-packages/airflow/example_dags/example_trigger_target_dag.py took 0.107 seconds
[2025-12-24T09:12:43.541+0000] {processor.py:186} INFO - Started process (PID=1575) to work on /home/airflow/.local/lib/python3.11/site-packages/airflow/example_dags/example_trigger_target_dag.py
[2025-12-24T09:12:43.542+0000] {processor.py:914} INFO - Processing file /home/airflow/.local/lib/python3.11/site-packages/airflow/example_dags/example_trigger_target_dag.py for tasks to queue
[2025-12-24T09:12:43.546+0000] {logging_mixin.py:190} INFO - [2025-12-24T09:12:43.546+0000] {dagbag.py:588} INFO - Filling up the DagBag from /home/airflow/.local/lib/python3.11/site-packages/airflow/example_dags/example_trigger_target_dag.py
[2025-12-24T09:12:43.561+0000] {processor.py:925} INFO - DAG(s) 'example_trigger_target_dag' retrieved from /home/airflow/.local/lib/python3.11/site-packages/airflow/example_dags/example_trigger_target_dag.py
[2025-12-24T09:12:43.600+0000] {logging_mixin.py:190} INFO - [2025-12-24T09:12:43.600+0000] {dag.py:3239} INFO - Sync 1 DAGs
[2025-12-24T09:12:43.618+0000] {logging_mixin.py:190} INFO - [2025-12-24T09:12:43.618+0000] {dag.py:4180} INFO - Setting next_dagrun for example_trigger_target_dag to None, run_after=None
[2025-12-24T09:12:43.643+0000] {processor.py:208} INFO - Processing /home/airflow/.local/lib/python3.11/site-packages/airflow/example_dags/example_trigger_target_dag.py took 0.113 seconds
[2025-12-24T09:13:32.744+0000] {processor.py:186} INFO - Started process (PID=1642) to work on /home/airflow/.local/lib/python3.11/site-packages/airflow/example_dags/example_trigger_target_dag.py
[2025-12-24T09:13:32.745+0000] {processor.py:914} INFO - Processing file /home/airflow/.local/lib/python3.11/site-packages/airflow/example_dags/example_trigger_target_dag.py for tasks to queue
[2025-12-24T09:13:32.749+0000] {logging_mixin.py:190} INFO - [2025-12-24T09:13:32.748+0000] {dagbag.py:588} INFO - Filling up the DagBag from /home/airflow/.local/lib/python3.11/site-packages/airflow/example_dags/example_trigger_target_dag.py
[2025-12-24T09:13:32.760+0000] {processor.py:925} INFO - DAG(s) 'example_trigger_target_dag' retrieved from /home/airflow/.local/lib/python3.11/site-packages/airflow/example_dags/example_trigger_target_dag.py
[2025-12-24T09:13:32.790+0000] {logging_mixin.py:190} INFO - [2025-12-24T09:13:32.790+0000] {dag.py:3239} INFO - Sync 1 DAGs
[2025-12-24T09:13:32.811+0000] {logging_mixin.py:190} INFO - [2025-12-24T09:13:32.811+0000] {dag.py:4180} INFO - Setting next_dagrun for example_trigger_target_dag to None, run_after=None
[2025-12-24T09:13:32.836+0000] {processor.py:208} INFO - Processing /home/airflow/.local/lib/python3.11/site-packages/airflow/example_dags/example_trigger_target_dag.py took 0.102 seconds
[2025-12-24T09:14:26.985+0000] {processor.py:186} INFO - Started process (PID=1692) to work on /home/airflow/.local/lib/python3.11/site-packages/airflow/example_dags/example_trigger_target_dag.py
[2025-12-24T09:14:26.987+0000] {processor.py:914} INFO - Processing file /home/airflow/.local/lib/python3.11/site-packages/airflow/example_dags/example_trigger_target_dag.py for tasks to queue
[2025-12-24T09:14:26.992+0000] {logging_mixin.py:190} INFO - [2025-12-24T09:14:26.991+0000] {dagbag.py:588} INFO - Filling up the DagBag from /home/airflow/.local/lib/python3.11/site-packages/airflow/example_dags/example_trigger_target_dag.py
[2025-12-24T09:14:27.007+0000] {processor.py:925} INFO - DAG(s) 'example_trigger_target_dag' retrieved from /home/airflow/.local/lib/python3.11/site-packages/airflow/example_dags/example_trigger_target_dag.py
[2025-12-24T09:14:27.041+0000] {logging_mixin.py:190} INFO - [2025-12-24T09:14:27.041+0000] {dag.py:3239} INFO - Sync 1 DAGs
[2025-12-24T09:14:27.062+0000] {logging_mixin.py:190} INFO - [2025-12-24T09:14:27.061+0000] {dag.py:4180} INFO - Setting next_dagrun for example_trigger_target_dag to None, run_after=None
[2025-12-24T09:14:27.089+0000] {processor.py:208} INFO - Processing /home/airflow/.local/lib/python3.11/site-packages/airflow/example_dags/example_trigger_target_dag.py took 0.117 seconds
[2025-12-24T09:14:38.758+0000] {processor.py:186} INFO - Started process (PID=1764) to work on /home/airflow/.local/lib/python3.11/site-packages/airflow/example_dags/example_trigger_target_dag.py
[2025-12-24T09:14:38.759+0000] {processor.py:914} INFO - Processing file /home/airflow/.local/lib/python3.11/site-packages/airflow/example_dags/example_trigger_target_dag.py for tasks to queue
[2025-12-24T09:14:38.763+0000] {logging_mixin.py:190} INFO - [2025-12-24T09:14:38.762+0000] {dagbag.py:588} INFO - Filling up the DagBag from /home/airflow/.local/lib/python3.11/site-packages/airflow/example_dags/example_trigger_target_dag.py
[2025-12-24T09:14:38.775+0000] {processor.py:925} INFO - DAG(s) 'example_trigger_target_dag' retrieved from /home/airflow/.local/lib/python3.11/site-packages/airflow/example_dags/example_trigger_target_dag.py
[2025-12-24T09:14:38.805+0000] {logging_mixin.py:190} INFO - [2025-12-24T09:14:38.804+0000] {dag.py:3239} INFO - Sync 1 DAGs
[2025-12-24T09:14:38.823+0000] {logging_mixin.py:190} INFO - [2025-12-24T09:14:38.822+0000] {dag.py:4180} INFO - Setting next_dagrun for example_trigger_target_dag to None, run_after=None
[2025-12-24T09:14:38.857+0000] {processor.py:208} INFO - Processing /home/airflow/.local/lib/python3.11/site-packages/airflow/example_dags/example_trigger_target_dag.py took 0.108 seconds
[2025-12-24T09:15:09.478+0000] {processor.py:186} INFO - Started process (PID=1827) to work on /home/airflow/.local/lib/python3.11/site-packages/airflow/example_dags/example_trigger_target_dag.py
[2025-12-24T09:15:09.480+0000] {processor.py:914} INFO - Processing file /home/airflow/.local/lib/python3.11/site-packages/airflow/example_dags/example_trigger_target_dag.py for tasks to queue
[2025-12-24T09:15:09.485+0000] {logging_mixin.py:190} INFO - [2025-12-24T09:15:09.484+0000] {dagbag.py:588} INFO - Filling up the DagBag from /home/airflow/.local/lib/python3.11/site-packages/airflow/example_dags/example_trigger_target_dag.py
[2025-12-24T09:15:09.499+0000] {processor.py:925} INFO - DAG(s) 'example_trigger_target_dag' retrieved from /home/airflow/.local/lib/python3.11/site-packages/airflow/example_dags/example_trigger_target_dag.py
[2025-12-24T09:15:09.534+0000] {logging_mixin.py:190} INFO - [2025-12-24T09:15:09.534+0000] {dag.py:3239} INFO - Sync 1 DAGs
[2025-12-24T09:15:09.555+0000] {logging_mixin.py:190} INFO - [2025-12-24T09:15:09.555+0000] {dag.py:4180} INFO - Setting next_dagrun for example_trigger_target_dag to None, run_after=None
[2025-12-24T09:15:09.586+0000] {processor.py:208} INFO - Processing /home/airflow/.local/lib/python3.11/site-packages/airflow/example_dags/example_trigger_target_dag.py took 0.120 seconds
[2025-12-24T09:15:40.564+0000] {processor.py:186} INFO - Started process (PID=1890) to work on /home/airflow/.local/lib/python3.11/site-packages/airflow/example_dags/example_trigger_target_dag.py
[2025-12-24T09:15:40.566+0000] {processor.py:914} INFO - Processing file /home/airflow/.local/lib/python3.11/site-packages/airflow/example_dags/example_trigger_target_dag.py for tasks to queue
[2025-12-24T09:15:40.570+0000] {logging_mixin.py:190} INFO - [2025-12-24T09:15:40.569+0000] {dagbag.py:588} INFO - Filling up the DagBag from /home/airflow/.local/lib/python3.11/site-packages/airflow/example_dags/example_trigger_target_dag.py
[2025-12-24T09:15:40.581+0000] {processor.py:925} INFO - DAG(s) 'example_trigger_target_dag' retrieved from /home/airflow/.local/lib/python3.11/site-packages/airflow/example_dags/example_trigger_target_dag.py
[2025-12-24T09:15:40.611+0000] {logging_mixin.py:190} INFO - [2025-12-24T09:15:40.611+0000] {dag.py:3239} INFO - Sync 1 DAGs
[2025-12-24T09:15:40.633+0000] {logging_mixin.py:190} INFO - [2025-12-24T09:15:40.632+0000] {dag.py:4180} INFO - Setting next_dagrun for example_trigger_target_dag to None, run_after=None
[2025-12-24T09:15:40.662+0000] {processor.py:208} INFO - Processing /home/airflow/.local/lib/python3.11/site-packages/airflow/example_dags/example_trigger_target_dag.py took 0.108 seconds
[2025-12-24T09:16:41.417+0000] {processor.py:186} INFO - Started process (PID=1956) to work on /home/airflow/.local/lib/python3.11/site-packages/airflow/example_dags/example_trigger_target_dag.py
[2025-12-24T09:16:41.419+0000] {processor.py:914} INFO - Processing file /home/airflow/.local/lib/python3.11/site-packages/airflow/example_dags/example_trigger_target_dag.py for tasks to queue
[2025-12-24T09:16:41.423+0000] {logging_mixin.py:190} INFO - [2025-12-24T09:16:41.423+0000] {dagbag.py:588} INFO - Filling up the DagBag from /home/airflow/.local/lib/python3.11/site-packages/airflow/example_dags/example_trigger_target_dag.py
[2025-12-24T09:16:41.436+0000] {processor.py:925} INFO - DAG(s) 'example_trigger_target_dag' retrieved from /home/airflow/.local/lib/python3.11/site-packages/airflow/example_dags/example_trigger_target_dag.py
[2025-12-24T09:16:41.472+0000] {logging_mixin.py:190} INFO - [2025-12-24T09:16:41.471+0000] {dag.py:3239} INFO - Sync 1 DAGs
[2025-12-24T09:16:41.491+0000] {logging_mixin.py:190} INFO - [2025-12-24T09:16:41.491+0000] {dag.py:4180} INFO - Setting next_dagrun for example_trigger_target_dag to None, run_after=None
[2025-12-24T09:16:41.516+0000] {processor.py:208} INFO - Processing /home/airflow/.local/lib/python3.11/site-packages/airflow/example_dags/example_trigger_target_dag.py took 0.109 seconds
[2025-12-24T09:24:17.727+0000] {processor.py:186} INFO - Started process (PID=103) to work on /home/airflow/.local/lib/python3.11/site-packages/airflow/example_dags/example_trigger_target_dag.py
[2025-12-24T09:24:17.730+0000] {processor.py:914} INFO - Processing file /home/airflow/.local/lib/python3.11/site-packages/airflow/example_dags/example_trigger_target_dag.py for tasks to queue
[2025-12-24T09:24:17.739+0000] {logging_mixin.py:190} INFO - [2025-12-24T09:24:17.738+0000] {dagbag.py:588} INFO - Filling up the DagBag from /home/airflow/.local/lib/python3.11/site-packages/airflow/example_dags/example_trigger_target_dag.py
[2025-12-24T09:24:17.763+0000] {processor.py:925} INFO - DAG(s) 'example_trigger_target_dag' retrieved from /home/airflow/.local/lib/python3.11/site-packages/airflow/example_dags/example_trigger_target_dag.py
[2025-12-24T09:24:18.049+0000] {logging_mixin.py:190} INFO - [2025-12-24T09:24:18.048+0000] {override.py:1911} INFO - Created Permission View: can delete on DAG:example_trigger_target_dag
[2025-12-24T09:24:18.098+0000] {logging_mixin.py:190} INFO - [2025-12-24T09:24:18.098+0000] {override.py:1911} INFO - Created Permission View: can read on DAG:example_trigger_target_dag
[2025-12-24T09:24:18.194+0000] {logging_mixin.py:190} INFO - [2025-12-24T09:24:18.194+0000] {override.py:1911} INFO - Created Permission View: can edit on DAG:example_trigger_target_dag
[2025-12-24T09:24:18.222+0000] {logging_mixin.py:190} INFO - [2025-12-24T09:24:18.221+0000] {override.py:1911} INFO - Created Permission View: menu access on DAG Run:example_trigger_target_dag
[2025-12-24T09:24:18.274+0000] {logging_mixin.py:190} INFO - [2025-12-24T09:24:18.274+0000] {override.py:1911} INFO - Created Permission View: can create on DAG Run:example_trigger_target_dag
[2025-12-24T09:24:18.320+0000] {logging_mixin.py:190} INFO - [2025-12-24T09:24:18.319+0000] {override.py:1911} INFO - Created Permission View: can delete on DAG Run:example_trigger_target_dag
[2025-12-24T09:24:18.366+0000] {logging_mixin.py:190} INFO - [2025-12-24T09:24:18.365+0000] {override.py:1911} INFO - Created Permission View: can read on DAG Run:example_trigger_target_dag
[2025-12-24T09:24:18.367+0000] {logging_mixin.py:190} INFO - [2025-12-24T09:24:18.367+0000] {dag.py:3239} INFO - Sync 1 DAGs
[2025-12-24T09:24:18.419+0000] {logging_mixin.py:190} INFO - [2025-12-24T09:24:18.418+0000] {dag.py:3262} INFO - Creating ORM DAG for example_trigger_target_dag
[2025-12-24T09:24:18.422+0000] {logging_mixin.py:190} INFO - [2025-12-24T09:24:18.421+0000] {dag.py:4180} INFO - Setting next_dagrun for example_trigger_target_dag to None, run_after=None
[2025-12-24T09:24:18.492+0000] {processor.py:208} INFO - Processing /home/airflow/.local/lib/python3.11/site-packages/airflow/example_dags/example_trigger_target_dag.py took 0.784 seconds
[2025-12-24T09:24:14.725+0000] {processor.py:186} INFO - Started process (PID=235) to work on /home/airflow/.local/lib/python3.11/site-packages/airflow/example_dags/example_trigger_target_dag.py
[2025-12-24T09:24:14.726+0000] {processor.py:914} INFO - Processing file /home/airflow/.local/lib/python3.11/site-packages/airflow/example_dags/example_trigger_target_dag.py for tasks to queue
[2025-12-24T09:24:14.731+0000] {logging_mixin.py:190} INFO - [2025-12-24T09:24:14.730+0000] {dagbag.py:588} INFO - Filling up the DagBag from /home/airflow/.local/lib/python3.11/site-packages/airflow/example_dags/example_trigger_target_dag.py
[2025-12-24T09:24:14.745+0000] {processor.py:925} INFO - DAG(s) 'example_trigger_target_dag' retrieved from /home/airflow/.local/lib/python3.11/site-packages/airflow/example_dags/example_trigger_target_dag.py
[2025-12-24T09:24:14.766+0000] {logging_mixin.py:190} INFO - [2025-12-24T09:24:14.766+0000] {dag.py:3239} INFO - Sync 1 DAGs
[2025-12-24T09:24:14.788+0000] {logging_mixin.py:190} INFO - [2025-12-24T09:24:14.787+0000] {dag.py:4180} INFO - Setting next_dagrun for example_trigger_target_dag to None, run_after=None
[2025-12-24T09:24:14.820+0000] {processor.py:208} INFO - Processing /home/airflow/.local/lib/python3.11/site-packages/airflow/example_dags/example_trigger_target_dag.py took 0.106 seconds
[2025-12-24T09:24:43.893+0000] {processor.py:186} INFO - Started process (PID=294) to work on /home/airflow/.local/lib/python3.11/site-packages/airflow/example_dags/example_trigger_target_dag.py
[2025-12-24T09:24:43.895+0000] {processor.py:914} INFO - Processing file /home/airflow/.local/lib/python3.11/site-packages/airflow/example_dags/example_trigger_target_dag.py for tasks to queue
[2025-12-24T09:24:43.899+0000] {logging_mixin.py:190} INFO - [2025-12-24T09:24:43.898+0000] {dagbag.py:588} INFO - Filling up the DagBag from /home/airflow/.local/lib/python3.11/site-packages/airflow/example_dags/example_trigger_target_dag.py
[2025-12-24T09:24:43.920+0000] {processor.py:925} INFO - DAG(s) 'example_trigger_target_dag' retrieved from /home/airflow/.local/lib/python3.11/site-packages/airflow/example_dags/example_trigger_target_dag.py
[2025-12-24T09:24:43.943+0000] {logging_mixin.py:190} INFO - [2025-12-24T09:24:43.943+0000] {dag.py:3239} INFO - Sync 1 DAGs
[2025-12-24T09:24:43.962+0000] {logging_mixin.py:190} INFO - [2025-12-24T09:24:43.962+0000] {dag.py:4180} INFO - Setting next_dagrun for example_trigger_target_dag to None, run_after=None
[2025-12-24T09:24:43.987+0000] {processor.py:208} INFO - Processing /home/airflow/.local/lib/python3.11/site-packages/airflow/example_dags/example_trigger_target_dag.py took 0.105 seconds
[2025-12-24T09:24:55.235+0000] {processor.py:186} INFO - Started process (PID=350) to work on /home/airflow/.local/lib/python3.11/site-packages/airflow/example_dags/example_trigger_target_dag.py
[2025-12-24T09:24:55.237+0000] {processor.py:914} INFO - Processing file /home/airflow/.local/lib/python3.11/site-packages/airflow/example_dags/example_trigger_target_dag.py for tasks to queue
[2025-12-24T09:24:55.240+0000] {logging_mixin.py:190} INFO - [2025-12-24T09:24:55.240+0000] {dagbag.py:588} INFO - Filling up the DagBag from /home/airflow/.local/lib/python3.11/site-packages/airflow/example_dags/example_trigger_target_dag.py
[2025-12-24T09:24:55.252+0000] {processor.py:925} INFO - DAG(s) 'example_trigger_target_dag' retrieved from /home/airflow/.local/lib/python3.11/site-packages/airflow/example_dags/example_trigger_target_dag.py
[2025-12-24T09:24:55.283+0000] {logging_mixin.py:190} INFO - [2025-12-24T09:24:55.283+0000] {dag.py:3239} INFO - Sync 1 DAGs
[2025-12-24T09:24:55.304+0000] {logging_mixin.py:190} INFO - [2025-12-24T09:24:55.303+0000] {dag.py:4180} INFO - Setting next_dagrun for example_trigger_target_dag to None, run_after=None
[2025-12-24T09:24:55.347+0000] {processor.py:208} INFO - Processing /home/airflow/.local/lib/python3.11/site-packages/airflow/example_dags/example_trigger_target_dag.py took 0.123 seconds
[2025-12-24T09:25:13.848+0000] {processor.py:186} INFO - Started process (PID=412) to work on /home/airflow/.local/lib/python3.11/site-packages/airflow/example_dags/example_trigger_target_dag.py
[2025-12-24T09:25:13.851+0000] {processor.py:914} INFO - Processing file /home/airflow/.local/lib/python3.11/site-packages/airflow/example_dags/example_trigger_target_dag.py for tasks to queue
[2025-12-24T09:25:13.857+0000] {logging_mixin.py:190} INFO - [2025-12-24T09:25:13.856+0000] {dagbag.py:588} INFO - Filling up the DagBag from /home/airflow/.local/lib/python3.11/site-packages/airflow/example_dags/example_trigger_target_dag.py
[2025-12-24T09:25:13.877+0000] {processor.py:925} INFO - DAG(s) 'example_trigger_target_dag' retrieved from /home/airflow/.local/lib/python3.11/site-packages/airflow/example_dags/example_trigger_target_dag.py
[2025-12-24T09:25:13.923+0000] {logging_mixin.py:190} INFO - [2025-12-24T09:25:13.923+0000] {dag.py:3239} INFO - Sync 1 DAGs
[2025-12-24T09:25:13.963+0000] {logging_mixin.py:190} INFO - [2025-12-24T09:25:13.963+0000] {dag.py:4180} INFO - Setting next_dagrun for example_trigger_target_dag to None, run_after=None
[2025-12-24T09:25:14.007+0000] {processor.py:208} INFO - Processing /home/airflow/.local/lib/python3.11/site-packages/airflow/example_dags/example_trigger_target_dag.py took 0.176 seconds
[2025-12-24T09:25:19.979+0000] {processor.py:186} INFO - Started process (PID=466) to work on /home/airflow/.local/lib/python3.11/site-packages/airflow/example_dags/example_trigger_target_dag.py
[2025-12-24T09:25:19.981+0000] {processor.py:914} INFO - Processing file /home/airflow/.local/lib/python3.11/site-packages/airflow/example_dags/example_trigger_target_dag.py for tasks to queue
[2025-12-24T09:25:19.985+0000] {logging_mixin.py:190} INFO - [2025-12-24T09:25:19.984+0000] {dagbag.py:588} INFO - Filling up the DagBag from /home/airflow/.local/lib/python3.11/site-packages/airflow/example_dags/example_trigger_target_dag.py
[2025-12-24T09:25:20.006+0000] {processor.py:925} INFO - DAG(s) 'example_trigger_target_dag' retrieved from /home/airflow/.local/lib/python3.11/site-packages/airflow/example_dags/example_trigger_target_dag.py
[2025-12-24T09:25:20.058+0000] {logging_mixin.py:190} INFO - [2025-12-24T09:25:20.058+0000] {dag.py:3239} INFO - Sync 1 DAGs
[2025-12-24T09:25:20.084+0000] {logging_mixin.py:190} INFO - [2025-12-24T09:25:20.083+0000] {dag.py:4180} INFO - Setting next_dagrun for example_trigger_target_dag to None, run_after=None
[2025-12-24T09:25:20.113+0000] {processor.py:208} INFO - Processing /home/airflow/.local/lib/python3.11/site-packages/airflow/example_dags/example_trigger_target_dag.py took 0.146 seconds
[2025-12-24T09:25:51.308+0000] {processor.py:186} INFO - Started process (PID=524) to work on /home/airflow/.local/lib/python3.11/site-packages/airflow/example_dags/example_trigger_target_dag.py
[2025-12-24T09:25:51.309+0000] {processor.py:914} INFO - Processing file /home/airflow/.local/lib/python3.11/site-packages/airflow/example_dags/example_trigger_target_dag.py for tasks to queue
[2025-12-24T09:25:51.313+0000] {logging_mixin.py:190} INFO - [2025-12-24T09:25:51.313+0000] {dagbag.py:588} INFO - Filling up the DagBag from /home/airflow/.local/lib/python3.11/site-packages/airflow/example_dags/example_trigger_target_dag.py
[2025-12-24T09:25:51.327+0000] {processor.py:925} INFO - DAG(s) 'example_trigger_target_dag' retrieved from /home/airflow/.local/lib/python3.11/site-packages/airflow/example_dags/example_trigger_target_dag.py
[2025-12-24T09:25:51.361+0000] {logging_mixin.py:190} INFO - [2025-12-24T09:25:51.361+0000] {dag.py:3239} INFO - Sync 1 DAGs
[2025-12-24T09:25:51.382+0000] {logging_mixin.py:190} INFO - [2025-12-24T09:25:51.382+0000] {dag.py:4180} INFO - Setting next_dagrun for example_trigger_target_dag to None, run_after=None
[2025-12-24T09:25:51.415+0000] {processor.py:208} INFO - Processing /home/airflow/.local/lib/python3.11/site-packages/airflow/example_dags/example_trigger_target_dag.py took 0.119 seconds
[2025-12-24T09:25:56.553+0000] {processor.py:186} INFO - Started process (PID=557) to work on /home/airflow/.local/lib/python3.11/site-packages/airflow/example_dags/example_trigger_target_dag.py
[2025-12-24T09:25:56.554+0000] {processor.py:914} INFO - Processing file /home/airflow/.local/lib/python3.11/site-packages/airflow/example_dags/example_trigger_target_dag.py for tasks to queue
[2025-12-24T09:25:56.558+0000] {logging_mixin.py:190} INFO - [2025-12-24T09:25:56.558+0000] {dagbag.py:588} INFO - Filling up the DagBag from /home/airflow/.local/lib/python3.11/site-packages/airflow/example_dags/example_trigger_target_dag.py
[2025-12-24T09:25:56.572+0000] {processor.py:925} INFO - DAG(s) 'example_trigger_target_dag' retrieved from /home/airflow/.local/lib/python3.11/site-packages/airflow/example_dags/example_trigger_target_dag.py
[2025-12-24T09:25:56.605+0000] {logging_mixin.py:190} INFO - [2025-12-24T09:25:56.604+0000] {dag.py:3239} INFO - Sync 1 DAGs
[2025-12-24T09:25:56.630+0000] {logging_mixin.py:190} INFO - [2025-12-24T09:25:56.629+0000] {dag.py:4180} INFO - Setting next_dagrun for example_trigger_target_dag to None, run_after=None
[2025-12-24T09:25:56.658+0000] {processor.py:208} INFO - Processing /home/airflow/.local/lib/python3.11/site-packages/airflow/example_dags/example_trigger_target_dag.py took 0.117 seconds
[2025-12-24T09:26:05.643+0000] {processor.py:186} INFO - Started process (PID=621) to work on /home/airflow/.local/lib/python3.11/site-packages/airflow/example_dags/example_trigger_target_dag.py
[2025-12-24T09:26:05.646+0000] {processor.py:914} INFO - Processing file /home/airflow/.local/lib/python3.11/site-packages/airflow/example_dags/example_trigger_target_dag.py for tasks to queue
[2025-12-24T09:26:05.651+0000] {logging_mixin.py:190} INFO - [2025-12-24T09:26:05.651+0000] {dagbag.py:588} INFO - Filling up the DagBag from /home/airflow/.local/lib/python3.11/site-packages/airflow/example_dags/example_trigger_target_dag.py
[2025-12-24T09:26:05.669+0000] {processor.py:925} INFO - DAG(s) 'example_trigger_target_dag' retrieved from /home/airflow/.local/lib/python3.11/site-packages/airflow/example_dags/example_trigger_target_dag.py
[2025-12-24T09:26:05.713+0000] {logging_mixin.py:190} INFO - [2025-12-24T09:26:05.712+0000] {dag.py:3239} INFO - Sync 1 DAGs
[2025-12-24T09:26:05.742+0000] {logging_mixin.py:190} INFO - [2025-12-24T09:26:05.742+0000] {dag.py:4180} INFO - Setting next_dagrun for example_trigger_target_dag to None, run_after=None
[2025-12-24T09:26:05.781+0000] {processor.py:208} INFO - Processing /home/airflow/.local/lib/python3.11/site-packages/airflow/example_dags/example_trigger_target_dag.py took 0.151 seconds
[2025-12-24T09:26:14.273+0000] {processor.py:186} INFO - Started process (PID=677) to work on /home/airflow/.local/lib/python3.11/site-packages/airflow/example_dags/example_trigger_target_dag.py
[2025-12-24T09:26:14.275+0000] {processor.py:914} INFO - Processing file /home/airflow/.local/lib/python3.11/site-packages/airflow/example_dags/example_trigger_target_dag.py for tasks to queue
[2025-12-24T09:26:14.284+0000] {logging_mixin.py:190} INFO - [2025-12-24T09:26:14.284+0000] {dagbag.py:588} INFO - Filling up the DagBag from /home/airflow/.local/lib/python3.11/site-packages/airflow/example_dags/example_trigger_target_dag.py
[2025-12-24T09:26:14.297+0000] {processor.py:925} INFO - DAG(s) 'example_trigger_target_dag' retrieved from /home/airflow/.local/lib/python3.11/site-packages/airflow/example_dags/example_trigger_target_dag.py
[2025-12-24T09:26:14.332+0000] {logging_mixin.py:190} INFO - [2025-12-24T09:26:14.331+0000] {dag.py:3239} INFO - Sync 1 DAGs
[2025-12-24T09:26:14.355+0000] {logging_mixin.py:190} INFO - [2025-12-24T09:26:14.355+0000] {dag.py:4180} INFO - Setting next_dagrun for example_trigger_target_dag to None, run_after=None
[2025-12-24T09:26:14.389+0000] {processor.py:208} INFO - Processing /home/airflow/.local/lib/python3.11/site-packages/airflow/example_dags/example_trigger_target_dag.py took 0.127 seconds
[2025-12-24T09:26:25.119+0000] {processor.py:186} INFO - Started process (PID=729) to work on /home/airflow/.local/lib/python3.11/site-packages/airflow/example_dags/example_trigger_target_dag.py
[2025-12-24T09:26:25.121+0000] {processor.py:914} INFO - Processing file /home/airflow/.local/lib/python3.11/site-packages/airflow/example_dags/example_trigger_target_dag.py for tasks to queue
[2025-12-24T09:26:25.126+0000] {logging_mixin.py:190} INFO - [2025-12-24T09:26:25.125+0000] {dagbag.py:588} INFO - Filling up the DagBag from /home/airflow/.local/lib/python3.11/site-packages/airflow/example_dags/example_trigger_target_dag.py
[2025-12-24T09:26:25.142+0000] {processor.py:925} INFO - DAG(s) 'example_trigger_target_dag' retrieved from /home/airflow/.local/lib/python3.11/site-packages/airflow/example_dags/example_trigger_target_dag.py
[2025-12-24T09:26:25.173+0000] {logging_mixin.py:190} INFO - [2025-12-24T09:26:25.173+0000] {dag.py:3239} INFO - Sync 1 DAGs
[2025-12-24T09:26:25.193+0000] {logging_mixin.py:190} INFO - [2025-12-24T09:26:25.192+0000] {dag.py:4180} INFO - Setting next_dagrun for example_trigger_target_dag to None, run_after=None
[2025-12-24T09:26:25.222+0000] {processor.py:208} INFO - Processing /home/airflow/.local/lib/python3.11/site-packages/airflow/example_dags/example_trigger_target_dag.py took 0.115 seconds
[2025-12-24T09:26:35.455+0000] {processor.py:186} INFO - Started process (PID=784) to work on /home/airflow/.local/lib/python3.11/site-packages/airflow/example_dags/example_trigger_target_dag.py
[2025-12-24T09:26:35.457+0000] {processor.py:914} INFO - Processing file /home/airflow/.local/lib/python3.11/site-packages/airflow/example_dags/example_trigger_target_dag.py for tasks to queue
[2025-12-24T09:26:35.461+0000] {logging_mixin.py:190} INFO - [2025-12-24T09:26:35.461+0000] {dagbag.py:588} INFO - Filling up the DagBag from /home/airflow/.local/lib/python3.11/site-packages/airflow/example_dags/example_trigger_target_dag.py
[2025-12-24T09:26:35.476+0000] {processor.py:925} INFO - DAG(s) 'example_trigger_target_dag' retrieved from /home/airflow/.local/lib/python3.11/site-packages/airflow/example_dags/example_trigger_target_dag.py
[2025-12-24T09:26:35.513+0000] {logging_mixin.py:190} INFO - [2025-12-24T09:26:35.512+0000] {dag.py:3239} INFO - Sync 1 DAGs
[2025-12-24T09:26:35.538+0000] {logging_mixin.py:190} INFO - [2025-12-24T09:26:35.538+0000] {dag.py:4180} INFO - Setting next_dagrun for example_trigger_target_dag to None, run_after=None
[2025-12-24T09:26:35.581+0000] {processor.py:208} INFO - Processing /home/airflow/.local/lib/python3.11/site-packages/airflow/example_dags/example_trigger_target_dag.py took 0.138 seconds
[2025-12-24T09:26:45.612+0000] {processor.py:186} INFO - Started process (PID=837) to work on /home/airflow/.local/lib/python3.11/site-packages/airflow/example_dags/example_trigger_target_dag.py
[2025-12-24T09:26:45.614+0000] {processor.py:914} INFO - Processing file /home/airflow/.local/lib/python3.11/site-packages/airflow/example_dags/example_trigger_target_dag.py for tasks to queue
[2025-12-24T09:26:45.618+0000] {logging_mixin.py:190} INFO - [2025-12-24T09:26:45.618+0000] {dagbag.py:588} INFO - Filling up the DagBag from /home/airflow/.local/lib/python3.11/site-packages/airflow/example_dags/example_trigger_target_dag.py
[2025-12-24T09:26:45.632+0000] {processor.py:925} INFO - DAG(s) 'example_trigger_target_dag' retrieved from /home/airflow/.local/lib/python3.11/site-packages/airflow/example_dags/example_trigger_target_dag.py
[2025-12-24T09:26:45.678+0000] {logging_mixin.py:190} INFO - [2025-12-24T09:26:45.678+0000] {dag.py:3239} INFO - Sync 1 DAGs
[2025-12-24T09:26:45.714+0000] {logging_mixin.py:190} INFO - [2025-12-24T09:26:45.714+0000] {dag.py:4180} INFO - Setting next_dagrun for example_trigger_target_dag to None, run_after=None
[2025-12-24T09:26:45.741+0000] {processor.py:208} INFO - Processing /home/airflow/.local/lib/python3.11/site-packages/airflow/example_dags/example_trigger_target_dag.py took 0.140 seconds
[2025-12-24T09:27:43.241+0000] {processor.py:186} INFO - Started process (PID=899) to work on /home/airflow/.local/lib/python3.11/site-packages/airflow/example_dags/example_trigger_target_dag.py
[2025-12-24T09:27:43.243+0000] {processor.py:914} INFO - Processing file /home/airflow/.local/lib/python3.11/site-packages/airflow/example_dags/example_trigger_target_dag.py for tasks to queue
[2025-12-24T09:27:43.247+0000] {logging_mixin.py:190} INFO - [2025-12-24T09:27:43.247+0000] {dagbag.py:588} INFO - Filling up the DagBag from /home/airflow/.local/lib/python3.11/site-packages/airflow/example_dags/example_trigger_target_dag.py
[2025-12-24T09:27:43.264+0000] {processor.py:925} INFO - DAG(s) 'example_trigger_target_dag' retrieved from /home/airflow/.local/lib/python3.11/site-packages/airflow/example_dags/example_trigger_target_dag.py
[2025-12-24T09:27:43.304+0000] {logging_mixin.py:190} INFO - [2025-12-24T09:27:43.303+0000] {dag.py:3239} INFO - Sync 1 DAGs
[2025-12-24T09:27:43.330+0000] {logging_mixin.py:190} INFO - [2025-12-24T09:27:43.329+0000] {dag.py:4180} INFO - Setting next_dagrun for example_trigger_target_dag to None, run_after=None
[2025-12-24T09:27:43.374+0000] {processor.py:208} INFO - Processing /home/airflow/.local/lib/python3.11/site-packages/airflow/example_dags/example_trigger_target_dag.py took 0.145 seconds
[2025-12-24T09:27:50.701+0000] {processor.py:186} INFO - Started process (PID=965) to work on /home/airflow/.local/lib/python3.11/site-packages/airflow/example_dags/example_trigger_target_dag.py
[2025-12-24T09:27:50.703+0000] {processor.py:914} INFO - Processing file /home/airflow/.local/lib/python3.11/site-packages/airflow/example_dags/example_trigger_target_dag.py for tasks to queue
[2025-12-24T09:27:50.707+0000] {logging_mixin.py:190} INFO - [2025-12-24T09:27:50.707+0000] {dagbag.py:588} INFO - Filling up the DagBag from /home/airflow/.local/lib/python3.11/site-packages/airflow/example_dags/example_trigger_target_dag.py
[2025-12-24T09:27:50.720+0000] {processor.py:925} INFO - DAG(s) 'example_trigger_target_dag' retrieved from /home/airflow/.local/lib/python3.11/site-packages/airflow/example_dags/example_trigger_target_dag.py
[2025-12-24T09:27:50.760+0000] {logging_mixin.py:190} INFO - [2025-12-24T09:27:50.760+0000] {dag.py:3239} INFO - Sync 1 DAGs
[2025-12-24T09:27:50.783+0000] {logging_mixin.py:190} INFO - [2025-12-24T09:27:50.783+0000] {dag.py:4180} INFO - Setting next_dagrun for example_trigger_target_dag to None, run_after=None
[2025-12-24T09:27:50.811+0000] {processor.py:208} INFO - Processing /home/airflow/.local/lib/python3.11/site-packages/airflow/example_dags/example_trigger_target_dag.py took 0.122 seconds
[2025-12-24T09:28:00.694+0000] {processor.py:186} INFO - Started process (PID=1031) to work on /home/airflow/.local/lib/python3.11/site-packages/airflow/example_dags/example_trigger_target_dag.py
[2025-12-24T09:28:00.696+0000] {processor.py:914} INFO - Processing file /home/airflow/.local/lib/python3.11/site-packages/airflow/example_dags/example_trigger_target_dag.py for tasks to queue
[2025-12-24T09:28:00.700+0000] {logging_mixin.py:190} INFO - [2025-12-24T09:28:00.699+0000] {dagbag.py:588} INFO - Filling up the DagBag from /home/airflow/.local/lib/python3.11/site-packages/airflow/example_dags/example_trigger_target_dag.py
[2025-12-24T09:28:00.713+0000] {processor.py:925} INFO - DAG(s) 'example_trigger_target_dag' retrieved from /home/airflow/.local/lib/python3.11/site-packages/airflow/example_dags/example_trigger_target_dag.py
[2025-12-24T09:28:00.747+0000] {logging_mixin.py:190} INFO - [2025-12-24T09:28:00.747+0000] {dag.py:3239} INFO - Sync 1 DAGs
[2025-12-24T09:28:00.768+0000] {logging_mixin.py:190} INFO - [2025-12-24T09:28:00.768+0000] {dag.py:4180} INFO - Setting next_dagrun for example_trigger_target_dag to None, run_after=None
[2025-12-24T09:28:00.799+0000] {processor.py:208} INFO - Processing /home/airflow/.local/lib/python3.11/site-packages/airflow/example_dags/example_trigger_target_dag.py took 0.115 seconds
[2025-12-24T09:28:15.082+0000] {processor.py:186} INFO - Started process (PID=1090) to work on /home/airflow/.local/lib/python3.11/site-packages/airflow/example_dags/example_trigger_target_dag.py
[2025-12-24T09:28:15.085+0000] {processor.py:914} INFO - Processing file /home/airflow/.local/lib/python3.11/site-packages/airflow/example_dags/example_trigger_target_dag.py for tasks to queue
[2025-12-24T09:28:15.091+0000] {logging_mixin.py:190} INFO - [2025-12-24T09:28:15.091+0000] {dagbag.py:588} INFO - Filling up the DagBag from /home/airflow/.local/lib/python3.11/site-packages/airflow/example_dags/example_trigger_target_dag.py
[2025-12-24T09:28:15.108+0000] {processor.py:925} INFO - DAG(s) 'example_trigger_target_dag' retrieved from /home/airflow/.local/lib/python3.11/site-packages/airflow/example_dags/example_trigger_target_dag.py
[2025-12-24T09:28:15.151+0000] {logging_mixin.py:190} INFO - [2025-12-24T09:28:15.151+0000] {dag.py:3239} INFO - Sync 1 DAGs
[2025-12-24T09:28:15.179+0000] {logging_mixin.py:190} INFO - [2025-12-24T09:28:15.179+0000] {dag.py:4180} INFO - Setting next_dagrun for example_trigger_target_dag to None, run_after=None
[2025-12-24T09:28:15.218+0000] {processor.py:208} INFO - Processing /home/airflow/.local/lib/python3.11/site-packages/airflow/example_dags/example_trigger_target_dag.py took 0.168 seconds
[2025-12-24T09:29:12.620+0000] {processor.py:186} INFO - Started process (PID=1143) to work on /home/airflow/.local/lib/python3.11/site-packages/airflow/example_dags/example_trigger_target_dag.py
[2025-12-24T09:29:12.623+0000] {processor.py:914} INFO - Processing file /home/airflow/.local/lib/python3.11/site-packages/airflow/example_dags/example_trigger_target_dag.py for tasks to queue
[2025-12-24T09:29:12.629+0000] {logging_mixin.py:190} INFO - [2025-12-24T09:29:12.628+0000] {dagbag.py:588} INFO - Filling up the DagBag from /home/airflow/.local/lib/python3.11/site-packages/airflow/example_dags/example_trigger_target_dag.py
[2025-12-24T09:29:12.648+0000] {processor.py:925} INFO - DAG(s) 'example_trigger_target_dag' retrieved from /home/airflow/.local/lib/python3.11/site-packages/airflow/example_dags/example_trigger_target_dag.py
[2025-12-24T09:29:12.688+0000] {logging_mixin.py:190} INFO - [2025-12-24T09:29:12.687+0000] {dag.py:3239} INFO - Sync 1 DAGs
[2025-12-24T09:29:12.717+0000] {logging_mixin.py:190} INFO - [2025-12-24T09:29:12.716+0000] {dag.py:4180} INFO - Setting next_dagrun for example_trigger_target_dag to None, run_after=None
[2025-12-24T09:29:12.760+0000] {processor.py:208} INFO - Processing /home/airflow/.local/lib/python3.11/site-packages/airflow/example_dags/example_trigger_target_dag.py took 0.153 seconds
