[2025-12-24T09:03:04.355+0000] {processor.py:186} INFO - Started process (PID=114) to work on /home/airflow/.local/lib/python3.11/site-packages/airflow/example_dags/example_inlet_event_extra.py
[2025-12-24T09:03:04.358+0000] {processor.py:914} INFO - Processing file /home/airflow/.local/lib/python3.11/site-packages/airflow/example_dags/example_inlet_event_extra.py for tasks to queue
[2025-12-24T09:03:04.363+0000] {logging_mixin.py:190} INFO - [2025-12-24T09:03:04.362+0000] {dagbag.py:588} INFO - Filling up the DagBag from /home/airflow/.local/lib/python3.11/site-packages/airflow/example_dags/example_inlet_event_extra.py
[2025-12-24T09:03:04.697+0000] {processor.py:925} INFO - DAG(s) 'read_dataset_event_from_classic', 'read_dataset_event' retrieved from /home/airflow/.local/lib/python3.11/site-packages/airflow/example_dags/example_inlet_event_extra.py
[2025-12-24T09:03:04.881+0000] {logging_mixin.py:190} INFO - [2025-12-24T09:03:04.880+0000] {override.py:1911} INFO - Created Permission View: can edit on DAG:read_dataset_event_from_classic
[2025-12-24T09:03:04.901+0000] {logging_mixin.py:190} INFO - [2025-12-24T09:03:04.901+0000] {override.py:1911} INFO - Created Permission View: can read on DAG:read_dataset_event_from_classic
[2025-12-24T09:03:04.917+0000] {logging_mixin.py:190} INFO - [2025-12-24T09:03:04.917+0000] {override.py:1911} INFO - Created Permission View: can delete on DAG:read_dataset_event_from_classic
[2025-12-24T09:03:04.937+0000] {logging_mixin.py:190} INFO - [2025-12-24T09:03:04.936+0000] {override.py:1911} INFO - Created Permission View: can read on DAG Run:read_dataset_event_from_classic
[2025-12-24T09:03:04.953+0000] {logging_mixin.py:190} INFO - [2025-12-24T09:03:04.952+0000] {override.py:1911} INFO - Created Permission View: can create on DAG Run:read_dataset_event_from_classic
[2025-12-24T09:03:04.968+0000] {logging_mixin.py:190} INFO - [2025-12-24T09:03:04.968+0000] {override.py:1911} INFO - Created Permission View: can delete on DAG Run:read_dataset_event_from_classic
[2025-12-24T09:03:04.982+0000] {logging_mixin.py:190} INFO - [2025-12-24T09:03:04.981+0000] {override.py:1911} INFO - Created Permission View: menu access on DAG Run:read_dataset_event_from_classic
[2025-12-24T09:03:05.009+0000] {logging_mixin.py:190} INFO - [2025-12-24T09:03:05.008+0000] {override.py:1911} INFO - Created Permission View: can edit on DAG:read_dataset_event
[2025-12-24T09:03:05.023+0000] {logging_mixin.py:190} INFO - [2025-12-24T09:03:05.023+0000] {override.py:1911} INFO - Created Permission View: can read on DAG:read_dataset_event
[2025-12-24T09:03:05.037+0000] {logging_mixin.py:190} INFO - [2025-12-24T09:03:05.036+0000] {override.py:1911} INFO - Created Permission View: can delete on DAG:read_dataset_event
[2025-12-24T09:03:05.057+0000] {logging_mixin.py:190} INFO - [2025-12-24T09:03:05.057+0000] {override.py:1911} INFO - Created Permission View: can read on DAG Run:read_dataset_event
[2025-12-24T09:03:05.070+0000] {logging_mixin.py:190} INFO - [2025-12-24T09:03:05.069+0000] {override.py:1911} INFO - Created Permission View: can create on DAG Run:read_dataset_event
[2025-12-24T09:03:05.086+0000] {logging_mixin.py:190} INFO - [2025-12-24T09:03:05.085+0000] {override.py:1911} INFO - Created Permission View: can delete on DAG Run:read_dataset_event
[2025-12-24T09:03:05.120+0000] {logging_mixin.py:190} INFO - [2025-12-24T09:03:05.120+0000] {override.py:1911} INFO - Created Permission View: menu access on DAG Run:read_dataset_event
[2025-12-24T09:03:05.121+0000] {logging_mixin.py:190} INFO - [2025-12-24T09:03:05.121+0000] {dag.py:3239} INFO - Sync 2 DAGs
[2025-12-24T09:03:05.139+0000] {logging_mixin.py:190} INFO - [2025-12-24T09:03:05.139+0000] {dag.py:3262} INFO - Creating ORM DAG for read_dataset_event
[2025-12-24T09:03:05.141+0000] {logging_mixin.py:190} INFO - [2025-12-24T09:03:05.141+0000] {dag.py:3262} INFO - Creating ORM DAG for read_dataset_event_from_classic
[2025-12-24T09:03:05.156+0000] {logging_mixin.py:190} INFO - [2025-12-24T09:03:05.155+0000] {dag.py:4180} INFO - Setting next_dagrun for read_dataset_event to 2025-12-23 00:00:00+00:00, run_after=2025-12-24 00:00:00+00:00
[2025-12-24T09:03:05.158+0000] {logging_mixin.py:190} INFO - [2025-12-24T09:03:05.158+0000] {dag.py:4180} INFO - Setting next_dagrun for read_dataset_event_from_classic to 2025-12-23 00:00:00+00:00, run_after=2025-12-24 00:00:00+00:00
[2025-12-24T09:03:05.190+0000] {processor.py:208} INFO - Processing /home/airflow/.local/lib/python3.11/site-packages/airflow/example_dags/example_inlet_event_extra.py took 0.846 seconds
[2025-12-24T09:03:15.132+0000] {processor.py:186} INFO - Started process (PID=180) to work on /home/airflow/.local/lib/python3.11/site-packages/airflow/example_dags/example_inlet_event_extra.py
[2025-12-24T09:03:15.134+0000] {processor.py:914} INFO - Processing file /home/airflow/.local/lib/python3.11/site-packages/airflow/example_dags/example_inlet_event_extra.py for tasks to queue
[2025-12-24T09:03:15.139+0000] {logging_mixin.py:190} INFO - [2025-12-24T09:03:15.139+0000] {dagbag.py:588} INFO - Filling up the DagBag from /home/airflow/.local/lib/python3.11/site-packages/airflow/example_dags/example_inlet_event_extra.py
[2025-12-24T09:03:15.489+0000] {processor.py:925} INFO - DAG(s) 'read_dataset_event_from_classic', 'read_dataset_event' retrieved from /home/airflow/.local/lib/python3.11/site-packages/airflow/example_dags/example_inlet_event_extra.py
[2025-12-24T09:03:57.885+0000] {logging_mixin.py:190} INFO - [2025-12-24T09:03:57.885+0000] {dag.py:3239} INFO - Sync 2 DAGs
[2025-12-24T09:03:57.928+0000] {logging_mixin.py:190} INFO - [2025-12-24T09:03:57.928+0000] {dag.py:4180} INFO - Setting next_dagrun for read_dataset_event to 2025-12-23 00:00:00+00:00, run_after=2025-12-24 00:00:00+00:00
[2025-12-24T09:03:57.936+0000] {logging_mixin.py:190} INFO - [2025-12-24T09:03:57.936+0000] {dag.py:4180} INFO - Setting next_dagrun for read_dataset_event_from_classic to 2025-12-23 00:00:00+00:00, run_after=2025-12-24 00:00:00+00:00
[2025-12-24T09:03:57.967+0000] {processor.py:208} INFO - Processing /home/airflow/.local/lib/python3.11/site-packages/airflow/example_dags/example_inlet_event_extra.py took 0.487 seconds
[2025-12-24T09:04:28.267+0000] {processor.py:186} INFO - Started process (PID=263) to work on /home/airflow/.local/lib/python3.11/site-packages/airflow/example_dags/example_inlet_event_extra.py
[2025-12-24T09:04:28.269+0000] {processor.py:914} INFO - Processing file /home/airflow/.local/lib/python3.11/site-packages/airflow/example_dags/example_inlet_event_extra.py for tasks to queue
[2025-12-24T09:04:28.273+0000] {logging_mixin.py:190} INFO - [2025-12-24T09:04:28.273+0000] {dagbag.py:588} INFO - Filling up the DagBag from /home/airflow/.local/lib/python3.11/site-packages/airflow/example_dags/example_inlet_event_extra.py
[2025-12-24T09:04:28.672+0000] {processor.py:925} INFO - DAG(s) 'read_dataset_event', 'read_dataset_event_from_classic' retrieved from /home/airflow/.local/lib/python3.11/site-packages/airflow/example_dags/example_inlet_event_extra.py
[2025-12-24T09:04:28.724+0000] {logging_mixin.py:190} INFO - [2025-12-24T09:04:28.723+0000] {dag.py:3239} INFO - Sync 2 DAGs
[2025-12-24T09:04:28.836+0000] {logging_mixin.py:190} INFO - [2025-12-24T09:04:28.836+0000] {dag.py:4180} INFO - Setting next_dagrun for read_dataset_event to 2025-12-23 00:00:00+00:00, run_after=2025-12-24 00:00:00+00:00
[2025-12-24T09:04:28.848+0000] {logging_mixin.py:190} INFO - [2025-12-24T09:04:28.847+0000] {dag.py:4180} INFO - Setting next_dagrun for read_dataset_event_from_classic to 2025-12-23 00:00:00+00:00, run_after=2025-12-24 00:00:00+00:00
[2025-12-24T09:04:28.883+0000] {processor.py:208} INFO - Processing /home/airflow/.local/lib/python3.11/site-packages/airflow/example_dags/example_inlet_event_extra.py took 0.627 seconds
[2025-12-24T09:05:28.121+0000] {processor.py:186} INFO - Started process (PID=371) to work on /home/airflow/.local/lib/python3.11/site-packages/airflow/example_dags/example_inlet_event_extra.py
[2025-12-24T09:05:28.127+0000] {processor.py:914} INFO - Processing file /home/airflow/.local/lib/python3.11/site-packages/airflow/example_dags/example_inlet_event_extra.py for tasks to queue
[2025-12-24T09:05:28.132+0000] {logging_mixin.py:190} INFO - [2025-12-24T09:05:28.132+0000] {dagbag.py:588} INFO - Filling up the DagBag from /home/airflow/.local/lib/python3.11/site-packages/airflow/example_dags/example_inlet_event_extra.py
[2025-12-24T09:04:46.170+0000] {processor.py:925} INFO - DAG(s) 'read_dataset_event_from_classic', 'read_dataset_event' retrieved from /home/airflow/.local/lib/python3.11/site-packages/airflow/example_dags/example_inlet_event_extra.py
[2025-12-24T09:04:46.210+0000] {logging_mixin.py:190} INFO - [2025-12-24T09:04:46.210+0000] {dag.py:3239} INFO - Sync 2 DAGs
[2025-12-24T09:04:46.246+0000] {logging_mixin.py:190} INFO - [2025-12-24T09:04:46.245+0000] {dag.py:4180} INFO - Setting next_dagrun for read_dataset_event to 2025-12-23 00:00:00+00:00, run_after=2025-12-24 00:00:00+00:00
[2025-12-24T09:04:46.254+0000] {logging_mixin.py:190} INFO - [2025-12-24T09:04:46.254+0000] {dag.py:4180} INFO - Setting next_dagrun for read_dataset_event_from_classic to 2025-12-23 00:00:00+00:00, run_after=2025-12-24 00:00:00+00:00
[2025-12-24T09:04:46.305+0000] {processor.py:208} INFO - Processing /home/airflow/.local/lib/python3.11/site-packages/airflow/example_dags/example_inlet_event_extra.py took 0.548 seconds
[2025-12-24T09:04:55.479+0000] {processor.py:186} INFO - Started process (PID=429) to work on /home/airflow/.local/lib/python3.11/site-packages/airflow/example_dags/example_inlet_event_extra.py
[2025-12-24T09:04:55.481+0000] {processor.py:914} INFO - Processing file /home/airflow/.local/lib/python3.11/site-packages/airflow/example_dags/example_inlet_event_extra.py for tasks to queue
[2025-12-24T09:04:55.486+0000] {logging_mixin.py:190} INFO - [2025-12-24T09:04:55.485+0000] {dagbag.py:588} INFO - Filling up the DagBag from /home/airflow/.local/lib/python3.11/site-packages/airflow/example_dags/example_inlet_event_extra.py
[2025-12-24T09:05:38.083+0000] {processor.py:925} INFO - DAG(s) 'read_dataset_event_from_classic', 'read_dataset_event' retrieved from /home/airflow/.local/lib/python3.11/site-packages/airflow/example_dags/example_inlet_event_extra.py
[2025-12-24T09:05:38.118+0000] {logging_mixin.py:190} INFO - [2025-12-24T09:05:38.118+0000] {dag.py:3239} INFO - Sync 2 DAGs
[2025-12-24T09:05:38.149+0000] {logging_mixin.py:190} INFO - [2025-12-24T09:05:38.149+0000] {dag.py:4180} INFO - Setting next_dagrun for read_dataset_event to 2025-12-23 00:00:00+00:00, run_after=2025-12-24 00:00:00+00:00
[2025-12-24T09:05:38.155+0000] {logging_mixin.py:190} INFO - [2025-12-24T09:05:38.155+0000] {dag.py:4180} INFO - Setting next_dagrun for read_dataset_event_from_classic to 2025-12-23 00:00:00+00:00, run_after=2025-12-24 00:00:00+00:00
[2025-12-24T09:05:38.180+0000] {processor.py:208} INFO - Processing /home/airflow/.local/lib/python3.11/site-packages/airflow/example_dags/example_inlet_event_extra.py took 0.362 seconds
[2025-12-24T09:05:41.633+0000] {processor.py:186} INFO - Started process (PID=585) to work on /home/airflow/.local/lib/python3.11/site-packages/airflow/example_dags/example_inlet_event_extra.py
[2025-12-24T09:05:41.635+0000] {processor.py:914} INFO - Processing file /home/airflow/.local/lib/python3.11/site-packages/airflow/example_dags/example_inlet_event_extra.py for tasks to queue
[2025-12-24T09:05:41.639+0000] {logging_mixin.py:190} INFO - [2025-12-24T09:05:41.638+0000] {dagbag.py:588} INFO - Filling up the DagBag from /home/airflow/.local/lib/python3.11/site-packages/airflow/example_dags/example_inlet_event_extra.py
[2025-12-24T09:05:41.880+0000] {processor.py:925} INFO - DAG(s) 'read_dataset_event', 'read_dataset_event_from_classic' retrieved from /home/airflow/.local/lib/python3.11/site-packages/airflow/example_dags/example_inlet_event_extra.py
[2025-12-24T09:05:41.907+0000] {logging_mixin.py:190} INFO - [2025-12-24T09:05:41.907+0000] {dag.py:3239} INFO - Sync 2 DAGs
[2025-12-24T09:05:41.934+0000] {logging_mixin.py:190} INFO - [2025-12-24T09:05:41.933+0000] {dag.py:4180} INFO - Setting next_dagrun for read_dataset_event to 2025-12-23 00:00:00+00:00, run_after=2025-12-24 00:00:00+00:00
[2025-12-24T09:05:41.939+0000] {logging_mixin.py:190} INFO - [2025-12-24T09:05:41.938+0000] {dag.py:4180} INFO - Setting next_dagrun for read_dataset_event_from_classic to 2025-12-23 00:00:00+00:00, run_after=2025-12-24 00:00:00+00:00
[2025-12-24T09:05:41.983+0000] {processor.py:208} INFO - Processing /home/airflow/.local/lib/python3.11/site-packages/airflow/example_dags/example_inlet_event_extra.py took 0.358 seconds
[2025-12-24T09:06:43.534+0000] {processor.py:186} INFO - Started process (PID=647) to work on /home/airflow/.local/lib/python3.11/site-packages/airflow/example_dags/example_inlet_event_extra.py
[2025-12-24T09:06:43.536+0000] {processor.py:914} INFO - Processing file /home/airflow/.local/lib/python3.11/site-packages/airflow/example_dags/example_inlet_event_extra.py for tasks to queue
[2025-12-24T09:06:43.541+0000] {logging_mixin.py:190} INFO - [2025-12-24T09:06:43.540+0000] {dagbag.py:588} INFO - Filling up the DagBag from /home/airflow/.local/lib/python3.11/site-packages/airflow/example_dags/example_inlet_event_extra.py
[2025-12-24T09:06:43.795+0000] {processor.py:925} INFO - DAG(s) 'read_dataset_event', 'read_dataset_event_from_classic' retrieved from /home/airflow/.local/lib/python3.11/site-packages/airflow/example_dags/example_inlet_event_extra.py
[2025-12-24T09:06:43.829+0000] {logging_mixin.py:190} INFO - [2025-12-24T09:06:43.828+0000] {dag.py:3239} INFO - Sync 2 DAGs
[2025-12-24T09:06:43.858+0000] {logging_mixin.py:190} INFO - [2025-12-24T09:06:43.857+0000] {dag.py:4180} INFO - Setting next_dagrun for read_dataset_event to 2025-12-23 00:00:00+00:00, run_after=2025-12-24 00:00:00+00:00
[2025-12-24T09:06:43.864+0000] {logging_mixin.py:190} INFO - [2025-12-24T09:06:43.863+0000] {dag.py:4180} INFO - Setting next_dagrun for read_dataset_event_from_classic to 2025-12-23 00:00:00+00:00, run_after=2025-12-24 00:00:00+00:00
[2025-12-24T09:06:43.885+0000] {processor.py:208} INFO - Processing /home/airflow/.local/lib/python3.11/site-packages/airflow/example_dags/example_inlet_event_extra.py took 0.361 seconds
[2025-12-24T09:06:46.552+0000] {processor.py:186} INFO - Started process (PID=721) to work on /home/airflow/.local/lib/python3.11/site-packages/airflow/example_dags/example_inlet_event_extra.py
[2025-12-24T09:06:46.554+0000] {processor.py:914} INFO - Processing file /home/airflow/.local/lib/python3.11/site-packages/airflow/example_dags/example_inlet_event_extra.py for tasks to queue
[2025-12-24T09:06:46.560+0000] {logging_mixin.py:190} INFO - [2025-12-24T09:06:46.559+0000] {dagbag.py:588} INFO - Filling up the DagBag from /home/airflow/.local/lib/python3.11/site-packages/airflow/example_dags/example_inlet_event_extra.py
[2025-12-24T09:06:47.038+0000] {processor.py:925} INFO - DAG(s) 'read_dataset_event', 'read_dataset_event_from_classic' retrieved from /home/airflow/.local/lib/python3.11/site-packages/airflow/example_dags/example_inlet_event_extra.py
[2025-12-24T09:06:47.100+0000] {logging_mixin.py:190} INFO - [2025-12-24T09:06:47.100+0000] {dag.py:3239} INFO - Sync 2 DAGs
[2025-12-24T09:06:47.159+0000] {logging_mixin.py:190} INFO - [2025-12-24T09:06:47.159+0000] {dag.py:4180} INFO - Setting next_dagrun for read_dataset_event to 2025-12-23 00:00:00+00:00, run_after=2025-12-24 00:00:00+00:00
[2025-12-24T09:06:47.168+0000] {logging_mixin.py:190} INFO - [2025-12-24T09:06:47.168+0000] {dag.py:4180} INFO - Setting next_dagrun for read_dataset_event_from_classic to 2025-12-23 00:00:00+00:00, run_after=2025-12-24 00:00:00+00:00
[2025-12-24T09:06:47.207+0000] {processor.py:208} INFO - Processing /home/airflow/.local/lib/python3.11/site-packages/airflow/example_dags/example_inlet_event_extra.py took 0.674 seconds
[2025-12-24T09:07:16.490+0000] {processor.py:186} INFO - Started process (PID=785) to work on /home/airflow/.local/lib/python3.11/site-packages/airflow/example_dags/example_inlet_event_extra.py
[2025-12-24T09:07:16.491+0000] {processor.py:914} INFO - Processing file /home/airflow/.local/lib/python3.11/site-packages/airflow/example_dags/example_inlet_event_extra.py for tasks to queue
[2025-12-24T09:07:16.495+0000] {logging_mixin.py:190} INFO - [2025-12-24T09:07:16.495+0000] {dagbag.py:588} INFO - Filling up the DagBag from /home/airflow/.local/lib/python3.11/site-packages/airflow/example_dags/example_inlet_event_extra.py
[2025-12-24T09:07:16.746+0000] {processor.py:925} INFO - DAG(s) 'read_dataset_event_from_classic', 'read_dataset_event' retrieved from /home/airflow/.local/lib/python3.11/site-packages/airflow/example_dags/example_inlet_event_extra.py
[2025-12-24T09:07:16.779+0000] {logging_mixin.py:190} INFO - [2025-12-24T09:07:16.779+0000] {dag.py:3239} INFO - Sync 2 DAGs
[2025-12-24T09:07:16.815+0000] {logging_mixin.py:190} INFO - [2025-12-24T09:07:16.815+0000] {dag.py:4180} INFO - Setting next_dagrun for read_dataset_event to 2025-12-23 00:00:00+00:00, run_after=2025-12-24 00:00:00+00:00
[2025-12-24T09:07:16.821+0000] {logging_mixin.py:190} INFO - [2025-12-24T09:07:16.820+0000] {dag.py:4180} INFO - Setting next_dagrun for read_dataset_event_from_classic to 2025-12-23 00:00:00+00:00, run_after=2025-12-24 00:00:00+00:00
[2025-12-24T09:07:16.841+0000] {processor.py:208} INFO - Processing /home/airflow/.local/lib/python3.11/site-packages/airflow/example_dags/example_inlet_event_extra.py took 0.361 seconds
[2025-12-24T09:07:26.441+0000] {processor.py:186} INFO - Started process (PID=842) to work on /home/airflow/.local/lib/python3.11/site-packages/airflow/example_dags/example_inlet_event_extra.py
[2025-12-24T09:07:26.443+0000] {processor.py:914} INFO - Processing file /home/airflow/.local/lib/python3.11/site-packages/airflow/example_dags/example_inlet_event_extra.py for tasks to queue
[2025-12-24T09:07:26.447+0000] {logging_mixin.py:190} INFO - [2025-12-24T09:07:26.447+0000] {dagbag.py:588} INFO - Filling up the DagBag from /home/airflow/.local/lib/python3.11/site-packages/airflow/example_dags/example_inlet_event_extra.py
[2025-12-24T09:07:26.682+0000] {processor.py:925} INFO - DAG(s) 'read_dataset_event', 'read_dataset_event_from_classic' retrieved from /home/airflow/.local/lib/python3.11/site-packages/airflow/example_dags/example_inlet_event_extra.py
[2025-12-24T09:07:26.721+0000] {logging_mixin.py:190} INFO - [2025-12-24T09:07:26.720+0000] {dag.py:3239} INFO - Sync 2 DAGs
[2025-12-24T09:07:27.072+0000] {logging_mixin.py:190} INFO - [2025-12-24T09:07:27.071+0000] {dag.py:4180} INFO - Setting next_dagrun for read_dataset_event to 2025-12-23 00:00:00+00:00, run_after=2025-12-24 00:00:00+00:00
[2025-12-24T09:07:27.080+0000] {logging_mixin.py:190} INFO - [2025-12-24T09:07:27.080+0000] {dag.py:4180} INFO - Setting next_dagrun for read_dataset_event_from_classic to 2025-12-23 00:00:00+00:00, run_after=2025-12-24 00:00:00+00:00
[2025-12-24T09:07:27.122+0000] {processor.py:208} INFO - Processing /home/airflow/.local/lib/python3.11/site-packages/airflow/example_dags/example_inlet_event_extra.py took 0.691 seconds
[2025-12-24T09:07:35.749+0000] {processor.py:186} INFO - Started process (PID=898) to work on /home/airflow/.local/lib/python3.11/site-packages/airflow/example_dags/example_inlet_event_extra.py
[2025-12-24T09:07:35.751+0000] {processor.py:914} INFO - Processing file /home/airflow/.local/lib/python3.11/site-packages/airflow/example_dags/example_inlet_event_extra.py for tasks to queue
[2025-12-24T09:07:35.755+0000] {logging_mixin.py:190} INFO - [2025-12-24T09:07:35.755+0000] {dagbag.py:588} INFO - Filling up the DagBag from /home/airflow/.local/lib/python3.11/site-packages/airflow/example_dags/example_inlet_event_extra.py
[2025-12-24T09:08:18.359+0000] {processor.py:925} INFO - DAG(s) 'read_dataset_event_from_classic', 'read_dataset_event' retrieved from /home/airflow/.local/lib/python3.11/site-packages/airflow/example_dags/example_inlet_event_extra.py
[2025-12-24T09:08:18.397+0000] {logging_mixin.py:190} INFO - [2025-12-24T09:08:18.397+0000] {dag.py:3239} INFO - Sync 2 DAGs
[2025-12-24T09:08:18.430+0000] {logging_mixin.py:190} INFO - [2025-12-24T09:08:18.429+0000] {dag.py:4180} INFO - Setting next_dagrun for read_dataset_event to 2025-12-23 00:00:00+00:00, run_after=2025-12-24 00:00:00+00:00
[2025-12-24T09:08:18.437+0000] {logging_mixin.py:190} INFO - [2025-12-24T09:08:18.437+0000] {dag.py:4180} INFO - Setting next_dagrun for read_dataset_event_from_classic to 2025-12-23 00:00:00+00:00, run_after=2025-12-24 00:00:00+00:00
[2025-12-24T09:07:36.126+0000] {processor.py:208} INFO - Processing /home/airflow/.local/lib/python3.11/site-packages/airflow/example_dags/example_inlet_event_extra.py took 0.386 seconds
[2025-12-24T09:07:44.991+0000] {processor.py:186} INFO - Started process (PID=954) to work on /home/airflow/.local/lib/python3.11/site-packages/airflow/example_dags/example_inlet_event_extra.py
[2025-12-24T09:07:44.993+0000] {processor.py:914} INFO - Processing file /home/airflow/.local/lib/python3.11/site-packages/airflow/example_dags/example_inlet_event_extra.py for tasks to queue
[2025-12-24T09:07:44.997+0000] {logging_mixin.py:190} INFO - [2025-12-24T09:07:44.996+0000] {dagbag.py:588} INFO - Filling up the DagBag from /home/airflow/.local/lib/python3.11/site-packages/airflow/example_dags/example_inlet_event_extra.py
[2025-12-24T09:07:45.250+0000] {processor.py:925} INFO - DAG(s) 'read_dataset_event', 'read_dataset_event_from_classic' retrieved from /home/airflow/.local/lib/python3.11/site-packages/airflow/example_dags/example_inlet_event_extra.py
[2025-12-24T09:07:45.299+0000] {logging_mixin.py:190} INFO - [2025-12-24T09:07:45.297+0000] {dag.py:3239} INFO - Sync 2 DAGs
[2025-12-24T09:07:45.352+0000] {logging_mixin.py:190} INFO - [2025-12-24T09:07:45.351+0000] {dag.py:4180} INFO - Setting next_dagrun for read_dataset_event to 2025-12-23 00:00:00+00:00, run_after=2025-12-24 00:00:00+00:00
[2025-12-24T09:07:45.359+0000] {logging_mixin.py:190} INFO - [2025-12-24T09:07:45.359+0000] {dag.py:4180} INFO - Setting next_dagrun for read_dataset_event_from_classic to 2025-12-23 00:00:00+00:00, run_after=2025-12-24 00:00:00+00:00
[2025-12-24T09:07:45.384+0000] {processor.py:208} INFO - Processing /home/airflow/.local/lib/python3.11/site-packages/airflow/example_dags/example_inlet_event_extra.py took 0.401 seconds
[2025-12-24T09:08:43.122+0000] {processor.py:186} INFO - Started process (PID=1017) to work on /home/airflow/.local/lib/python3.11/site-packages/airflow/example_dags/example_inlet_event_extra.py
[2025-12-24T09:08:43.124+0000] {processor.py:914} INFO - Processing file /home/airflow/.local/lib/python3.11/site-packages/airflow/example_dags/example_inlet_event_extra.py for tasks to queue
[2025-12-24T09:08:43.128+0000] {logging_mixin.py:190} INFO - [2025-12-24T09:08:43.127+0000] {dagbag.py:588} INFO - Filling up the DagBag from /home/airflow/.local/lib/python3.11/site-packages/airflow/example_dags/example_inlet_event_extra.py
[2025-12-24T09:08:43.357+0000] {processor.py:925} INFO - DAG(s) 'read_dataset_event', 'read_dataset_event_from_classic' retrieved from /home/airflow/.local/lib/python3.11/site-packages/airflow/example_dags/example_inlet_event_extra.py
[2025-12-24T09:08:43.391+0000] {logging_mixin.py:190} INFO - [2025-12-24T09:08:43.390+0000] {dag.py:3239} INFO - Sync 2 DAGs
[2025-12-24T09:08:43.683+0000] {logging_mixin.py:190} INFO - [2025-12-24T09:08:43.683+0000] {dag.py:4180} INFO - Setting next_dagrun for read_dataset_event to 2025-12-23 00:00:00+00:00, run_after=2025-12-24 00:00:00+00:00
[2025-12-24T09:08:43.689+0000] {logging_mixin.py:190} INFO - [2025-12-24T09:08:43.688+0000] {dag.py:4180} INFO - Setting next_dagrun for read_dataset_event_from_classic to 2025-12-23 00:00:00+00:00, run_after=2025-12-24 00:00:00+00:00
[2025-12-24T09:08:43.716+0000] {processor.py:208} INFO - Processing /home/airflow/.local/lib/python3.11/site-packages/airflow/example_dags/example_inlet_event_extra.py took 0.603 seconds
[2025-12-24T09:09:22.458+0000] {processor.py:186} INFO - Started process (PID=1084) to work on /home/airflow/.local/lib/python3.11/site-packages/airflow/example_dags/example_inlet_event_extra.py
[2025-12-24T09:09:22.459+0000] {processor.py:914} INFO - Processing file /home/airflow/.local/lib/python3.11/site-packages/airflow/example_dags/example_inlet_event_extra.py for tasks to queue
[2025-12-24T09:09:22.463+0000] {logging_mixin.py:190} INFO - [2025-12-24T09:09:22.462+0000] {dagbag.py:588} INFO - Filling up the DagBag from /home/airflow/.local/lib/python3.11/site-packages/airflow/example_dags/example_inlet_event_extra.py
[2025-12-24T09:09:22.680+0000] {processor.py:925} INFO - DAG(s) 'read_dataset_event', 'read_dataset_event_from_classic' retrieved from /home/airflow/.local/lib/python3.11/site-packages/airflow/example_dags/example_inlet_event_extra.py
[2025-12-24T09:09:22.707+0000] {logging_mixin.py:190} INFO - [2025-12-24T09:09:22.707+0000] {dag.py:3239} INFO - Sync 2 DAGs
[2025-12-24T09:09:22.979+0000] {logging_mixin.py:190} INFO - [2025-12-24T09:09:22.978+0000] {dag.py:4180} INFO - Setting next_dagrun for read_dataset_event to 2025-12-23 00:00:00+00:00, run_after=2025-12-24 00:00:00+00:00
[2025-12-24T09:09:22.984+0000] {logging_mixin.py:190} INFO - [2025-12-24T09:09:22.984+0000] {dag.py:4180} INFO - Setting next_dagrun for read_dataset_event_from_classic to 2025-12-23 00:00:00+00:00, run_after=2025-12-24 00:00:00+00:00
[2025-12-24T09:09:23.004+0000] {processor.py:208} INFO - Processing /home/airflow/.local/lib/python3.11/site-packages/airflow/example_dags/example_inlet_event_extra.py took 0.555 seconds
[2025-12-24T09:09:21.038+0000] {processor.py:186} INFO - Started process (PID=1164) to work on /home/airflow/.local/lib/python3.11/site-packages/airflow/example_dags/example_inlet_event_extra.py
[2025-12-24T09:09:21.040+0000] {processor.py:914} INFO - Processing file /home/airflow/.local/lib/python3.11/site-packages/airflow/example_dags/example_inlet_event_extra.py for tasks to queue
[2025-12-24T09:09:21.044+0000] {logging_mixin.py:190} INFO - [2025-12-24T09:09:21.044+0000] {dagbag.py:588} INFO - Filling up the DagBag from /home/airflow/.local/lib/python3.11/site-packages/airflow/example_dags/example_inlet_event_extra.py
[2025-12-24T09:09:21.302+0000] {processor.py:925} INFO - DAG(s) 'read_dataset_event', 'read_dataset_event_from_classic' retrieved from /home/airflow/.local/lib/python3.11/site-packages/airflow/example_dags/example_inlet_event_extra.py
[2025-12-24T09:09:21.339+0000] {logging_mixin.py:190} INFO - [2025-12-24T09:09:21.338+0000] {dag.py:3239} INFO - Sync 2 DAGs
[2025-12-24T09:09:21.662+0000] {logging_mixin.py:190} INFO - [2025-12-24T09:09:21.662+0000] {dag.py:4180} INFO - Setting next_dagrun for read_dataset_event to 2025-12-23 00:00:00+00:00, run_after=2025-12-24 00:00:00+00:00
[2025-12-24T09:09:21.670+0000] {logging_mixin.py:190} INFO - [2025-12-24T09:09:21.670+0000] {dag.py:4180} INFO - Setting next_dagrun for read_dataset_event_from_classic to 2025-12-23 00:00:00+00:00, run_after=2025-12-24 00:00:00+00:00
[2025-12-24T09:09:22.108+0000] {processor.py:208} INFO - Processing /home/airflow/.local/lib/python3.11/site-packages/airflow/example_dags/example_inlet_event_extra.py took 1.084 seconds
[2025-12-24T09:10:27.675+0000] {processor.py:186} INFO - Started process (PID=1223) to work on /home/airflow/.local/lib/python3.11/site-packages/airflow/example_dags/example_inlet_event_extra.py
[2025-12-24T09:10:27.677+0000] {processor.py:914} INFO - Processing file /home/airflow/.local/lib/python3.11/site-packages/airflow/example_dags/example_inlet_event_extra.py for tasks to queue
[2025-12-24T09:10:27.681+0000] {logging_mixin.py:190} INFO - [2025-12-24T09:10:27.680+0000] {dagbag.py:588} INFO - Filling up the DagBag from /home/airflow/.local/lib/python3.11/site-packages/airflow/example_dags/example_inlet_event_extra.py
[2025-12-24T09:10:27.934+0000] {processor.py:925} INFO - DAG(s) 'read_dataset_event', 'read_dataset_event_from_classic' retrieved from /home/airflow/.local/lib/python3.11/site-packages/airflow/example_dags/example_inlet_event_extra.py
[2025-12-24T09:10:27.966+0000] {logging_mixin.py:190} INFO - [2025-12-24T09:10:27.965+0000] {dag.py:3239} INFO - Sync 2 DAGs
[2025-12-24T09:10:28.307+0000] {logging_mixin.py:190} INFO - [2025-12-24T09:10:28.307+0000] {dag.py:4180} INFO - Setting next_dagrun for read_dataset_event to 2025-12-23 00:00:00+00:00, run_after=2025-12-24 00:00:00+00:00
[2025-12-24T09:10:28.316+0000] {logging_mixin.py:190} INFO - [2025-12-24T09:10:28.316+0000] {dag.py:4180} INFO - Setting next_dagrun for read_dataset_event_from_classic to 2025-12-23 00:00:00+00:00, run_after=2025-12-24 00:00:00+00:00
[2025-12-24T09:10:28.340+0000] {processor.py:208} INFO - Processing /home/airflow/.local/lib/python3.11/site-packages/airflow/example_dags/example_inlet_event_extra.py took 0.674 seconds
[2025-12-24T09:11:03.636+0000] {processor.py:186} INFO - Started process (PID=1295) to work on /home/airflow/.local/lib/python3.11/site-packages/airflow/example_dags/example_inlet_event_extra.py
[2025-12-24T09:11:03.637+0000] {processor.py:914} INFO - Processing file /home/airflow/.local/lib/python3.11/site-packages/airflow/example_dags/example_inlet_event_extra.py for tasks to queue
[2025-12-24T09:11:03.642+0000] {logging_mixin.py:190} INFO - [2025-12-24T09:11:03.641+0000] {dagbag.py:588} INFO - Filling up the DagBag from /home/airflow/.local/lib/python3.11/site-packages/airflow/example_dags/example_inlet_event_extra.py
[2025-12-24T09:10:21.827+0000] {processor.py:925} INFO - DAG(s) 'read_dataset_event_from_classic', 'read_dataset_event' retrieved from /home/airflow/.local/lib/python3.11/site-packages/airflow/example_dags/example_inlet_event_extra.py
[2025-12-24T09:10:21.854+0000] {logging_mixin.py:190} INFO - [2025-12-24T09:10:21.854+0000] {dag.py:3239} INFO - Sync 2 DAGs
[2025-12-24T09:10:21.879+0000] {logging_mixin.py:190} INFO - [2025-12-24T09:10:21.878+0000] {dag.py:4180} INFO - Setting next_dagrun for read_dataset_event to 2025-12-23 00:00:00+00:00, run_after=2025-12-24 00:00:00+00:00
[2025-12-24T09:10:21.884+0000] {logging_mixin.py:190} INFO - [2025-12-24T09:10:21.883+0000] {dag.py:4180} INFO - Setting next_dagrun for read_dataset_event_from_classic to 2025-12-23 00:00:00+00:00, run_after=2025-12-24 00:00:00+00:00
[2025-12-24T09:10:21.908+0000] {processor.py:208} INFO - Processing /home/airflow/.local/lib/python3.11/site-packages/airflow/example_dags/example_inlet_event_extra.py took 0.625 seconds
[2025-12-24T09:10:50.540+0000] {processor.py:186} INFO - Started process (PID=1343) to work on /home/airflow/.local/lib/python3.11/site-packages/airflow/example_dags/example_inlet_event_extra.py
[2025-12-24T09:10:50.543+0000] {processor.py:914} INFO - Processing file /home/airflow/.local/lib/python3.11/site-packages/airflow/example_dags/example_inlet_event_extra.py for tasks to queue
[2025-12-24T09:10:50.547+0000] {logging_mixin.py:190} INFO - [2025-12-24T09:10:50.546+0000] {dagbag.py:588} INFO - Filling up the DagBag from /home/airflow/.local/lib/python3.11/site-packages/airflow/example_dags/example_inlet_event_extra.py
[2025-12-24T09:10:50.763+0000] {processor.py:925} INFO - DAG(s) 'read_dataset_event', 'read_dataset_event_from_classic' retrieved from /home/airflow/.local/lib/python3.11/site-packages/airflow/example_dags/example_inlet_event_extra.py
[2025-12-24T09:10:51.074+0000] {logging_mixin.py:190} INFO - [2025-12-24T09:10:51.074+0000] {dag.py:3239} INFO - Sync 2 DAGs
[2025-12-24T09:10:51.099+0000] {logging_mixin.py:190} INFO - [2025-12-24T09:10:51.099+0000] {dag.py:4180} INFO - Setting next_dagrun for read_dataset_event to 2025-12-23 00:00:00+00:00, run_after=2025-12-24 00:00:00+00:00
[2025-12-24T09:10:51.105+0000] {logging_mixin.py:190} INFO - [2025-12-24T09:10:51.104+0000] {dag.py:4180} INFO - Setting next_dagrun for read_dataset_event_from_classic to 2025-12-23 00:00:00+00:00, run_after=2025-12-24 00:00:00+00:00
[2025-12-24T09:10:51.129+0000] {processor.py:208} INFO - Processing /home/airflow/.local/lib/python3.11/site-packages/airflow/example_dags/example_inlet_event_extra.py took 0.598 seconds
[2025-12-24T09:11:01.094+0000] {processor.py:186} INFO - Started process (PID=1402) to work on /home/airflow/.local/lib/python3.11/site-packages/airflow/example_dags/example_inlet_event_extra.py
[2025-12-24T09:11:01.096+0000] {processor.py:914} INFO - Processing file /home/airflow/.local/lib/python3.11/site-packages/airflow/example_dags/example_inlet_event_extra.py for tasks to queue
[2025-12-24T09:11:01.101+0000] {logging_mixin.py:190} INFO - [2025-12-24T09:11:01.100+0000] {dagbag.py:588} INFO - Filling up the DagBag from /home/airflow/.local/lib/python3.11/site-packages/airflow/example_dags/example_inlet_event_extra.py
[2025-12-24T09:11:43.685+0000] {processor.py:925} INFO - DAG(s) 'read_dataset_event', 'read_dataset_event_from_classic' retrieved from /home/airflow/.local/lib/python3.11/site-packages/airflow/example_dags/example_inlet_event_extra.py
[2025-12-24T09:11:43.716+0000] {logging_mixin.py:190} INFO - [2025-12-24T09:11:43.716+0000] {dag.py:3239} INFO - Sync 2 DAGs
[2025-12-24T09:11:01.671+0000] {logging_mixin.py:190} INFO - [2025-12-24T09:11:01.671+0000] {dag.py:4180} INFO - Setting next_dagrun for read_dataset_event to 2025-12-23 00:00:00+00:00, run_after=2025-12-24 00:00:00+00:00
[2025-12-24T09:11:01.677+0000] {logging_mixin.py:190} INFO - [2025-12-24T09:11:01.676+0000] {dag.py:4180} INFO - Setting next_dagrun for read_dataset_event_from_classic to 2025-12-23 00:00:00+00:00, run_after=2025-12-24 00:00:00+00:00
[2025-12-24T09:11:01.703+0000] {processor.py:208} INFO - Processing /home/airflow/.local/lib/python3.11/site-packages/airflow/example_dags/example_inlet_event_extra.py took 0.619 seconds
[2025-12-24T09:11:32.682+0000] {processor.py:186} INFO - Started process (PID=1465) to work on /home/airflow/.local/lib/python3.11/site-packages/airflow/example_dags/example_inlet_event_extra.py
[2025-12-24T09:11:32.684+0000] {processor.py:914} INFO - Processing file /home/airflow/.local/lib/python3.11/site-packages/airflow/example_dags/example_inlet_event_extra.py for tasks to queue
[2025-12-24T09:11:32.687+0000] {logging_mixin.py:190} INFO - [2025-12-24T09:11:32.687+0000] {dagbag.py:588} INFO - Filling up the DagBag from /home/airflow/.local/lib/python3.11/site-packages/airflow/example_dags/example_inlet_event_extra.py
[2025-12-24T09:11:33.111+0000] {processor.py:925} INFO - DAG(s) 'read_dataset_event', 'read_dataset_event_from_classic' retrieved from /home/airflow/.local/lib/python3.11/site-packages/airflow/example_dags/example_inlet_event_extra.py
[2025-12-24T09:11:33.135+0000] {logging_mixin.py:190} INFO - [2025-12-24T09:11:33.135+0000] {dag.py:3239} INFO - Sync 2 DAGs
[2025-12-24T09:11:33.158+0000] {logging_mixin.py:190} INFO - [2025-12-24T09:11:33.157+0000] {dag.py:4180} INFO - Setting next_dagrun for read_dataset_event to 2025-12-23 00:00:00+00:00, run_after=2025-12-24 00:00:00+00:00
[2025-12-24T09:11:33.164+0000] {logging_mixin.py:190} INFO - [2025-12-24T09:11:33.164+0000] {dag.py:4180} INFO - Setting next_dagrun for read_dataset_event_from_classic to 2025-12-23 00:00:00+00:00, run_after=2025-12-24 00:00:00+00:00
[2025-12-24T09:11:33.186+0000] {processor.py:208} INFO - Processing /home/airflow/.local/lib/python3.11/site-packages/airflow/example_dags/example_inlet_event_extra.py took 0.514 seconds
[2025-12-24T09:12:33.769+0000] {processor.py:186} INFO - Started process (PID=1526) to work on /home/airflow/.local/lib/python3.11/site-packages/airflow/example_dags/example_inlet_event_extra.py
[2025-12-24T09:12:33.771+0000] {processor.py:914} INFO - Processing file /home/airflow/.local/lib/python3.11/site-packages/airflow/example_dags/example_inlet_event_extra.py for tasks to queue
[2025-12-24T09:12:33.775+0000] {logging_mixin.py:190} INFO - [2025-12-24T09:12:33.775+0000] {dagbag.py:588} INFO - Filling up the DagBag from /home/airflow/.local/lib/python3.11/site-packages/airflow/example_dags/example_inlet_event_extra.py
[2025-12-24T09:12:34.255+0000] {processor.py:925} INFO - DAG(s) 'read_dataset_event_from_classic', 'read_dataset_event' retrieved from /home/airflow/.local/lib/python3.11/site-packages/airflow/example_dags/example_inlet_event_extra.py
[2025-12-24T09:12:34.281+0000] {logging_mixin.py:190} INFO - [2025-12-24T09:12:34.280+0000] {dag.py:3239} INFO - Sync 2 DAGs
[2025-12-24T09:12:34.305+0000] {logging_mixin.py:190} INFO - [2025-12-24T09:12:34.305+0000] {dag.py:4180} INFO - Setting next_dagrun for read_dataset_event to 2025-12-23 00:00:00+00:00, run_after=2025-12-24 00:00:00+00:00
[2025-12-24T09:12:34.310+0000] {logging_mixin.py:190} INFO - [2025-12-24T09:12:34.310+0000] {dag.py:4180} INFO - Setting next_dagrun for read_dataset_event_from_classic to 2025-12-23 00:00:00+00:00, run_after=2025-12-24 00:00:00+00:00
[2025-12-24T09:12:34.328+0000] {processor.py:208} INFO - Processing /home/airflow/.local/lib/python3.11/site-packages/airflow/example_dags/example_inlet_event_extra.py took 0.569 seconds
[2025-12-24T09:12:45.514+0000] {processor.py:186} INFO - Started process (PID=1592) to work on /home/airflow/.local/lib/python3.11/site-packages/airflow/example_dags/example_inlet_event_extra.py
[2025-12-24T09:12:45.516+0000] {processor.py:914} INFO - Processing file /home/airflow/.local/lib/python3.11/site-packages/airflow/example_dags/example_inlet_event_extra.py for tasks to queue
[2025-12-24T09:12:45.521+0000] {logging_mixin.py:190} INFO - [2025-12-24T09:12:45.520+0000] {dagbag.py:588} INFO - Filling up the DagBag from /home/airflow/.local/lib/python3.11/site-packages/airflow/example_dags/example_inlet_event_extra.py
[2025-12-24T09:12:46.031+0000] {processor.py:925} INFO - DAG(s) 'read_dataset_event_from_classic', 'read_dataset_event' retrieved from /home/airflow/.local/lib/python3.11/site-packages/airflow/example_dags/example_inlet_event_extra.py
[2025-12-24T09:12:46.061+0000] {logging_mixin.py:190} INFO - [2025-12-24T09:12:46.060+0000] {dag.py:3239} INFO - Sync 2 DAGs
[2025-12-24T09:12:46.087+0000] {logging_mixin.py:190} INFO - [2025-12-24T09:12:46.087+0000] {dag.py:4180} INFO - Setting next_dagrun for read_dataset_event to 2025-12-23 00:00:00+00:00, run_after=2025-12-24 00:00:00+00:00
[2025-12-24T09:12:46.092+0000] {logging_mixin.py:190} INFO - [2025-12-24T09:12:46.092+0000] {dag.py:4180} INFO - Setting next_dagrun for read_dataset_event_from_classic to 2025-12-23 00:00:00+00:00, run_after=2025-12-24 00:00:00+00:00
[2025-12-24T09:12:46.112+0000] {processor.py:208} INFO - Processing /home/airflow/.local/lib/python3.11/site-packages/airflow/example_dags/example_inlet_event_extra.py took 0.608 seconds
[2025-12-24T09:13:34.551+0000] {processor.py:186} INFO - Started process (PID=1659) to work on /home/airflow/.local/lib/python3.11/site-packages/airflow/example_dags/example_inlet_event_extra.py
[2025-12-24T09:13:34.552+0000] {processor.py:914} INFO - Processing file /home/airflow/.local/lib/python3.11/site-packages/airflow/example_dags/example_inlet_event_extra.py for tasks to queue
[2025-12-24T09:13:34.558+0000] {logging_mixin.py:190} INFO - [2025-12-24T09:13:34.557+0000] {dagbag.py:588} INFO - Filling up the DagBag from /home/airflow/.local/lib/python3.11/site-packages/airflow/example_dags/example_inlet_event_extra.py
[2025-12-24T09:13:34.796+0000] {processor.py:925} INFO - DAG(s) 'read_dataset_event', 'read_dataset_event_from_classic' retrieved from /home/airflow/.local/lib/python3.11/site-packages/airflow/example_dags/example_inlet_event_extra.py
[2025-12-24T09:13:35.201+0000] {logging_mixin.py:190} INFO - [2025-12-24T09:13:35.201+0000] {dag.py:3239} INFO - Sync 2 DAGs
[2025-12-24T09:13:35.231+0000] {logging_mixin.py:190} INFO - [2025-12-24T09:13:35.231+0000] {dag.py:4180} INFO - Setting next_dagrun for read_dataset_event to 2025-12-23 00:00:00+00:00, run_after=2025-12-24 00:00:00+00:00
[2025-12-24T09:13:35.237+0000] {logging_mixin.py:190} INFO - [2025-12-24T09:13:35.237+0000] {dag.py:4180} INFO - Setting next_dagrun for read_dataset_event_from_classic to 2025-12-23 00:00:00+00:00, run_after=2025-12-24 00:00:00+00:00
[2025-12-24T09:13:35.262+0000] {processor.py:208} INFO - Processing /home/airflow/.local/lib/python3.11/site-packages/airflow/example_dags/example_inlet_event_extra.py took 0.721 seconds
[2025-12-24T09:14:28.865+0000] {processor.py:186} INFO - Started process (PID=1709) to work on /home/airflow/.local/lib/python3.11/site-packages/airflow/example_dags/example_inlet_event_extra.py
[2025-12-24T09:14:28.868+0000] {processor.py:914} INFO - Processing file /home/airflow/.local/lib/python3.11/site-packages/airflow/example_dags/example_inlet_event_extra.py for tasks to queue
[2025-12-24T09:14:28.873+0000] {logging_mixin.py:190} INFO - [2025-12-24T09:14:28.872+0000] {dagbag.py:588} INFO - Filling up the DagBag from /home/airflow/.local/lib/python3.11/site-packages/airflow/example_dags/example_inlet_event_extra.py
[2025-12-24T09:14:29.103+0000] {processor.py:925} INFO - DAG(s) 'read_dataset_event_from_classic', 'read_dataset_event' retrieved from /home/airflow/.local/lib/python3.11/site-packages/airflow/example_dags/example_inlet_event_extra.py
[2025-12-24T09:14:29.135+0000] {logging_mixin.py:190} INFO - [2025-12-24T09:14:29.134+0000] {dag.py:3239} INFO - Sync 2 DAGs
[2025-12-24T09:14:29.410+0000] {logging_mixin.py:190} INFO - [2025-12-24T09:14:29.410+0000] {dag.py:4180} INFO - Setting next_dagrun for read_dataset_event to 2025-12-23 00:00:00+00:00, run_after=2025-12-24 00:00:00+00:00
[2025-12-24T09:14:29.416+0000] {logging_mixin.py:190} INFO - [2025-12-24T09:14:29.415+0000] {dag.py:4180} INFO - Setting next_dagrun for read_dataset_event_from_classic to 2025-12-23 00:00:00+00:00, run_after=2025-12-24 00:00:00+00:00
[2025-12-24T09:14:29.438+0000] {processor.py:208} INFO - Processing /home/airflow/.local/lib/python3.11/site-packages/airflow/example_dags/example_inlet_event_extra.py took 0.582 seconds
[2025-12-24T09:14:40.893+0000] {processor.py:186} INFO - Started process (PID=1781) to work on /home/airflow/.local/lib/python3.11/site-packages/airflow/example_dags/example_inlet_event_extra.py
[2025-12-24T09:14:40.894+0000] {processor.py:914} INFO - Processing file /home/airflow/.local/lib/python3.11/site-packages/airflow/example_dags/example_inlet_event_extra.py for tasks to queue
[2025-12-24T09:14:40.898+0000] {logging_mixin.py:190} INFO - [2025-12-24T09:14:40.898+0000] {dagbag.py:588} INFO - Filling up the DagBag from /home/airflow/.local/lib/python3.11/site-packages/airflow/example_dags/example_inlet_event_extra.py
[2025-12-24T09:14:41.368+0000] {processor.py:925} INFO - DAG(s) 'read_dataset_event_from_classic', 'read_dataset_event' retrieved from /home/airflow/.local/lib/python3.11/site-packages/airflow/example_dags/example_inlet_event_extra.py
[2025-12-24T09:15:23.727+0000] {logging_mixin.py:190} INFO - [2025-12-24T09:15:23.727+0000] {dag.py:3239} INFO - Sync 2 DAGs
[2025-12-24T09:15:23.752+0000] {logging_mixin.py:190} INFO - [2025-12-24T09:15:23.752+0000] {dag.py:4180} INFO - Setting next_dagrun for read_dataset_event to 2025-12-23 00:00:00+00:00, run_after=2025-12-24 00:00:00+00:00
[2025-12-24T09:15:23.757+0000] {logging_mixin.py:190} INFO - [2025-12-24T09:15:23.757+0000] {dag.py:4180} INFO - Setting next_dagrun for read_dataset_event_from_classic to 2025-12-23 00:00:00+00:00, run_after=2025-12-24 00:00:00+00:00
[2025-12-24T09:15:23.777+0000] {processor.py:208} INFO - Processing /home/airflow/.local/lib/python3.11/site-packages/airflow/example_dags/example_inlet_event_extra.py took 0.561 seconds
[2025-12-24T09:15:54.407+0000] {processor.py:186} INFO - Started process (PID=1934) to work on /home/airflow/.local/lib/python3.11/site-packages/airflow/example_dags/example_inlet_event_extra.py
[2025-12-24T09:15:54.409+0000] {processor.py:914} INFO - Processing file /home/airflow/.local/lib/python3.11/site-packages/airflow/example_dags/example_inlet_event_extra.py for tasks to queue
[2025-12-24T09:15:54.412+0000] {logging_mixin.py:190} INFO - [2025-12-24T09:15:54.412+0000] {dagbag.py:588} INFO - Filling up the DagBag from /home/airflow/.local/lib/python3.11/site-packages/airflow/example_dags/example_inlet_event_extra.py
[2025-12-24T09:15:54.897+0000] {processor.py:925} INFO - DAG(s) 'read_dataset_event_from_classic', 'read_dataset_event' retrieved from /home/airflow/.local/lib/python3.11/site-packages/airflow/example_dags/example_inlet_event_extra.py
[2025-12-24T09:15:54.927+0000] {logging_mixin.py:190} INFO - [2025-12-24T09:15:54.926+0000] {dag.py:3239} INFO - Sync 2 DAGs
[2025-12-24T09:15:54.952+0000] {logging_mixin.py:190} INFO - [2025-12-24T09:15:54.951+0000] {dag.py:4180} INFO - Setting next_dagrun for read_dataset_event to 2025-12-23 00:00:00+00:00, run_after=2025-12-24 00:00:00+00:00
[2025-12-24T09:15:54.957+0000] {logging_mixin.py:190} INFO - [2025-12-24T09:15:54.957+0000] {dag.py:4180} INFO - Setting next_dagrun for read_dataset_event_from_classic to 2025-12-23 00:00:00+00:00, run_after=2025-12-24 00:00:00+00:00
[2025-12-24T09:15:54.978+0000] {processor.py:208} INFO - Processing /home/airflow/.local/lib/python3.11/site-packages/airflow/example_dags/example_inlet_event_extra.py took 0.580 seconds
[2025-12-24T09:16:42.869+0000] {processor.py:186} INFO - Started process (PID=1969) to work on /home/airflow/.local/lib/python3.11/site-packages/airflow/example_dags/example_inlet_event_extra.py
[2025-12-24T09:16:42.870+0000] {processor.py:914} INFO - Processing file /home/airflow/.local/lib/python3.11/site-packages/airflow/example_dags/example_inlet_event_extra.py for tasks to queue
[2025-12-24T09:16:42.875+0000] {logging_mixin.py:190} INFO - [2025-12-24T09:16:42.874+0000] {dagbag.py:588} INFO - Filling up the DagBag from /home/airflow/.local/lib/python3.11/site-packages/airflow/example_dags/example_inlet_event_extra.py
[2025-12-24T09:16:43.366+0000] {processor.py:925} INFO - DAG(s) 'read_dataset_event_from_classic', 'read_dataset_event' retrieved from /home/airflow/.local/lib/python3.11/site-packages/airflow/example_dags/example_inlet_event_extra.py
[2025-12-24T09:16:43.403+0000] {logging_mixin.py:190} INFO - [2025-12-24T09:16:43.403+0000] {dag.py:3239} INFO - Sync 2 DAGs
[2025-12-24T09:16:43.444+0000] {logging_mixin.py:190} INFO - [2025-12-24T09:16:43.443+0000] {dag.py:4180} INFO - Setting next_dagrun for read_dataset_event to 2025-12-23 00:00:00+00:00, run_after=2025-12-24 00:00:00+00:00
[2025-12-24T09:16:43.450+0000] {logging_mixin.py:190} INFO - [2025-12-24T09:16:43.450+0000] {dag.py:4180} INFO - Setting next_dagrun for read_dataset_event_from_classic to 2025-12-23 00:00:00+00:00, run_after=2025-12-24 00:00:00+00:00
[2025-12-24T09:16:43.475+0000] {processor.py:208} INFO - Processing /home/airflow/.local/lib/python3.11/site-packages/airflow/example_dags/example_inlet_event_extra.py took 0.615 seconds
[2025-12-24T09:23:42.334+0000] {processor.py:186} INFO - Started process (PID=120) to work on /home/airflow/.local/lib/python3.11/site-packages/airflow/example_dags/example_inlet_event_extra.py
[2025-12-24T09:23:42.336+0000] {processor.py:914} INFO - Processing file /home/airflow/.local/lib/python3.11/site-packages/airflow/example_dags/example_inlet_event_extra.py for tasks to queue
[2025-12-24T09:23:42.343+0000] {logging_mixin.py:190} INFO - [2025-12-24T09:23:42.342+0000] {dagbag.py:588} INFO - Filling up the DagBag from /home/airflow/.local/lib/python3.11/site-packages/airflow/example_dags/example_inlet_event_extra.py
[2025-12-24T09:23:42.707+0000] {processor.py:925} INFO - DAG(s) 'read_dataset_event_from_classic', 'read_dataset_event' retrieved from /home/airflow/.local/lib/python3.11/site-packages/airflow/example_dags/example_inlet_event_extra.py
[2025-12-24T09:23:42.954+0000] {logging_mixin.py:190} INFO - [2025-12-24T09:23:42.953+0000] {override.py:1911} INFO - Created Permission View: can delete on DAG:read_dataset_event_from_classic
[2025-12-24T09:23:42.979+0000] {logging_mixin.py:190} INFO - [2025-12-24T09:23:42.979+0000] {override.py:1911} INFO - Created Permission View: can read on DAG:read_dataset_event_from_classic
[2025-12-24T09:23:43.002+0000] {logging_mixin.py:190} INFO - [2025-12-24T09:23:43.001+0000] {override.py:1911} INFO - Created Permission View: can edit on DAG:read_dataset_event_from_classic
[2025-12-24T09:23:43.036+0000] {logging_mixin.py:190} INFO - [2025-12-24T09:23:43.036+0000] {override.py:1911} INFO - Created Permission View: menu access on DAG Run:read_dataset_event_from_classic
[2025-12-24T09:23:43.051+0000] {logging_mixin.py:190} INFO - [2025-12-24T09:23:43.050+0000] {override.py:1911} INFO - Created Permission View: can create on DAG Run:read_dataset_event_from_classic
[2025-12-24T09:23:43.066+0000] {logging_mixin.py:190} INFO - [2025-12-24T09:23:43.065+0000] {override.py:1911} INFO - Created Permission View: can delete on DAG Run:read_dataset_event_from_classic
[2025-12-24T09:23:43.077+0000] {logging_mixin.py:190} INFO - [2025-12-24T09:23:43.077+0000] {override.py:1911} INFO - Created Permission View: can read on DAG Run:read_dataset_event_from_classic
[2025-12-24T09:23:43.111+0000] {logging_mixin.py:190} INFO - [2025-12-24T09:23:43.110+0000] {override.py:1911} INFO - Created Permission View: can delete on DAG:read_dataset_event
[2025-12-24T09:23:43.126+0000] {logging_mixin.py:190} INFO - [2025-12-24T09:23:43.125+0000] {override.py:1911} INFO - Created Permission View: can read on DAG:read_dataset_event
[2025-12-24T09:23:43.142+0000] {logging_mixin.py:190} INFO - [2025-12-24T09:23:43.141+0000] {override.py:1911} INFO - Created Permission View: can edit on DAG:read_dataset_event
[2025-12-24T09:23:43.168+0000] {logging_mixin.py:190} INFO - [2025-12-24T09:23:43.168+0000] {override.py:1911} INFO - Created Permission View: menu access on DAG Run:read_dataset_event
[2025-12-24T09:23:43.183+0000] {logging_mixin.py:190} INFO - [2025-12-24T09:23:43.182+0000] {override.py:1911} INFO - Created Permission View: can create on DAG Run:read_dataset_event
[2025-12-24T09:23:43.199+0000] {logging_mixin.py:190} INFO - [2025-12-24T09:23:43.199+0000] {override.py:1911} INFO - Created Permission View: can delete on DAG Run:read_dataset_event
[2025-12-24T09:23:43.219+0000] {logging_mixin.py:190} INFO - [2025-12-24T09:23:43.218+0000] {override.py:1911} INFO - Created Permission View: can read on DAG Run:read_dataset_event
[2025-12-24T09:23:43.220+0000] {logging_mixin.py:190} INFO - [2025-12-24T09:23:43.219+0000] {dag.py:3239} INFO - Sync 2 DAGs
[2025-12-24T09:23:43.245+0000] {logging_mixin.py:190} INFO - [2025-12-24T09:23:43.244+0000] {dag.py:3262} INFO - Creating ORM DAG for read_dataset_event_from_classic
[2025-12-24T09:23:43.247+0000] {logging_mixin.py:190} INFO - [2025-12-24T09:23:43.246+0000] {dag.py:3262} INFO - Creating ORM DAG for read_dataset_event
[2025-12-24T09:23:43.272+0000] {logging_mixin.py:190} INFO - [2025-12-24T09:23:43.271+0000] {dag.py:4180} INFO - Setting next_dagrun for read_dataset_event to 2025-12-23 00:00:00+00:00, run_after=2025-12-24 00:00:00+00:00
[2025-12-24T09:23:43.275+0000] {logging_mixin.py:190} INFO - [2025-12-24T09:23:43.275+0000] {dag.py:4180} INFO - Setting next_dagrun for read_dataset_event_from_classic to 2025-12-23 00:00:00+00:00, run_after=2025-12-24 00:00:00+00:00
[2025-12-24T09:23:43.307+0000] {processor.py:208} INFO - Processing /home/airflow/.local/lib/python3.11/site-packages/airflow/example_dags/example_inlet_event_extra.py took 0.990 seconds
[2025-12-24T09:23:58.674+0000] {processor.py:186} INFO - Started process (PID=148) to work on /home/airflow/.local/lib/python3.11/site-packages/airflow/example_dags/example_inlet_event_extra.py
[2025-12-24T09:23:58.679+0000] {processor.py:914} INFO - Processing file /home/airflow/.local/lib/python3.11/site-packages/airflow/example_dags/example_inlet_event_extra.py for tasks to queue
[2025-12-24T09:23:58.688+0000] {logging_mixin.py:190} INFO - [2025-12-24T09:23:58.687+0000] {dagbag.py:588} INFO - Filling up the DagBag from /home/airflow/.local/lib/python3.11/site-packages/airflow/example_dags/example_inlet_event_extra.py
[2025-12-24T09:23:59.079+0000] {processor.py:925} INFO - DAG(s) 'read_dataset_event_from_classic', 'read_dataset_event' retrieved from /home/airflow/.local/lib/python3.11/site-packages/airflow/example_dags/example_inlet_event_extra.py
[2025-12-24T09:23:59.103+0000] {logging_mixin.py:190} INFO - [2025-12-24T09:23:59.103+0000] {dag.py:3239} INFO - Sync 2 DAGs
[2025-12-24T09:23:59.148+0000] {logging_mixin.py:190} INFO - [2025-12-24T09:23:59.147+0000] {dag.py:4180} INFO - Setting next_dagrun for read_dataset_event to 2025-12-23 00:00:00+00:00, run_after=2025-12-24 00:00:00+00:00
[2025-12-24T09:23:59.157+0000] {logging_mixin.py:190} INFO - [2025-12-24T09:23:59.156+0000] {dag.py:4180} INFO - Setting next_dagrun for read_dataset_event_from_classic to 2025-12-23 00:00:00+00:00, run_after=2025-12-24 00:00:00+00:00
[2025-12-24T09:23:59.191+0000] {processor.py:208} INFO - Processing /home/airflow/.local/lib/python3.11/site-packages/airflow/example_dags/example_inlet_event_extra.py took 0.535 seconds
[2025-12-24T09:24:05.281+0000] {processor.py:186} INFO - Started process (PID=194) to work on /home/airflow/.local/lib/python3.11/site-packages/airflow/example_dags/example_inlet_event_extra.py
[2025-12-24T09:24:05.283+0000] {processor.py:914} INFO - Processing file /home/airflow/.local/lib/python3.11/site-packages/airflow/example_dags/example_inlet_event_extra.py for tasks to queue
[2025-12-24T09:24:05.288+0000] {logging_mixin.py:190} INFO - [2025-12-24T09:24:05.288+0000] {dagbag.py:588} INFO - Filling up the DagBag from /home/airflow/.local/lib/python3.11/site-packages/airflow/example_dags/example_inlet_event_extra.py
[2025-12-24T09:24:05.615+0000] {processor.py:925} INFO - DAG(s) 'read_dataset_event', 'read_dataset_event_from_classic' retrieved from /home/airflow/.local/lib/python3.11/site-packages/airflow/example_dags/example_inlet_event_extra.py
[2025-12-24T09:24:05.642+0000] {logging_mixin.py:190} INFO - [2025-12-24T09:24:05.641+0000] {dag.py:3239} INFO - Sync 2 DAGs
[2025-12-24T09:24:05.684+0000] {logging_mixin.py:190} INFO - [2025-12-24T09:24:05.684+0000] {dag.py:4180} INFO - Setting next_dagrun for read_dataset_event to 2025-12-23 00:00:00+00:00, run_after=2025-12-24 00:00:00+00:00
[2025-12-24T09:24:05.694+0000] {logging_mixin.py:190} INFO - [2025-12-24T09:24:05.694+0000] {dag.py:4180} INFO - Setting next_dagrun for read_dataset_event_from_classic to 2025-12-23 00:00:00+00:00, run_after=2025-12-24 00:00:00+00:00
[2025-12-24T09:24:05.718+0000] {processor.py:208} INFO - Processing /home/airflow/.local/lib/python3.11/site-packages/airflow/example_dags/example_inlet_event_extra.py took 0.448 seconds
[2025-12-24T09:24:16.958+0000] {processor.py:186} INFO - Started process (PID=251) to work on /home/airflow/.local/lib/python3.11/site-packages/airflow/example_dags/example_inlet_event_extra.py
[2025-12-24T09:24:16.961+0000] {processor.py:914} INFO - Processing file /home/airflow/.local/lib/python3.11/site-packages/airflow/example_dags/example_inlet_event_extra.py for tasks to queue
[2025-12-24T09:24:16.970+0000] {logging_mixin.py:190} INFO - [2025-12-24T09:24:16.969+0000] {dagbag.py:588} INFO - Filling up the DagBag from /home/airflow/.local/lib/python3.11/site-packages/airflow/example_dags/example_inlet_event_extra.py
[2025-12-24T09:24:17.254+0000] {processor.py:925} INFO - DAG(s) 'read_dataset_event_from_classic', 'read_dataset_event' retrieved from /home/airflow/.local/lib/python3.11/site-packages/airflow/example_dags/example_inlet_event_extra.py
[2025-12-24T09:24:17.293+0000] {logging_mixin.py:190} INFO - [2025-12-24T09:24:17.293+0000] {dag.py:3239} INFO - Sync 2 DAGs
[2025-12-24T09:24:17.328+0000] {logging_mixin.py:190} INFO - [2025-12-24T09:24:17.328+0000] {dag.py:4180} INFO - Setting next_dagrun for read_dataset_event to 2025-12-23 00:00:00+00:00, run_after=2025-12-24 00:00:00+00:00
[2025-12-24T09:24:17.335+0000] {logging_mixin.py:190} INFO - [2025-12-24T09:24:17.335+0000] {dag.py:4180} INFO - Setting next_dagrun for read_dataset_event_from_classic to 2025-12-23 00:00:00+00:00, run_after=2025-12-24 00:00:00+00:00
[2025-12-24T09:24:17.361+0000] {processor.py:208} INFO - Processing /home/airflow/.local/lib/python3.11/site-packages/airflow/example_dags/example_inlet_event_extra.py took 0.415 seconds
[2025-12-24T09:24:45.840+0000] {processor.py:186} INFO - Started process (PID=311) to work on /home/airflow/.local/lib/python3.11/site-packages/airflow/example_dags/example_inlet_event_extra.py
[2025-12-24T09:24:45.842+0000] {processor.py:914} INFO - Processing file /home/airflow/.local/lib/python3.11/site-packages/airflow/example_dags/example_inlet_event_extra.py for tasks to queue
[2025-12-24T09:24:45.845+0000] {logging_mixin.py:190} INFO - [2025-12-24T09:24:45.845+0000] {dagbag.py:588} INFO - Filling up the DagBag from /home/airflow/.local/lib/python3.11/site-packages/airflow/example_dags/example_inlet_event_extra.py
[2025-12-24T09:24:46.098+0000] {processor.py:925} INFO - DAG(s) 'read_dataset_event_from_classic', 'read_dataset_event' retrieved from /home/airflow/.local/lib/python3.11/site-packages/airflow/example_dags/example_inlet_event_extra.py
[2025-12-24T09:24:46.141+0000] {logging_mixin.py:190} INFO - [2025-12-24T09:24:46.140+0000] {dag.py:3239} INFO - Sync 2 DAGs
[2025-12-24T09:24:46.187+0000] {logging_mixin.py:190} INFO - [2025-12-24T09:24:46.187+0000] {dag.py:4180} INFO - Setting next_dagrun for read_dataset_event to 2025-12-23 00:00:00+00:00, run_after=2025-12-24 00:00:00+00:00
[2025-12-24T09:24:46.195+0000] {logging_mixin.py:190} INFO - [2025-12-24T09:24:46.194+0000] {dag.py:4180} INFO - Setting next_dagrun for read_dataset_event_from_classic to 2025-12-23 00:00:00+00:00, run_after=2025-12-24 00:00:00+00:00
[2025-12-24T09:24:46.222+0000] {processor.py:208} INFO - Processing /home/airflow/.local/lib/python3.11/site-packages/airflow/example_dags/example_inlet_event_extra.py took 0.391 seconds
[2025-12-24T09:24:57.276+0000] {processor.py:186} INFO - Started process (PID=367) to work on /home/airflow/.local/lib/python3.11/site-packages/airflow/example_dags/example_inlet_event_extra.py
[2025-12-24T09:24:57.278+0000] {processor.py:914} INFO - Processing file /home/airflow/.local/lib/python3.11/site-packages/airflow/example_dags/example_inlet_event_extra.py for tasks to queue
[2025-12-24T09:24:57.283+0000] {logging_mixin.py:190} INFO - [2025-12-24T09:24:57.282+0000] {dagbag.py:588} INFO - Filling up the DagBag from /home/airflow/.local/lib/python3.11/site-packages/airflow/example_dags/example_inlet_event_extra.py
[2025-12-24T09:25:39.957+0000] {processor.py:925} INFO - DAG(s) 'read_dataset_event_from_classic', 'read_dataset_event' retrieved from /home/airflow/.local/lib/python3.11/site-packages/airflow/example_dags/example_inlet_event_extra.py
[2025-12-24T09:25:39.998+0000] {logging_mixin.py:190} INFO - [2025-12-24T09:25:39.998+0000] {dag.py:3239} INFO - Sync 2 DAGs
[2025-12-24T09:25:40.042+0000] {logging_mixin.py:190} INFO - [2025-12-24T09:25:40.042+0000] {dag.py:4180} INFO - Setting next_dagrun for read_dataset_event to 2025-12-23 00:00:00+00:00, run_after=2025-12-24 00:00:00+00:00
[2025-12-24T09:25:40.054+0000] {logging_mixin.py:190} INFO - [2025-12-24T09:25:40.053+0000] {dag.py:4180} INFO - Setting next_dagrun for read_dataset_event_from_classic to 2025-12-23 00:00:00+00:00, run_after=2025-12-24 00:00:00+00:00
[2025-12-24T09:25:40.086+0000] {processor.py:208} INFO - Processing /home/airflow/.local/lib/python3.11/site-packages/airflow/example_dags/example_inlet_event_extra.py took 0.494 seconds
[2025-12-24T09:25:58.349+0000] {processor.py:186} INFO - Started process (PID=572) to work on /home/airflow/.local/lib/python3.11/site-packages/airflow/example_dags/example_inlet_event_extra.py
[2025-12-24T09:25:58.351+0000] {processor.py:914} INFO - Processing file /home/airflow/.local/lib/python3.11/site-packages/airflow/example_dags/example_inlet_event_extra.py for tasks to queue
[2025-12-24T09:25:58.355+0000] {logging_mixin.py:190} INFO - [2025-12-24T09:25:58.355+0000] {dagbag.py:588} INFO - Filling up the DagBag from /home/airflow/.local/lib/python3.11/site-packages/airflow/example_dags/example_inlet_event_extra.py
[2025-12-24T09:25:58.645+0000] {processor.py:925} INFO - DAG(s) 'read_dataset_event_from_classic', 'read_dataset_event' retrieved from /home/airflow/.local/lib/python3.11/site-packages/airflow/example_dags/example_inlet_event_extra.py
[2025-12-24T09:25:58.686+0000] {logging_mixin.py:190} INFO - [2025-12-24T09:25:58.686+0000] {dag.py:3239} INFO - Sync 2 DAGs
[2025-12-24T09:25:58.727+0000] {logging_mixin.py:190} INFO - [2025-12-24T09:25:58.727+0000] {dag.py:4180} INFO - Setting next_dagrun for read_dataset_event to 2025-12-23 00:00:00+00:00, run_after=2025-12-24 00:00:00+00:00
[2025-12-24T09:25:58.734+0000] {logging_mixin.py:190} INFO - [2025-12-24T09:25:58.734+0000] {dag.py:4180} INFO - Setting next_dagrun for read_dataset_event_from_classic to 2025-12-23 00:00:00+00:00, run_after=2025-12-24 00:00:00+00:00
[2025-12-24T09:25:58.796+0000] {processor.py:208} INFO - Processing /home/airflow/.local/lib/python3.11/site-packages/airflow/example_dags/example_inlet_event_extra.py took 0.460 seconds
[2025-12-24T09:26:07.375+0000] {processor.py:186} INFO - Started process (PID=635) to work on /home/airflow/.local/lib/python3.11/site-packages/airflow/example_dags/example_inlet_event_extra.py
[2025-12-24T09:26:07.377+0000] {processor.py:914} INFO - Processing file /home/airflow/.local/lib/python3.11/site-packages/airflow/example_dags/example_inlet_event_extra.py for tasks to queue
[2025-12-24T09:26:07.381+0000] {logging_mixin.py:190} INFO - [2025-12-24T09:26:07.381+0000] {dagbag.py:588} INFO - Filling up the DagBag from /home/airflow/.local/lib/python3.11/site-packages/airflow/example_dags/example_inlet_event_extra.py
[2025-12-24T09:26:07.676+0000] {processor.py:925} INFO - DAG(s) 'read_dataset_event', 'read_dataset_event_from_classic' retrieved from /home/airflow/.local/lib/python3.11/site-packages/airflow/example_dags/example_inlet_event_extra.py
[2025-12-24T09:26:07.713+0000] {logging_mixin.py:190} INFO - [2025-12-24T09:26:07.712+0000] {dag.py:3239} INFO - Sync 2 DAGs
[2025-12-24T09:26:50.075+0000] {logging_mixin.py:190} INFO - [2025-12-24T09:26:50.075+0000] {dag.py:4180} INFO - Setting next_dagrun for read_dataset_event to 2025-12-23 00:00:00+00:00, run_after=2025-12-24 00:00:00+00:00
[2025-12-24T09:26:50.084+0000] {logging_mixin.py:190} INFO - [2025-12-24T09:26:50.083+0000] {dag.py:4180} INFO - Setting next_dagrun for read_dataset_event_from_classic to 2025-12-23 00:00:00+00:00, run_after=2025-12-24 00:00:00+00:00
[2025-12-24T09:26:50.110+0000] {processor.py:208} INFO - Processing /home/airflow/.local/lib/python3.11/site-packages/airflow/example_dags/example_inlet_event_extra.py took 0.416 seconds
[2025-12-24T09:26:48.944+0000] {processor.py:186} INFO - Started process (PID=853) to work on /home/airflow/.local/lib/python3.11/site-packages/airflow/example_dags/example_inlet_event_extra.py
[2025-12-24T09:26:48.946+0000] {processor.py:914} INFO - Processing file /home/airflow/.local/lib/python3.11/site-packages/airflow/example_dags/example_inlet_event_extra.py for tasks to queue
[2025-12-24T09:26:48.950+0000] {logging_mixin.py:190} INFO - [2025-12-24T09:26:48.950+0000] {dagbag.py:588} INFO - Filling up the DagBag from /home/airflow/.local/lib/python3.11/site-packages/airflow/example_dags/example_inlet_event_extra.py
[2025-12-24T09:26:49.220+0000] {processor.py:925} INFO - DAG(s) 'read_dataset_event_from_classic', 'read_dataset_event' retrieved from /home/airflow/.local/lib/python3.11/site-packages/airflow/example_dags/example_inlet_event_extra.py
[2025-12-24T09:26:49.261+0000] {logging_mixin.py:190} INFO - [2025-12-24T09:26:49.260+0000] {dag.py:3239} INFO - Sync 2 DAGs
[2025-12-24T09:26:49.304+0000] {logging_mixin.py:190} INFO - [2025-12-24T09:26:49.304+0000] {dag.py:4180} INFO - Setting next_dagrun for read_dataset_event to 2025-12-23 00:00:00+00:00, run_after=2025-12-24 00:00:00+00:00
[2025-12-24T09:26:49.311+0000] {logging_mixin.py:190} INFO - [2025-12-24T09:26:49.310+0000] {dag.py:4180} INFO - Setting next_dagrun for read_dataset_event_from_classic to 2025-12-23 00:00:00+00:00, run_after=2025-12-24 00:00:00+00:00
[2025-12-24T09:26:49.339+0000] {processor.py:208} INFO - Processing /home/airflow/.local/lib/python3.11/site-packages/airflow/example_dags/example_inlet_event_extra.py took 0.406 seconds
[2025-12-24T09:27:45.712+0000] {processor.py:186} INFO - Started process (PID=915) to work on /home/airflow/.local/lib/python3.11/site-packages/airflow/example_dags/example_inlet_event_extra.py
[2025-12-24T09:27:45.714+0000] {processor.py:914} INFO - Processing file /home/airflow/.local/lib/python3.11/site-packages/airflow/example_dags/example_inlet_event_extra.py for tasks to queue
[2025-12-24T09:27:45.719+0000] {logging_mixin.py:190} INFO - [2025-12-24T09:27:45.718+0000] {dagbag.py:588} INFO - Filling up the DagBag from /home/airflow/.local/lib/python3.11/site-packages/airflow/example_dags/example_inlet_event_extra.py
[2025-12-24T09:27:45.997+0000] {processor.py:925} INFO - DAG(s) 'read_dataset_event_from_classic', 'read_dataset_event' retrieved from /home/airflow/.local/lib/python3.11/site-packages/airflow/example_dags/example_inlet_event_extra.py
[2025-12-24T09:27:46.028+0000] {logging_mixin.py:190} INFO - [2025-12-24T09:27:46.028+0000] {dag.py:3239} INFO - Sync 2 DAGs
[2025-12-24T09:27:46.059+0000] {logging_mixin.py:190} INFO - [2025-12-24T09:27:46.059+0000] {dag.py:4180} INFO - Setting next_dagrun for read_dataset_event to 2025-12-23 00:00:00+00:00, run_after=2025-12-24 00:00:00+00:00
[2025-12-24T09:27:46.065+0000] {logging_mixin.py:190} INFO - [2025-12-24T09:27:46.065+0000] {dag.py:4180} INFO - Setting next_dagrun for read_dataset_event_from_classic to 2025-12-23 00:00:00+00:00, run_after=2025-12-24 00:00:00+00:00
[2025-12-24T09:27:46.090+0000] {processor.py:208} INFO - Processing /home/airflow/.local/lib/python3.11/site-packages/airflow/example_dags/example_inlet_event_extra.py took 0.388 seconds
[2025-12-24T09:27:52.875+0000] {processor.py:186} INFO - Started process (PID=982) to work on /home/airflow/.local/lib/python3.11/site-packages/airflow/example_dags/example_inlet_event_extra.py
[2025-12-24T09:27:52.877+0000] {processor.py:914} INFO - Processing file /home/airflow/.local/lib/python3.11/site-packages/airflow/example_dags/example_inlet_event_extra.py for tasks to queue
[2025-12-24T09:27:52.882+0000] {logging_mixin.py:190} INFO - [2025-12-24T09:27:52.882+0000] {dagbag.py:588} INFO - Filling up the DagBag from /home/airflow/.local/lib/python3.11/site-packages/airflow/example_dags/example_inlet_event_extra.py
[2025-12-24T09:27:53.214+0000] {processor.py:925} INFO - DAG(s) 'read_dataset_event', 'read_dataset_event_from_classic' retrieved from /home/airflow/.local/lib/python3.11/site-packages/airflow/example_dags/example_inlet_event_extra.py
[2025-12-24T09:27:53.254+0000] {logging_mixin.py:190} INFO - [2025-12-24T09:27:53.254+0000] {dag.py:3239} INFO - Sync 2 DAGs
[2025-12-24T09:27:53.297+0000] {logging_mixin.py:190} INFO - [2025-12-24T09:27:53.297+0000] {dag.py:4180} INFO - Setting next_dagrun for read_dataset_event to 2025-12-23 00:00:00+00:00, run_after=2025-12-24 00:00:00+00:00
[2025-12-24T09:27:53.305+0000] {logging_mixin.py:190} INFO - [2025-12-24T09:27:53.305+0000] {dag.py:4180} INFO - Setting next_dagrun for read_dataset_event_from_classic to 2025-12-23 00:00:00+00:00, run_after=2025-12-24 00:00:00+00:00
[2025-12-24T09:27:53.349+0000] {processor.py:208} INFO - Processing /home/airflow/.local/lib/python3.11/site-packages/airflow/example_dags/example_inlet_event_extra.py took 0.483 seconds
[2025-12-24T09:28:02.655+0000] {processor.py:186} INFO - Started process (PID=1047) to work on /home/airflow/.local/lib/python3.11/site-packages/airflow/example_dags/example_inlet_event_extra.py
[2025-12-24T09:28:02.656+0000] {processor.py:914} INFO - Processing file /home/airflow/.local/lib/python3.11/site-packages/airflow/example_dags/example_inlet_event_extra.py for tasks to queue
[2025-12-24T09:28:02.661+0000] {logging_mixin.py:190} INFO - [2025-12-24T09:28:02.661+0000] {dagbag.py:588} INFO - Filling up the DagBag from /home/airflow/.local/lib/python3.11/site-packages/airflow/example_dags/example_inlet_event_extra.py
[2025-12-24T09:28:45.284+0000] {processor.py:925} INFO - DAG(s) 'read_dataset_event', 'read_dataset_event_from_classic' retrieved from /home/airflow/.local/lib/python3.11/site-packages/airflow/example_dags/example_inlet_event_extra.py
[2025-12-24T09:28:45.320+0000] {logging_mixin.py:190} INFO - [2025-12-24T09:28:45.319+0000] {dag.py:3239} INFO - Sync 2 DAGs
[2025-12-24T09:28:45.353+0000] {logging_mixin.py:190} INFO - [2025-12-24T09:28:45.352+0000] {dag.py:4180} INFO - Setting next_dagrun for read_dataset_event to 2025-12-23 00:00:00+00:00, run_after=2025-12-24 00:00:00+00:00
[2025-12-24T09:28:45.359+0000] {logging_mixin.py:190} INFO - [2025-12-24T09:28:45.358+0000] {dag.py:4180} INFO - Setting next_dagrun for read_dataset_event_from_classic to 2025-12-23 00:00:00+00:00, run_after=2025-12-24 00:00:00+00:00
[2025-12-24T09:28:45.387+0000] {processor.py:208} INFO - Processing /home/airflow/.local/lib/python3.11/site-packages/airflow/example_dags/example_inlet_event_extra.py took 0.425 seconds
