[2025-12-24T09:03:02.681+0000] {processor.py:186} INFO - Started process (PID=109) to work on /home/airflow/.local/lib/python3.11/site-packages/airflow/example_dags/example_sla_dag.py
[2025-12-24T09:03:02.683+0000] {processor.py:914} INFO - Processing file /home/airflow/.local/lib/python3.11/site-packages/airflow/example_dags/example_sla_dag.py for tasks to queue
[2025-12-24T09:03:02.691+0000] {logging_mixin.py:190} INFO - [2025-12-24T09:03:02.689+0000] {dagbag.py:588} INFO - Filling up the DagBag from /home/airflow/.local/lib/python3.11/site-packages/airflow/example_dags/example_sla_dag.py
[2025-12-24T09:03:02.714+0000] {processor.py:925} INFO - DAG(s) 'example_sla_dag' retrieved from /home/airflow/.local/lib/python3.11/site-packages/airflow/example_dags/example_sla_dag.py
[2025-12-24T09:03:02.926+0000] {logging_mixin.py:190} INFO - [2025-12-24T09:03:02.925+0000] {override.py:1911} INFO - Created Permission View: can edit on DAG:example_sla_dag
[2025-12-24T09:03:02.981+0000] {logging_mixin.py:190} INFO - [2025-12-24T09:03:02.980+0000] {override.py:1911} INFO - Created Permission View: can read on DAG:example_sla_dag
[2025-12-24T09:03:02.996+0000] {logging_mixin.py:190} INFO - [2025-12-24T09:03:02.996+0000] {override.py:1911} INFO - Created Permission View: can delete on DAG:example_sla_dag
[2025-12-24T09:03:03.018+0000] {logging_mixin.py:190} INFO - [2025-12-24T09:03:03.017+0000] {override.py:1911} INFO - Created Permission View: can read on DAG Run:example_sla_dag
[2025-12-24T09:03:03.041+0000] {logging_mixin.py:190} INFO - [2025-12-24T09:03:03.041+0000] {override.py:1911} INFO - Created Permission View: can create on DAG Run:example_sla_dag
[2025-12-24T09:03:03.062+0000] {logging_mixin.py:190} INFO - [2025-12-24T09:03:03.061+0000] {override.py:1911} INFO - Created Permission View: can delete on DAG Run:example_sla_dag
[2025-12-24T09:03:03.115+0000] {logging_mixin.py:190} INFO - [2025-12-24T09:03:03.115+0000] {override.py:1911} INFO - Created Permission View: menu access on DAG Run:example_sla_dag
[2025-12-24T09:03:03.117+0000] {logging_mixin.py:190} INFO - [2025-12-24T09:03:03.116+0000] {dag.py:3239} INFO - Sync 1 DAGs
[2025-12-24T09:03:03.138+0000] {logging_mixin.py:190} INFO - [2025-12-24T09:03:03.138+0000] {dag.py:3262} INFO - Creating ORM DAG for example_sla_dag
[2025-12-24T09:03:03.159+0000] {logging_mixin.py:190} INFO - [2025-12-24T09:03:03.159+0000] {dag.py:4180} INFO - Setting next_dagrun for example_sla_dag to 2025-12-24 09:00:00+00:00, run_after=2025-12-24 09:02:00+00:00
[2025-12-24T09:03:03.192+0000] {processor.py:208} INFO - Processing /home/airflow/.local/lib/python3.11/site-packages/airflow/example_dags/example_sla_dag.py took 0.524 seconds
[2025-12-24T09:03:14.428+0000] {processor.py:186} INFO - Started process (PID=168) to work on /home/airflow/.local/lib/python3.11/site-packages/airflow/example_dags/example_sla_dag.py
[2025-12-24T09:03:14.430+0000] {processor.py:914} INFO - Processing file /home/airflow/.local/lib/python3.11/site-packages/airflow/example_dags/example_sla_dag.py for tasks to queue
[2025-12-24T09:03:14.436+0000] {logging_mixin.py:190} INFO - [2025-12-24T09:03:14.435+0000] {dagbag.py:588} INFO - Filling up the DagBag from /home/airflow/.local/lib/python3.11/site-packages/airflow/example_dags/example_sla_dag.py
[2025-12-24T09:03:14.466+0000] {processor.py:925} INFO - DAG(s) 'example_sla_dag' retrieved from /home/airflow/.local/lib/python3.11/site-packages/airflow/example_dags/example_sla_dag.py
[2025-12-24T09:03:14.497+0000] {logging_mixin.py:190} INFO - [2025-12-24T09:03:14.496+0000] {dag.py:3239} INFO - Sync 1 DAGs
[2025-12-24T09:03:14.541+0000] {logging_mixin.py:190} INFO - [2025-12-24T09:03:14.541+0000] {dag.py:4180} INFO - Setting next_dagrun for example_sla_dag to 2025-12-24 09:00:00+00:00, run_after=2025-12-24 09:02:00+00:00
[2025-12-24T09:03:14.576+0000] {processor.py:208} INFO - Processing /home/airflow/.local/lib/python3.11/site-packages/airflow/example_dags/example_sla_dag.py took 0.157 seconds
[2025-12-24T09:04:17.934+0000] {processor.py:186} INFO - Started process (PID=232) to work on /home/airflow/.local/lib/python3.11/site-packages/airflow/example_dags/example_sla_dag.py
[2025-12-24T09:04:17.940+0000] {processor.py:914} INFO - Processing file /home/airflow/.local/lib/python3.11/site-packages/airflow/example_dags/example_sla_dag.py for tasks to queue
[2025-12-24T09:04:17.945+0000] {logging_mixin.py:190} INFO - [2025-12-24T09:04:17.944+0000] {dagbag.py:588} INFO - Filling up the DagBag from /home/airflow/.local/lib/python3.11/site-packages/airflow/example_dags/example_sla_dag.py
[2025-12-24T09:04:17.966+0000] {processor.py:925} INFO - DAG(s) 'example_sla_dag' retrieved from /home/airflow/.local/lib/python3.11/site-packages/airflow/example_dags/example_sla_dag.py
[2025-12-24T09:04:18.010+0000] {logging_mixin.py:190} INFO - [2025-12-24T09:04:18.009+0000] {dag.py:3239} INFO - Sync 1 DAGs
[2025-12-24T09:04:18.049+0000] {logging_mixin.py:190} INFO - [2025-12-24T09:04:18.049+0000] {dag.py:4180} INFO - Setting next_dagrun for example_sla_dag to 2025-12-24 09:02:00+00:00, run_after=2025-12-24 09:04:00+00:00
[2025-12-24T09:04:18.076+0000] {processor.py:208} INFO - Processing /home/airflow/.local/lib/python3.11/site-packages/airflow/example_dags/example_sla_dag.py took 0.168 seconds
[2025-12-24T09:04:14.832+0000] {processor.py:186} INFO - Started process (PID=304) to work on /home/airflow/.local/lib/python3.11/site-packages/airflow/example_dags/example_sla_dag.py
[2025-12-24T09:04:14.834+0000] {processor.py:914} INFO - Processing file /home/airflow/.local/lib/python3.11/site-packages/airflow/example_dags/example_sla_dag.py for tasks to queue
[2025-12-24T09:04:14.842+0000] {logging_mixin.py:190} INFO - [2025-12-24T09:04:14.842+0000] {dagbag.py:588} INFO - Filling up the DagBag from /home/airflow/.local/lib/python3.11/site-packages/airflow/example_dags/example_sla_dag.py
[2025-12-24T09:04:14.863+0000] {processor.py:925} INFO - DAG(s) 'example_sla_dag' retrieved from /home/airflow/.local/lib/python3.11/site-packages/airflow/example_dags/example_sla_dag.py
[2025-12-24T09:04:14.901+0000] {logging_mixin.py:190} INFO - [2025-12-24T09:04:14.900+0000] {dag.py:3239} INFO - Sync 1 DAGs
[2025-12-24T09:04:14.945+0000] {logging_mixin.py:190} INFO - [2025-12-24T09:04:14.945+0000] {dag.py:4180} INFO - Setting next_dagrun for example_sla_dag to 2025-12-24 09:02:00+00:00, run_after=2025-12-24 09:04:00+00:00
[2025-12-24T09:04:14.975+0000] {processor.py:208} INFO - Processing /home/airflow/.local/lib/python3.11/site-packages/airflow/example_dags/example_sla_dag.py took 0.156 seconds
[2025-12-24T09:04:45.350+0000] {processor.py:186} INFO - Started process (PID=367) to work on /home/airflow/.local/lib/python3.11/site-packages/airflow/example_dags/example_sla_dag.py
[2025-12-24T09:04:45.351+0000] {processor.py:914} INFO - Processing file /home/airflow/.local/lib/python3.11/site-packages/airflow/example_dags/example_sla_dag.py for tasks to queue
[2025-12-24T09:04:45.356+0000] {logging_mixin.py:190} INFO - [2025-12-24T09:04:45.355+0000] {dagbag.py:588} INFO - Filling up the DagBag from /home/airflow/.local/lib/python3.11/site-packages/airflow/example_dags/example_sla_dag.py
[2025-12-24T09:04:45.372+0000] {processor.py:925} INFO - DAG(s) 'example_sla_dag' retrieved from /home/airflow/.local/lib/python3.11/site-packages/airflow/example_dags/example_sla_dag.py
[2025-12-24T09:04:45.407+0000] {logging_mixin.py:190} INFO - [2025-12-24T09:04:45.406+0000] {dag.py:3239} INFO - Sync 1 DAGs
[2025-12-24T09:04:45.450+0000] {logging_mixin.py:190} INFO - [2025-12-24T09:04:45.449+0000] {dag.py:4180} INFO - Setting next_dagrun for example_sla_dag to 2025-12-24 09:02:00+00:00, run_after=2025-12-24 09:04:00+00:00
[2025-12-24T09:04:45.487+0000] {processor.py:208} INFO - Processing /home/airflow/.local/lib/python3.11/site-packages/airflow/example_dags/example_sla_dag.py took 0.155 seconds
[2025-12-24T09:04:55.058+0000] {processor.py:186} INFO - Started process (PID=426) to work on /home/airflow/.local/lib/python3.11/site-packages/airflow/example_dags/example_sla_dag.py
[2025-12-24T09:04:55.060+0000] {processor.py:914} INFO - Processing file /home/airflow/.local/lib/python3.11/site-packages/airflow/example_dags/example_sla_dag.py for tasks to queue
[2025-12-24T09:04:55.066+0000] {logging_mixin.py:190} INFO - [2025-12-24T09:04:55.066+0000] {dagbag.py:588} INFO - Filling up the DagBag from /home/airflow/.local/lib/python3.11/site-packages/airflow/example_dags/example_sla_dag.py
[2025-12-24T09:04:55.092+0000] {processor.py:925} INFO - DAG(s) 'example_sla_dag' retrieved from /home/airflow/.local/lib/python3.11/site-packages/airflow/example_dags/example_sla_dag.py
[2025-12-24T09:04:55.145+0000] {logging_mixin.py:190} INFO - [2025-12-24T09:04:55.144+0000] {dag.py:3239} INFO - Sync 1 DAGs
[2025-12-24T09:04:55.187+0000] {logging_mixin.py:190} INFO - [2025-12-24T09:04:55.187+0000] {dag.py:4180} INFO - Setting next_dagrun for example_sla_dag to 2025-12-24 09:02:00+00:00, run_after=2025-12-24 09:04:00+00:00
[2025-12-24T09:04:55.213+0000] {processor.py:208} INFO - Processing /home/airflow/.local/lib/python3.11/site-packages/airflow/example_dags/example_sla_dag.py took 0.171 seconds
[2025-12-24T09:05:25.617+0000] {processor.py:186} INFO - Started process (PID=491) to work on /home/airflow/.local/lib/python3.11/site-packages/airflow/example_dags/example_sla_dag.py
[2025-12-24T09:05:25.619+0000] {processor.py:914} INFO - Processing file /home/airflow/.local/lib/python3.11/site-packages/airflow/example_dags/example_sla_dag.py for tasks to queue
[2025-12-24T09:05:25.622+0000] {logging_mixin.py:190} INFO - [2025-12-24T09:05:25.622+0000] {dagbag.py:588} INFO - Filling up the DagBag from /home/airflow/.local/lib/python3.11/site-packages/airflow/example_dags/example_sla_dag.py
[2025-12-24T09:05:25.636+0000] {processor.py:925} INFO - DAG(s) 'example_sla_dag' retrieved from /home/airflow/.local/lib/python3.11/site-packages/airflow/example_dags/example_sla_dag.py
[2025-12-24T09:05:25.664+0000] {logging_mixin.py:190} INFO - [2025-12-24T09:05:25.664+0000] {dag.py:3239} INFO - Sync 1 DAGs
[2025-12-24T09:05:25.694+0000] {logging_mixin.py:190} INFO - [2025-12-24T09:05:25.694+0000] {dag.py:4180} INFO - Setting next_dagrun for example_sla_dag to 2025-12-24 09:02:00+00:00, run_after=2025-12-24 09:04:00+00:00
[2025-12-24T09:06:08.064+0000] {processor.py:208} INFO - Processing /home/airflow/.local/lib/python3.11/site-packages/airflow/example_dags/example_sla_dag.py took 0.108 seconds
[2025-12-24T09:06:43.030+0000] {processor.py:186} INFO - Started process (PID=643) to work on /home/airflow/.local/lib/python3.11/site-packages/airflow/example_dags/example_sla_dag.py
[2025-12-24T09:06:43.031+0000] {processor.py:914} INFO - Processing file /home/airflow/.local/lib/python3.11/site-packages/airflow/example_dags/example_sla_dag.py for tasks to queue
[2025-12-24T09:06:43.036+0000] {logging_mixin.py:190} INFO - [2025-12-24T09:06:43.035+0000] {dagbag.py:588} INFO - Filling up the DagBag from /home/airflow/.local/lib/python3.11/site-packages/airflow/example_dags/example_sla_dag.py
[2025-12-24T09:06:43.053+0000] {processor.py:925} INFO - DAG(s) 'example_sla_dag' retrieved from /home/airflow/.local/lib/python3.11/site-packages/airflow/example_dags/example_sla_dag.py
[2025-12-24T09:06:43.083+0000] {logging_mixin.py:190} INFO - [2025-12-24T09:06:43.082+0000] {dag.py:3239} INFO - Sync 1 DAGs
[2025-12-24T09:06:43.114+0000] {logging_mixin.py:190} INFO - [2025-12-24T09:06:43.114+0000] {dag.py:4180} INFO - Setting next_dagrun for example_sla_dag to 2025-12-24 09:04:00+00:00, run_after=2025-12-24 09:06:00+00:00
[2025-12-24T09:06:43.146+0000] {processor.py:208} INFO - Processing /home/airflow/.local/lib/python3.11/site-packages/airflow/example_dags/example_sla_dag.py took 0.127 seconds
[2025-12-24T09:06:45.749+0000] {processor.py:186} INFO - Started process (PID=716) to work on /home/airflow/.local/lib/python3.11/site-packages/airflow/example_dags/example_sla_dag.py
[2025-12-24T09:06:45.751+0000] {processor.py:914} INFO - Processing file /home/airflow/.local/lib/python3.11/site-packages/airflow/example_dags/example_sla_dag.py for tasks to queue
[2025-12-24T09:06:45.771+0000] {logging_mixin.py:190} INFO - [2025-12-24T09:06:45.770+0000] {dagbag.py:588} INFO - Filling up the DagBag from /home/airflow/.local/lib/python3.11/site-packages/airflow/example_dags/example_sla_dag.py
[2025-12-24T09:07:28.150+0000] {processor.py:925} INFO - DAG(s) 'example_sla_dag' retrieved from /home/airflow/.local/lib/python3.11/site-packages/airflow/example_dags/example_sla_dag.py
[2025-12-24T09:07:28.185+0000] {logging_mixin.py:190} INFO - [2025-12-24T09:07:28.185+0000] {dag.py:3239} INFO - Sync 1 DAGs
[2025-12-24T09:07:28.219+0000] {logging_mixin.py:190} INFO - [2025-12-24T09:07:28.219+0000] {dag.py:4180} INFO - Setting next_dagrun for example_sla_dag to 2025-12-24 09:04:00+00:00, run_after=2025-12-24 09:06:00+00:00
[2025-12-24T09:07:28.249+0000] {processor.py:208} INFO - Processing /home/airflow/.local/lib/python3.11/site-packages/airflow/example_dags/example_sla_dag.py took 0.163 seconds
[2025-12-24T09:07:25.709+0000] {processor.py:186} INFO - Started process (PID=837) to work on /home/airflow/.local/lib/python3.11/site-packages/airflow/example_dags/example_sla_dag.py
[2025-12-24T09:07:25.711+0000] {processor.py:914} INFO - Processing file /home/airflow/.local/lib/python3.11/site-packages/airflow/example_dags/example_sla_dag.py for tasks to queue
[2025-12-24T09:07:25.714+0000] {logging_mixin.py:190} INFO - [2025-12-24T09:07:25.714+0000] {dagbag.py:588} INFO - Filling up the DagBag from /home/airflow/.local/lib/python3.11/site-packages/airflow/example_dags/example_sla_dag.py
[2025-12-24T09:07:25.729+0000] {processor.py:925} INFO - DAG(s) 'example_sla_dag' retrieved from /home/airflow/.local/lib/python3.11/site-packages/airflow/example_dags/example_sla_dag.py
[2025-12-24T09:07:25.764+0000] {logging_mixin.py:190} INFO - [2025-12-24T09:07:25.763+0000] {dag.py:3239} INFO - Sync 1 DAGs
[2025-12-24T09:07:25.816+0000] {logging_mixin.py:190} INFO - [2025-12-24T09:07:25.816+0000] {dag.py:4180} INFO - Setting next_dagrun for example_sla_dag to 2025-12-24 09:04:00+00:00, run_after=2025-12-24 09:06:00+00:00
[2025-12-24T09:08:08.227+0000] {processor.py:208} INFO - Processing /home/airflow/.local/lib/python3.11/site-packages/airflow/example_dags/example_sla_dag.py took 0.177 seconds
[2025-12-24T09:08:42.399+0000] {processor.py:186} INFO - Started process (PID=1012) to work on /home/airflow/.local/lib/python3.11/site-packages/airflow/example_dags/example_sla_dag.py
[2025-12-24T09:08:42.401+0000] {processor.py:914} INFO - Processing file /home/airflow/.local/lib/python3.11/site-packages/airflow/example_dags/example_sla_dag.py for tasks to queue
[2025-12-24T09:08:42.405+0000] {logging_mixin.py:190} INFO - [2025-12-24T09:08:42.404+0000] {dagbag.py:588} INFO - Filling up the DagBag from /home/airflow/.local/lib/python3.11/site-packages/airflow/example_dags/example_sla_dag.py
[2025-12-24T09:08:42.421+0000] {processor.py:925} INFO - DAG(s) 'example_sla_dag' retrieved from /home/airflow/.local/lib/python3.11/site-packages/airflow/example_dags/example_sla_dag.py
[2025-12-24T09:08:42.452+0000] {logging_mixin.py:190} INFO - [2025-12-24T09:08:42.452+0000] {dag.py:3239} INFO - Sync 1 DAGs
[2025-12-24T09:08:42.492+0000] {logging_mixin.py:190} INFO - [2025-12-24T09:08:42.492+0000] {dag.py:4180} INFO - Setting next_dagrun for example_sla_dag to 2025-12-24 09:06:00+00:00, run_after=2025-12-24 09:08:00+00:00
[2025-12-24T09:08:42.523+0000] {processor.py:208} INFO - Processing /home/airflow/.local/lib/python3.11/site-packages/airflow/example_dags/example_sla_dag.py took 0.133 seconds
[2025-12-24T09:09:21.805+0000] {processor.py:186} INFO - Started process (PID=1079) to work on /home/airflow/.local/lib/python3.11/site-packages/airflow/example_dags/example_sla_dag.py
[2025-12-24T09:09:21.806+0000] {processor.py:914} INFO - Processing file /home/airflow/.local/lib/python3.11/site-packages/airflow/example_dags/example_sla_dag.py for tasks to queue
[2025-12-24T09:09:21.813+0000] {logging_mixin.py:190} INFO - [2025-12-24T09:09:21.812+0000] {dagbag.py:588} INFO - Filling up the DagBag from /home/airflow/.local/lib/python3.11/site-packages/airflow/example_dags/example_sla_dag.py
[2025-12-24T09:09:21.840+0000] {processor.py:925} INFO - DAG(s) 'example_sla_dag' retrieved from /home/airflow/.local/lib/python3.11/site-packages/airflow/example_dags/example_sla_dag.py
[2025-12-24T09:09:21.869+0000] {logging_mixin.py:190} INFO - [2025-12-24T09:09:21.868+0000] {dag.py:3239} INFO - Sync 1 DAGs
[2025-12-24T09:09:21.900+0000] {logging_mixin.py:190} INFO - [2025-12-24T09:09:21.900+0000] {dag.py:4180} INFO - Setting next_dagrun for example_sla_dag to 2025-12-24 09:06:00+00:00, run_after=2025-12-24 09:08:00+00:00
[2025-12-24T09:09:21.922+0000] {processor.py:208} INFO - Processing /home/airflow/.local/lib/python3.11/site-packages/airflow/example_dags/example_sla_dag.py took 0.126 seconds
[2025-12-24T09:09:20.277+0000] {processor.py:186} INFO - Started process (PID=1159) to work on /home/airflow/.local/lib/python3.11/site-packages/airflow/example_dags/example_sla_dag.py
[2025-12-24T09:09:20.278+0000] {processor.py:914} INFO - Processing file /home/airflow/.local/lib/python3.11/site-packages/airflow/example_dags/example_sla_dag.py for tasks to queue
[2025-12-24T09:09:20.282+0000] {logging_mixin.py:190} INFO - [2025-12-24T09:09:20.282+0000] {dagbag.py:588} INFO - Filling up the DagBag from /home/airflow/.local/lib/python3.11/site-packages/airflow/example_dags/example_sla_dag.py
[2025-12-24T09:09:20.299+0000] {processor.py:925} INFO - DAG(s) 'example_sla_dag' retrieved from /home/airflow/.local/lib/python3.11/site-packages/airflow/example_dags/example_sla_dag.py
[2025-12-24T09:09:20.330+0000] {logging_mixin.py:190} INFO - [2025-12-24T09:09:20.329+0000] {dag.py:3239} INFO - Sync 1 DAGs
[2025-12-24T09:09:20.362+0000] {logging_mixin.py:190} INFO - [2025-12-24T09:09:20.362+0000] {dag.py:4180} INFO - Setting next_dagrun for example_sla_dag to 2025-12-24 09:06:00+00:00, run_after=2025-12-24 09:08:00+00:00
[2025-12-24T09:09:20.389+0000] {processor.py:208} INFO - Processing /home/airflow/.local/lib/python3.11/site-packages/airflow/example_dags/example_sla_dag.py took 0.122 seconds
[2025-12-24T09:10:27.335+0000] {processor.py:186} INFO - Started process (PID=1219) to work on /home/airflow/.local/lib/python3.11/site-packages/airflow/example_dags/example_sla_dag.py
[2025-12-24T09:10:27.337+0000] {processor.py:914} INFO - Processing file /home/airflow/.local/lib/python3.11/site-packages/airflow/example_dags/example_sla_dag.py for tasks to queue
[2025-12-24T09:10:27.343+0000] {logging_mixin.py:190} INFO - [2025-12-24T09:10:27.343+0000] {dagbag.py:588} INFO - Filling up the DagBag from /home/airflow/.local/lib/python3.11/site-packages/airflow/example_dags/example_sla_dag.py
[2025-12-24T09:10:27.359+0000] {processor.py:925} INFO - DAG(s) 'example_sla_dag' retrieved from /home/airflow/.local/lib/python3.11/site-packages/airflow/example_dags/example_sla_dag.py
[2025-12-24T09:10:27.386+0000] {logging_mixin.py:190} INFO - [2025-12-24T09:10:27.385+0000] {dag.py:3239} INFO - Sync 1 DAGs
[2025-12-24T09:10:27.414+0000] {logging_mixin.py:190} INFO - [2025-12-24T09:10:27.414+0000] {dag.py:4180} INFO - Setting next_dagrun for example_sla_dag to 2025-12-24 09:08:00+00:00, run_after=2025-12-24 09:10:00+00:00
[2025-12-24T09:10:27.437+0000] {processor.py:208} INFO - Processing /home/airflow/.local/lib/python3.11/site-packages/airflow/example_dags/example_sla_dag.py took 0.111 seconds
[2025-12-24T09:10:20.825+0000] {processor.py:186} INFO - Started process (PID=1291) to work on /home/airflow/.local/lib/python3.11/site-packages/airflow/example_dags/example_sla_dag.py
[2025-12-24T09:10:20.828+0000] {processor.py:914} INFO - Processing file /home/airflow/.local/lib/python3.11/site-packages/airflow/example_dags/example_sla_dag.py for tasks to queue
[2025-12-24T09:10:20.834+0000] {logging_mixin.py:190} INFO - [2025-12-24T09:10:20.834+0000] {dagbag.py:588} INFO - Filling up the DagBag from /home/airflow/.local/lib/python3.11/site-packages/airflow/example_dags/example_sla_dag.py
[2025-12-24T09:10:20.859+0000] {processor.py:925} INFO - DAG(s) 'example_sla_dag' retrieved from /home/airflow/.local/lib/python3.11/site-packages/airflow/example_dags/example_sla_dag.py
[2025-12-24T09:10:20.905+0000] {logging_mixin.py:190} INFO - [2025-12-24T09:10:20.904+0000] {dag.py:3239} INFO - Sync 1 DAGs
[2025-12-24T09:10:20.947+0000] {logging_mixin.py:190} INFO - [2025-12-24T09:10:20.947+0000] {dag.py:4180} INFO - Setting next_dagrun for example_sla_dag to 2025-12-24 09:08:00+00:00, run_after=2025-12-24 09:10:00+00:00
[2025-12-24T09:10:20.982+0000] {processor.py:208} INFO - Processing /home/airflow/.local/lib/python3.11/site-packages/airflow/example_dags/example_sla_dag.py took 0.169 seconds
[2025-12-24T09:10:50.202+0000] {processor.py:186} INFO - Started process (PID=1340) to work on /home/airflow/.local/lib/python3.11/site-packages/airflow/example_dags/example_sla_dag.py
[2025-12-24T09:10:50.204+0000] {processor.py:914} INFO - Processing file /home/airflow/.local/lib/python3.11/site-packages/airflow/example_dags/example_sla_dag.py for tasks to queue
[2025-12-24T09:10:50.207+0000] {logging_mixin.py:190} INFO - [2025-12-24T09:10:50.207+0000] {dagbag.py:588} INFO - Filling up the DagBag from /home/airflow/.local/lib/python3.11/site-packages/airflow/example_dags/example_sla_dag.py
[2025-12-24T09:10:50.223+0000] {processor.py:925} INFO - DAG(s) 'example_sla_dag' retrieved from /home/airflow/.local/lib/python3.11/site-packages/airflow/example_dags/example_sla_dag.py
[2025-12-24T09:10:50.252+0000] {logging_mixin.py:190} INFO - [2025-12-24T09:10:50.251+0000] {dag.py:3239} INFO - Sync 1 DAGs
[2025-12-24T09:10:50.283+0000] {logging_mixin.py:190} INFO - [2025-12-24T09:10:50.282+0000] {dag.py:4180} INFO - Setting next_dagrun for example_sla_dag to 2025-12-24 09:08:00+00:00, run_after=2025-12-24 09:10:00+00:00
[2025-12-24T09:10:50.304+0000] {processor.py:208} INFO - Processing /home/airflow/.local/lib/python3.11/site-packages/airflow/example_dags/example_sla_dag.py took 0.112 seconds
[2025-12-24T09:11:00.380+0000] {processor.py:186} INFO - Started process (PID=1397) to work on /home/airflow/.local/lib/python3.11/site-packages/airflow/example_dags/example_sla_dag.py
[2025-12-24T09:11:00.381+0000] {processor.py:914} INFO - Processing file /home/airflow/.local/lib/python3.11/site-packages/airflow/example_dags/example_sla_dag.py for tasks to queue
[2025-12-24T09:11:00.387+0000] {logging_mixin.py:190} INFO - [2025-12-24T09:11:00.386+0000] {dagbag.py:588} INFO - Filling up the DagBag from /home/airflow/.local/lib/python3.11/site-packages/airflow/example_dags/example_sla_dag.py
[2025-12-24T09:11:00.407+0000] {processor.py:925} INFO - DAG(s) 'example_sla_dag' retrieved from /home/airflow/.local/lib/python3.11/site-packages/airflow/example_dags/example_sla_dag.py
[2025-12-24T09:11:00.443+0000] {logging_mixin.py:190} INFO - [2025-12-24T09:11:00.443+0000] {dag.py:3239} INFO - Sync 1 DAGs
[2025-12-24T09:11:00.478+0000] {logging_mixin.py:190} INFO - [2025-12-24T09:11:00.478+0000] {dag.py:4180} INFO - Setting next_dagrun for example_sla_dag to 2025-12-24 09:08:00+00:00, run_after=2025-12-24 09:10:00+00:00
[2025-12-24T09:11:00.502+0000] {processor.py:208} INFO - Processing /home/airflow/.local/lib/python3.11/site-packages/airflow/example_dags/example_sla_dag.py took 0.133 seconds
[2025-12-24T09:11:31.612+0000] {processor.py:186} INFO - Started process (PID=1460) to work on /home/airflow/.local/lib/python3.11/site-packages/airflow/example_dags/example_sla_dag.py
[2025-12-24T09:11:31.614+0000] {processor.py:914} INFO - Processing file /home/airflow/.local/lib/python3.11/site-packages/airflow/example_dags/example_sla_dag.py for tasks to queue
[2025-12-24T09:11:31.617+0000] {logging_mixin.py:190} INFO - [2025-12-24T09:11:31.617+0000] {dagbag.py:588} INFO - Filling up the DagBag from /home/airflow/.local/lib/python3.11/site-packages/airflow/example_dags/example_sla_dag.py
[2025-12-24T09:11:31.631+0000] {processor.py:925} INFO - DAG(s) 'example_sla_dag' retrieved from /home/airflow/.local/lib/python3.11/site-packages/airflow/example_dags/example_sla_dag.py
[2025-12-24T09:11:31.661+0000] {logging_mixin.py:190} INFO - [2025-12-24T09:11:31.660+0000] {dag.py:3239} INFO - Sync 1 DAGs
[2025-12-24T09:11:31.692+0000] {logging_mixin.py:190} INFO - [2025-12-24T09:11:31.691+0000] {dag.py:4180} INFO - Setting next_dagrun for example_sla_dag to 2025-12-24 09:08:00+00:00, run_after=2025-12-24 09:10:00+00:00
[2025-12-24T09:11:31.720+0000] {processor.py:208} INFO - Processing /home/airflow/.local/lib/python3.11/site-packages/airflow/example_dags/example_sla_dag.py took 0.117 seconds
[2025-12-24T09:12:32.676+0000] {processor.py:186} INFO - Started process (PID=1521) to work on /home/airflow/.local/lib/python3.11/site-packages/airflow/example_dags/example_sla_dag.py
[2025-12-24T09:12:32.677+0000] {processor.py:914} INFO - Processing file /home/airflow/.local/lib/python3.11/site-packages/airflow/example_dags/example_sla_dag.py for tasks to queue
[2025-12-24T09:12:32.680+0000] {logging_mixin.py:190} INFO - [2025-12-24T09:12:32.680+0000] {dagbag.py:588} INFO - Filling up the DagBag from /home/airflow/.local/lib/python3.11/site-packages/airflow/example_dags/example_sla_dag.py
[2025-12-24T09:12:32.694+0000] {processor.py:925} INFO - DAG(s) 'example_sla_dag' retrieved from /home/airflow/.local/lib/python3.11/site-packages/airflow/example_dags/example_sla_dag.py
[2025-12-24T09:12:32.721+0000] {logging_mixin.py:190} INFO - [2025-12-24T09:12:32.720+0000] {dag.py:3239} INFO - Sync 1 DAGs
[2025-12-24T09:12:32.748+0000] {logging_mixin.py:190} INFO - [2025-12-24T09:12:32.748+0000] {dag.py:4180} INFO - Setting next_dagrun for example_sla_dag to 2025-12-24 09:10:00+00:00, run_after=2025-12-24 09:12:00+00:00
[2025-12-24T09:12:32.772+0000] {processor.py:208} INFO - Processing /home/airflow/.local/lib/python3.11/site-packages/airflow/example_dags/example_sla_dag.py took 0.106 seconds
[2025-12-24T09:12:44.721+0000] {processor.py:186} INFO - Started process (PID=1587) to work on /home/airflow/.local/lib/python3.11/site-packages/airflow/example_dags/example_sla_dag.py
[2025-12-24T09:12:44.722+0000] {processor.py:914} INFO - Processing file /home/airflow/.local/lib/python3.11/site-packages/airflow/example_dags/example_sla_dag.py for tasks to queue
[2025-12-24T09:12:44.726+0000] {logging_mixin.py:190} INFO - [2025-12-24T09:12:44.726+0000] {dagbag.py:588} INFO - Filling up the DagBag from /home/airflow/.local/lib/python3.11/site-packages/airflow/example_dags/example_sla_dag.py
[2025-12-24T09:12:44.743+0000] {processor.py:925} INFO - DAG(s) 'example_sla_dag' retrieved from /home/airflow/.local/lib/python3.11/site-packages/airflow/example_dags/example_sla_dag.py
[2025-12-24T09:12:44.777+0000] {logging_mixin.py:190} INFO - [2025-12-24T09:12:44.777+0000] {dag.py:3239} INFO - Sync 1 DAGs
[2025-12-24T09:12:44.815+0000] {logging_mixin.py:190} INFO - [2025-12-24T09:12:44.814+0000] {dag.py:4180} INFO - Setting next_dagrun for example_sla_dag to 2025-12-24 09:10:00+00:00, run_after=2025-12-24 09:12:00+00:00
[2025-12-24T09:12:44.850+0000] {processor.py:208} INFO - Processing /home/airflow/.local/lib/python3.11/site-packages/airflow/example_dags/example_sla_dag.py took 0.139 seconds
[2025-12-24T09:13:33.852+0000] {processor.py:186} INFO - Started process (PID=1654) to work on /home/airflow/.local/lib/python3.11/site-packages/airflow/example_dags/example_sla_dag.py
[2025-12-24T09:13:33.853+0000] {processor.py:914} INFO - Processing file /home/airflow/.local/lib/python3.11/site-packages/airflow/example_dags/example_sla_dag.py for tasks to queue
[2025-12-24T09:13:33.857+0000] {logging_mixin.py:190} INFO - [2025-12-24T09:13:33.857+0000] {dagbag.py:588} INFO - Filling up the DagBag from /home/airflow/.local/lib/python3.11/site-packages/airflow/example_dags/example_sla_dag.py
[2025-12-24T09:13:33.878+0000] {processor.py:925} INFO - DAG(s) 'example_sla_dag' retrieved from /home/airflow/.local/lib/python3.11/site-packages/airflow/example_dags/example_sla_dag.py
[2025-12-24T09:13:33.913+0000] {logging_mixin.py:190} INFO - [2025-12-24T09:13:33.912+0000] {dag.py:3239} INFO - Sync 1 DAGs
[2025-12-24T09:13:33.949+0000] {logging_mixin.py:190} INFO - [2025-12-24T09:13:33.949+0000] {dag.py:4180} INFO - Setting next_dagrun for example_sla_dag to 2025-12-24 09:10:00+00:00, run_after=2025-12-24 09:12:00+00:00
[2025-12-24T09:13:33.975+0000] {processor.py:208} INFO - Processing /home/airflow/.local/lib/python3.11/site-packages/airflow/example_dags/example_sla_dag.py took 0.132 seconds
[2025-12-24T09:14:28.201+0000] {processor.py:186} INFO - Started process (PID=1704) to work on /home/airflow/.local/lib/python3.11/site-packages/airflow/example_dags/example_sla_dag.py
[2025-12-24T09:14:28.203+0000] {processor.py:914} INFO - Processing file /home/airflow/.local/lib/python3.11/site-packages/airflow/example_dags/example_sla_dag.py for tasks to queue
[2025-12-24T09:14:28.207+0000] {logging_mixin.py:190} INFO - [2025-12-24T09:14:28.206+0000] {dagbag.py:588} INFO - Filling up the DagBag from /home/airflow/.local/lib/python3.11/site-packages/airflow/example_dags/example_sla_dag.py
[2025-12-24T09:14:28.223+0000] {processor.py:925} INFO - DAG(s) 'example_sla_dag' retrieved from /home/airflow/.local/lib/python3.11/site-packages/airflow/example_dags/example_sla_dag.py
[2025-12-24T09:14:28.257+0000] {logging_mixin.py:190} INFO - [2025-12-24T09:14:28.257+0000] {dag.py:3239} INFO - Sync 1 DAGs
[2025-12-24T09:14:28.290+0000] {logging_mixin.py:190} INFO - [2025-12-24T09:14:28.290+0000] {dag.py:4180} INFO - Setting next_dagrun for example_sla_dag to 2025-12-24 09:12:00+00:00, run_after=2025-12-24 09:14:00+00:00
[2025-12-24T09:14:28.323+0000] {processor.py:208} INFO - Processing /home/airflow/.local/lib/python3.11/site-packages/airflow/example_dags/example_sla_dag.py took 0.133 seconds
[2025-12-24T09:14:40.260+0000] {processor.py:186} INFO - Started process (PID=1776) to work on /home/airflow/.local/lib/python3.11/site-packages/airflow/example_dags/example_sla_dag.py
[2025-12-24T09:14:40.261+0000] {processor.py:914} INFO - Processing file /home/airflow/.local/lib/python3.11/site-packages/airflow/example_dags/example_sla_dag.py for tasks to queue
[2025-12-24T09:14:40.265+0000] {logging_mixin.py:190} INFO - [2025-12-24T09:14:40.264+0000] {dagbag.py:588} INFO - Filling up the DagBag from /home/airflow/.local/lib/python3.11/site-packages/airflow/example_dags/example_sla_dag.py
[2025-12-24T09:14:40.280+0000] {processor.py:925} INFO - DAG(s) 'example_sla_dag' retrieved from /home/airflow/.local/lib/python3.11/site-packages/airflow/example_dags/example_sla_dag.py
[2025-12-24T09:14:40.312+0000] {logging_mixin.py:190} INFO - [2025-12-24T09:14:40.312+0000] {dag.py:3239} INFO - Sync 1 DAGs
[2025-12-24T09:14:40.346+0000] {logging_mixin.py:190} INFO - [2025-12-24T09:14:40.346+0000] {dag.py:4180} INFO - Setting next_dagrun for example_sla_dag to 2025-12-24 09:12:00+00:00, run_after=2025-12-24 09:14:00+00:00
[2025-12-24T09:14:40.381+0000] {processor.py:208} INFO - Processing /home/airflow/.local/lib/python3.11/site-packages/airflow/example_dags/example_sla_dag.py took 0.132 seconds
[2025-12-24T09:15:53.954+0000] {processor.py:186} INFO - Started process (PID=1840) to work on /home/airflow/.local/lib/python3.11/site-packages/airflow/example_dags/example_sla_dag.py
[2025-12-24T09:15:53.956+0000] {processor.py:914} INFO - Processing file /home/airflow/.local/lib/python3.11/site-packages/airflow/example_dags/example_sla_dag.py for tasks to queue
[2025-12-24T09:15:11.618+0000] {logging_mixin.py:190} INFO - [2025-12-24T09:15:11.618+0000] {dagbag.py:588} INFO - Filling up the DagBag from /home/airflow/.local/lib/python3.11/site-packages/airflow/example_dags/example_sla_dag.py
[2025-12-24T09:15:11.634+0000] {processor.py:925} INFO - DAG(s) 'example_sla_dag' retrieved from /home/airflow/.local/lib/python3.11/site-packages/airflow/example_dags/example_sla_dag.py
[2025-12-24T09:15:11.668+0000] {logging_mixin.py:190} INFO - [2025-12-24T09:15:11.667+0000] {dag.py:3239} INFO - Sync 1 DAGs
[2025-12-24T09:15:11.699+0000] {logging_mixin.py:190} INFO - [2025-12-24T09:15:11.699+0000] {dag.py:4180} INFO - Setting next_dagrun for example_sla_dag to 2025-12-24 09:12:00+00:00, run_after=2025-12-24 09:14:00+00:00
[2025-12-24T09:15:11.723+0000] {processor.py:208} INFO - Processing /home/airflow/.local/lib/python3.11/site-packages/airflow/example_dags/example_sla_dag.py took 0.120 seconds
[2025-12-24T09:15:42.081+0000] {processor.py:186} INFO - Started process (PID=1901) to work on /home/airflow/.local/lib/python3.11/site-packages/airflow/example_dags/example_sla_dag.py
[2025-12-24T09:15:42.082+0000] {processor.py:914} INFO - Processing file /home/airflow/.local/lib/python3.11/site-packages/airflow/example_dags/example_sla_dag.py for tasks to queue
[2025-12-24T09:15:42.086+0000] {logging_mixin.py:190} INFO - [2025-12-24T09:15:42.086+0000] {dagbag.py:588} INFO - Filling up the DagBag from /home/airflow/.local/lib/python3.11/site-packages/airflow/example_dags/example_sla_dag.py
[2025-12-24T09:15:42.102+0000] {processor.py:925} INFO - DAG(s) 'example_sla_dag' retrieved from /home/airflow/.local/lib/python3.11/site-packages/airflow/example_dags/example_sla_dag.py
[2025-12-24T09:15:42.133+0000] {logging_mixin.py:190} INFO - [2025-12-24T09:15:42.132+0000] {dag.py:3239} INFO - Sync 1 DAGs
[2025-12-24T09:15:42.165+0000] {logging_mixin.py:190} INFO - [2025-12-24T09:15:42.165+0000] {dag.py:4180} INFO - Setting next_dagrun for example_sla_dag to 2025-12-24 09:12:00+00:00, run_after=2025-12-24 09:14:00+00:00
[2025-12-24T09:15:42.192+0000] {processor.py:208} INFO - Processing /home/airflow/.local/lib/python3.11/site-packages/airflow/example_dags/example_sla_dag.py took 0.123 seconds
[2025-12-24T09:16:42.181+0000] {processor.py:186} INFO - Started process (PID=1964) to work on /home/airflow/.local/lib/python3.11/site-packages/airflow/example_dags/example_sla_dag.py
[2025-12-24T09:16:42.183+0000] {processor.py:914} INFO - Processing file /home/airflow/.local/lib/python3.11/site-packages/airflow/example_dags/example_sla_dag.py for tasks to queue
[2025-12-24T09:16:42.189+0000] {logging_mixin.py:190} INFO - [2025-12-24T09:16:42.188+0000] {dagbag.py:588} INFO - Filling up the DagBag from /home/airflow/.local/lib/python3.11/site-packages/airflow/example_dags/example_sla_dag.py
[2025-12-24T09:16:42.209+0000] {processor.py:925} INFO - DAG(s) 'example_sla_dag' retrieved from /home/airflow/.local/lib/python3.11/site-packages/airflow/example_dags/example_sla_dag.py
[2025-12-24T09:16:42.246+0000] {logging_mixin.py:190} INFO - [2025-12-24T09:16:42.245+0000] {dag.py:3239} INFO - Sync 1 DAGs
[2025-12-24T09:16:42.284+0000] {logging_mixin.py:190} INFO - [2025-12-24T09:16:42.284+0000] {dag.py:4180} INFO - Setting next_dagrun for example_sla_dag to 2025-12-24 09:14:00+00:00, run_after=2025-12-24 09:16:00+00:00
[2025-12-24T09:16:42.317+0000] {processor.py:208} INFO - Processing /home/airflow/.local/lib/python3.11/site-packages/airflow/example_dags/example_sla_dag.py took 0.148 seconds
[2025-12-24T09:24:22.831+0000] {processor.py:186} INFO - Started process (PID=115) to work on /home/airflow/.local/lib/python3.11/site-packages/airflow/example_dags/example_sla_dag.py
[2025-12-24T09:24:22.832+0000] {processor.py:914} INFO - Processing file /home/airflow/.local/lib/python3.11/site-packages/airflow/example_dags/example_sla_dag.py for tasks to queue
[2025-12-24T09:24:22.842+0000] {logging_mixin.py:190} INFO - [2025-12-24T09:24:22.842+0000] {dagbag.py:588} INFO - Filling up the DagBag from /home/airflow/.local/lib/python3.11/site-packages/airflow/example_dags/example_sla_dag.py
[2025-12-24T09:24:22.866+0000] {processor.py:925} INFO - DAG(s) 'example_sla_dag' retrieved from /home/airflow/.local/lib/python3.11/site-packages/airflow/example_dags/example_sla_dag.py
[2025-12-24T09:24:23.092+0000] {logging_mixin.py:190} INFO - [2025-12-24T09:24:23.090+0000] {override.py:1911} INFO - Created Permission View: can delete on DAG:example_sla_dag
[2025-12-24T09:24:23.117+0000] {logging_mixin.py:190} INFO - [2025-12-24T09:24:23.116+0000] {override.py:1911} INFO - Created Permission View: can read on DAG:example_sla_dag
[2025-12-24T09:24:23.128+0000] {logging_mixin.py:190} INFO - [2025-12-24T09:24:23.128+0000] {override.py:1911} INFO - Created Permission View: can edit on DAG:example_sla_dag
[2025-12-24T09:24:23.146+0000] {logging_mixin.py:190} INFO - [2025-12-24T09:24:23.146+0000] {override.py:1911} INFO - Created Permission View: menu access on DAG Run:example_sla_dag
[2025-12-24T09:24:23.201+0000] {logging_mixin.py:190} INFO - [2025-12-24T09:24:23.200+0000] {override.py:1911} INFO - Created Permission View: can create on DAG Run:example_sla_dag
[2025-12-24T09:24:23.223+0000] {logging_mixin.py:190} INFO - [2025-12-24T09:24:23.223+0000] {override.py:1911} INFO - Created Permission View: can delete on DAG Run:example_sla_dag
[2025-12-24T09:24:23.254+0000] {logging_mixin.py:190} INFO - [2025-12-24T09:24:23.254+0000] {override.py:1911} INFO - Created Permission View: can read on DAG Run:example_sla_dag
[2025-12-24T09:24:23.256+0000] {logging_mixin.py:190} INFO - [2025-12-24T09:24:23.255+0000] {dag.py:3239} INFO - Sync 1 DAGs
[2025-12-24T09:24:23.278+0000] {logging_mixin.py:190} INFO - [2025-12-24T09:24:23.277+0000] {dag.py:3262} INFO - Creating ORM DAG for example_sla_dag
[2025-12-24T09:24:23.300+0000] {logging_mixin.py:190} INFO - [2025-12-24T09:24:23.300+0000] {dag.py:4180} INFO - Setting next_dagrun for example_sla_dag to 2025-12-24 09:22:00+00:00, run_after=2025-12-24 09:24:00+00:00
[2025-12-24T09:24:23.330+0000] {processor.py:208} INFO - Processing /home/airflow/.local/lib/python3.11/site-packages/airflow/example_dags/example_sla_dag.py took 0.510 seconds
[2025-12-24T09:24:16.116+0000] {processor.py:186} INFO - Started process (PID=247) to work on /home/airflow/.local/lib/python3.11/site-packages/airflow/example_dags/example_sla_dag.py
[2025-12-24T09:24:16.118+0000] {processor.py:914} INFO - Processing file /home/airflow/.local/lib/python3.11/site-packages/airflow/example_dags/example_sla_dag.py for tasks to queue
[2025-12-24T09:24:16.124+0000] {logging_mixin.py:190} INFO - [2025-12-24T09:24:16.124+0000] {dagbag.py:588} INFO - Filling up the DagBag from /home/airflow/.local/lib/python3.11/site-packages/airflow/example_dags/example_sla_dag.py
[2025-12-24T09:24:16.150+0000] {processor.py:925} INFO - DAG(s) 'example_sla_dag' retrieved from /home/airflow/.local/lib/python3.11/site-packages/airflow/example_dags/example_sla_dag.py
[2025-12-24T09:24:16.193+0000] {logging_mixin.py:190} INFO - [2025-12-24T09:24:16.191+0000] {dag.py:3239} INFO - Sync 1 DAGs
[2025-12-24T09:24:16.248+0000] {logging_mixin.py:190} INFO - [2025-12-24T09:24:16.248+0000] {dag.py:4180} INFO - Setting next_dagrun for example_sla_dag to 2025-12-24 09:22:00+00:00, run_after=2025-12-24 09:24:00+00:00
[2025-12-24T09:24:16.288+0000] {processor.py:208} INFO - Processing /home/airflow/.local/lib/python3.11/site-packages/airflow/example_dags/example_sla_dag.py took 0.189 seconds
[2025-12-24T09:24:45.114+0000] {processor.py:186} INFO - Started process (PID=306) to work on /home/airflow/.local/lib/python3.11/site-packages/airflow/example_dags/example_sla_dag.py
[2025-12-24T09:24:45.115+0000] {processor.py:914} INFO - Processing file /home/airflow/.local/lib/python3.11/site-packages/airflow/example_dags/example_sla_dag.py for tasks to queue
[2025-12-24T09:24:45.119+0000] {logging_mixin.py:190} INFO - [2025-12-24T09:24:45.119+0000] {dagbag.py:588} INFO - Filling up the DagBag from /home/airflow/.local/lib/python3.11/site-packages/airflow/example_dags/example_sla_dag.py
[2025-12-24T09:24:45.134+0000] {processor.py:925} INFO - DAG(s) 'example_sla_dag' retrieved from /home/airflow/.local/lib/python3.11/site-packages/airflow/example_dags/example_sla_dag.py
[2025-12-24T09:24:45.156+0000] {logging_mixin.py:190} INFO - [2025-12-24T09:24:45.155+0000] {dag.py:3239} INFO - Sync 1 DAGs
[2025-12-24T09:24:45.202+0000] {logging_mixin.py:190} INFO - [2025-12-24T09:24:45.202+0000] {dag.py:4180} INFO - Setting next_dagrun for example_sla_dag to 2025-12-24 09:22:00+00:00, run_after=2025-12-24 09:24:00+00:00
[2025-12-24T09:24:45.228+0000] {processor.py:208} INFO - Processing /home/airflow/.local/lib/python3.11/site-packages/airflow/example_dags/example_sla_dag.py took 0.123 seconds
[2025-12-24T09:24:56.546+0000] {processor.py:186} INFO - Started process (PID=362) to work on /home/airflow/.local/lib/python3.11/site-packages/airflow/example_dags/example_sla_dag.py
[2025-12-24T09:24:56.547+0000] {processor.py:914} INFO - Processing file /home/airflow/.local/lib/python3.11/site-packages/airflow/example_dags/example_sla_dag.py for tasks to queue
[2025-12-24T09:24:56.553+0000] {logging_mixin.py:190} INFO - [2025-12-24T09:24:56.552+0000] {dagbag.py:588} INFO - Filling up the DagBag from /home/airflow/.local/lib/python3.11/site-packages/airflow/example_dags/example_sla_dag.py
[2025-12-24T09:24:56.583+0000] {processor.py:925} INFO - DAG(s) 'example_sla_dag' retrieved from /home/airflow/.local/lib/python3.11/site-packages/airflow/example_dags/example_sla_dag.py
[2025-12-24T09:24:56.620+0000] {logging_mixin.py:190} INFO - [2025-12-24T09:24:56.619+0000] {dag.py:3239} INFO - Sync 1 DAGs
[2025-12-24T09:24:56.653+0000] {logging_mixin.py:190} INFO - [2025-12-24T09:24:56.652+0000] {dag.py:4180} INFO - Setting next_dagrun for example_sla_dag to 2025-12-24 09:22:00+00:00, run_after=2025-12-24 09:24:00+00:00
[2025-12-24T09:24:56.681+0000] {processor.py:208} INFO - Processing /home/airflow/.local/lib/python3.11/site-packages/airflow/example_dags/example_sla_dag.py took 0.145 seconds
[2025-12-24T09:25:15.177+0000] {processor.py:186} INFO - Started process (PID=424) to work on /home/airflow/.local/lib/python3.11/site-packages/airflow/example_dags/example_sla_dag.py
[2025-12-24T09:25:15.179+0000] {processor.py:914} INFO - Processing file /home/airflow/.local/lib/python3.11/site-packages/airflow/example_dags/example_sla_dag.py for tasks to queue
[2025-12-24T09:25:15.184+0000] {logging_mixin.py:190} INFO - [2025-12-24T09:25:15.183+0000] {dagbag.py:588} INFO - Filling up the DagBag from /home/airflow/.local/lib/python3.11/site-packages/airflow/example_dags/example_sla_dag.py
[2025-12-24T09:25:15.204+0000] {processor.py:925} INFO - DAG(s) 'example_sla_dag' retrieved from /home/airflow/.local/lib/python3.11/site-packages/airflow/example_dags/example_sla_dag.py
[2025-12-24T09:25:15.241+0000] {logging_mixin.py:190} INFO - [2025-12-24T09:25:15.240+0000] {dag.py:3239} INFO - Sync 1 DAGs
[2025-12-24T09:25:15.276+0000] {logging_mixin.py:190} INFO - [2025-12-24T09:25:15.276+0000] {dag.py:4180} INFO - Setting next_dagrun for example_sla_dag to 2025-12-24 09:22:00+00:00, run_after=2025-12-24 09:24:00+00:00
[2025-12-24T09:25:15.299+0000] {processor.py:208} INFO - Processing /home/airflow/.local/lib/python3.11/site-packages/airflow/example_dags/example_sla_dag.py took 0.133 seconds
[2025-12-24T09:25:21.422+0000] {processor.py:186} INFO - Started process (PID=478) to work on /home/airflow/.local/lib/python3.11/site-packages/airflow/example_dags/example_sla_dag.py
[2025-12-24T09:25:21.424+0000] {processor.py:914} INFO - Processing file /home/airflow/.local/lib/python3.11/site-packages/airflow/example_dags/example_sla_dag.py for tasks to queue
[2025-12-24T09:25:21.427+0000] {logging_mixin.py:190} INFO - [2025-12-24T09:25:21.426+0000] {dagbag.py:588} INFO - Filling up the DagBag from /home/airflow/.local/lib/python3.11/site-packages/airflow/example_dags/example_sla_dag.py
[2025-12-24T09:25:21.444+0000] {processor.py:925} INFO - DAG(s) 'example_sla_dag' retrieved from /home/airflow/.local/lib/python3.11/site-packages/airflow/example_dags/example_sla_dag.py
[2025-12-24T09:25:21.490+0000] {logging_mixin.py:190} INFO - [2025-12-24T09:25:21.489+0000] {dag.py:3239} INFO - Sync 1 DAGs
[2025-12-24T09:25:21.532+0000] {logging_mixin.py:190} INFO - [2025-12-24T09:25:21.532+0000] {dag.py:4180} INFO - Setting next_dagrun for example_sla_dag to 2025-12-24 09:22:00+00:00, run_after=2025-12-24 09:24:00+00:00
[2025-12-24T09:25:21.561+0000] {processor.py:208} INFO - Processing /home/airflow/.local/lib/python3.11/site-packages/airflow/example_dags/example_sla_dag.py took 0.149 seconds
[2025-12-24T09:25:57.661+0000] {processor.py:186} INFO - Started process (PID=567) to work on /home/airflow/.local/lib/python3.11/site-packages/airflow/example_dags/example_sla_dag.py
[2025-12-24T09:25:57.663+0000] {processor.py:914} INFO - Processing file /home/airflow/.local/lib/python3.11/site-packages/airflow/example_dags/example_sla_dag.py for tasks to queue
[2025-12-24T09:25:57.668+0000] {logging_mixin.py:190} INFO - [2025-12-24T09:25:57.667+0000] {dagbag.py:588} INFO - Filling up the DagBag from /home/airflow/.local/lib/python3.11/site-packages/airflow/example_dags/example_sla_dag.py
[2025-12-24T09:25:57.686+0000] {processor.py:925} INFO - DAG(s) 'example_sla_dag' retrieved from /home/airflow/.local/lib/python3.11/site-packages/airflow/example_dags/example_sla_dag.py
[2025-12-24T09:25:57.723+0000] {logging_mixin.py:190} INFO - [2025-12-24T09:25:57.723+0000] {dag.py:3239} INFO - Sync 1 DAGs
[2025-12-24T09:26:40.095+0000] {logging_mixin.py:190} INFO - [2025-12-24T09:26:40.095+0000] {dag.py:4180} INFO - Setting next_dagrun for example_sla_dag to 2025-12-24 09:24:00+00:00, run_after=2025-12-24 09:26:00+00:00
[2025-12-24T09:26:40.124+0000] {processor.py:208} INFO - Processing /home/airflow/.local/lib/python3.11/site-packages/airflow/example_dags/example_sla_dag.py took 0.151 seconds
[2025-12-24T09:26:37.093+0000] {processor.py:186} INFO - Started process (PID=796) to work on /home/airflow/.local/lib/python3.11/site-packages/airflow/example_dags/example_sla_dag.py
[2025-12-24T09:26:37.095+0000] {processor.py:914} INFO - Processing file /home/airflow/.local/lib/python3.11/site-packages/airflow/example_dags/example_sla_dag.py for tasks to queue
[2025-12-24T09:26:37.101+0000] {logging_mixin.py:190} INFO - [2025-12-24T09:26:37.100+0000] {dagbag.py:588} INFO - Filling up the DagBag from /home/airflow/.local/lib/python3.11/site-packages/airflow/example_dags/example_sla_dag.py
[2025-12-24T09:26:37.129+0000] {processor.py:925} INFO - DAG(s) 'example_sla_dag' retrieved from /home/airflow/.local/lib/python3.11/site-packages/airflow/example_dags/example_sla_dag.py
[2025-12-24T09:26:37.161+0000] {logging_mixin.py:190} INFO - [2025-12-24T09:26:37.161+0000] {dag.py:3239} INFO - Sync 1 DAGs
[2025-12-24T09:26:37.203+0000] {logging_mixin.py:190} INFO - [2025-12-24T09:26:37.203+0000] {dag.py:4180} INFO - Setting next_dagrun for example_sla_dag to 2025-12-24 09:24:00+00:00, run_after=2025-12-24 09:26:00+00:00
[2025-12-24T09:26:37.238+0000] {processor.py:208} INFO - Processing /home/airflow/.local/lib/python3.11/site-packages/airflow/example_dags/example_sla_dag.py took 0.156 seconds
[2025-12-24T09:26:47.488+0000] {processor.py:186} INFO - Started process (PID=849) to work on /home/airflow/.local/lib/python3.11/site-packages/airflow/example_dags/example_sla_dag.py
[2025-12-24T09:26:47.490+0000] {processor.py:914} INFO - Processing file /home/airflow/.local/lib/python3.11/site-packages/airflow/example_dags/example_sla_dag.py for tasks to queue
[2025-12-24T09:26:47.495+0000] {logging_mixin.py:190} INFO - [2025-12-24T09:26:47.494+0000] {dagbag.py:588} INFO - Filling up the DagBag from /home/airflow/.local/lib/python3.11/site-packages/airflow/example_dags/example_sla_dag.py
[2025-12-24T09:26:47.516+0000] {processor.py:925} INFO - DAG(s) 'example_sla_dag' retrieved from /home/airflow/.local/lib/python3.11/site-packages/airflow/example_dags/example_sla_dag.py
[2025-12-24T09:26:47.551+0000] {logging_mixin.py:190} INFO - [2025-12-24T09:26:47.551+0000] {dag.py:3239} INFO - Sync 1 DAGs
[2025-12-24T09:26:47.591+0000] {logging_mixin.py:190} INFO - [2025-12-24T09:26:47.590+0000] {dag.py:4180} INFO - Setting next_dagrun for example_sla_dag to 2025-12-24 09:24:00+00:00, run_after=2025-12-24 09:26:00+00:00
[2025-12-24T09:26:47.631+0000] {processor.py:208} INFO - Processing /home/airflow/.local/lib/python3.11/site-packages/airflow/example_dags/example_sla_dag.py took 0.155 seconds
[2025-12-24T09:27:45.088+0000] {processor.py:186} INFO - Started process (PID=911) to work on /home/airflow/.local/lib/python3.11/site-packages/airflow/example_dags/example_sla_dag.py
[2025-12-24T09:27:45.091+0000] {processor.py:914} INFO - Processing file /home/airflow/.local/lib/python3.11/site-packages/airflow/example_dags/example_sla_dag.py for tasks to queue
[2025-12-24T09:27:45.096+0000] {logging_mixin.py:190} INFO - [2025-12-24T09:27:45.095+0000] {dagbag.py:588} INFO - Filling up the DagBag from /home/airflow/.local/lib/python3.11/site-packages/airflow/example_dags/example_sla_dag.py
[2025-12-24T09:27:45.118+0000] {processor.py:925} INFO - DAG(s) 'example_sla_dag' retrieved from /home/airflow/.local/lib/python3.11/site-packages/airflow/example_dags/example_sla_dag.py
[2025-12-24T09:27:45.190+0000] {logging_mixin.py:190} INFO - [2025-12-24T09:27:45.189+0000] {dag.py:3239} INFO - Sync 1 DAGs
[2025-12-24T09:27:45.238+0000] {logging_mixin.py:190} INFO - [2025-12-24T09:27:45.238+0000] {dag.py:4180} INFO - Setting next_dagrun for example_sla_dag to 2025-12-24 09:24:00+00:00, run_after=2025-12-24 09:26:00+00:00
[2025-12-24T09:27:45.272+0000] {processor.py:208} INFO - Processing /home/airflow/.local/lib/python3.11/site-packages/airflow/example_dags/example_sla_dag.py took 0.196 seconds
[2025-12-24T09:27:52.143+0000] {processor.py:186} INFO - Started process (PID=977) to work on /home/airflow/.local/lib/python3.11/site-packages/airflow/example_dags/example_sla_dag.py
[2025-12-24T09:27:52.145+0000] {processor.py:914} INFO - Processing file /home/airflow/.local/lib/python3.11/site-packages/airflow/example_dags/example_sla_dag.py for tasks to queue
[2025-12-24T09:27:52.149+0000] {logging_mixin.py:190} INFO - [2025-12-24T09:27:52.149+0000] {dagbag.py:588} INFO - Filling up the DagBag from /home/airflow/.local/lib/python3.11/site-packages/airflow/example_dags/example_sla_dag.py
[2025-12-24T09:27:52.167+0000] {processor.py:925} INFO - DAG(s) 'example_sla_dag' retrieved from /home/airflow/.local/lib/python3.11/site-packages/airflow/example_dags/example_sla_dag.py
[2025-12-24T09:27:52.202+0000] {logging_mixin.py:190} INFO - [2025-12-24T09:27:52.201+0000] {dag.py:3239} INFO - Sync 1 DAGs
[2025-12-24T09:27:52.248+0000] {logging_mixin.py:190} INFO - [2025-12-24T09:27:52.248+0000] {dag.py:4180} INFO - Setting next_dagrun for example_sla_dag to 2025-12-24 09:24:00+00:00, run_after=2025-12-24 09:26:00+00:00
[2025-12-24T09:27:52.285+0000] {processor.py:208} INFO - Processing /home/airflow/.local/lib/python3.11/site-packages/airflow/example_dags/example_sla_dag.py took 0.155 seconds
[2025-12-24T09:28:01.983+0000] {processor.py:186} INFO - Started process (PID=1043) to work on /home/airflow/.local/lib/python3.11/site-packages/airflow/example_dags/example_sla_dag.py
[2025-12-24T09:28:01.985+0000] {processor.py:914} INFO - Processing file /home/airflow/.local/lib/python3.11/site-packages/airflow/example_dags/example_sla_dag.py for tasks to queue
[2025-12-24T09:28:01.990+0000] {logging_mixin.py:190} INFO - [2025-12-24T09:28:01.989+0000] {dagbag.py:588} INFO - Filling up the DagBag from /home/airflow/.local/lib/python3.11/site-packages/airflow/example_dags/example_sla_dag.py
[2025-12-24T09:28:02.017+0000] {processor.py:925} INFO - DAG(s) 'example_sla_dag' retrieved from /home/airflow/.local/lib/python3.11/site-packages/airflow/example_dags/example_sla_dag.py
[2025-12-24T09:28:02.054+0000] {logging_mixin.py:190} INFO - [2025-12-24T09:28:02.053+0000] {dag.py:3239} INFO - Sync 1 DAGs
[2025-12-24T09:28:02.097+0000] {logging_mixin.py:190} INFO - [2025-12-24T09:28:02.096+0000] {dag.py:4180} INFO - Setting next_dagrun for example_sla_dag to 2025-12-24 09:26:00+00:00, run_after=2025-12-24 09:28:00+00:00
[2025-12-24T09:28:02.129+0000] {processor.py:208} INFO - Processing /home/airflow/.local/lib/python3.11/site-packages/airflow/example_dags/example_sla_dag.py took 0.157 seconds
[2025-12-24T09:28:16.583+0000] {processor.py:186} INFO - Started process (PID=1102) to work on /home/airflow/.local/lib/python3.11/site-packages/airflow/example_dags/example_sla_dag.py
[2025-12-24T09:28:16.584+0000] {processor.py:914} INFO - Processing file /home/airflow/.local/lib/python3.11/site-packages/airflow/example_dags/example_sla_dag.py for tasks to queue
[2025-12-24T09:28:16.588+0000] {logging_mixin.py:190} INFO - [2025-12-24T09:28:16.588+0000] {dagbag.py:588} INFO - Filling up the DagBag from /home/airflow/.local/lib/python3.11/site-packages/airflow/example_dags/example_sla_dag.py
[2025-12-24T09:28:16.604+0000] {processor.py:925} INFO - DAG(s) 'example_sla_dag' retrieved from /home/airflow/.local/lib/python3.11/site-packages/airflow/example_dags/example_sla_dag.py
[2025-12-24T09:28:16.634+0000] {logging_mixin.py:190} INFO - [2025-12-24T09:28:16.634+0000] {dag.py:3239} INFO - Sync 1 DAGs
[2025-12-24T09:28:16.665+0000] {logging_mixin.py:190} INFO - [2025-12-24T09:28:16.665+0000] {dag.py:4180} INFO - Setting next_dagrun for example_sla_dag to 2025-12-24 09:26:00+00:00, run_after=2025-12-24 09:28:00+00:00
[2025-12-24T09:28:16.693+0000] {processor.py:208} INFO - Processing /home/airflow/.local/lib/python3.11/site-packages/airflow/example_dags/example_sla_dag.py took 0.130 seconds
[2025-12-24T09:29:14.863+0000] {processor.py:186} INFO - Started process (PID=1161) to work on /home/airflow/.local/lib/python3.11/site-packages/airflow/example_dags/example_sla_dag.py
[2025-12-24T09:29:14.866+0000] {processor.py:914} INFO - Processing file /home/airflow/.local/lib/python3.11/site-packages/airflow/example_dags/example_sla_dag.py for tasks to queue
[2025-12-24T09:29:14.875+0000] {logging_mixin.py:190} INFO - [2025-12-24T09:29:14.874+0000] {dagbag.py:588} INFO - Filling up the DagBag from /home/airflow/.local/lib/python3.11/site-packages/airflow/example_dags/example_sla_dag.py
[2025-12-24T09:29:14.903+0000] {processor.py:925} INFO - DAG(s) 'example_sla_dag' retrieved from /home/airflow/.local/lib/python3.11/site-packages/airflow/example_dags/example_sla_dag.py
[2025-12-24T09:29:14.947+0000] {logging_mixin.py:190} INFO - [2025-12-24T09:29:14.946+0000] {dag.py:3239} INFO - Sync 1 DAGs
[2025-12-24T09:29:15.006+0000] {logging_mixin.py:190} INFO - [2025-12-24T09:29:15.006+0000] {dag.py:4180} INFO - Setting next_dagrun for example_sla_dag to 2025-12-24 09:26:00+00:00, run_after=2025-12-24 09:28:00+00:00
[2025-12-24T09:29:15.058+0000] {processor.py:208} INFO - Processing /home/airflow/.local/lib/python3.11/site-packages/airflow/example_dags/example_sla_dag.py took 0.213 seconds
