[2025-12-24T09:03:05.285+0000] {processor.py:186} INFO - Started process (PID=117) to work on /home/airflow/.local/lib/python3.11/site-packages/airflow/example_dags/example_time_delta_sensor_async.py
[2025-12-24T09:03:05.286+0000] {processor.py:914} INFO - Processing file /home/airflow/.local/lib/python3.11/site-packages/airflow/example_dags/example_time_delta_sensor_async.py for tasks to queue
[2025-12-24T09:03:05.292+0000] {logging_mixin.py:190} INFO - [2025-12-24T09:03:05.291+0000] {dagbag.py:588} INFO - Filling up the DagBag from /home/airflow/.local/lib/python3.11/site-packages/airflow/example_dags/example_time_delta_sensor_async.py
[2025-12-24T09:03:05.308+0000] {processor.py:925} INFO - DAG(s) 'example_time_delta_sensor_async' retrieved from /home/airflow/.local/lib/python3.11/site-packages/airflow/example_dags/example_time_delta_sensor_async.py
[2025-12-24T09:03:47.861+0000] {logging_mixin.py:190} INFO - [2025-12-24T09:03:47.860+0000] {override.py:1911} INFO - Created Permission View: can edit on DAG:example_time_delta_sensor_async
[2025-12-24T09:03:47.879+0000] {logging_mixin.py:190} INFO - [2025-12-24T09:03:47.878+0000] {override.py:1911} INFO - Created Permission View: can read on DAG:example_time_delta_sensor_async
[2025-12-24T09:03:47.893+0000] {logging_mixin.py:190} INFO - [2025-12-24T09:03:47.892+0000] {override.py:1911} INFO - Created Permission View: can delete on DAG:example_time_delta_sensor_async
[2025-12-24T09:03:47.911+0000] {logging_mixin.py:190} INFO - [2025-12-24T09:03:47.911+0000] {override.py:1911} INFO - Created Permission View: can read on DAG Run:example_time_delta_sensor_async
[2025-12-24T09:03:47.924+0000] {logging_mixin.py:190} INFO - [2025-12-24T09:03:47.923+0000] {override.py:1911} INFO - Created Permission View: can create on DAG Run:example_time_delta_sensor_async
[2025-12-24T09:03:47.936+0000] {logging_mixin.py:190} INFO - [2025-12-24T09:03:47.936+0000] {override.py:1911} INFO - Created Permission View: can delete on DAG Run:example_time_delta_sensor_async
[2025-12-24T09:03:47.950+0000] {logging_mixin.py:190} INFO - [2025-12-24T09:03:47.949+0000] {override.py:1911} INFO - Created Permission View: menu access on DAG Run:example_time_delta_sensor_async
[2025-12-24T09:03:47.951+0000] {logging_mixin.py:190} INFO - [2025-12-24T09:03:47.950+0000] {dag.py:3239} INFO - Sync 1 DAGs
[2025-12-24T09:03:47.976+0000] {logging_mixin.py:190} INFO - [2025-12-24T09:03:47.976+0000] {dag.py:3262} INFO - Creating ORM DAG for example_time_delta_sensor_async
[2025-12-24T09:03:47.979+0000] {logging_mixin.py:190} INFO - [2025-12-24T09:03:47.979+0000] {dag.py:4180} INFO - Setting next_dagrun for example_time_delta_sensor_async to None, run_after=None
[2025-12-24T09:03:48.009+0000] {processor.py:208} INFO - Processing /home/airflow/.local/lib/python3.11/site-packages/airflow/example_dags/example_time_delta_sensor_async.py took 0.377 seconds
[2025-12-24T09:04:20.515+0000] {processor.py:186} INFO - Started process (PID=254) to work on /home/airflow/.local/lib/python3.11/site-packages/airflow/example_dags/example_time_delta_sensor_async.py
[2025-12-24T09:04:20.517+0000] {processor.py:914} INFO - Processing file /home/airflow/.local/lib/python3.11/site-packages/airflow/example_dags/example_time_delta_sensor_async.py for tasks to queue
[2025-12-24T09:04:20.521+0000] {logging_mixin.py:190} INFO - [2025-12-24T09:04:20.520+0000] {dagbag.py:588} INFO - Filling up the DagBag from /home/airflow/.local/lib/python3.11/site-packages/airflow/example_dags/example_time_delta_sensor_async.py
[2025-12-24T09:04:20.532+0000] {processor.py:925} INFO - DAG(s) 'example_time_delta_sensor_async' retrieved from /home/airflow/.local/lib/python3.11/site-packages/airflow/example_dags/example_time_delta_sensor_async.py
[2025-12-24T09:04:20.567+0000] {logging_mixin.py:190} INFO - [2025-12-24T09:04:20.567+0000] {dag.py:3239} INFO - Sync 1 DAGs
[2025-12-24T09:04:20.598+0000] {logging_mixin.py:190} INFO - [2025-12-24T09:04:20.597+0000] {dag.py:4180} INFO - Setting next_dagrun for example_time_delta_sensor_async to None, run_after=None
[2025-12-24T09:04:20.629+0000] {processor.py:208} INFO - Processing /home/airflow/.local/lib/python3.11/site-packages/airflow/example_dags/example_time_delta_sensor_async.py took 0.125 seconds
[2025-12-24T09:04:16.221+0000] {processor.py:186} INFO - Started process (PID=310) to work on /home/airflow/.local/lib/python3.11/site-packages/airflow/example_dags/example_time_delta_sensor_async.py
[2025-12-24T09:04:16.223+0000] {processor.py:914} INFO - Processing file /home/airflow/.local/lib/python3.11/site-packages/airflow/example_dags/example_time_delta_sensor_async.py for tasks to queue
[2025-12-24T09:04:16.229+0000] {logging_mixin.py:190} INFO - [2025-12-24T09:04:16.228+0000] {dagbag.py:588} INFO - Filling up the DagBag from /home/airflow/.local/lib/python3.11/site-packages/airflow/example_dags/example_time_delta_sensor_async.py
[2025-12-24T09:04:16.243+0000] {processor.py:925} INFO - DAG(s) 'example_time_delta_sensor_async' retrieved from /home/airflow/.local/lib/python3.11/site-packages/airflow/example_dags/example_time_delta_sensor_async.py
[2025-12-24T09:04:16.285+0000] {logging_mixin.py:190} INFO - [2025-12-24T09:04:16.284+0000] {dag.py:3239} INFO - Sync 1 DAGs
[2025-12-24T09:04:16.306+0000] {logging_mixin.py:190} INFO - [2025-12-24T09:04:16.305+0000] {dag.py:4180} INFO - Setting next_dagrun for example_time_delta_sensor_async to None, run_after=None
[2025-12-24T09:04:16.362+0000] {processor.py:208} INFO - Processing /home/airflow/.local/lib/python3.11/site-packages/airflow/example_dags/example_time_delta_sensor_async.py took 0.155 seconds
[2025-12-24T09:04:46.380+0000] {processor.py:186} INFO - Started process (PID=374) to work on /home/airflow/.local/lib/python3.11/site-packages/airflow/example_dags/example_time_delta_sensor_async.py
[2025-12-24T09:04:46.382+0000] {processor.py:914} INFO - Processing file /home/airflow/.local/lib/python3.11/site-packages/airflow/example_dags/example_time_delta_sensor_async.py for tasks to queue
[2025-12-24T09:04:46.386+0000] {logging_mixin.py:190} INFO - [2025-12-24T09:04:46.386+0000] {dagbag.py:588} INFO - Filling up the DagBag from /home/airflow/.local/lib/python3.11/site-packages/airflow/example_dags/example_time_delta_sensor_async.py
[2025-12-24T09:04:46.403+0000] {processor.py:925} INFO - DAG(s) 'example_time_delta_sensor_async' retrieved from /home/airflow/.local/lib/python3.11/site-packages/airflow/example_dags/example_time_delta_sensor_async.py
[2025-12-24T09:04:46.464+0000] {logging_mixin.py:190} INFO - [2025-12-24T09:04:46.463+0000] {dag.py:3239} INFO - Sync 1 DAGs
[2025-12-24T09:04:46.518+0000] {logging_mixin.py:190} INFO - [2025-12-24T09:04:46.517+0000] {dag.py:4180} INFO - Setting next_dagrun for example_time_delta_sensor_async to None, run_after=None
[2025-12-24T09:04:46.576+0000] {processor.py:208} INFO - Processing /home/airflow/.local/lib/python3.11/site-packages/airflow/example_dags/example_time_delta_sensor_async.py took 0.216 seconds
[2025-12-24T09:04:55.920+0000] {processor.py:186} INFO - Started process (PID=432) to work on /home/airflow/.local/lib/python3.11/site-packages/airflow/example_dags/example_time_delta_sensor_async.py
[2025-12-24T09:04:55.922+0000] {processor.py:914} INFO - Processing file /home/airflow/.local/lib/python3.11/site-packages/airflow/example_dags/example_time_delta_sensor_async.py for tasks to queue
[2025-12-24T09:04:55.928+0000] {logging_mixin.py:190} INFO - [2025-12-24T09:04:55.927+0000] {dagbag.py:588} INFO - Filling up the DagBag from /home/airflow/.local/lib/python3.11/site-packages/airflow/example_dags/example_time_delta_sensor_async.py
[2025-12-24T09:04:55.945+0000] {processor.py:925} INFO - DAG(s) 'example_time_delta_sensor_async' retrieved from /home/airflow/.local/lib/python3.11/site-packages/airflow/example_dags/example_time_delta_sensor_async.py
[2025-12-24T09:04:56.005+0000] {logging_mixin.py:190} INFO - [2025-12-24T09:04:56.004+0000] {dag.py:3239} INFO - Sync 1 DAGs
[2025-12-24T09:04:56.029+0000] {logging_mixin.py:190} INFO - [2025-12-24T09:04:56.029+0000] {dag.py:4180} INFO - Setting next_dagrun for example_time_delta_sensor_async to None, run_after=None
[2025-12-24T09:04:56.066+0000] {processor.py:208} INFO - Processing /home/airflow/.local/lib/python3.11/site-packages/airflow/example_dags/example_time_delta_sensor_async.py took 0.160 seconds
[2025-12-24T09:05:29.960+0000] {processor.py:186} INFO - Started process (PID=531) to work on /home/airflow/.local/lib/python3.11/site-packages/airflow/example_dags/example_time_delta_sensor_async.py
[2025-12-24T09:05:29.961+0000] {processor.py:914} INFO - Processing file /home/airflow/.local/lib/python3.11/site-packages/airflow/example_dags/example_time_delta_sensor_async.py for tasks to queue
[2025-12-24T09:05:29.966+0000] {logging_mixin.py:190} INFO - [2025-12-24T09:05:29.965+0000] {dagbag.py:588} INFO - Filling up the DagBag from /home/airflow/.local/lib/python3.11/site-packages/airflow/example_dags/example_time_delta_sensor_async.py
[2025-12-24T09:05:29.980+0000] {processor.py:925} INFO - DAG(s) 'example_time_delta_sensor_async' retrieved from /home/airflow/.local/lib/python3.11/site-packages/airflow/example_dags/example_time_delta_sensor_async.py
[2025-12-24T09:05:30.009+0000] {logging_mixin.py:190} INFO - [2025-12-24T09:05:30.008+0000] {dag.py:3239} INFO - Sync 1 DAGs
[2025-12-24T09:05:30.027+0000] {logging_mixin.py:190} INFO - [2025-12-24T09:05:30.027+0000] {dag.py:4180} INFO - Setting next_dagrun for example_time_delta_sensor_async to None, run_after=None
[2025-12-24T09:05:30.053+0000] {processor.py:208} INFO - Processing /home/airflow/.local/lib/python3.11/site-packages/airflow/example_dags/example_time_delta_sensor_async.py took 0.103 seconds
[2025-12-24T09:05:42.048+0000] {processor.py:186} INFO - Started process (PID=588) to work on /home/airflow/.local/lib/python3.11/site-packages/airflow/example_dags/example_time_delta_sensor_async.py
[2025-12-24T09:05:42.050+0000] {processor.py:914} INFO - Processing file /home/airflow/.local/lib/python3.11/site-packages/airflow/example_dags/example_time_delta_sensor_async.py for tasks to queue
[2025-12-24T09:05:42.054+0000] {logging_mixin.py:190} INFO - [2025-12-24T09:05:42.054+0000] {dagbag.py:588} INFO - Filling up the DagBag from /home/airflow/.local/lib/python3.11/site-packages/airflow/example_dags/example_time_delta_sensor_async.py
[2025-12-24T09:05:42.067+0000] {processor.py:925} INFO - DAG(s) 'example_time_delta_sensor_async' retrieved from /home/airflow/.local/lib/python3.11/site-packages/airflow/example_dags/example_time_delta_sensor_async.py
[2025-12-24T09:05:42.101+0000] {logging_mixin.py:190} INFO - [2025-12-24T09:05:42.100+0000] {dag.py:3239} INFO - Sync 1 DAGs
[2025-12-24T09:05:42.120+0000] {logging_mixin.py:190} INFO - [2025-12-24T09:05:42.119+0000] {dag.py:4180} INFO - Setting next_dagrun for example_time_delta_sensor_async to None, run_after=None
[2025-12-24T09:05:42.147+0000] {processor.py:208} INFO - Processing /home/airflow/.local/lib/python3.11/site-packages/airflow/example_dags/example_time_delta_sensor_async.py took 0.109 seconds
[2025-12-24T09:06:43.954+0000] {processor.py:186} INFO - Started process (PID=650) to work on /home/airflow/.local/lib/python3.11/site-packages/airflow/example_dags/example_time_delta_sensor_async.py
[2025-12-24T09:06:43.956+0000] {processor.py:914} INFO - Processing file /home/airflow/.local/lib/python3.11/site-packages/airflow/example_dags/example_time_delta_sensor_async.py for tasks to queue
[2025-12-24T09:06:43.959+0000] {logging_mixin.py:190} INFO - [2025-12-24T09:06:43.959+0000] {dagbag.py:588} INFO - Filling up the DagBag from /home/airflow/.local/lib/python3.11/site-packages/airflow/example_dags/example_time_delta_sensor_async.py
[2025-12-24T09:06:43.970+0000] {processor.py:925} INFO - DAG(s) 'example_time_delta_sensor_async' retrieved from /home/airflow/.local/lib/python3.11/site-packages/airflow/example_dags/example_time_delta_sensor_async.py
[2025-12-24T09:06:44.008+0000] {logging_mixin.py:190} INFO - [2025-12-24T09:06:44.007+0000] {dag.py:3239} INFO - Sync 1 DAGs
[2025-12-24T09:06:44.024+0000] {logging_mixin.py:190} INFO - [2025-12-24T09:06:44.024+0000] {dag.py:4180} INFO - Setting next_dagrun for example_time_delta_sensor_async to None, run_after=None
[2025-12-24T09:06:44.046+0000] {processor.py:208} INFO - Processing /home/airflow/.local/lib/python3.11/site-packages/airflow/example_dags/example_time_delta_sensor_async.py took 0.101 seconds
[2025-12-24T09:06:47.364+0000] {processor.py:186} INFO - Started process (PID=724) to work on /home/airflow/.local/lib/python3.11/site-packages/airflow/example_dags/example_time_delta_sensor_async.py
[2025-12-24T09:06:47.367+0000] {processor.py:914} INFO - Processing file /home/airflow/.local/lib/python3.11/site-packages/airflow/example_dags/example_time_delta_sensor_async.py for tasks to queue
[2025-12-24T09:06:47.377+0000] {logging_mixin.py:190} INFO - [2025-12-24T09:06:47.376+0000] {dagbag.py:588} INFO - Filling up the DagBag from /home/airflow/.local/lib/python3.11/site-packages/airflow/example_dags/example_time_delta_sensor_async.py
[2025-12-24T09:06:47.400+0000] {processor.py:925} INFO - DAG(s) 'example_time_delta_sensor_async' retrieved from /home/airflow/.local/lib/python3.11/site-packages/airflow/example_dags/example_time_delta_sensor_async.py
[2025-12-24T09:06:47.448+0000] {logging_mixin.py:190} INFO - [2025-12-24T09:06:47.447+0000] {dag.py:3239} INFO - Sync 1 DAGs
[2025-12-24T09:06:47.482+0000] {logging_mixin.py:190} INFO - [2025-12-24T09:06:47.481+0000] {dag.py:4180} INFO - Setting next_dagrun for example_time_delta_sensor_async to None, run_after=None
[2025-12-24T09:06:47.521+0000] {processor.py:208} INFO - Processing /home/airflow/.local/lib/python3.11/site-packages/airflow/example_dags/example_time_delta_sensor_async.py took 0.178 seconds
[2025-12-24T09:07:16.908+0000] {processor.py:186} INFO - Started process (PID=788) to work on /home/airflow/.local/lib/python3.11/site-packages/airflow/example_dags/example_time_delta_sensor_async.py
[2025-12-24T09:07:16.909+0000] {processor.py:914} INFO - Processing file /home/airflow/.local/lib/python3.11/site-packages/airflow/example_dags/example_time_delta_sensor_async.py for tasks to queue
[2025-12-24T09:07:16.912+0000] {logging_mixin.py:190} INFO - [2025-12-24T09:07:16.912+0000] {dagbag.py:588} INFO - Filling up the DagBag from /home/airflow/.local/lib/python3.11/site-packages/airflow/example_dags/example_time_delta_sensor_async.py
[2025-12-24T09:07:16.922+0000] {processor.py:925} INFO - DAG(s) 'example_time_delta_sensor_async' retrieved from /home/airflow/.local/lib/python3.11/site-packages/airflow/example_dags/example_time_delta_sensor_async.py
[2025-12-24T09:07:16.949+0000] {logging_mixin.py:190} INFO - [2025-12-24T09:07:16.949+0000] {dag.py:3239} INFO - Sync 1 DAGs
[2025-12-24T09:07:16.967+0000] {logging_mixin.py:190} INFO - [2025-12-24T09:07:16.966+0000] {dag.py:4180} INFO - Setting next_dagrun for example_time_delta_sensor_async to None, run_after=None
[2025-12-24T09:07:16.996+0000] {processor.py:208} INFO - Processing /home/airflow/.local/lib/python3.11/site-packages/airflow/example_dags/example_time_delta_sensor_async.py took 0.096 seconds
[2025-12-24T09:07:26.961+0000] {processor.py:186} INFO - Started process (PID=845) to work on /home/airflow/.local/lib/python3.11/site-packages/airflow/example_dags/example_time_delta_sensor_async.py
[2025-12-24T09:07:26.963+0000] {processor.py:914} INFO - Processing file /home/airflow/.local/lib/python3.11/site-packages/airflow/example_dags/example_time_delta_sensor_async.py for tasks to queue
[2025-12-24T09:07:26.968+0000] {logging_mixin.py:190} INFO - [2025-12-24T09:07:26.968+0000] {dagbag.py:588} INFO - Filling up the DagBag from /home/airflow/.local/lib/python3.11/site-packages/airflow/example_dags/example_time_delta_sensor_async.py
[2025-12-24T09:07:26.981+0000] {processor.py:925} INFO - DAG(s) 'example_time_delta_sensor_async' retrieved from /home/airflow/.local/lib/python3.11/site-packages/airflow/example_dags/example_time_delta_sensor_async.py
[2025-12-24T09:07:27.018+0000] {logging_mixin.py:190} INFO - [2025-12-24T09:07:27.017+0000] {dag.py:3239} INFO - Sync 1 DAGs
[2025-12-24T09:07:27.053+0000] {logging_mixin.py:190} INFO - [2025-12-24T09:07:27.053+0000] {dag.py:4180} INFO - Setting next_dagrun for example_time_delta_sensor_async to None, run_after=None
[2025-12-24T09:07:27.091+0000] {processor.py:208} INFO - Processing /home/airflow/.local/lib/python3.11/site-packages/airflow/example_dags/example_time_delta_sensor_async.py took 0.141 seconds
[2025-12-24T09:07:36.216+0000] {processor.py:186} INFO - Started process (PID=901) to work on /home/airflow/.local/lib/python3.11/site-packages/airflow/example_dags/example_time_delta_sensor_async.py
[2025-12-24T09:07:36.218+0000] {processor.py:914} INFO - Processing file /home/airflow/.local/lib/python3.11/site-packages/airflow/example_dags/example_time_delta_sensor_async.py for tasks to queue
[2025-12-24T09:07:36.232+0000] {logging_mixin.py:190} INFO - [2025-12-24T09:07:36.232+0000] {dagbag.py:588} INFO - Filling up the DagBag from /home/airflow/.local/lib/python3.11/site-packages/airflow/example_dags/example_time_delta_sensor_async.py
[2025-12-24T09:07:36.258+0000] {processor.py:925} INFO - DAG(s) 'example_time_delta_sensor_async' retrieved from /home/airflow/.local/lib/python3.11/site-packages/airflow/example_dags/example_time_delta_sensor_async.py
[2025-12-24T09:07:36.314+0000] {logging_mixin.py:190} INFO - [2025-12-24T09:07:36.313+0000] {dag.py:3239} INFO - Sync 1 DAGs
[2025-12-24T09:07:36.334+0000] {logging_mixin.py:190} INFO - [2025-12-24T09:07:36.334+0000] {dag.py:4180} INFO - Setting next_dagrun for example_time_delta_sensor_async to None, run_after=None
[2025-12-24T09:07:36.367+0000] {processor.py:208} INFO - Processing /home/airflow/.local/lib/python3.11/site-packages/airflow/example_dags/example_time_delta_sensor_async.py took 0.167 seconds
[2025-12-24T09:07:45.191+0000] {processor.py:186} INFO - Started process (PID=956) to work on /home/airflow/.local/lib/python3.11/site-packages/airflow/example_dags/example_time_delta_sensor_async.py
[2025-12-24T09:07:45.192+0000] {processor.py:914} INFO - Processing file /home/airflow/.local/lib/python3.11/site-packages/airflow/example_dags/example_time_delta_sensor_async.py for tasks to queue
[2025-12-24T09:07:45.196+0000] {logging_mixin.py:190} INFO - [2025-12-24T09:07:45.196+0000] {dagbag.py:588} INFO - Filling up the DagBag from /home/airflow/.local/lib/python3.11/site-packages/airflow/example_dags/example_time_delta_sensor_async.py
[2025-12-24T09:07:45.207+0000] {processor.py:925} INFO - DAG(s) 'example_time_delta_sensor_async' retrieved from /home/airflow/.local/lib/python3.11/site-packages/airflow/example_dags/example_time_delta_sensor_async.py
[2025-12-24T09:07:45.236+0000] {logging_mixin.py:190} INFO - [2025-12-24T09:07:45.236+0000] {dag.py:3239} INFO - Sync 1 DAGs
[2025-12-24T09:07:45.254+0000] {logging_mixin.py:190} INFO - [2025-12-24T09:07:45.254+0000] {dag.py:4180} INFO - Setting next_dagrun for example_time_delta_sensor_async to None, run_after=None
[2025-12-24T09:07:45.297+0000] {processor.py:208} INFO - Processing /home/airflow/.local/lib/python3.11/site-packages/airflow/example_dags/example_time_delta_sensor_async.py took 0.116 seconds
[2025-12-24T09:08:43.376+0000] {processor.py:186} INFO - Started process (PID=1019) to work on /home/airflow/.local/lib/python3.11/site-packages/airflow/example_dags/example_time_delta_sensor_async.py
[2025-12-24T09:08:43.377+0000] {processor.py:914} INFO - Processing file /home/airflow/.local/lib/python3.11/site-packages/airflow/example_dags/example_time_delta_sensor_async.py for tasks to queue
[2025-12-24T09:08:43.383+0000] {logging_mixin.py:190} INFO - [2025-12-24T09:08:43.382+0000] {dagbag.py:588} INFO - Filling up the DagBag from /home/airflow/.local/lib/python3.11/site-packages/airflow/example_dags/example_time_delta_sensor_async.py
[2025-12-24T09:08:43.393+0000] {processor.py:925} INFO - DAG(s) 'example_time_delta_sensor_async' retrieved from /home/airflow/.local/lib/python3.11/site-packages/airflow/example_dags/example_time_delta_sensor_async.py
[2025-12-24T09:08:43.428+0000] {logging_mixin.py:190} INFO - [2025-12-24T09:08:43.427+0000] {dag.py:3239} INFO - Sync 1 DAGs
[2025-12-24T09:08:43.447+0000] {logging_mixin.py:190} INFO - [2025-12-24T09:08:43.447+0000] {dag.py:4180} INFO - Setting next_dagrun for example_time_delta_sensor_async to None, run_after=None
[2025-12-24T09:08:43.475+0000] {processor.py:208} INFO - Processing /home/airflow/.local/lib/python3.11/site-packages/airflow/example_dags/example_time_delta_sensor_async.py took 0.111 seconds
[2025-12-24T09:09:22.691+0000] {processor.py:186} INFO - Started process (PID=1086) to work on /home/airflow/.local/lib/python3.11/site-packages/airflow/example_dags/example_time_delta_sensor_async.py
[2025-12-24T09:09:22.693+0000] {processor.py:914} INFO - Processing file /home/airflow/.local/lib/python3.11/site-packages/airflow/example_dags/example_time_delta_sensor_async.py for tasks to queue
[2025-12-24T09:09:22.697+0000] {logging_mixin.py:190} INFO - [2025-12-24T09:09:22.696+0000] {dagbag.py:588} INFO - Filling up the DagBag from /home/airflow/.local/lib/python3.11/site-packages/airflow/example_dags/example_time_delta_sensor_async.py
[2025-12-24T09:09:22.707+0000] {processor.py:925} INFO - DAG(s) 'example_time_delta_sensor_async' retrieved from /home/airflow/.local/lib/python3.11/site-packages/airflow/example_dags/example_time_delta_sensor_async.py
[2025-12-24T09:09:22.735+0000] {logging_mixin.py:190} INFO - [2025-12-24T09:09:22.734+0000] {dag.py:3239} INFO - Sync 1 DAGs
[2025-12-24T09:09:22.752+0000] {logging_mixin.py:190} INFO - [2025-12-24T09:09:22.751+0000] {dag.py:4180} INFO - Setting next_dagrun for example_time_delta_sensor_async to None, run_after=None
[2025-12-24T09:09:22.776+0000] {processor.py:208} INFO - Processing /home/airflow/.local/lib/python3.11/site-packages/airflow/example_dags/example_time_delta_sensor_async.py took 0.093 seconds
[2025-12-24T09:09:21.572+0000] {processor.py:186} INFO - Started process (PID=1167) to work on /home/airflow/.local/lib/python3.11/site-packages/airflow/example_dags/example_time_delta_sensor_async.py
[2025-12-24T09:09:21.573+0000] {processor.py:914} INFO - Processing file /home/airflow/.local/lib/python3.11/site-packages/airflow/example_dags/example_time_delta_sensor_async.py for tasks to queue
[2025-12-24T09:09:21.578+0000] {logging_mixin.py:190} INFO - [2025-12-24T09:09:21.577+0000] {dagbag.py:588} INFO - Filling up the DagBag from /home/airflow/.local/lib/python3.11/site-packages/airflow/example_dags/example_time_delta_sensor_async.py
[2025-12-24T09:09:21.590+0000] {processor.py:925} INFO - DAG(s) 'example_time_delta_sensor_async' retrieved from /home/airflow/.local/lib/python3.11/site-packages/airflow/example_dags/example_time_delta_sensor_async.py
[2025-12-24T09:09:21.629+0000] {logging_mixin.py:190} INFO - [2025-12-24T09:09:21.626+0000] {dag.py:3239} INFO - Sync 1 DAGs
[2025-12-24T09:09:21.655+0000] {logging_mixin.py:190} INFO - [2025-12-24T09:09:21.655+0000] {dag.py:4180} INFO - Setting next_dagrun for example_time_delta_sensor_async to None, run_after=None
[2025-12-24T09:09:22.103+0000] {processor.py:208} INFO - Processing /home/airflow/.local/lib/python3.11/site-packages/airflow/example_dags/example_time_delta_sensor_async.py took 0.542 seconds
[2025-12-24T09:10:28.091+0000] {processor.py:186} INFO - Started process (PID=1226) to work on /home/airflow/.local/lib/python3.11/site-packages/airflow/example_dags/example_time_delta_sensor_async.py
[2025-12-24T09:10:28.093+0000] {processor.py:914} INFO - Processing file /home/airflow/.local/lib/python3.11/site-packages/airflow/example_dags/example_time_delta_sensor_async.py for tasks to queue
[2025-12-24T09:10:28.097+0000] {logging_mixin.py:190} INFO - [2025-12-24T09:10:28.096+0000] {dagbag.py:588} INFO - Filling up the DagBag from /home/airflow/.local/lib/python3.11/site-packages/airflow/example_dags/example_time_delta_sensor_async.py
[2025-12-24T09:10:28.107+0000] {processor.py:925} INFO - DAG(s) 'example_time_delta_sensor_async' retrieved from /home/airflow/.local/lib/python3.11/site-packages/airflow/example_dags/example_time_delta_sensor_async.py
[2025-12-24T09:10:28.136+0000] {logging_mixin.py:190} INFO - [2025-12-24T09:10:28.135+0000] {dag.py:3239} INFO - Sync 1 DAGs
[2025-12-24T09:10:28.155+0000] {logging_mixin.py:190} INFO - [2025-12-24T09:10:28.155+0000] {dag.py:4180} INFO - Setting next_dagrun for example_time_delta_sensor_async to None, run_after=None
[2025-12-24T09:10:28.185+0000] {processor.py:208} INFO - Processing /home/airflow/.local/lib/python3.11/site-packages/airflow/example_dags/example_time_delta_sensor_async.py took 0.103 seconds
[2025-12-24T09:10:21.677+0000] {processor.py:186} INFO - Started process (PID=1298) to work on /home/airflow/.local/lib/python3.11/site-packages/airflow/example_dags/example_time_delta_sensor_async.py
[2025-12-24T09:10:21.678+0000] {processor.py:914} INFO - Processing file /home/airflow/.local/lib/python3.11/site-packages/airflow/example_dags/example_time_delta_sensor_async.py for tasks to queue
[2025-12-24T09:10:21.682+0000] {logging_mixin.py:190} INFO - [2025-12-24T09:10:21.682+0000] {dagbag.py:588} INFO - Filling up the DagBag from /home/airflow/.local/lib/python3.11/site-packages/airflow/example_dags/example_time_delta_sensor_async.py
[2025-12-24T09:10:21.693+0000] {processor.py:925} INFO - DAG(s) 'example_time_delta_sensor_async' retrieved from /home/airflow/.local/lib/python3.11/site-packages/airflow/example_dags/example_time_delta_sensor_async.py
[2025-12-24T09:10:21.724+0000] {logging_mixin.py:190} INFO - [2025-12-24T09:10:21.723+0000] {dag.py:3239} INFO - Sync 1 DAGs
[2025-12-24T09:10:21.743+0000] {logging_mixin.py:190} INFO - [2025-12-24T09:10:21.743+0000] {dag.py:4180} INFO - Setting next_dagrun for example_time_delta_sensor_async to None, run_after=None
[2025-12-24T09:10:21.772+0000] {processor.py:208} INFO - Processing /home/airflow/.local/lib/python3.11/site-packages/airflow/example_dags/example_time_delta_sensor_async.py took 0.104 seconds
[2025-12-24T09:11:33.561+0000] {processor.py:186} INFO - Started process (PID=1346) to work on /home/airflow/.local/lib/python3.11/site-packages/airflow/example_dags/example_time_delta_sensor_async.py
[2025-12-24T09:11:33.562+0000] {processor.py:914} INFO - Processing file /home/airflow/.local/lib/python3.11/site-packages/airflow/example_dags/example_time_delta_sensor_async.py for tasks to queue
[2025-12-24T09:11:33.566+0000] {logging_mixin.py:190} INFO - [2025-12-24T09:11:33.565+0000] {dagbag.py:588} INFO - Filling up the DagBag from /home/airflow/.local/lib/python3.11/site-packages/airflow/example_dags/example_time_delta_sensor_async.py
[2025-12-24T09:11:33.576+0000] {processor.py:925} INFO - DAG(s) 'example_time_delta_sensor_async' retrieved from /home/airflow/.local/lib/python3.11/site-packages/airflow/example_dags/example_time_delta_sensor_async.py
[2025-12-24T09:11:33.606+0000] {logging_mixin.py:190} INFO - [2025-12-24T09:11:33.606+0000] {dag.py:3239} INFO - Sync 1 DAGs
[2025-12-24T09:11:33.626+0000] {logging_mixin.py:190} INFO - [2025-12-24T09:11:33.626+0000] {dag.py:4180} INFO - Setting next_dagrun for example_time_delta_sensor_async to None, run_after=None
[2025-12-24T09:11:33.654+0000] {processor.py:208} INFO - Processing /home/airflow/.local/lib/python3.11/site-packages/airflow/example_dags/example_time_delta_sensor_async.py took 0.105 seconds
[2025-12-24T09:12:34.078+0000] {processor.py:186} INFO - Started process (PID=1529) to work on /home/airflow/.local/lib/python3.11/site-packages/airflow/example_dags/example_time_delta_sensor_async.py
[2025-12-24T09:12:34.080+0000] {processor.py:914} INFO - Processing file /home/airflow/.local/lib/python3.11/site-packages/airflow/example_dags/example_time_delta_sensor_async.py for tasks to queue
[2025-12-24T09:12:34.083+0000] {logging_mixin.py:190} INFO - [2025-12-24T09:12:34.083+0000] {dagbag.py:588} INFO - Filling up the DagBag from /home/airflow/.local/lib/python3.11/site-packages/airflow/example_dags/example_time_delta_sensor_async.py
[2025-12-24T09:12:34.093+0000] {processor.py:925} INFO - DAG(s) 'example_time_delta_sensor_async' retrieved from /home/airflow/.local/lib/python3.11/site-packages/airflow/example_dags/example_time_delta_sensor_async.py
[2025-12-24T09:12:34.122+0000] {logging_mixin.py:190} INFO - [2025-12-24T09:12:34.121+0000] {dag.py:3239} INFO - Sync 1 DAGs
[2025-12-24T09:12:34.140+0000] {logging_mixin.py:190} INFO - [2025-12-24T09:12:34.140+0000] {dag.py:4180} INFO - Setting next_dagrun for example_time_delta_sensor_async to None, run_after=None
[2025-12-24T09:12:34.166+0000] {processor.py:208} INFO - Processing /home/airflow/.local/lib/python3.11/site-packages/airflow/example_dags/example_time_delta_sensor_async.py took 0.097 seconds
[2025-12-24T09:12:45.917+0000] {processor.py:186} INFO - Started process (PID=1595) to work on /home/airflow/.local/lib/python3.11/site-packages/airflow/example_dags/example_time_delta_sensor_async.py
[2025-12-24T09:12:45.918+0000] {processor.py:914} INFO - Processing file /home/airflow/.local/lib/python3.11/site-packages/airflow/example_dags/example_time_delta_sensor_async.py for tasks to queue
[2025-12-24T09:12:45.922+0000] {logging_mixin.py:190} INFO - [2025-12-24T09:12:45.922+0000] {dagbag.py:588} INFO - Filling up the DagBag from /home/airflow/.local/lib/python3.11/site-packages/airflow/example_dags/example_time_delta_sensor_async.py
[2025-12-24T09:12:45.932+0000] {processor.py:925} INFO - DAG(s) 'example_time_delta_sensor_async' retrieved from /home/airflow/.local/lib/python3.11/site-packages/airflow/example_dags/example_time_delta_sensor_async.py
[2025-12-24T09:12:45.965+0000] {logging_mixin.py:190} INFO - [2025-12-24T09:12:45.961+0000] {dag.py:3239} INFO - Sync 1 DAGs
[2025-12-24T09:12:45.993+0000] {logging_mixin.py:190} INFO - [2025-12-24T09:12:45.993+0000] {dag.py:4180} INFO - Setting next_dagrun for example_time_delta_sensor_async to None, run_after=None
[2025-12-24T09:12:46.018+0000] {processor.py:208} INFO - Processing /home/airflow/.local/lib/python3.11/site-packages/airflow/example_dags/example_time_delta_sensor_async.py took 0.110 seconds
[2025-12-24T09:13:35.092+0000] {processor.py:186} INFO - Started process (PID=1662) to work on /home/airflow/.local/lib/python3.11/site-packages/airflow/example_dags/example_time_delta_sensor_async.py
[2025-12-24T09:13:35.095+0000] {processor.py:914} INFO - Processing file /home/airflow/.local/lib/python3.11/site-packages/airflow/example_dags/example_time_delta_sensor_async.py for tasks to queue
[2025-12-24T09:13:35.102+0000] {logging_mixin.py:190} INFO - [2025-12-24T09:13:35.101+0000] {dagbag.py:588} INFO - Filling up the DagBag from /home/airflow/.local/lib/python3.11/site-packages/airflow/example_dags/example_time_delta_sensor_async.py
[2025-12-24T09:13:35.120+0000] {processor.py:925} INFO - DAG(s) 'example_time_delta_sensor_async' retrieved from /home/airflow/.local/lib/python3.11/site-packages/airflow/example_dags/example_time_delta_sensor_async.py
[2025-12-24T09:13:35.161+0000] {logging_mixin.py:190} INFO - [2025-12-24T09:13:35.161+0000] {dag.py:3239} INFO - Sync 1 DAGs
[2025-12-24T09:13:35.185+0000] {logging_mixin.py:190} INFO - [2025-12-24T09:13:35.184+0000] {dag.py:4180} INFO - Setting next_dagrun for example_time_delta_sensor_async to None, run_after=None
[2025-12-24T09:13:35.217+0000] {processor.py:208} INFO - Processing /home/airflow/.local/lib/python3.11/site-packages/airflow/example_dags/example_time_delta_sensor_async.py took 0.138 seconds
[2025-12-24T09:14:29.338+0000] {processor.py:186} INFO - Started process (PID=1718) to work on /home/airflow/.local/lib/python3.11/site-packages/airflow/example_dags/example_time_delta_sensor_async.py
[2025-12-24T09:14:29.340+0000] {processor.py:914} INFO - Processing file /home/airflow/.local/lib/python3.11/site-packages/airflow/example_dags/example_time_delta_sensor_async.py for tasks to queue
[2025-12-24T09:14:29.343+0000] {logging_mixin.py:190} INFO - [2025-12-24T09:14:29.343+0000] {dagbag.py:588} INFO - Filling up the DagBag from /home/airflow/.local/lib/python3.11/site-packages/airflow/example_dags/example_time_delta_sensor_async.py
[2025-12-24T09:14:29.355+0000] {processor.py:925} INFO - DAG(s) 'example_time_delta_sensor_async' retrieved from /home/airflow/.local/lib/python3.11/site-packages/airflow/example_dags/example_time_delta_sensor_async.py
[2025-12-24T09:14:29.388+0000] {logging_mixin.py:190} INFO - [2025-12-24T09:14:29.387+0000] {dag.py:3239} INFO - Sync 1 DAGs
[2025-12-24T09:14:29.405+0000] {logging_mixin.py:190} INFO - [2025-12-24T09:14:29.404+0000] {dag.py:4180} INFO - Setting next_dagrun for example_time_delta_sensor_async to None, run_after=None
[2025-12-24T09:14:29.433+0000] {processor.py:208} INFO - Processing /home/airflow/.local/lib/python3.11/site-packages/airflow/example_dags/example_time_delta_sensor_async.py took 0.104 seconds
[2025-12-24T09:14:41.236+0000] {processor.py:186} INFO - Started process (PID=1784) to work on /home/airflow/.local/lib/python3.11/site-packages/airflow/example_dags/example_time_delta_sensor_async.py
[2025-12-24T09:14:41.238+0000] {processor.py:914} INFO - Processing file /home/airflow/.local/lib/python3.11/site-packages/airflow/example_dags/example_time_delta_sensor_async.py for tasks to queue
[2025-12-24T09:14:41.242+0000] {logging_mixin.py:190} INFO - [2025-12-24T09:14:41.241+0000] {dagbag.py:588} INFO - Filling up the DagBag from /home/airflow/.local/lib/python3.11/site-packages/airflow/example_dags/example_time_delta_sensor_async.py
[2025-12-24T09:14:41.256+0000] {processor.py:925} INFO - DAG(s) 'example_time_delta_sensor_async' retrieved from /home/airflow/.local/lib/python3.11/site-packages/airflow/example_dags/example_time_delta_sensor_async.py
[2025-12-24T09:14:41.286+0000] {logging_mixin.py:190} INFO - [2025-12-24T09:14:41.286+0000] {dag.py:3239} INFO - Sync 1 DAGs
[2025-12-24T09:14:41.303+0000] {logging_mixin.py:190} INFO - [2025-12-24T09:14:41.303+0000] {dag.py:4180} INFO - Setting next_dagrun for example_time_delta_sensor_async to None, run_after=None
[2025-12-24T09:14:41.332+0000] {processor.py:208} INFO - Processing /home/airflow/.local/lib/python3.11/site-packages/airflow/example_dags/example_time_delta_sensor_async.py took 0.105 seconds
[2025-12-24T09:15:12.943+0000] {processor.py:186} INFO - Started process (PID=1847) to work on /home/airflow/.local/lib/python3.11/site-packages/airflow/example_dags/example_time_delta_sensor_async.py
[2025-12-24T09:15:12.945+0000] {processor.py:914} INFO - Processing file /home/airflow/.local/lib/python3.11/site-packages/airflow/example_dags/example_time_delta_sensor_async.py for tasks to queue
[2025-12-24T09:15:12.950+0000] {logging_mixin.py:190} INFO - [2025-12-24T09:15:12.949+0000] {dagbag.py:588} INFO - Filling up the DagBag from /home/airflow/.local/lib/python3.11/site-packages/airflow/example_dags/example_time_delta_sensor_async.py
[2025-12-24T09:15:12.966+0000] {processor.py:925} INFO - DAG(s) 'example_time_delta_sensor_async' retrieved from /home/airflow/.local/lib/python3.11/site-packages/airflow/example_dags/example_time_delta_sensor_async.py
[2025-12-24T09:15:12.997+0000] {logging_mixin.py:190} INFO - [2025-12-24T09:15:12.997+0000] {dag.py:3239} INFO - Sync 1 DAGs
[2025-12-24T09:15:13.015+0000] {logging_mixin.py:190} INFO - [2025-12-24T09:15:13.015+0000] {dag.py:4180} INFO - Setting next_dagrun for example_time_delta_sensor_async to None, run_after=None
[2025-12-24T09:15:13.041+0000] {processor.py:208} INFO - Processing /home/airflow/.local/lib/python3.11/site-packages/airflow/example_dags/example_time_delta_sensor_async.py took 0.111 seconds
[2025-12-24T09:15:44.037+0000] {processor.py:186} INFO - Started process (PID=1908) to work on /home/airflow/.local/lib/python3.11/site-packages/airflow/example_dags/example_time_delta_sensor_async.py
[2025-12-24T09:15:44.038+0000] {processor.py:914} INFO - Processing file /home/airflow/.local/lib/python3.11/site-packages/airflow/example_dags/example_time_delta_sensor_async.py for tasks to queue
[2025-12-24T09:15:44.042+0000] {logging_mixin.py:190} INFO - [2025-12-24T09:15:44.042+0000] {dagbag.py:588} INFO - Filling up the DagBag from /home/airflow/.local/lib/python3.11/site-packages/airflow/example_dags/example_time_delta_sensor_async.py
[2025-12-24T09:15:44.053+0000] {processor.py:925} INFO - DAG(s) 'example_time_delta_sensor_async' retrieved from /home/airflow/.local/lib/python3.11/site-packages/airflow/example_dags/example_time_delta_sensor_async.py
[2025-12-24T09:15:44.084+0000] {logging_mixin.py:190} INFO - [2025-12-24T09:15:44.083+0000] {dag.py:3239} INFO - Sync 1 DAGs
[2025-12-24T09:15:44.102+0000] {logging_mixin.py:190} INFO - [2025-12-24T09:15:44.101+0000] {dag.py:4180} INFO - Setting next_dagrun for example_time_delta_sensor_async to None, run_after=None
[2025-12-24T09:15:44.134+0000] {processor.py:208} INFO - Processing /home/airflow/.local/lib/python3.11/site-packages/airflow/example_dags/example_time_delta_sensor_async.py took 0.107 seconds
[2025-12-24T09:16:43.276+0000] {processor.py:186} INFO - Started process (PID=1972) to work on /home/airflow/.local/lib/python3.11/site-packages/airflow/example_dags/example_time_delta_sensor_async.py
[2025-12-24T09:16:43.279+0000] {processor.py:914} INFO - Processing file /home/airflow/.local/lib/python3.11/site-packages/airflow/example_dags/example_time_delta_sensor_async.py for tasks to queue
[2025-12-24T09:16:43.283+0000] {logging_mixin.py:190} INFO - [2025-12-24T09:16:43.283+0000] {dagbag.py:588} INFO - Filling up the DagBag from /home/airflow/.local/lib/python3.11/site-packages/airflow/example_dags/example_time_delta_sensor_async.py
[2025-12-24T09:16:43.294+0000] {processor.py:925} INFO - DAG(s) 'example_time_delta_sensor_async' retrieved from /home/airflow/.local/lib/python3.11/site-packages/airflow/example_dags/example_time_delta_sensor_async.py
[2025-12-24T09:16:43.327+0000] {logging_mixin.py:190} INFO - [2025-12-24T09:16:43.327+0000] {dag.py:3239} INFO - Sync 1 DAGs
[2025-12-24T09:16:43.349+0000] {logging_mixin.py:190} INFO - [2025-12-24T09:16:43.349+0000] {dag.py:4180} INFO - Setting next_dagrun for example_time_delta_sensor_async to None, run_after=None
[2025-12-24T09:16:43.387+0000] {processor.py:208} INFO - Processing /home/airflow/.local/lib/python3.11/site-packages/airflow/example_dags/example_time_delta_sensor_async.py took 0.124 seconds
[2025-12-24T09:23:43.442+0000] {processor.py:186} INFO - Started process (PID=123) to work on /home/airflow/.local/lib/python3.11/site-packages/airflow/example_dags/example_time_delta_sensor_async.py
[2025-12-24T09:23:43.445+0000] {processor.py:914} INFO - Processing file /home/airflow/.local/lib/python3.11/site-packages/airflow/example_dags/example_time_delta_sensor_async.py for tasks to queue
[2025-12-24T09:23:43.451+0000] {logging_mixin.py:190} INFO - [2025-12-24T09:23:43.450+0000] {dagbag.py:588} INFO - Filling up the DagBag from /home/airflow/.local/lib/python3.11/site-packages/airflow/example_dags/example_time_delta_sensor_async.py
[2025-12-24T09:23:43.468+0000] {processor.py:925} INFO - DAG(s) 'example_time_delta_sensor_async' retrieved from /home/airflow/.local/lib/python3.11/site-packages/airflow/example_dags/example_time_delta_sensor_async.py
[2025-12-24T09:23:43.697+0000] {logging_mixin.py:190} INFO - [2025-12-24T09:23:43.696+0000] {override.py:1911} INFO - Created Permission View: can delete on DAG:example_time_delta_sensor_async
[2025-12-24T09:23:43.714+0000] {logging_mixin.py:190} INFO - [2025-12-24T09:23:43.714+0000] {override.py:1911} INFO - Created Permission View: can read on DAG:example_time_delta_sensor_async
[2025-12-24T09:23:43.727+0000] {logging_mixin.py:190} INFO - [2025-12-24T09:23:43.727+0000] {override.py:1911} INFO - Created Permission View: can edit on DAG:example_time_delta_sensor_async
[2025-12-24T09:23:43.745+0000] {logging_mixin.py:190} INFO - [2025-12-24T09:23:43.745+0000] {override.py:1911} INFO - Created Permission View: menu access on DAG Run:example_time_delta_sensor_async
[2025-12-24T09:23:43.770+0000] {logging_mixin.py:190} INFO - [2025-12-24T09:23:43.770+0000] {override.py:1911} INFO - Created Permission View: can create on DAG Run:example_time_delta_sensor_async
[2025-12-24T09:23:43.792+0000] {logging_mixin.py:190} INFO - [2025-12-24T09:23:43.792+0000] {override.py:1911} INFO - Created Permission View: can delete on DAG Run:example_time_delta_sensor_async
[2025-12-24T09:23:43.810+0000] {logging_mixin.py:190} INFO - [2025-12-24T09:23:43.809+0000] {override.py:1911} INFO - Created Permission View: can read on DAG Run:example_time_delta_sensor_async
[2025-12-24T09:23:43.813+0000] {logging_mixin.py:190} INFO - [2025-12-24T09:23:43.812+0000] {dag.py:3239} INFO - Sync 1 DAGs
[2025-12-24T09:23:43.837+0000] {logging_mixin.py:190} INFO - [2025-12-24T09:23:43.837+0000] {dag.py:3262} INFO - Creating ORM DAG for example_time_delta_sensor_async
[2025-12-24T09:23:43.839+0000] {logging_mixin.py:190} INFO - [2025-12-24T09:23:43.838+0000] {dag.py:4180} INFO - Setting next_dagrun for example_time_delta_sensor_async to None, run_after=None
[2025-12-24T09:23:43.899+0000] {processor.py:208} INFO - Processing /home/airflow/.local/lib/python3.11/site-packages/airflow/example_dags/example_time_delta_sensor_async.py took 0.469 seconds
[2025-12-24T09:23:59.301+0000] {processor.py:186} INFO - Started process (PID=157) to work on /home/airflow/.local/lib/python3.11/site-packages/airflow/example_dags/example_time_delta_sensor_async.py
[2025-12-24T09:23:59.303+0000] {processor.py:914} INFO - Processing file /home/airflow/.local/lib/python3.11/site-packages/airflow/example_dags/example_time_delta_sensor_async.py for tasks to queue
[2025-12-24T09:23:59.312+0000] {logging_mixin.py:190} INFO - [2025-12-24T09:23:59.311+0000] {dagbag.py:588} INFO - Filling up the DagBag from /home/airflow/.local/lib/python3.11/site-packages/airflow/example_dags/example_time_delta_sensor_async.py
[2025-12-24T09:23:59.331+0000] {processor.py:925} INFO - DAG(s) 'example_time_delta_sensor_async' retrieved from /home/airflow/.local/lib/python3.11/site-packages/airflow/example_dags/example_time_delta_sensor_async.py
[2025-12-24T09:23:59.359+0000] {logging_mixin.py:190} INFO - [2025-12-24T09:23:59.358+0000] {dag.py:3239} INFO - Sync 1 DAGs
[2025-12-24T09:23:59.381+0000] {logging_mixin.py:190} INFO - [2025-12-24T09:23:59.381+0000] {dag.py:4180} INFO - Setting next_dagrun for example_time_delta_sensor_async to None, run_after=None
[2025-12-24T09:23:59.419+0000] {processor.py:208} INFO - Processing /home/airflow/.local/lib/python3.11/site-packages/airflow/example_dags/example_time_delta_sensor_async.py took 0.130 seconds
[2025-12-24T09:24:05.744+0000] {processor.py:186} INFO - Started process (PID=197) to work on /home/airflow/.local/lib/python3.11/site-packages/airflow/example_dags/example_time_delta_sensor_async.py
[2025-12-24T09:24:05.746+0000] {processor.py:914} INFO - Processing file /home/airflow/.local/lib/python3.11/site-packages/airflow/example_dags/example_time_delta_sensor_async.py for tasks to queue
[2025-12-24T09:24:05.750+0000] {logging_mixin.py:190} INFO - [2025-12-24T09:24:05.750+0000] {dagbag.py:588} INFO - Filling up the DagBag from /home/airflow/.local/lib/python3.11/site-packages/airflow/example_dags/example_time_delta_sensor_async.py
[2025-12-24T09:24:05.765+0000] {processor.py:925} INFO - DAG(s) 'example_time_delta_sensor_async' retrieved from /home/airflow/.local/lib/python3.11/site-packages/airflow/example_dags/example_time_delta_sensor_async.py
[2025-12-24T09:24:05.787+0000] {logging_mixin.py:190} INFO - [2025-12-24T09:24:05.786+0000] {dag.py:3239} INFO - Sync 1 DAGs
[2025-12-24T09:24:05.806+0000] {logging_mixin.py:190} INFO - [2025-12-24T09:24:05.806+0000] {dag.py:4180} INFO - Setting next_dagrun for example_time_delta_sensor_async to None, run_after=None
[2025-12-24T09:24:05.847+0000] {processor.py:208} INFO - Processing /home/airflow/.local/lib/python3.11/site-packages/airflow/example_dags/example_time_delta_sensor_async.py took 0.115 seconds
[2025-12-24T09:24:17.399+0000] {processor.py:186} INFO - Started process (PID=254) to work on /home/airflow/.local/lib/python3.11/site-packages/airflow/example_dags/example_time_delta_sensor_async.py
[2025-12-24T09:24:17.401+0000] {processor.py:914} INFO - Processing file /home/airflow/.local/lib/python3.11/site-packages/airflow/example_dags/example_time_delta_sensor_async.py for tasks to queue
[2025-12-24T09:24:17.405+0000] {logging_mixin.py:190} INFO - [2025-12-24T09:24:17.405+0000] {dagbag.py:588} INFO - Filling up the DagBag from /home/airflow/.local/lib/python3.11/site-packages/airflow/example_dags/example_time_delta_sensor_async.py
[2025-12-24T09:24:17.418+0000] {processor.py:925} INFO - DAG(s) 'example_time_delta_sensor_async' retrieved from /home/airflow/.local/lib/python3.11/site-packages/airflow/example_dags/example_time_delta_sensor_async.py
[2025-12-24T09:24:17.481+0000] {logging_mixin.py:190} INFO - [2025-12-24T09:24:17.480+0000] {dag.py:3239} INFO - Sync 1 DAGs
[2025-12-24T09:24:17.503+0000] {logging_mixin.py:190} INFO - [2025-12-24T09:24:17.502+0000] {dag.py:4180} INFO - Setting next_dagrun for example_time_delta_sensor_async to None, run_after=None
[2025-12-24T09:24:17.535+0000] {processor.py:208} INFO - Processing /home/airflow/.local/lib/python3.11/site-packages/airflow/example_dags/example_time_delta_sensor_async.py took 0.149 seconds
[2025-12-24T09:24:57.860+0000] {processor.py:186} INFO - Started process (PID=370) to work on /home/airflow/.local/lib/python3.11/site-packages/airflow/example_dags/example_time_delta_sensor_async.py
[2025-12-24T09:24:57.862+0000] {processor.py:914} INFO - Processing file /home/airflow/.local/lib/python3.11/site-packages/airflow/example_dags/example_time_delta_sensor_async.py for tasks to queue
[2025-12-24T09:24:57.867+0000] {logging_mixin.py:190} INFO - [2025-12-24T09:24:57.866+0000] {dagbag.py:588} INFO - Filling up the DagBag from /home/airflow/.local/lib/python3.11/site-packages/airflow/example_dags/example_time_delta_sensor_async.py
[2025-12-24T09:24:57.883+0000] {processor.py:925} INFO - DAG(s) 'example_time_delta_sensor_async' retrieved from /home/airflow/.local/lib/python3.11/site-packages/airflow/example_dags/example_time_delta_sensor_async.py
[2025-12-24T09:24:57.926+0000] {logging_mixin.py:190} INFO - [2025-12-24T09:24:57.925+0000] {dag.py:3239} INFO - Sync 1 DAGs
[2025-12-24T09:24:57.951+0000] {logging_mixin.py:190} INFO - [2025-12-24T09:24:57.950+0000] {dag.py:4180} INFO - Setting next_dagrun for example_time_delta_sensor_async to None, run_after=None
[2025-12-24T09:24:57.992+0000] {processor.py:208} INFO - Processing /home/airflow/.local/lib/python3.11/site-packages/airflow/example_dags/example_time_delta_sensor_async.py took 0.145 seconds
[2025-12-24T09:25:15.894+0000] {processor.py:186} INFO - Started process (PID=430) to work on /home/airflow/.local/lib/python3.11/site-packages/airflow/example_dags/example_time_delta_sensor_async.py
[2025-12-24T09:25:15.896+0000] {processor.py:914} INFO - Processing file /home/airflow/.local/lib/python3.11/site-packages/airflow/example_dags/example_time_delta_sensor_async.py for tasks to queue
[2025-12-24T09:25:15.901+0000] {logging_mixin.py:190} INFO - [2025-12-24T09:25:15.900+0000] {dagbag.py:588} INFO - Filling up the DagBag from /home/airflow/.local/lib/python3.11/site-packages/airflow/example_dags/example_time_delta_sensor_async.py
[2025-12-24T09:25:15.910+0000] {processor.py:925} INFO - DAG(s) 'example_time_delta_sensor_async' retrieved from /home/airflow/.local/lib/python3.11/site-packages/airflow/example_dags/example_time_delta_sensor_async.py
[2025-12-24T09:25:15.939+0000] {logging_mixin.py:190} INFO - [2025-12-24T09:25:15.938+0000] {dag.py:3239} INFO - Sync 1 DAGs
[2025-12-24T09:25:15.956+0000] {logging_mixin.py:190} INFO - [2025-12-24T09:25:15.956+0000] {dag.py:4180} INFO - Setting next_dagrun for example_time_delta_sensor_async to None, run_after=None
[2025-12-24T09:25:15.994+0000] {processor.py:208} INFO - Processing /home/airflow/.local/lib/python3.11/site-packages/airflow/example_dags/example_time_delta_sensor_async.py took 0.109 seconds
[2025-12-24T09:25:22.297+0000] {processor.py:186} INFO - Started process (PID=484) to work on /home/airflow/.local/lib/python3.11/site-packages/airflow/example_dags/example_time_delta_sensor_async.py
[2025-12-24T09:25:22.298+0000] {processor.py:914} INFO - Processing file /home/airflow/.local/lib/python3.11/site-packages/airflow/example_dags/example_time_delta_sensor_async.py for tasks to queue
[2025-12-24T09:25:22.302+0000] {logging_mixin.py:190} INFO - [2025-12-24T09:25:22.302+0000] {dagbag.py:588} INFO - Filling up the DagBag from /home/airflow/.local/lib/python3.11/site-packages/airflow/example_dags/example_time_delta_sensor_async.py
[2025-12-24T09:25:22.312+0000] {processor.py:925} INFO - DAG(s) 'example_time_delta_sensor_async' retrieved from /home/airflow/.local/lib/python3.11/site-packages/airflow/example_dags/example_time_delta_sensor_async.py
[2025-12-24T09:25:22.344+0000] {logging_mixin.py:190} INFO - [2025-12-24T09:25:22.343+0000] {dag.py:3239} INFO - Sync 1 DAGs
[2025-12-24T09:25:22.362+0000] {logging_mixin.py:190} INFO - [2025-12-24T09:25:22.362+0000] {dag.py:4180} INFO - Setting next_dagrun for example_time_delta_sensor_async to None, run_after=None
[2025-12-24T09:25:22.387+0000] {processor.py:208} INFO - Processing /home/airflow/.local/lib/python3.11/site-packages/airflow/example_dags/example_time_delta_sensor_async.py took 0.100 seconds
[2025-12-24T09:25:58.910+0000] {processor.py:186} INFO - Started process (PID=575) to work on /home/airflow/.local/lib/python3.11/site-packages/airflow/example_dags/example_time_delta_sensor_async.py
[2025-12-24T09:25:58.912+0000] {processor.py:914} INFO - Processing file /home/airflow/.local/lib/python3.11/site-packages/airflow/example_dags/example_time_delta_sensor_async.py for tasks to queue
[2025-12-24T09:25:58.918+0000] {logging_mixin.py:190} INFO - [2025-12-24T09:25:58.917+0000] {dagbag.py:588} INFO - Filling up the DagBag from /home/airflow/.local/lib/python3.11/site-packages/airflow/example_dags/example_time_delta_sensor_async.py
[2025-12-24T09:25:58.937+0000] {processor.py:925} INFO - DAG(s) 'example_time_delta_sensor_async' retrieved from /home/airflow/.local/lib/python3.11/site-packages/airflow/example_dags/example_time_delta_sensor_async.py
[2025-12-24T09:25:58.980+0000] {logging_mixin.py:190} INFO - [2025-12-24T09:25:58.979+0000] {dag.py:3239} INFO - Sync 1 DAGs
[2025-12-24T09:25:59.003+0000] {logging_mixin.py:190} INFO - [2025-12-24T09:25:59.002+0000] {dag.py:4180} INFO - Setting next_dagrun for example_time_delta_sensor_async to None, run_after=None
[2025-12-24T09:25:59.061+0000] {processor.py:208} INFO - Processing /home/airflow/.local/lib/python3.11/site-packages/airflow/example_dags/example_time_delta_sensor_async.py took 0.164 seconds
[2025-12-24T09:26:50.198+0000] {processor.py:186} INFO - Started process (PID=638) to work on /home/airflow/.local/lib/python3.11/site-packages/airflow/example_dags/example_time_delta_sensor_async.py
[2025-12-24T09:26:50.201+0000] {processor.py:914} INFO - Processing file /home/airflow/.local/lib/python3.11/site-packages/airflow/example_dags/example_time_delta_sensor_async.py for tasks to queue
[2025-12-24T09:26:50.206+0000] {logging_mixin.py:190} INFO - [2025-12-24T09:26:50.206+0000] {dagbag.py:588} INFO - Filling up the DagBag from /home/airflow/.local/lib/python3.11/site-packages/airflow/example_dags/example_time_delta_sensor_async.py
[2025-12-24T09:26:50.220+0000] {processor.py:925} INFO - DAG(s) 'example_time_delta_sensor_async' retrieved from /home/airflow/.local/lib/python3.11/site-packages/airflow/example_dags/example_time_delta_sensor_async.py
[2025-12-24T09:26:50.256+0000] {logging_mixin.py:190} INFO - [2025-12-24T09:26:50.255+0000] {dag.py:3239} INFO - Sync 1 DAGs
[2025-12-24T09:26:50.275+0000] {logging_mixin.py:190} INFO - [2025-12-24T09:26:50.275+0000] {dag.py:4180} INFO - Setting next_dagrun for example_time_delta_sensor_async to None, run_after=None
[2025-12-24T09:26:07.981+0000] {processor.py:208} INFO - Processing /home/airflow/.local/lib/python3.11/site-packages/airflow/example_dags/example_time_delta_sensor_async.py took 0.120 seconds
[2025-12-24T09:26:15.961+0000] {processor.py:186} INFO - Started process (PID=692) to work on /home/airflow/.local/lib/python3.11/site-packages/airflow/example_dags/example_time_delta_sensor_async.py
[2025-12-24T09:26:15.963+0000] {processor.py:914} INFO - Processing file /home/airflow/.local/lib/python3.11/site-packages/airflow/example_dags/example_time_delta_sensor_async.py for tasks to queue
[2025-12-24T09:26:15.968+0000] {logging_mixin.py:190} INFO - [2025-12-24T09:26:15.967+0000] {dagbag.py:588} INFO - Filling up the DagBag from /home/airflow/.local/lib/python3.11/site-packages/airflow/example_dags/example_time_delta_sensor_async.py
[2025-12-24T09:26:15.986+0000] {processor.py:925} INFO - DAG(s) 'example_time_delta_sensor_async' retrieved from /home/airflow/.local/lib/python3.11/site-packages/airflow/example_dags/example_time_delta_sensor_async.py
[2025-12-24T09:26:16.022+0000] {logging_mixin.py:190} INFO - [2025-12-24T09:26:16.021+0000] {dag.py:3239} INFO - Sync 1 DAGs
[2025-12-24T09:26:16.045+0000] {logging_mixin.py:190} INFO - [2025-12-24T09:26:16.045+0000] {dag.py:4180} INFO - Setting next_dagrun for example_time_delta_sensor_async to None, run_after=None
[2025-12-24T09:26:16.074+0000] {processor.py:208} INFO - Processing /home/airflow/.local/lib/python3.11/site-packages/airflow/example_dags/example_time_delta_sensor_async.py took 0.124 seconds
[2025-12-24T09:26:26.951+0000] {processor.py:186} INFO - Started process (PID=744) to work on /home/airflow/.local/lib/python3.11/site-packages/airflow/example_dags/example_time_delta_sensor_async.py
[2025-12-24T09:26:26.952+0000] {processor.py:914} INFO - Processing file /home/airflow/.local/lib/python3.11/site-packages/airflow/example_dags/example_time_delta_sensor_async.py for tasks to queue
[2025-12-24T09:26:26.956+0000] {logging_mixin.py:190} INFO - [2025-12-24T09:26:26.955+0000] {dagbag.py:588} INFO - Filling up the DagBag from /home/airflow/.local/lib/python3.11/site-packages/airflow/example_dags/example_time_delta_sensor_async.py
[2025-12-24T09:26:26.967+0000] {processor.py:925} INFO - DAG(s) 'example_time_delta_sensor_async' retrieved from /home/airflow/.local/lib/python3.11/site-packages/airflow/example_dags/example_time_delta_sensor_async.py
[2025-12-24T09:26:27.016+0000] {logging_mixin.py:190} INFO - [2025-12-24T09:26:27.015+0000] {dag.py:3239} INFO - Sync 1 DAGs
[2025-12-24T09:26:27.038+0000] {logging_mixin.py:190} INFO - [2025-12-24T09:26:27.038+0000] {dag.py:4180} INFO - Setting next_dagrun for example_time_delta_sensor_async to None, run_after=None
[2025-12-24T09:26:27.076+0000] {processor.py:208} INFO - Processing /home/airflow/.local/lib/python3.11/site-packages/airflow/example_dags/example_time_delta_sensor_async.py took 0.135 seconds
[2025-12-24T09:27:20.231+0000] {processor.py:186} INFO - Started process (PID=802) to work on /home/airflow/.local/lib/python3.11/site-packages/airflow/example_dags/example_time_delta_sensor_async.py
[2025-12-24T09:27:20.233+0000] {processor.py:914} INFO - Processing file /home/airflow/.local/lib/python3.11/site-packages/airflow/example_dags/example_time_delta_sensor_async.py for tasks to queue
[2025-12-24T09:27:20.238+0000] {logging_mixin.py:190} INFO - [2025-12-24T09:27:20.238+0000] {dagbag.py:588} INFO - Filling up the DagBag from /home/airflow/.local/lib/python3.11/site-packages/airflow/example_dags/example_time_delta_sensor_async.py
[2025-12-24T09:27:20.254+0000] {processor.py:925} INFO - DAG(s) 'example_time_delta_sensor_async' retrieved from /home/airflow/.local/lib/python3.11/site-packages/airflow/example_dags/example_time_delta_sensor_async.py
[2025-12-24T09:27:20.297+0000] {logging_mixin.py:190} INFO - [2025-12-24T09:27:20.296+0000] {dag.py:3239} INFO - Sync 1 DAGs
[2025-12-24T09:27:20.326+0000] {logging_mixin.py:190} INFO - [2025-12-24T09:27:20.326+0000] {dag.py:4180} INFO - Setting next_dagrun for example_time_delta_sensor_async to None, run_after=None
[2025-12-24T09:26:38.046+0000] {processor.py:208} INFO - Processing /home/airflow/.local/lib/python3.11/site-packages/airflow/example_dags/example_time_delta_sensor_async.py took 0.153 seconds
[2025-12-24T09:26:49.155+0000] {processor.py:186} INFO - Started process (PID=855) to work on /home/airflow/.local/lib/python3.11/site-packages/airflow/example_dags/example_time_delta_sensor_async.py
[2025-12-24T09:26:49.156+0000] {processor.py:914} INFO - Processing file /home/airflow/.local/lib/python3.11/site-packages/airflow/example_dags/example_time_delta_sensor_async.py for tasks to queue
[2025-12-24T09:26:49.161+0000] {logging_mixin.py:190} INFO - [2025-12-24T09:26:49.160+0000] {dagbag.py:588} INFO - Filling up the DagBag from /home/airflow/.local/lib/python3.11/site-packages/airflow/example_dags/example_time_delta_sensor_async.py
[2025-12-24T09:26:49.174+0000] {processor.py:925} INFO - DAG(s) 'example_time_delta_sensor_async' retrieved from /home/airflow/.local/lib/python3.11/site-packages/airflow/example_dags/example_time_delta_sensor_async.py
[2025-12-24T09:26:49.214+0000] {logging_mixin.py:190} INFO - [2025-12-24T09:26:49.214+0000] {dag.py:3239} INFO - Sync 1 DAGs
[2025-12-24T09:26:49.237+0000] {logging_mixin.py:190} INFO - [2025-12-24T09:26:49.237+0000] {dag.py:4180} INFO - Setting next_dagrun for example_time_delta_sensor_async to None, run_after=None
[2025-12-24T09:26:49.272+0000] {processor.py:208} INFO - Processing /home/airflow/.local/lib/python3.11/site-packages/airflow/example_dags/example_time_delta_sensor_async.py took 0.127 seconds
[2025-12-24T09:27:45.967+0000] {processor.py:186} INFO - Started process (PID=917) to work on /home/airflow/.local/lib/python3.11/site-packages/airflow/example_dags/example_time_delta_sensor_async.py
[2025-12-24T09:27:45.969+0000] {processor.py:914} INFO - Processing file /home/airflow/.local/lib/python3.11/site-packages/airflow/example_dags/example_time_delta_sensor_async.py for tasks to queue
[2025-12-24T09:27:45.974+0000] {logging_mixin.py:190} INFO - [2025-12-24T09:27:45.974+0000] {dagbag.py:588} INFO - Filling up the DagBag from /home/airflow/.local/lib/python3.11/site-packages/airflow/example_dags/example_time_delta_sensor_async.py
[2025-12-24T09:27:45.986+0000] {processor.py:925} INFO - DAG(s) 'example_time_delta_sensor_async' retrieved from /home/airflow/.local/lib/python3.11/site-packages/airflow/example_dags/example_time_delta_sensor_async.py
[2025-12-24T09:27:46.019+0000] {logging_mixin.py:190} INFO - [2025-12-24T09:27:46.019+0000] {dag.py:3239} INFO - Sync 1 DAGs
[2025-12-24T09:27:46.040+0000] {logging_mixin.py:190} INFO - [2025-12-24T09:27:46.039+0000] {dag.py:4180} INFO - Setting next_dagrun for example_time_delta_sensor_async to None, run_after=None
[2025-12-24T09:27:46.065+0000] {processor.py:208} INFO - Processing /home/airflow/.local/lib/python3.11/site-packages/airflow/example_dags/example_time_delta_sensor_async.py took 0.107 seconds
[2025-12-24T09:27:53.429+0000] {processor.py:186} INFO - Started process (PID=985) to work on /home/airflow/.local/lib/python3.11/site-packages/airflow/example_dags/example_time_delta_sensor_async.py
[2025-12-24T09:27:53.430+0000] {processor.py:914} INFO - Processing file /home/airflow/.local/lib/python3.11/site-packages/airflow/example_dags/example_time_delta_sensor_async.py for tasks to queue
[2025-12-24T09:27:53.436+0000] {logging_mixin.py:190} INFO - [2025-12-24T09:27:53.435+0000] {dagbag.py:588} INFO - Filling up the DagBag from /home/airflow/.local/lib/python3.11/site-packages/airflow/example_dags/example_time_delta_sensor_async.py
[2025-12-24T09:27:53.449+0000] {processor.py:925} INFO - DAG(s) 'example_time_delta_sensor_async' retrieved from /home/airflow/.local/lib/python3.11/site-packages/airflow/example_dags/example_time_delta_sensor_async.py
[2025-12-24T09:27:53.485+0000] {logging_mixin.py:190} INFO - [2025-12-24T09:27:53.484+0000] {dag.py:3239} INFO - Sync 1 DAGs
[2025-12-24T09:27:53.505+0000] {logging_mixin.py:190} INFO - [2025-12-24T09:27:53.504+0000] {dag.py:4180} INFO - Setting next_dagrun for example_time_delta_sensor_async to None, run_after=None
[2025-12-24T09:27:53.548+0000] {processor.py:208} INFO - Processing /home/airflow/.local/lib/python3.11/site-packages/airflow/example_dags/example_time_delta_sensor_async.py took 0.130 seconds
[2025-12-24T09:28:45.455+0000] {processor.py:186} INFO - Started process (PID=1050) to work on /home/airflow/.local/lib/python3.11/site-packages/airflow/example_dags/example_time_delta_sensor_async.py
[2025-12-24T09:28:45.458+0000] {processor.py:914} INFO - Processing file /home/airflow/.local/lib/python3.11/site-packages/airflow/example_dags/example_time_delta_sensor_async.py for tasks to queue
[2025-12-24T09:28:45.463+0000] {logging_mixin.py:190} INFO - [2025-12-24T09:28:45.463+0000] {dagbag.py:588} INFO - Filling up the DagBag from /home/airflow/.local/lib/python3.11/site-packages/airflow/example_dags/example_time_delta_sensor_async.py
[2025-12-24T09:28:45.479+0000] {processor.py:925} INFO - DAG(s) 'example_time_delta_sensor_async' retrieved from /home/airflow/.local/lib/python3.11/site-packages/airflow/example_dags/example_time_delta_sensor_async.py
[2025-12-24T09:28:03.205+0000] {logging_mixin.py:190} INFO - [2025-12-24T09:28:03.204+0000] {dag.py:3239} INFO - Sync 1 DAGs
[2025-12-24T09:28:03.230+0000] {logging_mixin.py:190} INFO - [2025-12-24T09:28:03.230+0000] {dag.py:4180} INFO - Setting next_dagrun for example_time_delta_sensor_async to None, run_after=None
[2025-12-24T09:28:03.270+0000] {processor.py:208} INFO - Processing /home/airflow/.local/lib/python3.11/site-packages/airflow/example_dags/example_time_delta_sensor_async.py took 0.146 seconds
[2025-12-24T09:28:17.374+0000] {processor.py:186} INFO - Started process (PID=1107) to work on /home/airflow/.local/lib/python3.11/site-packages/airflow/example_dags/example_time_delta_sensor_async.py
[2025-12-24T09:28:17.375+0000] {processor.py:914} INFO - Processing file /home/airflow/.local/lib/python3.11/site-packages/airflow/example_dags/example_time_delta_sensor_async.py for tasks to queue
[2025-12-24T09:28:17.379+0000] {logging_mixin.py:190} INFO - [2025-12-24T09:28:17.379+0000] {dagbag.py:588} INFO - Filling up the DagBag from /home/airflow/.local/lib/python3.11/site-packages/airflow/example_dags/example_time_delta_sensor_async.py
[2025-12-24T09:28:17.389+0000] {processor.py:925} INFO - DAG(s) 'example_time_delta_sensor_async' retrieved from /home/airflow/.local/lib/python3.11/site-packages/airflow/example_dags/example_time_delta_sensor_async.py
[2025-12-24T09:28:17.420+0000] {logging_mixin.py:190} INFO - [2025-12-24T09:28:17.419+0000] {dag.py:3239} INFO - Sync 1 DAGs
[2025-12-24T09:28:17.436+0000] {logging_mixin.py:190} INFO - [2025-12-24T09:28:17.436+0000] {dag.py:4180} INFO - Setting next_dagrun for example_time_delta_sensor_async to None, run_after=None
[2025-12-24T09:28:17.469+0000] {processor.py:208} INFO - Processing /home/airflow/.local/lib/python3.11/site-packages/airflow/example_dags/example_time_delta_sensor_async.py took 0.105 seconds
[2025-12-24T09:29:16.349+0000] {processor.py:186} INFO - Started process (PID=1167) to work on /home/airflow/.local/lib/python3.11/site-packages/airflow/example_dags/example_time_delta_sensor_async.py
[2025-12-24T09:29:16.352+0000] {processor.py:914} INFO - Processing file /home/airflow/.local/lib/python3.11/site-packages/airflow/example_dags/example_time_delta_sensor_async.py for tasks to queue
[2025-12-24T09:29:16.358+0000] {logging_mixin.py:190} INFO - [2025-12-24T09:29:16.357+0000] {dagbag.py:588} INFO - Filling up the DagBag from /home/airflow/.local/lib/python3.11/site-packages/airflow/example_dags/example_time_delta_sensor_async.py
[2025-12-24T09:29:16.370+0000] {processor.py:925} INFO - DAG(s) 'example_time_delta_sensor_async' retrieved from /home/airflow/.local/lib/python3.11/site-packages/airflow/example_dags/example_time_delta_sensor_async.py
[2025-12-24T09:29:16.403+0000] {logging_mixin.py:190} INFO - [2025-12-24T09:29:16.402+0000] {dag.py:3239} INFO - Sync 1 DAGs
[2025-12-24T09:29:16.425+0000] {logging_mixin.py:190} INFO - [2025-12-24T09:29:16.424+0000] {dag.py:4180} INFO - Setting next_dagrun for example_time_delta_sensor_async to None, run_after=None
[2025-12-24T09:29:16.457+0000] {processor.py:208} INFO - Processing /home/airflow/.local/lib/python3.11/site-packages/airflow/example_dags/example_time_delta_sensor_async.py took 0.125 seconds
