[2025-12-24T09:03:04.424+0000] {processor.py:186} INFO - Started process (PID=115) to work on /home/airflow/.local/lib/python3.11/site-packages/airflow/example_dags/example_python_decorator.py
[2025-12-24T09:03:04.426+0000] {processor.py:914} INFO - Processing file /home/airflow/.local/lib/python3.11/site-packages/airflow/example_dags/example_python_decorator.py for tasks to queue
[2025-12-24T09:03:04.432+0000] {logging_mixin.py:190} INFO - [2025-12-24T09:03:04.432+0000] {dagbag.py:588} INFO - Filling up the DagBag from /home/airflow/.local/lib/python3.11/site-packages/airflow/example_dags/example_python_decorator.py
[2025-12-24T09:03:04.465+0000] {processor.py:925} INFO - DAG(s) 'example_python_decorator' retrieved from /home/airflow/.local/lib/python3.11/site-packages/airflow/example_dags/example_python_decorator.py
[2025-12-24T09:03:04.690+0000] {logging_mixin.py:190} INFO - [2025-12-24T09:03:04.689+0000] {override.py:1911} INFO - Created Permission View: can edit on DAG:example_python_decorator
[2025-12-24T09:03:04.708+0000] {logging_mixin.py:190} INFO - [2025-12-24T09:03:04.708+0000] {override.py:1911} INFO - Created Permission View: can read on DAG:example_python_decorator
[2025-12-24T09:03:04.722+0000] {logging_mixin.py:190} INFO - [2025-12-24T09:03:04.722+0000] {override.py:1911} INFO - Created Permission View: can delete on DAG:example_python_decorator
[2025-12-24T09:03:04.741+0000] {logging_mixin.py:190} INFO - [2025-12-24T09:03:04.741+0000] {override.py:1911} INFO - Created Permission View: can read on DAG Run:example_python_decorator
[2025-12-24T09:03:04.759+0000] {logging_mixin.py:190} INFO - [2025-12-24T09:03:04.759+0000] {override.py:1911} INFO - Created Permission View: can create on DAG Run:example_python_decorator
[2025-12-24T09:03:04.774+0000] {logging_mixin.py:190} INFO - [2025-12-24T09:03:04.774+0000] {override.py:1911} INFO - Created Permission View: can delete on DAG Run:example_python_decorator
[2025-12-24T09:03:04.789+0000] {logging_mixin.py:190} INFO - [2025-12-24T09:03:04.788+0000] {override.py:1911} INFO - Created Permission View: menu access on DAG Run:example_python_decorator
[2025-12-24T09:03:04.790+0000] {logging_mixin.py:190} INFO - [2025-12-24T09:03:04.790+0000] {dag.py:3239} INFO - Sync 1 DAGs
[2025-12-24T09:03:04.808+0000] {logging_mixin.py:190} INFO - [2025-12-24T09:03:04.808+0000] {dag.py:3262} INFO - Creating ORM DAG for example_python_decorator
[2025-12-24T09:03:04.810+0000] {logging_mixin.py:190} INFO - [2025-12-24T09:03:04.810+0000] {dag.py:4180} INFO - Setting next_dagrun for example_python_decorator to None, run_after=None
[2025-12-24T09:03:04.848+0000] {processor.py:208} INFO - Processing /home/airflow/.local/lib/python3.11/site-packages/airflow/example_dags/example_python_decorator.py took 0.436 seconds
[2025-12-24T09:03:15.304+0000] {processor.py:186} INFO - Started process (PID=181) to work on /home/airflow/.local/lib/python3.11/site-packages/airflow/example_dags/example_python_decorator.py
[2025-12-24T09:03:15.308+0000] {processor.py:914} INFO - Processing file /home/airflow/.local/lib/python3.11/site-packages/airflow/example_dags/example_python_decorator.py for tasks to queue
[2025-12-24T09:03:15.320+0000] {logging_mixin.py:190} INFO - [2025-12-24T09:03:15.319+0000] {dagbag.py:588} INFO - Filling up the DagBag from /home/airflow/.local/lib/python3.11/site-packages/airflow/example_dags/example_python_decorator.py
[2025-12-24T09:03:15.351+0000] {processor.py:925} INFO - DAG(s) 'example_python_decorator' retrieved from /home/airflow/.local/lib/python3.11/site-packages/airflow/example_dags/example_python_decorator.py
[2025-12-24T09:03:15.378+0000] {logging_mixin.py:190} INFO - [2025-12-24T09:03:15.377+0000] {dag.py:3239} INFO - Sync 1 DAGs
[2025-12-24T09:03:15.406+0000] {logging_mixin.py:190} INFO - [2025-12-24T09:03:15.406+0000] {dag.py:4180} INFO - Setting next_dagrun for example_python_decorator to None, run_after=None
[2025-12-24T09:03:15.440+0000] {processor.py:208} INFO - Processing /home/airflow/.local/lib/python3.11/site-packages/airflow/example_dags/example_python_decorator.py took 0.152 seconds
[2025-12-24T09:04:18.560+0000] {processor.py:186} INFO - Started process (PID=237) to work on /home/airflow/.local/lib/python3.11/site-packages/airflow/example_dags/example_python_decorator.py
[2025-12-24T09:04:18.562+0000] {processor.py:914} INFO - Processing file /home/airflow/.local/lib/python3.11/site-packages/airflow/example_dags/example_python_decorator.py for tasks to queue
[2025-12-24T09:04:18.566+0000] {logging_mixin.py:190} INFO - [2025-12-24T09:04:18.565+0000] {dagbag.py:588} INFO - Filling up the DagBag from /home/airflow/.local/lib/python3.11/site-packages/airflow/example_dags/example_python_decorator.py
[2025-12-24T09:04:18.588+0000] {processor.py:925} INFO - DAG(s) 'example_python_decorator' retrieved from /home/airflow/.local/lib/python3.11/site-packages/airflow/example_dags/example_python_decorator.py
[2025-12-24T09:04:18.626+0000] {logging_mixin.py:190} INFO - [2025-12-24T09:04:18.625+0000] {dag.py:3239} INFO - Sync 1 DAGs
[2025-12-24T09:04:18.649+0000] {logging_mixin.py:190} INFO - [2025-12-24T09:04:18.648+0000] {dag.py:4180} INFO - Setting next_dagrun for example_python_decorator to None, run_after=None
[2025-12-24T09:04:18.693+0000] {processor.py:208} INFO - Processing /home/airflow/.local/lib/python3.11/site-packages/airflow/example_dags/example_python_decorator.py took 0.147 seconds
[2025-12-24T09:04:16.217+0000] {processor.py:186} INFO - Started process (PID=309) to work on /home/airflow/.local/lib/python3.11/site-packages/airflow/example_dags/example_python_decorator.py
[2025-12-24T09:04:16.219+0000] {processor.py:914} INFO - Processing file /home/airflow/.local/lib/python3.11/site-packages/airflow/example_dags/example_python_decorator.py for tasks to queue
[2025-12-24T09:04:16.224+0000] {logging_mixin.py:190} INFO - [2025-12-24T09:04:16.224+0000] {dagbag.py:588} INFO - Filling up the DagBag from /home/airflow/.local/lib/python3.11/site-packages/airflow/example_dags/example_python_decorator.py
[2025-12-24T09:04:16.257+0000] {processor.py:925} INFO - DAG(s) 'example_python_decorator' retrieved from /home/airflow/.local/lib/python3.11/site-packages/airflow/example_dags/example_python_decorator.py
[2025-12-24T09:04:16.302+0000] {logging_mixin.py:190} INFO - [2025-12-24T09:04:16.301+0000] {dag.py:3239} INFO - Sync 1 DAGs
[2025-12-24T09:04:16.328+0000] {logging_mixin.py:190} INFO - [2025-12-24T09:04:16.328+0000] {dag.py:4180} INFO - Setting next_dagrun for example_python_decorator to None, run_after=None
[2025-12-24T09:04:16.375+0000] {processor.py:208} INFO - Processing /home/airflow/.local/lib/python3.11/site-packages/airflow/example_dags/example_python_decorator.py took 0.172 seconds
[2025-12-24T09:05:28.212+0000] {processor.py:186} INFO - Started process (PID=372) to work on /home/airflow/.local/lib/python3.11/site-packages/airflow/example_dags/example_python_decorator.py
[2025-12-24T09:05:28.214+0000] {processor.py:914} INFO - Processing file /home/airflow/.local/lib/python3.11/site-packages/airflow/example_dags/example_python_decorator.py for tasks to queue
[2025-12-24T09:05:28.218+0000] {logging_mixin.py:190} INFO - [2025-12-24T09:05:28.217+0000] {dagbag.py:588} INFO - Filling up the DagBag from /home/airflow/.local/lib/python3.11/site-packages/airflow/example_dags/example_python_decorator.py
[2025-12-24T09:04:45.894+0000] {processor.py:925} INFO - DAG(s) 'example_python_decorator' retrieved from /home/airflow/.local/lib/python3.11/site-packages/airflow/example_dags/example_python_decorator.py
[2025-12-24T09:04:45.946+0000] {logging_mixin.py:190} INFO - [2025-12-24T09:04:45.943+0000] {dag.py:3239} INFO - Sync 1 DAGs
[2025-12-24T09:04:45.979+0000] {logging_mixin.py:190} INFO - [2025-12-24T09:04:45.979+0000] {dag.py:4180} INFO - Setting next_dagrun for example_python_decorator to None, run_after=None
[2025-12-24T09:04:46.032+0000] {processor.py:208} INFO - Processing /home/airflow/.local/lib/python3.11/site-packages/airflow/example_dags/example_python_decorator.py took 0.177 seconds
[2025-12-24T09:04:55.637+0000] {processor.py:186} INFO - Started process (PID=430) to work on /home/airflow/.local/lib/python3.11/site-packages/airflow/example_dags/example_python_decorator.py
[2025-12-24T09:04:55.639+0000] {processor.py:914} INFO - Processing file /home/airflow/.local/lib/python3.11/site-packages/airflow/example_dags/example_python_decorator.py for tasks to queue
[2025-12-24T09:04:55.643+0000] {logging_mixin.py:190} INFO - [2025-12-24T09:04:55.642+0000] {dagbag.py:588} INFO - Filling up the DagBag from /home/airflow/.local/lib/python3.11/site-packages/airflow/example_dags/example_python_decorator.py
[2025-12-24T09:05:38.012+0000] {processor.py:925} INFO - DAG(s) 'example_python_decorator' retrieved from /home/airflow/.local/lib/python3.11/site-packages/airflow/example_dags/example_python_decorator.py
[2025-12-24T09:05:38.044+0000] {logging_mixin.py:190} INFO - [2025-12-24T09:05:38.043+0000] {dag.py:3239} INFO - Sync 1 DAGs
[2025-12-24T09:05:38.061+0000] {logging_mixin.py:190} INFO - [2025-12-24T09:05:38.061+0000] {dag.py:4180} INFO - Setting next_dagrun for example_python_decorator to None, run_after=None
[2025-12-24T09:05:38.089+0000] {processor.py:208} INFO - Processing /home/airflow/.local/lib/python3.11/site-packages/airflow/example_dags/example_python_decorator.py took 0.116 seconds
[2025-12-24T09:05:41.663+0000] {processor.py:186} INFO - Started process (PID=586) to work on /home/airflow/.local/lib/python3.11/site-packages/airflow/example_dags/example_python_decorator.py
[2025-12-24T09:05:41.664+0000] {processor.py:914} INFO - Processing file /home/airflow/.local/lib/python3.11/site-packages/airflow/example_dags/example_python_decorator.py for tasks to queue
[2025-12-24T09:05:41.669+0000] {logging_mixin.py:190} INFO - [2025-12-24T09:05:41.669+0000] {dagbag.py:588} INFO - Filling up the DagBag from /home/airflow/.local/lib/python3.11/site-packages/airflow/example_dags/example_python_decorator.py
[2025-12-24T09:05:41.694+0000] {processor.py:925} INFO - DAG(s) 'example_python_decorator' retrieved from /home/airflow/.local/lib/python3.11/site-packages/airflow/example_dags/example_python_decorator.py
[2025-12-24T09:05:41.750+0000] {logging_mixin.py:190} INFO - [2025-12-24T09:05:41.750+0000] {dag.py:3239} INFO - Sync 1 DAGs
[2025-12-24T09:05:41.768+0000] {logging_mixin.py:190} INFO - [2025-12-24T09:05:41.768+0000] {dag.py:4180} INFO - Setting next_dagrun for example_python_decorator to None, run_after=None
[2025-12-24T09:05:41.798+0000] {processor.py:208} INFO - Processing /home/airflow/.local/lib/python3.11/site-packages/airflow/example_dags/example_python_decorator.py took 0.146 seconds
[2025-12-24T09:06:43.598+0000] {processor.py:186} INFO - Started process (PID=648) to work on /home/airflow/.local/lib/python3.11/site-packages/airflow/example_dags/example_python_decorator.py
[2025-12-24T09:06:43.600+0000] {processor.py:914} INFO - Processing file /home/airflow/.local/lib/python3.11/site-packages/airflow/example_dags/example_python_decorator.py for tasks to queue
[2025-12-24T09:06:43.603+0000] {logging_mixin.py:190} INFO - [2025-12-24T09:06:43.603+0000] {dagbag.py:588} INFO - Filling up the DagBag from /home/airflow/.local/lib/python3.11/site-packages/airflow/example_dags/example_python_decorator.py
[2025-12-24T09:06:43.625+0000] {processor.py:925} INFO - DAG(s) 'example_python_decorator' retrieved from /home/airflow/.local/lib/python3.11/site-packages/airflow/example_dags/example_python_decorator.py
[2025-12-24T09:06:43.658+0000] {logging_mixin.py:190} INFO - [2025-12-24T09:06:43.657+0000] {dag.py:3239} INFO - Sync 1 DAGs
[2025-12-24T09:06:43.677+0000] {logging_mixin.py:190} INFO - [2025-12-24T09:06:43.677+0000] {dag.py:4180} INFO - Setting next_dagrun for example_python_decorator to None, run_after=None
[2025-12-24T09:06:43.708+0000] {processor.py:208} INFO - Processing /home/airflow/.local/lib/python3.11/site-packages/airflow/example_dags/example_python_decorator.py took 0.122 seconds
[2025-12-24T09:06:46.734+0000] {processor.py:186} INFO - Started process (PID=722) to work on /home/airflow/.local/lib/python3.11/site-packages/airflow/example_dags/example_python_decorator.py
[2025-12-24T09:06:46.736+0000] {processor.py:914} INFO - Processing file /home/airflow/.local/lib/python3.11/site-packages/airflow/example_dags/example_python_decorator.py for tasks to queue
[2025-12-24T09:06:46.742+0000] {logging_mixin.py:190} INFO - [2025-12-24T09:06:46.742+0000] {dagbag.py:588} INFO - Filling up the DagBag from /home/airflow/.local/lib/python3.11/site-packages/airflow/example_dags/example_python_decorator.py
[2025-12-24T09:06:46.803+0000] {processor.py:925} INFO - DAG(s) 'example_python_decorator' retrieved from /home/airflow/.local/lib/python3.11/site-packages/airflow/example_dags/example_python_decorator.py
[2025-12-24T09:06:46.886+0000] {logging_mixin.py:190} INFO - [2025-12-24T09:06:46.884+0000] {dag.py:3239} INFO - Sync 1 DAGs
[2025-12-24T09:06:46.925+0000] {logging_mixin.py:190} INFO - [2025-12-24T09:06:46.924+0000] {dag.py:4180} INFO - Setting next_dagrun for example_python_decorator to None, run_after=None
[2025-12-24T09:06:46.970+0000] {processor.py:208} INFO - Processing /home/airflow/.local/lib/python3.11/site-packages/airflow/example_dags/example_python_decorator.py took 0.254 seconds
[2025-12-24T09:07:16.596+0000] {processor.py:186} INFO - Started process (PID=786) to work on /home/airflow/.local/lib/python3.11/site-packages/airflow/example_dags/example_python_decorator.py
[2025-12-24T09:07:16.597+0000] {processor.py:914} INFO - Processing file /home/airflow/.local/lib/python3.11/site-packages/airflow/example_dags/example_python_decorator.py for tasks to queue
[2025-12-24T09:07:16.602+0000] {logging_mixin.py:190} INFO - [2025-12-24T09:07:16.602+0000] {dagbag.py:588} INFO - Filling up the DagBag from /home/airflow/.local/lib/python3.11/site-packages/airflow/example_dags/example_python_decorator.py
[2025-12-24T09:07:16.625+0000] {processor.py:925} INFO - DAG(s) 'example_python_decorator' retrieved from /home/airflow/.local/lib/python3.11/site-packages/airflow/example_dags/example_python_decorator.py
[2025-12-24T09:07:16.663+0000] {logging_mixin.py:190} INFO - [2025-12-24T09:07:16.662+0000] {dag.py:3239} INFO - Sync 1 DAGs
[2025-12-24T09:07:16.684+0000] {logging_mixin.py:190} INFO - [2025-12-24T09:07:16.683+0000] {dag.py:4180} INFO - Setting next_dagrun for example_python_decorator to None, run_after=None
[2025-12-24T09:07:16.709+0000] {processor.py:208} INFO - Processing /home/airflow/.local/lib/python3.11/site-packages/airflow/example_dags/example_python_decorator.py took 0.122 seconds
[2025-12-24T09:07:26.515+0000] {processor.py:186} INFO - Started process (PID=843) to work on /home/airflow/.local/lib/python3.11/site-packages/airflow/example_dags/example_python_decorator.py
[2025-12-24T09:07:26.516+0000] {processor.py:914} INFO - Processing file /home/airflow/.local/lib/python3.11/site-packages/airflow/example_dags/example_python_decorator.py for tasks to queue
[2025-12-24T09:07:26.520+0000] {logging_mixin.py:190} INFO - [2025-12-24T09:07:26.519+0000] {dagbag.py:588} INFO - Filling up the DagBag from /home/airflow/.local/lib/python3.11/site-packages/airflow/example_dags/example_python_decorator.py
[2025-12-24T09:07:26.539+0000] {processor.py:925} INFO - DAG(s) 'example_python_decorator' retrieved from /home/airflow/.local/lib/python3.11/site-packages/airflow/example_dags/example_python_decorator.py
[2025-12-24T09:07:26.577+0000] {logging_mixin.py:190} INFO - [2025-12-24T09:07:26.575+0000] {dag.py:3239} INFO - Sync 1 DAGs
[2025-12-24T09:07:26.594+0000] {logging_mixin.py:190} INFO - [2025-12-24T09:07:26.594+0000] {dag.py:4180} INFO - Setting next_dagrun for example_python_decorator to None, run_after=None
[2025-12-24T09:07:26.621+0000] {processor.py:208} INFO - Processing /home/airflow/.local/lib/python3.11/site-packages/airflow/example_dags/example_python_decorator.py took 0.115 seconds
[2025-12-24T09:07:35.798+0000] {processor.py:186} INFO - Started process (PID=899) to work on /home/airflow/.local/lib/python3.11/site-packages/airflow/example_dags/example_python_decorator.py
[2025-12-24T09:07:35.799+0000] {processor.py:914} INFO - Processing file /home/airflow/.local/lib/python3.11/site-packages/airflow/example_dags/example_python_decorator.py for tasks to queue
[2025-12-24T09:07:35.803+0000] {logging_mixin.py:190} INFO - [2025-12-24T09:07:35.803+0000] {dagbag.py:588} INFO - Filling up the DagBag from /home/airflow/.local/lib/python3.11/site-packages/airflow/example_dags/example_python_decorator.py
[2025-12-24T09:07:35.824+0000] {processor.py:925} INFO - DAG(s) 'example_python_decorator' retrieved from /home/airflow/.local/lib/python3.11/site-packages/airflow/example_dags/example_python_decorator.py
[2025-12-24T09:07:35.858+0000] {logging_mixin.py:190} INFO - [2025-12-24T09:07:35.858+0000] {dag.py:3239} INFO - Sync 1 DAGs
[2025-12-24T09:08:18.222+0000] {logging_mixin.py:190} INFO - [2025-12-24T09:08:18.221+0000] {dag.py:4180} INFO - Setting next_dagrun for example_python_decorator to None, run_after=None
[2025-12-24T09:08:18.252+0000] {processor.py:208} INFO - Processing /home/airflow/.local/lib/python3.11/site-packages/airflow/example_dags/example_python_decorator.py took 0.119 seconds
[2025-12-24T09:08:48.969+0000] {processor.py:186} INFO - Started process (PID=1036) to work on /home/airflow/.local/lib/python3.11/site-packages/airflow/example_dags/example_python_decorator.py
[2025-12-24T09:08:48.970+0000] {processor.py:914} INFO - Processing file /home/airflow/.local/lib/python3.11/site-packages/airflow/example_dags/example_python_decorator.py for tasks to queue
[2025-12-24T09:08:48.974+0000] {logging_mixin.py:190} INFO - [2025-12-24T09:08:48.973+0000] {dagbag.py:588} INFO - Filling up the DagBag from /home/airflow/.local/lib/python3.11/site-packages/airflow/example_dags/example_python_decorator.py
[2025-12-24T09:08:48.996+0000] {processor.py:925} INFO - DAG(s) 'example_python_decorator' retrieved from /home/airflow/.local/lib/python3.11/site-packages/airflow/example_dags/example_python_decorator.py
[2025-12-24T09:08:49.027+0000] {logging_mixin.py:190} INFO - [2025-12-24T09:08:49.026+0000] {dag.py:3239} INFO - Sync 1 DAGs
[2025-12-24T09:08:49.043+0000] {logging_mixin.py:190} INFO - [2025-12-24T09:08:49.043+0000] {dag.py:4180} INFO - Setting next_dagrun for example_python_decorator to None, run_after=None
[2025-12-24T09:08:49.066+0000] {processor.py:208} INFO - Processing /home/airflow/.local/lib/python3.11/site-packages/airflow/example_dags/example_python_decorator.py took 0.106 seconds
[2025-12-24T09:10:03.518+0000] {processor.py:186} INFO - Started process (PID=1165) to work on /home/airflow/.local/lib/python3.11/site-packages/airflow/example_dags/example_python_decorator.py
[2025-12-24T09:10:03.519+0000] {processor.py:914} INFO - Processing file /home/airflow/.local/lib/python3.11/site-packages/airflow/example_dags/example_python_decorator.py for tasks to queue
[2025-12-24T09:10:03.524+0000] {logging_mixin.py:190} INFO - [2025-12-24T09:10:03.523+0000] {dagbag.py:588} INFO - Filling up the DagBag from /home/airflow/.local/lib/python3.11/site-packages/airflow/example_dags/example_python_decorator.py
[2025-12-24T09:10:03.545+0000] {processor.py:925} INFO - DAG(s) 'example_python_decorator' retrieved from /home/airflow/.local/lib/python3.11/site-packages/airflow/example_dags/example_python_decorator.py
[2025-12-24T09:10:03.579+0000] {logging_mixin.py:190} INFO - [2025-12-24T09:10:03.578+0000] {dag.py:3239} INFO - Sync 1 DAGs
[2025-12-24T09:10:03.616+0000] {logging_mixin.py:190} INFO - [2025-12-24T09:10:03.616+0000] {dag.py:4180} INFO - Setting next_dagrun for example_python_decorator to None, run_after=None
[2025-12-24T09:09:21.303+0000] {processor.py:208} INFO - Processing /home/airflow/.local/lib/python3.11/site-packages/airflow/example_dags/example_python_decorator.py took 0.142 seconds
[2025-12-24T09:10:27.722+0000] {processor.py:186} INFO - Started process (PID=1224) to work on /home/airflow/.local/lib/python3.11/site-packages/airflow/example_dags/example_python_decorator.py
[2025-12-24T09:10:27.723+0000] {processor.py:914} INFO - Processing file /home/airflow/.local/lib/python3.11/site-packages/airflow/example_dags/example_python_decorator.py for tasks to queue
[2025-12-24T09:10:27.727+0000] {logging_mixin.py:190} INFO - [2025-12-24T09:10:27.727+0000] {dagbag.py:588} INFO - Filling up the DagBag from /home/airflow/.local/lib/python3.11/site-packages/airflow/example_dags/example_python_decorator.py
[2025-12-24T09:10:27.746+0000] {processor.py:925} INFO - DAG(s) 'example_python_decorator' retrieved from /home/airflow/.local/lib/python3.11/site-packages/airflow/example_dags/example_python_decorator.py
[2025-12-24T09:10:27.791+0000] {logging_mixin.py:190} INFO - [2025-12-24T09:10:27.791+0000] {dag.py:3239} INFO - Sync 1 DAGs
[2025-12-24T09:10:27.809+0000] {logging_mixin.py:190} INFO - [2025-12-24T09:10:27.808+0000] {dag.py:4180} INFO - Setting next_dagrun for example_python_decorator to None, run_after=None
[2025-12-24T09:10:27.833+0000] {processor.py:208} INFO - Processing /home/airflow/.local/lib/python3.11/site-packages/airflow/example_dags/example_python_decorator.py took 0.121 seconds
[2025-12-24T09:11:03.662+0000] {processor.py:186} INFO - Started process (PID=1296) to work on /home/airflow/.local/lib/python3.11/site-packages/airflow/example_dags/example_python_decorator.py
[2025-12-24T09:11:03.663+0000] {processor.py:914} INFO - Processing file /home/airflow/.local/lib/python3.11/site-packages/airflow/example_dags/example_python_decorator.py for tasks to queue
[2025-12-24T09:11:03.668+0000] {logging_mixin.py:190} INFO - [2025-12-24T09:11:03.667+0000] {dagbag.py:588} INFO - Filling up the DagBag from /home/airflow/.local/lib/python3.11/site-packages/airflow/example_dags/example_python_decorator.py
[2025-12-24T09:11:03.693+0000] {processor.py:925} INFO - DAG(s) 'example_python_decorator' retrieved from /home/airflow/.local/lib/python3.11/site-packages/airflow/example_dags/example_python_decorator.py
[2025-12-24T09:10:21.391+0000] {logging_mixin.py:190} INFO - [2025-12-24T09:10:21.390+0000] {dag.py:3239} INFO - Sync 1 DAGs
[2025-12-24T09:10:21.416+0000] {logging_mixin.py:190} INFO - [2025-12-24T09:10:21.416+0000] {dag.py:4180} INFO - Setting next_dagrun for example_python_decorator to None, run_after=None
[2025-12-24T09:10:21.458+0000] {processor.py:208} INFO - Processing /home/airflow/.local/lib/python3.11/site-packages/airflow/example_dags/example_python_decorator.py took 0.151 seconds
[2025-12-24T09:10:50.992+0000] {processor.py:186} INFO - Started process (PID=1344) to work on /home/airflow/.local/lib/python3.11/site-packages/airflow/example_dags/example_python_decorator.py
[2025-12-24T09:10:50.994+0000] {processor.py:914} INFO - Processing file /home/airflow/.local/lib/python3.11/site-packages/airflow/example_dags/example_python_decorator.py for tasks to queue
[2025-12-24T09:10:50.998+0000] {logging_mixin.py:190} INFO - [2025-12-24T09:10:50.997+0000] {dagbag.py:588} INFO - Filling up the DagBag from /home/airflow/.local/lib/python3.11/site-packages/airflow/example_dags/example_python_decorator.py
[2025-12-24T09:10:51.024+0000] {processor.py:925} INFO - DAG(s) 'example_python_decorator' retrieved from /home/airflow/.local/lib/python3.11/site-packages/airflow/example_dags/example_python_decorator.py
[2025-12-24T09:10:51.058+0000] {logging_mixin.py:190} INFO - [2025-12-24T09:10:51.057+0000] {dag.py:3239} INFO - Sync 1 DAGs
[2025-12-24T09:10:51.075+0000] {logging_mixin.py:190} INFO - [2025-12-24T09:10:51.075+0000] {dag.py:4180} INFO - Setting next_dagrun for example_python_decorator to None, run_after=None
[2025-12-24T09:10:51.099+0000] {processor.py:208} INFO - Processing /home/airflow/.local/lib/python3.11/site-packages/airflow/example_dags/example_python_decorator.py took 0.116 seconds
[2025-12-24T09:11:01.147+0000] {processor.py:186} INFO - Started process (PID=1403) to work on /home/airflow/.local/lib/python3.11/site-packages/airflow/example_dags/example_python_decorator.py
[2025-12-24T09:11:01.149+0000] {processor.py:914} INFO - Processing file /home/airflow/.local/lib/python3.11/site-packages/airflow/example_dags/example_python_decorator.py for tasks to queue
[2025-12-24T09:11:01.152+0000] {logging_mixin.py:190} INFO - [2025-12-24T09:11:01.152+0000] {dagbag.py:588} INFO - Filling up the DagBag from /home/airflow/.local/lib/python3.11/site-packages/airflow/example_dags/example_python_decorator.py
[2025-12-24T09:11:01.175+0000] {processor.py:925} INFO - DAG(s) 'example_python_decorator' retrieved from /home/airflow/.local/lib/python3.11/site-packages/airflow/example_dags/example_python_decorator.py
[2025-12-24T09:11:43.556+0000] {logging_mixin.py:190} INFO - [2025-12-24T09:11:43.556+0000] {dag.py:3239} INFO - Sync 1 DAGs
[2025-12-24T09:11:43.579+0000] {logging_mixin.py:190} INFO - [2025-12-24T09:11:43.579+0000] {dag.py:4180} INFO - Setting next_dagrun for example_python_decorator to None, run_after=None
[2025-12-24T09:11:43.606+0000] {processor.py:208} INFO - Processing /home/airflow/.local/lib/python3.11/site-packages/airflow/example_dags/example_python_decorator.py took 0.124 seconds
[2025-12-24T09:12:33.776+0000] {processor.py:186} INFO - Started process (PID=1527) to work on /home/airflow/.local/lib/python3.11/site-packages/airflow/example_dags/example_python_decorator.py
[2025-12-24T09:12:33.777+0000] {processor.py:914} INFO - Processing file /home/airflow/.local/lib/python3.11/site-packages/airflow/example_dags/example_python_decorator.py for tasks to queue
[2025-12-24T09:12:33.781+0000] {logging_mixin.py:190} INFO - [2025-12-24T09:12:33.780+0000] {dagbag.py:588} INFO - Filling up the DagBag from /home/airflow/.local/lib/python3.11/site-packages/airflow/example_dags/example_python_decorator.py
[2025-12-24T09:12:33.799+0000] {processor.py:925} INFO - DAG(s) 'example_python_decorator' retrieved from /home/airflow/.local/lib/python3.11/site-packages/airflow/example_dags/example_python_decorator.py
[2025-12-24T09:12:33.830+0000] {logging_mixin.py:190} INFO - [2025-12-24T09:12:33.830+0000] {dag.py:3239} INFO - Sync 1 DAGs
[2025-12-24T09:12:33.847+0000] {logging_mixin.py:190} INFO - [2025-12-24T09:12:33.847+0000] {dag.py:4180} INFO - Setting next_dagrun for example_python_decorator to None, run_after=None
[2025-12-24T09:12:33.873+0000] {processor.py:208} INFO - Processing /home/airflow/.local/lib/python3.11/site-packages/airflow/example_dags/example_python_decorator.py took 0.107 seconds
[2025-12-24T09:12:45.602+0000] {processor.py:186} INFO - Started process (PID=1593) to work on /home/airflow/.local/lib/python3.11/site-packages/airflow/example_dags/example_python_decorator.py
[2025-12-24T09:12:45.603+0000] {processor.py:914} INFO - Processing file /home/airflow/.local/lib/python3.11/site-packages/airflow/example_dags/example_python_decorator.py for tasks to queue
[2025-12-24T09:12:45.608+0000] {logging_mixin.py:190} INFO - [2025-12-24T09:12:45.608+0000] {dagbag.py:588} INFO - Filling up the DagBag from /home/airflow/.local/lib/python3.11/site-packages/airflow/example_dags/example_python_decorator.py
[2025-12-24T09:12:45.632+0000] {processor.py:925} INFO - DAG(s) 'example_python_decorator' retrieved from /home/airflow/.local/lib/python3.11/site-packages/airflow/example_dags/example_python_decorator.py
[2025-12-24T09:12:45.668+0000] {logging_mixin.py:190} INFO - [2025-12-24T09:12:45.667+0000] {dag.py:3239} INFO - Sync 1 DAGs
[2025-12-24T09:12:45.685+0000] {logging_mixin.py:190} INFO - [2025-12-24T09:12:45.685+0000] {dag.py:4180} INFO - Setting next_dagrun for example_python_decorator to None, run_after=None
[2025-12-24T09:12:45.709+0000] {processor.py:208} INFO - Processing /home/airflow/.local/lib/python3.11/site-packages/airflow/example_dags/example_python_decorator.py took 0.119 seconds
[2025-12-24T09:13:34.682+0000] {processor.py:186} INFO - Started process (PID=1660) to work on /home/airflow/.local/lib/python3.11/site-packages/airflow/example_dags/example_python_decorator.py
[2025-12-24T09:13:34.684+0000] {processor.py:914} INFO - Processing file /home/airflow/.local/lib/python3.11/site-packages/airflow/example_dags/example_python_decorator.py for tasks to queue
[2025-12-24T09:13:34.687+0000] {logging_mixin.py:190} INFO - [2025-12-24T09:13:34.687+0000] {dagbag.py:588} INFO - Filling up the DagBag from /home/airflow/.local/lib/python3.11/site-packages/airflow/example_dags/example_python_decorator.py
[2025-12-24T09:13:34.709+0000] {processor.py:925} INFO - DAG(s) 'example_python_decorator' retrieved from /home/airflow/.local/lib/python3.11/site-packages/airflow/example_dags/example_python_decorator.py
[2025-12-24T09:13:34.747+0000] {logging_mixin.py:190} INFO - [2025-12-24T09:13:34.746+0000] {dag.py:3239} INFO - Sync 1 DAGs
[2025-12-24T09:13:34.768+0000] {logging_mixin.py:190} INFO - [2025-12-24T09:13:34.768+0000] {dag.py:4180} INFO - Setting next_dagrun for example_python_decorator to None, run_after=None
[2025-12-24T09:13:34.817+0000] {processor.py:208} INFO - Processing /home/airflow/.local/lib/python3.11/site-packages/airflow/example_dags/example_python_decorator.py took 0.144 seconds
[2025-12-24T09:14:28.970+0000] {processor.py:186} INFO - Started process (PID=1710) to work on /home/airflow/.local/lib/python3.11/site-packages/airflow/example_dags/example_python_decorator.py
[2025-12-24T09:14:28.972+0000] {processor.py:914} INFO - Processing file /home/airflow/.local/lib/python3.11/site-packages/airflow/example_dags/example_python_decorator.py for tasks to queue
[2025-12-24T09:14:28.976+0000] {logging_mixin.py:190} INFO - [2025-12-24T09:14:28.975+0000] {dagbag.py:588} INFO - Filling up the DagBag from /home/airflow/.local/lib/python3.11/site-packages/airflow/example_dags/example_python_decorator.py
[2025-12-24T09:14:28.997+0000] {processor.py:925} INFO - DAG(s) 'example_python_decorator' retrieved from /home/airflow/.local/lib/python3.11/site-packages/airflow/example_dags/example_python_decorator.py
[2025-12-24T09:14:29.028+0000] {logging_mixin.py:190} INFO - [2025-12-24T09:14:29.028+0000] {dag.py:3239} INFO - Sync 1 DAGs
[2025-12-24T09:14:29.045+0000] {logging_mixin.py:190} INFO - [2025-12-24T09:14:29.045+0000] {dag.py:4180} INFO - Setting next_dagrun for example_python_decorator to None, run_after=None
[2025-12-24T09:14:29.069+0000] {processor.py:208} INFO - Processing /home/airflow/.local/lib/python3.11/site-packages/airflow/example_dags/example_python_decorator.py took 0.109 seconds
[2025-12-24T09:14:40.926+0000] {processor.py:186} INFO - Started process (PID=1782) to work on /home/airflow/.local/lib/python3.11/site-packages/airflow/example_dags/example_python_decorator.py
[2025-12-24T09:14:40.928+0000] {processor.py:914} INFO - Processing file /home/airflow/.local/lib/python3.11/site-packages/airflow/example_dags/example_python_decorator.py for tasks to queue
[2025-12-24T09:14:40.931+0000] {logging_mixin.py:190} INFO - [2025-12-24T09:14:40.931+0000] {dagbag.py:588} INFO - Filling up the DagBag from /home/airflow/.local/lib/python3.11/site-packages/airflow/example_dags/example_python_decorator.py
[2025-12-24T09:14:40.955+0000] {processor.py:925} INFO - DAG(s) 'example_python_decorator' retrieved from /home/airflow/.local/lib/python3.11/site-packages/airflow/example_dags/example_python_decorator.py
[2025-12-24T09:14:40.990+0000] {logging_mixin.py:190} INFO - [2025-12-24T09:14:40.989+0000] {dag.py:3239} INFO - Sync 1 DAGs
[2025-12-24T09:14:41.006+0000] {logging_mixin.py:190} INFO - [2025-12-24T09:14:41.006+0000] {dag.py:4180} INFO - Setting next_dagrun for example_python_decorator to None, run_after=None
[2025-12-24T09:14:41.030+0000] {processor.py:208} INFO - Processing /home/airflow/.local/lib/python3.11/site-packages/airflow/example_dags/example_python_decorator.py took 0.113 seconds
[2025-12-24T09:15:12.749+0000] {processor.py:186} INFO - Started process (PID=1845) to work on /home/airflow/.local/lib/python3.11/site-packages/airflow/example_dags/example_python_decorator.py
[2025-12-24T09:15:12.750+0000] {processor.py:914} INFO - Processing file /home/airflow/.local/lib/python3.11/site-packages/airflow/example_dags/example_python_decorator.py for tasks to queue
[2025-12-24T09:15:12.754+0000] {logging_mixin.py:190} INFO - [2025-12-24T09:15:12.754+0000] {dagbag.py:588} INFO - Filling up the DagBag from /home/airflow/.local/lib/python3.11/site-packages/airflow/example_dags/example_python_decorator.py
[2025-12-24T09:15:12.776+0000] {processor.py:925} INFO - DAG(s) 'example_python_decorator' retrieved from /home/airflow/.local/lib/python3.11/site-packages/airflow/example_dags/example_python_decorator.py
[2025-12-24T09:15:12.820+0000] {logging_mixin.py:190} INFO - [2025-12-24T09:15:12.820+0000] {dag.py:3239} INFO - Sync 1 DAGs
[2025-12-24T09:15:12.842+0000] {logging_mixin.py:190} INFO - [2025-12-24T09:15:12.842+0000] {dag.py:4180} INFO - Setting next_dagrun for example_python_decorator to None, run_after=None
[2025-12-24T09:15:12.876+0000] {processor.py:208} INFO - Processing /home/airflow/.local/lib/python3.11/site-packages/airflow/example_dags/example_python_decorator.py took 0.137 seconds
[2025-12-24T09:15:43.693+0000] {processor.py:186} INFO - Started process (PID=1906) to work on /home/airflow/.local/lib/python3.11/site-packages/airflow/example_dags/example_python_decorator.py
[2025-12-24T09:15:43.695+0000] {processor.py:914} INFO - Processing file /home/airflow/.local/lib/python3.11/site-packages/airflow/example_dags/example_python_decorator.py for tasks to queue
[2025-12-24T09:15:43.699+0000] {logging_mixin.py:190} INFO - [2025-12-24T09:15:43.699+0000] {dagbag.py:588} INFO - Filling up the DagBag from /home/airflow/.local/lib/python3.11/site-packages/airflow/example_dags/example_python_decorator.py
[2025-12-24T09:15:43.724+0000] {processor.py:925} INFO - DAG(s) 'example_python_decorator' retrieved from /home/airflow/.local/lib/python3.11/site-packages/airflow/example_dags/example_python_decorator.py
[2025-12-24T09:15:43.766+0000] {logging_mixin.py:190} INFO - [2025-12-24T09:15:43.765+0000] {dag.py:3239} INFO - Sync 1 DAGs
[2025-12-24T09:15:43.787+0000] {logging_mixin.py:190} INFO - [2025-12-24T09:15:43.787+0000] {dag.py:4180} INFO - Setting next_dagrun for example_python_decorator to None, run_after=None
[2025-12-24T09:15:43.815+0000] {processor.py:208} INFO - Processing /home/airflow/.local/lib/python3.11/site-packages/airflow/example_dags/example_python_decorator.py took 0.133 seconds
[2025-12-24T09:16:42.907+0000] {processor.py:186} INFO - Started process (PID=1970) to work on /home/airflow/.local/lib/python3.11/site-packages/airflow/example_dags/example_python_decorator.py
[2025-12-24T09:16:42.908+0000] {processor.py:914} INFO - Processing file /home/airflow/.local/lib/python3.11/site-packages/airflow/example_dags/example_python_decorator.py for tasks to queue
[2025-12-24T09:16:42.912+0000] {logging_mixin.py:190} INFO - [2025-12-24T09:16:42.911+0000] {dagbag.py:588} INFO - Filling up the DagBag from /home/airflow/.local/lib/python3.11/site-packages/airflow/example_dags/example_python_decorator.py
[2025-12-24T09:16:42.931+0000] {processor.py:925} INFO - DAG(s) 'example_python_decorator' retrieved from /home/airflow/.local/lib/python3.11/site-packages/airflow/example_dags/example_python_decorator.py
[2025-12-24T09:16:42.968+0000] {logging_mixin.py:190} INFO - [2025-12-24T09:16:42.968+0000] {dag.py:3239} INFO - Sync 1 DAGs
[2025-12-24T09:16:42.991+0000] {logging_mixin.py:190} INFO - [2025-12-24T09:16:42.990+0000] {dag.py:4180} INFO - Setting next_dagrun for example_python_decorator to None, run_after=None
[2025-12-24T09:16:43.023+0000] {processor.py:208} INFO - Processing /home/airflow/.local/lib/python3.11/site-packages/airflow/example_dags/example_python_decorator.py took 0.127 seconds
[2025-12-24T09:23:42.734+0000] {processor.py:186} INFO - Started process (PID=121) to work on /home/airflow/.local/lib/python3.11/site-packages/airflow/example_dags/example_python_decorator.py
[2025-12-24T09:23:42.736+0000] {processor.py:914} INFO - Processing file /home/airflow/.local/lib/python3.11/site-packages/airflow/example_dags/example_python_decorator.py for tasks to queue
[2025-12-24T09:23:42.745+0000] {logging_mixin.py:190} INFO - [2025-12-24T09:23:42.745+0000] {dagbag.py:588} INFO - Filling up the DagBag from /home/airflow/.local/lib/python3.11/site-packages/airflow/example_dags/example_python_decorator.py
[2025-12-24T09:23:42.783+0000] {processor.py:925} INFO - DAG(s) 'example_python_decorator' retrieved from /home/airflow/.local/lib/python3.11/site-packages/airflow/example_dags/example_python_decorator.py
[2025-12-24T09:23:43.032+0000] {logging_mixin.py:190} INFO - [2025-12-24T09:23:43.031+0000] {override.py:1911} INFO - Created Permission View: can delete on DAG:example_python_decorator
[2025-12-24T09:23:43.055+0000] {logging_mixin.py:190} INFO - [2025-12-24T09:23:43.055+0000] {override.py:1911} INFO - Created Permission View: can read on DAG:example_python_decorator
[2025-12-24T09:23:43.070+0000] {logging_mixin.py:190} INFO - [2025-12-24T09:23:43.070+0000] {override.py:1911} INFO - Created Permission View: can edit on DAG:example_python_decorator
[2025-12-24T09:23:43.090+0000] {logging_mixin.py:190} INFO - [2025-12-24T09:23:43.090+0000] {override.py:1911} INFO - Created Permission View: menu access on DAG Run:example_python_decorator
[2025-12-24T09:23:43.115+0000] {logging_mixin.py:190} INFO - [2025-12-24T09:23:43.115+0000] {override.py:1911} INFO - Created Permission View: can create on DAG Run:example_python_decorator
[2025-12-24T09:23:43.130+0000] {logging_mixin.py:190} INFO - [2025-12-24T09:23:43.130+0000] {override.py:1911} INFO - Created Permission View: can delete on DAG Run:example_python_decorator
[2025-12-24T09:23:43.147+0000] {logging_mixin.py:190} INFO - [2025-12-24T09:23:43.146+0000] {override.py:1911} INFO - Created Permission View: can read on DAG Run:example_python_decorator
[2025-12-24T09:23:43.149+0000] {logging_mixin.py:190} INFO - [2025-12-24T09:23:43.148+0000] {dag.py:3239} INFO - Sync 1 DAGs
[2025-12-24T09:23:43.173+0000] {logging_mixin.py:190} INFO - [2025-12-24T09:23:43.172+0000] {dag.py:3262} INFO - Creating ORM DAG for example_python_decorator
[2025-12-24T09:23:43.174+0000] {logging_mixin.py:190} INFO - [2025-12-24T09:23:43.174+0000] {dag.py:4180} INFO - Setting next_dagrun for example_python_decorator to None, run_after=None
[2025-12-24T09:23:43.205+0000] {processor.py:208} INFO - Processing /home/airflow/.local/lib/python3.11/site-packages/airflow/example_dags/example_python_decorator.py took 0.482 seconds
[2025-12-24T09:23:58.792+0000] {processor.py:186} INFO - Started process (PID=149) to work on /home/airflow/.local/lib/python3.11/site-packages/airflow/example_dags/example_python_decorator.py
[2025-12-24T09:23:58.795+0000] {processor.py:914} INFO - Processing file /home/airflow/.local/lib/python3.11/site-packages/airflow/example_dags/example_python_decorator.py for tasks to queue
[2025-12-24T09:23:58.800+0000] {logging_mixin.py:190} INFO - [2025-12-24T09:23:58.800+0000] {dagbag.py:588} INFO - Filling up the DagBag from /home/airflow/.local/lib/python3.11/site-packages/airflow/example_dags/example_python_decorator.py
[2025-12-24T09:23:58.834+0000] {processor.py:925} INFO - DAG(s) 'example_python_decorator' retrieved from /home/airflow/.local/lib/python3.11/site-packages/airflow/example_dags/example_python_decorator.py
[2025-12-24T09:23:58.870+0000] {logging_mixin.py:190} INFO - [2025-12-24T09:23:58.870+0000] {dag.py:3239} INFO - Sync 1 DAGs
[2025-12-24T09:23:58.908+0000] {logging_mixin.py:190} INFO - [2025-12-24T09:23:58.908+0000] {dag.py:4180} INFO - Setting next_dagrun for example_python_decorator to None, run_after=None
[2025-12-24T09:23:58.949+0000] {processor.py:208} INFO - Processing /home/airflow/.local/lib/python3.11/site-packages/airflow/example_dags/example_python_decorator.py took 0.172 seconds
[2025-12-24T09:24:05.358+0000] {processor.py:186} INFO - Started process (PID=195) to work on /home/airflow/.local/lib/python3.11/site-packages/airflow/example_dags/example_python_decorator.py
[2025-12-24T09:24:05.360+0000] {processor.py:914} INFO - Processing file /home/airflow/.local/lib/python3.11/site-packages/airflow/example_dags/example_python_decorator.py for tasks to queue
[2025-12-24T09:24:05.365+0000] {logging_mixin.py:190} INFO - [2025-12-24T09:24:05.364+0000] {dagbag.py:588} INFO - Filling up the DagBag from /home/airflow/.local/lib/python3.11/site-packages/airflow/example_dags/example_python_decorator.py
[2025-12-24T09:24:05.391+0000] {processor.py:925} INFO - DAG(s) 'example_python_decorator' retrieved from /home/airflow/.local/lib/python3.11/site-packages/airflow/example_dags/example_python_decorator.py
[2025-12-24T09:24:05.420+0000] {logging_mixin.py:190} INFO - [2025-12-24T09:24:05.419+0000] {dag.py:3239} INFO - Sync 1 DAGs
[2025-12-24T09:24:05.446+0000] {logging_mixin.py:190} INFO - [2025-12-24T09:24:05.446+0000] {dag.py:4180} INFO - Setting next_dagrun for example_python_decorator to None, run_after=None
[2025-12-24T09:24:05.480+0000] {processor.py:208} INFO - Processing /home/airflow/.local/lib/python3.11/site-packages/airflow/example_dags/example_python_decorator.py took 0.135 seconds
[2025-12-24T09:24:16.995+0000] {processor.py:186} INFO - Started process (PID=252) to work on /home/airflow/.local/lib/python3.11/site-packages/airflow/example_dags/example_python_decorator.py
[2025-12-24T09:24:16.997+0000] {processor.py:914} INFO - Processing file /home/airflow/.local/lib/python3.11/site-packages/airflow/example_dags/example_python_decorator.py for tasks to queue
[2025-12-24T09:24:17.003+0000] {logging_mixin.py:190} INFO - [2025-12-24T09:24:17.002+0000] {dagbag.py:588} INFO - Filling up the DagBag from /home/airflow/.local/lib/python3.11/site-packages/airflow/example_dags/example_python_decorator.py
[2025-12-24T09:24:17.028+0000] {processor.py:925} INFO - DAG(s) 'example_python_decorator' retrieved from /home/airflow/.local/lib/python3.11/site-packages/airflow/example_dags/example_python_decorator.py
[2025-12-24T09:24:17.069+0000] {logging_mixin.py:190} INFO - [2025-12-24T09:24:17.068+0000] {dag.py:3239} INFO - Sync 1 DAGs
[2025-12-24T09:24:17.093+0000] {logging_mixin.py:190} INFO - [2025-12-24T09:24:17.093+0000] {dag.py:4180} INFO - Setting next_dagrun for example_python_decorator to None, run_after=None
[2025-12-24T09:24:17.120+0000] {processor.py:208} INFO - Processing /home/airflow/.local/lib/python3.11/site-packages/airflow/example_dags/example_python_decorator.py took 0.138 seconds
[2025-12-24T09:24:45.848+0000] {processor.py:186} INFO - Started process (PID=312) to work on /home/airflow/.local/lib/python3.11/site-packages/airflow/example_dags/example_python_decorator.py
[2025-12-24T09:24:45.849+0000] {processor.py:914} INFO - Processing file /home/airflow/.local/lib/python3.11/site-packages/airflow/example_dags/example_python_decorator.py for tasks to queue
[2025-12-24T09:24:45.853+0000] {logging_mixin.py:190} INFO - [2025-12-24T09:24:45.853+0000] {dagbag.py:588} INFO - Filling up the DagBag from /home/airflow/.local/lib/python3.11/site-packages/airflow/example_dags/example_python_decorator.py
[2025-12-24T09:24:45.874+0000] {processor.py:925} INFO - DAG(s) 'example_python_decorator' retrieved from /home/airflow/.local/lib/python3.11/site-packages/airflow/example_dags/example_python_decorator.py
[2025-12-24T09:24:45.918+0000] {logging_mixin.py:190} INFO - [2025-12-24T09:24:45.917+0000] {dag.py:3239} INFO - Sync 1 DAGs
[2025-12-24T09:24:45.948+0000] {logging_mixin.py:190} INFO - [2025-12-24T09:24:45.948+0000] {dag.py:4180} INFO - Setting next_dagrun for example_python_decorator to None, run_after=None
[2025-12-24T09:24:45.976+0000] {processor.py:208} INFO - Processing /home/airflow/.local/lib/python3.11/site-packages/airflow/example_dags/example_python_decorator.py took 0.138 seconds
[2025-12-24T09:24:57.430+0000] {processor.py:186} INFO - Started process (PID=368) to work on /home/airflow/.local/lib/python3.11/site-packages/airflow/example_dags/example_python_decorator.py
[2025-12-24T09:24:57.437+0000] {processor.py:914} INFO - Processing file /home/airflow/.local/lib/python3.11/site-packages/airflow/example_dags/example_python_decorator.py for tasks to queue
[2025-12-24T09:24:57.442+0000] {logging_mixin.py:190} INFO - [2025-12-24T09:24:57.441+0000] {dagbag.py:588} INFO - Filling up the DagBag from /home/airflow/.local/lib/python3.11/site-packages/airflow/example_dags/example_python_decorator.py
[2025-12-24T09:24:57.473+0000] {processor.py:925} INFO - DAG(s) 'example_python_decorator' retrieved from /home/airflow/.local/lib/python3.11/site-packages/airflow/example_dags/example_python_decorator.py
[2025-12-24T09:24:57.523+0000] {logging_mixin.py:190} INFO - [2025-12-24T09:24:57.522+0000] {dag.py:3239} INFO - Sync 1 DAGs
[2025-12-24T09:24:57.545+0000] {logging_mixin.py:190} INFO - [2025-12-24T09:24:57.545+0000] {dag.py:4180} INFO - Setting next_dagrun for example_python_decorator to None, run_after=None
[2025-12-24T09:24:57.604+0000] {processor.py:208} INFO - Processing /home/airflow/.local/lib/python3.11/site-packages/airflow/example_dags/example_python_decorator.py took 0.194 seconds
[2025-12-24T09:25:58.488+0000] {processor.py:186} INFO - Started process (PID=573) to work on /home/airflow/.local/lib/python3.11/site-packages/airflow/example_dags/example_python_decorator.py
[2025-12-24T09:25:58.489+0000] {processor.py:914} INFO - Processing file /home/airflow/.local/lib/python3.11/site-packages/airflow/example_dags/example_python_decorator.py for tasks to queue
[2025-12-24T09:25:58.493+0000] {logging_mixin.py:190} INFO - [2025-12-24T09:25:58.493+0000] {dagbag.py:588} INFO - Filling up the DagBag from /home/airflow/.local/lib/python3.11/site-packages/airflow/example_dags/example_python_decorator.py
[2025-12-24T09:25:58.532+0000] {processor.py:925} INFO - DAG(s) 'example_python_decorator' retrieved from /home/airflow/.local/lib/python3.11/site-packages/airflow/example_dags/example_python_decorator.py
[2025-12-24T09:25:58.572+0000] {logging_mixin.py:190} INFO - [2025-12-24T09:25:58.571+0000] {dag.py:3239} INFO - Sync 1 DAGs
[2025-12-24T09:25:58.593+0000] {logging_mixin.py:190} INFO - [2025-12-24T09:25:58.593+0000] {dag.py:4180} INFO - Setting next_dagrun for example_python_decorator to None, run_after=None
[2025-12-24T09:25:58.623+0000] {processor.py:208} INFO - Processing /home/airflow/.local/lib/python3.11/site-packages/airflow/example_dags/example_python_decorator.py took 0.146 seconds
[2025-12-24T09:26:07.511+0000] {processor.py:186} INFO - Started process (PID=636) to work on /home/airflow/.local/lib/python3.11/site-packages/airflow/example_dags/example_python_decorator.py
[2025-12-24T09:26:07.513+0000] {processor.py:914} INFO - Processing file /home/airflow/.local/lib/python3.11/site-packages/airflow/example_dags/example_python_decorator.py for tasks to queue
[2025-12-24T09:26:07.517+0000] {logging_mixin.py:190} INFO - [2025-12-24T09:26:07.517+0000] {dagbag.py:588} INFO - Filling up the DagBag from /home/airflow/.local/lib/python3.11/site-packages/airflow/example_dags/example_python_decorator.py
[2025-12-24T09:26:07.545+0000] {processor.py:925} INFO - DAG(s) 'example_python_decorator' retrieved from /home/airflow/.local/lib/python3.11/site-packages/airflow/example_dags/example_python_decorator.py
[2025-12-24T09:26:07.605+0000] {logging_mixin.py:190} INFO - [2025-12-24T09:26:07.605+0000] {dag.py:3239} INFO - Sync 1 DAGs
[2025-12-24T09:26:07.628+0000] {logging_mixin.py:190} INFO - [2025-12-24T09:26:07.628+0000] {dag.py:4180} INFO - Setting next_dagrun for example_python_decorator to None, run_after=None
[2025-12-24T09:26:07.662+0000] {processor.py:208} INFO - Processing /home/airflow/.local/lib/python3.11/site-packages/airflow/example_dags/example_python_decorator.py took 0.164 seconds
[2025-12-24T09:26:15.808+0000] {processor.py:186} INFO - Started process (PID=691) to work on /home/airflow/.local/lib/python3.11/site-packages/airflow/example_dags/example_python_decorator.py
[2025-12-24T09:26:15.810+0000] {processor.py:914} INFO - Processing file /home/airflow/.local/lib/python3.11/site-packages/airflow/example_dags/example_python_decorator.py for tasks to queue
[2025-12-24T09:26:15.814+0000] {logging_mixin.py:190} INFO - [2025-12-24T09:26:15.814+0000] {dagbag.py:588} INFO - Filling up the DagBag from /home/airflow/.local/lib/python3.11/site-packages/airflow/example_dags/example_python_decorator.py
[2025-12-24T09:26:15.837+0000] {processor.py:925} INFO - DAG(s) 'example_python_decorator' retrieved from /home/airflow/.local/lib/python3.11/site-packages/airflow/example_dags/example_python_decorator.py
[2025-12-24T09:26:15.872+0000] {logging_mixin.py:190} INFO - [2025-12-24T09:26:15.871+0000] {dag.py:3239} INFO - Sync 1 DAGs
[2025-12-24T09:26:15.891+0000] {logging_mixin.py:190} INFO - [2025-12-24T09:26:15.891+0000] {dag.py:4180} INFO - Setting next_dagrun for example_python_decorator to None, run_after=None
[2025-12-24T09:26:15.951+0000] {processor.py:208} INFO - Processing /home/airflow/.local/lib/python3.11/site-packages/airflow/example_dags/example_python_decorator.py took 0.154 seconds
[2025-12-24T09:26:26.946+0000] {processor.py:186} INFO - Started process (PID=743) to work on /home/airflow/.local/lib/python3.11/site-packages/airflow/example_dags/example_python_decorator.py
[2025-12-24T09:26:26.948+0000] {processor.py:914} INFO - Processing file /home/airflow/.local/lib/python3.11/site-packages/airflow/example_dags/example_python_decorator.py for tasks to queue
[2025-12-24T09:26:26.952+0000] {logging_mixin.py:190} INFO - [2025-12-24T09:26:26.951+0000] {dagbag.py:588} INFO - Filling up the DagBag from /home/airflow/.local/lib/python3.11/site-packages/airflow/example_dags/example_python_decorator.py
[2025-12-24T09:26:26.974+0000] {processor.py:925} INFO - DAG(s) 'example_python_decorator' retrieved from /home/airflow/.local/lib/python3.11/site-packages/airflow/example_dags/example_python_decorator.py
[2025-12-24T09:26:27.023+0000] {logging_mixin.py:190} INFO - [2025-12-24T09:26:27.022+0000] {dag.py:3239} INFO - Sync 1 DAGs
[2025-12-24T09:26:27.047+0000] {logging_mixin.py:190} INFO - [2025-12-24T09:26:27.046+0000] {dag.py:4180} INFO - Setting next_dagrun for example_python_decorator to None, run_after=None
[2025-12-24T09:26:27.085+0000] {processor.py:208} INFO - Processing /home/airflow/.local/lib/python3.11/site-packages/airflow/example_dags/example_python_decorator.py took 0.148 seconds
[2025-12-24T09:27:20.121+0000] {processor.py:186} INFO - Started process (PID=801) to work on /home/airflow/.local/lib/python3.11/site-packages/airflow/example_dags/example_python_decorator.py
[2025-12-24T09:27:20.123+0000] {processor.py:914} INFO - Processing file /home/airflow/.local/lib/python3.11/site-packages/airflow/example_dags/example_python_decorator.py for tasks to queue
[2025-12-24T09:27:20.128+0000] {logging_mixin.py:190} INFO - [2025-12-24T09:27:20.127+0000] {dagbag.py:588} INFO - Filling up the DagBag from /home/airflow/.local/lib/python3.11/site-packages/airflow/example_dags/example_python_decorator.py
[2025-12-24T09:27:20.153+0000] {processor.py:925} INFO - DAG(s) 'example_python_decorator' retrieved from /home/airflow/.local/lib/python3.11/site-packages/airflow/example_dags/example_python_decorator.py
[2025-12-24T09:27:20.224+0000] {logging_mixin.py:190} INFO - [2025-12-24T09:27:20.222+0000] {dag.py:3239} INFO - Sync 1 DAGs
[2025-12-24T09:27:20.247+0000] {logging_mixin.py:190} INFO - [2025-12-24T09:27:20.246+0000] {dag.py:4180} INFO - Setting next_dagrun for example_python_decorator to None, run_after=None
[2025-12-24T09:27:20.281+0000] {processor.py:208} INFO - Processing /home/airflow/.local/lib/python3.11/site-packages/airflow/example_dags/example_python_decorator.py took 0.172 seconds
[2025-12-24T09:27:50.606+0000] {processor.py:186} INFO - Started process (PID=936) to work on /home/airflow/.local/lib/python3.11/site-packages/airflow/example_dags/example_python_decorator.py
[2025-12-24T09:27:50.609+0000] {processor.py:914} INFO - Processing file /home/airflow/.local/lib/python3.11/site-packages/airflow/example_dags/example_python_decorator.py for tasks to queue
[2025-12-24T09:27:50.614+0000] {logging_mixin.py:190} INFO - [2025-12-24T09:27:50.613+0000] {dagbag.py:588} INFO - Filling up the DagBag from /home/airflow/.local/lib/python3.11/site-packages/airflow/example_dags/example_python_decorator.py
[2025-12-24T09:27:50.640+0000] {processor.py:925} INFO - DAG(s) 'example_python_decorator' retrieved from /home/airflow/.local/lib/python3.11/site-packages/airflow/example_dags/example_python_decorator.py
[2025-12-24T09:27:50.674+0000] {logging_mixin.py:190} INFO - [2025-12-24T09:27:50.674+0000] {dag.py:3239} INFO - Sync 1 DAGs
[2025-12-24T09:27:50.704+0000] {logging_mixin.py:190} INFO - [2025-12-24T09:27:50.704+0000] {dag.py:4180} INFO - Setting next_dagrun for example_python_decorator to None, run_after=None
[2025-12-24T09:27:50.744+0000] {processor.py:208} INFO - Processing /home/airflow/.local/lib/python3.11/site-packages/airflow/example_dags/example_python_decorator.py took 0.150 seconds
[2025-12-24T09:28:35.313+0000] {processor.py:186} INFO - Started process (PID=983) to work on /home/airflow/.local/lib/python3.11/site-packages/airflow/example_dags/example_python_decorator.py
[2025-12-24T09:28:35.315+0000] {processor.py:914} INFO - Processing file /home/airflow/.local/lib/python3.11/site-packages/airflow/example_dags/example_python_decorator.py for tasks to queue
[2025-12-24T09:28:35.320+0000] {logging_mixin.py:190} INFO - [2025-12-24T09:28:35.319+0000] {dagbag.py:588} INFO - Filling up the DagBag from /home/airflow/.local/lib/python3.11/site-packages/airflow/example_dags/example_python_decorator.py
[2025-12-24T09:28:35.350+0000] {processor.py:925} INFO - DAG(s) 'example_python_decorator' retrieved from /home/airflow/.local/lib/python3.11/site-packages/airflow/example_dags/example_python_decorator.py
[2025-12-24T09:28:35.400+0000] {logging_mixin.py:190} INFO - [2025-12-24T09:28:35.399+0000] {dag.py:3239} INFO - Sync 1 DAGs
[2025-12-24T09:28:35.438+0000] {logging_mixin.py:190} INFO - [2025-12-24T09:28:35.438+0000] {dag.py:4180} INFO - Setting next_dagrun for example_python_decorator to None, run_after=None
[2025-12-24T09:27:53.158+0000] {processor.py:208} INFO - Processing /home/airflow/.local/lib/python3.11/site-packages/airflow/example_dags/example_python_decorator.py took 0.176 seconds
[2025-12-24T09:28:02.714+0000] {processor.py:186} INFO - Started process (PID=1048) to work on /home/airflow/.local/lib/python3.11/site-packages/airflow/example_dags/example_python_decorator.py
[2025-12-24T09:28:02.716+0000] {processor.py:914} INFO - Processing file /home/airflow/.local/lib/python3.11/site-packages/airflow/example_dags/example_python_decorator.py for tasks to queue
[2025-12-24T09:28:02.722+0000] {logging_mixin.py:190} INFO - [2025-12-24T09:28:02.721+0000] {dagbag.py:588} INFO - Filling up the DagBag from /home/airflow/.local/lib/python3.11/site-packages/airflow/example_dags/example_python_decorator.py
[2025-12-24T09:28:02.748+0000] {processor.py:925} INFO - DAG(s) 'example_python_decorator' retrieved from /home/airflow/.local/lib/python3.11/site-packages/airflow/example_dags/example_python_decorator.py
[2025-12-24T09:28:02.785+0000] {logging_mixin.py:190} INFO - [2025-12-24T09:28:02.784+0000] {dag.py:3239} INFO - Sync 1 DAGs
[2025-12-24T09:28:02.807+0000] {logging_mixin.py:190} INFO - [2025-12-24T09:28:02.807+0000] {dag.py:4180} INFO - Setting next_dagrun for example_python_decorator to None, run_after=None
[2025-12-24T09:28:02.838+0000] {processor.py:208} INFO - Processing /home/airflow/.local/lib/python3.11/site-packages/airflow/example_dags/example_python_decorator.py took 0.135 seconds
[2025-12-24T09:28:17.171+0000] {processor.py:186} INFO - Started process (PID=1106) to work on /home/airflow/.local/lib/python3.11/site-packages/airflow/example_dags/example_python_decorator.py
[2025-12-24T09:28:17.173+0000] {processor.py:914} INFO - Processing file /home/airflow/.local/lib/python3.11/site-packages/airflow/example_dags/example_python_decorator.py for tasks to queue
[2025-12-24T09:28:17.177+0000] {logging_mixin.py:190} INFO - [2025-12-24T09:28:17.177+0000] {dagbag.py:588} INFO - Filling up the DagBag from /home/airflow/.local/lib/python3.11/site-packages/airflow/example_dags/example_python_decorator.py
[2025-12-24T09:28:17.201+0000] {processor.py:925} INFO - DAG(s) 'example_python_decorator' retrieved from /home/airflow/.local/lib/python3.11/site-packages/airflow/example_dags/example_python_decorator.py
[2025-12-24T09:28:17.237+0000] {logging_mixin.py:190} INFO - [2025-12-24T09:28:17.236+0000] {dag.py:3239} INFO - Sync 1 DAGs
[2025-12-24T09:28:17.255+0000] {logging_mixin.py:190} INFO - [2025-12-24T09:28:17.254+0000] {dag.py:4180} INFO - Setting next_dagrun for example_python_decorator to None, run_after=None
[2025-12-24T09:28:17.308+0000] {processor.py:208} INFO - Processing /home/airflow/.local/lib/python3.11/site-packages/airflow/example_dags/example_python_decorator.py took 0.149 seconds
[2025-12-24T09:29:16.269+0000] {processor.py:186} INFO - Started process (PID=1166) to work on /home/airflow/.local/lib/python3.11/site-packages/airflow/example_dags/example_python_decorator.py
[2025-12-24T09:29:16.276+0000] {processor.py:914} INFO - Processing file /home/airflow/.local/lib/python3.11/site-packages/airflow/example_dags/example_python_decorator.py for tasks to queue
[2025-12-24T09:29:16.294+0000] {logging_mixin.py:190} INFO - [2025-12-24T09:29:16.294+0000] {dagbag.py:588} INFO - Filling up the DagBag from /home/airflow/.local/lib/python3.11/site-packages/airflow/example_dags/example_python_decorator.py
[2025-12-24T09:29:16.321+0000] {processor.py:925} INFO - DAG(s) 'example_python_decorator' retrieved from /home/airflow/.local/lib/python3.11/site-packages/airflow/example_dags/example_python_decorator.py
[2025-12-24T09:29:16.363+0000] {logging_mixin.py:190} INFO - [2025-12-24T09:29:16.362+0000] {dag.py:3239} INFO - Sync 1 DAGs
[2025-12-24T09:29:16.387+0000] {logging_mixin.py:190} INFO - [2025-12-24T09:29:16.386+0000] {dag.py:4180} INFO - Setting next_dagrun for example_python_decorator to None, run_after=None
[2025-12-24T09:29:16.418+0000] {processor.py:208} INFO - Processing /home/airflow/.local/lib/python3.11/site-packages/airflow/example_dags/example_python_decorator.py took 0.162 seconds
