[2025-12-24T09:02:59.099+0000] {processor.py:186} INFO - Started process (PID=99) to work on /home/airflow/.local/lib/python3.11/site-packages/airflow/example_dags/tutorial_taskflow_templates.py
[2025-12-24T09:02:59.101+0000] {processor.py:914} INFO - Processing file /home/airflow/.local/lib/python3.11/site-packages/airflow/example_dags/tutorial_taskflow_templates.py for tasks to queue
[2025-12-24T09:02:59.110+0000] {logging_mixin.py:190} INFO - [2025-12-24T09:02:59.109+0000] {dagbag.py:588} INFO - Filling up the DagBag from /home/airflow/.local/lib/python3.11/site-packages/airflow/example_dags/tutorial_taskflow_templates.py
[2025-12-24T09:02:59.141+0000] {processor.py:925} INFO - DAG(s) 'tutorial_taskflow_templates' retrieved from /home/airflow/.local/lib/python3.11/site-packages/airflow/example_dags/tutorial_taskflow_templates.py
[2025-12-24T09:02:59.438+0000] {logging_mixin.py:190} INFO - [2025-12-24T09:02:59.437+0000] {override.py:1911} INFO - Created Permission View: can edit on DAG:tutorial_taskflow_templates
[2025-12-24T09:02:59.473+0000] {logging_mixin.py:190} INFO - [2025-12-24T09:02:59.472+0000] {override.py:1911} INFO - Created Permission View: can read on DAG:tutorial_taskflow_templates
[2025-12-24T09:02:59.493+0000] {logging_mixin.py:190} INFO - [2025-12-24T09:02:59.492+0000] {override.py:1911} INFO - Created Permission View: can delete on DAG:tutorial_taskflow_templates
[2025-12-24T09:02:59.518+0000] {logging_mixin.py:190} INFO - [2025-12-24T09:02:59.518+0000] {override.py:1911} INFO - Created Permission View: can read on DAG Run:tutorial_taskflow_templates
[2025-12-24T09:02:59.540+0000] {logging_mixin.py:190} INFO - [2025-12-24T09:02:59.539+0000] {override.py:1911} INFO - Created Permission View: can create on DAG Run:tutorial_taskflow_templates
[2025-12-24T09:02:59.587+0000] {logging_mixin.py:190} INFO - [2025-12-24T09:02:59.586+0000] {override.py:1911} INFO - Created Permission View: can delete on DAG Run:tutorial_taskflow_templates
[2025-12-24T09:02:59.608+0000] {logging_mixin.py:190} INFO - [2025-12-24T09:02:59.607+0000] {override.py:1911} INFO - Created Permission View: menu access on DAG Run:tutorial_taskflow_templates
[2025-12-24T09:02:59.610+0000] {logging_mixin.py:190} INFO - [2025-12-24T09:02:59.609+0000] {dag.py:3239} INFO - Sync 1 DAGs
[2025-12-24T09:02:59.636+0000] {logging_mixin.py:190} INFO - [2025-12-24T09:02:59.636+0000] {dag.py:3262} INFO - Creating ORM DAG for tutorial_taskflow_templates
[2025-12-24T09:02:59.659+0000] {logging_mixin.py:190} INFO - [2025-12-24T09:02:59.658+0000] {dag.py:4180} INFO - Setting next_dagrun for tutorial_taskflow_templates to 2025-12-23 00:00:00+00:00, run_after=2025-12-24 00:00:00+00:00
[2025-12-24T09:02:59.701+0000] {processor.py:208} INFO - Processing /home/airflow/.local/lib/python3.11/site-packages/airflow/example_dags/tutorial_taskflow_templates.py took 0.616 seconds
[2025-12-24T09:03:13.483+0000] {processor.py:186} INFO - Started process (PID=158) to work on /home/airflow/.local/lib/python3.11/site-packages/airflow/example_dags/tutorial_taskflow_templates.py
[2025-12-24T09:03:13.485+0000] {processor.py:914} INFO - Processing file /home/airflow/.local/lib/python3.11/site-packages/airflow/example_dags/tutorial_taskflow_templates.py for tasks to queue
[2025-12-24T09:03:13.489+0000] {logging_mixin.py:190} INFO - [2025-12-24T09:03:13.489+0000] {dagbag.py:588} INFO - Filling up the DagBag from /home/airflow/.local/lib/python3.11/site-packages/airflow/example_dags/tutorial_taskflow_templates.py
[2025-12-24T09:03:13.509+0000] {processor.py:925} INFO - DAG(s) 'tutorial_taskflow_templates' retrieved from /home/airflow/.local/lib/python3.11/site-packages/airflow/example_dags/tutorial_taskflow_templates.py
[2025-12-24T09:03:13.531+0000] {logging_mixin.py:190} INFO - [2025-12-24T09:03:13.530+0000] {dag.py:3239} INFO - Sync 1 DAGs
[2025-12-24T09:03:13.565+0000] {logging_mixin.py:190} INFO - [2025-12-24T09:03:13.565+0000] {dag.py:4180} INFO - Setting next_dagrun for tutorial_taskflow_templates to 2025-12-23 00:00:00+00:00, run_after=2025-12-24 00:00:00+00:00
[2025-12-24T09:03:13.595+0000] {processor.py:208} INFO - Processing /home/airflow/.local/lib/python3.11/site-packages/airflow/example_dags/tutorial_taskflow_templates.py took 0.122 seconds
[2025-12-24T09:04:16.853+0000] {processor.py:186} INFO - Started process (PID=222) to work on /home/airflow/.local/lib/python3.11/site-packages/airflow/example_dags/tutorial_taskflow_templates.py
[2025-12-24T09:04:16.855+0000] {processor.py:914} INFO - Processing file /home/airflow/.local/lib/python3.11/site-packages/airflow/example_dags/tutorial_taskflow_templates.py for tasks to queue
[2025-12-24T09:04:16.859+0000] {logging_mixin.py:190} INFO - [2025-12-24T09:04:16.859+0000] {dagbag.py:588} INFO - Filling up the DagBag from /home/airflow/.local/lib/python3.11/site-packages/airflow/example_dags/tutorial_taskflow_templates.py
[2025-12-24T09:04:16.878+0000] {processor.py:925} INFO - DAG(s) 'tutorial_taskflow_templates' retrieved from /home/airflow/.local/lib/python3.11/site-packages/airflow/example_dags/tutorial_taskflow_templates.py
[2025-12-24T09:04:16.916+0000] {logging_mixin.py:190} INFO - [2025-12-24T09:04:16.915+0000] {dag.py:3239} INFO - Sync 1 DAGs
[2025-12-24T09:04:16.964+0000] {logging_mixin.py:190} INFO - [2025-12-24T09:04:16.964+0000] {dag.py:4180} INFO - Setting next_dagrun for tutorial_taskflow_templates to 2025-12-23 00:00:00+00:00, run_after=2025-12-24 00:00:00+00:00
[2025-12-24T09:04:16.992+0000] {processor.py:208} INFO - Processing /home/airflow/.local/lib/python3.11/site-packages/airflow/example_dags/tutorial_taskflow_templates.py took 0.150 seconds
[2025-12-24T09:04:13.605+0000] {processor.py:186} INFO - Started process (PID=288) to work on /home/airflow/.local/lib/python3.11/site-packages/airflow/example_dags/tutorial_taskflow_templates.py
[2025-12-24T09:04:13.607+0000] {processor.py:914} INFO - Processing file /home/airflow/.local/lib/python3.11/site-packages/airflow/example_dags/tutorial_taskflow_templates.py for tasks to queue
[2025-12-24T09:04:13.611+0000] {logging_mixin.py:190} INFO - [2025-12-24T09:04:13.611+0000] {dagbag.py:588} INFO - Filling up the DagBag from /home/airflow/.local/lib/python3.11/site-packages/airflow/example_dags/tutorial_taskflow_templates.py
[2025-12-24T09:04:13.632+0000] {processor.py:925} INFO - DAG(s) 'tutorial_taskflow_templates' retrieved from /home/airflow/.local/lib/python3.11/site-packages/airflow/example_dags/tutorial_taskflow_templates.py
[2025-12-24T09:04:13.673+0000] {logging_mixin.py:190} INFO - [2025-12-24T09:04:13.673+0000] {dag.py:3239} INFO - Sync 1 DAGs
[2025-12-24T09:04:13.706+0000] {logging_mixin.py:190} INFO - [2025-12-24T09:04:13.705+0000] {dag.py:4180} INFO - Setting next_dagrun for tutorial_taskflow_templates to 2025-12-23 00:00:00+00:00, run_after=2025-12-24 00:00:00+00:00
[2025-12-24T09:04:13.733+0000] {processor.py:208} INFO - Processing /home/airflow/.local/lib/python3.11/site-packages/airflow/example_dags/tutorial_taskflow_templates.py took 0.141 seconds
[2025-12-24T09:04:44.119+0000] {processor.py:186} INFO - Started process (PID=351) to work on /home/airflow/.local/lib/python3.11/site-packages/airflow/example_dags/tutorial_taskflow_templates.py
[2025-12-24T09:04:44.121+0000] {processor.py:914} INFO - Processing file /home/airflow/.local/lib/python3.11/site-packages/airflow/example_dags/tutorial_taskflow_templates.py for tasks to queue
[2025-12-24T09:04:44.126+0000] {logging_mixin.py:190} INFO - [2025-12-24T09:04:44.125+0000] {dagbag.py:588} INFO - Filling up the DagBag from /home/airflow/.local/lib/python3.11/site-packages/airflow/example_dags/tutorial_taskflow_templates.py
[2025-12-24T09:04:44.153+0000] {processor.py:925} INFO - DAG(s) 'tutorial_taskflow_templates' retrieved from /home/airflow/.local/lib/python3.11/site-packages/airflow/example_dags/tutorial_taskflow_templates.py
[2025-12-24T09:04:44.200+0000] {logging_mixin.py:190} INFO - [2025-12-24T09:04:44.199+0000] {dag.py:3239} INFO - Sync 1 DAGs
[2025-12-24T09:04:44.241+0000] {logging_mixin.py:190} INFO - [2025-12-24T09:04:44.240+0000] {dag.py:4180} INFO - Setting next_dagrun for tutorial_taskflow_templates to 2025-12-23 00:00:00+00:00, run_after=2025-12-24 00:00:00+00:00
[2025-12-24T09:04:44.297+0000] {processor.py:208} INFO - Processing /home/airflow/.local/lib/python3.11/site-packages/airflow/example_dags/tutorial_taskflow_templates.py took 0.190 seconds
[2025-12-24T09:04:53.778+0000] {processor.py:186} INFO - Started process (PID=416) to work on /home/airflow/.local/lib/python3.11/site-packages/airflow/example_dags/tutorial_taskflow_templates.py
[2025-12-24T09:04:53.780+0000] {processor.py:914} INFO - Processing file /home/airflow/.local/lib/python3.11/site-packages/airflow/example_dags/tutorial_taskflow_templates.py for tasks to queue
[2025-12-24T09:04:53.784+0000] {logging_mixin.py:190} INFO - [2025-12-24T09:04:53.784+0000] {dagbag.py:588} INFO - Filling up the DagBag from /home/airflow/.local/lib/python3.11/site-packages/airflow/example_dags/tutorial_taskflow_templates.py
[2025-12-24T09:04:53.817+0000] {processor.py:925} INFO - DAG(s) 'tutorial_taskflow_templates' retrieved from /home/airflow/.local/lib/python3.11/site-packages/airflow/example_dags/tutorial_taskflow_templates.py
[2025-12-24T09:04:53.868+0000] {logging_mixin.py:190} INFO - [2025-12-24T09:04:53.868+0000] {dag.py:3239} INFO - Sync 1 DAGs
[2025-12-24T09:04:53.917+0000] {logging_mixin.py:190} INFO - [2025-12-24T09:04:53.917+0000] {dag.py:4180} INFO - Setting next_dagrun for tutorial_taskflow_templates to 2025-12-23 00:00:00+00:00, run_after=2025-12-24 00:00:00+00:00
[2025-12-24T09:04:53.957+0000] {processor.py:208} INFO - Processing /home/airflow/.local/lib/python3.11/site-packages/airflow/example_dags/tutorial_taskflow_templates.py took 0.190 seconds
[2025-12-24T09:05:24.099+0000] {processor.py:186} INFO - Started process (PID=481) to work on /home/airflow/.local/lib/python3.11/site-packages/airflow/example_dags/tutorial_taskflow_templates.py
[2025-12-24T09:05:24.101+0000] {processor.py:914} INFO - Processing file /home/airflow/.local/lib/python3.11/site-packages/airflow/example_dags/tutorial_taskflow_templates.py for tasks to queue
[2025-12-24T09:05:24.104+0000] {logging_mixin.py:190} INFO - [2025-12-24T09:05:24.104+0000] {dagbag.py:588} INFO - Filling up the DagBag from /home/airflow/.local/lib/python3.11/site-packages/airflow/example_dags/tutorial_taskflow_templates.py
[2025-12-24T09:05:24.123+0000] {processor.py:925} INFO - DAG(s) 'tutorial_taskflow_templates' retrieved from /home/airflow/.local/lib/python3.11/site-packages/airflow/example_dags/tutorial_taskflow_templates.py
[2025-12-24T09:05:24.153+0000] {logging_mixin.py:190} INFO - [2025-12-24T09:05:24.153+0000] {dag.py:3239} INFO - Sync 1 DAGs
[2025-12-24T09:05:24.182+0000] {logging_mixin.py:190} INFO - [2025-12-24T09:05:24.181+0000] {dag.py:4180} INFO - Setting next_dagrun for tutorial_taskflow_templates to 2025-12-23 00:00:00+00:00, run_after=2025-12-24 00:00:00+00:00
[2025-12-24T09:05:24.206+0000] {processor.py:208} INFO - Processing /home/airflow/.local/lib/python3.11/site-packages/airflow/example_dags/tutorial_taskflow_templates.py took 0.118 seconds
[2025-12-24T09:05:27.912+0000] {processor.py:186} INFO - Started process (PID=517) to work on /home/airflow/.local/lib/python3.11/site-packages/airflow/example_dags/tutorial_taskflow_templates.py
[2025-12-24T09:05:27.914+0000] {processor.py:914} INFO - Processing file /home/airflow/.local/lib/python3.11/site-packages/airflow/example_dags/tutorial_taskflow_templates.py for tasks to queue
[2025-12-24T09:05:27.918+0000] {logging_mixin.py:190} INFO - [2025-12-24T09:05:27.918+0000] {dagbag.py:588} INFO - Filling up the DagBag from /home/airflow/.local/lib/python3.11/site-packages/airflow/example_dags/tutorial_taskflow_templates.py
[2025-12-24T09:05:27.939+0000] {processor.py:925} INFO - DAG(s) 'tutorial_taskflow_templates' retrieved from /home/airflow/.local/lib/python3.11/site-packages/airflow/example_dags/tutorial_taskflow_templates.py
[2025-12-24T09:05:27.979+0000] {logging_mixin.py:190} INFO - [2025-12-24T09:05:27.979+0000] {dag.py:3239} INFO - Sync 1 DAGs
[2025-12-24T09:05:28.014+0000] {logging_mixin.py:190} INFO - [2025-12-24T09:05:28.013+0000] {dag.py:4180} INFO - Setting next_dagrun for tutorial_taskflow_templates to 2025-12-23 00:00:00+00:00, run_after=2025-12-24 00:00:00+00:00
[2025-12-24T09:05:28.047+0000] {processor.py:208} INFO - Processing /home/airflow/.local/lib/python3.11/site-packages/airflow/example_dags/tutorial_taskflow_templates.py took 0.145 seconds
[2025-12-24T09:05:39.660+0000] {processor.py:186} INFO - Started process (PID=572) to work on /home/airflow/.local/lib/python3.11/site-packages/airflow/example_dags/tutorial_taskflow_templates.py
[2025-12-24T09:05:39.662+0000] {processor.py:914} INFO - Processing file /home/airflow/.local/lib/python3.11/site-packages/airflow/example_dags/tutorial_taskflow_templates.py for tasks to queue
[2025-12-24T09:05:39.667+0000] {logging_mixin.py:190} INFO - [2025-12-24T09:05:39.666+0000] {dagbag.py:588} INFO - Filling up the DagBag from /home/airflow/.local/lib/python3.11/site-packages/airflow/example_dags/tutorial_taskflow_templates.py
[2025-12-24T09:05:39.707+0000] {processor.py:925} INFO - DAG(s) 'tutorial_taskflow_templates' retrieved from /home/airflow/.local/lib/python3.11/site-packages/airflow/example_dags/tutorial_taskflow_templates.py
[2025-12-24T09:05:39.745+0000] {logging_mixin.py:190} INFO - [2025-12-24T09:05:39.744+0000] {dag.py:3239} INFO - Sync 1 DAGs
[2025-12-24T09:05:39.789+0000] {logging_mixin.py:190} INFO - [2025-12-24T09:05:39.789+0000] {dag.py:4180} INFO - Setting next_dagrun for tutorial_taskflow_templates to 2025-12-23 00:00:00+00:00, run_after=2025-12-24 00:00:00+00:00
[2025-12-24T09:05:39.834+0000] {processor.py:208} INFO - Processing /home/airflow/.local/lib/python3.11/site-packages/airflow/example_dags/tutorial_taskflow_templates.py took 0.185 seconds
[2025-12-24T09:06:41.946+0000] {processor.py:186} INFO - Started process (PID=634) to work on /home/airflow/.local/lib/python3.11/site-packages/airflow/example_dags/tutorial_taskflow_templates.py
[2025-12-24T09:06:41.949+0000] {processor.py:914} INFO - Processing file /home/airflow/.local/lib/python3.11/site-packages/airflow/example_dags/tutorial_taskflow_templates.py for tasks to queue
[2025-12-24T09:06:41.955+0000] {logging_mixin.py:190} INFO - [2025-12-24T09:06:41.954+0000] {dagbag.py:588} INFO - Filling up the DagBag from /home/airflow/.local/lib/python3.11/site-packages/airflow/example_dags/tutorial_taskflow_templates.py
[2025-12-24T09:06:41.981+0000] {processor.py:925} INFO - DAG(s) 'tutorial_taskflow_templates' retrieved from /home/airflow/.local/lib/python3.11/site-packages/airflow/example_dags/tutorial_taskflow_templates.py
[2025-12-24T09:06:42.040+0000] {logging_mixin.py:190} INFO - [2025-12-24T09:06:42.039+0000] {dag.py:3239} INFO - Sync 1 DAGs
[2025-12-24T09:06:42.079+0000] {logging_mixin.py:190} INFO - [2025-12-24T09:06:42.079+0000] {dag.py:4180} INFO - Setting next_dagrun for tutorial_taskflow_templates to 2025-12-23 00:00:00+00:00, run_after=2025-12-24 00:00:00+00:00
[2025-12-24T09:06:42.116+0000] {processor.py:208} INFO - Processing /home/airflow/.local/lib/python3.11/site-packages/airflow/example_dags/tutorial_taskflow_templates.py took 0.183 seconds
[2025-12-24T09:06:44.432+0000] {processor.py:186} INFO - Started process (PID=700) to work on /home/airflow/.local/lib/python3.11/site-packages/airflow/example_dags/tutorial_taskflow_templates.py
[2025-12-24T09:06:44.433+0000] {processor.py:914} INFO - Processing file /home/airflow/.local/lib/python3.11/site-packages/airflow/example_dags/tutorial_taskflow_templates.py for tasks to queue
[2025-12-24T09:06:44.438+0000] {logging_mixin.py:190} INFO - [2025-12-24T09:06:44.437+0000] {dagbag.py:588} INFO - Filling up the DagBag from /home/airflow/.local/lib/python3.11/site-packages/airflow/example_dags/tutorial_taskflow_templates.py
[2025-12-24T09:06:44.467+0000] {processor.py:925} INFO - DAG(s) 'tutorial_taskflow_templates' retrieved from /home/airflow/.local/lib/python3.11/site-packages/airflow/example_dags/tutorial_taskflow_templates.py
[2025-12-24T09:06:44.526+0000] {logging_mixin.py:190} INFO - [2025-12-24T09:06:44.525+0000] {dag.py:3239} INFO - Sync 1 DAGs
[2025-12-24T09:06:44.567+0000] {logging_mixin.py:190} INFO - [2025-12-24T09:06:44.567+0000] {dag.py:4180} INFO - Setting next_dagrun for tutorial_taskflow_templates to 2025-12-23 00:00:00+00:00, run_after=2025-12-24 00:00:00+00:00
[2025-12-24T09:06:44.610+0000] {processor.py:208} INFO - Processing /home/airflow/.local/lib/python3.11/site-packages/airflow/example_dags/tutorial_taskflow_templates.py took 0.192 seconds
[2025-12-24T09:07:14.393+0000] {processor.py:186} INFO - Started process (PID=766) to work on /home/airflow/.local/lib/python3.11/site-packages/airflow/example_dags/tutorial_taskflow_templates.py
[2025-12-24T09:07:14.395+0000] {processor.py:914} INFO - Processing file /home/airflow/.local/lib/python3.11/site-packages/airflow/example_dags/tutorial_taskflow_templates.py for tasks to queue
[2025-12-24T09:07:14.400+0000] {logging_mixin.py:190} INFO - [2025-12-24T09:07:14.400+0000] {dagbag.py:588} INFO - Filling up the DagBag from /home/airflow/.local/lib/python3.11/site-packages/airflow/example_dags/tutorial_taskflow_templates.py
[2025-12-24T09:07:14.423+0000] {processor.py:925} INFO - DAG(s) 'tutorial_taskflow_templates' retrieved from /home/airflow/.local/lib/python3.11/site-packages/airflow/example_dags/tutorial_taskflow_templates.py
[2025-12-24T09:07:14.460+0000] {logging_mixin.py:190} INFO - [2025-12-24T09:07:14.460+0000] {dag.py:3239} INFO - Sync 1 DAGs
[2025-12-24T09:07:14.506+0000] {logging_mixin.py:190} INFO - [2025-12-24T09:07:14.506+0000] {dag.py:4180} INFO - Setting next_dagrun for tutorial_taskflow_templates to 2025-12-23 00:00:00+00:00, run_after=2025-12-24 00:00:00+00:00
[2025-12-24T09:07:14.538+0000] {processor.py:208} INFO - Processing /home/airflow/.local/lib/python3.11/site-packages/airflow/example_dags/tutorial_taskflow_templates.py took 0.156 seconds
[2025-12-24T09:07:24.488+0000] {processor.py:186} INFO - Started process (PID=828) to work on /home/airflow/.local/lib/python3.11/site-packages/airflow/example_dags/tutorial_taskflow_templates.py
[2025-12-24T09:07:24.489+0000] {processor.py:914} INFO - Processing file /home/airflow/.local/lib/python3.11/site-packages/airflow/example_dags/tutorial_taskflow_templates.py for tasks to queue
[2025-12-24T09:07:24.493+0000] {logging_mixin.py:190} INFO - [2025-12-24T09:07:24.492+0000] {dagbag.py:588} INFO - Filling up the DagBag from /home/airflow/.local/lib/python3.11/site-packages/airflow/example_dags/tutorial_taskflow_templates.py
[2025-12-24T09:07:24.511+0000] {processor.py:925} INFO - DAG(s) 'tutorial_taskflow_templates' retrieved from /home/airflow/.local/lib/python3.11/site-packages/airflow/example_dags/tutorial_taskflow_templates.py
[2025-12-24T09:07:24.542+0000] {logging_mixin.py:190} INFO - [2025-12-24T09:07:24.541+0000] {dag.py:3239} INFO - Sync 1 DAGs
[2025-12-24T09:07:24.571+0000] {logging_mixin.py:190} INFO - [2025-12-24T09:07:24.570+0000] {dag.py:4180} INFO - Setting next_dagrun for tutorial_taskflow_templates to 2025-12-23 00:00:00+00:00, run_after=2025-12-24 00:00:00+00:00
[2025-12-24T09:07:24.635+0000] {processor.py:208} INFO - Processing /home/airflow/.local/lib/python3.11/site-packages/airflow/example_dags/tutorial_taskflow_templates.py took 0.157 seconds
[2025-12-24T09:07:33.971+0000] {processor.py:186} INFO - Started process (PID=885) to work on /home/airflow/.local/lib/python3.11/site-packages/airflow/example_dags/tutorial_taskflow_templates.py
[2025-12-24T09:07:33.973+0000] {processor.py:914} INFO - Processing file /home/airflow/.local/lib/python3.11/site-packages/airflow/example_dags/tutorial_taskflow_templates.py for tasks to queue
[2025-12-24T09:07:33.978+0000] {logging_mixin.py:190} INFO - [2025-12-24T09:07:33.978+0000] {dagbag.py:588} INFO - Filling up the DagBag from /home/airflow/.local/lib/python3.11/site-packages/airflow/example_dags/tutorial_taskflow_templates.py
[2025-12-24T09:07:34.011+0000] {processor.py:925} INFO - DAG(s) 'tutorial_taskflow_templates' retrieved from /home/airflow/.local/lib/python3.11/site-packages/airflow/example_dags/tutorial_taskflow_templates.py
[2025-12-24T09:07:34.053+0000] {logging_mixin.py:190} INFO - [2025-12-24T09:07:34.049+0000] {dag.py:3239} INFO - Sync 1 DAGs
[2025-12-24T09:07:34.086+0000] {logging_mixin.py:190} INFO - [2025-12-24T09:07:34.086+0000] {dag.py:4180} INFO - Setting next_dagrun for tutorial_taskflow_templates to 2025-12-23 00:00:00+00:00, run_after=2025-12-24 00:00:00+00:00
[2025-12-24T09:07:34.113+0000] {processor.py:208} INFO - Processing /home/airflow/.local/lib/python3.11/site-packages/airflow/example_dags/tutorial_taskflow_templates.py took 0.155 seconds
[2025-12-24T09:07:43.573+0000] {processor.py:186} INFO - Started process (PID=941) to work on /home/airflow/.local/lib/python3.11/site-packages/airflow/example_dags/tutorial_taskflow_templates.py
[2025-12-24T09:07:43.575+0000] {processor.py:914} INFO - Processing file /home/airflow/.local/lib/python3.11/site-packages/airflow/example_dags/tutorial_taskflow_templates.py for tasks to queue
[2025-12-24T09:07:43.579+0000] {logging_mixin.py:190} INFO - [2025-12-24T09:07:43.579+0000] {dagbag.py:588} INFO - Filling up the DagBag from /home/airflow/.local/lib/python3.11/site-packages/airflow/example_dags/tutorial_taskflow_templates.py
[2025-12-24T09:07:43.598+0000] {processor.py:925} INFO - DAG(s) 'tutorial_taskflow_templates' retrieved from /home/airflow/.local/lib/python3.11/site-packages/airflow/example_dags/tutorial_taskflow_templates.py
[2025-12-24T09:07:43.629+0000] {logging_mixin.py:190} INFO - [2025-12-24T09:07:43.628+0000] {dag.py:3239} INFO - Sync 1 DAGs
[2025-12-24T09:07:43.659+0000] {logging_mixin.py:190} INFO - [2025-12-24T09:07:43.659+0000] {dag.py:4180} INFO - Setting next_dagrun for tutorial_taskflow_templates to 2025-12-23 00:00:00+00:00, run_after=2025-12-24 00:00:00+00:00
[2025-12-24T09:07:43.685+0000] {processor.py:208} INFO - Processing /home/airflow/.local/lib/python3.11/site-packages/airflow/example_dags/tutorial_taskflow_templates.py took 0.122 seconds
[2025-12-24T09:08:41.515+0000] {processor.py:186} INFO - Started process (PID=1002) to work on /home/airflow/.local/lib/python3.11/site-packages/airflow/example_dags/tutorial_taskflow_templates.py
[2025-12-24T09:08:41.516+0000] {processor.py:914} INFO - Processing file /home/airflow/.local/lib/python3.11/site-packages/airflow/example_dags/tutorial_taskflow_templates.py for tasks to queue
[2025-12-24T09:08:41.520+0000] {logging_mixin.py:190} INFO - [2025-12-24T09:08:41.520+0000] {dagbag.py:588} INFO - Filling up the DagBag from /home/airflow/.local/lib/python3.11/site-packages/airflow/example_dags/tutorial_taskflow_templates.py
[2025-12-24T09:08:41.538+0000] {processor.py:925} INFO - DAG(s) 'tutorial_taskflow_templates' retrieved from /home/airflow/.local/lib/python3.11/site-packages/airflow/example_dags/tutorial_taskflow_templates.py
[2025-12-24T09:08:41.568+0000] {logging_mixin.py:190} INFO - [2025-12-24T09:08:41.568+0000] {dag.py:3239} INFO - Sync 1 DAGs
[2025-12-24T09:08:41.598+0000] {logging_mixin.py:190} INFO - [2025-12-24T09:08:41.598+0000] {dag.py:4180} INFO - Setting next_dagrun for tutorial_taskflow_templates to 2025-12-23 00:00:00+00:00, run_after=2025-12-24 00:00:00+00:00
[2025-12-24T09:08:41.625+0000] {processor.py:208} INFO - Processing /home/airflow/.local/lib/python3.11/site-packages/airflow/example_dags/tutorial_taskflow_templates.py took 0.120 seconds
[2025-12-24T09:09:20.924+0000] {processor.py:186} INFO - Started process (PID=1069) to work on /home/airflow/.local/lib/python3.11/site-packages/airflow/example_dags/tutorial_taskflow_templates.py
[2025-12-24T09:09:20.926+0000] {processor.py:914} INFO - Processing file /home/airflow/.local/lib/python3.11/site-packages/airflow/example_dags/tutorial_taskflow_templates.py for tasks to queue
[2025-12-24T09:09:20.931+0000] {logging_mixin.py:190} INFO - [2025-12-24T09:09:20.930+0000] {dagbag.py:588} INFO - Filling up the DagBag from /home/airflow/.local/lib/python3.11/site-packages/airflow/example_dags/tutorial_taskflow_templates.py
[2025-12-24T09:09:20.953+0000] {processor.py:925} INFO - DAG(s) 'tutorial_taskflow_templates' retrieved from /home/airflow/.local/lib/python3.11/site-packages/airflow/example_dags/tutorial_taskflow_templates.py
[2025-12-24T09:09:20.991+0000] {logging_mixin.py:190} INFO - [2025-12-24T09:09:20.991+0000] {dag.py:3239} INFO - Sync 1 DAGs
[2025-12-24T09:09:21.028+0000] {logging_mixin.py:190} INFO - [2025-12-24T09:09:21.027+0000] {dag.py:4180} INFO - Setting next_dagrun for tutorial_taskflow_templates to 2025-12-23 00:00:00+00:00, run_after=2025-12-24 00:00:00+00:00
[2025-12-24T09:09:21.054+0000] {processor.py:208} INFO - Processing /home/airflow/.local/lib/python3.11/site-packages/airflow/example_dags/tutorial_taskflow_templates.py took 0.141 seconds
[2025-12-24T09:09:19.099+0000] {processor.py:186} INFO - Started process (PID=1149) to work on /home/airflow/.local/lib/python3.11/site-packages/airflow/example_dags/tutorial_taskflow_templates.py
[2025-12-24T09:09:19.101+0000] {processor.py:914} INFO - Processing file /home/airflow/.local/lib/python3.11/site-packages/airflow/example_dags/tutorial_taskflow_templates.py for tasks to queue
[2025-12-24T09:09:19.105+0000] {logging_mixin.py:190} INFO - [2025-12-24T09:09:19.105+0000] {dagbag.py:588} INFO - Filling up the DagBag from /home/airflow/.local/lib/python3.11/site-packages/airflow/example_dags/tutorial_taskflow_templates.py
[2025-12-24T09:09:19.126+0000] {processor.py:925} INFO - DAG(s) 'tutorial_taskflow_templates' retrieved from /home/airflow/.local/lib/python3.11/site-packages/airflow/example_dags/tutorial_taskflow_templates.py
[2025-12-24T09:09:19.160+0000] {logging_mixin.py:190} INFO - [2025-12-24T09:09:19.159+0000] {dag.py:3239} INFO - Sync 1 DAGs
[2025-12-24T09:09:19.192+0000] {logging_mixin.py:190} INFO - [2025-12-24T09:09:19.191+0000] {dag.py:4180} INFO - Setting next_dagrun for tutorial_taskflow_templates to 2025-12-23 00:00:00+00:00, run_after=2025-12-24 00:00:00+00:00
[2025-12-24T09:09:19.220+0000] {processor.py:208} INFO - Processing /home/airflow/.local/lib/python3.11/site-packages/airflow/example_dags/tutorial_taskflow_templates.py took 0.131 seconds
[2025-12-24T09:10:26.463+0000] {processor.py:186} INFO - Started process (PID=1209) to work on /home/airflow/.local/lib/python3.11/site-packages/airflow/example_dags/tutorial_taskflow_templates.py
[2025-12-24T09:10:26.464+0000] {processor.py:914} INFO - Processing file /home/airflow/.local/lib/python3.11/site-packages/airflow/example_dags/tutorial_taskflow_templates.py for tasks to queue
[2025-12-24T09:10:26.468+0000] {logging_mixin.py:190} INFO - [2025-12-24T09:10:26.468+0000] {dagbag.py:588} INFO - Filling up the DagBag from /home/airflow/.local/lib/python3.11/site-packages/airflow/example_dags/tutorial_taskflow_templates.py
[2025-12-24T09:10:26.487+0000] {processor.py:925} INFO - DAG(s) 'tutorial_taskflow_templates' retrieved from /home/airflow/.local/lib/python3.11/site-packages/airflow/example_dags/tutorial_taskflow_templates.py
[2025-12-24T09:10:26.527+0000] {logging_mixin.py:190} INFO - [2025-12-24T09:10:26.526+0000] {dag.py:3239} INFO - Sync 1 DAGs
[2025-12-24T09:10:26.558+0000] {logging_mixin.py:190} INFO - [2025-12-24T09:10:26.558+0000] {dag.py:4180} INFO - Setting next_dagrun for tutorial_taskflow_templates to 2025-12-23 00:00:00+00:00, run_after=2025-12-24 00:00:00+00:00
[2025-12-24T09:10:26.583+0000] {processor.py:208} INFO - Processing /home/airflow/.local/lib/python3.11/site-packages/airflow/example_dags/tutorial_taskflow_templates.py took 0.129 seconds
[2025-12-24T09:10:19.351+0000] {processor.py:186} INFO - Started process (PID=1281) to work on /home/airflow/.local/lib/python3.11/site-packages/airflow/example_dags/tutorial_taskflow_templates.py
[2025-12-24T09:10:19.353+0000] {processor.py:914} INFO - Processing file /home/airflow/.local/lib/python3.11/site-packages/airflow/example_dags/tutorial_taskflow_templates.py for tasks to queue
[2025-12-24T09:10:19.357+0000] {logging_mixin.py:190} INFO - [2025-12-24T09:10:19.356+0000] {dagbag.py:588} INFO - Filling up the DagBag from /home/airflow/.local/lib/python3.11/site-packages/airflow/example_dags/tutorial_taskflow_templates.py
[2025-12-24T09:10:19.377+0000] {processor.py:925} INFO - DAG(s) 'tutorial_taskflow_templates' retrieved from /home/airflow/.local/lib/python3.11/site-packages/airflow/example_dags/tutorial_taskflow_templates.py
[2025-12-24T09:10:19.411+0000] {logging_mixin.py:190} INFO - [2025-12-24T09:10:19.410+0000] {dag.py:3239} INFO - Sync 1 DAGs
[2025-12-24T09:10:19.454+0000] {logging_mixin.py:190} INFO - [2025-12-24T09:10:19.454+0000] {dag.py:4180} INFO - Setting next_dagrun for tutorial_taskflow_templates to 2025-12-23 00:00:00+00:00, run_after=2025-12-24 00:00:00+00:00
[2025-12-24T09:10:19.484+0000] {processor.py:208} INFO - Processing /home/airflow/.local/lib/python3.11/site-packages/airflow/example_dags/tutorial_taskflow_templates.py took 0.145 seconds
[2025-12-24T09:10:49.340+0000] {processor.py:186} INFO - Started process (PID=1330) to work on /home/airflow/.local/lib/python3.11/site-packages/airflow/example_dags/tutorial_taskflow_templates.py
[2025-12-24T09:10:49.342+0000] {processor.py:914} INFO - Processing file /home/airflow/.local/lib/python3.11/site-packages/airflow/example_dags/tutorial_taskflow_templates.py for tasks to queue
[2025-12-24T09:10:49.345+0000] {logging_mixin.py:190} INFO - [2025-12-24T09:10:49.345+0000] {dagbag.py:588} INFO - Filling up the DagBag from /home/airflow/.local/lib/python3.11/site-packages/airflow/example_dags/tutorial_taskflow_templates.py
[2025-12-24T09:10:49.361+0000] {processor.py:925} INFO - DAG(s) 'tutorial_taskflow_templates' retrieved from /home/airflow/.local/lib/python3.11/site-packages/airflow/example_dags/tutorial_taskflow_templates.py
[2025-12-24T09:10:49.390+0000] {logging_mixin.py:190} INFO - [2025-12-24T09:10:49.390+0000] {dag.py:3239} INFO - Sync 1 DAGs
[2025-12-24T09:10:49.419+0000] {logging_mixin.py:190} INFO - [2025-12-24T09:10:49.418+0000] {dag.py:4180} INFO - Setting next_dagrun for tutorial_taskflow_templates to 2025-12-23 00:00:00+00:00, run_after=2025-12-24 00:00:00+00:00
[2025-12-24T09:10:49.444+0000] {processor.py:208} INFO - Processing /home/airflow/.local/lib/python3.11/site-packages/airflow/example_dags/tutorial_taskflow_templates.py took 0.113 seconds
[2025-12-24T09:10:59.340+0000] {processor.py:186} INFO - Started process (PID=1387) to work on /home/airflow/.local/lib/python3.11/site-packages/airflow/example_dags/tutorial_taskflow_templates.py
[2025-12-24T09:10:59.342+0000] {processor.py:914} INFO - Processing file /home/airflow/.local/lib/python3.11/site-packages/airflow/example_dags/tutorial_taskflow_templates.py for tasks to queue
[2025-12-24T09:10:59.347+0000] {logging_mixin.py:190} INFO - [2025-12-24T09:10:59.347+0000] {dagbag.py:588} INFO - Filling up the DagBag from /home/airflow/.local/lib/python3.11/site-packages/airflow/example_dags/tutorial_taskflow_templates.py
[2025-12-24T09:10:59.376+0000] {processor.py:925} INFO - DAG(s) 'tutorial_taskflow_templates' retrieved from /home/airflow/.local/lib/python3.11/site-packages/airflow/example_dags/tutorial_taskflow_templates.py
[2025-12-24T09:10:59.419+0000] {logging_mixin.py:190} INFO - [2025-12-24T09:10:59.419+0000] {dag.py:3239} INFO - Sync 1 DAGs
[2025-12-24T09:10:59.464+0000] {logging_mixin.py:190} INFO - [2025-12-24T09:10:59.464+0000] {dag.py:4180} INFO - Setting next_dagrun for tutorial_taskflow_templates to 2025-12-23 00:00:00+00:00, run_after=2025-12-24 00:00:00+00:00
[2025-12-24T09:10:59.498+0000] {processor.py:208} INFO - Processing /home/airflow/.local/lib/python3.11/site-packages/airflow/example_dags/tutorial_taskflow_templates.py took 0.179 seconds
[2025-12-24T09:11:30.518+0000] {processor.py:186} INFO - Started process (PID=1450) to work on /home/airflow/.local/lib/python3.11/site-packages/airflow/example_dags/tutorial_taskflow_templates.py
[2025-12-24T09:11:30.520+0000] {processor.py:914} INFO - Processing file /home/airflow/.local/lib/python3.11/site-packages/airflow/example_dags/tutorial_taskflow_templates.py for tasks to queue
[2025-12-24T09:11:30.524+0000] {logging_mixin.py:190} INFO - [2025-12-24T09:11:30.523+0000] {dagbag.py:588} INFO - Filling up the DagBag from /home/airflow/.local/lib/python3.11/site-packages/airflow/example_dags/tutorial_taskflow_templates.py
[2025-12-24T09:11:30.542+0000] {processor.py:925} INFO - DAG(s) 'tutorial_taskflow_templates' retrieved from /home/airflow/.local/lib/python3.11/site-packages/airflow/example_dags/tutorial_taskflow_templates.py
[2025-12-24T09:11:30.574+0000] {logging_mixin.py:190} INFO - [2025-12-24T09:11:30.573+0000] {dag.py:3239} INFO - Sync 1 DAGs
[2025-12-24T09:11:30.604+0000] {logging_mixin.py:190} INFO - [2025-12-24T09:11:30.603+0000] {dag.py:4180} INFO - Setting next_dagrun for tutorial_taskflow_templates to 2025-12-23 00:00:00+00:00, run_after=2025-12-24 00:00:00+00:00
[2025-12-24T09:11:30.628+0000] {processor.py:208} INFO - Processing /home/airflow/.local/lib/python3.11/site-packages/airflow/example_dags/tutorial_taskflow_templates.py took 0.119 seconds
[2025-12-24T09:12:31.856+0000] {processor.py:186} INFO - Started process (PID=1513) to work on /home/airflow/.local/lib/python3.11/site-packages/airflow/example_dags/tutorial_taskflow_templates.py
[2025-12-24T09:12:31.858+0000] {processor.py:914} INFO - Processing file /home/airflow/.local/lib/python3.11/site-packages/airflow/example_dags/tutorial_taskflow_templates.py for tasks to queue
[2025-12-24T09:12:31.861+0000] {logging_mixin.py:190} INFO - [2025-12-24T09:12:31.861+0000] {dagbag.py:588} INFO - Filling up the DagBag from /home/airflow/.local/lib/python3.11/site-packages/airflow/example_dags/tutorial_taskflow_templates.py
[2025-12-24T09:12:31.879+0000] {processor.py:925} INFO - DAG(s) 'tutorial_taskflow_templates' retrieved from /home/airflow/.local/lib/python3.11/site-packages/airflow/example_dags/tutorial_taskflow_templates.py
[2025-12-24T09:12:31.908+0000] {logging_mixin.py:190} INFO - [2025-12-24T09:12:31.907+0000] {dag.py:3239} INFO - Sync 1 DAGs
[2025-12-24T09:12:31.934+0000] {logging_mixin.py:190} INFO - [2025-12-24T09:12:31.934+0000] {dag.py:4180} INFO - Setting next_dagrun for tutorial_taskflow_templates to 2025-12-23 00:00:00+00:00, run_after=2025-12-24 00:00:00+00:00
[2025-12-24T09:12:31.958+0000] {processor.py:208} INFO - Processing /home/airflow/.local/lib/python3.11/site-packages/airflow/example_dags/tutorial_taskflow_templates.py took 0.110 seconds
[2025-12-24T09:12:43.885+0000] {processor.py:186} INFO - Started process (PID=1577) to work on /home/airflow/.local/lib/python3.11/site-packages/airflow/example_dags/tutorial_taskflow_templates.py
[2025-12-24T09:12:43.886+0000] {processor.py:914} INFO - Processing file /home/airflow/.local/lib/python3.11/site-packages/airflow/example_dags/tutorial_taskflow_templates.py for tasks to queue
[2025-12-24T09:12:43.891+0000] {logging_mixin.py:190} INFO - [2025-12-24T09:12:43.891+0000] {dagbag.py:588} INFO - Filling up the DagBag from /home/airflow/.local/lib/python3.11/site-packages/airflow/example_dags/tutorial_taskflow_templates.py
[2025-12-24T09:12:43.912+0000] {processor.py:925} INFO - DAG(s) 'tutorial_taskflow_templates' retrieved from /home/airflow/.local/lib/python3.11/site-packages/airflow/example_dags/tutorial_taskflow_templates.py
[2025-12-24T09:12:43.942+0000] {logging_mixin.py:190} INFO - [2025-12-24T09:12:43.942+0000] {dag.py:3239} INFO - Sync 1 DAGs
[2025-12-24T09:12:43.969+0000] {logging_mixin.py:190} INFO - [2025-12-24T09:12:43.969+0000] {dag.py:4180} INFO - Setting next_dagrun for tutorial_taskflow_templates to 2025-12-23 00:00:00+00:00, run_after=2025-12-24 00:00:00+00:00
[2025-12-24T09:12:43.999+0000] {processor.py:208} INFO - Processing /home/airflow/.local/lib/python3.11/site-packages/airflow/example_dags/tutorial_taskflow_templates.py took 0.126 seconds
[2025-12-24T09:13:32.934+0000] {processor.py:186} INFO - Started process (PID=1644) to work on /home/airflow/.local/lib/python3.11/site-packages/airflow/example_dags/tutorial_taskflow_templates.py
[2025-12-24T09:13:32.936+0000] {processor.py:914} INFO - Processing file /home/airflow/.local/lib/python3.11/site-packages/airflow/example_dags/tutorial_taskflow_templates.py for tasks to queue
[2025-12-24T09:13:32.940+0000] {logging_mixin.py:190} INFO - [2025-12-24T09:13:32.939+0000] {dagbag.py:588} INFO - Filling up the DagBag from /home/airflow/.local/lib/python3.11/site-packages/airflow/example_dags/tutorial_taskflow_templates.py
[2025-12-24T09:13:32.961+0000] {processor.py:925} INFO - DAG(s) 'tutorial_taskflow_templates' retrieved from /home/airflow/.local/lib/python3.11/site-packages/airflow/example_dags/tutorial_taskflow_templates.py
[2025-12-24T09:13:33.011+0000] {logging_mixin.py:190} INFO - [2025-12-24T09:13:33.011+0000] {dag.py:3239} INFO - Sync 1 DAGs
[2025-12-24T09:13:33.045+0000] {logging_mixin.py:190} INFO - [2025-12-24T09:13:33.045+0000] {dag.py:4180} INFO - Setting next_dagrun for tutorial_taskflow_templates to 2025-12-23 00:00:00+00:00, run_after=2025-12-24 00:00:00+00:00
[2025-12-24T09:13:33.073+0000] {processor.py:208} INFO - Processing /home/airflow/.local/lib/python3.11/site-packages/airflow/example_dags/tutorial_taskflow_templates.py took 0.148 seconds
[2025-12-24T09:14:27.156+0000] {processor.py:186} INFO - Started process (PID=1694) to work on /home/airflow/.local/lib/python3.11/site-packages/airflow/example_dags/tutorial_taskflow_templates.py
[2025-12-24T09:14:27.157+0000] {processor.py:914} INFO - Processing file /home/airflow/.local/lib/python3.11/site-packages/airflow/example_dags/tutorial_taskflow_templates.py for tasks to queue
[2025-12-24T09:14:27.161+0000] {logging_mixin.py:190} INFO - [2025-12-24T09:14:27.160+0000] {dagbag.py:588} INFO - Filling up the DagBag from /home/airflow/.local/lib/python3.11/site-packages/airflow/example_dags/tutorial_taskflow_templates.py
[2025-12-24T09:14:27.178+0000] {processor.py:925} INFO - DAG(s) 'tutorial_taskflow_templates' retrieved from /home/airflow/.local/lib/python3.11/site-packages/airflow/example_dags/tutorial_taskflow_templates.py
[2025-12-24T09:14:27.209+0000] {logging_mixin.py:190} INFO - [2025-12-24T09:14:27.208+0000] {dag.py:3239} INFO - Sync 1 DAGs
[2025-12-24T09:14:27.240+0000] {logging_mixin.py:190} INFO - [2025-12-24T09:14:27.240+0000] {dag.py:4180} INFO - Setting next_dagrun for tutorial_taskflow_templates to 2025-12-23 00:00:00+00:00, run_after=2025-12-24 00:00:00+00:00
[2025-12-24T09:14:27.266+0000] {processor.py:208} INFO - Processing /home/airflow/.local/lib/python3.11/site-packages/airflow/example_dags/tutorial_taskflow_templates.py took 0.121 seconds
[2025-12-24T09:14:39.112+0000] {processor.py:186} INFO - Started process (PID=1766) to work on /home/airflow/.local/lib/python3.11/site-packages/airflow/example_dags/tutorial_taskflow_templates.py
[2025-12-24T09:14:39.113+0000] {processor.py:914} INFO - Processing file /home/airflow/.local/lib/python3.11/site-packages/airflow/example_dags/tutorial_taskflow_templates.py for tasks to queue
[2025-12-24T09:14:39.117+0000] {logging_mixin.py:190} INFO - [2025-12-24T09:14:39.117+0000] {dagbag.py:588} INFO - Filling up the DagBag from /home/airflow/.local/lib/python3.11/site-packages/airflow/example_dags/tutorial_taskflow_templates.py
[2025-12-24T09:14:39.137+0000] {processor.py:925} INFO - DAG(s) 'tutorial_taskflow_templates' retrieved from /home/airflow/.local/lib/python3.11/site-packages/airflow/example_dags/tutorial_taskflow_templates.py
[2025-12-24T09:14:39.166+0000] {logging_mixin.py:190} INFO - [2025-12-24T09:14:39.166+0000] {dag.py:3239} INFO - Sync 1 DAGs
[2025-12-24T09:14:39.192+0000] {logging_mixin.py:190} INFO - [2025-12-24T09:14:39.192+0000] {dag.py:4180} INFO - Setting next_dagrun for tutorial_taskflow_templates to 2025-12-23 00:00:00+00:00, run_after=2025-12-24 00:00:00+00:00
[2025-12-24T09:14:39.216+0000] {processor.py:208} INFO - Processing /home/airflow/.local/lib/python3.11/site-packages/airflow/example_dags/tutorial_taskflow_templates.py took 0.114 seconds
[2025-12-24T09:15:10.334+0000] {processor.py:186} INFO - Started process (PID=1830) to work on /home/airflow/.local/lib/python3.11/site-packages/airflow/example_dags/tutorial_taskflow_templates.py
[2025-12-24T09:15:10.336+0000] {processor.py:914} INFO - Processing file /home/airflow/.local/lib/python3.11/site-packages/airflow/example_dags/tutorial_taskflow_templates.py for tasks to queue
[2025-12-24T09:15:10.340+0000] {logging_mixin.py:190} INFO - [2025-12-24T09:15:10.339+0000] {dagbag.py:588} INFO - Filling up the DagBag from /home/airflow/.local/lib/python3.11/site-packages/airflow/example_dags/tutorial_taskflow_templates.py
[2025-12-24T09:15:10.362+0000] {processor.py:925} INFO - DAG(s) 'tutorial_taskflow_templates' retrieved from /home/airflow/.local/lib/python3.11/site-packages/airflow/example_dags/tutorial_taskflow_templates.py
[2025-12-24T09:15:10.397+0000] {logging_mixin.py:190} INFO - [2025-12-24T09:15:10.396+0000] {dag.py:3239} INFO - Sync 1 DAGs
[2025-12-24T09:15:10.427+0000] {logging_mixin.py:190} INFO - [2025-12-24T09:15:10.427+0000] {dag.py:4180} INFO - Setting next_dagrun for tutorial_taskflow_templates to 2025-12-23 00:00:00+00:00, run_after=2025-12-24 00:00:00+00:00
[2025-12-24T09:15:10.454+0000] {processor.py:208} INFO - Processing /home/airflow/.local/lib/python3.11/site-packages/airflow/example_dags/tutorial_taskflow_templates.py took 0.131 seconds
[2025-12-24T09:15:40.910+0000] {processor.py:186} INFO - Started process (PID=1893) to work on /home/airflow/.local/lib/python3.11/site-packages/airflow/example_dags/tutorial_taskflow_templates.py
[2025-12-24T09:15:40.912+0000] {processor.py:914} INFO - Processing file /home/airflow/.local/lib/python3.11/site-packages/airflow/example_dags/tutorial_taskflow_templates.py for tasks to queue
[2025-12-24T09:15:40.916+0000] {logging_mixin.py:190} INFO - [2025-12-24T09:15:40.915+0000] {dagbag.py:588} INFO - Filling up the DagBag from /home/airflow/.local/lib/python3.11/site-packages/airflow/example_dags/tutorial_taskflow_templates.py
[2025-12-24T09:15:40.937+0000] {processor.py:925} INFO - DAG(s) 'tutorial_taskflow_templates' retrieved from /home/airflow/.local/lib/python3.11/site-packages/airflow/example_dags/tutorial_taskflow_templates.py
[2025-12-24T09:15:40.979+0000] {logging_mixin.py:190} INFO - [2025-12-24T09:15:40.979+0000] {dag.py:3239} INFO - Sync 1 DAGs
[2025-12-24T09:15:41.012+0000] {logging_mixin.py:190} INFO - [2025-12-24T09:15:41.012+0000] {dag.py:4180} INFO - Setting next_dagrun for tutorial_taskflow_templates to 2025-12-23 00:00:00+00:00, run_after=2025-12-24 00:00:00+00:00
[2025-12-24T09:15:41.042+0000] {processor.py:208} INFO - Processing /home/airflow/.local/lib/python3.11/site-packages/airflow/example_dags/tutorial_taskflow_templates.py took 0.141 seconds
[2025-12-24T09:16:41.574+0000] {processor.py:186} INFO - Started process (PID=1958) to work on /home/airflow/.local/lib/python3.11/site-packages/airflow/example_dags/tutorial_taskflow_templates.py
[2025-12-24T09:16:41.576+0000] {processor.py:914} INFO - Processing file /home/airflow/.local/lib/python3.11/site-packages/airflow/example_dags/tutorial_taskflow_templates.py for tasks to queue
[2025-12-24T09:16:41.580+0000] {logging_mixin.py:190} INFO - [2025-12-24T09:16:41.579+0000] {dagbag.py:588} INFO - Filling up the DagBag from /home/airflow/.local/lib/python3.11/site-packages/airflow/example_dags/tutorial_taskflow_templates.py
[2025-12-24T09:16:41.598+0000] {processor.py:925} INFO - DAG(s) 'tutorial_taskflow_templates' retrieved from /home/airflow/.local/lib/python3.11/site-packages/airflow/example_dags/tutorial_taskflow_templates.py
[2025-12-24T09:16:41.629+0000] {logging_mixin.py:190} INFO - [2025-12-24T09:16:41.628+0000] {dag.py:3239} INFO - Sync 1 DAGs
[2025-12-24T09:16:41.660+0000] {logging_mixin.py:190} INFO - [2025-12-24T09:16:41.660+0000] {dag.py:4180} INFO - Setting next_dagrun for tutorial_taskflow_templates to 2025-12-23 00:00:00+00:00, run_after=2025-12-24 00:00:00+00:00
[2025-12-24T09:16:41.687+0000] {processor.py:208} INFO - Processing /home/airflow/.local/lib/python3.11/site-packages/airflow/example_dags/tutorial_taskflow_templates.py took 0.124 seconds
[2025-12-24T09:24:19.068+0000] {processor.py:186} INFO - Started process (PID=105) to work on /home/airflow/.local/lib/python3.11/site-packages/airflow/example_dags/tutorial_taskflow_templates.py
[2025-12-24T09:24:19.071+0000] {processor.py:914} INFO - Processing file /home/airflow/.local/lib/python3.11/site-packages/airflow/example_dags/tutorial_taskflow_templates.py for tasks to queue
[2025-12-24T09:24:19.077+0000] {logging_mixin.py:190} INFO - [2025-12-24T09:24:19.076+0000] {dagbag.py:588} INFO - Filling up the DagBag from /home/airflow/.local/lib/python3.11/site-packages/airflow/example_dags/tutorial_taskflow_templates.py
[2025-12-24T09:24:19.108+0000] {processor.py:925} INFO - DAG(s) 'tutorial_taskflow_templates' retrieved from /home/airflow/.local/lib/python3.11/site-packages/airflow/example_dags/tutorial_taskflow_templates.py
[2025-12-24T09:24:19.422+0000] {logging_mixin.py:190} INFO - [2025-12-24T09:24:19.421+0000] {override.py:1911} INFO - Created Permission View: can delete on DAG:tutorial_taskflow_templates
[2025-12-24T09:24:19.453+0000] {logging_mixin.py:190} INFO - [2025-12-24T09:24:19.452+0000] {override.py:1911} INFO - Created Permission View: can read on DAG:tutorial_taskflow_templates
[2025-12-24T09:24:19.484+0000] {logging_mixin.py:190} INFO - [2025-12-24T09:24:19.483+0000] {override.py:1911} INFO - Created Permission View: can edit on DAG:tutorial_taskflow_templates
[2025-12-24T09:24:19.524+0000] {logging_mixin.py:190} INFO - [2025-12-24T09:24:19.524+0000] {override.py:1911} INFO - Created Permission View: menu access on DAG Run:tutorial_taskflow_templates
[2025-12-24T09:24:19.555+0000] {logging_mixin.py:190} INFO - [2025-12-24T09:24:19.555+0000] {override.py:1911} INFO - Created Permission View: can create on DAG Run:tutorial_taskflow_templates
[2025-12-24T09:24:19.585+0000] {logging_mixin.py:190} INFO - [2025-12-24T09:24:19.585+0000] {override.py:1911} INFO - Created Permission View: can delete on DAG Run:tutorial_taskflow_templates
[2025-12-24T09:24:19.614+0000] {logging_mixin.py:190} INFO - [2025-12-24T09:24:19.614+0000] {override.py:1911} INFO - Created Permission View: can read on DAG Run:tutorial_taskflow_templates
[2025-12-24T09:24:19.616+0000] {logging_mixin.py:190} INFO - [2025-12-24T09:24:19.615+0000] {dag.py:3239} INFO - Sync 1 DAGs
[2025-12-24T09:24:19.641+0000] {logging_mixin.py:190} INFO - [2025-12-24T09:24:19.640+0000] {dag.py:3262} INFO - Creating ORM DAG for tutorial_taskflow_templates
[2025-12-24T09:24:19.678+0000] {logging_mixin.py:190} INFO - [2025-12-24T09:24:19.678+0000] {dag.py:4180} INFO - Setting next_dagrun for tutorial_taskflow_templates to 2025-12-23 00:00:00+00:00, run_after=2025-12-24 00:00:00+00:00
[2025-12-24T09:24:19.725+0000] {processor.py:208} INFO - Processing /home/airflow/.local/lib/python3.11/site-packages/airflow/example_dags/tutorial_taskflow_templates.py took 0.673 seconds
[2025-12-24T09:24:14.895+0000] {processor.py:186} INFO - Started process (PID=237) to work on /home/airflow/.local/lib/python3.11/site-packages/airflow/example_dags/tutorial_taskflow_templates.py
[2025-12-24T09:24:14.897+0000] {processor.py:914} INFO - Processing file /home/airflow/.local/lib/python3.11/site-packages/airflow/example_dags/tutorial_taskflow_templates.py for tasks to queue
[2025-12-24T09:24:14.910+0000] {logging_mixin.py:190} INFO - [2025-12-24T09:24:14.909+0000] {dagbag.py:588} INFO - Filling up the DagBag from /home/airflow/.local/lib/python3.11/site-packages/airflow/example_dags/tutorial_taskflow_templates.py
[2025-12-24T09:24:14.943+0000] {processor.py:925} INFO - DAG(s) 'tutorial_taskflow_templates' retrieved from /home/airflow/.local/lib/python3.11/site-packages/airflow/example_dags/tutorial_taskflow_templates.py
[2025-12-24T09:24:14.971+0000] {logging_mixin.py:190} INFO - [2025-12-24T09:24:14.970+0000] {dag.py:3239} INFO - Sync 1 DAGs
[2025-12-24T09:24:15.008+0000] {logging_mixin.py:190} INFO - [2025-12-24T09:24:15.008+0000] {dag.py:4180} INFO - Setting next_dagrun for tutorial_taskflow_templates to 2025-12-23 00:00:00+00:00, run_after=2025-12-24 00:00:00+00:00
[2025-12-24T09:24:15.044+0000] {processor.py:208} INFO - Processing /home/airflow/.local/lib/python3.11/site-packages/airflow/example_dags/tutorial_taskflow_templates.py took 0.164 seconds
[2025-12-24T09:24:44.226+0000] {processor.py:186} INFO - Started process (PID=296) to work on /home/airflow/.local/lib/python3.11/site-packages/airflow/example_dags/tutorial_taskflow_templates.py
[2025-12-24T09:24:44.227+0000] {processor.py:914} INFO - Processing file /home/airflow/.local/lib/python3.11/site-packages/airflow/example_dags/tutorial_taskflow_templates.py for tasks to queue
[2025-12-24T09:24:44.232+0000] {logging_mixin.py:190} INFO - [2025-12-24T09:24:44.231+0000] {dagbag.py:588} INFO - Filling up the DagBag from /home/airflow/.local/lib/python3.11/site-packages/airflow/example_dags/tutorial_taskflow_templates.py
[2025-12-24T09:24:44.252+0000] {processor.py:925} INFO - DAG(s) 'tutorial_taskflow_templates' retrieved from /home/airflow/.local/lib/python3.11/site-packages/airflow/example_dags/tutorial_taskflow_templates.py
[2025-12-24T09:24:44.275+0000] {logging_mixin.py:190} INFO - [2025-12-24T09:24:44.274+0000] {dag.py:3239} INFO - Sync 1 DAGs
[2025-12-24T09:24:44.310+0000] {logging_mixin.py:190} INFO - [2025-12-24T09:24:44.310+0000] {dag.py:4180} INFO - Setting next_dagrun for tutorial_taskflow_templates to 2025-12-23 00:00:00+00:00, run_after=2025-12-24 00:00:00+00:00
[2025-12-24T09:24:44.338+0000] {processor.py:208} INFO - Processing /home/airflow/.local/lib/python3.11/site-packages/airflow/example_dags/tutorial_taskflow_templates.py took 0.123 seconds
[2025-12-24T09:24:55.591+0000] {processor.py:186} INFO - Started process (PID=352) to work on /home/airflow/.local/lib/python3.11/site-packages/airflow/example_dags/tutorial_taskflow_templates.py
[2025-12-24T09:24:55.593+0000] {processor.py:914} INFO - Processing file /home/airflow/.local/lib/python3.11/site-packages/airflow/example_dags/tutorial_taskflow_templates.py for tasks to queue
[2025-12-24T09:24:55.597+0000] {logging_mixin.py:190} INFO - [2025-12-24T09:24:55.596+0000] {dagbag.py:588} INFO - Filling up the DagBag from /home/airflow/.local/lib/python3.11/site-packages/airflow/example_dags/tutorial_taskflow_templates.py
[2025-12-24T09:24:55.621+0000] {processor.py:925} INFO - DAG(s) 'tutorial_taskflow_templates' retrieved from /home/airflow/.local/lib/python3.11/site-packages/airflow/example_dags/tutorial_taskflow_templates.py
[2025-12-24T09:24:55.654+0000] {logging_mixin.py:190} INFO - [2025-12-24T09:24:55.653+0000] {dag.py:3239} INFO - Sync 1 DAGs
[2025-12-24T09:24:55.699+0000] {logging_mixin.py:190} INFO - [2025-12-24T09:24:55.699+0000] {dag.py:4180} INFO - Setting next_dagrun for tutorial_taskflow_templates to 2025-12-23 00:00:00+00:00, run_after=2025-12-24 00:00:00+00:00
[2025-12-24T09:24:55.730+0000] {processor.py:208} INFO - Processing /home/airflow/.local/lib/python3.11/site-packages/airflow/example_dags/tutorial_taskflow_templates.py took 0.148 seconds
[2025-12-24T09:25:14.100+0000] {processor.py:186} INFO - Started process (PID=414) to work on /home/airflow/.local/lib/python3.11/site-packages/airflow/example_dags/tutorial_taskflow_templates.py
[2025-12-24T09:25:14.102+0000] {processor.py:914} INFO - Processing file /home/airflow/.local/lib/python3.11/site-packages/airflow/example_dags/tutorial_taskflow_templates.py for tasks to queue
[2025-12-24T09:25:14.108+0000] {logging_mixin.py:190} INFO - [2025-12-24T09:25:14.107+0000] {dagbag.py:588} INFO - Filling up the DagBag from /home/airflow/.local/lib/python3.11/site-packages/airflow/example_dags/tutorial_taskflow_templates.py
[2025-12-24T09:25:14.138+0000] {processor.py:925} INFO - DAG(s) 'tutorial_taskflow_templates' retrieved from /home/airflow/.local/lib/python3.11/site-packages/airflow/example_dags/tutorial_taskflow_templates.py
[2025-12-24T09:25:14.182+0000] {logging_mixin.py:190} INFO - [2025-12-24T09:25:14.181+0000] {dag.py:3239} INFO - Sync 1 DAGs
[2025-12-24T09:25:14.236+0000] {logging_mixin.py:190} INFO - [2025-12-24T09:25:14.236+0000] {dag.py:4180} INFO - Setting next_dagrun for tutorial_taskflow_templates to 2025-12-23 00:00:00+00:00, run_after=2025-12-24 00:00:00+00:00
[2025-12-24T09:25:14.271+0000] {processor.py:208} INFO - Processing /home/airflow/.local/lib/python3.11/site-packages/airflow/example_dags/tutorial_taskflow_templates.py took 0.185 seconds
[2025-12-24T09:25:20.196+0000] {processor.py:186} INFO - Started process (PID=468) to work on /home/airflow/.local/lib/python3.11/site-packages/airflow/example_dags/tutorial_taskflow_templates.py
[2025-12-24T09:25:20.199+0000] {processor.py:914} INFO - Processing file /home/airflow/.local/lib/python3.11/site-packages/airflow/example_dags/tutorial_taskflow_templates.py for tasks to queue
[2025-12-24T09:25:20.205+0000] {logging_mixin.py:190} INFO - [2025-12-24T09:25:20.204+0000] {dagbag.py:588} INFO - Filling up the DagBag from /home/airflow/.local/lib/python3.11/site-packages/airflow/example_dags/tutorial_taskflow_templates.py
[2025-12-24T09:25:20.236+0000] {processor.py:925} INFO - DAG(s) 'tutorial_taskflow_templates' retrieved from /home/airflow/.local/lib/python3.11/site-packages/airflow/example_dags/tutorial_taskflow_templates.py
[2025-12-24T09:25:20.308+0000] {logging_mixin.py:190} INFO - [2025-12-24T09:25:20.306+0000] {dag.py:3239} INFO - Sync 1 DAGs
[2025-12-24T09:25:20.351+0000] {logging_mixin.py:190} INFO - [2025-12-24T09:25:20.351+0000] {dag.py:4180} INFO - Setting next_dagrun for tutorial_taskflow_templates to 2025-12-23 00:00:00+00:00, run_after=2025-12-24 00:00:00+00:00
[2025-12-24T09:25:20.401+0000] {processor.py:208} INFO - Processing /home/airflow/.local/lib/python3.11/site-packages/airflow/example_dags/tutorial_taskflow_templates.py took 0.219 seconds
[2025-12-24T09:25:51.703+0000] {processor.py:186} INFO - Started process (PID=526) to work on /home/airflow/.local/lib/python3.11/site-packages/airflow/example_dags/tutorial_taskflow_templates.py
[2025-12-24T09:25:51.704+0000] {processor.py:914} INFO - Processing file /home/airflow/.local/lib/python3.11/site-packages/airflow/example_dags/tutorial_taskflow_templates.py for tasks to queue
[2025-12-24T09:25:51.709+0000] {logging_mixin.py:190} INFO - [2025-12-24T09:25:51.708+0000] {dagbag.py:588} INFO - Filling up the DagBag from /home/airflow/.local/lib/python3.11/site-packages/airflow/example_dags/tutorial_taskflow_templates.py
[2025-12-24T09:25:51.740+0000] {processor.py:925} INFO - DAG(s) 'tutorial_taskflow_templates' retrieved from /home/airflow/.local/lib/python3.11/site-packages/airflow/example_dags/tutorial_taskflow_templates.py
[2025-12-24T09:25:51.779+0000] {logging_mixin.py:190} INFO - [2025-12-24T09:25:51.779+0000] {dag.py:3239} INFO - Sync 1 DAGs
[2025-12-24T09:25:51.812+0000] {logging_mixin.py:190} INFO - [2025-12-24T09:25:51.811+0000] {dag.py:4180} INFO - Setting next_dagrun for tutorial_taskflow_templates to 2025-12-23 00:00:00+00:00, run_after=2025-12-24 00:00:00+00:00
[2025-12-24T09:25:51.844+0000] {processor.py:208} INFO - Processing /home/airflow/.local/lib/python3.11/site-packages/airflow/example_dags/tutorial_taskflow_templates.py took 0.151 seconds
[2025-12-24T09:25:56.724+0000] {processor.py:186} INFO - Started process (PID=559) to work on /home/airflow/.local/lib/python3.11/site-packages/airflow/example_dags/tutorial_taskflow_templates.py
[2025-12-24T09:25:56.726+0000] {processor.py:914} INFO - Processing file /home/airflow/.local/lib/python3.11/site-packages/airflow/example_dags/tutorial_taskflow_templates.py for tasks to queue
[2025-12-24T09:25:56.729+0000] {logging_mixin.py:190} INFO - [2025-12-24T09:25:56.729+0000] {dagbag.py:588} INFO - Filling up the DagBag from /home/airflow/.local/lib/python3.11/site-packages/airflow/example_dags/tutorial_taskflow_templates.py
[2025-12-24T09:25:56.756+0000] {processor.py:925} INFO - DAG(s) 'tutorial_taskflow_templates' retrieved from /home/airflow/.local/lib/python3.11/site-packages/airflow/example_dags/tutorial_taskflow_templates.py
[2025-12-24T09:25:56.793+0000] {logging_mixin.py:190} INFO - [2025-12-24T09:25:56.792+0000] {dag.py:3239} INFO - Sync 1 DAGs
[2025-12-24T09:25:56.829+0000] {logging_mixin.py:190} INFO - [2025-12-24T09:25:56.828+0000] {dag.py:4180} INFO - Setting next_dagrun for tutorial_taskflow_templates to 2025-12-23 00:00:00+00:00, run_after=2025-12-24 00:00:00+00:00
[2025-12-24T09:25:56.871+0000] {processor.py:208} INFO - Processing /home/airflow/.local/lib/python3.11/site-packages/airflow/example_dags/tutorial_taskflow_templates.py took 0.158 seconds
[2025-12-24T09:26:05.888+0000] {processor.py:186} INFO - Started process (PID=623) to work on /home/airflow/.local/lib/python3.11/site-packages/airflow/example_dags/tutorial_taskflow_templates.py
[2025-12-24T09:26:05.890+0000] {processor.py:914} INFO - Processing file /home/airflow/.local/lib/python3.11/site-packages/airflow/example_dags/tutorial_taskflow_templates.py for tasks to queue
[2025-12-24T09:26:05.895+0000] {logging_mixin.py:190} INFO - [2025-12-24T09:26:05.894+0000] {dagbag.py:588} INFO - Filling up the DagBag from /home/airflow/.local/lib/python3.11/site-packages/airflow/example_dags/tutorial_taskflow_templates.py
[2025-12-24T09:26:05.921+0000] {processor.py:925} INFO - DAG(s) 'tutorial_taskflow_templates' retrieved from /home/airflow/.local/lib/python3.11/site-packages/airflow/example_dags/tutorial_taskflow_templates.py
[2025-12-24T09:26:05.966+0000] {logging_mixin.py:190} INFO - [2025-12-24T09:26:05.965+0000] {dag.py:3239} INFO - Sync 1 DAGs
[2025-12-24T09:26:06.014+0000] {logging_mixin.py:190} INFO - [2025-12-24T09:26:06.014+0000] {dag.py:4180} INFO - Setting next_dagrun for tutorial_taskflow_templates to 2025-12-23 00:00:00+00:00, run_after=2025-12-24 00:00:00+00:00
[2025-12-24T09:26:06.053+0000] {processor.py:208} INFO - Processing /home/airflow/.local/lib/python3.11/site-packages/airflow/example_dags/tutorial_taskflow_templates.py took 0.177 seconds
[2025-12-24T09:26:14.473+0000] {processor.py:186} INFO - Started process (PID=679) to work on /home/airflow/.local/lib/python3.11/site-packages/airflow/example_dags/tutorial_taskflow_templates.py
[2025-12-24T09:26:14.475+0000] {processor.py:914} INFO - Processing file /home/airflow/.local/lib/python3.11/site-packages/airflow/example_dags/tutorial_taskflow_templates.py for tasks to queue
[2025-12-24T09:26:14.479+0000] {logging_mixin.py:190} INFO - [2025-12-24T09:26:14.479+0000] {dagbag.py:588} INFO - Filling up the DagBag from /home/airflow/.local/lib/python3.11/site-packages/airflow/example_dags/tutorial_taskflow_templates.py
[2025-12-24T09:26:14.500+0000] {processor.py:925} INFO - DAG(s) 'tutorial_taskflow_templates' retrieved from /home/airflow/.local/lib/python3.11/site-packages/airflow/example_dags/tutorial_taskflow_templates.py
[2025-12-24T09:26:14.551+0000] {logging_mixin.py:190} INFO - [2025-12-24T09:26:14.550+0000] {dag.py:3239} INFO - Sync 1 DAGs
[2025-12-24T09:26:14.587+0000] {logging_mixin.py:190} INFO - [2025-12-24T09:26:14.586+0000] {dag.py:4180} INFO - Setting next_dagrun for tutorial_taskflow_templates to 2025-12-23 00:00:00+00:00, run_after=2025-12-24 00:00:00+00:00
[2025-12-24T09:26:14.618+0000] {processor.py:208} INFO - Processing /home/airflow/.local/lib/python3.11/site-packages/airflow/example_dags/tutorial_taskflow_templates.py took 0.155 seconds
[2025-12-24T09:26:25.353+0000] {processor.py:186} INFO - Started process (PID=731) to work on /home/airflow/.local/lib/python3.11/site-packages/airflow/example_dags/tutorial_taskflow_templates.py
[2025-12-24T09:26:25.355+0000] {processor.py:914} INFO - Processing file /home/airflow/.local/lib/python3.11/site-packages/airflow/example_dags/tutorial_taskflow_templates.py for tasks to queue
[2025-12-24T09:26:25.359+0000] {logging_mixin.py:190} INFO - [2025-12-24T09:26:25.359+0000] {dagbag.py:588} INFO - Filling up the DagBag from /home/airflow/.local/lib/python3.11/site-packages/airflow/example_dags/tutorial_taskflow_templates.py
[2025-12-24T09:26:25.381+0000] {processor.py:925} INFO - DAG(s) 'tutorial_taskflow_templates' retrieved from /home/airflow/.local/lib/python3.11/site-packages/airflow/example_dags/tutorial_taskflow_templates.py
[2025-12-24T09:26:25.419+0000] {logging_mixin.py:190} INFO - [2025-12-24T09:26:25.419+0000] {dag.py:3239} INFO - Sync 1 DAGs
[2025-12-24T09:26:25.458+0000] {logging_mixin.py:190} INFO - [2025-12-24T09:26:25.457+0000] {dag.py:4180} INFO - Setting next_dagrun for tutorial_taskflow_templates to 2025-12-23 00:00:00+00:00, run_after=2025-12-24 00:00:00+00:00
[2025-12-24T09:26:25.505+0000] {processor.py:208} INFO - Processing /home/airflow/.local/lib/python3.11/site-packages/airflow/example_dags/tutorial_taskflow_templates.py took 0.162 seconds
[2025-12-24T09:26:35.680+0000] {processor.py:186} INFO - Started process (PID=786) to work on /home/airflow/.local/lib/python3.11/site-packages/airflow/example_dags/tutorial_taskflow_templates.py
[2025-12-24T09:26:35.683+0000] {processor.py:914} INFO - Processing file /home/airflow/.local/lib/python3.11/site-packages/airflow/example_dags/tutorial_taskflow_templates.py for tasks to queue
[2025-12-24T09:26:35.688+0000] {logging_mixin.py:190} INFO - [2025-12-24T09:26:35.687+0000] {dagbag.py:588} INFO - Filling up the DagBag from /home/airflow/.local/lib/python3.11/site-packages/airflow/example_dags/tutorial_taskflow_templates.py
[2025-12-24T09:26:35.715+0000] {processor.py:925} INFO - DAG(s) 'tutorial_taskflow_templates' retrieved from /home/airflow/.local/lib/python3.11/site-packages/airflow/example_dags/tutorial_taskflow_templates.py
[2025-12-24T09:26:35.767+0000] {logging_mixin.py:190} INFO - [2025-12-24T09:26:35.766+0000] {dag.py:3239} INFO - Sync 1 DAGs
[2025-12-24T09:26:35.815+0000] {logging_mixin.py:190} INFO - [2025-12-24T09:26:35.815+0000] {dag.py:4180} INFO - Setting next_dagrun for tutorial_taskflow_templates to 2025-12-23 00:00:00+00:00, run_after=2025-12-24 00:00:00+00:00
[2025-12-24T09:26:35.872+0000] {processor.py:208} INFO - Processing /home/airflow/.local/lib/python3.11/site-packages/airflow/example_dags/tutorial_taskflow_templates.py took 0.203 seconds
[2025-12-24T09:26:46.026+0000] {processor.py:186} INFO - Started process (PID=839) to work on /home/airflow/.local/lib/python3.11/site-packages/airflow/example_dags/tutorial_taskflow_templates.py
[2025-12-24T09:26:46.028+0000] {processor.py:914} INFO - Processing file /home/airflow/.local/lib/python3.11/site-packages/airflow/example_dags/tutorial_taskflow_templates.py for tasks to queue
[2025-12-24T09:26:46.032+0000] {logging_mixin.py:190} INFO - [2025-12-24T09:26:46.031+0000] {dagbag.py:588} INFO - Filling up the DagBag from /home/airflow/.local/lib/python3.11/site-packages/airflow/example_dags/tutorial_taskflow_templates.py
[2025-12-24T09:26:46.057+0000] {processor.py:925} INFO - DAG(s) 'tutorial_taskflow_templates' retrieved from /home/airflow/.local/lib/python3.11/site-packages/airflow/example_dags/tutorial_taskflow_templates.py
[2025-12-24T09:26:46.090+0000] {logging_mixin.py:190} INFO - [2025-12-24T09:26:46.090+0000] {dag.py:3239} INFO - Sync 1 DAGs
[2025-12-24T09:26:46.123+0000] {logging_mixin.py:190} INFO - [2025-12-24T09:26:46.123+0000] {dag.py:4180} INFO - Setting next_dagrun for tutorial_taskflow_templates to 2025-12-23 00:00:00+00:00, run_after=2025-12-24 00:00:00+00:00
[2025-12-24T09:26:46.156+0000] {processor.py:208} INFO - Processing /home/airflow/.local/lib/python3.11/site-packages/airflow/example_dags/tutorial_taskflow_templates.py took 0.141 seconds
[2025-12-24T09:27:43.556+0000] {processor.py:186} INFO - Started process (PID=901) to work on /home/airflow/.local/lib/python3.11/site-packages/airflow/example_dags/tutorial_taskflow_templates.py
[2025-12-24T09:27:43.558+0000] {processor.py:914} INFO - Processing file /home/airflow/.local/lib/python3.11/site-packages/airflow/example_dags/tutorial_taskflow_templates.py for tasks to queue
[2025-12-24T09:27:43.563+0000] {logging_mixin.py:190} INFO - [2025-12-24T09:27:43.562+0000] {dagbag.py:588} INFO - Filling up the DagBag from /home/airflow/.local/lib/python3.11/site-packages/airflow/example_dags/tutorial_taskflow_templates.py
[2025-12-24T09:27:43.586+0000] {processor.py:925} INFO - DAG(s) 'tutorial_taskflow_templates' retrieved from /home/airflow/.local/lib/python3.11/site-packages/airflow/example_dags/tutorial_taskflow_templates.py
[2025-12-24T09:27:43.627+0000] {logging_mixin.py:190} INFO - [2025-12-24T09:27:43.626+0000] {dag.py:3239} INFO - Sync 1 DAGs
[2025-12-24T09:27:43.690+0000] {logging_mixin.py:190} INFO - [2025-12-24T09:27:43.690+0000] {dag.py:4180} INFO - Setting next_dagrun for tutorial_taskflow_templates to 2025-12-23 00:00:00+00:00, run_after=2025-12-24 00:00:00+00:00
[2025-12-24T09:27:43.745+0000] {processor.py:208} INFO - Processing /home/airflow/.local/lib/python3.11/site-packages/airflow/example_dags/tutorial_taskflow_templates.py took 0.211 seconds
[2025-12-24T09:27:50.896+0000] {processor.py:186} INFO - Started process (PID=967) to work on /home/airflow/.local/lib/python3.11/site-packages/airflow/example_dags/tutorial_taskflow_templates.py
[2025-12-24T09:27:50.898+0000] {processor.py:914} INFO - Processing file /home/airflow/.local/lib/python3.11/site-packages/airflow/example_dags/tutorial_taskflow_templates.py for tasks to queue
[2025-12-24T09:27:50.903+0000] {logging_mixin.py:190} INFO - [2025-12-24T09:27:50.903+0000] {dagbag.py:588} INFO - Filling up the DagBag from /home/airflow/.local/lib/python3.11/site-packages/airflow/example_dags/tutorial_taskflow_templates.py
[2025-12-24T09:27:50.931+0000] {processor.py:925} INFO - DAG(s) 'tutorial_taskflow_templates' retrieved from /home/airflow/.local/lib/python3.11/site-packages/airflow/example_dags/tutorial_taskflow_templates.py
[2025-12-24T09:27:50.982+0000] {logging_mixin.py:190} INFO - [2025-12-24T09:27:50.982+0000] {dag.py:3239} INFO - Sync 1 DAGs
[2025-12-24T09:27:51.030+0000] {logging_mixin.py:190} INFO - [2025-12-24T09:27:51.030+0000] {dag.py:4180} INFO - Setting next_dagrun for tutorial_taskflow_templates to 2025-12-23 00:00:00+00:00, run_after=2025-12-24 00:00:00+00:00
[2025-12-24T09:27:51.061+0000] {processor.py:208} INFO - Processing /home/airflow/.local/lib/python3.11/site-packages/airflow/example_dags/tutorial_taskflow_templates.py took 0.180 seconds
[2025-12-24T09:28:00.878+0000] {processor.py:186} INFO - Started process (PID=1033) to work on /home/airflow/.local/lib/python3.11/site-packages/airflow/example_dags/tutorial_taskflow_templates.py
[2025-12-24T09:28:00.880+0000] {processor.py:914} INFO - Processing file /home/airflow/.local/lib/python3.11/site-packages/airflow/example_dags/tutorial_taskflow_templates.py for tasks to queue
[2025-12-24T09:28:00.883+0000] {logging_mixin.py:190} INFO - [2025-12-24T09:28:00.883+0000] {dagbag.py:588} INFO - Filling up the DagBag from /home/airflow/.local/lib/python3.11/site-packages/airflow/example_dags/tutorial_taskflow_templates.py
[2025-12-24T09:28:00.901+0000] {processor.py:925} INFO - DAG(s) 'tutorial_taskflow_templates' retrieved from /home/airflow/.local/lib/python3.11/site-packages/airflow/example_dags/tutorial_taskflow_templates.py
[2025-12-24T09:28:00.947+0000] {logging_mixin.py:190} INFO - [2025-12-24T09:28:00.946+0000] {dag.py:3239} INFO - Sync 1 DAGs
[2025-12-24T09:28:00.979+0000] {logging_mixin.py:190} INFO - [2025-12-24T09:28:00.979+0000] {dag.py:4180} INFO - Setting next_dagrun for tutorial_taskflow_templates to 2025-12-23 00:00:00+00:00, run_after=2025-12-24 00:00:00+00:00
[2025-12-24T09:28:01.011+0000] {processor.py:208} INFO - Processing /home/airflow/.local/lib/python3.11/site-packages/airflow/example_dags/tutorial_taskflow_templates.py took 0.143 seconds
[2025-12-24T09:28:15.540+0000] {processor.py:186} INFO - Started process (PID=1092) to work on /home/airflow/.local/lib/python3.11/site-packages/airflow/example_dags/tutorial_taskflow_templates.py
[2025-12-24T09:28:15.542+0000] {processor.py:914} INFO - Processing file /home/airflow/.local/lib/python3.11/site-packages/airflow/example_dags/tutorial_taskflow_templates.py for tasks to queue
[2025-12-24T09:28:15.546+0000] {logging_mixin.py:190} INFO - [2025-12-24T09:28:15.546+0000] {dagbag.py:588} INFO - Filling up the DagBag from /home/airflow/.local/lib/python3.11/site-packages/airflow/example_dags/tutorial_taskflow_templates.py
[2025-12-24T09:28:15.589+0000] {processor.py:925} INFO - DAG(s) 'tutorial_taskflow_templates' retrieved from /home/airflow/.local/lib/python3.11/site-packages/airflow/example_dags/tutorial_taskflow_templates.py
[2025-12-24T09:28:15.625+0000] {logging_mixin.py:190} INFO - [2025-12-24T09:28:15.624+0000] {dag.py:3239} INFO - Sync 1 DAGs
[2025-12-24T09:28:15.658+0000] {logging_mixin.py:190} INFO - [2025-12-24T09:28:15.658+0000] {dag.py:4180} INFO - Setting next_dagrun for tutorial_taskflow_templates to 2025-12-23 00:00:00+00:00, run_after=2025-12-24 00:00:00+00:00
[2025-12-24T09:28:15.694+0000] {processor.py:208} INFO - Processing /home/airflow/.local/lib/python3.11/site-packages/airflow/example_dags/tutorial_taskflow_templates.py took 0.166 seconds
[2025-12-24T09:29:13.146+0000] {processor.py:186} INFO - Started process (PID=1151) to work on /home/airflow/.local/lib/python3.11/site-packages/airflow/example_dags/tutorial_taskflow_templates.py
[2025-12-24T09:29:13.148+0000] {processor.py:914} INFO - Processing file /home/airflow/.local/lib/python3.11/site-packages/airflow/example_dags/tutorial_taskflow_templates.py for tasks to queue
[2025-12-24T09:29:13.152+0000] {logging_mixin.py:190} INFO - [2025-12-24T09:29:13.152+0000] {dagbag.py:588} INFO - Filling up the DagBag from /home/airflow/.local/lib/python3.11/site-packages/airflow/example_dags/tutorial_taskflow_templates.py
[2025-12-24T09:29:13.179+0000] {processor.py:925} INFO - DAG(s) 'tutorial_taskflow_templates' retrieved from /home/airflow/.local/lib/python3.11/site-packages/airflow/example_dags/tutorial_taskflow_templates.py
[2025-12-24T09:29:13.256+0000] {logging_mixin.py:190} INFO - [2025-12-24T09:29:13.255+0000] {dag.py:3239} INFO - Sync 1 DAGs
[2025-12-24T09:29:13.309+0000] {logging_mixin.py:190} INFO - [2025-12-24T09:29:13.308+0000] {dag.py:4180} INFO - Setting next_dagrun for tutorial_taskflow_templates to 2025-12-23 00:00:00+00:00, run_after=2025-12-24 00:00:00+00:00
[2025-12-24T09:29:13.351+0000] {processor.py:208} INFO - Processing /home/airflow/.local/lib/python3.11/site-packages/airflow/example_dags/tutorial_taskflow_templates.py took 0.220 seconds
