[2025-12-24T09:03:37.876+0000] {processor.py:186} INFO - Started process (PID=92) to work on /home/airflow/.local/lib/python3.11/site-packages/airflow/example_dags/tutorial_objectstorage.py
[2025-12-24T09:03:37.881+0000] {processor.py:914} INFO - Processing file /home/airflow/.local/lib/python3.11/site-packages/airflow/example_dags/tutorial_objectstorage.py for tasks to queue
[2025-12-24T09:03:37.891+0000] {logging_mixin.py:190} INFO - [2025-12-24T09:03:37.890+0000] {dagbag.py:588} INFO - Filling up the DagBag from /home/airflow/.local/lib/python3.11/site-packages/airflow/example_dags/tutorial_objectstorage.py
[2025-12-24T09:03:37.911+0000] {processor.py:925} INFO - DAG(s) 'tutorial_objectstorage' retrieved from /home/airflow/.local/lib/python3.11/site-packages/airflow/example_dags/tutorial_objectstorage.py
[2025-12-24T09:02:55.744+0000] {logging_mixin.py:190} INFO - [2025-12-24T09:02:55.743+0000] {override.py:1911} INFO - Created Permission View: can edit on DAG:tutorial_objectstorage
[2025-12-24T09:02:55.772+0000] {logging_mixin.py:190} INFO - [2025-12-24T09:02:55.771+0000] {override.py:1911} INFO - Created Permission View: can read on DAG:tutorial_objectstorage
[2025-12-24T09:02:55.820+0000] {logging_mixin.py:190} INFO - [2025-12-24T09:02:55.819+0000] {override.py:1911} INFO - Created Permission View: can delete on DAG:tutorial_objectstorage
[2025-12-24T09:02:55.877+0000] {logging_mixin.py:190} INFO - [2025-12-24T09:02:55.877+0000] {override.py:1911} INFO - Created Permission View: can read on DAG Run:tutorial_objectstorage
[2025-12-24T09:02:55.901+0000] {logging_mixin.py:190} INFO - [2025-12-24T09:02:55.900+0000] {override.py:1911} INFO - Created Permission View: can create on DAG Run:tutorial_objectstorage
[2025-12-24T09:02:55.923+0000] {logging_mixin.py:190} INFO - [2025-12-24T09:02:55.922+0000] {override.py:1911} INFO - Created Permission View: can delete on DAG Run:tutorial_objectstorage
[2025-12-24T09:02:55.941+0000] {logging_mixin.py:190} INFO - [2025-12-24T09:02:55.940+0000] {override.py:1911} INFO - Created Permission View: menu access on DAG Run:tutorial_objectstorage
[2025-12-24T09:02:55.944+0000] {logging_mixin.py:190} INFO - [2025-12-24T09:02:55.943+0000] {dag.py:3239} INFO - Sync 1 DAGs
[2025-12-24T09:02:55.984+0000] {logging_mixin.py:190} INFO - [2025-12-24T09:02:55.984+0000] {dag.py:3262} INFO - Creating ORM DAG for tutorial_objectstorage
[2025-12-24T09:02:55.987+0000] {logging_mixin.py:190} INFO - [2025-12-24T09:02:55.986+0000] {dag.py:4180} INFO - Setting next_dagrun for tutorial_objectstorage to None, run_after=None
[2025-12-24T09:02:56.046+0000] {processor.py:208} INFO - Processing /home/airflow/.local/lib/python3.11/site-packages/airflow/example_dags/tutorial_objectstorage.py took 0.541 seconds
[2025-12-24T09:03:12.623+0000] {processor.py:186} INFO - Started process (PID=151) to work on /home/airflow/.local/lib/python3.11/site-packages/airflow/example_dags/tutorial_objectstorage.py
[2025-12-24T09:03:12.625+0000] {processor.py:914} INFO - Processing file /home/airflow/.local/lib/python3.11/site-packages/airflow/example_dags/tutorial_objectstorage.py for tasks to queue
[2025-12-24T09:03:12.629+0000] {logging_mixin.py:190} INFO - [2025-12-24T09:03:12.629+0000] {dagbag.py:588} INFO - Filling up the DagBag from /home/airflow/.local/lib/python3.11/site-packages/airflow/example_dags/tutorial_objectstorage.py
[2025-12-24T09:03:12.644+0000] {processor.py:925} INFO - DAG(s) 'tutorial_objectstorage' retrieved from /home/airflow/.local/lib/python3.11/site-packages/airflow/example_dags/tutorial_objectstorage.py
[2025-12-24T09:03:12.667+0000] {logging_mixin.py:190} INFO - [2025-12-24T09:03:12.667+0000] {dag.py:3239} INFO - Sync 1 DAGs
[2025-12-24T09:03:12.705+0000] {logging_mixin.py:190} INFO - [2025-12-24T09:03:12.704+0000] {dag.py:4180} INFO - Setting next_dagrun for tutorial_objectstorage to None, run_after=None
[2025-12-24T09:03:12.756+0000] {processor.py:208} INFO - Processing /home/airflow/.local/lib/python3.11/site-packages/airflow/example_dags/tutorial_objectstorage.py took 0.143 seconds
[2025-12-24T09:04:15.439+0000] {processor.py:186} INFO - Started process (PID=215) to work on /home/airflow/.local/lib/python3.11/site-packages/airflow/example_dags/tutorial_objectstorage.py
[2025-12-24T09:04:15.440+0000] {processor.py:914} INFO - Processing file /home/airflow/.local/lib/python3.11/site-packages/airflow/example_dags/tutorial_objectstorage.py for tasks to queue
[2025-12-24T09:04:15.445+0000] {logging_mixin.py:190} INFO - [2025-12-24T09:04:15.445+0000] {dagbag.py:588} INFO - Filling up the DagBag from /home/airflow/.local/lib/python3.11/site-packages/airflow/example_dags/tutorial_objectstorage.py
[2025-12-24T09:04:15.464+0000] {processor.py:925} INFO - DAG(s) 'tutorial_objectstorage' retrieved from /home/airflow/.local/lib/python3.11/site-packages/airflow/example_dags/tutorial_objectstorage.py
[2025-12-24T09:04:15.497+0000] {logging_mixin.py:190} INFO - [2025-12-24T09:04:15.497+0000] {dag.py:3239} INFO - Sync 1 DAGs
[2025-12-24T09:04:15.522+0000] {logging_mixin.py:190} INFO - [2025-12-24T09:04:15.522+0000] {dag.py:4180} INFO - Setting next_dagrun for tutorial_objectstorage to None, run_after=None
[2025-12-24T09:04:15.553+0000] {processor.py:208} INFO - Processing /home/airflow/.local/lib/python3.11/site-packages/airflow/example_dags/tutorial_objectstorage.py took 0.124 seconds
[2025-12-24T09:04:12.884+0000] {processor.py:186} INFO - Started process (PID=281) to work on /home/airflow/.local/lib/python3.11/site-packages/airflow/example_dags/tutorial_objectstorage.py
[2025-12-24T09:04:12.886+0000] {processor.py:914} INFO - Processing file /home/airflow/.local/lib/python3.11/site-packages/airflow/example_dags/tutorial_objectstorage.py for tasks to queue
[2025-12-24T09:04:12.890+0000] {logging_mixin.py:190} INFO - [2025-12-24T09:04:12.889+0000] {dagbag.py:588} INFO - Filling up the DagBag from /home/airflow/.local/lib/python3.11/site-packages/airflow/example_dags/tutorial_objectstorage.py
[2025-12-24T09:04:12.904+0000] {processor.py:925} INFO - DAG(s) 'tutorial_objectstorage' retrieved from /home/airflow/.local/lib/python3.11/site-packages/airflow/example_dags/tutorial_objectstorage.py
[2025-12-24T09:04:12.933+0000] {logging_mixin.py:190} INFO - [2025-12-24T09:04:12.932+0000] {dag.py:3239} INFO - Sync 1 DAGs
[2025-12-24T09:04:12.951+0000] {logging_mixin.py:190} INFO - [2025-12-24T09:04:12.951+0000] {dag.py:4180} INFO - Setting next_dagrun for tutorial_objectstorage to None, run_after=None
[2025-12-24T09:04:12.976+0000] {processor.py:208} INFO - Processing /home/airflow/.local/lib/python3.11/site-packages/airflow/example_dags/tutorial_objectstorage.py took 0.103 seconds
[2025-12-24T09:04:43.189+0000] {processor.py:186} INFO - Started process (PID=344) to work on /home/airflow/.local/lib/python3.11/site-packages/airflow/example_dags/tutorial_objectstorage.py
[2025-12-24T09:04:43.192+0000] {processor.py:914} INFO - Processing file /home/airflow/.local/lib/python3.11/site-packages/airflow/example_dags/tutorial_objectstorage.py for tasks to queue
[2025-12-24T09:04:43.197+0000] {logging_mixin.py:190} INFO - [2025-12-24T09:04:43.197+0000] {dagbag.py:588} INFO - Filling up the DagBag from /home/airflow/.local/lib/python3.11/site-packages/airflow/example_dags/tutorial_objectstorage.py
[2025-12-24T09:04:43.218+0000] {processor.py:925} INFO - DAG(s) 'tutorial_objectstorage' retrieved from /home/airflow/.local/lib/python3.11/site-packages/airflow/example_dags/tutorial_objectstorage.py
[2025-12-24T09:04:43.269+0000] {logging_mixin.py:190} INFO - [2025-12-24T09:04:43.268+0000] {dag.py:3239} INFO - Sync 1 DAGs
[2025-12-24T09:04:43.291+0000] {logging_mixin.py:190} INFO - [2025-12-24T09:04:43.290+0000] {dag.py:4180} INFO - Setting next_dagrun for tutorial_objectstorage to None, run_after=None
[2025-12-24T09:04:43.324+0000] {processor.py:208} INFO - Processing /home/airflow/.local/lib/python3.11/site-packages/airflow/example_dags/tutorial_objectstorage.py took 0.150 seconds
[2025-12-24T09:04:52.588+0000] {processor.py:186} INFO - Started process (PID=409) to work on /home/airflow/.local/lib/python3.11/site-packages/airflow/example_dags/tutorial_objectstorage.py
[2025-12-24T09:04:52.589+0000] {processor.py:914} INFO - Processing file /home/airflow/.local/lib/python3.11/site-packages/airflow/example_dags/tutorial_objectstorage.py for tasks to queue
[2025-12-24T09:04:52.593+0000] {logging_mixin.py:190} INFO - [2025-12-24T09:04:52.592+0000] {dagbag.py:588} INFO - Filling up the DagBag from /home/airflow/.local/lib/python3.11/site-packages/airflow/example_dags/tutorial_objectstorage.py
[2025-12-24T09:04:52.607+0000] {processor.py:925} INFO - DAG(s) 'tutorial_objectstorage' retrieved from /home/airflow/.local/lib/python3.11/site-packages/airflow/example_dags/tutorial_objectstorage.py
[2025-12-24T09:04:52.639+0000] {logging_mixin.py:190} INFO - [2025-12-24T09:04:52.638+0000] {dag.py:3239} INFO - Sync 1 DAGs
[2025-12-24T09:04:52.656+0000] {logging_mixin.py:190} INFO - [2025-12-24T09:04:52.656+0000] {dag.py:4180} INFO - Setting next_dagrun for tutorial_objectstorage to None, run_after=None
[2025-12-24T09:04:52.681+0000] {processor.py:208} INFO - Processing /home/airflow/.local/lib/python3.11/site-packages/airflow/example_dags/tutorial_objectstorage.py took 0.103 seconds
[2025-12-24T09:05:23.156+0000] {processor.py:186} INFO - Started process (PID=473) to work on /home/airflow/.local/lib/python3.11/site-packages/airflow/example_dags/tutorial_objectstorage.py
[2025-12-24T09:05:23.157+0000] {processor.py:914} INFO - Processing file /home/airflow/.local/lib/python3.11/site-packages/airflow/example_dags/tutorial_objectstorage.py for tasks to queue
[2025-12-24T09:05:23.161+0000] {logging_mixin.py:190} INFO - [2025-12-24T09:05:23.160+0000] {dagbag.py:588} INFO - Filling up the DagBag from /home/airflow/.local/lib/python3.11/site-packages/airflow/example_dags/tutorial_objectstorage.py
[2025-12-24T09:05:23.173+0000] {processor.py:925} INFO - DAG(s) 'tutorial_objectstorage' retrieved from /home/airflow/.local/lib/python3.11/site-packages/airflow/example_dags/tutorial_objectstorage.py
[2025-12-24T09:05:23.201+0000] {logging_mixin.py:190} INFO - [2025-12-24T09:05:23.200+0000] {dag.py:3239} INFO - Sync 1 DAGs
[2025-12-24T09:05:23.217+0000] {logging_mixin.py:190} INFO - [2025-12-24T09:05:23.217+0000] {dag.py:4180} INFO - Setting next_dagrun for tutorial_objectstorage to None, run_after=None
[2025-12-24T09:05:23.239+0000] {processor.py:208} INFO - Processing /home/airflow/.local/lib/python3.11/site-packages/airflow/example_dags/tutorial_objectstorage.py took 0.092 seconds
[2025-12-24T09:05:27.212+0000] {processor.py:186} INFO - Started process (PID=510) to work on /home/airflow/.local/lib/python3.11/site-packages/airflow/example_dags/tutorial_objectstorage.py
[2025-12-24T09:05:27.214+0000] {processor.py:914} INFO - Processing file /home/airflow/.local/lib/python3.11/site-packages/airflow/example_dags/tutorial_objectstorage.py for tasks to queue
[2025-12-24T09:05:27.218+0000] {logging_mixin.py:190} INFO - [2025-12-24T09:05:27.217+0000] {dagbag.py:588} INFO - Filling up the DagBag from /home/airflow/.local/lib/python3.11/site-packages/airflow/example_dags/tutorial_objectstorage.py
[2025-12-24T09:05:27.231+0000] {processor.py:925} INFO - DAG(s) 'tutorial_objectstorage' retrieved from /home/airflow/.local/lib/python3.11/site-packages/airflow/example_dags/tutorial_objectstorage.py
[2025-12-24T09:05:27.259+0000] {logging_mixin.py:190} INFO - [2025-12-24T09:05:27.259+0000] {dag.py:3239} INFO - Sync 1 DAGs
[2025-12-24T09:05:27.276+0000] {logging_mixin.py:190} INFO - [2025-12-24T09:05:27.276+0000] {dag.py:4180} INFO - Setting next_dagrun for tutorial_objectstorage to None, run_after=None
[2025-12-24T09:05:27.302+0000] {processor.py:208} INFO - Processing /home/airflow/.local/lib/python3.11/site-packages/airflow/example_dags/tutorial_objectstorage.py took 0.099 seconds
[2025-12-24T09:05:38.614+0000] {processor.py:186} INFO - Started process (PID=565) to work on /home/airflow/.local/lib/python3.11/site-packages/airflow/example_dags/tutorial_objectstorage.py
[2025-12-24T09:05:38.617+0000] {processor.py:914} INFO - Processing file /home/airflow/.local/lib/python3.11/site-packages/airflow/example_dags/tutorial_objectstorage.py for tasks to queue
[2025-12-24T09:05:38.623+0000] {logging_mixin.py:190} INFO - [2025-12-24T09:05:38.622+0000] {dagbag.py:588} INFO - Filling up the DagBag from /home/airflow/.local/lib/python3.11/site-packages/airflow/example_dags/tutorial_objectstorage.py
[2025-12-24T09:05:38.642+0000] {processor.py:925} INFO - DAG(s) 'tutorial_objectstorage' retrieved from /home/airflow/.local/lib/python3.11/site-packages/airflow/example_dags/tutorial_objectstorage.py
[2025-12-24T09:05:38.684+0000] {logging_mixin.py:190} INFO - [2025-12-24T09:05:38.681+0000] {dag.py:3239} INFO - Sync 1 DAGs
[2025-12-24T09:05:38.717+0000] {logging_mixin.py:190} INFO - [2025-12-24T09:05:38.717+0000] {dag.py:4180} INFO - Setting next_dagrun for tutorial_objectstorage to None, run_after=None
[2025-12-24T09:05:38.784+0000] {processor.py:208} INFO - Processing /home/airflow/.local/lib/python3.11/site-packages/airflow/example_dags/tutorial_objectstorage.py took 0.182 seconds
[2025-12-24T09:06:40.620+0000] {processor.py:186} INFO - Started process (PID=627) to work on /home/airflow/.local/lib/python3.11/site-packages/airflow/example_dags/tutorial_objectstorage.py
[2025-12-24T09:06:40.621+0000] {processor.py:914} INFO - Processing file /home/airflow/.local/lib/python3.11/site-packages/airflow/example_dags/tutorial_objectstorage.py for tasks to queue
[2025-12-24T09:06:40.626+0000] {logging_mixin.py:190} INFO - [2025-12-24T09:06:40.625+0000] {dagbag.py:588} INFO - Filling up the DagBag from /home/airflow/.local/lib/python3.11/site-packages/airflow/example_dags/tutorial_objectstorage.py
[2025-12-24T09:06:40.646+0000] {processor.py:925} INFO - DAG(s) 'tutorial_objectstorage' retrieved from /home/airflow/.local/lib/python3.11/site-packages/airflow/example_dags/tutorial_objectstorage.py
[2025-12-24T09:06:40.679+0000] {logging_mixin.py:190} INFO - [2025-12-24T09:06:40.678+0000] {dag.py:3239} INFO - Sync 1 DAGs
[2025-12-24T09:06:40.706+0000] {logging_mixin.py:190} INFO - [2025-12-24T09:06:40.706+0000] {dag.py:4180} INFO - Setting next_dagrun for tutorial_objectstorage to None, run_after=None
[2025-12-24T09:06:40.754+0000] {processor.py:208} INFO - Processing /home/airflow/.local/lib/python3.11/site-packages/airflow/example_dags/tutorial_objectstorage.py took 0.145 seconds
[2025-12-24T09:06:43.491+0000] {processor.py:186} INFO - Started process (PID=693) to work on /home/airflow/.local/lib/python3.11/site-packages/airflow/example_dags/tutorial_objectstorage.py
[2025-12-24T09:06:43.508+0000] {processor.py:914} INFO - Processing file /home/airflow/.local/lib/python3.11/site-packages/airflow/example_dags/tutorial_objectstorage.py for tasks to queue
[2025-12-24T09:06:43.513+0000] {logging_mixin.py:190} INFO - [2025-12-24T09:06:43.512+0000] {dagbag.py:588} INFO - Filling up the DagBag from /home/airflow/.local/lib/python3.11/site-packages/airflow/example_dags/tutorial_objectstorage.py
[2025-12-24T09:06:43.529+0000] {processor.py:925} INFO - DAG(s) 'tutorial_objectstorage' retrieved from /home/airflow/.local/lib/python3.11/site-packages/airflow/example_dags/tutorial_objectstorage.py
[2025-12-24T09:06:43.565+0000] {logging_mixin.py:190} INFO - [2025-12-24T09:06:43.564+0000] {dag.py:3239} INFO - Sync 1 DAGs
[2025-12-24T09:06:43.598+0000] {logging_mixin.py:190} INFO - [2025-12-24T09:06:43.598+0000] {dag.py:4180} INFO - Setting next_dagrun for tutorial_objectstorage to None, run_after=None
[2025-12-24T09:06:43.632+0000] {processor.py:208} INFO - Processing /home/airflow/.local/lib/python3.11/site-packages/airflow/example_dags/tutorial_objectstorage.py took 0.160 seconds
[2025-12-24T09:07:12.988+0000] {processor.py:186} INFO - Started process (PID=759) to work on /home/airflow/.local/lib/python3.11/site-packages/airflow/example_dags/tutorial_objectstorage.py
[2025-12-24T09:07:12.990+0000] {processor.py:914} INFO - Processing file /home/airflow/.local/lib/python3.11/site-packages/airflow/example_dags/tutorial_objectstorage.py for tasks to queue
[2025-12-24T09:07:12.994+0000] {logging_mixin.py:190} INFO - [2025-12-24T09:07:12.994+0000] {dagbag.py:588} INFO - Filling up the DagBag from /home/airflow/.local/lib/python3.11/site-packages/airflow/example_dags/tutorial_objectstorage.py
[2025-12-24T09:07:13.013+0000] {processor.py:925} INFO - DAG(s) 'tutorial_objectstorage' retrieved from /home/airflow/.local/lib/python3.11/site-packages/airflow/example_dags/tutorial_objectstorage.py
[2025-12-24T09:07:13.054+0000] {logging_mixin.py:190} INFO - [2025-12-24T09:07:13.053+0000] {dag.py:3239} INFO - Sync 1 DAGs
[2025-12-24T09:07:13.080+0000] {logging_mixin.py:190} INFO - [2025-12-24T09:07:13.079+0000] {dag.py:4180} INFO - Setting next_dagrun for tutorial_objectstorage to None, run_after=None
[2025-12-24T09:07:13.113+0000] {processor.py:208} INFO - Processing /home/airflow/.local/lib/python3.11/site-packages/airflow/example_dags/tutorial_objectstorage.py took 0.137 seconds
[2025-12-24T09:07:22.793+0000] {processor.py:186} INFO - Started process (PID=821) to work on /home/airflow/.local/lib/python3.11/site-packages/airflow/example_dags/tutorial_objectstorage.py
[2025-12-24T09:07:22.794+0000] {processor.py:914} INFO - Processing file /home/airflow/.local/lib/python3.11/site-packages/airflow/example_dags/tutorial_objectstorage.py for tasks to queue
[2025-12-24T09:07:22.797+0000] {logging_mixin.py:190} INFO - [2025-12-24T09:07:22.797+0000] {dagbag.py:588} INFO - Filling up the DagBag from /home/airflow/.local/lib/python3.11/site-packages/airflow/example_dags/tutorial_objectstorage.py
[2025-12-24T09:07:22.814+0000] {processor.py:925} INFO - DAG(s) 'tutorial_objectstorage' retrieved from /home/airflow/.local/lib/python3.11/site-packages/airflow/example_dags/tutorial_objectstorage.py
[2025-12-24T09:07:22.842+0000] {logging_mixin.py:190} INFO - [2025-12-24T09:07:22.841+0000] {dag.py:3239} INFO - Sync 1 DAGs
[2025-12-24T09:07:22.858+0000] {logging_mixin.py:190} INFO - [2025-12-24T09:07:22.858+0000] {dag.py:4180} INFO - Setting next_dagrun for tutorial_objectstorage to None, run_after=None
[2025-12-24T09:07:22.997+0000] {processor.py:208} INFO - Processing /home/airflow/.local/lib/python3.11/site-packages/airflow/example_dags/tutorial_objectstorage.py took 0.213 seconds
[2025-12-24T09:07:32.995+0000] {processor.py:186} INFO - Started process (PID=878) to work on /home/airflow/.local/lib/python3.11/site-packages/airflow/example_dags/tutorial_objectstorage.py
[2025-12-24T09:07:32.997+0000] {processor.py:914} INFO - Processing file /home/airflow/.local/lib/python3.11/site-packages/airflow/example_dags/tutorial_objectstorage.py for tasks to queue
[2025-12-24T09:07:33.000+0000] {logging_mixin.py:190} INFO - [2025-12-24T09:07:33.000+0000] {dagbag.py:588} INFO - Filling up the DagBag from /home/airflow/.local/lib/python3.11/site-packages/airflow/example_dags/tutorial_objectstorage.py
[2025-12-24T09:07:33.015+0000] {processor.py:925} INFO - DAG(s) 'tutorial_objectstorage' retrieved from /home/airflow/.local/lib/python3.11/site-packages/airflow/example_dags/tutorial_objectstorage.py
[2025-12-24T09:07:33.047+0000] {logging_mixin.py:190} INFO - [2025-12-24T09:07:33.047+0000] {dag.py:3239} INFO - Sync 1 DAGs
[2025-12-24T09:07:33.065+0000] {logging_mixin.py:190} INFO - [2025-12-24T09:07:33.064+0000] {dag.py:4180} INFO - Setting next_dagrun for tutorial_objectstorage to None, run_after=None
[2025-12-24T09:07:33.097+0000] {processor.py:208} INFO - Processing /home/airflow/.local/lib/python3.11/site-packages/airflow/example_dags/tutorial_objectstorage.py took 0.112 seconds
[2025-12-24T09:07:42.600+0000] {processor.py:186} INFO - Started process (PID=934) to work on /home/airflow/.local/lib/python3.11/site-packages/airflow/example_dags/tutorial_objectstorage.py
[2025-12-24T09:07:42.602+0000] {processor.py:914} INFO - Processing file /home/airflow/.local/lib/python3.11/site-packages/airflow/example_dags/tutorial_objectstorage.py for tasks to queue
[2025-12-24T09:07:42.606+0000] {logging_mixin.py:190} INFO - [2025-12-24T09:07:42.605+0000] {dagbag.py:588} INFO - Filling up the DagBag from /home/airflow/.local/lib/python3.11/site-packages/airflow/example_dags/tutorial_objectstorage.py
[2025-12-24T09:07:42.621+0000] {processor.py:925} INFO - DAG(s) 'tutorial_objectstorage' retrieved from /home/airflow/.local/lib/python3.11/site-packages/airflow/example_dags/tutorial_objectstorage.py
[2025-12-24T09:07:42.654+0000] {logging_mixin.py:190} INFO - [2025-12-24T09:07:42.653+0000] {dag.py:3239} INFO - Sync 1 DAGs
[2025-12-24T09:07:42.674+0000] {logging_mixin.py:190} INFO - [2025-12-24T09:07:42.673+0000] {dag.py:4180} INFO - Setting next_dagrun for tutorial_objectstorage to None, run_after=None
[2025-12-24T09:07:42.701+0000] {processor.py:208} INFO - Processing /home/airflow/.local/lib/python3.11/site-packages/airflow/example_dags/tutorial_objectstorage.py took 0.114 seconds
[2025-12-24T09:08:40.210+0000] {processor.py:186} INFO - Started process (PID=995) to work on /home/airflow/.local/lib/python3.11/site-packages/airflow/example_dags/tutorial_objectstorage.py
[2025-12-24T09:08:40.212+0000] {processor.py:914} INFO - Processing file /home/airflow/.local/lib/python3.11/site-packages/airflow/example_dags/tutorial_objectstorage.py for tasks to queue
[2025-12-24T09:08:40.217+0000] {logging_mixin.py:190} INFO - [2025-12-24T09:08:40.216+0000] {dagbag.py:588} INFO - Filling up the DagBag from /home/airflow/.local/lib/python3.11/site-packages/airflow/example_dags/tutorial_objectstorage.py
[2025-12-24T09:08:40.245+0000] {processor.py:925} INFO - DAG(s) 'tutorial_objectstorage' retrieved from /home/airflow/.local/lib/python3.11/site-packages/airflow/example_dags/tutorial_objectstorage.py
[2025-12-24T09:08:40.281+0000] {logging_mixin.py:190} INFO - [2025-12-24T09:08:40.280+0000] {dag.py:3239} INFO - Sync 1 DAGs
[2025-12-24T09:08:40.305+0000] {logging_mixin.py:190} INFO - [2025-12-24T09:08:40.304+0000] {dag.py:4180} INFO - Setting next_dagrun for tutorial_objectstorage to None, run_after=None
[2025-12-24T09:08:40.336+0000] {processor.py:208} INFO - Processing /home/airflow/.local/lib/python3.11/site-packages/airflow/example_dags/tutorial_objectstorage.py took 0.139 seconds
[2025-12-24T09:09:19.996+0000] {processor.py:186} INFO - Started process (PID=1062) to work on /home/airflow/.local/lib/python3.11/site-packages/airflow/example_dags/tutorial_objectstorage.py
[2025-12-24T09:09:19.998+0000] {processor.py:914} INFO - Processing file /home/airflow/.local/lib/python3.11/site-packages/airflow/example_dags/tutorial_objectstorage.py for tasks to queue
[2025-12-24T09:09:20.003+0000] {logging_mixin.py:190} INFO - [2025-12-24T09:09:20.002+0000] {dagbag.py:588} INFO - Filling up the DagBag from /home/airflow/.local/lib/python3.11/site-packages/airflow/example_dags/tutorial_objectstorage.py
[2025-12-24T09:09:20.022+0000] {processor.py:925} INFO - DAG(s) 'tutorial_objectstorage' retrieved from /home/airflow/.local/lib/python3.11/site-packages/airflow/example_dags/tutorial_objectstorage.py
[2025-12-24T09:09:20.064+0000] {logging_mixin.py:190} INFO - [2025-12-24T09:09:20.063+0000] {dag.py:3239} INFO - Sync 1 DAGs
[2025-12-24T09:09:20.085+0000] {logging_mixin.py:190} INFO - [2025-12-24T09:09:20.084+0000] {dag.py:4180} INFO - Setting next_dagrun for tutorial_objectstorage to None, run_after=None
[2025-12-24T09:09:20.111+0000] {processor.py:208} INFO - Processing /home/airflow/.local/lib/python3.11/site-packages/airflow/example_dags/tutorial_objectstorage.py took 0.129 seconds
[2025-12-24T09:09:18.013+0000] {processor.py:186} INFO - Started process (PID=1142) to work on /home/airflow/.local/lib/python3.11/site-packages/airflow/example_dags/tutorial_objectstorage.py
[2025-12-24T09:09:18.015+0000] {processor.py:914} INFO - Processing file /home/airflow/.local/lib/python3.11/site-packages/airflow/example_dags/tutorial_objectstorage.py for tasks to queue
[2025-12-24T09:09:18.019+0000] {logging_mixin.py:190} INFO - [2025-12-24T09:09:18.019+0000] {dagbag.py:588} INFO - Filling up the DagBag from /home/airflow/.local/lib/python3.11/site-packages/airflow/example_dags/tutorial_objectstorage.py
[2025-12-24T09:09:18.038+0000] {processor.py:925} INFO - DAG(s) 'tutorial_objectstorage' retrieved from /home/airflow/.local/lib/python3.11/site-packages/airflow/example_dags/tutorial_objectstorage.py
[2025-12-24T09:09:18.076+0000] {logging_mixin.py:190} INFO - [2025-12-24T09:09:18.076+0000] {dag.py:3239} INFO - Sync 1 DAGs
[2025-12-24T09:09:18.105+0000] {logging_mixin.py:190} INFO - [2025-12-24T09:09:18.104+0000] {dag.py:4180} INFO - Setting next_dagrun for tutorial_objectstorage to None, run_after=None
[2025-12-24T09:09:18.143+0000] {processor.py:208} INFO - Processing /home/airflow/.local/lib/python3.11/site-packages/airflow/example_dags/tutorial_objectstorage.py took 0.165 seconds
[2025-12-24T09:10:25.220+0000] {processor.py:186} INFO - Started process (PID=1202) to work on /home/airflow/.local/lib/python3.11/site-packages/airflow/example_dags/tutorial_objectstorage.py
[2025-12-24T09:10:25.222+0000] {processor.py:914} INFO - Processing file /home/airflow/.local/lib/python3.11/site-packages/airflow/example_dags/tutorial_objectstorage.py for tasks to queue
[2025-12-24T09:10:25.228+0000] {logging_mixin.py:190} INFO - [2025-12-24T09:10:25.227+0000] {dagbag.py:588} INFO - Filling up the DagBag from /home/airflow/.local/lib/python3.11/site-packages/airflow/example_dags/tutorial_objectstorage.py
[2025-12-24T09:10:25.254+0000] {processor.py:925} INFO - DAG(s) 'tutorial_objectstorage' retrieved from /home/airflow/.local/lib/python3.11/site-packages/airflow/example_dags/tutorial_objectstorage.py
[2025-12-24T09:10:25.304+0000] {logging_mixin.py:190} INFO - [2025-12-24T09:10:25.303+0000] {dag.py:3239} INFO - Sync 1 DAGs
[2025-12-24T09:10:25.331+0000] {logging_mixin.py:190} INFO - [2025-12-24T09:10:25.330+0000] {dag.py:4180} INFO - Setting next_dagrun for tutorial_objectstorage to None, run_after=None
[2025-12-24T09:10:25.366+0000] {processor.py:208} INFO - Processing /home/airflow/.local/lib/python3.11/site-packages/airflow/example_dags/tutorial_objectstorage.py took 0.156 seconds
[2025-12-24T09:10:18.181+0000] {processor.py:186} INFO - Started process (PID=1274) to work on /home/airflow/.local/lib/python3.11/site-packages/airflow/example_dags/tutorial_objectstorage.py
[2025-12-24T09:10:18.204+0000] {processor.py:914} INFO - Processing file /home/airflow/.local/lib/python3.11/site-packages/airflow/example_dags/tutorial_objectstorage.py for tasks to queue
[2025-12-24T09:10:18.210+0000] {logging_mixin.py:190} INFO - [2025-12-24T09:10:18.210+0000] {dagbag.py:588} INFO - Filling up the DagBag from /home/airflow/.local/lib/python3.11/site-packages/airflow/example_dags/tutorial_objectstorage.py
[2025-12-24T09:10:18.233+0000] {processor.py:925} INFO - DAG(s) 'tutorial_objectstorage' retrieved from /home/airflow/.local/lib/python3.11/site-packages/airflow/example_dags/tutorial_objectstorage.py
[2025-12-24T09:10:18.276+0000] {logging_mixin.py:190} INFO - [2025-12-24T09:10:18.275+0000] {dag.py:3239} INFO - Sync 1 DAGs
[2025-12-24T09:10:18.301+0000] {logging_mixin.py:190} INFO - [2025-12-24T09:10:18.300+0000] {dag.py:4180} INFO - Setting next_dagrun for tutorial_objectstorage to None, run_after=None
[2025-12-24T09:10:18.332+0000] {processor.py:208} INFO - Processing /home/airflow/.local/lib/python3.11/site-packages/airflow/example_dags/tutorial_objectstorage.py took 0.167 seconds
[2025-12-24T09:10:48.375+0000] {processor.py:186} INFO - Started process (PID=1323) to work on /home/airflow/.local/lib/python3.11/site-packages/airflow/example_dags/tutorial_objectstorage.py
[2025-12-24T09:10:48.376+0000] {processor.py:914} INFO - Processing file /home/airflow/.local/lib/python3.11/site-packages/airflow/example_dags/tutorial_objectstorage.py for tasks to queue
[2025-12-24T09:10:48.381+0000] {logging_mixin.py:190} INFO - [2025-12-24T09:10:48.380+0000] {dagbag.py:588} INFO - Filling up the DagBag from /home/airflow/.local/lib/python3.11/site-packages/airflow/example_dags/tutorial_objectstorage.py
[2025-12-24T09:10:48.395+0000] {processor.py:925} INFO - DAG(s) 'tutorial_objectstorage' retrieved from /home/airflow/.local/lib/python3.11/site-packages/airflow/example_dags/tutorial_objectstorage.py
[2025-12-24T09:10:48.424+0000] {logging_mixin.py:190} INFO - [2025-12-24T09:10:48.423+0000] {dag.py:3239} INFO - Sync 1 DAGs
[2025-12-24T09:10:48.442+0000] {logging_mixin.py:190} INFO - [2025-12-24T09:10:48.442+0000] {dag.py:4180} INFO - Setting next_dagrun for tutorial_objectstorage to None, run_after=None
[2025-12-24T09:10:48.493+0000] {processor.py:208} INFO - Processing /home/airflow/.local/lib/python3.11/site-packages/airflow/example_dags/tutorial_objectstorage.py took 0.129 seconds
[2025-12-24T09:10:57.753+0000] {processor.py:186} INFO - Started process (PID=1380) to work on /home/airflow/.local/lib/python3.11/site-packages/airflow/example_dags/tutorial_objectstorage.py
[2025-12-24T09:10:57.755+0000] {processor.py:914} INFO - Processing file /home/airflow/.local/lib/python3.11/site-packages/airflow/example_dags/tutorial_objectstorage.py for tasks to queue
[2025-12-24T09:10:57.760+0000] {logging_mixin.py:190} INFO - [2025-12-24T09:10:57.759+0000] {dagbag.py:588} INFO - Filling up the DagBag from /home/airflow/.local/lib/python3.11/site-packages/airflow/example_dags/tutorial_objectstorage.py
[2025-12-24T09:10:57.775+0000] {processor.py:925} INFO - DAG(s) 'tutorial_objectstorage' retrieved from /home/airflow/.local/lib/python3.11/site-packages/airflow/example_dags/tutorial_objectstorage.py
[2025-12-24T09:10:57.805+0000] {logging_mixin.py:190} INFO - [2025-12-24T09:10:57.804+0000] {dag.py:3239} INFO - Sync 1 DAGs
[2025-12-24T09:10:57.826+0000] {logging_mixin.py:190} INFO - [2025-12-24T09:10:57.826+0000] {dag.py:4180} INFO - Setting next_dagrun for tutorial_objectstorage to None, run_after=None
[2025-12-24T09:10:57.852+0000] {processor.py:208} INFO - Processing /home/airflow/.local/lib/python3.11/site-packages/airflow/example_dags/tutorial_objectstorage.py took 0.110 seconds
[2025-12-24T09:11:28.698+0000] {processor.py:186} INFO - Started process (PID=1443) to work on /home/airflow/.local/lib/python3.11/site-packages/airflow/example_dags/tutorial_objectstorage.py
[2025-12-24T09:11:28.700+0000] {processor.py:914} INFO - Processing file /home/airflow/.local/lib/python3.11/site-packages/airflow/example_dags/tutorial_objectstorage.py for tasks to queue
[2025-12-24T09:11:28.705+0000] {logging_mixin.py:190} INFO - [2025-12-24T09:11:28.704+0000] {dagbag.py:588} INFO - Filling up the DagBag from /home/airflow/.local/lib/python3.11/site-packages/airflow/example_dags/tutorial_objectstorage.py
[2025-12-24T09:11:28.721+0000] {processor.py:925} INFO - DAG(s) 'tutorial_objectstorage' retrieved from /home/airflow/.local/lib/python3.11/site-packages/airflow/example_dags/tutorial_objectstorage.py
[2025-12-24T09:11:28.757+0000] {logging_mixin.py:190} INFO - [2025-12-24T09:11:28.756+0000] {dag.py:3239} INFO - Sync 1 DAGs
[2025-12-24T09:11:28.780+0000] {logging_mixin.py:190} INFO - [2025-12-24T09:11:28.779+0000] {dag.py:4180} INFO - Setting next_dagrun for tutorial_objectstorage to None, run_after=None
[2025-12-24T09:11:28.811+0000] {processor.py:208} INFO - Processing /home/airflow/.local/lib/python3.11/site-packages/airflow/example_dags/tutorial_objectstorage.py took 0.123 seconds
[2025-12-24T09:12:30.960+0000] {processor.py:186} INFO - Started process (PID=1506) to work on /home/airflow/.local/lib/python3.11/site-packages/airflow/example_dags/tutorial_objectstorage.py
[2025-12-24T09:12:30.962+0000] {processor.py:914} INFO - Processing file /home/airflow/.local/lib/python3.11/site-packages/airflow/example_dags/tutorial_objectstorage.py for tasks to queue
[2025-12-24T09:12:30.966+0000] {logging_mixin.py:190} INFO - [2025-12-24T09:12:30.966+0000] {dagbag.py:588} INFO - Filling up the DagBag from /home/airflow/.local/lib/python3.11/site-packages/airflow/example_dags/tutorial_objectstorage.py
[2025-12-24T09:12:30.981+0000] {processor.py:925} INFO - DAG(s) 'tutorial_objectstorage' retrieved from /home/airflow/.local/lib/python3.11/site-packages/airflow/example_dags/tutorial_objectstorage.py
[2025-12-24T09:12:31.011+0000] {logging_mixin.py:190} INFO - [2025-12-24T09:12:31.011+0000] {dag.py:3239} INFO - Sync 1 DAGs
[2025-12-24T09:12:31.034+0000] {logging_mixin.py:190} INFO - [2025-12-24T09:12:31.034+0000] {dag.py:4180} INFO - Setting next_dagrun for tutorial_objectstorage to None, run_after=None
[2025-12-24T09:12:31.068+0000] {processor.py:208} INFO - Processing /home/airflow/.local/lib/python3.11/site-packages/airflow/example_dags/tutorial_objectstorage.py took 0.118 seconds
[2025-12-24T09:12:42.999+0000] {processor.py:186} INFO - Started process (PID=1570) to work on /home/airflow/.local/lib/python3.11/site-packages/airflow/example_dags/tutorial_objectstorage.py
[2025-12-24T09:12:43.000+0000] {processor.py:914} INFO - Processing file /home/airflow/.local/lib/python3.11/site-packages/airflow/example_dags/tutorial_objectstorage.py for tasks to queue
[2025-12-24T09:12:43.006+0000] {logging_mixin.py:190} INFO - [2025-12-24T09:12:43.005+0000] {dagbag.py:588} INFO - Filling up the DagBag from /home/airflow/.local/lib/python3.11/site-packages/airflow/example_dags/tutorial_objectstorage.py
[2025-12-24T09:12:43.026+0000] {processor.py:925} INFO - DAG(s) 'tutorial_objectstorage' retrieved from /home/airflow/.local/lib/python3.11/site-packages/airflow/example_dags/tutorial_objectstorage.py
[2025-12-24T09:12:43.067+0000] {logging_mixin.py:190} INFO - [2025-12-24T09:12:43.066+0000] {dag.py:3239} INFO - Sync 1 DAGs
[2025-12-24T09:12:43.092+0000] {logging_mixin.py:190} INFO - [2025-12-24T09:12:43.092+0000] {dag.py:4180} INFO - Setting next_dagrun for tutorial_objectstorage to None, run_after=None
[2025-12-24T09:12:43.135+0000] {processor.py:208} INFO - Processing /home/airflow/.local/lib/python3.11/site-packages/airflow/example_dags/tutorial_objectstorage.py took 0.148 seconds
[2025-12-24T09:13:31.777+0000] {processor.py:186} INFO - Started process (PID=1637) to work on /home/airflow/.local/lib/python3.11/site-packages/airflow/example_dags/tutorial_objectstorage.py
[2025-12-24T09:13:31.778+0000] {processor.py:914} INFO - Processing file /home/airflow/.local/lib/python3.11/site-packages/airflow/example_dags/tutorial_objectstorage.py for tasks to queue
[2025-12-24T09:13:31.782+0000] {logging_mixin.py:190} INFO - [2025-12-24T09:13:31.782+0000] {dagbag.py:588} INFO - Filling up the DagBag from /home/airflow/.local/lib/python3.11/site-packages/airflow/example_dags/tutorial_objectstorage.py
[2025-12-24T09:13:31.797+0000] {processor.py:925} INFO - DAG(s) 'tutorial_objectstorage' retrieved from /home/airflow/.local/lib/python3.11/site-packages/airflow/example_dags/tutorial_objectstorage.py
[2025-12-24T09:13:31.828+0000] {logging_mixin.py:190} INFO - [2025-12-24T09:13:31.827+0000] {dag.py:3239} INFO - Sync 1 DAGs
[2025-12-24T09:13:31.844+0000] {logging_mixin.py:190} INFO - [2025-12-24T09:13:31.844+0000] {dag.py:4180} INFO - Setting next_dagrun for tutorial_objectstorage to None, run_after=None
[2025-12-24T09:13:31.869+0000] {processor.py:208} INFO - Processing /home/airflow/.local/lib/python3.11/site-packages/airflow/example_dags/tutorial_objectstorage.py took 0.103 seconds
[2025-12-24T09:14:25.597+0000] {processor.py:186} INFO - Started process (PID=1687) to work on /home/airflow/.local/lib/python3.11/site-packages/airflow/example_dags/tutorial_objectstorage.py
[2025-12-24T09:14:25.600+0000] {processor.py:914} INFO - Processing file /home/airflow/.local/lib/python3.11/site-packages/airflow/example_dags/tutorial_objectstorage.py for tasks to queue
[2025-12-24T09:14:25.606+0000] {logging_mixin.py:190} INFO - [2025-12-24T09:14:25.605+0000] {dagbag.py:588} INFO - Filling up the DagBag from /home/airflow/.local/lib/python3.11/site-packages/airflow/example_dags/tutorial_objectstorage.py
[2025-12-24T09:14:25.635+0000] {processor.py:925} INFO - DAG(s) 'tutorial_objectstorage' retrieved from /home/airflow/.local/lib/python3.11/site-packages/airflow/example_dags/tutorial_objectstorage.py
[2025-12-24T09:14:25.685+0000] {logging_mixin.py:190} INFO - [2025-12-24T09:14:25.684+0000] {dag.py:3239} INFO - Sync 1 DAGs
[2025-12-24T09:14:25.718+0000] {logging_mixin.py:190} INFO - [2025-12-24T09:14:25.718+0000] {dag.py:4180} INFO - Setting next_dagrun for tutorial_objectstorage to None, run_after=None
[2025-12-24T09:14:25.758+0000] {processor.py:208} INFO - Processing /home/airflow/.local/lib/python3.11/site-packages/airflow/example_dags/tutorial_objectstorage.py took 0.191 seconds
[2025-12-24T09:14:38.174+0000] {processor.py:186} INFO - Started process (PID=1759) to work on /home/airflow/.local/lib/python3.11/site-packages/airflow/example_dags/tutorial_objectstorage.py
[2025-12-24T09:14:38.176+0000] {processor.py:914} INFO - Processing file /home/airflow/.local/lib/python3.11/site-packages/airflow/example_dags/tutorial_objectstorage.py for tasks to queue
[2025-12-24T09:14:38.181+0000] {logging_mixin.py:190} INFO - [2025-12-24T09:14:38.180+0000] {dagbag.py:588} INFO - Filling up the DagBag from /home/airflow/.local/lib/python3.11/site-packages/airflow/example_dags/tutorial_objectstorage.py
[2025-12-24T09:14:38.202+0000] {processor.py:925} INFO - DAG(s) 'tutorial_objectstorage' retrieved from /home/airflow/.local/lib/python3.11/site-packages/airflow/example_dags/tutorial_objectstorage.py
[2025-12-24T09:14:38.239+0000] {logging_mixin.py:190} INFO - [2025-12-24T09:14:38.239+0000] {dag.py:3239} INFO - Sync 1 DAGs
[2025-12-24T09:14:38.262+0000] {logging_mixin.py:190} INFO - [2025-12-24T09:14:38.262+0000] {dag.py:4180} INFO - Setting next_dagrun for tutorial_objectstorage to None, run_after=None
[2025-12-24T09:14:38.293+0000] {processor.py:208} INFO - Processing /home/airflow/.local/lib/python3.11/site-packages/airflow/example_dags/tutorial_objectstorage.py took 0.130 seconds
[2025-12-24T09:15:09.007+0000] {processor.py:186} INFO - Started process (PID=1823) to work on /home/airflow/.local/lib/python3.11/site-packages/airflow/example_dags/tutorial_objectstorage.py
[2025-12-24T09:15:09.010+0000] {processor.py:914} INFO - Processing file /home/airflow/.local/lib/python3.11/site-packages/airflow/example_dags/tutorial_objectstorage.py for tasks to queue
[2025-12-24T09:15:09.015+0000] {logging_mixin.py:190} INFO - [2025-12-24T09:15:09.015+0000] {dagbag.py:588} INFO - Filling up the DagBag from /home/airflow/.local/lib/python3.11/site-packages/airflow/example_dags/tutorial_objectstorage.py
[2025-12-24T09:15:09.039+0000] {processor.py:925} INFO - DAG(s) 'tutorial_objectstorage' retrieved from /home/airflow/.local/lib/python3.11/site-packages/airflow/example_dags/tutorial_objectstorage.py
[2025-12-24T09:15:09.081+0000] {logging_mixin.py:190} INFO - [2025-12-24T09:15:09.080+0000] {dag.py:3239} INFO - Sync 1 DAGs
[2025-12-24T09:15:09.105+0000] {logging_mixin.py:190} INFO - [2025-12-24T09:15:09.105+0000] {dag.py:4180} INFO - Setting next_dagrun for tutorial_objectstorage to None, run_after=None
[2025-12-24T09:15:09.136+0000] {processor.py:208} INFO - Processing /home/airflow/.local/lib/python3.11/site-packages/airflow/example_dags/tutorial_objectstorage.py took 0.143 seconds
[2025-12-24T09:15:39.983+0000] {processor.py:186} INFO - Started process (PID=1886) to work on /home/airflow/.local/lib/python3.11/site-packages/airflow/example_dags/tutorial_objectstorage.py
[2025-12-24T09:15:39.985+0000] {processor.py:914} INFO - Processing file /home/airflow/.local/lib/python3.11/site-packages/airflow/example_dags/tutorial_objectstorage.py for tasks to queue
[2025-12-24T09:15:39.990+0000] {logging_mixin.py:190} INFO - [2025-12-24T09:15:39.989+0000] {dagbag.py:588} INFO - Filling up the DagBag from /home/airflow/.local/lib/python3.11/site-packages/airflow/example_dags/tutorial_objectstorage.py
[2025-12-24T09:15:40.007+0000] {processor.py:925} INFO - DAG(s) 'tutorial_objectstorage' retrieved from /home/airflow/.local/lib/python3.11/site-packages/airflow/example_dags/tutorial_objectstorage.py
[2025-12-24T09:15:40.038+0000] {logging_mixin.py:190} INFO - [2025-12-24T09:15:40.037+0000] {dag.py:3239} INFO - Sync 1 DAGs
[2025-12-24T09:15:40.062+0000] {logging_mixin.py:190} INFO - [2025-12-24T09:15:40.061+0000] {dag.py:4180} INFO - Setting next_dagrun for tutorial_objectstorage to None, run_after=None
[2025-12-24T09:15:40.090+0000] {processor.py:208} INFO - Processing /home/airflow/.local/lib/python3.11/site-packages/airflow/example_dags/tutorial_objectstorage.py took 0.118 seconds
[2025-12-24T09:16:40.862+0000] {processor.py:186} INFO - Started process (PID=1952) to work on /home/airflow/.local/lib/python3.11/site-packages/airflow/example_dags/tutorial_objectstorage.py
[2025-12-24T09:16:40.863+0000] {processor.py:914} INFO - Processing file /home/airflow/.local/lib/python3.11/site-packages/airflow/example_dags/tutorial_objectstorage.py for tasks to queue
[2025-12-24T09:16:40.868+0000] {logging_mixin.py:190} INFO - [2025-12-24T09:16:40.867+0000] {dagbag.py:588} INFO - Filling up the DagBag from /home/airflow/.local/lib/python3.11/site-packages/airflow/example_dags/tutorial_objectstorage.py
[2025-12-24T09:16:40.882+0000] {processor.py:925} INFO - DAG(s) 'tutorial_objectstorage' retrieved from /home/airflow/.local/lib/python3.11/site-packages/airflow/example_dags/tutorial_objectstorage.py
[2025-12-24T09:16:40.910+0000] {logging_mixin.py:190} INFO - [2025-12-24T09:16:40.910+0000] {dag.py:3239} INFO - Sync 1 DAGs
[2025-12-24T09:16:40.928+0000] {logging_mixin.py:190} INFO - [2025-12-24T09:16:40.927+0000] {dag.py:4180} INFO - Setting next_dagrun for tutorial_objectstorage to None, run_after=None
[2025-12-24T09:16:40.951+0000] {processor.py:208} INFO - Processing /home/airflow/.local/lib/python3.11/site-packages/airflow/example_dags/tutorial_objectstorage.py took 0.099 seconds
[2025-12-24T09:24:14.408+0000] {processor.py:186} INFO - Started process (PID=98) to work on /home/airflow/.local/lib/python3.11/site-packages/airflow/example_dags/tutorial_objectstorage.py
[2025-12-24T09:24:14.410+0000] {processor.py:914} INFO - Processing file /home/airflow/.local/lib/python3.11/site-packages/airflow/example_dags/tutorial_objectstorage.py for tasks to queue
[2025-12-24T09:24:14.414+0000] {logging_mixin.py:190} INFO - [2025-12-24T09:24:14.414+0000] {dagbag.py:588} INFO - Filling up the DagBag from /home/airflow/.local/lib/python3.11/site-packages/airflow/example_dags/tutorial_objectstorage.py
[2025-12-24T09:24:14.434+0000] {processor.py:925} INFO - DAG(s) 'tutorial_objectstorage' retrieved from /home/airflow/.local/lib/python3.11/site-packages/airflow/example_dags/tutorial_objectstorage.py
[2025-12-24T09:24:14.615+0000] {logging_mixin.py:190} INFO - [2025-12-24T09:24:14.613+0000] {override.py:1911} INFO - Created Permission View: can delete on DAG:tutorial_objectstorage
[2025-12-24T09:24:14.644+0000] {logging_mixin.py:190} INFO - [2025-12-24T09:24:14.644+0000] {override.py:1911} INFO - Created Permission View: can read on DAG:tutorial_objectstorage
[2025-12-24T09:24:14.664+0000] {logging_mixin.py:190} INFO - [2025-12-24T09:24:14.664+0000] {override.py:1911} INFO - Created Permission View: can edit on DAG:tutorial_objectstorage
[2025-12-24T09:24:14.691+0000] {logging_mixin.py:190} INFO - [2025-12-24T09:24:14.690+0000] {override.py:1911} INFO - Created Permission View: menu access on DAG Run:tutorial_objectstorage
[2025-12-24T09:24:14.713+0000] {logging_mixin.py:190} INFO - [2025-12-24T09:24:14.713+0000] {override.py:1911} INFO - Created Permission View: can create on DAG Run:tutorial_objectstorage
[2025-12-24T09:24:14.735+0000] {logging_mixin.py:190} INFO - [2025-12-24T09:24:14.735+0000] {override.py:1911} INFO - Created Permission View: can delete on DAG Run:tutorial_objectstorage
[2025-12-24T09:24:14.757+0000] {logging_mixin.py:190} INFO - [2025-12-24T09:24:14.756+0000] {override.py:1911} INFO - Created Permission View: can read on DAG Run:tutorial_objectstorage
[2025-12-24T09:24:14.759+0000] {logging_mixin.py:190} INFO - [2025-12-24T09:24:14.758+0000] {dag.py:3239} INFO - Sync 1 DAGs
[2025-12-24T09:24:14.784+0000] {logging_mixin.py:190} INFO - [2025-12-24T09:24:14.784+0000] {dag.py:3262} INFO - Creating ORM DAG for tutorial_objectstorage
[2025-12-24T09:24:14.786+0000] {logging_mixin.py:190} INFO - [2025-12-24T09:24:14.786+0000] {dag.py:4180} INFO - Setting next_dagrun for tutorial_objectstorage to None, run_after=None
[2025-12-24T09:24:14.826+0000] {processor.py:208} INFO - Processing /home/airflow/.local/lib/python3.11/site-packages/airflow/example_dags/tutorial_objectstorage.py took 0.428 seconds
[2025-12-24T09:24:04.645+0000] {processor.py:186} INFO - Started process (PID=190) to work on /home/airflow/.local/lib/python3.11/site-packages/airflow/example_dags/tutorial_objectstorage.py
[2025-12-24T09:24:04.648+0000] {processor.py:914} INFO - Processing file /home/airflow/.local/lib/python3.11/site-packages/airflow/example_dags/tutorial_objectstorage.py for tasks to queue
[2025-12-24T09:24:04.653+0000] {logging_mixin.py:190} INFO - [2025-12-24T09:24:04.653+0000] {dagbag.py:588} INFO - Filling up the DagBag from /home/airflow/.local/lib/python3.11/site-packages/airflow/example_dags/tutorial_objectstorage.py
[2025-12-24T09:24:04.673+0000] {processor.py:925} INFO - DAG(s) 'tutorial_objectstorage' retrieved from /home/airflow/.local/lib/python3.11/site-packages/airflow/example_dags/tutorial_objectstorage.py
[2025-12-24T09:24:04.697+0000] {logging_mixin.py:190} INFO - [2025-12-24T09:24:04.696+0000] {dag.py:3239} INFO - Sync 1 DAGs
[2025-12-24T09:24:04.722+0000] {logging_mixin.py:190} INFO - [2025-12-24T09:24:04.722+0000] {dag.py:4180} INFO - Setting next_dagrun for tutorial_objectstorage to None, run_after=None
[2025-12-24T09:24:04.755+0000] {processor.py:208} INFO - Processing /home/airflow/.local/lib/python3.11/site-packages/airflow/example_dags/tutorial_objectstorage.py took 0.123 seconds
[2025-12-24T09:24:13.934+0000] {processor.py:186} INFO - Started process (PID=230) to work on /home/airflow/.local/lib/python3.11/site-packages/airflow/example_dags/tutorial_objectstorage.py
[2025-12-24T09:24:13.937+0000] {processor.py:914} INFO - Processing file /home/airflow/.local/lib/python3.11/site-packages/airflow/example_dags/tutorial_objectstorage.py for tasks to queue
[2025-12-24T09:24:13.941+0000] {logging_mixin.py:190} INFO - [2025-12-24T09:24:13.941+0000] {dagbag.py:588} INFO - Filling up the DagBag from /home/airflow/.local/lib/python3.11/site-packages/airflow/example_dags/tutorial_objectstorage.py
[2025-12-24T09:24:13.960+0000] {processor.py:925} INFO - DAG(s) 'tutorial_objectstorage' retrieved from /home/airflow/.local/lib/python3.11/site-packages/airflow/example_dags/tutorial_objectstorage.py
[2025-12-24T09:24:13.986+0000] {logging_mixin.py:190} INFO - [2025-12-24T09:24:13.985+0000] {dag.py:3239} INFO - Sync 1 DAGs
[2025-12-24T09:24:14.006+0000] {logging_mixin.py:190} INFO - [2025-12-24T09:24:14.006+0000] {dag.py:4180} INFO - Setting next_dagrun for tutorial_objectstorage to None, run_after=None
[2025-12-24T09:24:14.037+0000] {processor.py:208} INFO - Processing /home/airflow/.local/lib/python3.11/site-packages/airflow/example_dags/tutorial_objectstorage.py took 0.114 seconds
[2025-12-24T09:24:43.220+0000] {processor.py:186} INFO - Started process (PID=289) to work on /home/airflow/.local/lib/python3.11/site-packages/airflow/example_dags/tutorial_objectstorage.py
[2025-12-24T09:24:43.223+0000] {processor.py:914} INFO - Processing file /home/airflow/.local/lib/python3.11/site-packages/airflow/example_dags/tutorial_objectstorage.py for tasks to queue
[2025-12-24T09:24:43.228+0000] {logging_mixin.py:190} INFO - [2025-12-24T09:24:43.227+0000] {dagbag.py:588} INFO - Filling up the DagBag from /home/airflow/.local/lib/python3.11/site-packages/airflow/example_dags/tutorial_objectstorage.py
[2025-12-24T09:24:43.251+0000] {processor.py:925} INFO - DAG(s) 'tutorial_objectstorage' retrieved from /home/airflow/.local/lib/python3.11/site-packages/airflow/example_dags/tutorial_objectstorage.py
[2025-12-24T09:24:43.280+0000] {logging_mixin.py:190} INFO - [2025-12-24T09:24:43.278+0000] {dag.py:3239} INFO - Sync 1 DAGs
[2025-12-24T09:24:43.311+0000] {logging_mixin.py:190} INFO - [2025-12-24T09:24:43.310+0000] {dag.py:4180} INFO - Setting next_dagrun for tutorial_objectstorage to None, run_after=None
[2025-12-24T09:24:43.348+0000] {processor.py:208} INFO - Processing /home/airflow/.local/lib/python3.11/site-packages/airflow/example_dags/tutorial_objectstorage.py took 0.141 seconds
[2025-12-24T09:24:54.394+0000] {processor.py:186} INFO - Started process (PID=345) to work on /home/airflow/.local/lib/python3.11/site-packages/airflow/example_dags/tutorial_objectstorage.py
[2025-12-24T09:24:54.396+0000] {processor.py:914} INFO - Processing file /home/airflow/.local/lib/python3.11/site-packages/airflow/example_dags/tutorial_objectstorage.py for tasks to queue
[2025-12-24T09:24:54.402+0000] {logging_mixin.py:190} INFO - [2025-12-24T09:24:54.402+0000] {dagbag.py:588} INFO - Filling up the DagBag from /home/airflow/.local/lib/python3.11/site-packages/airflow/example_dags/tutorial_objectstorage.py
[2025-12-24T09:24:54.421+0000] {processor.py:925} INFO - DAG(s) 'tutorial_objectstorage' retrieved from /home/airflow/.local/lib/python3.11/site-packages/airflow/example_dags/tutorial_objectstorage.py
[2025-12-24T09:24:54.462+0000] {logging_mixin.py:190} INFO - [2025-12-24T09:24:54.461+0000] {dag.py:3239} INFO - Sync 1 DAGs
[2025-12-24T09:24:54.486+0000] {logging_mixin.py:190} INFO - [2025-12-24T09:24:54.486+0000] {dag.py:4180} INFO - Setting next_dagrun for tutorial_objectstorage to None, run_after=None
[2025-12-24T09:24:54.520+0000] {processor.py:208} INFO - Processing /home/airflow/.local/lib/python3.11/site-packages/airflow/example_dags/tutorial_objectstorage.py took 0.139 seconds
[2025-12-24T09:25:13.002+0000] {processor.py:186} INFO - Started process (PID=407) to work on /home/airflow/.local/lib/python3.11/site-packages/airflow/example_dags/tutorial_objectstorage.py
[2025-12-24T09:25:13.004+0000] {processor.py:914} INFO - Processing file /home/airflow/.local/lib/python3.11/site-packages/airflow/example_dags/tutorial_objectstorage.py for tasks to queue
[2025-12-24T09:25:13.010+0000] {logging_mixin.py:190} INFO - [2025-12-24T09:25:13.009+0000] {dagbag.py:588} INFO - Filling up the DagBag from /home/airflow/.local/lib/python3.11/site-packages/airflow/example_dags/tutorial_objectstorage.py
[2025-12-24T09:25:13.040+0000] {processor.py:925} INFO - DAG(s) 'tutorial_objectstorage' retrieved from /home/airflow/.local/lib/python3.11/site-packages/airflow/example_dags/tutorial_objectstorage.py
[2025-12-24T09:25:13.092+0000] {logging_mixin.py:190} INFO - [2025-12-24T09:25:13.092+0000] {dag.py:3239} INFO - Sync 1 DAGs
[2025-12-24T09:25:13.122+0000] {logging_mixin.py:190} INFO - [2025-12-24T09:25:13.122+0000] {dag.py:4180} INFO - Setting next_dagrun for tutorial_objectstorage to None, run_after=None
[2025-12-24T09:25:13.165+0000] {processor.py:208} INFO - Processing /home/airflow/.local/lib/python3.11/site-packages/airflow/example_dags/tutorial_objectstorage.py took 0.175 seconds
[2025-12-24T09:25:19.345+0000] {processor.py:186} INFO - Started process (PID=461) to work on /home/airflow/.local/lib/python3.11/site-packages/airflow/example_dags/tutorial_objectstorage.py
[2025-12-24T09:25:19.347+0000] {processor.py:914} INFO - Processing file /home/airflow/.local/lib/python3.11/site-packages/airflow/example_dags/tutorial_objectstorage.py for tasks to queue
[2025-12-24T09:25:19.351+0000] {logging_mixin.py:190} INFO - [2025-12-24T09:25:19.351+0000] {dagbag.py:588} INFO - Filling up the DagBag from /home/airflow/.local/lib/python3.11/site-packages/airflow/example_dags/tutorial_objectstorage.py
[2025-12-24T09:25:19.367+0000] {processor.py:925} INFO - DAG(s) 'tutorial_objectstorage' retrieved from /home/airflow/.local/lib/python3.11/site-packages/airflow/example_dags/tutorial_objectstorage.py
[2025-12-24T09:25:19.397+0000] {logging_mixin.py:190} INFO - [2025-12-24T09:25:19.396+0000] {dag.py:3239} INFO - Sync 1 DAGs
[2025-12-24T09:25:19.418+0000] {logging_mixin.py:190} INFO - [2025-12-24T09:25:19.417+0000] {dag.py:4180} INFO - Setting next_dagrun for tutorial_objectstorage to None, run_after=None
[2025-12-24T09:25:19.444+0000] {processor.py:208} INFO - Processing /home/airflow/.local/lib/python3.11/site-packages/airflow/example_dags/tutorial_objectstorage.py took 0.109 seconds
[2025-12-24T09:25:50.282+0000] {processor.py:186} INFO - Started process (PID=519) to work on /home/airflow/.local/lib/python3.11/site-packages/airflow/example_dags/tutorial_objectstorage.py
[2025-12-24T09:25:50.283+0000] {processor.py:914} INFO - Processing file /home/airflow/.local/lib/python3.11/site-packages/airflow/example_dags/tutorial_objectstorage.py for tasks to queue
[2025-12-24T09:25:50.287+0000] {logging_mixin.py:190} INFO - [2025-12-24T09:25:50.287+0000] {dagbag.py:588} INFO - Filling up the DagBag from /home/airflow/.local/lib/python3.11/site-packages/airflow/example_dags/tutorial_objectstorage.py
[2025-12-24T09:25:50.305+0000] {processor.py:925} INFO - DAG(s) 'tutorial_objectstorage' retrieved from /home/airflow/.local/lib/python3.11/site-packages/airflow/example_dags/tutorial_objectstorage.py
[2025-12-24T09:25:50.343+0000] {logging_mixin.py:190} INFO - [2025-12-24T09:25:50.343+0000] {dag.py:3239} INFO - Sync 1 DAGs
[2025-12-24T09:25:50.365+0000] {logging_mixin.py:190} INFO - [2025-12-24T09:25:50.364+0000] {dag.py:4180} INFO - Setting next_dagrun for tutorial_objectstorage to None, run_after=None
[2025-12-24T09:25:50.398+0000] {processor.py:208} INFO - Processing /home/airflow/.local/lib/python3.11/site-packages/airflow/example_dags/tutorial_objectstorage.py took 0.126 seconds
[2025-12-24T09:25:55.548+0000] {processor.py:186} INFO - Started process (PID=552) to work on /home/airflow/.local/lib/python3.11/site-packages/airflow/example_dags/tutorial_objectstorage.py
[2025-12-24T09:25:55.550+0000] {processor.py:914} INFO - Processing file /home/airflow/.local/lib/python3.11/site-packages/airflow/example_dags/tutorial_objectstorage.py for tasks to queue
[2025-12-24T09:25:55.554+0000] {logging_mixin.py:190} INFO - [2025-12-24T09:25:55.554+0000] {dagbag.py:588} INFO - Filling up the DagBag from /home/airflow/.local/lib/python3.11/site-packages/airflow/example_dags/tutorial_objectstorage.py
[2025-12-24T09:25:55.573+0000] {processor.py:925} INFO - DAG(s) 'tutorial_objectstorage' retrieved from /home/airflow/.local/lib/python3.11/site-packages/airflow/example_dags/tutorial_objectstorage.py
[2025-12-24T09:25:55.614+0000] {logging_mixin.py:190} INFO - [2025-12-24T09:25:55.613+0000] {dag.py:3239} INFO - Sync 1 DAGs
[2025-12-24T09:25:55.637+0000] {logging_mixin.py:190} INFO - [2025-12-24T09:25:55.637+0000] {dag.py:4180} INFO - Setting next_dagrun for tutorial_objectstorage to None, run_after=None
[2025-12-24T09:25:55.682+0000] {processor.py:208} INFO - Processing /home/airflow/.local/lib/python3.11/site-packages/airflow/example_dags/tutorial_objectstorage.py took 0.146 seconds
[2025-12-24T09:26:04.845+0000] {processor.py:186} INFO - Started process (PID=616) to work on /home/airflow/.local/lib/python3.11/site-packages/airflow/example_dags/tutorial_objectstorage.py
[2025-12-24T09:26:04.847+0000] {processor.py:914} INFO - Processing file /home/airflow/.local/lib/python3.11/site-packages/airflow/example_dags/tutorial_objectstorage.py for tasks to queue
[2025-12-24T09:26:04.852+0000] {logging_mixin.py:190} INFO - [2025-12-24T09:26:04.851+0000] {dagbag.py:588} INFO - Filling up the DagBag from /home/airflow/.local/lib/python3.11/site-packages/airflow/example_dags/tutorial_objectstorage.py
[2025-12-24T09:26:04.881+0000] {processor.py:925} INFO - DAG(s) 'tutorial_objectstorage' retrieved from /home/airflow/.local/lib/python3.11/site-packages/airflow/example_dags/tutorial_objectstorage.py
[2025-12-24T09:26:04.914+0000] {logging_mixin.py:190} INFO - [2025-12-24T09:26:04.913+0000] {dag.py:3239} INFO - Sync 1 DAGs
[2025-12-24T09:26:04.932+0000] {logging_mixin.py:190} INFO - [2025-12-24T09:26:04.932+0000] {dag.py:4180} INFO - Setting next_dagrun for tutorial_objectstorage to None, run_after=None
[2025-12-24T09:26:04.966+0000] {processor.py:208} INFO - Processing /home/airflow/.local/lib/python3.11/site-packages/airflow/example_dags/tutorial_objectstorage.py took 0.132 seconds
[2025-12-24T09:26:13.594+0000] {processor.py:186} INFO - Started process (PID=672) to work on /home/airflow/.local/lib/python3.11/site-packages/airflow/example_dags/tutorial_objectstorage.py
[2025-12-24T09:26:13.598+0000] {processor.py:914} INFO - Processing file /home/airflow/.local/lib/python3.11/site-packages/airflow/example_dags/tutorial_objectstorage.py for tasks to queue
[2025-12-24T09:26:13.602+0000] {logging_mixin.py:190} INFO - [2025-12-24T09:26:13.601+0000] {dagbag.py:588} INFO - Filling up the DagBag from /home/airflow/.local/lib/python3.11/site-packages/airflow/example_dags/tutorial_objectstorage.py
[2025-12-24T09:26:13.617+0000] {processor.py:925} INFO - DAG(s) 'tutorial_objectstorage' retrieved from /home/airflow/.local/lib/python3.11/site-packages/airflow/example_dags/tutorial_objectstorage.py
[2025-12-24T09:26:13.662+0000] {logging_mixin.py:190} INFO - [2025-12-24T09:26:13.662+0000] {dag.py:3239} INFO - Sync 1 DAGs
[2025-12-24T09:26:13.681+0000] {logging_mixin.py:190} INFO - [2025-12-24T09:26:13.681+0000] {dag.py:4180} INFO - Setting next_dagrun for tutorial_objectstorage to None, run_after=None
[2025-12-24T09:26:13.715+0000] {processor.py:208} INFO - Processing /home/airflow/.local/lib/python3.11/site-packages/airflow/example_dags/tutorial_objectstorage.py took 0.133 seconds
[2025-12-24T09:26:24.202+0000] {processor.py:186} INFO - Started process (PID=724) to work on /home/airflow/.local/lib/python3.11/site-packages/airflow/example_dags/tutorial_objectstorage.py
[2025-12-24T09:26:24.203+0000] {processor.py:914} INFO - Processing file /home/airflow/.local/lib/python3.11/site-packages/airflow/example_dags/tutorial_objectstorage.py for tasks to queue
[2025-12-24T09:26:24.208+0000] {logging_mixin.py:190} INFO - [2025-12-24T09:26:24.207+0000] {dagbag.py:588} INFO - Filling up the DagBag from /home/airflow/.local/lib/python3.11/site-packages/airflow/example_dags/tutorial_objectstorage.py
[2025-12-24T09:26:24.229+0000] {processor.py:925} INFO - DAG(s) 'tutorial_objectstorage' retrieved from /home/airflow/.local/lib/python3.11/site-packages/airflow/example_dags/tutorial_objectstorage.py
[2025-12-24T09:26:24.266+0000] {logging_mixin.py:190} INFO - [2025-12-24T09:26:24.265+0000] {dag.py:3239} INFO - Sync 1 DAGs
[2025-12-24T09:26:24.284+0000] {logging_mixin.py:190} INFO - [2025-12-24T09:26:24.284+0000] {dag.py:4180} INFO - Setting next_dagrun for tutorial_objectstorage to None, run_after=None
[2025-12-24T09:26:24.312+0000] {processor.py:208} INFO - Processing /home/airflow/.local/lib/python3.11/site-packages/airflow/example_dags/tutorial_objectstorage.py took 0.123 seconds
[2025-12-24T09:26:34.457+0000] {processor.py:186} INFO - Started process (PID=779) to work on /home/airflow/.local/lib/python3.11/site-packages/airflow/example_dags/tutorial_objectstorage.py
[2025-12-24T09:26:34.458+0000] {processor.py:914} INFO - Processing file /home/airflow/.local/lib/python3.11/site-packages/airflow/example_dags/tutorial_objectstorage.py for tasks to queue
[2025-12-24T09:26:34.462+0000] {logging_mixin.py:190} INFO - [2025-12-24T09:26:34.462+0000] {dagbag.py:588} INFO - Filling up the DagBag from /home/airflow/.local/lib/python3.11/site-packages/airflow/example_dags/tutorial_objectstorage.py
[2025-12-24T09:26:34.478+0000] {processor.py:925} INFO - DAG(s) 'tutorial_objectstorage' retrieved from /home/airflow/.local/lib/python3.11/site-packages/airflow/example_dags/tutorial_objectstorage.py
[2025-12-24T09:26:34.518+0000] {logging_mixin.py:190} INFO - [2025-12-24T09:26:34.517+0000] {dag.py:3239} INFO - Sync 1 DAGs
[2025-12-24T09:26:34.539+0000] {logging_mixin.py:190} INFO - [2025-12-24T09:26:34.538+0000] {dag.py:4180} INFO - Setting next_dagrun for tutorial_objectstorage to None, run_after=None
[2025-12-24T09:26:34.570+0000] {processor.py:208} INFO - Processing /home/airflow/.local/lib/python3.11/site-packages/airflow/example_dags/tutorial_objectstorage.py took 0.125 seconds
[2025-12-24T09:26:44.948+0000] {processor.py:186} INFO - Started process (PID=832) to work on /home/airflow/.local/lib/python3.11/site-packages/airflow/example_dags/tutorial_objectstorage.py
[2025-12-24T09:26:44.950+0000] {processor.py:914} INFO - Processing file /home/airflow/.local/lib/python3.11/site-packages/airflow/example_dags/tutorial_objectstorage.py for tasks to queue
[2025-12-24T09:26:44.955+0000] {logging_mixin.py:190} INFO - [2025-12-24T09:26:44.954+0000] {dagbag.py:588} INFO - Filling up the DagBag from /home/airflow/.local/lib/python3.11/site-packages/airflow/example_dags/tutorial_objectstorage.py
[2025-12-24T09:26:44.972+0000] {processor.py:925} INFO - DAG(s) 'tutorial_objectstorage' retrieved from /home/airflow/.local/lib/python3.11/site-packages/airflow/example_dags/tutorial_objectstorage.py
[2025-12-24T09:26:45.012+0000] {logging_mixin.py:190} INFO - [2025-12-24T09:26:45.012+0000] {dag.py:3239} INFO - Sync 1 DAGs
[2025-12-24T09:26:45.039+0000] {logging_mixin.py:190} INFO - [2025-12-24T09:26:45.039+0000] {dag.py:4180} INFO - Setting next_dagrun for tutorial_objectstorage to None, run_after=None
[2025-12-24T09:26:45.074+0000] {processor.py:208} INFO - Processing /home/airflow/.local/lib/python3.11/site-packages/airflow/example_dags/tutorial_objectstorage.py took 0.139 seconds
[2025-12-24T09:27:42.124+0000] {processor.py:186} INFO - Started process (PID=888) to work on /home/airflow/.local/lib/python3.11/site-packages/airflow/example_dags/tutorial_objectstorage.py
[2025-12-24T09:27:42.140+0000] {processor.py:914} INFO - Processing file /home/airflow/.local/lib/python3.11/site-packages/airflow/example_dags/tutorial_objectstorage.py for tasks to queue
[2025-12-24T09:27:42.153+0000] {logging_mixin.py:190} INFO - [2025-12-24T09:27:42.152+0000] {dagbag.py:588} INFO - Filling up the DagBag from /home/airflow/.local/lib/python3.11/site-packages/airflow/example_dags/tutorial_objectstorage.py
[2025-12-24T09:27:42.169+0000] {processor.py:925} INFO - DAG(s) 'tutorial_objectstorage' retrieved from /home/airflow/.local/lib/python3.11/site-packages/airflow/example_dags/tutorial_objectstorage.py
[2025-12-24T09:27:42.210+0000] {logging_mixin.py:190} INFO - [2025-12-24T09:27:42.208+0000] {dag.py:3239} INFO - Sync 1 DAGs
[2025-12-24T09:27:42.262+0000] {logging_mixin.py:190} INFO - [2025-12-24T09:27:42.262+0000] {dag.py:4180} INFO - Setting next_dagrun for tutorial_objectstorage to None, run_after=None
[2025-12-24T09:27:42.311+0000] {processor.py:208} INFO - Processing /home/airflow/.local/lib/python3.11/site-packages/airflow/example_dags/tutorial_objectstorage.py took 0.197 seconds
[2025-12-24T09:27:49.866+0000] {processor.py:186} INFO - Started process (PID=960) to work on /home/airflow/.local/lib/python3.11/site-packages/airflow/example_dags/tutorial_objectstorage.py
[2025-12-24T09:27:49.868+0000] {processor.py:914} INFO - Processing file /home/airflow/.local/lib/python3.11/site-packages/airflow/example_dags/tutorial_objectstorage.py for tasks to queue
[2025-12-24T09:27:49.874+0000] {logging_mixin.py:190} INFO - [2025-12-24T09:27:49.874+0000] {dagbag.py:588} INFO - Filling up the DagBag from /home/airflow/.local/lib/python3.11/site-packages/airflow/example_dags/tutorial_objectstorage.py
[2025-12-24T09:27:49.890+0000] {processor.py:925} INFO - DAG(s) 'tutorial_objectstorage' retrieved from /home/airflow/.local/lib/python3.11/site-packages/airflow/example_dags/tutorial_objectstorage.py
[2025-12-24T09:27:49.927+0000] {logging_mixin.py:190} INFO - [2025-12-24T09:27:49.924+0000] {dag.py:3239} INFO - Sync 1 DAGs
[2025-12-24T09:27:49.946+0000] {logging_mixin.py:190} INFO - [2025-12-24T09:27:49.946+0000] {dag.py:4180} INFO - Setting next_dagrun for tutorial_objectstorage to None, run_after=None
[2025-12-24T09:27:49.976+0000] {processor.py:208} INFO - Processing /home/airflow/.local/lib/python3.11/site-packages/airflow/example_dags/tutorial_objectstorage.py took 0.122 seconds
[2025-12-24T09:28:00.036+0000] {processor.py:186} INFO - Started process (PID=1020) to work on /home/airflow/.local/lib/python3.11/site-packages/airflow/example_dags/tutorial_objectstorage.py
[2025-12-24T09:28:00.038+0000] {processor.py:914} INFO - Processing file /home/airflow/.local/lib/python3.11/site-packages/airflow/example_dags/tutorial_objectstorage.py for tasks to queue
[2025-12-24T09:28:00.042+0000] {logging_mixin.py:190} INFO - [2025-12-24T09:28:00.042+0000] {dagbag.py:588} INFO - Filling up the DagBag from /home/airflow/.local/lib/python3.11/site-packages/airflow/example_dags/tutorial_objectstorage.py
[2025-12-24T09:28:00.060+0000] {processor.py:925} INFO - DAG(s) 'tutorial_objectstorage' retrieved from /home/airflow/.local/lib/python3.11/site-packages/airflow/example_dags/tutorial_objectstorage.py
[2025-12-24T09:28:00.092+0000] {logging_mixin.py:190} INFO - [2025-12-24T09:28:00.092+0000] {dag.py:3239} INFO - Sync 1 DAGs
[2025-12-24T09:28:00.110+0000] {logging_mixin.py:190} INFO - [2025-12-24T09:28:00.110+0000] {dag.py:4180} INFO - Setting next_dagrun for tutorial_objectstorage to None, run_after=None
[2025-12-24T09:28:00.138+0000] {processor.py:208} INFO - Processing /home/airflow/.local/lib/python3.11/site-packages/airflow/example_dags/tutorial_objectstorage.py took 0.114 seconds
[2025-12-24T09:28:14.178+0000] {processor.py:186} INFO - Started process (PID=1085) to work on /home/airflow/.local/lib/python3.11/site-packages/airflow/example_dags/tutorial_objectstorage.py
[2025-12-24T09:28:14.179+0000] {processor.py:914} INFO - Processing file /home/airflow/.local/lib/python3.11/site-packages/airflow/example_dags/tutorial_objectstorage.py for tasks to queue
[2025-12-24T09:28:14.184+0000] {logging_mixin.py:190} INFO - [2025-12-24T09:28:14.183+0000] {dagbag.py:588} INFO - Filling up the DagBag from /home/airflow/.local/lib/python3.11/site-packages/airflow/example_dags/tutorial_objectstorage.py
[2025-12-24T09:28:14.199+0000] {processor.py:925} INFO - DAG(s) 'tutorial_objectstorage' retrieved from /home/airflow/.local/lib/python3.11/site-packages/airflow/example_dags/tutorial_objectstorage.py
[2025-12-24T09:28:14.236+0000] {logging_mixin.py:190} INFO - [2025-12-24T09:28:14.236+0000] {dag.py:3239} INFO - Sync 1 DAGs
[2025-12-24T09:28:14.264+0000] {logging_mixin.py:190} INFO - [2025-12-24T09:28:14.264+0000] {dag.py:4180} INFO - Setting next_dagrun for tutorial_objectstorage to None, run_after=None
[2025-12-24T09:28:14.371+0000] {processor.py:208} INFO - Processing /home/airflow/.local/lib/python3.11/site-packages/airflow/example_dags/tutorial_objectstorage.py took 0.203 seconds
[2025-12-24T09:29:11.849+0000] {processor.py:186} INFO - Started process (PID=1138) to work on /home/airflow/.local/lib/python3.11/site-packages/airflow/example_dags/tutorial_objectstorage.py
[2025-12-24T09:29:11.851+0000] {processor.py:914} INFO - Processing file /home/airflow/.local/lib/python3.11/site-packages/airflow/example_dags/tutorial_objectstorage.py for tasks to queue
[2025-12-24T09:29:11.855+0000] {logging_mixin.py:190} INFO - [2025-12-24T09:29:11.855+0000] {dagbag.py:588} INFO - Filling up the DagBag from /home/airflow/.local/lib/python3.11/site-packages/airflow/example_dags/tutorial_objectstorage.py
[2025-12-24T09:29:11.874+0000] {processor.py:925} INFO - DAG(s) 'tutorial_objectstorage' retrieved from /home/airflow/.local/lib/python3.11/site-packages/airflow/example_dags/tutorial_objectstorage.py
[2025-12-24T09:29:11.915+0000] {logging_mixin.py:190} INFO - [2025-12-24T09:29:11.913+0000] {dag.py:3239} INFO - Sync 1 DAGs
[2025-12-24T09:29:11.939+0000] {logging_mixin.py:190} INFO - [2025-12-24T09:29:11.939+0000] {dag.py:4180} INFO - Setting next_dagrun for tutorial_objectstorage to None, run_after=None
[2025-12-24T09:29:11.992+0000] {processor.py:208} INFO - Processing /home/airflow/.local/lib/python3.11/site-packages/airflow/example_dags/tutorial_objectstorage.py took 0.153 seconds
