[2025-12-24T09:02:54.606+0000] {processor.py:186} INFO - Started process (PID=89) to work on /home/airflow/.local/lib/python3.11/site-packages/airflow/example_dags/tutorial.py
[2025-12-24T09:02:54.608+0000] {processor.py:914} INFO - Processing file /home/airflow/.local/lib/python3.11/site-packages/airflow/example_dags/tutorial.py for tasks to queue
[2025-12-24T09:02:54.613+0000] {logging_mixin.py:190} INFO - [2025-12-24T09:02:54.613+0000] {dagbag.py:588} INFO - Filling up the DagBag from /home/airflow/.local/lib/python3.11/site-packages/airflow/example_dags/tutorial.py
[2025-12-24T09:02:54.631+0000] {processor.py:925} INFO - DAG(s) 'tutorial' retrieved from /home/airflow/.local/lib/python3.11/site-packages/airflow/example_dags/tutorial.py
[2025-12-24T09:02:54.886+0000] {logging_mixin.py:190} INFO - [2025-12-24T09:02:54.885+0000] {override.py:1911} INFO - Created Permission View: can edit on DAG:tutorial
[2025-12-24T09:02:54.908+0000] {logging_mixin.py:190} INFO - [2025-12-24T09:02:54.907+0000] {override.py:1911} INFO - Created Permission View: can read on DAG:tutorial
[2025-12-24T09:02:54.931+0000] {logging_mixin.py:190} INFO - [2025-12-24T09:02:54.931+0000] {override.py:1911} INFO - Created Permission View: can delete on DAG:tutorial
[2025-12-24T09:02:54.985+0000] {logging_mixin.py:190} INFO - [2025-12-24T09:02:54.985+0000] {override.py:1911} INFO - Created Permission View: can read on DAG Run:tutorial
[2025-12-24T09:02:55.019+0000] {logging_mixin.py:190} INFO - [2025-12-24T09:02:55.018+0000] {override.py:1911} INFO - Created Permission View: can create on DAG Run:tutorial
[2025-12-24T09:02:55.041+0000] {logging_mixin.py:190} INFO - [2025-12-24T09:02:55.040+0000] {override.py:1911} INFO - Created Permission View: can delete on DAG Run:tutorial
[2025-12-24T09:02:55.059+0000] {logging_mixin.py:190} INFO - [2025-12-24T09:02:55.058+0000] {override.py:1911} INFO - Created Permission View: menu access on DAG Run:tutorial
[2025-12-24T09:02:55.060+0000] {logging_mixin.py:190} INFO - [2025-12-24T09:02:55.060+0000] {dag.py:3239} INFO - Sync 1 DAGs
[2025-12-24T09:02:55.080+0000] {logging_mixin.py:190} INFO - [2025-12-24T09:02:55.079+0000] {dag.py:3262} INFO - Creating ORM DAG for tutorial
[2025-12-24T09:02:55.092+0000] {logging_mixin.py:190} INFO - [2025-12-24T09:02:55.092+0000] {dag.py:4180} INFO - Setting next_dagrun for tutorial to 2025-12-23 00:00:00+00:00, run_after=2025-12-24 00:00:00+00:00
[2025-12-24T09:02:55.117+0000] {processor.py:208} INFO - Processing /home/airflow/.local/lib/python3.11/site-packages/airflow/example_dags/tutorial.py took 0.523 seconds
[2025-12-24T09:03:12.430+0000] {processor.py:186} INFO - Started process (PID=149) to work on /home/airflow/.local/lib/python3.11/site-packages/airflow/example_dags/tutorial.py
[2025-12-24T09:03:12.435+0000] {processor.py:914} INFO - Processing file /home/airflow/.local/lib/python3.11/site-packages/airflow/example_dags/tutorial.py for tasks to queue
[2025-12-24T09:03:12.448+0000] {logging_mixin.py:190} INFO - [2025-12-24T09:03:12.448+0000] {dagbag.py:588} INFO - Filling up the DagBag from /home/airflow/.local/lib/python3.11/site-packages/airflow/example_dags/tutorial.py
[2025-12-24T09:03:12.466+0000] {processor.py:925} INFO - DAG(s) 'tutorial' retrieved from /home/airflow/.local/lib/python3.11/site-packages/airflow/example_dags/tutorial.py
[2025-12-24T09:03:12.487+0000] {logging_mixin.py:190} INFO - [2025-12-24T09:03:12.487+0000] {dag.py:3239} INFO - Sync 1 DAGs
[2025-12-24T09:03:12.516+0000] {logging_mixin.py:190} INFO - [2025-12-24T09:03:12.516+0000] {dag.py:4180} INFO - Setting next_dagrun for tutorial to 2025-12-23 00:00:00+00:00, run_after=2025-12-24 00:00:00+00:00
[2025-12-24T09:03:12.550+0000] {processor.py:208} INFO - Processing /home/airflow/.local/lib/python3.11/site-packages/airflow/example_dags/tutorial.py took 0.132 seconds
[2025-12-24T09:04:15.083+0000] {processor.py:186} INFO - Started process (PID=212) to work on /home/airflow/.local/lib/python3.11/site-packages/airflow/example_dags/tutorial.py
[2025-12-24T09:04:15.085+0000] {processor.py:914} INFO - Processing file /home/airflow/.local/lib/python3.11/site-packages/airflow/example_dags/tutorial.py for tasks to queue
[2025-12-24T09:04:15.089+0000] {logging_mixin.py:190} INFO - [2025-12-24T09:04:15.089+0000] {dagbag.py:588} INFO - Filling up the DagBag from /home/airflow/.local/lib/python3.11/site-packages/airflow/example_dags/tutorial.py
[2025-12-24T09:04:15.104+0000] {processor.py:925} INFO - DAG(s) 'tutorial' retrieved from /home/airflow/.local/lib/python3.11/site-packages/airflow/example_dags/tutorial.py
[2025-12-24T09:04:15.145+0000] {logging_mixin.py:190} INFO - [2025-12-24T09:04:15.144+0000] {dag.py:3239} INFO - Sync 1 DAGs
[2025-12-24T09:04:15.189+0000] {logging_mixin.py:190} INFO - [2025-12-24T09:04:15.189+0000] {dag.py:4180} INFO - Setting next_dagrun for tutorial to 2025-12-23 00:00:00+00:00, run_after=2025-12-24 00:00:00+00:00
[2025-12-24T09:04:15.223+0000] {processor.py:208} INFO - Processing /home/airflow/.local/lib/python3.11/site-packages/airflow/example_dags/tutorial.py took 0.155 seconds
[2025-12-24T09:04:12.541+0000] {processor.py:186} INFO - Started process (PID=278) to work on /home/airflow/.local/lib/python3.11/site-packages/airflow/example_dags/tutorial.py
[2025-12-24T09:04:12.550+0000] {processor.py:914} INFO - Processing file /home/airflow/.local/lib/python3.11/site-packages/airflow/example_dags/tutorial.py for tasks to queue
[2025-12-24T09:04:12.557+0000] {logging_mixin.py:190} INFO - [2025-12-24T09:04:12.557+0000] {dagbag.py:588} INFO - Filling up the DagBag from /home/airflow/.local/lib/python3.11/site-packages/airflow/example_dags/tutorial.py
[2025-12-24T09:04:12.571+0000] {processor.py:925} INFO - DAG(s) 'tutorial' retrieved from /home/airflow/.local/lib/python3.11/site-packages/airflow/example_dags/tutorial.py
[2025-12-24T09:04:12.603+0000] {logging_mixin.py:190} INFO - [2025-12-24T09:04:12.602+0000] {dag.py:3239} INFO - Sync 1 DAGs
[2025-12-24T09:04:12.631+0000] {logging_mixin.py:190} INFO - [2025-12-24T09:04:12.631+0000] {dag.py:4180} INFO - Setting next_dagrun for tutorial to 2025-12-23 00:00:00+00:00, run_after=2025-12-24 00:00:00+00:00
[2025-12-24T09:04:12.661+0000] {processor.py:208} INFO - Processing /home/airflow/.local/lib/python3.11/site-packages/airflow/example_dags/tutorial.py took 0.136 seconds
[2025-12-24T09:04:42.708+0000] {processor.py:186} INFO - Started process (PID=341) to work on /home/airflow/.local/lib/python3.11/site-packages/airflow/example_dags/tutorial.py
[2025-12-24T09:04:42.709+0000] {processor.py:914} INFO - Processing file /home/airflow/.local/lib/python3.11/site-packages/airflow/example_dags/tutorial.py for tasks to queue
[2025-12-24T09:04:42.716+0000] {logging_mixin.py:190} INFO - [2025-12-24T09:04:42.715+0000] {dagbag.py:588} INFO - Filling up the DagBag from /home/airflow/.local/lib/python3.11/site-packages/airflow/example_dags/tutorial.py
[2025-12-24T09:04:42.729+0000] {processor.py:925} INFO - DAG(s) 'tutorial' retrieved from /home/airflow/.local/lib/python3.11/site-packages/airflow/example_dags/tutorial.py
[2025-12-24T09:04:42.773+0000] {logging_mixin.py:190} INFO - [2025-12-24T09:04:42.773+0000] {dag.py:3239} INFO - Sync 1 DAGs
[2025-12-24T09:04:42.804+0000] {logging_mixin.py:190} INFO - [2025-12-24T09:04:42.803+0000] {dag.py:4180} INFO - Setting next_dagrun for tutorial to 2025-12-23 00:00:00+00:00, run_after=2025-12-24 00:00:00+00:00
[2025-12-24T09:04:42.832+0000] {processor.py:208} INFO - Processing /home/airflow/.local/lib/python3.11/site-packages/airflow/example_dags/tutorial.py took 0.134 seconds
[2025-12-24T09:04:52.201+0000] {processor.py:186} INFO - Started process (PID=406) to work on /home/airflow/.local/lib/python3.11/site-packages/airflow/example_dags/tutorial.py
[2025-12-24T09:04:52.203+0000] {processor.py:914} INFO - Processing file /home/airflow/.local/lib/python3.11/site-packages/airflow/example_dags/tutorial.py for tasks to queue
[2025-12-24T09:04:52.208+0000] {logging_mixin.py:190} INFO - [2025-12-24T09:04:52.208+0000] {dagbag.py:588} INFO - Filling up the DagBag from /home/airflow/.local/lib/python3.11/site-packages/airflow/example_dags/tutorial.py
[2025-12-24T09:04:52.222+0000] {processor.py:925} INFO - DAG(s) 'tutorial' retrieved from /home/airflow/.local/lib/python3.11/site-packages/airflow/example_dags/tutorial.py
[2025-12-24T09:04:52.258+0000] {logging_mixin.py:190} INFO - [2025-12-24T09:04:52.257+0000] {dag.py:3239} INFO - Sync 1 DAGs
[2025-12-24T09:04:52.284+0000] {logging_mixin.py:190} INFO - [2025-12-24T09:04:52.284+0000] {dag.py:4180} INFO - Setting next_dagrun for tutorial to 2025-12-23 00:00:00+00:00, run_after=2025-12-24 00:00:00+00:00
[2025-12-24T09:04:52.323+0000] {processor.py:208} INFO - Processing /home/airflow/.local/lib/python3.11/site-packages/airflow/example_dags/tutorial.py took 0.134 seconds
[2025-12-24T09:05:22.987+0000] {processor.py:186} INFO - Started process (PID=471) to work on /home/airflow/.local/lib/python3.11/site-packages/airflow/example_dags/tutorial.py
[2025-12-24T09:05:22.989+0000] {processor.py:914} INFO - Processing file /home/airflow/.local/lib/python3.11/site-packages/airflow/example_dags/tutorial.py for tasks to queue
[2025-12-24T09:05:22.992+0000] {logging_mixin.py:190} INFO - [2025-12-24T09:05:22.992+0000] {dagbag.py:588} INFO - Filling up the DagBag from /home/airflow/.local/lib/python3.11/site-packages/airflow/example_dags/tutorial.py
[2025-12-24T09:05:23.005+0000] {processor.py:925} INFO - DAG(s) 'tutorial' retrieved from /home/airflow/.local/lib/python3.11/site-packages/airflow/example_dags/tutorial.py
[2025-12-24T09:05:23.034+0000] {logging_mixin.py:190} INFO - [2025-12-24T09:05:23.034+0000] {dag.py:3239} INFO - Sync 1 DAGs
[2025-12-24T09:05:23.069+0000] {logging_mixin.py:190} INFO - [2025-12-24T09:05:23.069+0000] {dag.py:4180} INFO - Setting next_dagrun for tutorial to 2025-12-23 00:00:00+00:00, run_after=2025-12-24 00:00:00+00:00
[2025-12-24T09:05:23.093+0000] {processor.py:208} INFO - Processing /home/airflow/.local/lib/python3.11/site-packages/airflow/example_dags/tutorial.py took 0.116 seconds
[2025-12-24T09:05:26.927+0000] {processor.py:186} INFO - Started process (PID=507) to work on /home/airflow/.local/lib/python3.11/site-packages/airflow/example_dags/tutorial.py
[2025-12-24T09:05:26.929+0000] {processor.py:914} INFO - Processing file /home/airflow/.local/lib/python3.11/site-packages/airflow/example_dags/tutorial.py for tasks to queue
[2025-12-24T09:05:26.933+0000] {logging_mixin.py:190} INFO - [2025-12-24T09:05:26.932+0000] {dagbag.py:588} INFO - Filling up the DagBag from /home/airflow/.local/lib/python3.11/site-packages/airflow/example_dags/tutorial.py
[2025-12-24T09:05:26.945+0000] {processor.py:925} INFO - DAG(s) 'tutorial' retrieved from /home/airflow/.local/lib/python3.11/site-packages/airflow/example_dags/tutorial.py
[2025-12-24T09:05:26.975+0000] {logging_mixin.py:190} INFO - [2025-12-24T09:05:26.975+0000] {dag.py:3239} INFO - Sync 1 DAGs
[2025-12-24T09:05:27.001+0000] {logging_mixin.py:190} INFO - [2025-12-24T09:05:27.001+0000] {dag.py:4180} INFO - Setting next_dagrun for tutorial to 2025-12-23 00:00:00+00:00, run_after=2025-12-24 00:00:00+00:00
[2025-12-24T09:05:27.028+0000] {processor.py:208} INFO - Processing /home/airflow/.local/lib/python3.11/site-packages/airflow/example_dags/tutorial.py took 0.111 seconds
[2025-12-24T09:05:38.009+0000] {processor.py:186} INFO - Started process (PID=562) to work on /home/airflow/.local/lib/python3.11/site-packages/airflow/example_dags/tutorial.py
[2025-12-24T09:05:38.011+0000] {processor.py:914} INFO - Processing file /home/airflow/.local/lib/python3.11/site-packages/airflow/example_dags/tutorial.py for tasks to queue
[2025-12-24T09:05:38.015+0000] {logging_mixin.py:190} INFO - [2025-12-24T09:05:38.014+0000] {dagbag.py:588} INFO - Filling up the DagBag from /home/airflow/.local/lib/python3.11/site-packages/airflow/example_dags/tutorial.py
[2025-12-24T09:05:38.030+0000] {processor.py:925} INFO - DAG(s) 'tutorial' retrieved from /home/airflow/.local/lib/python3.11/site-packages/airflow/example_dags/tutorial.py
[2025-12-24T09:05:38.065+0000] {logging_mixin.py:190} INFO - [2025-12-24T09:05:38.065+0000] {dag.py:3239} INFO - Sync 1 DAGs
[2025-12-24T09:05:38.102+0000] {logging_mixin.py:190} INFO - [2025-12-24T09:05:38.102+0000] {dag.py:4180} INFO - Setting next_dagrun for tutorial to 2025-12-23 00:00:00+00:00, run_after=2025-12-24 00:00:00+00:00
[2025-12-24T09:05:38.180+0000] {processor.py:208} INFO - Processing /home/airflow/.local/lib/python3.11/site-packages/airflow/example_dags/tutorial.py took 0.183 seconds
[2025-12-24T09:06:40.297+0000] {processor.py:186} INFO - Started process (PID=624) to work on /home/airflow/.local/lib/python3.11/site-packages/airflow/example_dags/tutorial.py
[2025-12-24T09:06:40.299+0000] {processor.py:914} INFO - Processing file /home/airflow/.local/lib/python3.11/site-packages/airflow/example_dags/tutorial.py for tasks to queue
[2025-12-24T09:06:40.303+0000] {logging_mixin.py:190} INFO - [2025-12-24T09:06:40.303+0000] {dagbag.py:588} INFO - Filling up the DagBag from /home/airflow/.local/lib/python3.11/site-packages/airflow/example_dags/tutorial.py
[2025-12-24T09:06:40.316+0000] {processor.py:925} INFO - DAG(s) 'tutorial' retrieved from /home/airflow/.local/lib/python3.11/site-packages/airflow/example_dags/tutorial.py
[2025-12-24T09:06:40.352+0000] {logging_mixin.py:190} INFO - [2025-12-24T09:06:40.351+0000] {dag.py:3239} INFO - Sync 1 DAGs
[2025-12-24T09:06:40.394+0000] {logging_mixin.py:190} INFO - [2025-12-24T09:06:40.394+0000] {dag.py:4180} INFO - Setting next_dagrun for tutorial to 2025-12-23 00:00:00+00:00, run_after=2025-12-24 00:00:00+00:00
[2025-12-24T09:06:40.424+0000] {processor.py:208} INFO - Processing /home/airflow/.local/lib/python3.11/site-packages/airflow/example_dags/tutorial.py took 0.137 seconds
[2025-12-24T09:06:42.976+0000] {processor.py:186} INFO - Started process (PID=690) to work on /home/airflow/.local/lib/python3.11/site-packages/airflow/example_dags/tutorial.py
[2025-12-24T09:06:42.979+0000] {processor.py:914} INFO - Processing file /home/airflow/.local/lib/python3.11/site-packages/airflow/example_dags/tutorial.py for tasks to queue
[2025-12-24T09:06:43.000+0000] {logging_mixin.py:190} INFO - [2025-12-24T09:06:42.999+0000] {dagbag.py:588} INFO - Filling up the DagBag from /home/airflow/.local/lib/python3.11/site-packages/airflow/example_dags/tutorial.py
[2025-12-24T09:06:43.024+0000] {processor.py:925} INFO - DAG(s) 'tutorial' retrieved from /home/airflow/.local/lib/python3.11/site-packages/airflow/example_dags/tutorial.py
[2025-12-24T09:06:43.079+0000] {logging_mixin.py:190} INFO - [2025-12-24T09:06:43.078+0000] {dag.py:3239} INFO - Sync 1 DAGs
[2025-12-24T09:06:43.140+0000] {logging_mixin.py:190} INFO - [2025-12-24T09:06:43.139+0000] {dag.py:4180} INFO - Setting next_dagrun for tutorial to 2025-12-23 00:00:00+00:00, run_after=2025-12-24 00:00:00+00:00
[2025-12-24T09:06:43.186+0000] {processor.py:208} INFO - Processing /home/airflow/.local/lib/python3.11/site-packages/airflow/example_dags/tutorial.py took 0.223 seconds
[2025-12-24T09:07:12.595+0000] {processor.py:186} INFO - Started process (PID=756) to work on /home/airflow/.local/lib/python3.11/site-packages/airflow/example_dags/tutorial.py
[2025-12-24T09:07:12.598+0000] {processor.py:914} INFO - Processing file /home/airflow/.local/lib/python3.11/site-packages/airflow/example_dags/tutorial.py for tasks to queue
[2025-12-24T09:07:12.604+0000] {logging_mixin.py:190} INFO - [2025-12-24T09:07:12.603+0000] {dagbag.py:588} INFO - Filling up the DagBag from /home/airflow/.local/lib/python3.11/site-packages/airflow/example_dags/tutorial.py
[2025-12-24T09:07:12.623+0000] {processor.py:925} INFO - DAG(s) 'tutorial' retrieved from /home/airflow/.local/lib/python3.11/site-packages/airflow/example_dags/tutorial.py
[2025-12-24T09:07:12.666+0000] {logging_mixin.py:190} INFO - [2025-12-24T09:07:12.666+0000] {dag.py:3239} INFO - Sync 1 DAGs
[2025-12-24T09:07:12.705+0000] {logging_mixin.py:190} INFO - [2025-12-24T09:07:12.705+0000] {dag.py:4180} INFO - Setting next_dagrun for tutorial to 2025-12-23 00:00:00+00:00, run_after=2025-12-24 00:00:00+00:00
[2025-12-24T09:07:12.755+0000] {processor.py:208} INFO - Processing /home/airflow/.local/lib/python3.11/site-packages/airflow/example_dags/tutorial.py took 0.172 seconds
[2025-12-24T09:07:22.164+0000] {processor.py:186} INFO - Started process (PID=818) to work on /home/airflow/.local/lib/python3.11/site-packages/airflow/example_dags/tutorial.py
[2025-12-24T09:07:22.166+0000] {processor.py:914} INFO - Processing file /home/airflow/.local/lib/python3.11/site-packages/airflow/example_dags/tutorial.py for tasks to queue
[2025-12-24T09:07:22.169+0000] {logging_mixin.py:190} INFO - [2025-12-24T09:07:22.169+0000] {dagbag.py:588} INFO - Filling up the DagBag from /home/airflow/.local/lib/python3.11/site-packages/airflow/example_dags/tutorial.py
[2025-12-24T09:07:22.181+0000] {processor.py:925} INFO - DAG(s) 'tutorial' retrieved from /home/airflow/.local/lib/python3.11/site-packages/airflow/example_dags/tutorial.py
[2025-12-24T09:07:22.220+0000] {logging_mixin.py:190} INFO - [2025-12-24T09:07:22.220+0000] {dag.py:3239} INFO - Sync 1 DAGs
[2025-12-24T09:07:22.249+0000] {logging_mixin.py:190} INFO - [2025-12-24T09:07:22.248+0000] {dag.py:4180} INFO - Setting next_dagrun for tutorial to 2025-12-23 00:00:00+00:00, run_after=2025-12-24 00:00:00+00:00
[2025-12-24T09:07:22.451+0000] {processor.py:208} INFO - Processing /home/airflow/.local/lib/python3.11/site-packages/airflow/example_dags/tutorial.py took 0.296 seconds
[2025-12-24T09:07:32.591+0000] {processor.py:186} INFO - Started process (PID=875) to work on /home/airflow/.local/lib/python3.11/site-packages/airflow/example_dags/tutorial.py
[2025-12-24T09:07:32.593+0000] {processor.py:914} INFO - Processing file /home/airflow/.local/lib/python3.11/site-packages/airflow/example_dags/tutorial.py for tasks to queue
[2025-12-24T09:07:32.597+0000] {logging_mixin.py:190} INFO - [2025-12-24T09:07:32.597+0000] {dagbag.py:588} INFO - Filling up the DagBag from /home/airflow/.local/lib/python3.11/site-packages/airflow/example_dags/tutorial.py
[2025-12-24T09:07:32.615+0000] {processor.py:925} INFO - DAG(s) 'tutorial' retrieved from /home/airflow/.local/lib/python3.11/site-packages/airflow/example_dags/tutorial.py
[2025-12-24T09:07:32.649+0000] {logging_mixin.py:190} INFO - [2025-12-24T09:07:32.649+0000] {dag.py:3239} INFO - Sync 1 DAGs
[2025-12-24T09:07:32.681+0000] {logging_mixin.py:190} INFO - [2025-12-24T09:07:32.681+0000] {dag.py:4180} INFO - Setting next_dagrun for tutorial to 2025-12-23 00:00:00+00:00, run_after=2025-12-24 00:00:00+00:00
[2025-12-24T09:07:32.719+0000] {processor.py:208} INFO - Processing /home/airflow/.local/lib/python3.11/site-packages/airflow/example_dags/tutorial.py took 0.138 seconds
[2025-12-24T09:07:42.322+0000] {processor.py:186} INFO - Started process (PID=931) to work on /home/airflow/.local/lib/python3.11/site-packages/airflow/example_dags/tutorial.py
[2025-12-24T09:07:42.323+0000] {processor.py:914} INFO - Processing file /home/airflow/.local/lib/python3.11/site-packages/airflow/example_dags/tutorial.py for tasks to queue
[2025-12-24T09:07:42.327+0000] {logging_mixin.py:190} INFO - [2025-12-24T09:07:42.327+0000] {dagbag.py:588} INFO - Filling up the DagBag from /home/airflow/.local/lib/python3.11/site-packages/airflow/example_dags/tutorial.py
[2025-12-24T09:07:42.341+0000] {processor.py:925} INFO - DAG(s) 'tutorial' retrieved from /home/airflow/.local/lib/python3.11/site-packages/airflow/example_dags/tutorial.py
[2025-12-24T09:07:42.375+0000] {logging_mixin.py:190} INFO - [2025-12-24T09:07:42.375+0000] {dag.py:3239} INFO - Sync 1 DAGs
[2025-12-24T09:07:42.403+0000] {logging_mixin.py:190} INFO - [2025-12-24T09:07:42.403+0000] {dag.py:4180} INFO - Setting next_dagrun for tutorial to 2025-12-23 00:00:00+00:00, run_after=2025-12-24 00:00:00+00:00
[2025-12-24T09:07:42.429+0000] {processor.py:208} INFO - Processing /home/airflow/.local/lib/python3.11/site-packages/airflow/example_dags/tutorial.py took 0.117 seconds
[2025-12-24T09:08:39.820+0000] {processor.py:186} INFO - Started process (PID=992) to work on /home/airflow/.local/lib/python3.11/site-packages/airflow/example_dags/tutorial.py
[2025-12-24T09:08:39.823+0000] {processor.py:914} INFO - Processing file /home/airflow/.local/lib/python3.11/site-packages/airflow/example_dags/tutorial.py for tasks to queue
[2025-12-24T09:08:39.828+0000] {logging_mixin.py:190} INFO - [2025-12-24T09:08:39.827+0000] {dagbag.py:588} INFO - Filling up the DagBag from /home/airflow/.local/lib/python3.11/site-packages/airflow/example_dags/tutorial.py
[2025-12-24T09:08:39.844+0000] {processor.py:925} INFO - DAG(s) 'tutorial' retrieved from /home/airflow/.local/lib/python3.11/site-packages/airflow/example_dags/tutorial.py
[2025-12-24T09:08:39.884+0000] {logging_mixin.py:190} INFO - [2025-12-24T09:08:39.883+0000] {dag.py:3239} INFO - Sync 1 DAGs
[2025-12-24T09:08:39.923+0000] {logging_mixin.py:190} INFO - [2025-12-24T09:08:39.923+0000] {dag.py:4180} INFO - Setting next_dagrun for tutorial to 2025-12-23 00:00:00+00:00, run_after=2025-12-24 00:00:00+00:00
[2025-12-24T09:08:39.957+0000] {processor.py:208} INFO - Processing /home/airflow/.local/lib/python3.11/site-packages/airflow/example_dags/tutorial.py took 0.148 seconds
[2025-12-24T09:09:19.694+0000] {processor.py:186} INFO - Started process (PID=1059) to work on /home/airflow/.local/lib/python3.11/site-packages/airflow/example_dags/tutorial.py
[2025-12-24T09:09:19.695+0000] {processor.py:914} INFO - Processing file /home/airflow/.local/lib/python3.11/site-packages/airflow/example_dags/tutorial.py for tasks to queue
[2025-12-24T09:09:19.699+0000] {logging_mixin.py:190} INFO - [2025-12-24T09:09:19.699+0000] {dagbag.py:588} INFO - Filling up the DagBag from /home/airflow/.local/lib/python3.11/site-packages/airflow/example_dags/tutorial.py
[2025-12-24T09:09:19.712+0000] {processor.py:925} INFO - DAG(s) 'tutorial' retrieved from /home/airflow/.local/lib/python3.11/site-packages/airflow/example_dags/tutorial.py
[2025-12-24T09:09:19.742+0000] {logging_mixin.py:190} INFO - [2025-12-24T09:09:19.742+0000] {dag.py:3239} INFO - Sync 1 DAGs
[2025-12-24T09:09:19.771+0000] {logging_mixin.py:190} INFO - [2025-12-24T09:09:19.771+0000] {dag.py:4180} INFO - Setting next_dagrun for tutorial to 2025-12-23 00:00:00+00:00, run_after=2025-12-24 00:00:00+00:00
[2025-12-24T09:09:19.807+0000] {processor.py:208} INFO - Processing /home/airflow/.local/lib/python3.11/site-packages/airflow/example_dags/tutorial.py took 0.124 seconds
[2025-12-24T09:09:17.492+0000] {processor.py:186} INFO - Started process (PID=1139) to work on /home/airflow/.local/lib/python3.11/site-packages/airflow/example_dags/tutorial.py
[2025-12-24T09:09:17.516+0000] {processor.py:914} INFO - Processing file /home/airflow/.local/lib/python3.11/site-packages/airflow/example_dags/tutorial.py for tasks to queue
[2025-12-24T09:09:17.528+0000] {logging_mixin.py:190} INFO - [2025-12-24T09:09:17.527+0000] {dagbag.py:588} INFO - Filling up the DagBag from /home/airflow/.local/lib/python3.11/site-packages/airflow/example_dags/tutorial.py
[2025-12-24T09:09:17.554+0000] {processor.py:925} INFO - DAG(s) 'tutorial' retrieved from /home/airflow/.local/lib/python3.11/site-packages/airflow/example_dags/tutorial.py
[2025-12-24T09:09:17.619+0000] {logging_mixin.py:190} INFO - [2025-12-24T09:09:17.619+0000] {dag.py:3239} INFO - Sync 1 DAGs
[2025-12-24T09:09:17.673+0000] {logging_mixin.py:190} INFO - [2025-12-24T09:09:17.673+0000] {dag.py:4180} INFO - Setting next_dagrun for tutorial to 2025-12-23 00:00:00+00:00, run_after=2025-12-24 00:00:00+00:00
[2025-12-24T09:09:17.717+0000] {processor.py:208} INFO - Processing /home/airflow/.local/lib/python3.11/site-packages/airflow/example_dags/tutorial.py took 0.250 seconds
[2025-12-24T09:10:24.911+0000] {processor.py:186} INFO - Started process (PID=1199) to work on /home/airflow/.local/lib/python3.11/site-packages/airflow/example_dags/tutorial.py
[2025-12-24T09:10:24.913+0000] {processor.py:914} INFO - Processing file /home/airflow/.local/lib/python3.11/site-packages/airflow/example_dags/tutorial.py for tasks to queue
[2025-12-24T09:10:24.916+0000] {logging_mixin.py:190} INFO - [2025-12-24T09:10:24.916+0000] {dagbag.py:588} INFO - Filling up the DagBag from /home/airflow/.local/lib/python3.11/site-packages/airflow/example_dags/tutorial.py
[2025-12-24T09:10:24.929+0000] {processor.py:925} INFO - DAG(s) 'tutorial' retrieved from /home/airflow/.local/lib/python3.11/site-packages/airflow/example_dags/tutorial.py
[2025-12-24T09:10:24.967+0000] {logging_mixin.py:190} INFO - [2025-12-24T09:10:24.967+0000] {dag.py:3239} INFO - Sync 1 DAGs
[2025-12-24T09:10:25.008+0000] {logging_mixin.py:190} INFO - [2025-12-24T09:10:25.008+0000] {dag.py:4180} INFO - Setting next_dagrun for tutorial to 2025-12-23 00:00:00+00:00, run_after=2025-12-24 00:00:00+00:00
[2025-12-24T09:10:25.035+0000] {processor.py:208} INFO - Processing /home/airflow/.local/lib/python3.11/site-packages/airflow/example_dags/tutorial.py took 0.137 seconds
[2025-12-24T09:10:17.807+0000] {processor.py:186} INFO - Started process (PID=1271) to work on /home/airflow/.local/lib/python3.11/site-packages/airflow/example_dags/tutorial.py
[2025-12-24T09:10:17.809+0000] {processor.py:914} INFO - Processing file /home/airflow/.local/lib/python3.11/site-packages/airflow/example_dags/tutorial.py for tasks to queue
[2025-12-24T09:10:17.813+0000] {logging_mixin.py:190} INFO - [2025-12-24T09:10:17.812+0000] {dagbag.py:588} INFO - Filling up the DagBag from /home/airflow/.local/lib/python3.11/site-packages/airflow/example_dags/tutorial.py
[2025-12-24T09:10:17.831+0000] {processor.py:925} INFO - DAG(s) 'tutorial' retrieved from /home/airflow/.local/lib/python3.11/site-packages/airflow/example_dags/tutorial.py
[2025-12-24T09:10:17.875+0000] {logging_mixin.py:190} INFO - [2025-12-24T09:10:17.875+0000] {dag.py:3239} INFO - Sync 1 DAGs
[2025-12-24T09:10:17.911+0000] {logging_mixin.py:190} INFO - [2025-12-24T09:10:17.910+0000] {dag.py:4180} INFO - Setting next_dagrun for tutorial to 2025-12-23 00:00:00+00:00, run_after=2025-12-24 00:00:00+00:00
[2025-12-24T09:10:17.954+0000] {processor.py:208} INFO - Processing /home/airflow/.local/lib/python3.11/site-packages/airflow/example_dags/tutorial.py took 0.161 seconds
[2025-12-24T09:10:47.921+0000] {processor.py:186} INFO - Started process (PID=1320) to work on /home/airflow/.local/lib/python3.11/site-packages/airflow/example_dags/tutorial.py
[2025-12-24T09:10:47.923+0000] {processor.py:914} INFO - Processing file /home/airflow/.local/lib/python3.11/site-packages/airflow/example_dags/tutorial.py for tasks to queue
[2025-12-24T09:10:47.926+0000] {logging_mixin.py:190} INFO - [2025-12-24T09:10:47.926+0000] {dagbag.py:588} INFO - Filling up the DagBag from /home/airflow/.local/lib/python3.11/site-packages/airflow/example_dags/tutorial.py
[2025-12-24T09:10:47.938+0000] {processor.py:925} INFO - DAG(s) 'tutorial' retrieved from /home/airflow/.local/lib/python3.11/site-packages/airflow/example_dags/tutorial.py
[2025-12-24T09:10:47.972+0000] {logging_mixin.py:190} INFO - [2025-12-24T09:10:47.971+0000] {dag.py:3239} INFO - Sync 1 DAGs
[2025-12-24T09:10:48.003+0000] {logging_mixin.py:190} INFO - [2025-12-24T09:10:48.002+0000] {dag.py:4180} INFO - Setting next_dagrun for tutorial to 2025-12-23 00:00:00+00:00, run_after=2025-12-24 00:00:00+00:00
[2025-12-24T09:10:48.116+0000] {processor.py:208} INFO - Processing /home/airflow/.local/lib/python3.11/site-packages/airflow/example_dags/tutorial.py took 0.203 seconds
[2025-12-24T09:10:57.428+0000] {processor.py:186} INFO - Started process (PID=1377) to work on /home/airflow/.local/lib/python3.11/site-packages/airflow/example_dags/tutorial.py
[2025-12-24T09:10:57.430+0000] {processor.py:914} INFO - Processing file /home/airflow/.local/lib/python3.11/site-packages/airflow/example_dags/tutorial.py for tasks to queue
[2025-12-24T09:10:57.434+0000] {logging_mixin.py:190} INFO - [2025-12-24T09:10:57.433+0000] {dagbag.py:588} INFO - Filling up the DagBag from /home/airflow/.local/lib/python3.11/site-packages/airflow/example_dags/tutorial.py
[2025-12-24T09:10:57.450+0000] {processor.py:925} INFO - DAG(s) 'tutorial' retrieved from /home/airflow/.local/lib/python3.11/site-packages/airflow/example_dags/tutorial.py
[2025-12-24T09:10:57.491+0000] {logging_mixin.py:190} INFO - [2025-12-24T09:10:57.491+0000] {dag.py:3239} INFO - Sync 1 DAGs
[2025-12-24T09:10:57.522+0000] {logging_mixin.py:190} INFO - [2025-12-24T09:10:57.521+0000] {dag.py:4180} INFO - Setting next_dagrun for tutorial to 2025-12-23 00:00:00+00:00, run_after=2025-12-24 00:00:00+00:00
[2025-12-24T09:10:57.547+0000] {processor.py:208} INFO - Processing /home/airflow/.local/lib/python3.11/site-packages/airflow/example_dags/tutorial.py took 0.128 seconds
[2025-12-24T09:11:28.410+0000] {processor.py:186} INFO - Started process (PID=1440) to work on /home/airflow/.local/lib/python3.11/site-packages/airflow/example_dags/tutorial.py
[2025-12-24T09:11:28.412+0000] {processor.py:914} INFO - Processing file /home/airflow/.local/lib/python3.11/site-packages/airflow/example_dags/tutorial.py for tasks to queue
[2025-12-24T09:11:28.416+0000] {logging_mixin.py:190} INFO - [2025-12-24T09:11:28.416+0000] {dagbag.py:588} INFO - Filling up the DagBag from /home/airflow/.local/lib/python3.11/site-packages/airflow/example_dags/tutorial.py
[2025-12-24T09:11:28.428+0000] {processor.py:925} INFO - DAG(s) 'tutorial' retrieved from /home/airflow/.local/lib/python3.11/site-packages/airflow/example_dags/tutorial.py
[2025-12-24T09:11:28.456+0000] {logging_mixin.py:190} INFO - [2025-12-24T09:11:28.456+0000] {dag.py:3239} INFO - Sync 1 DAGs
[2025-12-24T09:11:28.481+0000] {logging_mixin.py:190} INFO - [2025-12-24T09:11:28.481+0000] {dag.py:4180} INFO - Setting next_dagrun for tutorial to 2025-12-23 00:00:00+00:00, run_after=2025-12-24 00:00:00+00:00
[2025-12-24T09:11:28.505+0000] {processor.py:208} INFO - Processing /home/airflow/.local/lib/python3.11/site-packages/airflow/example_dags/tutorial.py took 0.104 seconds
[2025-12-24T09:12:30.629+0000] {processor.py:186} INFO - Started process (PID=1503) to work on /home/airflow/.local/lib/python3.11/site-packages/airflow/example_dags/tutorial.py
[2025-12-24T09:12:30.630+0000] {processor.py:914} INFO - Processing file /home/airflow/.local/lib/python3.11/site-packages/airflow/example_dags/tutorial.py for tasks to queue
[2025-12-24T09:12:30.634+0000] {logging_mixin.py:190} INFO - [2025-12-24T09:12:30.634+0000] {dagbag.py:588} INFO - Filling up the DagBag from /home/airflow/.local/lib/python3.11/site-packages/airflow/example_dags/tutorial.py
[2025-12-24T09:12:30.648+0000] {processor.py:925} INFO - DAG(s) 'tutorial' retrieved from /home/airflow/.local/lib/python3.11/site-packages/airflow/example_dags/tutorial.py
[2025-12-24T09:12:30.680+0000] {logging_mixin.py:190} INFO - [2025-12-24T09:12:30.680+0000] {dag.py:3239} INFO - Sync 1 DAGs
[2025-12-24T09:12:30.715+0000] {logging_mixin.py:190} INFO - [2025-12-24T09:12:30.714+0000] {dag.py:4180} INFO - Setting next_dagrun for tutorial to 2025-12-23 00:00:00+00:00, run_after=2025-12-24 00:00:00+00:00
[2025-12-24T09:12:30.760+0000] {processor.py:208} INFO - Processing /home/airflow/.local/lib/python3.11/site-packages/airflow/example_dags/tutorial.py took 0.142 seconds
[2025-12-24T09:12:42.664+0000] {processor.py:186} INFO - Started process (PID=1567) to work on /home/airflow/.local/lib/python3.11/site-packages/airflow/example_dags/tutorial.py
[2025-12-24T09:12:42.665+0000] {processor.py:914} INFO - Processing file /home/airflow/.local/lib/python3.11/site-packages/airflow/example_dags/tutorial.py for tasks to queue
[2025-12-24T09:12:42.669+0000] {logging_mixin.py:190} INFO - [2025-12-24T09:12:42.668+0000] {dagbag.py:588} INFO - Filling up the DagBag from /home/airflow/.local/lib/python3.11/site-packages/airflow/example_dags/tutorial.py
[2025-12-24T09:12:42.680+0000] {processor.py:925} INFO - DAG(s) 'tutorial' retrieved from /home/airflow/.local/lib/python3.11/site-packages/airflow/example_dags/tutorial.py
[2025-12-24T09:12:42.708+0000] {logging_mixin.py:190} INFO - [2025-12-24T09:12:42.708+0000] {dag.py:3239} INFO - Sync 1 DAGs
[2025-12-24T09:12:42.736+0000] {logging_mixin.py:190} INFO - [2025-12-24T09:12:42.736+0000] {dag.py:4180} INFO - Setting next_dagrun for tutorial to 2025-12-23 00:00:00+00:00, run_after=2025-12-24 00:00:00+00:00
[2025-12-24T09:12:42.765+0000] {processor.py:208} INFO - Processing /home/airflow/.local/lib/python3.11/site-packages/airflow/example_dags/tutorial.py took 0.111 seconds
[2025-12-24T09:13:31.471+0000] {processor.py:186} INFO - Started process (PID=1634) to work on /home/airflow/.local/lib/python3.11/site-packages/airflow/example_dags/tutorial.py
[2025-12-24T09:13:31.472+0000] {processor.py:914} INFO - Processing file /home/airflow/.local/lib/python3.11/site-packages/airflow/example_dags/tutorial.py for tasks to queue
[2025-12-24T09:13:31.477+0000] {logging_mixin.py:190} INFO - [2025-12-24T09:13:31.476+0000] {dagbag.py:588} INFO - Filling up the DagBag from /home/airflow/.local/lib/python3.11/site-packages/airflow/example_dags/tutorial.py
[2025-12-24T09:13:31.489+0000] {processor.py:925} INFO - DAG(s) 'tutorial' retrieved from /home/airflow/.local/lib/python3.11/site-packages/airflow/example_dags/tutorial.py
[2025-12-24T09:13:31.520+0000] {logging_mixin.py:190} INFO - [2025-12-24T09:13:31.519+0000] {dag.py:3239} INFO - Sync 1 DAGs
[2025-12-24T09:13:31.546+0000] {logging_mixin.py:190} INFO - [2025-12-24T09:13:31.546+0000] {dag.py:4180} INFO - Setting next_dagrun for tutorial to 2025-12-23 00:00:00+00:00, run_after=2025-12-24 00:00:00+00:00
[2025-12-24T09:13:31.576+0000] {processor.py:208} INFO - Processing /home/airflow/.local/lib/python3.11/site-packages/airflow/example_dags/tutorial.py took 0.115 seconds
[2025-12-24T09:14:25.086+0000] {processor.py:186} INFO - Started process (PID=1684) to work on /home/airflow/.local/lib/python3.11/site-packages/airflow/example_dags/tutorial.py
[2025-12-24T09:14:25.089+0000] {processor.py:914} INFO - Processing file /home/airflow/.local/lib/python3.11/site-packages/airflow/example_dags/tutorial.py for tasks to queue
[2025-12-24T09:14:25.094+0000] {logging_mixin.py:190} INFO - [2025-12-24T09:14:25.093+0000] {dagbag.py:588} INFO - Filling up the DagBag from /home/airflow/.local/lib/python3.11/site-packages/airflow/example_dags/tutorial.py
[2025-12-24T09:14:25.111+0000] {processor.py:925} INFO - DAG(s) 'tutorial' retrieved from /home/airflow/.local/lib/python3.11/site-packages/airflow/example_dags/tutorial.py
[2025-12-24T09:14:25.150+0000] {logging_mixin.py:190} INFO - [2025-12-24T09:14:25.149+0000] {dag.py:3239} INFO - Sync 1 DAGs
[2025-12-24T09:14:25.189+0000] {logging_mixin.py:190} INFO - [2025-12-24T09:14:25.189+0000] {dag.py:4180} INFO - Setting next_dagrun for tutorial to 2025-12-23 00:00:00+00:00, run_after=2025-12-24 00:00:00+00:00
[2025-12-24T09:14:25.229+0000] {processor.py:208} INFO - Processing /home/airflow/.local/lib/python3.11/site-packages/airflow/example_dags/tutorial.py took 0.158 seconds
[2025-12-24T09:14:37.789+0000] {processor.py:186} INFO - Started process (PID=1756) to work on /home/airflow/.local/lib/python3.11/site-packages/airflow/example_dags/tutorial.py
[2025-12-24T09:14:37.790+0000] {processor.py:914} INFO - Processing file /home/airflow/.local/lib/python3.11/site-packages/airflow/example_dags/tutorial.py for tasks to queue
[2025-12-24T09:14:37.795+0000] {logging_mixin.py:190} INFO - [2025-12-24T09:14:37.794+0000] {dagbag.py:588} INFO - Filling up the DagBag from /home/airflow/.local/lib/python3.11/site-packages/airflow/example_dags/tutorial.py
[2025-12-24T09:14:37.811+0000] {processor.py:925} INFO - DAG(s) 'tutorial' retrieved from /home/airflow/.local/lib/python3.11/site-packages/airflow/example_dags/tutorial.py
[2025-12-24T09:14:37.856+0000] {logging_mixin.py:190} INFO - [2025-12-24T09:14:37.856+0000] {dag.py:3239} INFO - Sync 1 DAGs
[2025-12-24T09:14:37.904+0000] {logging_mixin.py:190} INFO - [2025-12-24T09:14:37.904+0000] {dag.py:4180} INFO - Setting next_dagrun for tutorial to 2025-12-23 00:00:00+00:00, run_after=2025-12-24 00:00:00+00:00
[2025-12-24T09:14:37.958+0000] {processor.py:208} INFO - Processing /home/airflow/.local/lib/python3.11/site-packages/airflow/example_dags/tutorial.py took 0.183 seconds
[2025-12-24T09:15:08.666+0000] {processor.py:186} INFO - Started process (PID=1820) to work on /home/airflow/.local/lib/python3.11/site-packages/airflow/example_dags/tutorial.py
[2025-12-24T09:15:08.668+0000] {processor.py:914} INFO - Processing file /home/airflow/.local/lib/python3.11/site-packages/airflow/example_dags/tutorial.py for tasks to queue
[2025-12-24T09:15:08.672+0000] {logging_mixin.py:190} INFO - [2025-12-24T09:15:08.671+0000] {dagbag.py:588} INFO - Filling up the DagBag from /home/airflow/.local/lib/python3.11/site-packages/airflow/example_dags/tutorial.py
[2025-12-24T09:15:08.685+0000] {processor.py:925} INFO - DAG(s) 'tutorial' retrieved from /home/airflow/.local/lib/python3.11/site-packages/airflow/example_dags/tutorial.py
[2025-12-24T09:15:08.721+0000] {logging_mixin.py:190} INFO - [2025-12-24T09:15:08.721+0000] {dag.py:3239} INFO - Sync 1 DAGs
[2025-12-24T09:15:08.757+0000] {logging_mixin.py:190} INFO - [2025-12-24T09:15:08.757+0000] {dag.py:4180} INFO - Setting next_dagrun for tutorial to 2025-12-23 00:00:00+00:00, run_after=2025-12-24 00:00:00+00:00
[2025-12-24T09:15:08.787+0000] {processor.py:208} INFO - Processing /home/airflow/.local/lib/python3.11/site-packages/airflow/example_dags/tutorial.py took 0.132 seconds
[2025-12-24T09:15:39.593+0000] {processor.py:186} INFO - Started process (PID=1883) to work on /home/airflow/.local/lib/python3.11/site-packages/airflow/example_dags/tutorial.py
[2025-12-24T09:15:39.595+0000] {processor.py:914} INFO - Processing file /home/airflow/.local/lib/python3.11/site-packages/airflow/example_dags/tutorial.py for tasks to queue
[2025-12-24T09:15:39.601+0000] {logging_mixin.py:190} INFO - [2025-12-24T09:15:39.600+0000] {dagbag.py:588} INFO - Filling up the DagBag from /home/airflow/.local/lib/python3.11/site-packages/airflow/example_dags/tutorial.py
[2025-12-24T09:15:39.620+0000] {processor.py:925} INFO - DAG(s) 'tutorial' retrieved from /home/airflow/.local/lib/python3.11/site-packages/airflow/example_dags/tutorial.py
[2025-12-24T09:15:39.664+0000] {logging_mixin.py:190} INFO - [2025-12-24T09:15:39.663+0000] {dag.py:3239} INFO - Sync 1 DAGs
[2025-12-24T09:15:39.709+0000] {logging_mixin.py:190} INFO - [2025-12-24T09:15:39.708+0000] {dag.py:4180} INFO - Setting next_dagrun for tutorial to 2025-12-23 00:00:00+00:00, run_after=2025-12-24 00:00:00+00:00
[2025-12-24T09:15:39.748+0000] {processor.py:208} INFO - Processing /home/airflow/.local/lib/python3.11/site-packages/airflow/example_dags/tutorial.py took 0.169 seconds
[2025-12-24T09:16:40.565+0000] {processor.py:186} INFO - Started process (PID=1949) to work on /home/airflow/.local/lib/python3.11/site-packages/airflow/example_dags/tutorial.py
[2025-12-24T09:16:40.566+0000] {processor.py:914} INFO - Processing file /home/airflow/.local/lib/python3.11/site-packages/airflow/example_dags/tutorial.py for tasks to queue
[2025-12-24T09:16:40.570+0000] {logging_mixin.py:190} INFO - [2025-12-24T09:16:40.569+0000] {dagbag.py:588} INFO - Filling up the DagBag from /home/airflow/.local/lib/python3.11/site-packages/airflow/example_dags/tutorial.py
[2025-12-24T09:16:40.583+0000] {processor.py:925} INFO - DAG(s) 'tutorial' retrieved from /home/airflow/.local/lib/python3.11/site-packages/airflow/example_dags/tutorial.py
[2025-12-24T09:16:40.616+0000] {logging_mixin.py:190} INFO - [2025-12-24T09:16:40.615+0000] {dag.py:3239} INFO - Sync 1 DAGs
[2025-12-24T09:16:40.642+0000] {logging_mixin.py:190} INFO - [2025-12-24T09:16:40.642+0000] {dag.py:4180} INFO - Setting next_dagrun for tutorial to 2025-12-23 00:00:00+00:00, run_after=2025-12-24 00:00:00+00:00
[2025-12-24T09:16:40.670+0000] {processor.py:208} INFO - Processing /home/airflow/.local/lib/python3.11/site-packages/airflow/example_dags/tutorial.py took 0.115 seconds
[2025-12-24T09:24:13.476+0000] {processor.py:186} INFO - Started process (PID=95) to work on /home/airflow/.local/lib/python3.11/site-packages/airflow/example_dags/tutorial.py
[2025-12-24T09:24:13.479+0000] {processor.py:914} INFO - Processing file /home/airflow/.local/lib/python3.11/site-packages/airflow/example_dags/tutorial.py for tasks to queue
[2025-12-24T09:24:13.488+0000] {logging_mixin.py:190} INFO - [2025-12-24T09:24:13.487+0000] {dagbag.py:588} INFO - Filling up the DagBag from /home/airflow/.local/lib/python3.11/site-packages/airflow/example_dags/tutorial.py
[2025-12-24T09:24:13.515+0000] {processor.py:925} INFO - DAG(s) 'tutorial' retrieved from /home/airflow/.local/lib/python3.11/site-packages/airflow/example_dags/tutorial.py
[2025-12-24T09:24:13.752+0000] {logging_mixin.py:190} INFO - [2025-12-24T09:24:13.751+0000] {override.py:1911} INFO - Created Permission View: can delete on DAG:tutorial
[2025-12-24T09:24:13.772+0000] {logging_mixin.py:190} INFO - [2025-12-24T09:24:13.771+0000] {override.py:1911} INFO - Created Permission View: can read on DAG:tutorial
[2025-12-24T09:24:13.787+0000] {logging_mixin.py:190} INFO - [2025-12-24T09:24:13.786+0000] {override.py:1911} INFO - Created Permission View: can edit on DAG:tutorial
[2025-12-24T09:24:13.806+0000] {logging_mixin.py:190} INFO - [2025-12-24T09:24:13.805+0000] {override.py:1911} INFO - Created Permission View: menu access on DAG Run:tutorial
[2025-12-24T09:24:13.819+0000] {logging_mixin.py:190} INFO - [2025-12-24T09:24:13.819+0000] {override.py:1911} INFO - Created Permission View: can create on DAG Run:tutorial
[2025-12-24T09:24:13.832+0000] {logging_mixin.py:190} INFO - [2025-12-24T09:24:13.831+0000] {override.py:1911} INFO - Created Permission View: can delete on DAG Run:tutorial
[2025-12-24T09:24:13.843+0000] {logging_mixin.py:190} INFO - [2025-12-24T09:24:13.843+0000] {override.py:1911} INFO - Created Permission View: can read on DAG Run:tutorial
[2025-12-24T09:24:13.844+0000] {logging_mixin.py:190} INFO - [2025-12-24T09:24:13.844+0000] {dag.py:3239} INFO - Sync 1 DAGs
[2025-12-24T09:24:13.861+0000] {logging_mixin.py:190} INFO - [2025-12-24T09:24:13.860+0000] {dag.py:3262} INFO - Creating ORM DAG for tutorial
[2025-12-24T09:24:13.891+0000] {logging_mixin.py:190} INFO - [2025-12-24T09:24:13.891+0000] {dag.py:4180} INFO - Setting next_dagrun for tutorial to 2025-12-23 00:00:00+00:00, run_after=2025-12-24 00:00:00+00:00
[2025-12-24T09:24:13.917+0000] {processor.py:208} INFO - Processing /home/airflow/.local/lib/python3.11/site-packages/airflow/example_dags/tutorial.py took 0.456 seconds
[2025-12-24T09:24:04.351+0000] {processor.py:186} INFO - Started process (PID=187) to work on /home/airflow/.local/lib/python3.11/site-packages/airflow/example_dags/tutorial.py
[2025-12-24T09:24:04.353+0000] {processor.py:914} INFO - Processing file /home/airflow/.local/lib/python3.11/site-packages/airflow/example_dags/tutorial.py for tasks to queue
[2025-12-24T09:24:04.358+0000] {logging_mixin.py:190} INFO - [2025-12-24T09:24:04.357+0000] {dagbag.py:588} INFO - Filling up the DagBag from /home/airflow/.local/lib/python3.11/site-packages/airflow/example_dags/tutorial.py
[2025-12-24T09:24:04.373+0000] {processor.py:925} INFO - DAG(s) 'tutorial' retrieved from /home/airflow/.local/lib/python3.11/site-packages/airflow/example_dags/tutorial.py
[2025-12-24T09:24:04.403+0000] {logging_mixin.py:190} INFO - [2025-12-24T09:24:04.403+0000] {dag.py:3239} INFO - Sync 1 DAGs
[2025-12-24T09:24:04.445+0000] {logging_mixin.py:190} INFO - [2025-12-24T09:24:04.445+0000] {dag.py:4180} INFO - Setting next_dagrun for tutorial to 2025-12-23 00:00:00+00:00, run_after=2025-12-24 00:00:00+00:00
[2025-12-24T09:24:04.476+0000] {processor.py:208} INFO - Processing /home/airflow/.local/lib/python3.11/site-packages/airflow/example_dags/tutorial.py took 0.136 seconds
[2025-12-24T09:24:13.503+0000] {processor.py:186} INFO - Started process (PID=227) to work on /home/airflow/.local/lib/python3.11/site-packages/airflow/example_dags/tutorial.py
[2025-12-24T09:24:13.505+0000] {processor.py:914} INFO - Processing file /home/airflow/.local/lib/python3.11/site-packages/airflow/example_dags/tutorial.py for tasks to queue
[2025-12-24T09:24:13.511+0000] {logging_mixin.py:190} INFO - [2025-12-24T09:24:13.511+0000] {dagbag.py:588} INFO - Filling up the DagBag from /home/airflow/.local/lib/python3.11/site-packages/airflow/example_dags/tutorial.py
[2025-12-24T09:24:13.529+0000] {processor.py:925} INFO - DAG(s) 'tutorial' retrieved from /home/airflow/.local/lib/python3.11/site-packages/airflow/example_dags/tutorial.py
[2025-12-24T09:24:13.557+0000] {logging_mixin.py:190} INFO - [2025-12-24T09:24:13.556+0000] {dag.py:3239} INFO - Sync 1 DAGs
[2025-12-24T09:24:13.603+0000] {logging_mixin.py:190} INFO - [2025-12-24T09:24:13.602+0000] {dag.py:4180} INFO - Setting next_dagrun for tutorial to 2025-12-23 00:00:00+00:00, run_after=2025-12-24 00:00:00+00:00
[2025-12-24T09:24:13.666+0000] {processor.py:208} INFO - Processing /home/airflow/.local/lib/python3.11/site-packages/airflow/example_dags/tutorial.py took 0.177 seconds
[2025-12-24T09:25:25.105+0000] {processor.py:186} INFO - Started process (PID=286) to work on /home/airflow/.local/lib/python3.11/site-packages/airflow/example_dags/tutorial.py
[2025-12-24T09:25:25.108+0000] {processor.py:914} INFO - Processing file /home/airflow/.local/lib/python3.11/site-packages/airflow/example_dags/tutorial.py for tasks to queue
[2025-12-24T09:25:25.113+0000] {logging_mixin.py:190} INFO - [2025-12-24T09:25:25.113+0000] {dagbag.py:588} INFO - Filling up the DagBag from /home/airflow/.local/lib/python3.11/site-packages/airflow/example_dags/tutorial.py
[2025-12-24T09:25:25.131+0000] {processor.py:925} INFO - DAG(s) 'tutorial' retrieved from /home/airflow/.local/lib/python3.11/site-packages/airflow/example_dags/tutorial.py
[2025-12-24T09:24:42.852+0000] {logging_mixin.py:190} INFO - [2025-12-24T09:24:42.851+0000] {dag.py:3239} INFO - Sync 1 DAGs
[2025-12-24T09:24:42.900+0000] {logging_mixin.py:190} INFO - [2025-12-24T09:24:42.900+0000] {dag.py:4180} INFO - Setting next_dagrun for tutorial to 2025-12-23 00:00:00+00:00, run_after=2025-12-24 00:00:00+00:00
[2025-12-24T09:24:42.957+0000] {processor.py:208} INFO - Processing /home/airflow/.local/lib/python3.11/site-packages/airflow/example_dags/tutorial.py took 0.192 seconds
[2025-12-24T09:24:53.994+0000] {processor.py:186} INFO - Started process (PID=342) to work on /home/airflow/.local/lib/python3.11/site-packages/airflow/example_dags/tutorial.py
[2025-12-24T09:24:53.997+0000] {processor.py:914} INFO - Processing file /home/airflow/.local/lib/python3.11/site-packages/airflow/example_dags/tutorial.py for tasks to queue
[2025-12-24T09:24:54.002+0000] {logging_mixin.py:190} INFO - [2025-12-24T09:24:54.001+0000] {dagbag.py:588} INFO - Filling up the DagBag from /home/airflow/.local/lib/python3.11/site-packages/airflow/example_dags/tutorial.py
[2025-12-24T09:24:54.019+0000] {processor.py:925} INFO - DAG(s) 'tutorial' retrieved from /home/airflow/.local/lib/python3.11/site-packages/airflow/example_dags/tutorial.py
[2025-12-24T09:24:54.074+0000] {logging_mixin.py:190} INFO - [2025-12-24T09:24:54.073+0000] {dag.py:3239} INFO - Sync 1 DAGs
[2025-12-24T09:24:54.115+0000] {logging_mixin.py:190} INFO - [2025-12-24T09:24:54.115+0000] {dag.py:4180} INFO - Setting next_dagrun for tutorial to 2025-12-23 00:00:00+00:00, run_after=2025-12-24 00:00:00+00:00
[2025-12-24T09:24:54.148+0000] {processor.py:208} INFO - Processing /home/airflow/.local/lib/python3.11/site-packages/airflow/example_dags/tutorial.py took 0.167 seconds
[2025-12-24T09:25:12.597+0000] {processor.py:186} INFO - Started process (PID=404) to work on /home/airflow/.local/lib/python3.11/site-packages/airflow/example_dags/tutorial.py
[2025-12-24T09:25:12.599+0000] {processor.py:914} INFO - Processing file /home/airflow/.local/lib/python3.11/site-packages/airflow/example_dags/tutorial.py for tasks to queue
[2025-12-24T09:25:12.603+0000] {logging_mixin.py:190} INFO - [2025-12-24T09:25:12.602+0000] {dagbag.py:588} INFO - Filling up the DagBag from /home/airflow/.local/lib/python3.11/site-packages/airflow/example_dags/tutorial.py
[2025-12-24T09:25:12.615+0000] {processor.py:925} INFO - DAG(s) 'tutorial' retrieved from /home/airflow/.local/lib/python3.11/site-packages/airflow/example_dags/tutorial.py
[2025-12-24T09:25:12.649+0000] {logging_mixin.py:190} INFO - [2025-12-24T09:25:12.649+0000] {dag.py:3239} INFO - Sync 1 DAGs
[2025-12-24T09:25:55.012+0000] {logging_mixin.py:190} INFO - [2025-12-24T09:25:55.012+0000] {dag.py:4180} INFO - Setting next_dagrun for tutorial to 2025-12-23 00:00:00+00:00, run_after=2025-12-24 00:00:00+00:00
[2025-12-24T09:25:55.045+0000] {processor.py:208} INFO - Processing /home/airflow/.local/lib/python3.11/site-packages/airflow/example_dags/tutorial.py took 0.138 seconds
[2025-12-24T09:25:55.068+0000] {processor.py:186} INFO - Started process (PID=549) to work on /home/airflow/.local/lib/python3.11/site-packages/airflow/example_dags/tutorial.py
[2025-12-24T09:25:55.069+0000] {processor.py:914} INFO - Processing file /home/airflow/.local/lib/python3.11/site-packages/airflow/example_dags/tutorial.py for tasks to queue
[2025-12-24T09:25:55.074+0000] {logging_mixin.py:190} INFO - [2025-12-24T09:25:55.073+0000] {dagbag.py:588} INFO - Filling up the DagBag from /home/airflow/.local/lib/python3.11/site-packages/airflow/example_dags/tutorial.py
[2025-12-24T09:25:55.089+0000] {processor.py:925} INFO - DAG(s) 'tutorial' retrieved from /home/airflow/.local/lib/python3.11/site-packages/airflow/example_dags/tutorial.py
[2025-12-24T09:25:55.126+0000] {logging_mixin.py:190} INFO - [2025-12-24T09:25:55.126+0000] {dag.py:3239} INFO - Sync 1 DAGs
[2025-12-24T09:25:55.157+0000] {logging_mixin.py:190} INFO - [2025-12-24T09:25:55.157+0000] {dag.py:4180} INFO - Setting next_dagrun for tutorial to 2025-12-23 00:00:00+00:00, run_after=2025-12-24 00:00:00+00:00
[2025-12-24T09:25:55.184+0000] {processor.py:208} INFO - Processing /home/airflow/.local/lib/python3.11/site-packages/airflow/example_dags/tutorial.py took 0.126 seconds
[2025-12-24T09:26:04.433+0000] {processor.py:186} INFO - Started process (PID=613) to work on /home/airflow/.local/lib/python3.11/site-packages/airflow/example_dags/tutorial.py
[2025-12-24T09:26:04.436+0000] {processor.py:914} INFO - Processing file /home/airflow/.local/lib/python3.11/site-packages/airflow/example_dags/tutorial.py for tasks to queue
[2025-12-24T09:26:04.446+0000] {logging_mixin.py:190} INFO - [2025-12-24T09:26:04.445+0000] {dagbag.py:588} INFO - Filling up the DagBag from /home/airflow/.local/lib/python3.11/site-packages/airflow/example_dags/tutorial.py
[2025-12-24T09:26:04.459+0000] {processor.py:925} INFO - DAG(s) 'tutorial' retrieved from /home/airflow/.local/lib/python3.11/site-packages/airflow/example_dags/tutorial.py
[2025-12-24T09:26:04.494+0000] {logging_mixin.py:190} INFO - [2025-12-24T09:26:04.494+0000] {dag.py:3239} INFO - Sync 1 DAGs
[2025-12-24T09:26:04.527+0000] {logging_mixin.py:190} INFO - [2025-12-24T09:26:04.526+0000] {dag.py:4180} INFO - Setting next_dagrun for tutorial to 2025-12-23 00:00:00+00:00, run_after=2025-12-24 00:00:00+00:00
[2025-12-24T09:26:04.569+0000] {processor.py:208} INFO - Processing /home/airflow/.local/lib/python3.11/site-packages/airflow/example_dags/tutorial.py took 0.151 seconds
[2025-12-24T09:26:13.271+0000] {processor.py:186} INFO - Started process (PID=669) to work on /home/airflow/.local/lib/python3.11/site-packages/airflow/example_dags/tutorial.py
[2025-12-24T09:26:13.273+0000] {processor.py:914} INFO - Processing file /home/airflow/.local/lib/python3.11/site-packages/airflow/example_dags/tutorial.py for tasks to queue
[2025-12-24T09:26:13.277+0000] {logging_mixin.py:190} INFO - [2025-12-24T09:26:13.277+0000] {dagbag.py:588} INFO - Filling up the DagBag from /home/airflow/.local/lib/python3.11/site-packages/airflow/example_dags/tutorial.py
[2025-12-24T09:26:13.293+0000] {processor.py:925} INFO - DAG(s) 'tutorial' retrieved from /home/airflow/.local/lib/python3.11/site-packages/airflow/example_dags/tutorial.py
[2025-12-24T09:26:13.325+0000] {logging_mixin.py:190} INFO - [2025-12-24T09:26:13.325+0000] {dag.py:3239} INFO - Sync 1 DAGs
[2025-12-24T09:26:13.359+0000] {logging_mixin.py:190} INFO - [2025-12-24T09:26:13.358+0000] {dag.py:4180} INFO - Setting next_dagrun for tutorial to 2025-12-23 00:00:00+00:00, run_after=2025-12-24 00:00:00+00:00
[2025-12-24T09:26:13.399+0000] {processor.py:208} INFO - Processing /home/airflow/.local/lib/python3.11/site-packages/airflow/example_dags/tutorial.py took 0.140 seconds
[2025-12-24T09:26:23.832+0000] {processor.py:186} INFO - Started process (PID=721) to work on /home/airflow/.local/lib/python3.11/site-packages/airflow/example_dags/tutorial.py
[2025-12-24T09:26:23.834+0000] {processor.py:914} INFO - Processing file /home/airflow/.local/lib/python3.11/site-packages/airflow/example_dags/tutorial.py for tasks to queue
[2025-12-24T09:26:23.838+0000] {logging_mixin.py:190} INFO - [2025-12-24T09:26:23.837+0000] {dagbag.py:588} INFO - Filling up the DagBag from /home/airflow/.local/lib/python3.11/site-packages/airflow/example_dags/tutorial.py
[2025-12-24T09:26:23.850+0000] {processor.py:925} INFO - DAG(s) 'tutorial' retrieved from /home/airflow/.local/lib/python3.11/site-packages/airflow/example_dags/tutorial.py
[2025-12-24T09:26:23.882+0000] {logging_mixin.py:190} INFO - [2025-12-24T09:26:23.882+0000] {dag.py:3239} INFO - Sync 1 DAGs
[2025-12-24T09:26:23.908+0000] {logging_mixin.py:190} INFO - [2025-12-24T09:26:23.908+0000] {dag.py:4180} INFO - Setting next_dagrun for tutorial to 2025-12-23 00:00:00+00:00, run_after=2025-12-24 00:00:00+00:00
[2025-12-24T09:26:23.942+0000] {processor.py:208} INFO - Processing /home/airflow/.local/lib/python3.11/site-packages/airflow/example_dags/tutorial.py took 0.119 seconds
[2025-12-24T09:26:33.996+0000] {processor.py:186} INFO - Started process (PID=776) to work on /home/airflow/.local/lib/python3.11/site-packages/airflow/example_dags/tutorial.py
[2025-12-24T09:26:33.997+0000] {processor.py:914} INFO - Processing file /home/airflow/.local/lib/python3.11/site-packages/airflow/example_dags/tutorial.py for tasks to queue
[2025-12-24T09:26:34.001+0000] {logging_mixin.py:190} INFO - [2025-12-24T09:26:34.001+0000] {dagbag.py:588} INFO - Filling up the DagBag from /home/airflow/.local/lib/python3.11/site-packages/airflow/example_dags/tutorial.py
[2025-12-24T09:26:34.014+0000] {processor.py:925} INFO - DAG(s) 'tutorial' retrieved from /home/airflow/.local/lib/python3.11/site-packages/airflow/example_dags/tutorial.py
[2025-12-24T09:26:34.056+0000] {logging_mixin.py:190} INFO - [2025-12-24T09:26:34.056+0000] {dag.py:3239} INFO - Sync 1 DAGs
[2025-12-24T09:26:34.089+0000] {logging_mixin.py:190} INFO - [2025-12-24T09:26:34.089+0000] {dag.py:4180} INFO - Setting next_dagrun for tutorial to 2025-12-23 00:00:00+00:00, run_after=2025-12-24 00:00:00+00:00
[2025-12-24T09:26:34.126+0000] {processor.py:208} INFO - Processing /home/airflow/.local/lib/python3.11/site-packages/airflow/example_dags/tutorial.py took 0.142 seconds
[2025-12-24T09:26:44.516+0000] {processor.py:186} INFO - Started process (PID=829) to work on /home/airflow/.local/lib/python3.11/site-packages/airflow/example_dags/tutorial.py
[2025-12-24T09:26:44.518+0000] {processor.py:914} INFO - Processing file /home/airflow/.local/lib/python3.11/site-packages/airflow/example_dags/tutorial.py for tasks to queue
[2025-12-24T09:26:44.523+0000] {logging_mixin.py:190} INFO - [2025-12-24T09:26:44.523+0000] {dagbag.py:588} INFO - Filling up the DagBag from /home/airflow/.local/lib/python3.11/site-packages/airflow/example_dags/tutorial.py
[2025-12-24T09:26:44.541+0000] {processor.py:925} INFO - DAG(s) 'tutorial' retrieved from /home/airflow/.local/lib/python3.11/site-packages/airflow/example_dags/tutorial.py
[2025-12-24T09:26:44.586+0000] {logging_mixin.py:190} INFO - [2025-12-24T09:26:44.586+0000] {dag.py:3239} INFO - Sync 1 DAGs
[2025-12-24T09:26:44.643+0000] {logging_mixin.py:190} INFO - [2025-12-24T09:26:44.643+0000] {dag.py:4180} INFO - Setting next_dagrun for tutorial to 2025-12-23 00:00:00+00:00, run_after=2025-12-24 00:00:00+00:00
[2025-12-24T09:26:44.694+0000] {processor.py:208} INFO - Processing /home/airflow/.local/lib/python3.11/site-packages/airflow/example_dags/tutorial.py took 0.195 seconds
[2025-12-24T09:27:41.800+0000] {processor.py:186} INFO - Started process (PID=885) to work on /home/airflow/.local/lib/python3.11/site-packages/airflow/example_dags/tutorial.py
[2025-12-24T09:27:41.802+0000] {processor.py:914} INFO - Processing file /home/airflow/.local/lib/python3.11/site-packages/airflow/example_dags/tutorial.py for tasks to queue
[2025-12-24T09:27:41.806+0000] {logging_mixin.py:190} INFO - [2025-12-24T09:27:41.806+0000] {dagbag.py:588} INFO - Filling up the DagBag from /home/airflow/.local/lib/python3.11/site-packages/airflow/example_dags/tutorial.py
[2025-12-24T09:27:41.826+0000] {processor.py:925} INFO - DAG(s) 'tutorial' retrieved from /home/airflow/.local/lib/python3.11/site-packages/airflow/example_dags/tutorial.py
[2025-12-24T09:27:41.860+0000] {logging_mixin.py:190} INFO - [2025-12-24T09:27:41.859+0000] {dag.py:3239} INFO - Sync 1 DAGs
[2025-12-24T09:27:41.899+0000] {logging_mixin.py:190} INFO - [2025-12-24T09:27:41.898+0000] {dag.py:4180} INFO - Setting next_dagrun for tutorial to 2025-12-23 00:00:00+00:00, run_after=2025-12-24 00:00:00+00:00
[2025-12-24T09:27:41.932+0000] {processor.py:208} INFO - Processing /home/airflow/.local/lib/python3.11/site-packages/airflow/example_dags/tutorial.py took 0.144 seconds
[2025-12-24T09:27:49.493+0000] {processor.py:186} INFO - Started process (PID=957) to work on /home/airflow/.local/lib/python3.11/site-packages/airflow/example_dags/tutorial.py
[2025-12-24T09:27:49.496+0000] {processor.py:914} INFO - Processing file /home/airflow/.local/lib/python3.11/site-packages/airflow/example_dags/tutorial.py for tasks to queue
[2025-12-24T09:27:49.500+0000] {logging_mixin.py:190} INFO - [2025-12-24T09:27:49.499+0000] {dagbag.py:588} INFO - Filling up the DagBag from /home/airflow/.local/lib/python3.11/site-packages/airflow/example_dags/tutorial.py
[2025-12-24T09:27:49.516+0000] {processor.py:925} INFO - DAG(s) 'tutorial' retrieved from /home/airflow/.local/lib/python3.11/site-packages/airflow/example_dags/tutorial.py
[2025-12-24T09:27:49.552+0000] {logging_mixin.py:190} INFO - [2025-12-24T09:27:49.551+0000] {dag.py:3239} INFO - Sync 1 DAGs
[2025-12-24T09:27:49.600+0000] {logging_mixin.py:190} INFO - [2025-12-24T09:27:49.600+0000] {dag.py:4180} INFO - Setting next_dagrun for tutorial to 2025-12-23 00:00:00+00:00, run_after=2025-12-24 00:00:00+00:00
[2025-12-24T09:27:49.629+0000] {processor.py:208} INFO - Processing /home/airflow/.local/lib/python3.11/site-packages/airflow/example_dags/tutorial.py took 0.146 seconds
[2025-12-24T09:27:59.698+0000] {processor.py:186} INFO - Started process (PID=1017) to work on /home/airflow/.local/lib/python3.11/site-packages/airflow/example_dags/tutorial.py
[2025-12-24T09:27:59.701+0000] {processor.py:914} INFO - Processing file /home/airflow/.local/lib/python3.11/site-packages/airflow/example_dags/tutorial.py for tasks to queue
[2025-12-24T09:27:59.705+0000] {logging_mixin.py:190} INFO - [2025-12-24T09:27:59.705+0000] {dagbag.py:588} INFO - Filling up the DagBag from /home/airflow/.local/lib/python3.11/site-packages/airflow/example_dags/tutorial.py
[2025-12-24T09:27:59.720+0000] {processor.py:925} INFO - DAG(s) 'tutorial' retrieved from /home/airflow/.local/lib/python3.11/site-packages/airflow/example_dags/tutorial.py
[2025-12-24T09:27:59.763+0000] {logging_mixin.py:190} INFO - [2025-12-24T09:27:59.763+0000] {dag.py:3239} INFO - Sync 1 DAGs
[2025-12-24T09:27:59.805+0000] {logging_mixin.py:190} INFO - [2025-12-24T09:27:59.804+0000] {dag.py:4180} INFO - Setting next_dagrun for tutorial to 2025-12-23 00:00:00+00:00, run_after=2025-12-24 00:00:00+00:00
[2025-12-24T09:27:59.840+0000] {processor.py:208} INFO - Processing /home/airflow/.local/lib/python3.11/site-packages/airflow/example_dags/tutorial.py took 0.153 seconds
[2025-12-24T09:28:13.413+0000] {processor.py:186} INFO - Started process (PID=1082) to work on /home/airflow/.local/lib/python3.11/site-packages/airflow/example_dags/tutorial.py
[2025-12-24T09:28:13.415+0000] {processor.py:914} INFO - Processing file /home/airflow/.local/lib/python3.11/site-packages/airflow/example_dags/tutorial.py for tasks to queue
[2025-12-24T09:28:13.419+0000] {logging_mixin.py:190} INFO - [2025-12-24T09:28:13.419+0000] {dagbag.py:588} INFO - Filling up the DagBag from /home/airflow/.local/lib/python3.11/site-packages/airflow/example_dags/tutorial.py
[2025-12-24T09:28:13.436+0000] {processor.py:925} INFO - DAG(s) 'tutorial' retrieved from /home/airflow/.local/lib/python3.11/site-packages/airflow/example_dags/tutorial.py
[2025-12-24T09:28:13.478+0000] {logging_mixin.py:190} INFO - [2025-12-24T09:28:13.478+0000] {dag.py:3239} INFO - Sync 1 DAGs
[2025-12-24T09:28:13.518+0000] {logging_mixin.py:190} INFO - [2025-12-24T09:28:13.518+0000] {dag.py:4180} INFO - Setting next_dagrun for tutorial to 2025-12-23 00:00:00+00:00, run_after=2025-12-24 00:00:00+00:00
[2025-12-24T09:28:13.800+0000] {processor.py:208} INFO - Processing /home/airflow/.local/lib/python3.11/site-packages/airflow/example_dags/tutorial.py took 0.400 seconds
[2025-12-24T09:29:11.530+0000] {processor.py:186} INFO - Started process (PID=1135) to work on /home/airflow/.local/lib/python3.11/site-packages/airflow/example_dags/tutorial.py
[2025-12-24T09:29:11.532+0000] {processor.py:914} INFO - Processing file /home/airflow/.local/lib/python3.11/site-packages/airflow/example_dags/tutorial.py for tasks to queue
[2025-12-24T09:29:11.538+0000] {logging_mixin.py:190} INFO - [2025-12-24T09:29:11.537+0000] {dagbag.py:588} INFO - Filling up the DagBag from /home/airflow/.local/lib/python3.11/site-packages/airflow/example_dags/tutorial.py
[2025-12-24T09:29:11.557+0000] {processor.py:925} INFO - DAG(s) 'tutorial' retrieved from /home/airflow/.local/lib/python3.11/site-packages/airflow/example_dags/tutorial.py
[2025-12-24T09:29:11.598+0000] {logging_mixin.py:190} INFO - [2025-12-24T09:29:11.598+0000] {dag.py:3239} INFO - Sync 1 DAGs
[2025-12-24T09:29:11.633+0000] {logging_mixin.py:190} INFO - [2025-12-24T09:29:11.633+0000] {dag.py:4180} INFO - Setting next_dagrun for tutorial to 2025-12-23 00:00:00+00:00, run_after=2025-12-24 00:00:00+00:00
[2025-12-24T09:29:11.672+0000] {processor.py:208} INFO - Processing /home/airflow/.local/lib/python3.11/site-packages/airflow/example_dags/tutorial.py took 0.155 seconds
