[2025-12-24T09:03:07.374+0000] {processor.py:186} INFO - Started process (PID=124) to work on /home/airflow/.local/lib/python3.11/site-packages/airflow/example_dags/tutorial_taskflow_api_virtualenv.py
[2025-12-24T09:03:07.387+0000] {processor.py:914} INFO - Processing file /home/airflow/.local/lib/python3.11/site-packages/airflow/example_dags/tutorial_taskflow_api_virtualenv.py for tasks to queue
[2025-12-24T09:03:07.393+0000] {logging_mixin.py:190} INFO - [2025-12-24T09:03:07.393+0000] {dagbag.py:588} INFO - Filling up the DagBag from /home/airflow/.local/lib/python3.11/site-packages/airflow/example_dags/tutorial_taskflow_api_virtualenv.py
[2025-12-24T09:03:07.415+0000] {processor.py:925} INFO - DAG(s) 'tutorial_taskflow_api_virtualenv' retrieved from /home/airflow/.local/lib/python3.11/site-packages/airflow/example_dags/tutorial_taskflow_api_virtualenv.py
[2025-12-24T09:03:07.591+0000] {logging_mixin.py:190} INFO - [2025-12-24T09:03:07.590+0000] {override.py:1911} INFO - Created Permission View: can edit on DAG:tutorial_taskflow_api_virtualenv
[2025-12-24T09:03:07.610+0000] {logging_mixin.py:190} INFO - [2025-12-24T09:03:07.609+0000] {override.py:1911} INFO - Created Permission View: can read on DAG:tutorial_taskflow_api_virtualenv
[2025-12-24T09:03:07.629+0000] {logging_mixin.py:190} INFO - [2025-12-24T09:03:07.628+0000] {override.py:1911} INFO - Created Permission View: can delete on DAG:tutorial_taskflow_api_virtualenv
[2025-12-24T09:03:07.673+0000] {logging_mixin.py:190} INFO - [2025-12-24T09:03:07.673+0000] {override.py:1911} INFO - Created Permission View: can read on DAG Run:tutorial_taskflow_api_virtualenv
[2025-12-24T09:03:07.696+0000] {logging_mixin.py:190} INFO - [2025-12-24T09:03:07.696+0000] {override.py:1911} INFO - Created Permission View: can create on DAG Run:tutorial_taskflow_api_virtualenv
[2025-12-24T09:03:07.720+0000] {logging_mixin.py:190} INFO - [2025-12-24T09:03:07.719+0000] {override.py:1911} INFO - Created Permission View: can delete on DAG Run:tutorial_taskflow_api_virtualenv
[2025-12-24T09:03:07.740+0000] {logging_mixin.py:190} INFO - [2025-12-24T09:03:07.739+0000] {override.py:1911} INFO - Created Permission View: menu access on DAG Run:tutorial_taskflow_api_virtualenv
[2025-12-24T09:03:07.741+0000] {logging_mixin.py:190} INFO - [2025-12-24T09:03:07.740+0000] {dag.py:3239} INFO - Sync 1 DAGs
[2025-12-24T09:03:07.758+0000] {logging_mixin.py:190} INFO - [2025-12-24T09:03:07.758+0000] {dag.py:3262} INFO - Creating ORM DAG for tutorial_taskflow_api_virtualenv
[2025-12-24T09:03:07.760+0000] {logging_mixin.py:190} INFO - [2025-12-24T09:03:07.759+0000] {dag.py:4180} INFO - Setting next_dagrun for tutorial_taskflow_api_virtualenv to None, run_after=None
[2025-12-24T09:03:07.791+0000] {processor.py:208} INFO - Processing /home/airflow/.local/lib/python3.11/site-packages/airflow/example_dags/tutorial_taskflow_api_virtualenv.py took 0.431 seconds
[2025-12-24T09:03:17.220+0000] {processor.py:186} INFO - Started process (PID=189) to work on /home/airflow/.local/lib/python3.11/site-packages/airflow/example_dags/tutorial_taskflow_api_virtualenv.py
[2025-12-24T09:03:17.222+0000] {processor.py:914} INFO - Processing file /home/airflow/.local/lib/python3.11/site-packages/airflow/example_dags/tutorial_taskflow_api_virtualenv.py for tasks to queue
[2025-12-24T09:03:17.229+0000] {logging_mixin.py:190} INFO - [2025-12-24T09:03:17.229+0000] {dagbag.py:588} INFO - Filling up the DagBag from /home/airflow/.local/lib/python3.11/site-packages/airflow/example_dags/tutorial_taskflow_api_virtualenv.py
[2025-12-24T09:03:17.266+0000] {processor.py:925} INFO - DAG(s) 'tutorial_taskflow_api_virtualenv' retrieved from /home/airflow/.local/lib/python3.11/site-packages/airflow/example_dags/tutorial_taskflow_api_virtualenv.py
[2025-12-24T09:03:17.292+0000] {logging_mixin.py:190} INFO - [2025-12-24T09:03:17.291+0000] {dag.py:3239} INFO - Sync 1 DAGs
[2025-12-24T09:03:17.315+0000] {logging_mixin.py:190} INFO - [2025-12-24T09:03:17.315+0000] {dag.py:4180} INFO - Setting next_dagrun for tutorial_taskflow_api_virtualenv to None, run_after=None
[2025-12-24T09:03:17.395+0000] {processor.py:208} INFO - Processing /home/airflow/.local/lib/python3.11/site-packages/airflow/example_dags/tutorial_taskflow_api_virtualenv.py took 0.208 seconds
[2025-12-24T09:04:19.421+0000] {processor.py:186} INFO - Started process (PID=244) to work on /home/airflow/.local/lib/python3.11/site-packages/airflow/example_dags/tutorial_taskflow_api_virtualenv.py
[2025-12-24T09:04:19.439+0000] {processor.py:914} INFO - Processing file /home/airflow/.local/lib/python3.11/site-packages/airflow/example_dags/tutorial_taskflow_api_virtualenv.py for tasks to queue
[2025-12-24T09:04:19.444+0000] {logging_mixin.py:190} INFO - [2025-12-24T09:04:19.444+0000] {dagbag.py:588} INFO - Filling up the DagBag from /home/airflow/.local/lib/python3.11/site-packages/airflow/example_dags/tutorial_taskflow_api_virtualenv.py
[2025-12-24T09:04:19.462+0000] {processor.py:925} INFO - DAG(s) 'tutorial_taskflow_api_virtualenv' retrieved from /home/airflow/.local/lib/python3.11/site-packages/airflow/example_dags/tutorial_taskflow_api_virtualenv.py
[2025-12-24T09:04:19.494+0000] {logging_mixin.py:190} INFO - [2025-12-24T09:04:19.493+0000] {dag.py:3239} INFO - Sync 1 DAGs
[2025-12-24T09:04:19.511+0000] {logging_mixin.py:190} INFO - [2025-12-24T09:04:19.511+0000] {dag.py:4180} INFO - Setting next_dagrun for tutorial_taskflow_api_virtualenv to None, run_after=None
[2025-12-24T09:04:19.538+0000] {processor.py:208} INFO - Processing /home/airflow/.local/lib/python3.11/site-packages/airflow/example_dags/tutorial_taskflow_api_virtualenv.py took 0.127 seconds
[2025-12-24T09:04:18.118+0000] {processor.py:186} INFO - Started process (PID=317) to work on /home/airflow/.local/lib/python3.11/site-packages/airflow/example_dags/tutorial_taskflow_api_virtualenv.py
[2025-12-24T09:04:18.133+0000] {processor.py:914} INFO - Processing file /home/airflow/.local/lib/python3.11/site-packages/airflow/example_dags/tutorial_taskflow_api_virtualenv.py for tasks to queue
[2025-12-24T09:04:18.154+0000] {logging_mixin.py:190} INFO - [2025-12-24T09:04:18.153+0000] {dagbag.py:588} INFO - Filling up the DagBag from /home/airflow/.local/lib/python3.11/site-packages/airflow/example_dags/tutorial_taskflow_api_virtualenv.py
[2025-12-24T09:04:18.189+0000] {processor.py:925} INFO - DAG(s) 'tutorial_taskflow_api_virtualenv' retrieved from /home/airflow/.local/lib/python3.11/site-packages/airflow/example_dags/tutorial_taskflow_api_virtualenv.py
[2025-12-24T09:04:18.237+0000] {logging_mixin.py:190} INFO - [2025-12-24T09:04:18.236+0000] {dag.py:3239} INFO - Sync 1 DAGs
[2025-12-24T09:04:18.269+0000] {logging_mixin.py:190} INFO - [2025-12-24T09:04:18.269+0000] {dag.py:4180} INFO - Setting next_dagrun for tutorial_taskflow_api_virtualenv to None, run_after=None
[2025-12-24T09:04:18.311+0000] {processor.py:208} INFO - Processing /home/airflow/.local/lib/python3.11/site-packages/airflow/example_dags/tutorial_taskflow_api_virtualenv.py took 0.209 seconds
[2025-12-24T09:04:47.342+0000] {processor.py:186} INFO - Started process (PID=381) to work on /home/airflow/.local/lib/python3.11/site-packages/airflow/example_dags/tutorial_taskflow_api_virtualenv.py
[2025-12-24T09:04:47.343+0000] {processor.py:914} INFO - Processing file /home/airflow/.local/lib/python3.11/site-packages/airflow/example_dags/tutorial_taskflow_api_virtualenv.py for tasks to queue
[2025-12-24T09:04:47.355+0000] {logging_mixin.py:190} INFO - [2025-12-24T09:04:47.354+0000] {dagbag.py:588} INFO - Filling up the DagBag from /home/airflow/.local/lib/python3.11/site-packages/airflow/example_dags/tutorial_taskflow_api_virtualenv.py
[2025-12-24T09:04:47.378+0000] {processor.py:925} INFO - DAG(s) 'tutorial_taskflow_api_virtualenv' retrieved from /home/airflow/.local/lib/python3.11/site-packages/airflow/example_dags/tutorial_taskflow_api_virtualenv.py
[2025-12-24T09:04:47.415+0000] {logging_mixin.py:190} INFO - [2025-12-24T09:04:47.415+0000] {dag.py:3239} INFO - Sync 1 DAGs
[2025-12-24T09:04:47.438+0000] {logging_mixin.py:190} INFO - [2025-12-24T09:04:47.437+0000] {dag.py:4180} INFO - Setting next_dagrun for tutorial_taskflow_api_virtualenv to None, run_after=None
[2025-12-24T09:04:47.471+0000] {processor.py:208} INFO - Processing /home/airflow/.local/lib/python3.11/site-packages/airflow/example_dags/tutorial_taskflow_api_virtualenv.py took 0.139 seconds
[2025-12-24T09:04:56.929+0000] {processor.py:186} INFO - Started process (PID=439) to work on /home/airflow/.local/lib/python3.11/site-packages/airflow/example_dags/tutorial_taskflow_api_virtualenv.py
[2025-12-24T09:04:56.930+0000] {processor.py:914} INFO - Processing file /home/airflow/.local/lib/python3.11/site-packages/airflow/example_dags/tutorial_taskflow_api_virtualenv.py for tasks to queue
[2025-12-24T09:04:56.934+0000] {logging_mixin.py:190} INFO - [2025-12-24T09:04:56.934+0000] {dagbag.py:588} INFO - Filling up the DagBag from /home/airflow/.local/lib/python3.11/site-packages/airflow/example_dags/tutorial_taskflow_api_virtualenv.py
[2025-12-24T09:04:56.954+0000] {processor.py:925} INFO - DAG(s) 'tutorial_taskflow_api_virtualenv' retrieved from /home/airflow/.local/lib/python3.11/site-packages/airflow/example_dags/tutorial_taskflow_api_virtualenv.py
[2025-12-24T09:04:56.984+0000] {logging_mixin.py:190} INFO - [2025-12-24T09:04:56.984+0000] {dag.py:3239} INFO - Sync 1 DAGs
[2025-12-24T09:04:57.003+0000] {logging_mixin.py:190} INFO - [2025-12-24T09:04:57.003+0000] {dag.py:4180} INFO - Setting next_dagrun for tutorial_taskflow_api_virtualenv to None, run_after=None
[2025-12-24T09:04:57.031+0000] {processor.py:208} INFO - Processing /home/airflow/.local/lib/python3.11/site-packages/airflow/example_dags/tutorial_taskflow_api_virtualenv.py took 0.110 seconds
[2025-12-24T09:06:13.065+0000] {processor.py:186} INFO - Started process (PID=538) to work on /home/airflow/.local/lib/python3.11/site-packages/airflow/example_dags/tutorial_taskflow_api_virtualenv.py
[2025-12-24T09:06:13.067+0000] {processor.py:914} INFO - Processing file /home/airflow/.local/lib/python3.11/site-packages/airflow/example_dags/tutorial_taskflow_api_virtualenv.py for tasks to queue
[2025-12-24T09:06:13.071+0000] {logging_mixin.py:190} INFO - [2025-12-24T09:06:13.071+0000] {dagbag.py:588} INFO - Filling up the DagBag from /home/airflow/.local/lib/python3.11/site-packages/airflow/example_dags/tutorial_taskflow_api_virtualenv.py
[2025-12-24T09:06:13.089+0000] {processor.py:925} INFO - DAG(s) 'tutorial_taskflow_api_virtualenv' retrieved from /home/airflow/.local/lib/python3.11/site-packages/airflow/example_dags/tutorial_taskflow_api_virtualenv.py
[2025-12-24T09:06:13.119+0000] {logging_mixin.py:190} INFO - [2025-12-24T09:06:13.119+0000] {dag.py:3239} INFO - Sync 1 DAGs
[2025-12-24T09:06:13.137+0000] {logging_mixin.py:190} INFO - [2025-12-24T09:06:13.136+0000] {dag.py:4180} INFO - Setting next_dagrun for tutorial_taskflow_api_virtualenv to None, run_after=None
[2025-12-24T09:06:13.161+0000] {processor.py:208} INFO - Processing /home/airflow/.local/lib/python3.11/site-packages/airflow/example_dags/tutorial_taskflow_api_virtualenv.py took 0.106 seconds
[2025-12-24T09:06:45.990+0000] {processor.py:186} INFO - Started process (PID=667) to work on /home/airflow/.local/lib/python3.11/site-packages/airflow/example_dags/tutorial_taskflow_api_virtualenv.py
[2025-12-24T09:06:45.992+0000] {processor.py:914} INFO - Processing file /home/airflow/.local/lib/python3.11/site-packages/airflow/example_dags/tutorial_taskflow_api_virtualenv.py for tasks to queue
[2025-12-24T09:06:45.997+0000] {logging_mixin.py:190} INFO - [2025-12-24T09:06:45.996+0000] {dagbag.py:588} INFO - Filling up the DagBag from /home/airflow/.local/lib/python3.11/site-packages/airflow/example_dags/tutorial_taskflow_api_virtualenv.py
[2025-12-24T09:06:46.020+0000] {processor.py:925} INFO - DAG(s) 'tutorial_taskflow_api_virtualenv' retrieved from /home/airflow/.local/lib/python3.11/site-packages/airflow/example_dags/tutorial_taskflow_api_virtualenv.py
[2025-12-24T09:06:46.070+0000] {logging_mixin.py:190} INFO - [2025-12-24T09:06:46.070+0000] {dag.py:3239} INFO - Sync 1 DAGs
[2025-12-24T09:06:46.094+0000] {logging_mixin.py:190} INFO - [2025-12-24T09:06:46.094+0000] {dag.py:4180} INFO - Setting next_dagrun for tutorial_taskflow_api_virtualenv to None, run_after=None
[2025-12-24T09:06:46.136+0000] {processor.py:208} INFO - Processing /home/airflow/.local/lib/python3.11/site-packages/airflow/example_dags/tutorial_taskflow_api_virtualenv.py took 0.160 seconds
[2025-12-24T09:06:48.903+0000] {processor.py:186} INFO - Started process (PID=731) to work on /home/airflow/.local/lib/python3.11/site-packages/airflow/example_dags/tutorial_taskflow_api_virtualenv.py
[2025-12-24T09:06:48.905+0000] {processor.py:914} INFO - Processing file /home/airflow/.local/lib/python3.11/site-packages/airflow/example_dags/tutorial_taskflow_api_virtualenv.py for tasks to queue
[2025-12-24T09:06:48.909+0000] {logging_mixin.py:190} INFO - [2025-12-24T09:06:48.909+0000] {dagbag.py:588} INFO - Filling up the DagBag from /home/airflow/.local/lib/python3.11/site-packages/airflow/example_dags/tutorial_taskflow_api_virtualenv.py
[2025-12-24T09:06:48.930+0000] {processor.py:925} INFO - DAG(s) 'tutorial_taskflow_api_virtualenv' retrieved from /home/airflow/.local/lib/python3.11/site-packages/airflow/example_dags/tutorial_taskflow_api_virtualenv.py
[2025-12-24T09:06:48.978+0000] {logging_mixin.py:190} INFO - [2025-12-24T09:06:48.977+0000] {dag.py:3239} INFO - Sync 1 DAGs
[2025-12-24T09:06:49.015+0000] {logging_mixin.py:190} INFO - [2025-12-24T09:06:49.014+0000] {dag.py:4180} INFO - Setting next_dagrun for tutorial_taskflow_api_virtualenv to None, run_after=None
[2025-12-24T09:06:49.061+0000] {processor.py:208} INFO - Processing /home/airflow/.local/lib/python3.11/site-packages/airflow/example_dags/tutorial_taskflow_api_virtualenv.py took 0.172 seconds
[2025-12-24T09:07:17.792+0000] {processor.py:186} INFO - Started process (PID=795) to work on /home/airflow/.local/lib/python3.11/site-packages/airflow/example_dags/tutorial_taskflow_api_virtualenv.py
[2025-12-24T09:07:17.795+0000] {processor.py:914} INFO - Processing file /home/airflow/.local/lib/python3.11/site-packages/airflow/example_dags/tutorial_taskflow_api_virtualenv.py for tasks to queue
[2025-12-24T09:07:17.807+0000] {logging_mixin.py:190} INFO - [2025-12-24T09:07:17.807+0000] {dagbag.py:588} INFO - Filling up the DagBag from /home/airflow/.local/lib/python3.11/site-packages/airflow/example_dags/tutorial_taskflow_api_virtualenv.py
[2025-12-24T09:07:17.888+0000] {processor.py:925} INFO - DAG(s) 'tutorial_taskflow_api_virtualenv' retrieved from /home/airflow/.local/lib/python3.11/site-packages/airflow/example_dags/tutorial_taskflow_api_virtualenv.py
[2025-12-24T09:07:17.969+0000] {logging_mixin.py:190} INFO - [2025-12-24T09:07:17.968+0000] {dag.py:3239} INFO - Sync 1 DAGs
[2025-12-24T09:07:18.020+0000] {logging_mixin.py:190} INFO - [2025-12-24T09:07:18.020+0000] {dag.py:4180} INFO - Setting next_dagrun for tutorial_taskflow_api_virtualenv to None, run_after=None
[2025-12-24T09:07:18.101+0000] {processor.py:208} INFO - Processing /home/airflow/.local/lib/python3.11/site-packages/airflow/example_dags/tutorial_taskflow_api_virtualenv.py took 0.334 seconds
[2025-12-24T09:07:28.490+0000] {processor.py:186} INFO - Started process (PID=852) to work on /home/airflow/.local/lib/python3.11/site-packages/airflow/example_dags/tutorial_taskflow_api_virtualenv.py
[2025-12-24T09:07:28.492+0000] {processor.py:914} INFO - Processing file /home/airflow/.local/lib/python3.11/site-packages/airflow/example_dags/tutorial_taskflow_api_virtualenv.py for tasks to queue
[2025-12-24T09:07:28.497+0000] {logging_mixin.py:190} INFO - [2025-12-24T09:07:28.497+0000] {dagbag.py:588} INFO - Filling up the DagBag from /home/airflow/.local/lib/python3.11/site-packages/airflow/example_dags/tutorial_taskflow_api_virtualenv.py
[2025-12-24T09:07:28.526+0000] {processor.py:925} INFO - DAG(s) 'tutorial_taskflow_api_virtualenv' retrieved from /home/airflow/.local/lib/python3.11/site-packages/airflow/example_dags/tutorial_taskflow_api_virtualenv.py
[2025-12-24T09:07:28.575+0000] {logging_mixin.py:190} INFO - [2025-12-24T09:07:28.574+0000] {dag.py:3239} INFO - Sync 1 DAGs
[2025-12-24T09:07:28.606+0000] {logging_mixin.py:190} INFO - [2025-12-24T09:07:28.606+0000] {dag.py:4180} INFO - Setting next_dagrun for tutorial_taskflow_api_virtualenv to None, run_after=None
[2025-12-24T09:07:28.646+0000] {processor.py:208} INFO - Processing /home/airflow/.local/lib/python3.11/site-packages/airflow/example_dags/tutorial_taskflow_api_virtualenv.py took 0.172 seconds
[2025-12-24T09:07:37.322+0000] {processor.py:186} INFO - Started process (PID=908) to work on /home/airflow/.local/lib/python3.11/site-packages/airflow/example_dags/tutorial_taskflow_api_virtualenv.py
[2025-12-24T09:07:37.324+0000] {processor.py:914} INFO - Processing file /home/airflow/.local/lib/python3.11/site-packages/airflow/example_dags/tutorial_taskflow_api_virtualenv.py for tasks to queue
[2025-12-24T09:07:37.328+0000] {logging_mixin.py:190} INFO - [2025-12-24T09:07:37.328+0000] {dagbag.py:588} INFO - Filling up the DagBag from /home/airflow/.local/lib/python3.11/site-packages/airflow/example_dags/tutorial_taskflow_api_virtualenv.py
[2025-12-24T09:07:37.348+0000] {processor.py:925} INFO - DAG(s) 'tutorial_taskflow_api_virtualenv' retrieved from /home/airflow/.local/lib/python3.11/site-packages/airflow/example_dags/tutorial_taskflow_api_virtualenv.py
[2025-12-24T09:07:37.384+0000] {logging_mixin.py:190} INFO - [2025-12-24T09:07:37.383+0000] {dag.py:3239} INFO - Sync 1 DAGs
[2025-12-24T09:07:37.406+0000] {logging_mixin.py:190} INFO - [2025-12-24T09:07:37.405+0000] {dag.py:4180} INFO - Setting next_dagrun for tutorial_taskflow_api_virtualenv to None, run_after=None
[2025-12-24T09:07:37.438+0000] {processor.py:208} INFO - Processing /home/airflow/.local/lib/python3.11/site-packages/airflow/example_dags/tutorial_taskflow_api_virtualenv.py took 0.126 seconds
[2025-12-24T09:07:46.470+0000] {processor.py:186} INFO - Started process (PID=969) to work on /home/airflow/.local/lib/python3.11/site-packages/airflow/example_dags/tutorial_taskflow_api_virtualenv.py
[2025-12-24T09:07:46.472+0000] {processor.py:914} INFO - Processing file /home/airflow/.local/lib/python3.11/site-packages/airflow/example_dags/tutorial_taskflow_api_virtualenv.py for tasks to queue
[2025-12-24T09:07:46.479+0000] {logging_mixin.py:190} INFO - [2025-12-24T09:07:46.478+0000] {dagbag.py:588} INFO - Filling up the DagBag from /home/airflow/.local/lib/python3.11/site-packages/airflow/example_dags/tutorial_taskflow_api_virtualenv.py
[2025-12-24T09:07:46.523+0000] {processor.py:925} INFO - DAG(s) 'tutorial_taskflow_api_virtualenv' retrieved from /home/airflow/.local/lib/python3.11/site-packages/airflow/example_dags/tutorial_taskflow_api_virtualenv.py
[2025-12-24T09:07:46.607+0000] {logging_mixin.py:190} INFO - [2025-12-24T09:07:46.603+0000] {dag.py:3239} INFO - Sync 1 DAGs
[2025-12-24T09:07:46.644+0000] {logging_mixin.py:190} INFO - [2025-12-24T09:07:46.643+0000] {dag.py:4180} INFO - Setting next_dagrun for tutorial_taskflow_api_virtualenv to None, run_after=None
[2025-12-24T09:07:46.711+0000] {processor.py:208} INFO - Processing /home/airflow/.local/lib/python3.11/site-packages/airflow/example_dags/tutorial_taskflow_api_virtualenv.py took 0.260 seconds
[2025-12-24T09:08:44.400+0000] {processor.py:186} INFO - Started process (PID=1025) to work on /home/airflow/.local/lib/python3.11/site-packages/airflow/example_dags/tutorial_taskflow_api_virtualenv.py
[2025-12-24T09:08:44.401+0000] {processor.py:914} INFO - Processing file /home/airflow/.local/lib/python3.11/site-packages/airflow/example_dags/tutorial_taskflow_api_virtualenv.py for tasks to queue
[2025-12-24T09:08:44.405+0000] {logging_mixin.py:190} INFO - [2025-12-24T09:08:44.405+0000] {dagbag.py:588} INFO - Filling up the DagBag from /home/airflow/.local/lib/python3.11/site-packages/airflow/example_dags/tutorial_taskflow_api_virtualenv.py
[2025-12-24T09:08:44.422+0000] {processor.py:925} INFO - DAG(s) 'tutorial_taskflow_api_virtualenv' retrieved from /home/airflow/.local/lib/python3.11/site-packages/airflow/example_dags/tutorial_taskflow_api_virtualenv.py
[2025-12-24T09:08:44.453+0000] {logging_mixin.py:190} INFO - [2025-12-24T09:08:44.452+0000] {dag.py:3239} INFO - Sync 1 DAGs
[2025-12-24T09:08:44.470+0000] {logging_mixin.py:190} INFO - [2025-12-24T09:08:44.470+0000] {dag.py:4180} INFO - Setting next_dagrun for tutorial_taskflow_api_virtualenv to None, run_after=None
[2025-12-24T09:08:44.499+0000] {processor.py:208} INFO - Processing /home/airflow/.local/lib/python3.11/site-packages/airflow/example_dags/tutorial_taskflow_api_virtualenv.py took 0.109 seconds
[2025-12-24T09:09:23.659+0000] {processor.py:186} INFO - Started process (PID=1093) to work on /home/airflow/.local/lib/python3.11/site-packages/airflow/example_dags/tutorial_taskflow_api_virtualenv.py
[2025-12-24T09:09:23.661+0000] {processor.py:914} INFO - Processing file /home/airflow/.local/lib/python3.11/site-packages/airflow/example_dags/tutorial_taskflow_api_virtualenv.py for tasks to queue
[2025-12-24T09:09:23.664+0000] {logging_mixin.py:190} INFO - [2025-12-24T09:09:23.664+0000] {dagbag.py:588} INFO - Filling up the DagBag from /home/airflow/.local/lib/python3.11/site-packages/airflow/example_dags/tutorial_taskflow_api_virtualenv.py
[2025-12-24T09:09:23.683+0000] {processor.py:925} INFO - DAG(s) 'tutorial_taskflow_api_virtualenv' retrieved from /home/airflow/.local/lib/python3.11/site-packages/airflow/example_dags/tutorial_taskflow_api_virtualenv.py
[2025-12-24T09:09:23.712+0000] {logging_mixin.py:190} INFO - [2025-12-24T09:09:23.712+0000] {dag.py:3239} INFO - Sync 1 DAGs
[2025-12-24T09:09:23.729+0000] {logging_mixin.py:190} INFO - [2025-12-24T09:09:23.729+0000] {dag.py:4180} INFO - Setting next_dagrun for tutorial_taskflow_api_virtualenv to None, run_after=None
[2025-12-24T09:09:23.755+0000] {processor.py:208} INFO - Processing /home/airflow/.local/lib/python3.11/site-packages/airflow/example_dags/tutorial_taskflow_api_virtualenv.py took 0.105 seconds
[2025-12-24T09:09:22.976+0000] {processor.py:186} INFO - Started process (PID=1174) to work on /home/airflow/.local/lib/python3.11/site-packages/airflow/example_dags/tutorial_taskflow_api_virtualenv.py
[2025-12-24T09:09:22.978+0000] {processor.py:914} INFO - Processing file /home/airflow/.local/lib/python3.11/site-packages/airflow/example_dags/tutorial_taskflow_api_virtualenv.py for tasks to queue
[2025-12-24T09:09:22.982+0000] {logging_mixin.py:190} INFO - [2025-12-24T09:09:22.981+0000] {dagbag.py:588} INFO - Filling up the DagBag from /home/airflow/.local/lib/python3.11/site-packages/airflow/example_dags/tutorial_taskflow_api_virtualenv.py
[2025-12-24T09:09:23.000+0000] {processor.py:925} INFO - DAG(s) 'tutorial_taskflow_api_virtualenv' retrieved from /home/airflow/.local/lib/python3.11/site-packages/airflow/example_dags/tutorial_taskflow_api_virtualenv.py
[2025-12-24T09:09:23.045+0000] {logging_mixin.py:190} INFO - [2025-12-24T09:09:23.044+0000] {dag.py:3239} INFO - Sync 1 DAGs
[2025-12-24T09:09:23.066+0000] {logging_mixin.py:190} INFO - [2025-12-24T09:09:23.065+0000] {dag.py:4180} INFO - Setting next_dagrun for tutorial_taskflow_api_virtualenv to None, run_after=None
[2025-12-24T09:09:23.093+0000] {processor.py:208} INFO - Processing /home/airflow/.local/lib/python3.11/site-packages/airflow/example_dags/tutorial_taskflow_api_virtualenv.py took 0.127 seconds
[2025-12-24T09:10:29.139+0000] {processor.py:186} INFO - Started process (PID=1239) to work on /home/airflow/.local/lib/python3.11/site-packages/airflow/example_dags/tutorial_taskflow_api_virtualenv.py
[2025-12-24T09:10:29.140+0000] {processor.py:914} INFO - Processing file /home/airflow/.local/lib/python3.11/site-packages/airflow/example_dags/tutorial_taskflow_api_virtualenv.py for tasks to queue
[2025-12-24T09:10:29.144+0000] {logging_mixin.py:190} INFO - [2025-12-24T09:10:29.144+0000] {dagbag.py:588} INFO - Filling up the DagBag from /home/airflow/.local/lib/python3.11/site-packages/airflow/example_dags/tutorial_taskflow_api_virtualenv.py
[2025-12-24T09:10:29.162+0000] {processor.py:925} INFO - DAG(s) 'tutorial_taskflow_api_virtualenv' retrieved from /home/airflow/.local/lib/python3.11/site-packages/airflow/example_dags/tutorial_taskflow_api_virtualenv.py
[2025-12-24T09:10:29.194+0000] {logging_mixin.py:190} INFO - [2025-12-24T09:10:29.194+0000] {dag.py:3239} INFO - Sync 1 DAGs
[2025-12-24T09:10:29.213+0000] {logging_mixin.py:190} INFO - [2025-12-24T09:10:29.212+0000] {dag.py:4180} INFO - Setting next_dagrun for tutorial_taskflow_api_virtualenv to None, run_after=None
[2025-12-24T09:10:29.240+0000] {processor.py:208} INFO - Processing /home/airflow/.local/lib/python3.11/site-packages/airflow/example_dags/tutorial_taskflow_api_virtualenv.py took 0.112 seconds
[2025-12-24T09:10:52.065+0000] {processor.py:186} INFO - Started process (PID=1353) to work on /home/airflow/.local/lib/python3.11/site-packages/airflow/example_dags/tutorial_taskflow_api_virtualenv.py
[2025-12-24T09:10:52.066+0000] {processor.py:914} INFO - Processing file /home/airflow/.local/lib/python3.11/site-packages/airflow/example_dags/tutorial_taskflow_api_virtualenv.py for tasks to queue
[2025-12-24T09:10:52.070+0000] {logging_mixin.py:190} INFO - [2025-12-24T09:10:52.069+0000] {dagbag.py:588} INFO - Filling up the DagBag from /home/airflow/.local/lib/python3.11/site-packages/airflow/example_dags/tutorial_taskflow_api_virtualenv.py
[2025-12-24T09:10:52.087+0000] {processor.py:925} INFO - DAG(s) 'tutorial_taskflow_api_virtualenv' retrieved from /home/airflow/.local/lib/python3.11/site-packages/airflow/example_dags/tutorial_taskflow_api_virtualenv.py
[2025-12-24T09:10:52.117+0000] {logging_mixin.py:190} INFO - [2025-12-24T09:10:52.117+0000] {dag.py:3239} INFO - Sync 1 DAGs
[2025-12-24T09:10:52.135+0000] {logging_mixin.py:190} INFO - [2025-12-24T09:10:52.135+0000] {dag.py:4180} INFO - Setting next_dagrun for tutorial_taskflow_api_virtualenv to None, run_after=None
[2025-12-24T09:10:52.162+0000] {processor.py:208} INFO - Processing /home/airflow/.local/lib/python3.11/site-packages/airflow/example_dags/tutorial_taskflow_api_virtualenv.py took 0.106 seconds
[2025-12-24T09:11:02.661+0000] {processor.py:186} INFO - Started process (PID=1410) to work on /home/airflow/.local/lib/python3.11/site-packages/airflow/example_dags/tutorial_taskflow_api_virtualenv.py
[2025-12-24T09:11:02.662+0000] {processor.py:914} INFO - Processing file /home/airflow/.local/lib/python3.11/site-packages/airflow/example_dags/tutorial_taskflow_api_virtualenv.py for tasks to queue
[2025-12-24T09:11:02.666+0000] {logging_mixin.py:190} INFO - [2025-12-24T09:11:02.666+0000] {dagbag.py:588} INFO - Filling up the DagBag from /home/airflow/.local/lib/python3.11/site-packages/airflow/example_dags/tutorial_taskflow_api_virtualenv.py
[2025-12-24T09:11:02.685+0000] {processor.py:925} INFO - DAG(s) 'tutorial_taskflow_api_virtualenv' retrieved from /home/airflow/.local/lib/python3.11/site-packages/airflow/example_dags/tutorial_taskflow_api_virtualenv.py
[2025-12-24T09:11:02.718+0000] {logging_mixin.py:190} INFO - [2025-12-24T09:11:02.717+0000] {dag.py:3239} INFO - Sync 1 DAGs
[2025-12-24T09:11:02.734+0000] {logging_mixin.py:190} INFO - [2025-12-24T09:11:02.734+0000] {dag.py:4180} INFO - Setting next_dagrun for tutorial_taskflow_api_virtualenv to None, run_after=None
[2025-12-24T09:11:02.759+0000] {processor.py:208} INFO - Processing /home/airflow/.local/lib/python3.11/site-packages/airflow/example_dags/tutorial_taskflow_api_virtualenv.py took 0.108 seconds
[2025-12-24T09:11:33.853+0000] {processor.py:186} INFO - Started process (PID=1472) to work on /home/airflow/.local/lib/python3.11/site-packages/airflow/example_dags/tutorial_taskflow_api_virtualenv.py
[2025-12-24T09:11:33.855+0000] {processor.py:914} INFO - Processing file /home/airflow/.local/lib/python3.11/site-packages/airflow/example_dags/tutorial_taskflow_api_virtualenv.py for tasks to queue
[2025-12-24T09:11:33.859+0000] {logging_mixin.py:190} INFO - [2025-12-24T09:11:33.859+0000] {dagbag.py:588} INFO - Filling up the DagBag from /home/airflow/.local/lib/python3.11/site-packages/airflow/example_dags/tutorial_taskflow_api_virtualenv.py
[2025-12-24T09:11:33.876+0000] {processor.py:925} INFO - DAG(s) 'tutorial_taskflow_api_virtualenv' retrieved from /home/airflow/.local/lib/python3.11/site-packages/airflow/example_dags/tutorial_taskflow_api_virtualenv.py
[2025-12-24T09:11:33.906+0000] {logging_mixin.py:190} INFO - [2025-12-24T09:11:33.906+0000] {dag.py:3239} INFO - Sync 1 DAGs
[2025-12-24T09:11:33.922+0000] {logging_mixin.py:190} INFO - [2025-12-24T09:11:33.922+0000] {dag.py:4180} INFO - Setting next_dagrun for tutorial_taskflow_api_virtualenv to None, run_after=None
[2025-12-24T09:11:33.947+0000] {processor.py:208} INFO - Processing /home/airflow/.local/lib/python3.11/site-packages/airflow/example_dags/tutorial_taskflow_api_virtualenv.py took 0.105 seconds
[2025-12-24T09:12:35.085+0000] {processor.py:186} INFO - Started process (PID=1536) to work on /home/airflow/.local/lib/python3.11/site-packages/airflow/example_dags/tutorial_taskflow_api_virtualenv.py
[2025-12-24T09:12:35.087+0000] {processor.py:914} INFO - Processing file /home/airflow/.local/lib/python3.11/site-packages/airflow/example_dags/tutorial_taskflow_api_virtualenv.py for tasks to queue
[2025-12-24T09:12:35.090+0000] {logging_mixin.py:190} INFO - [2025-12-24T09:12:35.090+0000] {dagbag.py:588} INFO - Filling up the DagBag from /home/airflow/.local/lib/python3.11/site-packages/airflow/example_dags/tutorial_taskflow_api_virtualenv.py
[2025-12-24T09:12:35.108+0000] {processor.py:925} INFO - DAG(s) 'tutorial_taskflow_api_virtualenv' retrieved from /home/airflow/.local/lib/python3.11/site-packages/airflow/example_dags/tutorial_taskflow_api_virtualenv.py
[2025-12-24T09:12:35.138+0000] {logging_mixin.py:190} INFO - [2025-12-24T09:12:35.138+0000] {dag.py:3239} INFO - Sync 1 DAGs
[2025-12-24T09:12:35.155+0000] {logging_mixin.py:190} INFO - [2025-12-24T09:12:35.155+0000] {dag.py:4180} INFO - Setting next_dagrun for tutorial_taskflow_api_virtualenv to None, run_after=None
[2025-12-24T09:12:35.183+0000] {processor.py:208} INFO - Processing /home/airflow/.local/lib/python3.11/site-packages/airflow/example_dags/tutorial_taskflow_api_virtualenv.py took 0.107 seconds
[2025-12-24T09:13:29.251+0000] {processor.py:186} INFO - Started process (PID=1609) to work on /home/airflow/.local/lib/python3.11/site-packages/airflow/example_dags/tutorial_taskflow_api_virtualenv.py
[2025-12-24T09:13:29.253+0000] {processor.py:914} INFO - Processing file /home/airflow/.local/lib/python3.11/site-packages/airflow/example_dags/tutorial_taskflow_api_virtualenv.py for tasks to queue
[2025-12-24T09:13:29.258+0000] {logging_mixin.py:190} INFO - [2025-12-24T09:13:29.258+0000] {dagbag.py:588} INFO - Filling up the DagBag from /home/airflow/.local/lib/python3.11/site-packages/airflow/example_dags/tutorial_taskflow_api_virtualenv.py
[2025-12-24T09:13:29.276+0000] {processor.py:925} INFO - DAG(s) 'tutorial_taskflow_api_virtualenv' retrieved from /home/airflow/.local/lib/python3.11/site-packages/airflow/example_dags/tutorial_taskflow_api_virtualenv.py
[2025-12-24T09:13:29.311+0000] {logging_mixin.py:190} INFO - [2025-12-24T09:13:29.310+0000] {dag.py:3239} INFO - Sync 1 DAGs
[2025-12-24T09:13:29.331+0000] {logging_mixin.py:190} INFO - [2025-12-24T09:13:29.330+0000] {dag.py:4180} INFO - Setting next_dagrun for tutorial_taskflow_api_virtualenv to None, run_after=None
[2025-12-24T09:13:29.355+0000] {processor.py:208} INFO - Processing /home/airflow/.local/lib/python3.11/site-packages/airflow/example_dags/tutorial_taskflow_api_virtualenv.py took 0.114 seconds
[2025-12-24T09:14:30.263+0000] {processor.py:186} INFO - Started process (PID=1725) to work on /home/airflow/.local/lib/python3.11/site-packages/airflow/example_dags/tutorial_taskflow_api_virtualenv.py
[2025-12-24T09:14:30.266+0000] {processor.py:914} INFO - Processing file /home/airflow/.local/lib/python3.11/site-packages/airflow/example_dags/tutorial_taskflow_api_virtualenv.py for tasks to queue
[2025-12-24T09:14:30.271+0000] {logging_mixin.py:190} INFO - [2025-12-24T09:14:30.270+0000] {dagbag.py:588} INFO - Filling up the DagBag from /home/airflow/.local/lib/python3.11/site-packages/airflow/example_dags/tutorial_taskflow_api_virtualenv.py
[2025-12-24T09:14:30.291+0000] {processor.py:925} INFO - DAG(s) 'tutorial_taskflow_api_virtualenv' retrieved from /home/airflow/.local/lib/python3.11/site-packages/airflow/example_dags/tutorial_taskflow_api_virtualenv.py
[2025-12-24T09:14:30.322+0000] {logging_mixin.py:190} INFO - [2025-12-24T09:14:30.321+0000] {dag.py:3239} INFO - Sync 1 DAGs
[2025-12-24T09:14:30.340+0000] {logging_mixin.py:190} INFO - [2025-12-24T09:14:30.339+0000] {dag.py:4180} INFO - Setting next_dagrun for tutorial_taskflow_api_virtualenv to None, run_after=None
[2025-12-24T09:14:30.367+0000] {processor.py:208} INFO - Processing /home/airflow/.local/lib/python3.11/site-packages/airflow/example_dags/tutorial_taskflow_api_virtualenv.py took 0.115 seconds
[2025-12-24T09:14:42.174+0000] {processor.py:186} INFO - Started process (PID=1791) to work on /home/airflow/.local/lib/python3.11/site-packages/airflow/example_dags/tutorial_taskflow_api_virtualenv.py
[2025-12-24T09:14:42.176+0000] {processor.py:914} INFO - Processing file /home/airflow/.local/lib/python3.11/site-packages/airflow/example_dags/tutorial_taskflow_api_virtualenv.py for tasks to queue
[2025-12-24T09:14:42.180+0000] {logging_mixin.py:190} INFO - [2025-12-24T09:14:42.179+0000] {dagbag.py:588} INFO - Filling up the DagBag from /home/airflow/.local/lib/python3.11/site-packages/airflow/example_dags/tutorial_taskflow_api_virtualenv.py
[2025-12-24T09:14:42.208+0000] {processor.py:925} INFO - DAG(s) 'tutorial_taskflow_api_virtualenv' retrieved from /home/airflow/.local/lib/python3.11/site-packages/airflow/example_dags/tutorial_taskflow_api_virtualenv.py
[2025-12-24T09:14:42.239+0000] {logging_mixin.py:190} INFO - [2025-12-24T09:14:42.239+0000] {dag.py:3239} INFO - Sync 1 DAGs
[2025-12-24T09:14:42.259+0000] {logging_mixin.py:190} INFO - [2025-12-24T09:14:42.258+0000] {dag.py:4180} INFO - Setting next_dagrun for tutorial_taskflow_api_virtualenv to None, run_after=None
[2025-12-24T09:14:42.285+0000] {processor.py:208} INFO - Processing /home/airflow/.local/lib/python3.11/site-packages/airflow/example_dags/tutorial_taskflow_api_virtualenv.py took 0.120 seconds
[2025-12-24T09:15:14.016+0000] {processor.py:186} INFO - Started process (PID=1854) to work on /home/airflow/.local/lib/python3.11/site-packages/airflow/example_dags/tutorial_taskflow_api_virtualenv.py
[2025-12-24T09:15:14.017+0000] {processor.py:914} INFO - Processing file /home/airflow/.local/lib/python3.11/site-packages/airflow/example_dags/tutorial_taskflow_api_virtualenv.py for tasks to queue
[2025-12-24T09:15:14.022+0000] {logging_mixin.py:190} INFO - [2025-12-24T09:15:14.021+0000] {dagbag.py:588} INFO - Filling up the DagBag from /home/airflow/.local/lib/python3.11/site-packages/airflow/example_dags/tutorial_taskflow_api_virtualenv.py
[2025-12-24T09:15:14.044+0000] {processor.py:925} INFO - DAG(s) 'tutorial_taskflow_api_virtualenv' retrieved from /home/airflow/.local/lib/python3.11/site-packages/airflow/example_dags/tutorial_taskflow_api_virtualenv.py
[2025-12-24T09:15:14.078+0000] {logging_mixin.py:190} INFO - [2025-12-24T09:15:14.077+0000] {dag.py:3239} INFO - Sync 1 DAGs
[2025-12-24T09:15:14.098+0000] {logging_mixin.py:190} INFO - [2025-12-24T09:15:14.098+0000] {dag.py:4180} INFO - Setting next_dagrun for tutorial_taskflow_api_virtualenv to None, run_after=None
[2025-12-24T09:15:14.128+0000] {processor.py:208} INFO - Processing /home/airflow/.local/lib/python3.11/site-packages/airflow/example_dags/tutorial_taskflow_api_virtualenv.py took 0.123 seconds
[2025-12-24T09:15:44.978+0000] {processor.py:186} INFO - Started process (PID=1915) to work on /home/airflow/.local/lib/python3.11/site-packages/airflow/example_dags/tutorial_taskflow_api_virtualenv.py
[2025-12-24T09:15:44.980+0000] {processor.py:914} INFO - Processing file /home/airflow/.local/lib/python3.11/site-packages/airflow/example_dags/tutorial_taskflow_api_virtualenv.py for tasks to queue
[2025-12-24T09:15:44.984+0000] {logging_mixin.py:190} INFO - [2025-12-24T09:15:44.983+0000] {dagbag.py:588} INFO - Filling up the DagBag from /home/airflow/.local/lib/python3.11/site-packages/airflow/example_dags/tutorial_taskflow_api_virtualenv.py
[2025-12-24T09:15:45.004+0000] {processor.py:925} INFO - DAG(s) 'tutorial_taskflow_api_virtualenv' retrieved from /home/airflow/.local/lib/python3.11/site-packages/airflow/example_dags/tutorial_taskflow_api_virtualenv.py
[2025-12-24T09:15:45.035+0000] {logging_mixin.py:190} INFO - [2025-12-24T09:15:45.034+0000] {dag.py:3239} INFO - Sync 1 DAGs
[2025-12-24T09:15:45.052+0000] {logging_mixin.py:190} INFO - [2025-12-24T09:15:45.051+0000] {dag.py:4180} INFO - Setting next_dagrun for tutorial_taskflow_api_virtualenv to None, run_after=None
[2025-12-24T09:15:45.080+0000] {processor.py:208} INFO - Processing /home/airflow/.local/lib/python3.11/site-packages/airflow/example_dags/tutorial_taskflow_api_virtualenv.py took 0.113 seconds
[2025-12-24T09:16:44.701+0000] {processor.py:186} INFO - Started process (PID=1979) to work on /home/airflow/.local/lib/python3.11/site-packages/airflow/example_dags/tutorial_taskflow_api_virtualenv.py
[2025-12-24T09:16:44.708+0000] {processor.py:914} INFO - Processing file /home/airflow/.local/lib/python3.11/site-packages/airflow/example_dags/tutorial_taskflow_api_virtualenv.py for tasks to queue
[2025-12-24T09:16:44.715+0000] {logging_mixin.py:190} INFO - [2025-12-24T09:16:44.714+0000] {dagbag.py:588} INFO - Filling up the DagBag from /home/airflow/.local/lib/python3.11/site-packages/airflow/example_dags/tutorial_taskflow_api_virtualenv.py
[2025-12-24T09:16:44.746+0000] {processor.py:925} INFO - DAG(s) 'tutorial_taskflow_api_virtualenv' retrieved from /home/airflow/.local/lib/python3.11/site-packages/airflow/example_dags/tutorial_taskflow_api_virtualenv.py
[2025-12-24T09:23:46.561+0000] {processor.py:186} INFO - Started process (PID=130) to work on /home/airflow/.local/lib/python3.11/site-packages/airflow/example_dags/tutorial_taskflow_api_virtualenv.py
[2025-12-24T09:23:46.564+0000] {processor.py:914} INFO - Processing file /home/airflow/.local/lib/python3.11/site-packages/airflow/example_dags/tutorial_taskflow_api_virtualenv.py for tasks to queue
[2025-12-24T09:23:46.571+0000] {logging_mixin.py:190} INFO - [2025-12-24T09:23:46.571+0000] {dagbag.py:588} INFO - Filling up the DagBag from /home/airflow/.local/lib/python3.11/site-packages/airflow/example_dags/tutorial_taskflow_api_virtualenv.py
[2025-12-24T09:23:46.602+0000] {processor.py:925} INFO - DAG(s) 'tutorial_taskflow_api_virtualenv' retrieved from /home/airflow/.local/lib/python3.11/site-packages/airflow/example_dags/tutorial_taskflow_api_virtualenv.py
[2025-12-24T09:23:46.920+0000] {logging_mixin.py:190} INFO - [2025-12-24T09:23:46.919+0000] {override.py:1911} INFO - Created Permission View: can delete on DAG:tutorial_taskflow_api_virtualenv
[2025-12-24T09:23:46.947+0000] {logging_mixin.py:190} INFO - [2025-12-24T09:23:46.945+0000] {override.py:1911} INFO - Created Permission View: can read on DAG:tutorial_taskflow_api_virtualenv
[2025-12-24T09:23:46.969+0000] {logging_mixin.py:190} INFO - [2025-12-24T09:23:46.969+0000] {override.py:1911} INFO - Created Permission View: can edit on DAG:tutorial_taskflow_api_virtualenv
[2025-12-24T09:23:46.995+0000] {logging_mixin.py:190} INFO - [2025-12-24T09:23:46.994+0000] {override.py:1911} INFO - Created Permission View: menu access on DAG Run:tutorial_taskflow_api_virtualenv
[2025-12-24T09:23:47.015+0000] {logging_mixin.py:190} INFO - [2025-12-24T09:23:47.014+0000] {override.py:1911} INFO - Created Permission View: can create on DAG Run:tutorial_taskflow_api_virtualenv
[2025-12-24T09:23:47.044+0000] {logging_mixin.py:190} INFO - [2025-12-24T09:23:47.044+0000] {override.py:1911} INFO - Created Permission View: can delete on DAG Run:tutorial_taskflow_api_virtualenv
[2025-12-24T09:23:47.060+0000] {logging_mixin.py:190} INFO - [2025-12-24T09:23:47.060+0000] {override.py:1911} INFO - Created Permission View: can read on DAG Run:tutorial_taskflow_api_virtualenv
[2025-12-24T09:23:47.062+0000] {logging_mixin.py:190} INFO - [2025-12-24T09:23:47.061+0000] {dag.py:3239} INFO - Sync 1 DAGs
[2025-12-24T09:23:47.087+0000] {logging_mixin.py:190} INFO - [2025-12-24T09:23:47.086+0000] {dag.py:3262} INFO - Creating ORM DAG for tutorial_taskflow_api_virtualenv
[2025-12-24T09:23:47.088+0000] {logging_mixin.py:190} INFO - [2025-12-24T09:23:47.088+0000] {dag.py:4180} INFO - Setting next_dagrun for tutorial_taskflow_api_virtualenv to None, run_after=None
[2025-12-24T09:23:47.131+0000] {processor.py:208} INFO - Processing /home/airflow/.local/lib/python3.11/site-packages/airflow/example_dags/tutorial_taskflow_api_virtualenv.py took 0.585 seconds
[2025-12-24T09:24:00.366+0000] {processor.py:186} INFO - Started process (PID=164) to work on /home/airflow/.local/lib/python3.11/site-packages/airflow/example_dags/tutorial_taskflow_api_virtualenv.py
[2025-12-24T09:24:00.368+0000] {processor.py:914} INFO - Processing file /home/airflow/.local/lib/python3.11/site-packages/airflow/example_dags/tutorial_taskflow_api_virtualenv.py for tasks to queue
[2025-12-24T09:24:00.374+0000] {logging_mixin.py:190} INFO - [2025-12-24T09:24:00.373+0000] {dagbag.py:588} INFO - Filling up the DagBag from /home/airflow/.local/lib/python3.11/site-packages/airflow/example_dags/tutorial_taskflow_api_virtualenv.py
[2025-12-24T09:24:00.405+0000] {processor.py:925} INFO - DAG(s) 'tutorial_taskflow_api_virtualenv' retrieved from /home/airflow/.local/lib/python3.11/site-packages/airflow/example_dags/tutorial_taskflow_api_virtualenv.py
[2025-12-24T09:24:00.437+0000] {logging_mixin.py:190} INFO - [2025-12-24T09:24:00.436+0000] {dag.py:3239} INFO - Sync 1 DAGs
[2025-12-24T09:24:00.470+0000] {logging_mixin.py:190} INFO - [2025-12-24T09:24:00.469+0000] {dag.py:4180} INFO - Setting next_dagrun for tutorial_taskflow_api_virtualenv to None, run_after=None
[2025-12-24T09:24:00.518+0000] {processor.py:208} INFO - Processing /home/airflow/.local/lib/python3.11/site-packages/airflow/example_dags/tutorial_taskflow_api_virtualenv.py took 0.167 seconds
[2025-12-24T09:24:06.803+0000] {processor.py:186} INFO - Started process (PID=204) to work on /home/airflow/.local/lib/python3.11/site-packages/airflow/example_dags/tutorial_taskflow_api_virtualenv.py
[2025-12-24T09:24:06.805+0000] {processor.py:914} INFO - Processing file /home/airflow/.local/lib/python3.11/site-packages/airflow/example_dags/tutorial_taskflow_api_virtualenv.py for tasks to queue
[2025-12-24T09:24:06.810+0000] {logging_mixin.py:190} INFO - [2025-12-24T09:24:06.810+0000] {dagbag.py:588} INFO - Filling up the DagBag from /home/airflow/.local/lib/python3.11/site-packages/airflow/example_dags/tutorial_taskflow_api_virtualenv.py
[2025-12-24T09:24:06.830+0000] {processor.py:925} INFO - DAG(s) 'tutorial_taskflow_api_virtualenv' retrieved from /home/airflow/.local/lib/python3.11/site-packages/airflow/example_dags/tutorial_taskflow_api_virtualenv.py
[2025-12-24T09:24:06.863+0000] {logging_mixin.py:190} INFO - [2025-12-24T09:24:06.862+0000] {dag.py:3239} INFO - Sync 1 DAGs
[2025-12-24T09:24:06.899+0000] {logging_mixin.py:190} INFO - [2025-12-24T09:24:06.899+0000] {dag.py:4180} INFO - Setting next_dagrun for tutorial_taskflow_api_virtualenv to None, run_after=None
[2025-12-24T09:24:06.936+0000] {processor.py:208} INFO - Processing /home/airflow/.local/lib/python3.11/site-packages/airflow/example_dags/tutorial_taskflow_api_virtualenv.py took 0.146 seconds
[2025-12-24T09:24:18.525+0000] {processor.py:186} INFO - Started process (PID=261) to work on /home/airflow/.local/lib/python3.11/site-packages/airflow/example_dags/tutorial_taskflow_api_virtualenv.py
[2025-12-24T09:24:18.527+0000] {processor.py:914} INFO - Processing file /home/airflow/.local/lib/python3.11/site-packages/airflow/example_dags/tutorial_taskflow_api_virtualenv.py for tasks to queue
[2025-12-24T09:24:18.531+0000] {logging_mixin.py:190} INFO - [2025-12-24T09:24:18.531+0000] {dagbag.py:588} INFO - Filling up the DagBag from /home/airflow/.local/lib/python3.11/site-packages/airflow/example_dags/tutorial_taskflow_api_virtualenv.py
[2025-12-24T09:24:18.557+0000] {processor.py:925} INFO - DAG(s) 'tutorial_taskflow_api_virtualenv' retrieved from /home/airflow/.local/lib/python3.11/site-packages/airflow/example_dags/tutorial_taskflow_api_virtualenv.py
[2025-12-24T09:24:18.587+0000] {logging_mixin.py:190} INFO - [2025-12-24T09:24:18.587+0000] {dag.py:3239} INFO - Sync 1 DAGs
[2025-12-24T09:24:18.604+0000] {logging_mixin.py:190} INFO - [2025-12-24T09:24:18.604+0000] {dag.py:4180} INFO - Setting next_dagrun for tutorial_taskflow_api_virtualenv to None, run_after=None
[2025-12-24T09:24:18.636+0000] {processor.py:208} INFO - Processing /home/airflow/.local/lib/python3.11/site-packages/airflow/example_dags/tutorial_taskflow_api_virtualenv.py took 0.122 seconds
[2025-12-24T09:24:46.939+0000] {processor.py:186} INFO - Started process (PID=319) to work on /home/airflow/.local/lib/python3.11/site-packages/airflow/example_dags/tutorial_taskflow_api_virtualenv.py
[2025-12-24T09:24:46.941+0000] {processor.py:914} INFO - Processing file /home/airflow/.local/lib/python3.11/site-packages/airflow/example_dags/tutorial_taskflow_api_virtualenv.py for tasks to queue
[2025-12-24T09:24:46.945+0000] {logging_mixin.py:190} INFO - [2025-12-24T09:24:46.945+0000] {dagbag.py:588} INFO - Filling up the DagBag from /home/airflow/.local/lib/python3.11/site-packages/airflow/example_dags/tutorial_taskflow_api_virtualenv.py
[2025-12-24T09:24:46.965+0000] {processor.py:925} INFO - DAG(s) 'tutorial_taskflow_api_virtualenv' retrieved from /home/airflow/.local/lib/python3.11/site-packages/airflow/example_dags/tutorial_taskflow_api_virtualenv.py
[2025-12-24T09:24:46.997+0000] {logging_mixin.py:190} INFO - [2025-12-24T09:24:46.996+0000] {dag.py:3239} INFO - Sync 1 DAGs
[2025-12-24T09:24:47.016+0000] {logging_mixin.py:190} INFO - [2025-12-24T09:24:47.015+0000] {dag.py:4180} INFO - Setting next_dagrun for tutorial_taskflow_api_virtualenv to None, run_after=None
[2025-12-24T09:24:47.051+0000] {processor.py:208} INFO - Processing /home/airflow/.local/lib/python3.11/site-packages/airflow/example_dags/tutorial_taskflow_api_virtualenv.py took 0.132 seconds
[2025-12-24T09:24:58.916+0000] {processor.py:186} INFO - Started process (PID=377) to work on /home/airflow/.local/lib/python3.11/site-packages/airflow/example_dags/tutorial_taskflow_api_virtualenv.py
[2025-12-24T09:24:58.919+0000] {processor.py:914} INFO - Processing file /home/airflow/.local/lib/python3.11/site-packages/airflow/example_dags/tutorial_taskflow_api_virtualenv.py for tasks to queue
[2025-12-24T09:24:58.926+0000] {logging_mixin.py:190} INFO - [2025-12-24T09:24:58.925+0000] {dagbag.py:588} INFO - Filling up the DagBag from /home/airflow/.local/lib/python3.11/site-packages/airflow/example_dags/tutorial_taskflow_api_virtualenv.py
[2025-12-24T09:24:58.953+0000] {processor.py:925} INFO - DAG(s) 'tutorial_taskflow_api_virtualenv' retrieved from /home/airflow/.local/lib/python3.11/site-packages/airflow/example_dags/tutorial_taskflow_api_virtualenv.py
[2025-12-24T09:24:58.996+0000] {logging_mixin.py:190} INFO - [2025-12-24T09:24:58.995+0000] {dag.py:3239} INFO - Sync 1 DAGs
[2025-12-24T09:24:59.018+0000] {logging_mixin.py:190} INFO - [2025-12-24T09:24:59.018+0000] {dag.py:4180} INFO - Setting next_dagrun for tutorial_taskflow_api_virtualenv to None, run_after=None
[2025-12-24T09:24:59.053+0000] {processor.py:208} INFO - Processing /home/airflow/.local/lib/python3.11/site-packages/airflow/example_dags/tutorial_taskflow_api_virtualenv.py took 0.151 seconds
[2025-12-24T09:25:16.818+0000] {processor.py:186} INFO - Started process (PID=437) to work on /home/airflow/.local/lib/python3.11/site-packages/airflow/example_dags/tutorial_taskflow_api_virtualenv.py
[2025-12-24T09:25:16.820+0000] {processor.py:914} INFO - Processing file /home/airflow/.local/lib/python3.11/site-packages/airflow/example_dags/tutorial_taskflow_api_virtualenv.py for tasks to queue
[2025-12-24T09:25:16.824+0000] {logging_mixin.py:190} INFO - [2025-12-24T09:25:16.824+0000] {dagbag.py:588} INFO - Filling up the DagBag from /home/airflow/.local/lib/python3.11/site-packages/airflow/example_dags/tutorial_taskflow_api_virtualenv.py
[2025-12-24T09:25:16.844+0000] {processor.py:925} INFO - DAG(s) 'tutorial_taskflow_api_virtualenv' retrieved from /home/airflow/.local/lib/python3.11/site-packages/airflow/example_dags/tutorial_taskflow_api_virtualenv.py
[2025-12-24T09:25:16.874+0000] {logging_mixin.py:190} INFO - [2025-12-24T09:25:16.873+0000] {dag.py:3239} INFO - Sync 1 DAGs
[2025-12-24T09:25:16.891+0000] {logging_mixin.py:190} INFO - [2025-12-24T09:25:16.891+0000] {dag.py:4180} INFO - Setting next_dagrun for tutorial_taskflow_api_virtualenv to None, run_after=None
[2025-12-24T09:25:16.919+0000] {processor.py:208} INFO - Processing /home/airflow/.local/lib/python3.11/site-packages/airflow/example_dags/tutorial_taskflow_api_virtualenv.py took 0.110 seconds
[2025-12-24T09:25:23.228+0000] {processor.py:186} INFO - Started process (PID=491) to work on /home/airflow/.local/lib/python3.11/site-packages/airflow/example_dags/tutorial_taskflow_api_virtualenv.py
[2025-12-24T09:25:23.230+0000] {processor.py:914} INFO - Processing file /home/airflow/.local/lib/python3.11/site-packages/airflow/example_dags/tutorial_taskflow_api_virtualenv.py for tasks to queue
[2025-12-24T09:25:23.235+0000] {logging_mixin.py:190} INFO - [2025-12-24T09:25:23.234+0000] {dagbag.py:588} INFO - Filling up the DagBag from /home/airflow/.local/lib/python3.11/site-packages/airflow/example_dags/tutorial_taskflow_api_virtualenv.py
[2025-12-24T09:25:23.256+0000] {processor.py:925} INFO - DAG(s) 'tutorial_taskflow_api_virtualenv' retrieved from /home/airflow/.local/lib/python3.11/site-packages/airflow/example_dags/tutorial_taskflow_api_virtualenv.py
[2025-12-24T09:25:23.311+0000] {logging_mixin.py:190} INFO - [2025-12-24T09:25:23.311+0000] {dag.py:3239} INFO - Sync 1 DAGs
[2025-12-24T09:25:23.330+0000] {logging_mixin.py:190} INFO - [2025-12-24T09:25:23.330+0000] {dag.py:4180} INFO - Setting next_dagrun for tutorial_taskflow_api_virtualenv to None, run_after=None
[2025-12-24T09:25:23.359+0000] {processor.py:208} INFO - Processing /home/airflow/.local/lib/python3.11/site-packages/airflow/example_dags/tutorial_taskflow_api_virtualenv.py took 0.141 seconds
[2025-12-24T09:26:00.110+0000] {processor.py:186} INFO - Started process (PID=588) to work on /home/airflow/.local/lib/python3.11/site-packages/airflow/example_dags/tutorial_taskflow_api_virtualenv.py
[2025-12-24T09:26:00.114+0000] {processor.py:914} INFO - Processing file /home/airflow/.local/lib/python3.11/site-packages/airflow/example_dags/tutorial_taskflow_api_virtualenv.py for tasks to queue
[2025-12-24T09:26:00.120+0000] {logging_mixin.py:190} INFO - [2025-12-24T09:26:00.119+0000] {dagbag.py:588} INFO - Filling up the DagBag from /home/airflow/.local/lib/python3.11/site-packages/airflow/example_dags/tutorial_taskflow_api_virtualenv.py
[2025-12-24T09:26:00.149+0000] {processor.py:925} INFO - DAG(s) 'tutorial_taskflow_api_virtualenv' retrieved from /home/airflow/.local/lib/python3.11/site-packages/airflow/example_dags/tutorial_taskflow_api_virtualenv.py
[2025-12-24T09:26:00.196+0000] {logging_mixin.py:190} INFO - [2025-12-24T09:26:00.195+0000] {dag.py:3239} INFO - Sync 1 DAGs
[2025-12-24T09:26:00.221+0000] {logging_mixin.py:190} INFO - [2025-12-24T09:26:00.221+0000] {dag.py:4180} INFO - Setting next_dagrun for tutorial_taskflow_api_virtualenv to None, run_after=None
[2025-12-24T09:26:00.260+0000] {processor.py:208} INFO - Processing /home/airflow/.local/lib/python3.11/site-packages/airflow/example_dags/tutorial_taskflow_api_virtualenv.py took 0.169 seconds
[2025-12-24T09:26:09.010+0000] {processor.py:186} INFO - Started process (PID=645) to work on /home/airflow/.local/lib/python3.11/site-packages/airflow/example_dags/tutorial_taskflow_api_virtualenv.py
[2025-12-24T09:26:09.013+0000] {processor.py:914} INFO - Processing file /home/airflow/.local/lib/python3.11/site-packages/airflow/example_dags/tutorial_taskflow_api_virtualenv.py for tasks to queue
[2025-12-24T09:26:09.017+0000] {logging_mixin.py:190} INFO - [2025-12-24T09:26:09.017+0000] {dagbag.py:588} INFO - Filling up the DagBag from /home/airflow/.local/lib/python3.11/site-packages/airflow/example_dags/tutorial_taskflow_api_virtualenv.py
[2025-12-24T09:26:09.041+0000] {processor.py:925} INFO - DAG(s) 'tutorial_taskflow_api_virtualenv' retrieved from /home/airflow/.local/lib/python3.11/site-packages/airflow/example_dags/tutorial_taskflow_api_virtualenv.py
[2025-12-24T09:26:09.076+0000] {logging_mixin.py:190} INFO - [2025-12-24T09:26:09.075+0000] {dag.py:3239} INFO - Sync 1 DAGs
[2025-12-24T09:26:09.108+0000] {logging_mixin.py:190} INFO - [2025-12-24T09:26:09.107+0000] {dag.py:4180} INFO - Setting next_dagrun for tutorial_taskflow_api_virtualenv to None, run_after=None
[2025-12-24T09:26:09.164+0000] {processor.py:208} INFO - Processing /home/airflow/.local/lib/python3.11/site-packages/airflow/example_dags/tutorial_taskflow_api_virtualenv.py took 0.166 seconds
[2025-12-24T09:26:17.154+0000] {processor.py:186} INFO - Started process (PID=699) to work on /home/airflow/.local/lib/python3.11/site-packages/airflow/example_dags/tutorial_taskflow_api_virtualenv.py
[2025-12-24T09:26:17.167+0000] {processor.py:914} INFO - Processing file /home/airflow/.local/lib/python3.11/site-packages/airflow/example_dags/tutorial_taskflow_api_virtualenv.py for tasks to queue
[2025-12-24T09:26:17.173+0000] {logging_mixin.py:190} INFO - [2025-12-24T09:26:17.172+0000] {dagbag.py:588} INFO - Filling up the DagBag from /home/airflow/.local/lib/python3.11/site-packages/airflow/example_dags/tutorial_taskflow_api_virtualenv.py
[2025-12-24T09:26:17.200+0000] {processor.py:925} INFO - DAG(s) 'tutorial_taskflow_api_virtualenv' retrieved from /home/airflow/.local/lib/python3.11/site-packages/airflow/example_dags/tutorial_taskflow_api_virtualenv.py
[2025-12-24T09:26:17.248+0000] {logging_mixin.py:190} INFO - [2025-12-24T09:26:17.247+0000] {dag.py:3239} INFO - Sync 1 DAGs
[2025-12-24T09:26:17.279+0000] {logging_mixin.py:190} INFO - [2025-12-24T09:26:17.279+0000] {dag.py:4180} INFO - Setting next_dagrun for tutorial_taskflow_api_virtualenv to None, run_after=None
[2025-12-24T09:26:17.321+0000] {processor.py:208} INFO - Processing /home/airflow/.local/lib/python3.11/site-packages/airflow/example_dags/tutorial_taskflow_api_virtualenv.py took 0.181 seconds
[2025-12-24T09:26:28.641+0000] {processor.py:186} INFO - Started process (PID=751) to work on /home/airflow/.local/lib/python3.11/site-packages/airflow/example_dags/tutorial_taskflow_api_virtualenv.py
[2025-12-24T09:26:28.643+0000] {processor.py:914} INFO - Processing file /home/airflow/.local/lib/python3.11/site-packages/airflow/example_dags/tutorial_taskflow_api_virtualenv.py for tasks to queue
[2025-12-24T09:26:28.648+0000] {logging_mixin.py:190} INFO - [2025-12-24T09:26:28.647+0000] {dagbag.py:588} INFO - Filling up the DagBag from /home/airflow/.local/lib/python3.11/site-packages/airflow/example_dags/tutorial_taskflow_api_virtualenv.py
[2025-12-24T09:26:28.671+0000] {processor.py:925} INFO - DAG(s) 'tutorial_taskflow_api_virtualenv' retrieved from /home/airflow/.local/lib/python3.11/site-packages/airflow/example_dags/tutorial_taskflow_api_virtualenv.py
[2025-12-24T09:26:28.706+0000] {logging_mixin.py:190} INFO - [2025-12-24T09:26:28.705+0000] {dag.py:3239} INFO - Sync 1 DAGs
[2025-12-24T09:26:28.729+0000] {logging_mixin.py:190} INFO - [2025-12-24T09:26:28.728+0000] {dag.py:4180} INFO - Setting next_dagrun for tutorial_taskflow_api_virtualenv to None, run_after=None
[2025-12-24T09:26:28.775+0000] {processor.py:208} INFO - Processing /home/airflow/.local/lib/python3.11/site-packages/airflow/example_dags/tutorial_taskflow_api_virtualenv.py took 0.146 seconds
[2025-12-24T09:26:39.320+0000] {processor.py:186} INFO - Started process (PID=808) to work on /home/airflow/.local/lib/python3.11/site-packages/airflow/example_dags/tutorial_taskflow_api_virtualenv.py
[2025-12-24T09:26:39.323+0000] {processor.py:914} INFO - Processing file /home/airflow/.local/lib/python3.11/site-packages/airflow/example_dags/tutorial_taskflow_api_virtualenv.py for tasks to queue
[2025-12-24T09:26:39.329+0000] {logging_mixin.py:190} INFO - [2025-12-24T09:26:39.328+0000] {dagbag.py:588} INFO - Filling up the DagBag from /home/airflow/.local/lib/python3.11/site-packages/airflow/example_dags/tutorial_taskflow_api_virtualenv.py
[2025-12-24T09:26:39.356+0000] {processor.py:925} INFO - DAG(s) 'tutorial_taskflow_api_virtualenv' retrieved from /home/airflow/.local/lib/python3.11/site-packages/airflow/example_dags/tutorial_taskflow_api_virtualenv.py
[2025-12-24T09:26:39.412+0000] {logging_mixin.py:190} INFO - [2025-12-24T09:26:39.411+0000] {dag.py:3239} INFO - Sync 1 DAGs
[2025-12-24T09:26:39.445+0000] {logging_mixin.py:190} INFO - [2025-12-24T09:26:39.445+0000] {dag.py:4180} INFO - Setting next_dagrun for tutorial_taskflow_api_virtualenv to None, run_after=None
[2025-12-24T09:26:39.496+0000] {processor.py:208} INFO - Processing /home/airflow/.local/lib/python3.11/site-packages/airflow/example_dags/tutorial_taskflow_api_virtualenv.py took 0.190 seconds
[2025-12-24T09:26:50.242+0000] {processor.py:186} INFO - Started process (PID=861) to work on /home/airflow/.local/lib/python3.11/site-packages/airflow/example_dags/tutorial_taskflow_api_virtualenv.py
[2025-12-24T09:26:50.244+0000] {processor.py:914} INFO - Processing file /home/airflow/.local/lib/python3.11/site-packages/airflow/example_dags/tutorial_taskflow_api_virtualenv.py for tasks to queue
[2025-12-24T09:26:50.251+0000] {logging_mixin.py:190} INFO - [2025-12-24T09:26:50.250+0000] {dagbag.py:588} INFO - Filling up the DagBag from /home/airflow/.local/lib/python3.11/site-packages/airflow/example_dags/tutorial_taskflow_api_virtualenv.py
[2025-12-24T09:26:50.287+0000] {processor.py:925} INFO - DAG(s) 'tutorial_taskflow_api_virtualenv' retrieved from /home/airflow/.local/lib/python3.11/site-packages/airflow/example_dags/tutorial_taskflow_api_virtualenv.py
[2025-12-24T09:26:50.334+0000] {logging_mixin.py:190} INFO - [2025-12-24T09:26:50.333+0000] {dag.py:3239} INFO - Sync 1 DAGs
[2025-12-24T09:26:50.356+0000] {logging_mixin.py:190} INFO - [2025-12-24T09:26:50.355+0000] {dag.py:4180} INFO - Setting next_dagrun for tutorial_taskflow_api_virtualenv to None, run_after=None
[2025-12-24T09:26:50.389+0000] {processor.py:208} INFO - Processing /home/airflow/.local/lib/python3.11/site-packages/airflow/example_dags/tutorial_taskflow_api_virtualenv.py took 0.183 seconds
[2025-12-24T09:27:46.832+0000] {processor.py:186} INFO - Started process (PID=923) to work on /home/airflow/.local/lib/python3.11/site-packages/airflow/example_dags/tutorial_taskflow_api_virtualenv.py
[2025-12-24T09:27:46.833+0000] {processor.py:914} INFO - Processing file /home/airflow/.local/lib/python3.11/site-packages/airflow/example_dags/tutorial_taskflow_api_virtualenv.py for tasks to queue
[2025-12-24T09:27:46.838+0000] {logging_mixin.py:190} INFO - [2025-12-24T09:27:46.837+0000] {dagbag.py:588} INFO - Filling up the DagBag from /home/airflow/.local/lib/python3.11/site-packages/airflow/example_dags/tutorial_taskflow_api_virtualenv.py
[2025-12-24T09:27:46.863+0000] {processor.py:925} INFO - DAG(s) 'tutorial_taskflow_api_virtualenv' retrieved from /home/airflow/.local/lib/python3.11/site-packages/airflow/example_dags/tutorial_taskflow_api_virtualenv.py
[2025-12-24T09:27:46.921+0000] {logging_mixin.py:190} INFO - [2025-12-24T09:27:46.920+0000] {dag.py:3239} INFO - Sync 1 DAGs
[2025-12-24T09:27:46.956+0000] {logging_mixin.py:190} INFO - [2025-12-24T09:27:46.956+0000] {dag.py:4180} INFO - Setting next_dagrun for tutorial_taskflow_api_virtualenv to None, run_after=None
[2025-12-24T09:27:46.994+0000] {processor.py:208} INFO - Processing /home/airflow/.local/lib/python3.11/site-packages/airflow/example_dags/tutorial_taskflow_api_virtualenv.py took 0.174 seconds
[2025-12-24T09:27:54.665+0000] {processor.py:186} INFO - Started process (PID=992) to work on /home/airflow/.local/lib/python3.11/site-packages/airflow/example_dags/tutorial_taskflow_api_virtualenv.py
[2025-12-24T09:27:54.668+0000] {processor.py:914} INFO - Processing file /home/airflow/.local/lib/python3.11/site-packages/airflow/example_dags/tutorial_taskflow_api_virtualenv.py for tasks to queue
[2025-12-24T09:27:54.674+0000] {logging_mixin.py:190} INFO - [2025-12-24T09:27:54.673+0000] {dagbag.py:588} INFO - Filling up the DagBag from /home/airflow/.local/lib/python3.11/site-packages/airflow/example_dags/tutorial_taskflow_api_virtualenv.py
[2025-12-24T09:27:54.700+0000] {processor.py:925} INFO - DAG(s) 'tutorial_taskflow_api_virtualenv' retrieved from /home/airflow/.local/lib/python3.11/site-packages/airflow/example_dags/tutorial_taskflow_api_virtualenv.py
[2025-12-24T09:27:54.744+0000] {logging_mixin.py:190} INFO - [2025-12-24T09:27:54.743+0000] {dag.py:3239} INFO - Sync 1 DAGs
[2025-12-24T09:27:54.771+0000] {logging_mixin.py:190} INFO - [2025-12-24T09:27:54.771+0000] {dag.py:4180} INFO - Setting next_dagrun for tutorial_taskflow_api_virtualenv to None, run_after=None
[2025-12-24T09:27:54.807+0000] {processor.py:208} INFO - Processing /home/airflow/.local/lib/python3.11/site-packages/airflow/example_dags/tutorial_taskflow_api_virtualenv.py took 0.157 seconds
[2025-12-24T09:28:04.852+0000] {processor.py:186} INFO - Started process (PID=1057) to work on /home/airflow/.local/lib/python3.11/site-packages/airflow/example_dags/tutorial_taskflow_api_virtualenv.py
[2025-12-24T09:28:04.854+0000] {processor.py:914} INFO - Processing file /home/airflow/.local/lib/python3.11/site-packages/airflow/example_dags/tutorial_taskflow_api_virtualenv.py for tasks to queue
[2025-12-24T09:28:04.861+0000] {logging_mixin.py:190} INFO - [2025-12-24T09:28:04.860+0000] {dagbag.py:588} INFO - Filling up the DagBag from /home/airflow/.local/lib/python3.11/site-packages/airflow/example_dags/tutorial_taskflow_api_virtualenv.py
[2025-12-24T09:28:04.892+0000] {processor.py:925} INFO - DAG(s) 'tutorial_taskflow_api_virtualenv' retrieved from /home/airflow/.local/lib/python3.11/site-packages/airflow/example_dags/tutorial_taskflow_api_virtualenv.py
[2025-12-24T09:28:04.940+0000] {logging_mixin.py:190} INFO - [2025-12-24T09:28:04.939+0000] {dag.py:3239} INFO - Sync 1 DAGs
[2025-12-24T09:28:04.995+0000] {logging_mixin.py:190} INFO - [2025-12-24T09:28:04.994+0000] {dag.py:4180} INFO - Setting next_dagrun for tutorial_taskflow_api_virtualenv to None, run_after=None
[2025-12-24T09:28:05.043+0000] {processor.py:208} INFO - Processing /home/airflow/.local/lib/python3.11/site-packages/airflow/example_dags/tutorial_taskflow_api_virtualenv.py took 0.205 seconds
[2025-12-24T09:28:19.020+0000] {processor.py:186} INFO - Started process (PID=1114) to work on /home/airflow/.local/lib/python3.11/site-packages/airflow/example_dags/tutorial_taskflow_api_virtualenv.py
[2025-12-24T09:28:19.022+0000] {processor.py:914} INFO - Processing file /home/airflow/.local/lib/python3.11/site-packages/airflow/example_dags/tutorial_taskflow_api_virtualenv.py for tasks to queue
[2025-12-24T09:28:19.028+0000] {logging_mixin.py:190} INFO - [2025-12-24T09:28:19.027+0000] {dagbag.py:588} INFO - Filling up the DagBag from /home/airflow/.local/lib/python3.11/site-packages/airflow/example_dags/tutorial_taskflow_api_virtualenv.py
[2025-12-24T09:28:19.048+0000] {processor.py:925} INFO - DAG(s) 'tutorial_taskflow_api_virtualenv' retrieved from /home/airflow/.local/lib/python3.11/site-packages/airflow/example_dags/tutorial_taskflow_api_virtualenv.py
[2025-12-24T09:28:19.112+0000] {logging_mixin.py:190} INFO - [2025-12-24T09:28:19.109+0000] {dag.py:3239} INFO - Sync 1 DAGs
[2025-12-24T09:28:19.148+0000] {logging_mixin.py:190} INFO - [2025-12-24T09:28:19.148+0000] {dag.py:4180} INFO - Setting next_dagrun for tutorial_taskflow_api_virtualenv to None, run_after=None
[2025-12-24T09:28:19.299+0000] {processor.py:208} INFO - Processing /home/airflow/.local/lib/python3.11/site-packages/airflow/example_dags/tutorial_taskflow_api_virtualenv.py took 0.289 seconds
[2025-12-24T09:29:17.412+0000] {processor.py:186} INFO - Started process (PID=1174) to work on /home/airflow/.local/lib/python3.11/site-packages/airflow/example_dags/tutorial_taskflow_api_virtualenv.py
[2025-12-24T09:29:17.415+0000] {processor.py:914} INFO - Processing file /home/airflow/.local/lib/python3.11/site-packages/airflow/example_dags/tutorial_taskflow_api_virtualenv.py for tasks to queue
[2025-12-24T09:29:17.420+0000] {logging_mixin.py:190} INFO - [2025-12-24T09:29:17.420+0000] {dagbag.py:588} INFO - Filling up the DagBag from /home/airflow/.local/lib/python3.11/site-packages/airflow/example_dags/tutorial_taskflow_api_virtualenv.py
[2025-12-24T09:29:17.446+0000] {processor.py:925} INFO - DAG(s) 'tutorial_taskflow_api_virtualenv' retrieved from /home/airflow/.local/lib/python3.11/site-packages/airflow/example_dags/tutorial_taskflow_api_virtualenv.py
[2025-12-24T09:29:17.493+0000] {logging_mixin.py:190} INFO - [2025-12-24T09:29:17.492+0000] {dag.py:3239} INFO - Sync 1 DAGs
[2025-12-24T09:29:17.523+0000] {logging_mixin.py:190} INFO - [2025-12-24T09:29:17.522+0000] {dag.py:4180} INFO - Setting next_dagrun for tutorial_taskflow_api_virtualenv to None, run_after=None
[2025-12-24T09:29:17.612+0000] {processor.py:208} INFO - Processing /home/airflow/.local/lib/python3.11/site-packages/airflow/example_dags/tutorial_taskflow_api_virtualenv.py took 0.212 seconds
