[2025-12-24T09:03:03.974+0000] {processor.py:186} INFO - Started process (PID=113) to work on /home/airflow/.local/lib/python3.11/site-packages/airflow/example_dags/tutorial_dag.py
[2025-12-24T09:03:03.975+0000] {processor.py:914} INFO - Processing file /home/airflow/.local/lib/python3.11/site-packages/airflow/example_dags/tutorial_dag.py for tasks to queue
[2025-12-24T09:03:03.981+0000] {logging_mixin.py:190} INFO - [2025-12-24T09:03:03.981+0000] {dagbag.py:588} INFO - Filling up the DagBag from /home/airflow/.local/lib/python3.11/site-packages/airflow/example_dags/tutorial_dag.py
[2025-12-24T09:03:03.997+0000] {processor.py:925} INFO - DAG(s) 'tutorial_dag' retrieved from /home/airflow/.local/lib/python3.11/site-packages/airflow/example_dags/tutorial_dag.py
[2025-12-24T09:03:04.181+0000] {logging_mixin.py:190} INFO - [2025-12-24T09:03:04.180+0000] {override.py:1911} INFO - Created Permission View: can edit on DAG:tutorial_dag
[2025-12-24T09:03:04.199+0000] {logging_mixin.py:190} INFO - [2025-12-24T09:03:04.198+0000] {override.py:1911} INFO - Created Permission View: can read on DAG:tutorial_dag
[2025-12-24T09:03:04.212+0000] {logging_mixin.py:190} INFO - [2025-12-24T09:03:04.212+0000] {override.py:1911} INFO - Created Permission View: can delete on DAG:tutorial_dag
[2025-12-24T09:03:04.231+0000] {logging_mixin.py:190} INFO - [2025-12-24T09:03:04.230+0000] {override.py:1911} INFO - Created Permission View: can read on DAG Run:tutorial_dag
[2025-12-24T09:03:04.243+0000] {logging_mixin.py:190} INFO - [2025-12-24T09:03:04.242+0000] {override.py:1911} INFO - Created Permission View: can create on DAG Run:tutorial_dag
[2025-12-24T09:03:04.261+0000] {logging_mixin.py:190} INFO - [2025-12-24T09:03:04.260+0000] {override.py:1911} INFO - Created Permission View: can delete on DAG Run:tutorial_dag
[2025-12-24T09:03:04.274+0000] {logging_mixin.py:190} INFO - [2025-12-24T09:03:04.274+0000] {override.py:1911} INFO - Created Permission View: menu access on DAG Run:tutorial_dag
[2025-12-24T09:03:04.276+0000] {logging_mixin.py:190} INFO - [2025-12-24T09:03:04.275+0000] {dag.py:3239} INFO - Sync 1 DAGs
[2025-12-24T09:03:04.293+0000] {logging_mixin.py:190} INFO - [2025-12-24T09:03:04.293+0000] {dag.py:3262} INFO - Creating ORM DAG for tutorial_dag
[2025-12-24T09:03:04.295+0000] {logging_mixin.py:190} INFO - [2025-12-24T09:03:04.295+0000] {dag.py:4180} INFO - Setting next_dagrun for tutorial_dag to None, run_after=None
[2025-12-24T09:03:04.327+0000] {processor.py:208} INFO - Processing /home/airflow/.local/lib/python3.11/site-packages/airflow/example_dags/tutorial_dag.py took 0.364 seconds
[2025-12-24T09:03:15.087+0000] {processor.py:186} INFO - Started process (PID=179) to work on /home/airflow/.local/lib/python3.11/site-packages/airflow/example_dags/tutorial_dag.py
[2025-12-24T09:03:15.089+0000] {processor.py:914} INFO - Processing file /home/airflow/.local/lib/python3.11/site-packages/airflow/example_dags/tutorial_dag.py for tasks to queue
[2025-12-24T09:03:15.095+0000] {logging_mixin.py:190} INFO - [2025-12-24T09:03:15.095+0000] {dagbag.py:588} INFO - Filling up the DagBag from /home/airflow/.local/lib/python3.11/site-packages/airflow/example_dags/tutorial_dag.py
[2025-12-24T09:03:15.109+0000] {processor.py:925} INFO - DAG(s) 'tutorial_dag' retrieved from /home/airflow/.local/lib/python3.11/site-packages/airflow/example_dags/tutorial_dag.py
[2025-12-24T09:03:15.134+0000] {logging_mixin.py:190} INFO - [2025-12-24T09:03:15.133+0000] {dag.py:3239} INFO - Sync 1 DAGs
[2025-12-24T09:03:15.162+0000] {logging_mixin.py:190} INFO - [2025-12-24T09:03:15.162+0000] {dag.py:4180} INFO - Setting next_dagrun for tutorial_dag to None, run_after=None
[2025-12-24T09:03:15.192+0000] {processor.py:208} INFO - Processing /home/airflow/.local/lib/python3.11/site-packages/airflow/example_dags/tutorial_dag.py took 0.119 seconds
[2025-12-24T09:04:18.519+0000] {processor.py:186} INFO - Started process (PID=236) to work on /home/airflow/.local/lib/python3.11/site-packages/airflow/example_dags/tutorial_dag.py
[2025-12-24T09:04:18.520+0000] {processor.py:914} INFO - Processing file /home/airflow/.local/lib/python3.11/site-packages/airflow/example_dags/tutorial_dag.py for tasks to queue
[2025-12-24T09:04:18.524+0000] {logging_mixin.py:190} INFO - [2025-12-24T09:04:18.523+0000] {dagbag.py:588} INFO - Filling up the DagBag from /home/airflow/.local/lib/python3.11/site-packages/airflow/example_dags/tutorial_dag.py
[2025-12-24T09:04:18.537+0000] {processor.py:925} INFO - DAG(s) 'tutorial_dag' retrieved from /home/airflow/.local/lib/python3.11/site-packages/airflow/example_dags/tutorial_dag.py
[2025-12-24T09:04:18.569+0000] {logging_mixin.py:190} INFO - [2025-12-24T09:04:18.569+0000] {dag.py:3239} INFO - Sync 1 DAGs
[2025-12-24T09:04:18.588+0000] {logging_mixin.py:190} INFO - [2025-12-24T09:04:18.588+0000] {dag.py:4180} INFO - Setting next_dagrun for tutorial_dag to None, run_after=None
[2025-12-24T09:04:18.617+0000] {processor.py:208} INFO - Processing /home/airflow/.local/lib/python3.11/site-packages/airflow/example_dags/tutorial_dag.py took 0.108 seconds
[2025-12-24T09:04:15.989+0000] {processor.py:186} INFO - Started process (PID=308) to work on /home/airflow/.local/lib/python3.11/site-packages/airflow/example_dags/tutorial_dag.py
[2025-12-24T09:04:15.991+0000] {processor.py:914} INFO - Processing file /home/airflow/.local/lib/python3.11/site-packages/airflow/example_dags/tutorial_dag.py for tasks to queue
[2025-12-24T09:04:15.997+0000] {logging_mixin.py:190} INFO - [2025-12-24T09:04:15.996+0000] {dagbag.py:588} INFO - Filling up the DagBag from /home/airflow/.local/lib/python3.11/site-packages/airflow/example_dags/tutorial_dag.py
[2025-12-24T09:04:16.013+0000] {processor.py:925} INFO - DAG(s) 'tutorial_dag' retrieved from /home/airflow/.local/lib/python3.11/site-packages/airflow/example_dags/tutorial_dag.py
[2025-12-24T09:04:16.050+0000] {logging_mixin.py:190} INFO - [2025-12-24T09:04:16.049+0000] {dag.py:3239} INFO - Sync 1 DAGs
[2025-12-24T09:04:16.075+0000] {logging_mixin.py:190} INFO - [2025-12-24T09:04:16.075+0000] {dag.py:4180} INFO - Setting next_dagrun for tutorial_dag to None, run_after=None
[2025-12-24T09:04:16.115+0000] {processor.py:208} INFO - Processing /home/airflow/.local/lib/python3.11/site-packages/airflow/example_dags/tutorial_dag.py took 0.138 seconds
[2025-12-24T09:05:28.016+0000] {processor.py:186} INFO - Started process (PID=370) to work on /home/airflow/.local/lib/python3.11/site-packages/airflow/example_dags/tutorial_dag.py
[2025-12-24T09:05:28.017+0000] {processor.py:914} INFO - Processing file /home/airflow/.local/lib/python3.11/site-packages/airflow/example_dags/tutorial_dag.py for tasks to queue
[2025-12-24T09:05:28.022+0000] {logging_mixin.py:190} INFO - [2025-12-24T09:05:28.021+0000] {dagbag.py:588} INFO - Filling up the DagBag from /home/airflow/.local/lib/python3.11/site-packages/airflow/example_dags/tutorial_dag.py
[2025-12-24T09:05:28.033+0000] {processor.py:925} INFO - DAG(s) 'tutorial_dag' retrieved from /home/airflow/.local/lib/python3.11/site-packages/airflow/example_dags/tutorial_dag.py
[2025-12-24T09:05:28.064+0000] {logging_mixin.py:190} INFO - [2025-12-24T09:05:28.063+0000] {dag.py:3239} INFO - Sync 1 DAGs
[2025-12-24T09:05:28.082+0000] {logging_mixin.py:190} INFO - [2025-12-24T09:05:28.081+0000] {dag.py:4180} INFO - Setting next_dagrun for tutorial_dag to None, run_after=None
[2025-12-24T09:05:28.113+0000] {processor.py:208} INFO - Processing /home/airflow/.local/lib/python3.11/site-packages/airflow/example_dags/tutorial_dag.py took 0.107 seconds
[2025-12-24T09:05:29.531+0000] {processor.py:186} INFO - Started process (PID=529) to work on /home/airflow/.local/lib/python3.11/site-packages/airflow/example_dags/tutorial_dag.py
[2025-12-24T09:05:29.534+0000] {processor.py:914} INFO - Processing file /home/airflow/.local/lib/python3.11/site-packages/airflow/example_dags/tutorial_dag.py for tasks to queue
[2025-12-24T09:05:29.538+0000] {logging_mixin.py:190} INFO - [2025-12-24T09:05:29.538+0000] {dagbag.py:588} INFO - Filling up the DagBag from /home/airflow/.local/lib/python3.11/site-packages/airflow/example_dags/tutorial_dag.py
[2025-12-24T09:05:29.553+0000] {processor.py:925} INFO - DAG(s) 'tutorial_dag' retrieved from /home/airflow/.local/lib/python3.11/site-packages/airflow/example_dags/tutorial_dag.py
[2025-12-24T09:05:29.596+0000] {logging_mixin.py:190} INFO - [2025-12-24T09:05:29.595+0000] {dag.py:3239} INFO - Sync 1 DAGs
[2025-12-24T09:05:29.631+0000] {logging_mixin.py:190} INFO - [2025-12-24T09:05:29.630+0000] {dag.py:4180} INFO - Setting next_dagrun for tutorial_dag to None, run_after=None
[2025-12-24T09:05:29.673+0000] {processor.py:208} INFO - Processing /home/airflow/.local/lib/python3.11/site-packages/airflow/example_dags/tutorial_dag.py took 0.156 seconds
[2025-12-24T09:06:23.807+0000] {processor.py:186} INFO - Started process (PID=584) to work on /home/airflow/.local/lib/python3.11/site-packages/airflow/example_dags/tutorial_dag.py
[2025-12-24T09:06:23.809+0000] {processor.py:914} INFO - Processing file /home/airflow/.local/lib/python3.11/site-packages/airflow/example_dags/tutorial_dag.py for tasks to queue
[2025-12-24T09:06:23.814+0000] {logging_mixin.py:190} INFO - [2025-12-24T09:06:23.814+0000] {dagbag.py:588} INFO - Filling up the DagBag from /home/airflow/.local/lib/python3.11/site-packages/airflow/example_dags/tutorial_dag.py
[2025-12-24T09:06:23.840+0000] {processor.py:925} INFO - DAG(s) 'tutorial_dag' retrieved from /home/airflow/.local/lib/python3.11/site-packages/airflow/example_dags/tutorial_dag.py
[2025-12-24T09:06:23.875+0000] {logging_mixin.py:190} INFO - [2025-12-24T09:06:23.874+0000] {dag.py:3239} INFO - Sync 1 DAGs
[2025-12-24T09:05:41.552+0000] {logging_mixin.py:190} INFO - [2025-12-24T09:06:23.898+0000] {dag.py:4180} INFO - Setting next_dagrun for tutorial_dag to None, run_after=None
[2025-12-24T09:05:41.588+0000] {processor.py:208} INFO - Processing /home/airflow/.local/lib/python3.11/site-packages/airflow/example_dags/tutorial_dag.py took 0.137 seconds
[2025-12-24T09:06:43.419+0000] {processor.py:186} INFO - Started process (PID=646) to work on /home/airflow/.local/lib/python3.11/site-packages/airflow/example_dags/tutorial_dag.py
[2025-12-24T09:06:43.420+0000] {processor.py:914} INFO - Processing file /home/airflow/.local/lib/python3.11/site-packages/airflow/example_dags/tutorial_dag.py for tasks to queue
[2025-12-24T09:06:43.424+0000] {logging_mixin.py:190} INFO - [2025-12-24T09:06:43.423+0000] {dagbag.py:588} INFO - Filling up the DagBag from /home/airflow/.local/lib/python3.11/site-packages/airflow/example_dags/tutorial_dag.py
[2025-12-24T09:06:43.436+0000] {processor.py:925} INFO - DAG(s) 'tutorial_dag' retrieved from /home/airflow/.local/lib/python3.11/site-packages/airflow/example_dags/tutorial_dag.py
[2025-12-24T09:06:43.470+0000] {logging_mixin.py:190} INFO - [2025-12-24T09:06:43.469+0000] {dag.py:3239} INFO - Sync 1 DAGs
[2025-12-24T09:06:43.503+0000] {logging_mixin.py:190} INFO - [2025-12-24T09:06:43.503+0000] {dag.py:4180} INFO - Setting next_dagrun for tutorial_dag to None, run_after=None
[2025-12-24T09:06:43.531+0000] {processor.py:208} INFO - Processing /home/airflow/.local/lib/python3.11/site-packages/airflow/example_dags/tutorial_dag.py took 0.122 seconds
[2025-12-24T09:06:46.459+0000] {processor.py:186} INFO - Started process (PID=720) to work on /home/airflow/.local/lib/python3.11/site-packages/airflow/example_dags/tutorial_dag.py
[2025-12-24T09:06:46.461+0000] {processor.py:914} INFO - Processing file /home/airflow/.local/lib/python3.11/site-packages/airflow/example_dags/tutorial_dag.py for tasks to queue
[2025-12-24T09:06:46.470+0000] {logging_mixin.py:190} INFO - [2025-12-24T09:06:46.469+0000] {dagbag.py:588} INFO - Filling up the DagBag from /home/airflow/.local/lib/python3.11/site-packages/airflow/example_dags/tutorial_dag.py
[2025-12-24T09:06:46.486+0000] {processor.py:925} INFO - DAG(s) 'tutorial_dag' retrieved from /home/airflow/.local/lib/python3.11/site-packages/airflow/example_dags/tutorial_dag.py
[2025-12-24T09:06:46.545+0000] {logging_mixin.py:190} INFO - [2025-12-24T09:06:46.544+0000] {dag.py:3239} INFO - Sync 1 DAGs
[2025-12-24T09:06:46.573+0000] {logging_mixin.py:190} INFO - [2025-12-24T09:06:46.572+0000] {dag.py:4180} INFO - Setting next_dagrun for tutorial_dag to None, run_after=None
[2025-12-24T09:06:46.618+0000] {processor.py:208} INFO - Processing /home/airflow/.local/lib/python3.11/site-packages/airflow/example_dags/tutorial_dag.py took 0.172 seconds
[2025-12-24T09:07:16.411+0000] {processor.py:186} INFO - Started process (PID=784) to work on /home/airflow/.local/lib/python3.11/site-packages/airflow/example_dags/tutorial_dag.py
[2025-12-24T09:07:16.413+0000] {processor.py:914} INFO - Processing file /home/airflow/.local/lib/python3.11/site-packages/airflow/example_dags/tutorial_dag.py for tasks to queue
[2025-12-24T09:07:16.418+0000] {logging_mixin.py:190} INFO - [2025-12-24T09:07:16.418+0000] {dagbag.py:588} INFO - Filling up the DagBag from /home/airflow/.local/lib/python3.11/site-packages/airflow/example_dags/tutorial_dag.py
[2025-12-24T09:07:16.431+0000] {processor.py:925} INFO - DAG(s) 'tutorial_dag' retrieved from /home/airflow/.local/lib/python3.11/site-packages/airflow/example_dags/tutorial_dag.py
[2025-12-24T09:07:16.463+0000] {logging_mixin.py:190} INFO - [2025-12-24T09:07:16.462+0000] {dag.py:3239} INFO - Sync 1 DAGs
[2025-12-24T09:07:16.494+0000] {logging_mixin.py:190} INFO - [2025-12-24T09:07:16.494+0000] {dag.py:4180} INFO - Setting next_dagrun for tutorial_dag to None, run_after=None
[2025-12-24T09:07:16.519+0000] {processor.py:208} INFO - Processing /home/airflow/.local/lib/python3.11/site-packages/airflow/example_dags/tutorial_dag.py took 0.119 seconds
[2025-12-24T09:07:26.352+0000] {processor.py:186} INFO - Started process (PID=841) to work on /home/airflow/.local/lib/python3.11/site-packages/airflow/example_dags/tutorial_dag.py
[2025-12-24T09:07:26.354+0000] {processor.py:914} INFO - Processing file /home/airflow/.local/lib/python3.11/site-packages/airflow/example_dags/tutorial_dag.py for tasks to queue
[2025-12-24T09:07:26.357+0000] {logging_mixin.py:190} INFO - [2025-12-24T09:07:26.357+0000] {dagbag.py:588} INFO - Filling up the DagBag from /home/airflow/.local/lib/python3.11/site-packages/airflow/example_dags/tutorial_dag.py
[2025-12-24T09:07:26.369+0000] {processor.py:925} INFO - DAG(s) 'tutorial_dag' retrieved from /home/airflow/.local/lib/python3.11/site-packages/airflow/example_dags/tutorial_dag.py
[2025-12-24T09:07:26.411+0000] {logging_mixin.py:190} INFO - [2025-12-24T09:07:26.411+0000] {dag.py:3239} INFO - Sync 1 DAGs
[2025-12-24T09:07:26.429+0000] {logging_mixin.py:190} INFO - [2025-12-24T09:07:26.429+0000] {dag.py:4180} INFO - Setting next_dagrun for tutorial_dag to None, run_after=None
[2025-12-24T09:07:26.454+0000] {processor.py:208} INFO - Processing /home/airflow/.local/lib/python3.11/site-packages/airflow/example_dags/tutorial_dag.py took 0.111 seconds
[2025-12-24T09:07:35.549+0000] {processor.py:186} INFO - Started process (PID=897) to work on /home/airflow/.local/lib/python3.11/site-packages/airflow/example_dags/tutorial_dag.py
[2025-12-24T09:07:35.552+0000] {processor.py:914} INFO - Processing file /home/airflow/.local/lib/python3.11/site-packages/airflow/example_dags/tutorial_dag.py for tasks to queue
[2025-12-24T09:07:35.559+0000] {logging_mixin.py:190} INFO - [2025-12-24T09:07:35.558+0000] {dagbag.py:588} INFO - Filling up the DagBag from /home/airflow/.local/lib/python3.11/site-packages/airflow/example_dags/tutorial_dag.py
[2025-12-24T09:07:35.576+0000] {processor.py:925} INFO - DAG(s) 'tutorial_dag' retrieved from /home/airflow/.local/lib/python3.11/site-packages/airflow/example_dags/tutorial_dag.py
[2025-12-24T09:07:35.616+0000] {logging_mixin.py:190} INFO - [2025-12-24T09:07:35.615+0000] {dag.py:3239} INFO - Sync 1 DAGs
[2025-12-24T09:07:35.643+0000] {logging_mixin.py:190} INFO - [2025-12-24T09:07:35.643+0000] {dag.py:4180} INFO - Setting next_dagrun for tutorial_dag to None, run_after=None
[2025-12-24T09:07:35.674+0000] {processor.py:208} INFO - Processing /home/airflow/.local/lib/python3.11/site-packages/airflow/example_dags/tutorial_dag.py took 0.141 seconds
[2025-12-24T09:07:44.839+0000] {processor.py:186} INFO - Started process (PID=953) to work on /home/airflow/.local/lib/python3.11/site-packages/airflow/example_dags/tutorial_dag.py
[2025-12-24T09:07:44.841+0000] {processor.py:914} INFO - Processing file /home/airflow/.local/lib/python3.11/site-packages/airflow/example_dags/tutorial_dag.py for tasks to queue
[2025-12-24T09:07:44.845+0000] {logging_mixin.py:190} INFO - [2025-12-24T09:07:44.845+0000] {dagbag.py:588} INFO - Filling up the DagBag from /home/airflow/.local/lib/python3.11/site-packages/airflow/example_dags/tutorial_dag.py
[2025-12-24T09:07:44.857+0000] {processor.py:925} INFO - DAG(s) 'tutorial_dag' retrieved from /home/airflow/.local/lib/python3.11/site-packages/airflow/example_dags/tutorial_dag.py
[2025-12-24T09:07:44.888+0000] {logging_mixin.py:190} INFO - [2025-12-24T09:07:44.887+0000] {dag.py:3239} INFO - Sync 1 DAGs
[2025-12-24T09:07:44.905+0000] {logging_mixin.py:190} INFO - [2025-12-24T09:07:44.904+0000] {dag.py:4180} INFO - Setting next_dagrun for tutorial_dag to None, run_after=None
[2025-12-24T09:07:44.928+0000] {processor.py:208} INFO - Processing /home/airflow/.local/lib/python3.11/site-packages/airflow/example_dags/tutorial_dag.py took 0.100 seconds
[2025-12-24T09:08:42.953+0000] {processor.py:186} INFO - Started process (PID=1016) to work on /home/airflow/.local/lib/python3.11/site-packages/airflow/example_dags/tutorial_dag.py
[2025-12-24T09:08:42.955+0000] {processor.py:914} INFO - Processing file /home/airflow/.local/lib/python3.11/site-packages/airflow/example_dags/tutorial_dag.py for tasks to queue
[2025-12-24T09:08:42.958+0000] {logging_mixin.py:190} INFO - [2025-12-24T09:08:42.958+0000] {dagbag.py:588} INFO - Filling up the DagBag from /home/airflow/.local/lib/python3.11/site-packages/airflow/example_dags/tutorial_dag.py
[2025-12-24T09:08:42.970+0000] {processor.py:925} INFO - DAG(s) 'tutorial_dag' retrieved from /home/airflow/.local/lib/python3.11/site-packages/airflow/example_dags/tutorial_dag.py
[2025-12-24T09:08:43.018+0000] {logging_mixin.py:190} INFO - [2025-12-24T09:08:43.017+0000] {dag.py:3239} INFO - Sync 1 DAGs
[2025-12-24T09:08:43.036+0000] {logging_mixin.py:190} INFO - [2025-12-24T09:08:43.036+0000] {dag.py:4180} INFO - Setting next_dagrun for tutorial_dag to None, run_after=None
[2025-12-24T09:08:43.064+0000] {processor.py:208} INFO - Processing /home/airflow/.local/lib/python3.11/site-packages/airflow/example_dags/tutorial_dag.py took 0.120 seconds
[2025-12-24T09:09:22.304+0000] {processor.py:186} INFO - Started process (PID=1083) to work on /home/airflow/.local/lib/python3.11/site-packages/airflow/example_dags/tutorial_dag.py
[2025-12-24T09:09:22.306+0000] {processor.py:914} INFO - Processing file /home/airflow/.local/lib/python3.11/site-packages/airflow/example_dags/tutorial_dag.py for tasks to queue
[2025-12-24T09:09:22.309+0000] {logging_mixin.py:190} INFO - [2025-12-24T09:09:22.309+0000] {dagbag.py:588} INFO - Filling up the DagBag from /home/airflow/.local/lib/python3.11/site-packages/airflow/example_dags/tutorial_dag.py
[2025-12-24T09:09:22.329+0000] {processor.py:925} INFO - DAG(s) 'tutorial_dag' retrieved from /home/airflow/.local/lib/python3.11/site-packages/airflow/example_dags/tutorial_dag.py
[2025-12-24T09:09:22.363+0000] {logging_mixin.py:190} INFO - [2025-12-24T09:09:22.363+0000] {dag.py:3239} INFO - Sync 1 DAGs
[2025-12-24T09:09:22.382+0000] {logging_mixin.py:190} INFO - [2025-12-24T09:09:22.382+0000] {dag.py:4180} INFO - Setting next_dagrun for tutorial_dag to None, run_after=None
[2025-12-24T09:09:22.405+0000] {processor.py:208} INFO - Processing /home/airflow/.local/lib/python3.11/site-packages/airflow/example_dags/tutorial_dag.py took 0.109 seconds
[2025-12-24T09:09:20.850+0000] {processor.py:186} INFO - Started process (PID=1163) to work on /home/airflow/.local/lib/python3.11/site-packages/airflow/example_dags/tutorial_dag.py
[2025-12-24T09:09:20.852+0000] {processor.py:914} INFO - Processing file /home/airflow/.local/lib/python3.11/site-packages/airflow/example_dags/tutorial_dag.py for tasks to queue
[2025-12-24T09:09:20.856+0000] {logging_mixin.py:190} INFO - [2025-12-24T09:09:20.856+0000] {dagbag.py:588} INFO - Filling up the DagBag from /home/airflow/.local/lib/python3.11/site-packages/airflow/example_dags/tutorial_dag.py
[2025-12-24T09:09:20.875+0000] {processor.py:925} INFO - DAG(s) 'tutorial_dag' retrieved from /home/airflow/.local/lib/python3.11/site-packages/airflow/example_dags/tutorial_dag.py
[2025-12-24T09:09:20.909+0000] {logging_mixin.py:190} INFO - [2025-12-24T09:09:20.908+0000] {dag.py:3239} INFO - Sync 1 DAGs
[2025-12-24T09:09:20.927+0000] {logging_mixin.py:190} INFO - [2025-12-24T09:09:20.927+0000] {dag.py:4180} INFO - Setting next_dagrun for tutorial_dag to None, run_after=None
[2025-12-24T09:09:20.958+0000] {processor.py:208} INFO - Processing /home/airflow/.local/lib/python3.11/site-packages/airflow/example_dags/tutorial_dag.py took 0.118 seconds
[2025-12-24T09:10:27.570+0000] {processor.py:186} INFO - Started process (PID=1222) to work on /home/airflow/.local/lib/python3.11/site-packages/airflow/example_dags/tutorial_dag.py
[2025-12-24T09:10:27.572+0000] {processor.py:914} INFO - Processing file /home/airflow/.local/lib/python3.11/site-packages/airflow/example_dags/tutorial_dag.py for tasks to queue
[2025-12-24T09:10:27.575+0000] {logging_mixin.py:190} INFO - [2025-12-24T09:10:27.575+0000] {dagbag.py:588} INFO - Filling up the DagBag from /home/airflow/.local/lib/python3.11/site-packages/airflow/example_dags/tutorial_dag.py
[2025-12-24T09:10:27.586+0000] {processor.py:925} INFO - DAG(s) 'tutorial_dag' retrieved from /home/airflow/.local/lib/python3.11/site-packages/airflow/example_dags/tutorial_dag.py
[2025-12-24T09:10:27.619+0000] {logging_mixin.py:190} INFO - [2025-12-24T09:10:27.618+0000] {dag.py:3239} INFO - Sync 1 DAGs
[2025-12-24T09:10:27.637+0000] {logging_mixin.py:190} INFO - [2025-12-24T09:10:27.637+0000] {dag.py:4180} INFO - Setting next_dagrun for tutorial_dag to None, run_after=None
[2025-12-24T09:10:27.663+0000] {processor.py:208} INFO - Processing /home/airflow/.local/lib/python3.11/site-packages/airflow/example_dags/tutorial_dag.py took 0.102 seconds
[2025-12-24T09:10:21.106+0000] {processor.py:186} INFO - Started process (PID=1294) to work on /home/airflow/.local/lib/python3.11/site-packages/airflow/example_dags/tutorial_dag.py
[2025-12-24T09:10:21.108+0000] {processor.py:914} INFO - Processing file /home/airflow/.local/lib/python3.11/site-packages/airflow/example_dags/tutorial_dag.py for tasks to queue
[2025-12-24T09:10:21.113+0000] {logging_mixin.py:190} INFO - [2025-12-24T09:10:21.112+0000] {dagbag.py:588} INFO - Filling up the DagBag from /home/airflow/.local/lib/python3.11/site-packages/airflow/example_dags/tutorial_dag.py
[2025-12-24T09:11:03.482+0000] {processor.py:925} INFO - DAG(s) 'tutorial_dag' retrieved from /home/airflow/.local/lib/python3.11/site-packages/airflow/example_dags/tutorial_dag.py
[2025-12-24T09:11:03.521+0000] {logging_mixin.py:190} INFO - [2025-12-24T09:11:03.520+0000] {dag.py:3239} INFO - Sync 1 DAGs
[2025-12-24T09:11:03.545+0000] {logging_mixin.py:190} INFO - [2025-12-24T09:11:03.544+0000] {dag.py:4180} INFO - Setting next_dagrun for tutorial_dag to None, run_after=None
[2025-12-24T09:11:03.582+0000] {processor.py:208} INFO - Processing /home/airflow/.local/lib/python3.11/site-packages/airflow/example_dags/tutorial_dag.py took 0.139 seconds
[2025-12-24T09:11:00.934+0000] {processor.py:186} INFO - Started process (PID=1401) to work on /home/airflow/.local/lib/python3.11/site-packages/airflow/example_dags/tutorial_dag.py
[2025-12-24T09:11:00.936+0000] {processor.py:914} INFO - Processing file /home/airflow/.local/lib/python3.11/site-packages/airflow/example_dags/tutorial_dag.py for tasks to queue
[2025-12-24T09:11:00.940+0000] {logging_mixin.py:190} INFO - [2025-12-24T09:11:00.939+0000] {dagbag.py:588} INFO - Filling up the DagBag from /home/airflow/.local/lib/python3.11/site-packages/airflow/example_dags/tutorial_dag.py
[2025-12-24T09:11:00.951+0000] {processor.py:925} INFO - DAG(s) 'tutorial_dag' retrieved from /home/airflow/.local/lib/python3.11/site-packages/airflow/example_dags/tutorial_dag.py
[2025-12-24T09:11:00.985+0000] {logging_mixin.py:190} INFO - [2025-12-24T09:11:00.984+0000] {dag.py:3239} INFO - Sync 1 DAGs
[2025-12-24T09:11:01.004+0000] {logging_mixin.py:190} INFO - [2025-12-24T09:11:01.003+0000] {dag.py:4180} INFO - Setting next_dagrun for tutorial_dag to None, run_after=None
[2025-12-24T09:11:01.032+0000] {processor.py:208} INFO - Processing /home/airflow/.local/lib/python3.11/site-packages/airflow/example_dags/tutorial_dag.py took 0.108 seconds
[2025-12-24T09:11:31.935+0000] {processor.py:186} INFO - Started process (PID=1463) to work on /home/airflow/.local/lib/python3.11/site-packages/airflow/example_dags/tutorial_dag.py
[2025-12-24T09:11:31.936+0000] {processor.py:914} INFO - Processing file /home/airflow/.local/lib/python3.11/site-packages/airflow/example_dags/tutorial_dag.py for tasks to queue
[2025-12-24T09:11:31.939+0000] {logging_mixin.py:190} INFO - [2025-12-24T09:11:31.939+0000] {dagbag.py:588} INFO - Filling up the DagBag from /home/airflow/.local/lib/python3.11/site-packages/airflow/example_dags/tutorial_dag.py
[2025-12-24T09:11:31.950+0000] {processor.py:925} INFO - DAG(s) 'tutorial_dag' retrieved from /home/airflow/.local/lib/python3.11/site-packages/airflow/example_dags/tutorial_dag.py
[2025-12-24T09:11:31.977+0000] {logging_mixin.py:190} INFO - [2025-12-24T09:11:31.977+0000] {dag.py:3239} INFO - Sync 1 DAGs
[2025-12-24T09:11:31.994+0000] {logging_mixin.py:190} INFO - [2025-12-24T09:11:31.994+0000] {dag.py:4180} INFO - Setting next_dagrun for tutorial_dag to None, run_after=None
[2025-12-24T09:11:32.017+0000] {processor.py:208} INFO - Processing /home/airflow/.local/lib/python3.11/site-packages/airflow/example_dags/tutorial_dag.py took 0.091 seconds
[2025-12-24T09:12:33.610+0000] {processor.py:186} INFO - Started process (PID=1525) to work on /home/airflow/.local/lib/python3.11/site-packages/airflow/example_dags/tutorial_dag.py
[2025-12-24T09:12:33.612+0000] {processor.py:914} INFO - Processing file /home/airflow/.local/lib/python3.11/site-packages/airflow/example_dags/tutorial_dag.py for tasks to queue
[2025-12-24T09:12:33.616+0000] {logging_mixin.py:190} INFO - [2025-12-24T09:12:33.616+0000] {dagbag.py:588} INFO - Filling up the DagBag from /home/airflow/.local/lib/python3.11/site-packages/airflow/example_dags/tutorial_dag.py
[2025-12-24T09:12:33.630+0000] {processor.py:925} INFO - DAG(s) 'tutorial_dag' retrieved from /home/airflow/.local/lib/python3.11/site-packages/airflow/example_dags/tutorial_dag.py
[2025-12-24T09:12:33.664+0000] {logging_mixin.py:190} INFO - [2025-12-24T09:12:33.663+0000] {dag.py:3239} INFO - Sync 1 DAGs
[2025-12-24T09:12:33.683+0000] {logging_mixin.py:190} INFO - [2025-12-24T09:12:33.682+0000] {dag.py:4180} INFO - Setting next_dagrun for tutorial_dag to None, run_after=None
[2025-12-24T09:12:33.706+0000] {processor.py:208} INFO - Processing /home/airflow/.local/lib/python3.11/site-packages/airflow/example_dags/tutorial_dag.py took 0.106 seconds
[2025-12-24T09:12:45.350+0000] {processor.py:186} INFO - Started process (PID=1591) to work on /home/airflow/.local/lib/python3.11/site-packages/airflow/example_dags/tutorial_dag.py
[2025-12-24T09:12:45.352+0000] {processor.py:914} INFO - Processing file /home/airflow/.local/lib/python3.11/site-packages/airflow/example_dags/tutorial_dag.py for tasks to queue
[2025-12-24T09:12:45.355+0000] {logging_mixin.py:190} INFO - [2025-12-24T09:12:45.355+0000] {dagbag.py:588} INFO - Filling up the DagBag from /home/airflow/.local/lib/python3.11/site-packages/airflow/example_dags/tutorial_dag.py
[2025-12-24T09:12:45.366+0000] {processor.py:925} INFO - DAG(s) 'tutorial_dag' retrieved from /home/airflow/.local/lib/python3.11/site-packages/airflow/example_dags/tutorial_dag.py
[2025-12-24T09:12:45.396+0000] {logging_mixin.py:190} INFO - [2025-12-24T09:12:45.396+0000] {dag.py:3239} INFO - Sync 1 DAGs
[2025-12-24T09:12:45.413+0000] {logging_mixin.py:190} INFO - [2025-12-24T09:12:45.413+0000] {dag.py:4180} INFO - Setting next_dagrun for tutorial_dag to None, run_after=None
[2025-12-24T09:12:45.448+0000] {processor.py:208} INFO - Processing /home/airflow/.local/lib/python3.11/site-packages/airflow/example_dags/tutorial_dag.py took 0.106 seconds
[2025-12-24T09:13:34.386+0000] {processor.py:186} INFO - Started process (PID=1658) to work on /home/airflow/.local/lib/python3.11/site-packages/airflow/example_dags/tutorial_dag.py
[2025-12-24T09:13:34.387+0000] {processor.py:914} INFO - Processing file /home/airflow/.local/lib/python3.11/site-packages/airflow/example_dags/tutorial_dag.py for tasks to queue
[2025-12-24T09:13:34.391+0000] {logging_mixin.py:190} INFO - [2025-12-24T09:13:34.391+0000] {dagbag.py:588} INFO - Filling up the DagBag from /home/airflow/.local/lib/python3.11/site-packages/airflow/example_dags/tutorial_dag.py
[2025-12-24T09:13:34.403+0000] {processor.py:925} INFO - DAG(s) 'tutorial_dag' retrieved from /home/airflow/.local/lib/python3.11/site-packages/airflow/example_dags/tutorial_dag.py
[2025-12-24T09:13:34.443+0000] {logging_mixin.py:190} INFO - [2025-12-24T09:13:34.442+0000] {dag.py:3239} INFO - Sync 1 DAGs
[2025-12-24T09:13:34.465+0000] {logging_mixin.py:190} INFO - [2025-12-24T09:13:34.464+0000] {dag.py:4180} INFO - Setting next_dagrun for tutorial_dag to None, run_after=None
[2025-12-24T09:13:34.491+0000] {processor.py:208} INFO - Processing /home/airflow/.local/lib/python3.11/site-packages/airflow/example_dags/tutorial_dag.py took 0.114 seconds
[2025-12-24T09:14:28.717+0000] {processor.py:186} INFO - Started process (PID=1708) to work on /home/airflow/.local/lib/python3.11/site-packages/airflow/example_dags/tutorial_dag.py
[2025-12-24T09:14:28.718+0000] {processor.py:914} INFO - Processing file /home/airflow/.local/lib/python3.11/site-packages/airflow/example_dags/tutorial_dag.py for tasks to queue
[2025-12-24T09:14:28.722+0000] {logging_mixin.py:190} INFO - [2025-12-24T09:14:28.721+0000] {dagbag.py:588} INFO - Filling up the DagBag from /home/airflow/.local/lib/python3.11/site-packages/airflow/example_dags/tutorial_dag.py
[2025-12-24T09:14:28.732+0000] {processor.py:925} INFO - DAG(s) 'tutorial_dag' retrieved from /home/airflow/.local/lib/python3.11/site-packages/airflow/example_dags/tutorial_dag.py
[2025-12-24T09:14:28.762+0000] {logging_mixin.py:190} INFO - [2025-12-24T09:14:28.761+0000] {dag.py:3239} INFO - Sync 1 DAGs
[2025-12-24T09:14:28.782+0000] {logging_mixin.py:190} INFO - [2025-12-24T09:14:28.781+0000] {dag.py:4180} INFO - Setting next_dagrun for tutorial_dag to None, run_after=None
[2025-12-24T09:14:28.809+0000] {processor.py:208} INFO - Processing /home/airflow/.local/lib/python3.11/site-packages/airflow/example_dags/tutorial_dag.py took 0.102 seconds
[2025-12-24T09:14:40.766+0000] {processor.py:186} INFO - Started process (PID=1780) to work on /home/airflow/.local/lib/python3.11/site-packages/airflow/example_dags/tutorial_dag.py
[2025-12-24T09:14:40.768+0000] {processor.py:914} INFO - Processing file /home/airflow/.local/lib/python3.11/site-packages/airflow/example_dags/tutorial_dag.py for tasks to queue
[2025-12-24T09:14:40.772+0000] {logging_mixin.py:190} INFO - [2025-12-24T09:14:40.771+0000] {dagbag.py:588} INFO - Filling up the DagBag from /home/airflow/.local/lib/python3.11/site-packages/airflow/example_dags/tutorial_dag.py
[2025-12-24T09:14:40.783+0000] {processor.py:925} INFO - DAG(s) 'tutorial_dag' retrieved from /home/airflow/.local/lib/python3.11/site-packages/airflow/example_dags/tutorial_dag.py
[2025-12-24T09:14:40.815+0000] {logging_mixin.py:190} INFO - [2025-12-24T09:14:40.815+0000] {dag.py:3239} INFO - Sync 1 DAGs
[2025-12-24T09:14:40.835+0000] {logging_mixin.py:190} INFO - [2025-12-24T09:14:40.834+0000] {dag.py:4180} INFO - Setting next_dagrun for tutorial_dag to None, run_after=None
[2025-12-24T09:14:40.861+0000] {processor.py:208} INFO - Processing /home/airflow/.local/lib/python3.11/site-packages/airflow/example_dags/tutorial_dag.py took 0.106 seconds
[2025-12-24T09:15:12.742+0000] {processor.py:186} INFO - Started process (PID=1844) to work on /home/airflow/.local/lib/python3.11/site-packages/airflow/example_dags/tutorial_dag.py
[2025-12-24T09:15:12.743+0000] {processor.py:914} INFO - Processing file /home/airflow/.local/lib/python3.11/site-packages/airflow/example_dags/tutorial_dag.py for tasks to queue
[2025-12-24T09:15:12.747+0000] {logging_mixin.py:190} INFO - [2025-12-24T09:15:12.746+0000] {dagbag.py:588} INFO - Filling up the DagBag from /home/airflow/.local/lib/python3.11/site-packages/airflow/example_dags/tutorial_dag.py
[2025-12-24T09:15:12.758+0000] {processor.py:925} INFO - DAG(s) 'tutorial_dag' retrieved from /home/airflow/.local/lib/python3.11/site-packages/airflow/example_dags/tutorial_dag.py
[2025-12-24T09:15:12.792+0000] {logging_mixin.py:190} INFO - [2025-12-24T09:15:12.791+0000] {dag.py:3239} INFO - Sync 1 DAGs
[2025-12-24T09:15:12.813+0000] {logging_mixin.py:190} INFO - [2025-12-24T09:15:12.813+0000] {dag.py:4180} INFO - Setting next_dagrun for tutorial_dag to None, run_after=None
[2025-12-24T09:15:12.850+0000] {processor.py:208} INFO - Processing /home/airflow/.local/lib/python3.11/site-packages/airflow/example_dags/tutorial_dag.py took 0.117 seconds
[2025-12-24T09:15:43.494+0000] {processor.py:186} INFO - Started process (PID=1905) to work on /home/airflow/.local/lib/python3.11/site-packages/airflow/example_dags/tutorial_dag.py
[2025-12-24T09:15:43.496+0000] {processor.py:914} INFO - Processing file /home/airflow/.local/lib/python3.11/site-packages/airflow/example_dags/tutorial_dag.py for tasks to queue
[2025-12-24T09:15:43.502+0000] {logging_mixin.py:190} INFO - [2025-12-24T09:15:43.501+0000] {dagbag.py:588} INFO - Filling up the DagBag from /home/airflow/.local/lib/python3.11/site-packages/airflow/example_dags/tutorial_dag.py
[2025-12-24T09:15:43.519+0000] {processor.py:925} INFO - DAG(s) 'tutorial_dag' retrieved from /home/airflow/.local/lib/python3.11/site-packages/airflow/example_dags/tutorial_dag.py
[2025-12-24T09:15:43.560+0000] {logging_mixin.py:190} INFO - [2025-12-24T09:15:43.560+0000] {dag.py:3239} INFO - Sync 1 DAGs
[2025-12-24T09:15:43.585+0000] {logging_mixin.py:190} INFO - [2025-12-24T09:15:43.585+0000] {dag.py:4180} INFO - Setting next_dagrun for tutorial_dag to None, run_after=None
[2025-12-24T09:15:43.618+0000] {processor.py:208} INFO - Processing /home/airflow/.local/lib/python3.11/site-packages/airflow/example_dags/tutorial_dag.py took 0.139 seconds
[2025-12-24T09:16:42.710+0000] {processor.py:186} INFO - Started process (PID=1968) to work on /home/airflow/.local/lib/python3.11/site-packages/airflow/example_dags/tutorial_dag.py
[2025-12-24T09:16:42.711+0000] {processor.py:914} INFO - Processing file /home/airflow/.local/lib/python3.11/site-packages/airflow/example_dags/tutorial_dag.py for tasks to queue
[2025-12-24T09:16:42.715+0000] {logging_mixin.py:190} INFO - [2025-12-24T09:16:42.715+0000] {dagbag.py:588} INFO - Filling up the DagBag from /home/airflow/.local/lib/python3.11/site-packages/airflow/example_dags/tutorial_dag.py
[2025-12-24T09:16:42.726+0000] {processor.py:925} INFO - DAG(s) 'tutorial_dag' retrieved from /home/airflow/.local/lib/python3.11/site-packages/airflow/example_dags/tutorial_dag.py
[2025-12-24T09:16:42.755+0000] {logging_mixin.py:190} INFO - [2025-12-24T09:16:42.754+0000] {dag.py:3239} INFO - Sync 1 DAGs
[2025-12-24T09:16:42.772+0000] {logging_mixin.py:190} INFO - [2025-12-24T09:16:42.771+0000] {dag.py:4180} INFO - Setting next_dagrun for tutorial_dag to None, run_after=None
[2025-12-24T09:16:42.808+0000] {processor.py:208} INFO - Processing /home/airflow/.local/lib/python3.11/site-packages/airflow/example_dags/tutorial_dag.py took 0.107 seconds
[2025-12-24T09:23:42.146+0000] {processor.py:186} INFO - Started process (PID=119) to work on /home/airflow/.local/lib/python3.11/site-packages/airflow/example_dags/tutorial_dag.py
[2025-12-24T09:23:42.148+0000] {processor.py:914} INFO - Processing file /home/airflow/.local/lib/python3.11/site-packages/airflow/example_dags/tutorial_dag.py for tasks to queue
[2025-12-24T09:23:42.153+0000] {logging_mixin.py:190} INFO - [2025-12-24T09:23:42.152+0000] {dagbag.py:588} INFO - Filling up the DagBag from /home/airflow/.local/lib/python3.11/site-packages/airflow/example_dags/tutorial_dag.py
[2025-12-24T09:23:42.171+0000] {processor.py:925} INFO - DAG(s) 'tutorial_dag' retrieved from /home/airflow/.local/lib/python3.11/site-packages/airflow/example_dags/tutorial_dag.py
[2025-12-24T09:23:42.446+0000] {logging_mixin.py:190} INFO - [2025-12-24T09:23:42.445+0000] {override.py:1911} INFO - Created Permission View: can delete on DAG:tutorial_dag
[2025-12-24T09:23:42.469+0000] {logging_mixin.py:190} INFO - [2025-12-24T09:23:42.469+0000] {override.py:1911} INFO - Created Permission View: can read on DAG:tutorial_dag
[2025-12-24T09:24:24.816+0000] {logging_mixin.py:190} INFO - [2025-12-24T09:24:24.815+0000] {override.py:1911} INFO - Created Permission View: can edit on DAG:tutorial_dag
[2025-12-24T09:24:24.847+0000] {logging_mixin.py:190} INFO - [2025-12-24T09:24:24.847+0000] {override.py:1911} INFO - Created Permission View: menu access on DAG Run:tutorial_dag
[2025-12-24T09:24:24.867+0000] {logging_mixin.py:190} INFO - [2025-12-24T09:24:24.867+0000] {override.py:1911} INFO - Created Permission View: can create on DAG Run:tutorial_dag
[2025-12-24T09:24:24.887+0000] {logging_mixin.py:190} INFO - [2025-12-24T09:24:24.887+0000] {override.py:1911} INFO - Created Permission View: can delete on DAG Run:tutorial_dag
[2025-12-24T09:24:24.909+0000] {logging_mixin.py:190} INFO - [2025-12-24T09:24:24.908+0000] {override.py:1911} INFO - Created Permission View: can read on DAG Run:tutorial_dag
[2025-12-24T09:24:24.911+0000] {logging_mixin.py:190} INFO - [2025-12-24T09:24:24.910+0000] {dag.py:3239} INFO - Sync 1 DAGs
[2025-12-24T09:24:24.943+0000] {logging_mixin.py:190} INFO - [2025-12-24T09:24:24.942+0000] {dag.py:3262} INFO - Creating ORM DAG for tutorial_dag
[2025-12-24T09:24:24.945+0000] {logging_mixin.py:190} INFO - [2025-12-24T09:24:24.944+0000] {dag.py:4180} INFO - Setting next_dagrun for tutorial_dag to None, run_after=None
[2025-12-24T09:24:24.981+0000] {processor.py:208} INFO - Processing /home/airflow/.local/lib/python3.11/site-packages/airflow/example_dags/tutorial_dag.py took 0.523 seconds
[2025-12-24T09:24:45.654+0000] {processor.py:186} INFO - Started process (PID=310) to work on /home/airflow/.local/lib/python3.11/site-packages/airflow/example_dags/tutorial_dag.py
[2025-12-24T09:24:45.667+0000] {processor.py:914} INFO - Processing file /home/airflow/.local/lib/python3.11/site-packages/airflow/example_dags/tutorial_dag.py for tasks to queue
[2025-12-24T09:24:45.673+0000] {logging_mixin.py:190} INFO - [2025-12-24T09:24:45.672+0000] {dagbag.py:588} INFO - Filling up the DagBag from /home/airflow/.local/lib/python3.11/site-packages/airflow/example_dags/tutorial_dag.py
[2025-12-24T09:24:45.687+0000] {processor.py:925} INFO - DAG(s) 'tutorial_dag' retrieved from /home/airflow/.local/lib/python3.11/site-packages/airflow/example_dags/tutorial_dag.py
[2025-12-24T09:24:45.718+0000] {logging_mixin.py:190} INFO - [2025-12-24T09:24:45.718+0000] {dag.py:3239} INFO - Sync 1 DAGs
[2025-12-24T09:24:45.737+0000] {logging_mixin.py:190} INFO - [2025-12-24T09:24:45.737+0000] {dag.py:4180} INFO - Setting next_dagrun for tutorial_dag to None, run_after=None
[2025-12-24T09:24:45.771+0000] {processor.py:208} INFO - Processing /home/airflow/.local/lib/python3.11/site-packages/airflow/example_dags/tutorial_dag.py took 0.130 seconds
[2025-12-24T09:24:57.197+0000] {processor.py:186} INFO - Started process (PID=366) to work on /home/airflow/.local/lib/python3.11/site-packages/airflow/example_dags/tutorial_dag.py
[2025-12-24T09:24:57.199+0000] {processor.py:914} INFO - Processing file /home/airflow/.local/lib/python3.11/site-packages/airflow/example_dags/tutorial_dag.py for tasks to queue
[2025-12-24T09:24:57.205+0000] {logging_mixin.py:190} INFO - [2025-12-24T09:24:57.204+0000] {dagbag.py:588} INFO - Filling up the DagBag from /home/airflow/.local/lib/python3.11/site-packages/airflow/example_dags/tutorial_dag.py
[2025-12-24T09:24:57.221+0000] {processor.py:925} INFO - DAG(s) 'tutorial_dag' retrieved from /home/airflow/.local/lib/python3.11/site-packages/airflow/example_dags/tutorial_dag.py
[2025-12-24T09:24:57.263+0000] {logging_mixin.py:190} INFO - [2025-12-24T09:24:57.262+0000] {dag.py:3239} INFO - Sync 1 DAGs
[2025-12-24T09:24:57.286+0000] {logging_mixin.py:190} INFO - [2025-12-24T09:24:57.285+0000] {dag.py:4180} INFO - Setting next_dagrun for tutorial_dag to None, run_after=None
[2025-12-24T09:24:57.324+0000] {processor.py:208} INFO - Processing /home/airflow/.local/lib/python3.11/site-packages/airflow/example_dags/tutorial_dag.py took 0.140 seconds
[2025-12-24T09:25:15.711+0000] {processor.py:186} INFO - Started process (PID=428) to work on /home/airflow/.local/lib/python3.11/site-packages/airflow/example_dags/tutorial_dag.py
[2025-12-24T09:25:15.713+0000] {processor.py:914} INFO - Processing file /home/airflow/.local/lib/python3.11/site-packages/airflow/example_dags/tutorial_dag.py for tasks to queue
[2025-12-24T09:25:15.717+0000] {logging_mixin.py:190} INFO - [2025-12-24T09:25:15.717+0000] {dagbag.py:588} INFO - Filling up the DagBag from /home/airflow/.local/lib/python3.11/site-packages/airflow/example_dags/tutorial_dag.py
[2025-12-24T09:25:15.746+0000] {processor.py:925} INFO - DAG(s) 'tutorial_dag' retrieved from /home/airflow/.local/lib/python3.11/site-packages/airflow/example_dags/tutorial_dag.py
[2025-12-24T09:25:15.789+0000] {logging_mixin.py:190} INFO - [2025-12-24T09:25:15.788+0000] {dag.py:3239} INFO - Sync 1 DAGs
[2025-12-24T09:25:15.809+0000] {logging_mixin.py:190} INFO - [2025-12-24T09:25:15.809+0000] {dag.py:4180} INFO - Setting next_dagrun for tutorial_dag to None, run_after=None
[2025-12-24T09:25:15.836+0000] {processor.py:208} INFO - Processing /home/airflow/.local/lib/python3.11/site-packages/airflow/example_dags/tutorial_dag.py took 0.135 seconds
[2025-12-24T09:25:22.134+0000] {processor.py:186} INFO - Started process (PID=482) to work on /home/airflow/.local/lib/python3.11/site-packages/airflow/example_dags/tutorial_dag.py
[2025-12-24T09:25:22.135+0000] {processor.py:914} INFO - Processing file /home/airflow/.local/lib/python3.11/site-packages/airflow/example_dags/tutorial_dag.py for tasks to queue
[2025-12-24T09:25:22.140+0000] {logging_mixin.py:190} INFO - [2025-12-24T09:25:22.139+0000] {dagbag.py:588} INFO - Filling up the DagBag from /home/airflow/.local/lib/python3.11/site-packages/airflow/example_dags/tutorial_dag.py
[2025-12-24T09:25:22.151+0000] {processor.py:925} INFO - DAG(s) 'tutorial_dag' retrieved from /home/airflow/.local/lib/python3.11/site-packages/airflow/example_dags/tutorial_dag.py
[2025-12-24T09:25:22.180+0000] {logging_mixin.py:190} INFO - [2025-12-24T09:25:22.179+0000] {dag.py:3239} INFO - Sync 1 DAGs
[2025-12-24T09:25:22.198+0000] {logging_mixin.py:190} INFO - [2025-12-24T09:25:22.198+0000] {dag.py:4180} INFO - Setting next_dagrun for tutorial_dag to None, run_after=None
[2025-12-24T09:25:22.227+0000] {processor.py:208} INFO - Processing /home/airflow/.local/lib/python3.11/site-packages/airflow/example_dags/tutorial_dag.py took 0.103 seconds
[2025-12-24T09:25:58.297+0000] {processor.py:186} INFO - Started process (PID=571) to work on /home/airflow/.local/lib/python3.11/site-packages/airflow/example_dags/tutorial_dag.py
[2025-12-24T09:25:58.299+0000] {processor.py:914} INFO - Processing file /home/airflow/.local/lib/python3.11/site-packages/airflow/example_dags/tutorial_dag.py for tasks to queue
[2025-12-24T09:25:58.303+0000] {logging_mixin.py:190} INFO - [2025-12-24T09:25:58.303+0000] {dagbag.py:588} INFO - Filling up the DagBag from /home/airflow/.local/lib/python3.11/site-packages/airflow/example_dags/tutorial_dag.py
[2025-12-24T09:25:58.319+0000] {processor.py:925} INFO - DAG(s) 'tutorial_dag' retrieved from /home/airflow/.local/lib/python3.11/site-packages/airflow/example_dags/tutorial_dag.py
[2025-12-24T09:25:58.354+0000] {logging_mixin.py:190} INFO - [2025-12-24T09:25:58.354+0000] {dag.py:3239} INFO - Sync 1 DAGs
[2025-12-24T09:25:58.379+0000] {logging_mixin.py:190} INFO - [2025-12-24T09:25:58.378+0000] {dag.py:4180} INFO - Setting next_dagrun for tutorial_dag to None, run_after=None
[2025-12-24T09:25:58.412+0000] {processor.py:208} INFO - Processing /home/airflow/.local/lib/python3.11/site-packages/airflow/example_dags/tutorial_dag.py took 0.127 seconds
[2025-12-24T09:26:07.335+0000] {processor.py:186} INFO - Started process (PID=634) to work on /home/airflow/.local/lib/python3.11/site-packages/airflow/example_dags/tutorial_dag.py
[2025-12-24T09:26:07.337+0000] {processor.py:914} INFO - Processing file /home/airflow/.local/lib/python3.11/site-packages/airflow/example_dags/tutorial_dag.py for tasks to queue
[2025-12-24T09:26:07.341+0000] {logging_mixin.py:190} INFO - [2025-12-24T09:26:07.341+0000] {dagbag.py:588} INFO - Filling up the DagBag from /home/airflow/.local/lib/python3.11/site-packages/airflow/example_dags/tutorial_dag.py
[2025-12-24T09:26:07.353+0000] {processor.py:925} INFO - DAG(s) 'tutorial_dag' retrieved from /home/airflow/.local/lib/python3.11/site-packages/airflow/example_dags/tutorial_dag.py
[2025-12-24T09:26:07.387+0000] {logging_mixin.py:190} INFO - [2025-12-24T09:26:07.386+0000] {dag.py:3239} INFO - Sync 1 DAGs
[2025-12-24T09:26:07.406+0000] {logging_mixin.py:190} INFO - [2025-12-24T09:26:07.406+0000] {dag.py:4180} INFO - Setting next_dagrun for tutorial_dag to None, run_after=None
[2025-12-24T09:26:07.440+0000] {processor.py:208} INFO - Processing /home/airflow/.local/lib/python3.11/site-packages/airflow/example_dags/tutorial_dag.py took 0.135 seconds
[2025-12-24T09:26:15.771+0000] {processor.py:186} INFO - Started process (PID=690) to work on /home/airflow/.local/lib/python3.11/site-packages/airflow/example_dags/tutorial_dag.py
[2025-12-24T09:26:15.772+0000] {processor.py:914} INFO - Processing file /home/airflow/.local/lib/python3.11/site-packages/airflow/example_dags/tutorial_dag.py for tasks to queue
[2025-12-24T09:26:15.776+0000] {logging_mixin.py:190} INFO - [2025-12-24T09:26:15.776+0000] {dagbag.py:588} INFO - Filling up the DagBag from /home/airflow/.local/lib/python3.11/site-packages/airflow/example_dags/tutorial_dag.py
[2025-12-24T09:26:15.788+0000] {processor.py:925} INFO - DAG(s) 'tutorial_dag' retrieved from /home/airflow/.local/lib/python3.11/site-packages/airflow/example_dags/tutorial_dag.py
[2025-12-24T09:26:15.818+0000] {logging_mixin.py:190} INFO - [2025-12-24T09:26:15.817+0000] {dag.py:3239} INFO - Sync 1 DAGs
[2025-12-24T09:26:15.837+0000] {logging_mixin.py:190} INFO - [2025-12-24T09:26:15.837+0000] {dag.py:4180} INFO - Setting next_dagrun for tutorial_dag to None, run_after=None
[2025-12-24T09:26:15.869+0000] {processor.py:208} INFO - Processing /home/airflow/.local/lib/python3.11/site-packages/airflow/example_dags/tutorial_dag.py took 0.108 seconds
[2025-12-24T09:26:26.739+0000] {processor.py:186} INFO - Started process (PID=742) to work on /home/airflow/.local/lib/python3.11/site-packages/airflow/example_dags/tutorial_dag.py
[2025-12-24T09:26:26.765+0000] {processor.py:914} INFO - Processing file /home/airflow/.local/lib/python3.11/site-packages/airflow/example_dags/tutorial_dag.py for tasks to queue
[2025-12-24T09:26:26.770+0000] {logging_mixin.py:190} INFO - [2025-12-24T09:26:26.769+0000] {dagbag.py:588} INFO - Filling up the DagBag from /home/airflow/.local/lib/python3.11/site-packages/airflow/example_dags/tutorial_dag.py
[2025-12-24T09:26:26.787+0000] {processor.py:925} INFO - DAG(s) 'tutorial_dag' retrieved from /home/airflow/.local/lib/python3.11/site-packages/airflow/example_dags/tutorial_dag.py
[2025-12-24T09:26:26.825+0000] {logging_mixin.py:190} INFO - [2025-12-24T09:26:26.824+0000] {dag.py:3239} INFO - Sync 1 DAGs
[2025-12-24T09:26:26.848+0000] {logging_mixin.py:190} INFO - [2025-12-24T09:26:26.848+0000] {dag.py:4180} INFO - Setting next_dagrun for tutorial_dag to None, run_after=None
[2025-12-24T09:26:26.875+0000] {processor.py:208} INFO - Processing /home/airflow/.local/lib/python3.11/site-packages/airflow/example_dags/tutorial_dag.py took 0.147 seconds
[2025-12-24T09:26:37.676+0000] {processor.py:186} INFO - Started process (PID=800) to work on /home/airflow/.local/lib/python3.11/site-packages/airflow/example_dags/tutorial_dag.py
[2025-12-24T09:26:37.678+0000] {processor.py:914} INFO - Processing file /home/airflow/.local/lib/python3.11/site-packages/airflow/example_dags/tutorial_dag.py for tasks to queue
[2025-12-24T09:26:37.683+0000] {logging_mixin.py:190} INFO - [2025-12-24T09:26:37.683+0000] {dagbag.py:588} INFO - Filling up the DagBag from /home/airflow/.local/lib/python3.11/site-packages/airflow/example_dags/tutorial_dag.py
[2025-12-24T09:26:37.696+0000] {processor.py:925} INFO - DAG(s) 'tutorial_dag' retrieved from /home/airflow/.local/lib/python3.11/site-packages/airflow/example_dags/tutorial_dag.py
[2025-12-24T09:26:37.740+0000] {logging_mixin.py:190} INFO - [2025-12-24T09:26:37.739+0000] {dag.py:3239} INFO - Sync 1 DAGs
[2025-12-24T09:26:37.768+0000] {logging_mixin.py:190} INFO - [2025-12-24T09:26:37.768+0000] {dag.py:4180} INFO - Setting next_dagrun for tutorial_dag to None, run_after=None
[2025-12-24T09:27:20.127+0000] {processor.py:208} INFO - Processing /home/airflow/.local/lib/python3.11/site-packages/airflow/example_dags/tutorial_dag.py took 0.137 seconds
[2025-12-24T09:27:50.601+0000] {processor.py:186} INFO - Started process (PID=935) to work on /home/airflow/.local/lib/python3.11/site-packages/airflow/example_dags/tutorial_dag.py
[2025-12-24T09:27:50.604+0000] {processor.py:914} INFO - Processing file /home/airflow/.local/lib/python3.11/site-packages/airflow/example_dags/tutorial_dag.py for tasks to queue
[2025-12-24T09:27:50.611+0000] {logging_mixin.py:190} INFO - [2025-12-24T09:27:50.610+0000] {dagbag.py:588} INFO - Filling up the DagBag from /home/airflow/.local/lib/python3.11/site-packages/airflow/example_dags/tutorial_dag.py
[2025-12-24T09:27:50.626+0000] {processor.py:925} INFO - DAG(s) 'tutorial_dag' retrieved from /home/airflow/.local/lib/python3.11/site-packages/airflow/example_dags/tutorial_dag.py
[2025-12-24T09:27:50.672+0000] {logging_mixin.py:190} INFO - [2025-12-24T09:27:50.671+0000] {dag.py:3239} INFO - Sync 1 DAGs
[2025-12-24T09:27:50.703+0000] {logging_mixin.py:190} INFO - [2025-12-24T09:27:50.702+0000] {dag.py:4180} INFO - Setting next_dagrun for tutorial_dag to None, run_after=None
[2025-12-24T09:27:50.731+0000] {processor.py:208} INFO - Processing /home/airflow/.local/lib/python3.11/site-packages/airflow/example_dags/tutorial_dag.py took 0.140 seconds
[2025-12-24T09:27:52.773+0000] {processor.py:186} INFO - Started process (PID=981) to work on /home/airflow/.local/lib/python3.11/site-packages/airflow/example_dags/tutorial_dag.py
[2025-12-24T09:27:52.775+0000] {processor.py:914} INFO - Processing file /home/airflow/.local/lib/python3.11/site-packages/airflow/example_dags/tutorial_dag.py for tasks to queue
[2025-12-24T09:27:52.781+0000] {logging_mixin.py:190} INFO - [2025-12-24T09:27:52.780+0000] {dagbag.py:588} INFO - Filling up the DagBag from /home/airflow/.local/lib/python3.11/site-packages/airflow/example_dags/tutorial_dag.py
[2025-12-24T09:27:52.800+0000] {processor.py:925} INFO - DAG(s) 'tutorial_dag' retrieved from /home/airflow/.local/lib/python3.11/site-packages/airflow/example_dags/tutorial_dag.py
[2025-12-24T09:27:52.857+0000] {logging_mixin.py:190} INFO - [2025-12-24T09:27:52.855+0000] {dag.py:3239} INFO - Sync 1 DAGs
[2025-12-24T09:27:52.879+0000] {logging_mixin.py:190} INFO - [2025-12-24T09:27:52.879+0000] {dag.py:4180} INFO - Setting next_dagrun for tutorial_dag to None, run_after=None
[2025-12-24T09:28:35.233+0000] {processor.py:208} INFO - Processing /home/airflow/.local/lib/python3.11/site-packages/airflow/example_dags/tutorial_dag.py took 0.153 seconds
[2025-12-24T09:29:15.958+0000] {processor.py:186} INFO - Started process (PID=1165) to work on /home/airflow/.local/lib/python3.11/site-packages/airflow/example_dags/tutorial_dag.py
[2025-12-24T09:29:15.962+0000] {processor.py:914} INFO - Processing file /home/airflow/.local/lib/python3.11/site-packages/airflow/example_dags/tutorial_dag.py for tasks to queue
[2025-12-24T09:29:15.978+0000] {logging_mixin.py:190} INFO - [2025-12-24T09:29:15.976+0000] {dagbag.py:588} INFO - Filling up the DagBag from /home/airflow/.local/lib/python3.11/site-packages/airflow/example_dags/tutorial_dag.py
[2025-12-24T09:29:16.023+0000] {processor.py:925} INFO - DAG(s) 'tutorial_dag' retrieved from /home/airflow/.local/lib/python3.11/site-packages/airflow/example_dags/tutorial_dag.py
[2025-12-24T09:29:16.101+0000] {logging_mixin.py:190} INFO - [2025-12-24T09:29:16.100+0000] {dag.py:3239} INFO - Sync 1 DAGs
[2025-12-24T09:29:16.144+0000] {logging_mixin.py:190} INFO - [2025-12-24T09:29:16.144+0000] {dag.py:4180} INFO - Setting next_dagrun for tutorial_dag to None, run_after=None
[2025-12-24T09:29:16.186+0000] {processor.py:208} INFO - Processing /home/airflow/.local/lib/python3.11/site-packages/airflow/example_dags/tutorial_dag.py took 0.254 seconds
