[2025-12-24T09:02:52.518+0000] {processor.py:186} INFO - Started process (PID=81) to work on /home/airflow/.local/lib/python3.11/site-packages/airflow/example_dags/tutorial_taskflow_api.py
[2025-12-24T09:02:52.520+0000] {processor.py:914} INFO - Processing file /home/airflow/.local/lib/python3.11/site-packages/airflow/example_dags/tutorial_taskflow_api.py for tasks to queue
[2025-12-24T09:02:52.526+0000] {logging_mixin.py:190} INFO - [2025-12-24T09:02:52.525+0000] {dagbag.py:588} INFO - Filling up the DagBag from /home/airflow/.local/lib/python3.11/site-packages/airflow/example_dags/tutorial_taskflow_api.py
[2025-12-24T09:02:52.541+0000] {processor.py:925} INFO - DAG(s) 'tutorial_taskflow_api' retrieved from /home/airflow/.local/lib/python3.11/site-packages/airflow/example_dags/tutorial_taskflow_api.py
[2025-12-24T09:02:52.754+0000] {logging_mixin.py:190} INFO - [2025-12-24T09:02:52.753+0000] {override.py:1911} INFO - Created Permission View: can edit on DAG:tutorial_taskflow_api
[2025-12-24T09:02:52.773+0000] {logging_mixin.py:190} INFO - [2025-12-24T09:02:52.772+0000] {override.py:1911} INFO - Created Permission View: can read on DAG:tutorial_taskflow_api
[2025-12-24T09:02:52.798+0000] {logging_mixin.py:190} INFO - [2025-12-24T09:02:52.798+0000] {override.py:1911} INFO - Created Permission View: can delete on DAG:tutorial_taskflow_api
[2025-12-24T09:02:52.827+0000] {logging_mixin.py:190} INFO - [2025-12-24T09:02:52.826+0000] {override.py:1911} INFO - Created Permission View: can read on DAG Run:tutorial_taskflow_api
[2025-12-24T09:02:52.845+0000] {logging_mixin.py:190} INFO - [2025-12-24T09:02:52.845+0000] {override.py:1911} INFO - Created Permission View: can create on DAG Run:tutorial_taskflow_api
[2025-12-24T09:02:52.864+0000] {logging_mixin.py:190} INFO - [2025-12-24T09:02:52.864+0000] {override.py:1911} INFO - Created Permission View: can delete on DAG Run:tutorial_taskflow_api
[2025-12-24T09:02:52.883+0000] {logging_mixin.py:190} INFO - [2025-12-24T09:02:52.883+0000] {override.py:1911} INFO - Created Permission View: menu access on DAG Run:tutorial_taskflow_api
[2025-12-24T09:02:52.886+0000] {logging_mixin.py:190} INFO - [2025-12-24T09:02:52.884+0000] {dag.py:3239} INFO - Sync 1 DAGs
[2025-12-24T09:02:52.916+0000] {logging_mixin.py:190} INFO - [2025-12-24T09:02:52.916+0000] {dag.py:3262} INFO - Creating ORM DAG for tutorial_taskflow_api
[2025-12-24T09:02:52.918+0000] {logging_mixin.py:190} INFO - [2025-12-24T09:02:52.917+0000] {dag.py:4180} INFO - Setting next_dagrun for tutorial_taskflow_api to None, run_after=None
[2025-12-24T09:02:52.961+0000] {processor.py:208} INFO - Processing /home/airflow/.local/lib/python3.11/site-packages/airflow/example_dags/tutorial_taskflow_api.py took 0.453 seconds
[2025-12-24T09:03:53.888+0000] {processor.py:186} INFO - Started process (PID=141) to work on /home/airflow/.local/lib/python3.11/site-packages/airflow/example_dags/tutorial_taskflow_api.py
[2025-12-24T09:03:11.533+0000] {processor.py:914} INFO - Processing file /home/airflow/.local/lib/python3.11/site-packages/airflow/example_dags/tutorial_taskflow_api.py for tasks to queue
[2025-12-24T09:03:11.546+0000] {logging_mixin.py:190} INFO - [2025-12-24T09:03:11.545+0000] {dagbag.py:588} INFO - Filling up the DagBag from /home/airflow/.local/lib/python3.11/site-packages/airflow/example_dags/tutorial_taskflow_api.py
[2025-12-24T09:03:11.581+0000] {processor.py:925} INFO - DAG(s) 'tutorial_taskflow_api' retrieved from /home/airflow/.local/lib/python3.11/site-packages/airflow/example_dags/tutorial_taskflow_api.py
[2025-12-24T09:03:11.645+0000] {logging_mixin.py:190} INFO - [2025-12-24T09:03:11.645+0000] {dag.py:3239} INFO - Sync 1 DAGs
[2025-12-24T09:03:11.688+0000] {logging_mixin.py:190} INFO - [2025-12-24T09:03:11.687+0000] {dag.py:4180} INFO - Setting next_dagrun for tutorial_taskflow_api to None, run_after=None
[2025-12-24T09:03:11.747+0000] {processor.py:208} INFO - Processing /home/airflow/.local/lib/python3.11/site-packages/airflow/example_dags/tutorial_taskflow_api.py took 0.238 seconds
[2025-12-24T09:04:14.263+0000] {processor.py:186} INFO - Started process (PID=204) to work on /home/airflow/.local/lib/python3.11/site-packages/airflow/example_dags/tutorial_taskflow_api.py
[2025-12-24T09:04:14.265+0000] {processor.py:914} INFO - Processing file /home/airflow/.local/lib/python3.11/site-packages/airflow/example_dags/tutorial_taskflow_api.py for tasks to queue
[2025-12-24T09:04:14.270+0000] {logging_mixin.py:190} INFO - [2025-12-24T09:04:14.269+0000] {dagbag.py:588} INFO - Filling up the DagBag from /home/airflow/.local/lib/python3.11/site-packages/airflow/example_dags/tutorial_taskflow_api.py
[2025-12-24T09:04:14.287+0000] {processor.py:925} INFO - DAG(s) 'tutorial_taskflow_api' retrieved from /home/airflow/.local/lib/python3.11/site-packages/airflow/example_dags/tutorial_taskflow_api.py
[2025-12-24T09:04:14.327+0000] {logging_mixin.py:190} INFO - [2025-12-24T09:04:14.327+0000] {dag.py:3239} INFO - Sync 1 DAGs
[2025-12-24T09:04:14.348+0000] {logging_mixin.py:190} INFO - [2025-12-24T09:04:14.348+0000] {dag.py:4180} INFO - Setting next_dagrun for tutorial_taskflow_api to None, run_after=None
[2025-12-24T09:04:14.378+0000] {processor.py:208} INFO - Processing /home/airflow/.local/lib/python3.11/site-packages/airflow/example_dags/tutorial_taskflow_api.py took 0.127 seconds
[2025-12-24T09:04:11.854+0000] {processor.py:186} INFO - Started process (PID=270) to work on /home/airflow/.local/lib/python3.11/site-packages/airflow/example_dags/tutorial_taskflow_api.py
[2025-12-24T09:04:11.855+0000] {processor.py:914} INFO - Processing file /home/airflow/.local/lib/python3.11/site-packages/airflow/example_dags/tutorial_taskflow_api.py for tasks to queue
[2025-12-24T09:04:11.859+0000] {logging_mixin.py:190} INFO - [2025-12-24T09:04:11.858+0000] {dagbag.py:588} INFO - Filling up the DagBag from /home/airflow/.local/lib/python3.11/site-packages/airflow/example_dags/tutorial_taskflow_api.py
[2025-12-24T09:04:11.872+0000] {processor.py:925} INFO - DAG(s) 'tutorial_taskflow_api' retrieved from /home/airflow/.local/lib/python3.11/site-packages/airflow/example_dags/tutorial_taskflow_api.py
[2025-12-24T09:04:11.903+0000] {logging_mixin.py:190} INFO - [2025-12-24T09:04:11.902+0000] {dag.py:3239} INFO - Sync 1 DAGs
[2025-12-24T09:04:11.921+0000] {logging_mixin.py:190} INFO - [2025-12-24T09:04:11.920+0000] {dag.py:4180} INFO - Setting next_dagrun for tutorial_taskflow_api to None, run_after=None
[2025-12-24T09:04:11.948+0000] {processor.py:208} INFO - Processing /home/airflow/.local/lib/python3.11/site-packages/airflow/example_dags/tutorial_taskflow_api.py took 0.104 seconds
[2025-12-24T09:04:42.037+0000] {processor.py:186} INFO - Started process (PID=333) to work on /home/airflow/.local/lib/python3.11/site-packages/airflow/example_dags/tutorial_taskflow_api.py
[2025-12-24T09:04:42.039+0000] {processor.py:914} INFO - Processing file /home/airflow/.local/lib/python3.11/site-packages/airflow/example_dags/tutorial_taskflow_api.py for tasks to queue
[2025-12-24T09:04:42.042+0000] {logging_mixin.py:190} INFO - [2025-12-24T09:04:42.042+0000] {dagbag.py:588} INFO - Filling up the DagBag from /home/airflow/.local/lib/python3.11/site-packages/airflow/example_dags/tutorial_taskflow_api.py
[2025-12-24T09:04:42.053+0000] {processor.py:925} INFO - DAG(s) 'tutorial_taskflow_api' retrieved from /home/airflow/.local/lib/python3.11/site-packages/airflow/example_dags/tutorial_taskflow_api.py
[2025-12-24T09:04:42.083+0000] {logging_mixin.py:190} INFO - [2025-12-24T09:04:42.083+0000] {dag.py:3239} INFO - Sync 1 DAGs
[2025-12-24T09:04:42.100+0000] {logging_mixin.py:190} INFO - [2025-12-24T09:04:42.099+0000] {dag.py:4180} INFO - Setting next_dagrun for tutorial_taskflow_api to None, run_after=None
[2025-12-24T09:04:42.124+0000] {processor.py:208} INFO - Processing /home/airflow/.local/lib/python3.11/site-packages/airflow/example_dags/tutorial_taskflow_api.py took 0.095 seconds
[2025-12-24T09:04:51.451+0000] {processor.py:186} INFO - Started process (PID=398) to work on /home/airflow/.local/lib/python3.11/site-packages/airflow/example_dags/tutorial_taskflow_api.py
[2025-12-24T09:04:51.454+0000] {processor.py:914} INFO - Processing file /home/airflow/.local/lib/python3.11/site-packages/airflow/example_dags/tutorial_taskflow_api.py for tasks to queue
[2025-12-24T09:04:51.459+0000] {logging_mixin.py:190} INFO - [2025-12-24T09:04:51.458+0000] {dagbag.py:588} INFO - Filling up the DagBag from /home/airflow/.local/lib/python3.11/site-packages/airflow/example_dags/tutorial_taskflow_api.py
[2025-12-24T09:04:51.480+0000] {processor.py:925} INFO - DAG(s) 'tutorial_taskflow_api' retrieved from /home/airflow/.local/lib/python3.11/site-packages/airflow/example_dags/tutorial_taskflow_api.py
[2025-12-24T09:04:51.518+0000] {logging_mixin.py:190} INFO - [2025-12-24T09:04:51.517+0000] {dag.py:3239} INFO - Sync 1 DAGs
[2025-12-24T09:04:51.555+0000] {logging_mixin.py:190} INFO - [2025-12-24T09:04:51.555+0000] {dag.py:4180} INFO - Setting next_dagrun for tutorial_taskflow_api to None, run_after=None
[2025-12-24T09:04:51.589+0000] {processor.py:208} INFO - Processing /home/airflow/.local/lib/python3.11/site-packages/airflow/example_dags/tutorial_taskflow_api.py took 0.151 seconds
[2025-12-24T09:05:21.706+0000] {processor.py:186} INFO - Started process (PID=463) to work on /home/airflow/.local/lib/python3.11/site-packages/airflow/example_dags/tutorial_taskflow_api.py
[2025-12-24T09:05:21.708+0000] {processor.py:914} INFO - Processing file /home/airflow/.local/lib/python3.11/site-packages/airflow/example_dags/tutorial_taskflow_api.py for tasks to queue
[2025-12-24T09:05:21.712+0000] {logging_mixin.py:190} INFO - [2025-12-24T09:05:21.712+0000] {dagbag.py:588} INFO - Filling up the DagBag from /home/airflow/.local/lib/python3.11/site-packages/airflow/example_dags/tutorial_taskflow_api.py
[2025-12-24T09:05:21.725+0000] {processor.py:925} INFO - DAG(s) 'tutorial_taskflow_api' retrieved from /home/airflow/.local/lib/python3.11/site-packages/airflow/example_dags/tutorial_taskflow_api.py
[2025-12-24T09:05:21.762+0000] {logging_mixin.py:190} INFO - [2025-12-24T09:05:21.762+0000] {dag.py:3239} INFO - Sync 1 DAGs
[2025-12-24T09:05:21.786+0000] {logging_mixin.py:190} INFO - [2025-12-24T09:05:21.786+0000] {dag.py:4180} INFO - Setting next_dagrun for tutorial_taskflow_api to None, run_after=None
[2025-12-24T09:05:21.827+0000] {processor.py:208} INFO - Processing /home/airflow/.local/lib/python3.11/site-packages/airflow/example_dags/tutorial_taskflow_api.py took 0.133 seconds
[2025-12-24T09:05:26.259+0000] {processor.py:186} INFO - Started process (PID=499) to work on /home/airflow/.local/lib/python3.11/site-packages/airflow/example_dags/tutorial_taskflow_api.py
[2025-12-24T09:05:26.261+0000] {processor.py:914} INFO - Processing file /home/airflow/.local/lib/python3.11/site-packages/airflow/example_dags/tutorial_taskflow_api.py for tasks to queue
[2025-12-24T09:05:26.264+0000] {logging_mixin.py:190} INFO - [2025-12-24T09:05:26.264+0000] {dagbag.py:588} INFO - Filling up the DagBag from /home/airflow/.local/lib/python3.11/site-packages/airflow/example_dags/tutorial_taskflow_api.py
[2025-12-24T09:05:26.276+0000] {processor.py:925} INFO - DAG(s) 'tutorial_taskflow_api' retrieved from /home/airflow/.local/lib/python3.11/site-packages/airflow/example_dags/tutorial_taskflow_api.py
[2025-12-24T09:05:26.304+0000] {logging_mixin.py:190} INFO - [2025-12-24T09:05:26.303+0000] {dag.py:3239} INFO - Sync 1 DAGs
[2025-12-24T09:05:26.320+0000] {logging_mixin.py:190} INFO - [2025-12-24T09:05:26.320+0000] {dag.py:4180} INFO - Setting next_dagrun for tutorial_taskflow_api to None, run_after=None
[2025-12-24T09:05:26.364+0000] {processor.py:208} INFO - Processing /home/airflow/.local/lib/python3.11/site-packages/airflow/example_dags/tutorial_taskflow_api.py took 0.114 seconds
[2025-12-24T09:05:36.318+0000] {processor.py:186} INFO - Started process (PID=554) to work on /home/airflow/.local/lib/python3.11/site-packages/airflow/example_dags/tutorial_taskflow_api.py
[2025-12-24T09:05:36.320+0000] {processor.py:914} INFO - Processing file /home/airflow/.local/lib/python3.11/site-packages/airflow/example_dags/tutorial_taskflow_api.py for tasks to queue
[2025-12-24T09:05:36.323+0000] {logging_mixin.py:190} INFO - [2025-12-24T09:05:36.323+0000] {dagbag.py:588} INFO - Filling up the DagBag from /home/airflow/.local/lib/python3.11/site-packages/airflow/example_dags/tutorial_taskflow_api.py
[2025-12-24T09:05:36.337+0000] {processor.py:925} INFO - DAG(s) 'tutorial_taskflow_api' retrieved from /home/airflow/.local/lib/python3.11/site-packages/airflow/example_dags/tutorial_taskflow_api.py
[2025-12-24T09:05:36.375+0000] {logging_mixin.py:190} INFO - [2025-12-24T09:05:36.374+0000] {dag.py:3239} INFO - Sync 1 DAGs
[2025-12-24T09:05:36.397+0000] {logging_mixin.py:190} INFO - [2025-12-24T09:05:36.397+0000] {dag.py:4180} INFO - Setting next_dagrun for tutorial_taskflow_api to None, run_after=None
[2025-12-24T09:05:36.772+0000] {processor.py:208} INFO - Processing /home/airflow/.local/lib/python3.11/site-packages/airflow/example_dags/tutorial_taskflow_api.py took 0.465 seconds
[2025-12-24T09:06:39.570+0000] {processor.py:186} INFO - Started process (PID=616) to work on /home/airflow/.local/lib/python3.11/site-packages/airflow/example_dags/tutorial_taskflow_api.py
[2025-12-24T09:06:39.572+0000] {processor.py:914} INFO - Processing file /home/airflow/.local/lib/python3.11/site-packages/airflow/example_dags/tutorial_taskflow_api.py for tasks to queue
[2025-12-24T09:06:39.576+0000] {logging_mixin.py:190} INFO - [2025-12-24T09:06:39.576+0000] {dagbag.py:588} INFO - Filling up the DagBag from /home/airflow/.local/lib/python3.11/site-packages/airflow/example_dags/tutorial_taskflow_api.py
[2025-12-24T09:06:39.591+0000] {processor.py:925} INFO - DAG(s) 'tutorial_taskflow_api' retrieved from /home/airflow/.local/lib/python3.11/site-packages/airflow/example_dags/tutorial_taskflow_api.py
[2025-12-24T09:06:39.628+0000] {logging_mixin.py:190} INFO - [2025-12-24T09:06:39.628+0000] {dag.py:3239} INFO - Sync 1 DAGs
[2025-12-24T09:06:39.647+0000] {logging_mixin.py:190} INFO - [2025-12-24T09:06:39.646+0000] {dag.py:4180} INFO - Setting next_dagrun for tutorial_taskflow_api to None, run_after=None
[2025-12-24T09:06:39.676+0000] {processor.py:208} INFO - Processing /home/airflow/.local/lib/python3.11/site-packages/airflow/example_dags/tutorial_taskflow_api.py took 0.116 seconds
[2025-12-24T09:06:42.097+0000] {processor.py:186} INFO - Started process (PID=682) to work on /home/airflow/.local/lib/python3.11/site-packages/airflow/example_dags/tutorial_taskflow_api.py
[2025-12-24T09:06:42.099+0000] {processor.py:914} INFO - Processing file /home/airflow/.local/lib/python3.11/site-packages/airflow/example_dags/tutorial_taskflow_api.py for tasks to queue
[2025-12-24T09:06:42.103+0000] {logging_mixin.py:190} INFO - [2025-12-24T09:06:42.102+0000] {dagbag.py:588} INFO - Filling up the DagBag from /home/airflow/.local/lib/python3.11/site-packages/airflow/example_dags/tutorial_taskflow_api.py
[2025-12-24T09:06:42.121+0000] {processor.py:925} INFO - DAG(s) 'tutorial_taskflow_api' retrieved from /home/airflow/.local/lib/python3.11/site-packages/airflow/example_dags/tutorial_taskflow_api.py
[2025-12-24T09:06:42.156+0000] {logging_mixin.py:190} INFO - [2025-12-24T09:06:42.156+0000] {dag.py:3239} INFO - Sync 1 DAGs
[2025-12-24T09:06:42.182+0000] {logging_mixin.py:190} INFO - [2025-12-24T09:06:42.182+0000] {dag.py:4180} INFO - Setting next_dagrun for tutorial_taskflow_api to None, run_after=None
[2025-12-24T09:06:42.212+0000] {processor.py:208} INFO - Processing /home/airflow/.local/lib/python3.11/site-packages/airflow/example_dags/tutorial_taskflow_api.py took 0.128 seconds
[2025-12-24T09:07:11.644+0000] {processor.py:186} INFO - Started process (PID=748) to work on /home/airflow/.local/lib/python3.11/site-packages/airflow/example_dags/tutorial_taskflow_api.py
[2025-12-24T09:07:11.646+0000] {processor.py:914} INFO - Processing file /home/airflow/.local/lib/python3.11/site-packages/airflow/example_dags/tutorial_taskflow_api.py for tasks to queue
[2025-12-24T09:07:11.650+0000] {logging_mixin.py:190} INFO - [2025-12-24T09:07:11.649+0000] {dagbag.py:588} INFO - Filling up the DagBag from /home/airflow/.local/lib/python3.11/site-packages/airflow/example_dags/tutorial_taskflow_api.py
[2025-12-24T09:07:11.667+0000] {processor.py:925} INFO - DAG(s) 'tutorial_taskflow_api' retrieved from /home/airflow/.local/lib/python3.11/site-packages/airflow/example_dags/tutorial_taskflow_api.py
[2025-12-24T09:07:11.716+0000] {logging_mixin.py:190} INFO - [2025-12-24T09:07:11.715+0000] {dag.py:3239} INFO - Sync 1 DAGs
[2025-12-24T09:07:11.759+0000] {logging_mixin.py:190} INFO - [2025-12-24T09:07:11.758+0000] {dag.py:4180} INFO - Setting next_dagrun for tutorial_taskflow_api to None, run_after=None
[2025-12-24T09:07:11.790+0000] {processor.py:208} INFO - Processing /home/airflow/.local/lib/python3.11/site-packages/airflow/example_dags/tutorial_taskflow_api.py took 0.157 seconds
[2025-12-24T09:07:21.353+0000] {processor.py:186} INFO - Started process (PID=810) to work on /home/airflow/.local/lib/python3.11/site-packages/airflow/example_dags/tutorial_taskflow_api.py
[2025-12-24T09:07:21.355+0000] {processor.py:914} INFO - Processing file /home/airflow/.local/lib/python3.11/site-packages/airflow/example_dags/tutorial_taskflow_api.py for tasks to queue
[2025-12-24T09:07:21.367+0000] {logging_mixin.py:190} INFO - [2025-12-24T09:07:21.366+0000] {dagbag.py:588} INFO - Filling up the DagBag from /home/airflow/.local/lib/python3.11/site-packages/airflow/example_dags/tutorial_taskflow_api.py
[2025-12-24T09:07:21.386+0000] {processor.py:925} INFO - DAG(s) 'tutorial_taskflow_api' retrieved from /home/airflow/.local/lib/python3.11/site-packages/airflow/example_dags/tutorial_taskflow_api.py
[2025-12-24T09:07:21.415+0000] {logging_mixin.py:190} INFO - [2025-12-24T09:07:21.414+0000] {dag.py:3239} INFO - Sync 1 DAGs
[2025-12-24T09:07:21.432+0000] {logging_mixin.py:190} INFO - [2025-12-24T09:07:21.432+0000] {dag.py:4180} INFO - Setting next_dagrun for tutorial_taskflow_api to None, run_after=None
[2025-12-24T09:07:21.459+0000] {processor.py:208} INFO - Processing /home/airflow/.local/lib/python3.11/site-packages/airflow/example_dags/tutorial_taskflow_api.py took 0.115 seconds
[2025-12-24T09:07:31.415+0000] {processor.py:186} INFO - Started process (PID=867) to work on /home/airflow/.local/lib/python3.11/site-packages/airflow/example_dags/tutorial_taskflow_api.py
[2025-12-24T09:07:31.418+0000] {processor.py:914} INFO - Processing file /home/airflow/.local/lib/python3.11/site-packages/airflow/example_dags/tutorial_taskflow_api.py for tasks to queue
[2025-12-24T09:07:31.427+0000] {logging_mixin.py:190} INFO - [2025-12-24T09:07:31.427+0000] {dagbag.py:588} INFO - Filling up the DagBag from /home/airflow/.local/lib/python3.11/site-packages/airflow/example_dags/tutorial_taskflow_api.py
[2025-12-24T09:07:31.439+0000] {processor.py:925} INFO - DAG(s) 'tutorial_taskflow_api' retrieved from /home/airflow/.local/lib/python3.11/site-packages/airflow/example_dags/tutorial_taskflow_api.py
[2025-12-24T09:07:31.482+0000] {logging_mixin.py:190} INFO - [2025-12-24T09:07:31.481+0000] {dag.py:3239} INFO - Sync 1 DAGs
[2025-12-24T09:07:31.501+0000] {logging_mixin.py:190} INFO - [2025-12-24T09:07:31.501+0000] {dag.py:4180} INFO - Setting next_dagrun for tutorial_taskflow_api to None, run_after=None
[2025-12-24T09:07:31.543+0000] {processor.py:208} INFO - Processing /home/airflow/.local/lib/python3.11/site-packages/airflow/example_dags/tutorial_taskflow_api.py took 0.139 seconds
[2025-12-24T09:08:23.779+0000] {processor.py:186} INFO - Started process (PID=923) to work on /home/airflow/.local/lib/python3.11/site-packages/airflow/example_dags/tutorial_taskflow_api.py
[2025-12-24T09:08:23.785+0000] {processor.py:914} INFO - Processing file /home/airflow/.local/lib/python3.11/site-packages/airflow/example_dags/tutorial_taskflow_api.py for tasks to queue
[2025-12-24T09:08:23.792+0000] {logging_mixin.py:190} INFO - [2025-12-24T09:08:23.790+0000] {dagbag.py:588} INFO - Filling up the DagBag from /home/airflow/.local/lib/python3.11/site-packages/airflow/example_dags/tutorial_taskflow_api.py
[2025-12-24T09:08:23.807+0000] {processor.py:925} INFO - DAG(s) 'tutorial_taskflow_api' retrieved from /home/airflow/.local/lib/python3.11/site-packages/airflow/example_dags/tutorial_taskflow_api.py
[2025-12-24T09:08:23.861+0000] {logging_mixin.py:190} INFO - [2025-12-24T09:08:23.860+0000] {dag.py:3239} INFO - Sync 1 DAGs
[2025-12-24T09:08:23.888+0000] {logging_mixin.py:190} INFO - [2025-12-24T09:08:23.887+0000] {dag.py:4180} INFO - Setting next_dagrun for tutorial_taskflow_api to None, run_after=None
[2025-12-24T09:07:41.579+0000] {processor.py:208} INFO - Processing /home/airflow/.local/lib/python3.11/site-packages/airflow/example_dags/tutorial_taskflow_api.py took 0.154 seconds
[2025-12-24T09:08:38.918+0000] {processor.py:186} INFO - Started process (PID=984) to work on /home/airflow/.local/lib/python3.11/site-packages/airflow/example_dags/tutorial_taskflow_api.py
[2025-12-24T09:08:38.919+0000] {processor.py:914} INFO - Processing file /home/airflow/.local/lib/python3.11/site-packages/airflow/example_dags/tutorial_taskflow_api.py for tasks to queue
[2025-12-24T09:08:38.923+0000] {logging_mixin.py:190} INFO - [2025-12-24T09:08:38.923+0000] {dagbag.py:588} INFO - Filling up the DagBag from /home/airflow/.local/lib/python3.11/site-packages/airflow/example_dags/tutorial_taskflow_api.py
[2025-12-24T09:08:38.936+0000] {processor.py:925} INFO - DAG(s) 'tutorial_taskflow_api' retrieved from /home/airflow/.local/lib/python3.11/site-packages/airflow/example_dags/tutorial_taskflow_api.py
[2025-12-24T09:08:38.994+0000] {logging_mixin.py:190} INFO - [2025-12-24T09:08:38.993+0000] {dag.py:3239} INFO - Sync 1 DAGs
[2025-12-24T09:08:39.035+0000] {logging_mixin.py:190} INFO - [2025-12-24T09:08:39.035+0000] {dag.py:4180} INFO - Setting next_dagrun for tutorial_taskflow_api to None, run_after=None
[2025-12-24T09:08:39.082+0000] {processor.py:208} INFO - Processing /home/airflow/.local/lib/python3.11/site-packages/airflow/example_dags/tutorial_taskflow_api.py took 0.174 seconds
[2025-12-24T09:09:19.027+0000] {processor.py:186} INFO - Started process (PID=1051) to work on /home/airflow/.local/lib/python3.11/site-packages/airflow/example_dags/tutorial_taskflow_api.py
[2025-12-24T09:09:19.029+0000] {processor.py:914} INFO - Processing file /home/airflow/.local/lib/python3.11/site-packages/airflow/example_dags/tutorial_taskflow_api.py for tasks to queue
[2025-12-24T09:09:19.032+0000] {logging_mixin.py:190} INFO - [2025-12-24T09:09:19.032+0000] {dagbag.py:588} INFO - Filling up the DagBag from /home/airflow/.local/lib/python3.11/site-packages/airflow/example_dags/tutorial_taskflow_api.py
[2025-12-24T09:09:19.049+0000] {processor.py:925} INFO - DAG(s) 'tutorial_taskflow_api' retrieved from /home/airflow/.local/lib/python3.11/site-packages/airflow/example_dags/tutorial_taskflow_api.py
[2025-12-24T09:09:19.090+0000] {logging_mixin.py:190} INFO - [2025-12-24T09:09:19.089+0000] {dag.py:3239} INFO - Sync 1 DAGs
[2025-12-24T09:09:19.118+0000] {logging_mixin.py:190} INFO - [2025-12-24T09:09:19.117+0000] {dag.py:4180} INFO - Setting next_dagrun for tutorial_taskflow_api to None, run_after=None
[2025-12-24T09:09:19.146+0000] {processor.py:208} INFO - Processing /home/airflow/.local/lib/python3.11/site-packages/airflow/example_dags/tutorial_taskflow_api.py took 0.128 seconds
[2025-12-24T09:09:16.678+0000] {processor.py:186} INFO - Started process (PID=1131) to work on /home/airflow/.local/lib/python3.11/site-packages/airflow/example_dags/tutorial_taskflow_api.py
[2025-12-24T09:09:16.680+0000] {processor.py:914} INFO - Processing file /home/airflow/.local/lib/python3.11/site-packages/airflow/example_dags/tutorial_taskflow_api.py for tasks to queue
[2025-12-24T09:09:16.684+0000] {logging_mixin.py:190} INFO - [2025-12-24T09:09:16.683+0000] {dagbag.py:588} INFO - Filling up the DagBag from /home/airflow/.local/lib/python3.11/site-packages/airflow/example_dags/tutorial_taskflow_api.py
[2025-12-24T09:09:16.695+0000] {processor.py:925} INFO - DAG(s) 'tutorial_taskflow_api' retrieved from /home/airflow/.local/lib/python3.11/site-packages/airflow/example_dags/tutorial_taskflow_api.py
[2025-12-24T09:09:16.737+0000] {logging_mixin.py:190} INFO - [2025-12-24T09:09:16.735+0000] {dag.py:3239} INFO - Sync 1 DAGs
[2025-12-24T09:09:16.762+0000] {logging_mixin.py:190} INFO - [2025-12-24T09:09:16.761+0000] {dag.py:4180} INFO - Setting next_dagrun for tutorial_taskflow_api to None, run_after=None
[2025-12-24T09:09:16.787+0000] {processor.py:208} INFO - Processing /home/airflow/.local/lib/python3.11/site-packages/airflow/example_dags/tutorial_taskflow_api.py took 0.117 seconds
[2025-12-24T09:10:24.279+0000] {processor.py:186} INFO - Started process (PID=1191) to work on /home/airflow/.local/lib/python3.11/site-packages/airflow/example_dags/tutorial_taskflow_api.py
[2025-12-24T09:10:24.281+0000] {processor.py:914} INFO - Processing file /home/airflow/.local/lib/python3.11/site-packages/airflow/example_dags/tutorial_taskflow_api.py for tasks to queue
[2025-12-24T09:10:24.285+0000] {logging_mixin.py:190} INFO - [2025-12-24T09:10:24.284+0000] {dagbag.py:588} INFO - Filling up the DagBag from /home/airflow/.local/lib/python3.11/site-packages/airflow/example_dags/tutorial_taskflow_api.py
[2025-12-24T09:10:24.297+0000] {processor.py:925} INFO - DAG(s) 'tutorial_taskflow_api' retrieved from /home/airflow/.local/lib/python3.11/site-packages/airflow/example_dags/tutorial_taskflow_api.py
[2025-12-24T09:10:24.326+0000] {logging_mixin.py:190} INFO - [2025-12-24T09:10:24.325+0000] {dag.py:3239} INFO - Sync 1 DAGs
[2025-12-24T09:10:24.342+0000] {logging_mixin.py:190} INFO - [2025-12-24T09:10:24.342+0000] {dag.py:4180} INFO - Setting next_dagrun for tutorial_taskflow_api to None, run_after=None
[2025-12-24T09:10:24.367+0000] {processor.py:208} INFO - Processing /home/airflow/.local/lib/python3.11/site-packages/airflow/example_dags/tutorial_taskflow_api.py took 0.097 seconds
[2025-12-24T09:10:16.949+0000] {processor.py:186} INFO - Started process (PID=1263) to work on /home/airflow/.local/lib/python3.11/site-packages/airflow/example_dags/tutorial_taskflow_api.py
[2025-12-24T09:10:16.950+0000] {processor.py:914} INFO - Processing file /home/airflow/.local/lib/python3.11/site-packages/airflow/example_dags/tutorial_taskflow_api.py for tasks to queue
[2025-12-24T09:10:16.954+0000] {logging_mixin.py:190} INFO - [2025-12-24T09:10:16.954+0000] {dagbag.py:588} INFO - Filling up the DagBag from /home/airflow/.local/lib/python3.11/site-packages/airflow/example_dags/tutorial_taskflow_api.py
[2025-12-24T09:10:16.968+0000] {processor.py:925} INFO - DAG(s) 'tutorial_taskflow_api' retrieved from /home/airflow/.local/lib/python3.11/site-packages/airflow/example_dags/tutorial_taskflow_api.py
[2025-12-24T09:10:17.005+0000] {logging_mixin.py:190} INFO - [2025-12-24T09:10:17.004+0000] {dag.py:3239} INFO - Sync 1 DAGs
[2025-12-24T09:10:17.025+0000] {logging_mixin.py:190} INFO - [2025-12-24T09:10:17.025+0000] {dag.py:4180} INFO - Setting next_dagrun for tutorial_taskflow_api to None, run_after=None
[2025-12-24T09:10:17.051+0000] {processor.py:208} INFO - Processing /home/airflow/.local/lib/python3.11/site-packages/airflow/example_dags/tutorial_taskflow_api.py took 0.126 seconds
[2025-12-24T09:10:46.716+0000] {processor.py:186} INFO - Started process (PID=1312) to work on /home/airflow/.local/lib/python3.11/site-packages/airflow/example_dags/tutorial_taskflow_api.py
[2025-12-24T09:10:46.718+0000] {processor.py:914} INFO - Processing file /home/airflow/.local/lib/python3.11/site-packages/airflow/example_dags/tutorial_taskflow_api.py for tasks to queue
[2025-12-24T09:10:46.722+0000] {logging_mixin.py:190} INFO - [2025-12-24T09:10:46.721+0000] {dagbag.py:588} INFO - Filling up the DagBag from /home/airflow/.local/lib/python3.11/site-packages/airflow/example_dags/tutorial_taskflow_api.py
[2025-12-24T09:10:46.736+0000] {processor.py:925} INFO - DAG(s) 'tutorial_taskflow_api' retrieved from /home/airflow/.local/lib/python3.11/site-packages/airflow/example_dags/tutorial_taskflow_api.py
[2025-12-24T09:10:46.774+0000] {logging_mixin.py:190} INFO - [2025-12-24T09:10:46.773+0000] {dag.py:3239} INFO - Sync 1 DAGs
[2025-12-24T09:10:46.793+0000] {logging_mixin.py:190} INFO - [2025-12-24T09:10:46.793+0000] {dag.py:4180} INFO - Setting next_dagrun for tutorial_taskflow_api to None, run_after=None
[2025-12-24T09:10:46.878+0000] {processor.py:208} INFO - Processing /home/airflow/.local/lib/python3.11/site-packages/airflow/example_dags/tutorial_taskflow_api.py took 0.171 seconds
[2025-12-24T09:10:56.702+0000] {processor.py:186} INFO - Started process (PID=1369) to work on /home/airflow/.local/lib/python3.11/site-packages/airflow/example_dags/tutorial_taskflow_api.py
[2025-12-24T09:10:56.704+0000] {processor.py:914} INFO - Processing file /home/airflow/.local/lib/python3.11/site-packages/airflow/example_dags/tutorial_taskflow_api.py for tasks to queue
[2025-12-24T09:10:56.709+0000] {logging_mixin.py:190} INFO - [2025-12-24T09:10:56.708+0000] {dagbag.py:588} INFO - Filling up the DagBag from /home/airflow/.local/lib/python3.11/site-packages/airflow/example_dags/tutorial_taskflow_api.py
[2025-12-24T09:10:56.729+0000] {processor.py:925} INFO - DAG(s) 'tutorial_taskflow_api' retrieved from /home/airflow/.local/lib/python3.11/site-packages/airflow/example_dags/tutorial_taskflow_api.py
[2025-12-24T09:10:56.767+0000] {logging_mixin.py:190} INFO - [2025-12-24T09:10:56.767+0000] {dag.py:3239} INFO - Sync 1 DAGs
[2025-12-24T09:10:56.788+0000] {logging_mixin.py:190} INFO - [2025-12-24T09:10:56.788+0000] {dag.py:4180} INFO - Setting next_dagrun for tutorial_taskflow_api to None, run_after=None
[2025-12-24T09:10:56.816+0000] {processor.py:208} INFO - Processing /home/airflow/.local/lib/python3.11/site-packages/airflow/example_dags/tutorial_taskflow_api.py took 0.126 seconds
[2025-12-24T09:11:27.652+0000] {processor.py:186} INFO - Started process (PID=1432) to work on /home/airflow/.local/lib/python3.11/site-packages/airflow/example_dags/tutorial_taskflow_api.py
[2025-12-24T09:11:27.654+0000] {processor.py:914} INFO - Processing file /home/airflow/.local/lib/python3.11/site-packages/airflow/example_dags/tutorial_taskflow_api.py for tasks to queue
[2025-12-24T09:11:27.658+0000] {logging_mixin.py:190} INFO - [2025-12-24T09:11:27.658+0000] {dagbag.py:588} INFO - Filling up the DagBag from /home/airflow/.local/lib/python3.11/site-packages/airflow/example_dags/tutorial_taskflow_api.py
[2025-12-24T09:11:27.673+0000] {processor.py:925} INFO - DAG(s) 'tutorial_taskflow_api' retrieved from /home/airflow/.local/lib/python3.11/site-packages/airflow/example_dags/tutorial_taskflow_api.py
[2025-12-24T09:11:27.708+0000] {logging_mixin.py:190} INFO - [2025-12-24T09:11:27.707+0000] {dag.py:3239} INFO - Sync 1 DAGs
[2025-12-24T09:11:27.729+0000] {logging_mixin.py:190} INFO - [2025-12-24T09:11:27.728+0000] {dag.py:4180} INFO - Setting next_dagrun for tutorial_taskflow_api to None, run_after=None
[2025-12-24T09:11:27.762+0000] {processor.py:208} INFO - Processing /home/airflow/.local/lib/python3.11/site-packages/airflow/example_dags/tutorial_taskflow_api.py took 0.121 seconds
[2025-12-24T09:12:29.916+0000] {processor.py:186} INFO - Started process (PID=1495) to work on /home/airflow/.local/lib/python3.11/site-packages/airflow/example_dags/tutorial_taskflow_api.py
[2025-12-24T09:12:29.917+0000] {processor.py:914} INFO - Processing file /home/airflow/.local/lib/python3.11/site-packages/airflow/example_dags/tutorial_taskflow_api.py for tasks to queue
[2025-12-24T09:12:29.921+0000] {logging_mixin.py:190} INFO - [2025-12-24T09:12:29.921+0000] {dagbag.py:588} INFO - Filling up the DagBag from /home/airflow/.local/lib/python3.11/site-packages/airflow/example_dags/tutorial_taskflow_api.py
[2025-12-24T09:12:29.935+0000] {processor.py:925} INFO - DAG(s) 'tutorial_taskflow_api' retrieved from /home/airflow/.local/lib/python3.11/site-packages/airflow/example_dags/tutorial_taskflow_api.py
[2025-12-24T09:12:29.971+0000] {logging_mixin.py:190} INFO - [2025-12-24T09:12:29.970+0000] {dag.py:3239} INFO - Sync 1 DAGs
[2025-12-24T09:12:29.990+0000] {logging_mixin.py:190} INFO - [2025-12-24T09:12:29.989+0000] {dag.py:4180} INFO - Setting next_dagrun for tutorial_taskflow_api to None, run_after=None
[2025-12-24T09:12:30.019+0000] {processor.py:208} INFO - Processing /home/airflow/.local/lib/python3.11/site-packages/airflow/example_dags/tutorial_taskflow_api.py took 0.112 seconds
[2025-12-24T09:12:41.977+0000] {processor.py:186} INFO - Started process (PID=1559) to work on /home/airflow/.local/lib/python3.11/site-packages/airflow/example_dags/tutorial_taskflow_api.py
[2025-12-24T09:12:41.978+0000] {processor.py:914} INFO - Processing file /home/airflow/.local/lib/python3.11/site-packages/airflow/example_dags/tutorial_taskflow_api.py for tasks to queue
[2025-12-24T09:12:41.983+0000] {logging_mixin.py:190} INFO - [2025-12-24T09:12:41.983+0000] {dagbag.py:588} INFO - Filling up the DagBag from /home/airflow/.local/lib/python3.11/site-packages/airflow/example_dags/tutorial_taskflow_api.py
[2025-12-24T09:12:41.998+0000] {processor.py:925} INFO - DAG(s) 'tutorial_taskflow_api' retrieved from /home/airflow/.local/lib/python3.11/site-packages/airflow/example_dags/tutorial_taskflow_api.py
[2025-12-24T09:12:42.028+0000] {logging_mixin.py:190} INFO - [2025-12-24T09:12:42.027+0000] {dag.py:3239} INFO - Sync 1 DAGs
[2025-12-24T09:12:42.049+0000] {logging_mixin.py:190} INFO - [2025-12-24T09:12:42.048+0000] {dag.py:4180} INFO - Setting next_dagrun for tutorial_taskflow_api to None, run_after=None
[2025-12-24T09:12:42.078+0000] {processor.py:208} INFO - Processing /home/airflow/.local/lib/python3.11/site-packages/airflow/example_dags/tutorial_taskflow_api.py took 0.111 seconds
[2025-12-24T09:13:30.774+0000] {processor.py:186} INFO - Started process (PID=1626) to work on /home/airflow/.local/lib/python3.11/site-packages/airflow/example_dags/tutorial_taskflow_api.py
[2025-12-24T09:13:30.775+0000] {processor.py:914} INFO - Processing file /home/airflow/.local/lib/python3.11/site-packages/airflow/example_dags/tutorial_taskflow_api.py for tasks to queue
[2025-12-24T09:13:30.779+0000] {logging_mixin.py:190} INFO - [2025-12-24T09:13:30.778+0000] {dagbag.py:588} INFO - Filling up the DagBag from /home/airflow/.local/lib/python3.11/site-packages/airflow/example_dags/tutorial_taskflow_api.py
[2025-12-24T09:13:30.790+0000] {processor.py:925} INFO - DAG(s) 'tutorial_taskflow_api' retrieved from /home/airflow/.local/lib/python3.11/site-packages/airflow/example_dags/tutorial_taskflow_api.py
[2025-12-24T09:13:30.818+0000] {logging_mixin.py:190} INFO - [2025-12-24T09:13:30.818+0000] {dag.py:3239} INFO - Sync 1 DAGs
[2025-12-24T09:13:30.835+0000] {logging_mixin.py:190} INFO - [2025-12-24T09:13:30.834+0000] {dag.py:4180} INFO - Setting next_dagrun for tutorial_taskflow_api to None, run_after=None
[2025-12-24T09:13:30.861+0000] {processor.py:208} INFO - Processing /home/airflow/.local/lib/python3.11/site-packages/airflow/example_dags/tutorial_taskflow_api.py took 0.096 seconds
[2025-12-24T09:14:24.343+0000] {processor.py:186} INFO - Started process (PID=1676) to work on /home/airflow/.local/lib/python3.11/site-packages/airflow/example_dags/tutorial_taskflow_api.py
[2025-12-24T09:14:24.345+0000] {processor.py:914} INFO - Processing file /home/airflow/.local/lib/python3.11/site-packages/airflow/example_dags/tutorial_taskflow_api.py for tasks to queue
[2025-12-24T09:14:24.350+0000] {logging_mixin.py:190} INFO - [2025-12-24T09:14:24.350+0000] {dagbag.py:588} INFO - Filling up the DagBag from /home/airflow/.local/lib/python3.11/site-packages/airflow/example_dags/tutorial_taskflow_api.py
[2025-12-24T09:14:24.370+0000] {processor.py:925} INFO - DAG(s) 'tutorial_taskflow_api' retrieved from /home/airflow/.local/lib/python3.11/site-packages/airflow/example_dags/tutorial_taskflow_api.py
[2025-12-24T09:14:24.408+0000] {logging_mixin.py:190} INFO - [2025-12-24T09:14:24.407+0000] {dag.py:3239} INFO - Sync 1 DAGs
[2025-12-24T09:14:24.429+0000] {logging_mixin.py:190} INFO - [2025-12-24T09:14:24.429+0000] {dag.py:4180} INFO - Setting next_dagrun for tutorial_taskflow_api to None, run_after=None
[2025-12-24T09:14:24.457+0000] {processor.py:208} INFO - Processing /home/airflow/.local/lib/python3.11/site-packages/airflow/example_dags/tutorial_taskflow_api.py took 0.126 seconds
[2025-12-24T09:14:37.069+0000] {processor.py:186} INFO - Started process (PID=1748) to work on /home/airflow/.local/lib/python3.11/site-packages/airflow/example_dags/tutorial_taskflow_api.py
[2025-12-24T09:14:37.070+0000] {processor.py:914} INFO - Processing file /home/airflow/.local/lib/python3.11/site-packages/airflow/example_dags/tutorial_taskflow_api.py for tasks to queue
[2025-12-24T09:14:37.074+0000] {logging_mixin.py:190} INFO - [2025-12-24T09:14:37.073+0000] {dagbag.py:588} INFO - Filling up the DagBag from /home/airflow/.local/lib/python3.11/site-packages/airflow/example_dags/tutorial_taskflow_api.py
[2025-12-24T09:14:37.091+0000] {processor.py:925} INFO - DAG(s) 'tutorial_taskflow_api' retrieved from /home/airflow/.local/lib/python3.11/site-packages/airflow/example_dags/tutorial_taskflow_api.py
[2025-12-24T09:14:37.119+0000] {logging_mixin.py:190} INFO - [2025-12-24T09:14:37.118+0000] {dag.py:3239} INFO - Sync 1 DAGs
[2025-12-24T09:14:37.136+0000] {logging_mixin.py:190} INFO - [2025-12-24T09:14:37.136+0000] {dag.py:4180} INFO - Setting next_dagrun for tutorial_taskflow_api to None, run_after=None
[2025-12-24T09:14:37.167+0000] {processor.py:208} INFO - Processing /home/airflow/.local/lib/python3.11/site-packages/airflow/example_dags/tutorial_taskflow_api.py took 0.108 seconds
[2025-12-24T09:15:07.922+0000] {processor.py:186} INFO - Started process (PID=1812) to work on /home/airflow/.local/lib/python3.11/site-packages/airflow/example_dags/tutorial_taskflow_api.py
[2025-12-24T09:15:07.924+0000] {processor.py:914} INFO - Processing file /home/airflow/.local/lib/python3.11/site-packages/airflow/example_dags/tutorial_taskflow_api.py for tasks to queue
[2025-12-24T09:15:07.928+0000] {logging_mixin.py:190} INFO - [2025-12-24T09:15:07.928+0000] {dagbag.py:588} INFO - Filling up the DagBag from /home/airflow/.local/lib/python3.11/site-packages/airflow/example_dags/tutorial_taskflow_api.py
[2025-12-24T09:15:07.941+0000] {processor.py:925} INFO - DAG(s) 'tutorial_taskflow_api' retrieved from /home/airflow/.local/lib/python3.11/site-packages/airflow/example_dags/tutorial_taskflow_api.py
[2025-12-24T09:15:07.978+0000] {logging_mixin.py:190} INFO - [2025-12-24T09:15:07.977+0000] {dag.py:3239} INFO - Sync 1 DAGs
[2025-12-24T09:15:08.001+0000] {logging_mixin.py:190} INFO - [2025-12-24T09:15:08.001+0000] {dag.py:4180} INFO - Setting next_dagrun for tutorial_taskflow_api to None, run_after=None
[2025-12-24T09:15:08.043+0000] {processor.py:208} INFO - Processing /home/airflow/.local/lib/python3.11/site-packages/airflow/example_dags/tutorial_taskflow_api.py took 0.132 seconds
[2025-12-24T09:15:38.745+0000] {processor.py:186} INFO - Started process (PID=1875) to work on /home/airflow/.local/lib/python3.11/site-packages/airflow/example_dags/tutorial_taskflow_api.py
[2025-12-24T09:15:38.747+0000] {processor.py:914} INFO - Processing file /home/airflow/.local/lib/python3.11/site-packages/airflow/example_dags/tutorial_taskflow_api.py for tasks to queue
[2025-12-24T09:15:38.751+0000] {logging_mixin.py:190} INFO - [2025-12-24T09:15:38.750+0000] {dagbag.py:588} INFO - Filling up the DagBag from /home/airflow/.local/lib/python3.11/site-packages/airflow/example_dags/tutorial_taskflow_api.py
[2025-12-24T09:15:38.763+0000] {processor.py:925} INFO - DAG(s) 'tutorial_taskflow_api' retrieved from /home/airflow/.local/lib/python3.11/site-packages/airflow/example_dags/tutorial_taskflow_api.py
[2025-12-24T09:15:38.799+0000] {logging_mixin.py:190} INFO - [2025-12-24T09:15:38.798+0000] {dag.py:3239} INFO - Sync 1 DAGs
[2025-12-24T09:15:38.822+0000] {logging_mixin.py:190} INFO - [2025-12-24T09:15:38.821+0000] {dag.py:4180} INFO - Setting next_dagrun for tutorial_taskflow_api to None, run_after=None
[2025-12-24T09:15:38.860+0000] {processor.py:208} INFO - Processing /home/airflow/.local/lib/python3.11/site-packages/airflow/example_dags/tutorial_taskflow_api.py took 0.125 seconds
[2025-12-24T09:16:39.946+0000] {processor.py:186} INFO - Started process (PID=1941) to work on /home/airflow/.local/lib/python3.11/site-packages/airflow/example_dags/tutorial_taskflow_api.py
[2025-12-24T09:16:39.948+0000] {processor.py:914} INFO - Processing file /home/airflow/.local/lib/python3.11/site-packages/airflow/example_dags/tutorial_taskflow_api.py for tasks to queue
[2025-12-24T09:16:39.952+0000] {logging_mixin.py:190} INFO - [2025-12-24T09:16:39.951+0000] {dagbag.py:588} INFO - Filling up the DagBag from /home/airflow/.local/lib/python3.11/site-packages/airflow/example_dags/tutorial_taskflow_api.py
[2025-12-24T09:16:39.967+0000] {processor.py:925} INFO - DAG(s) 'tutorial_taskflow_api' retrieved from /home/airflow/.local/lib/python3.11/site-packages/airflow/example_dags/tutorial_taskflow_api.py
[2025-12-24T09:16:39.996+0000] {logging_mixin.py:190} INFO - [2025-12-24T09:16:39.996+0000] {dag.py:3239} INFO - Sync 1 DAGs
[2025-12-24T09:16:40.014+0000] {logging_mixin.py:190} INFO - [2025-12-24T09:16:40.013+0000] {dag.py:4180} INFO - Setting next_dagrun for tutorial_taskflow_api to None, run_after=None
[2025-12-24T09:16:40.039+0000] {processor.py:208} INFO - Processing /home/airflow/.local/lib/python3.11/site-packages/airflow/example_dags/tutorial_taskflow_api.py took 0.102 seconds
[2025-12-24T09:24:10.297+0000] {processor.py:186} INFO - Started process (PID=81) to work on /home/airflow/.local/lib/python3.11/site-packages/airflow/example_dags/tutorial_taskflow_api.py
[2025-12-24T09:24:10.299+0000] {processor.py:914} INFO - Processing file /home/airflow/.local/lib/python3.11/site-packages/airflow/example_dags/tutorial_taskflow_api.py for tasks to queue
[2025-12-24T09:24:10.304+0000] {logging_mixin.py:190} INFO - [2025-12-24T09:24:10.304+0000] {dagbag.py:588} INFO - Filling up the DagBag from /home/airflow/.local/lib/python3.11/site-packages/airflow/example_dags/tutorial_taskflow_api.py
[2025-12-24T09:24:10.318+0000] {processor.py:925} INFO - DAG(s) 'tutorial_taskflow_api' retrieved from /home/airflow/.local/lib/python3.11/site-packages/airflow/example_dags/tutorial_taskflow_api.py
[2025-12-24T09:24:10.493+0000] {logging_mixin.py:190} INFO - [2025-12-24T09:24:10.492+0000] {override.py:1911} INFO - Created Permission View: can delete on DAG:tutorial_taskflow_api
[2025-12-24T09:24:10.507+0000] {logging_mixin.py:190} INFO - [2025-12-24T09:24:10.507+0000] {override.py:1911} INFO - Created Permission View: can read on DAG:tutorial_taskflow_api
[2025-12-24T09:24:10.522+0000] {logging_mixin.py:190} INFO - [2025-12-24T09:24:10.522+0000] {override.py:1911} INFO - Created Permission View: can edit on DAG:tutorial_taskflow_api
[2025-12-24T09:24:10.540+0000] {logging_mixin.py:190} INFO - [2025-12-24T09:24:10.540+0000] {override.py:1911} INFO - Created Permission View: menu access on DAG Run:tutorial_taskflow_api
[2025-12-24T09:24:10.552+0000] {logging_mixin.py:190} INFO - [2025-12-24T09:24:10.551+0000] {override.py:1911} INFO - Created Permission View: can create on DAG Run:tutorial_taskflow_api
[2025-12-24T09:24:10.563+0000] {logging_mixin.py:190} INFO - [2025-12-24T09:24:10.562+0000] {override.py:1911} INFO - Created Permission View: can delete on DAG Run:tutorial_taskflow_api
[2025-12-24T09:24:10.575+0000] {logging_mixin.py:190} INFO - [2025-12-24T09:24:10.575+0000] {override.py:1911} INFO - Created Permission View: can read on DAG Run:tutorial_taskflow_api
[2025-12-24T09:24:10.578+0000] {logging_mixin.py:190} INFO - [2025-12-24T09:24:10.578+0000] {dag.py:3239} INFO - Sync 1 DAGs
[2025-12-24T09:24:10.616+0000] {logging_mixin.py:190} INFO - [2025-12-24T09:24:10.616+0000] {dag.py:3262} INFO - Creating ORM DAG for tutorial_taskflow_api
[2025-12-24T09:24:10.618+0000] {logging_mixin.py:190} INFO - [2025-12-24T09:24:10.617+0000] {dag.py:4180} INFO - Setting next_dagrun for tutorial_taskflow_api to None, run_after=None
[2025-12-24T09:24:10.650+0000] {processor.py:208} INFO - Processing /home/airflow/.local/lib/python3.11/site-packages/airflow/example_dags/tutorial_taskflow_api.py took 0.362 seconds
[2025-12-24T09:24:03.405+0000] {processor.py:186} INFO - Started process (PID=179) to work on /home/airflow/.local/lib/python3.11/site-packages/airflow/example_dags/tutorial_taskflow_api.py
[2025-12-24T09:24:03.407+0000] {processor.py:914} INFO - Processing file /home/airflow/.local/lib/python3.11/site-packages/airflow/example_dags/tutorial_taskflow_api.py for tasks to queue
[2025-12-24T09:24:03.413+0000] {logging_mixin.py:190} INFO - [2025-12-24T09:24:03.412+0000] {dagbag.py:588} INFO - Filling up the DagBag from /home/airflow/.local/lib/python3.11/site-packages/airflow/example_dags/tutorial_taskflow_api.py
[2025-12-24T09:24:03.428+0000] {processor.py:925} INFO - DAG(s) 'tutorial_taskflow_api' retrieved from /home/airflow/.local/lib/python3.11/site-packages/airflow/example_dags/tutorial_taskflow_api.py
[2025-12-24T09:24:03.455+0000] {logging_mixin.py:190} INFO - [2025-12-24T09:24:03.455+0000] {dag.py:3239} INFO - Sync 1 DAGs
[2025-12-24T09:24:03.488+0000] {logging_mixin.py:190} INFO - [2025-12-24T09:24:03.487+0000] {dag.py:4180} INFO - Setting next_dagrun for tutorial_taskflow_api to None, run_after=None
[2025-12-24T09:24:03.519+0000] {processor.py:208} INFO - Processing /home/airflow/.local/lib/python3.11/site-packages/airflow/example_dags/tutorial_taskflow_api.py took 0.126 seconds
[2025-12-24T09:24:12.089+0000] {processor.py:186} INFO - Started process (PID=219) to work on /home/airflow/.local/lib/python3.11/site-packages/airflow/example_dags/tutorial_taskflow_api.py
[2025-12-24T09:24:12.091+0000] {processor.py:914} INFO - Processing file /home/airflow/.local/lib/python3.11/site-packages/airflow/example_dags/tutorial_taskflow_api.py for tasks to queue
[2025-12-24T09:24:12.095+0000] {logging_mixin.py:190} INFO - [2025-12-24T09:24:12.095+0000] {dagbag.py:588} INFO - Filling up the DagBag from /home/airflow/.local/lib/python3.11/site-packages/airflow/example_dags/tutorial_taskflow_api.py
[2025-12-24T09:24:12.112+0000] {processor.py:925} INFO - DAG(s) 'tutorial_taskflow_api' retrieved from /home/airflow/.local/lib/python3.11/site-packages/airflow/example_dags/tutorial_taskflow_api.py
[2025-12-24T09:24:12.146+0000] {logging_mixin.py:190} INFO - [2025-12-24T09:24:12.146+0000] {dag.py:3239} INFO - Sync 1 DAGs
[2025-12-24T09:24:12.176+0000] {logging_mixin.py:190} INFO - [2025-12-24T09:24:12.175+0000] {dag.py:4180} INFO - Setting next_dagrun for tutorial_taskflow_api to None, run_after=None
[2025-12-24T09:24:12.212+0000] {processor.py:208} INFO - Processing /home/airflow/.local/lib/python3.11/site-packages/airflow/example_dags/tutorial_taskflow_api.py took 0.138 seconds
[2025-12-24T09:24:42.071+0000] {processor.py:186} INFO - Started process (PID=280) to work on /home/airflow/.local/lib/python3.11/site-packages/airflow/example_dags/tutorial_taskflow_api.py
[2025-12-24T09:24:42.072+0000] {processor.py:914} INFO - Processing file /home/airflow/.local/lib/python3.11/site-packages/airflow/example_dags/tutorial_taskflow_api.py for tasks to queue
[2025-12-24T09:24:42.078+0000] {logging_mixin.py:190} INFO - [2025-12-24T09:24:42.078+0000] {dagbag.py:588} INFO - Filling up the DagBag from /home/airflow/.local/lib/python3.11/site-packages/airflow/example_dags/tutorial_taskflow_api.py
[2025-12-24T09:24:42.095+0000] {processor.py:925} INFO - DAG(s) 'tutorial_taskflow_api' retrieved from /home/airflow/.local/lib/python3.11/site-packages/airflow/example_dags/tutorial_taskflow_api.py
[2025-12-24T09:24:42.137+0000] {logging_mixin.py:190} INFO - [2025-12-24T09:24:42.137+0000] {dag.py:3239} INFO - Sync 1 DAGs
[2025-12-24T09:24:42.175+0000] {logging_mixin.py:190} INFO - [2025-12-24T09:24:42.174+0000] {dag.py:4180} INFO - Setting next_dagrun for tutorial_taskflow_api to None, run_after=None
[2025-12-24T09:24:42.211+0000] {processor.py:208} INFO - Processing /home/airflow/.local/lib/python3.11/site-packages/airflow/example_dags/tutorial_taskflow_api.py took 0.154 seconds
[2025-12-24T09:24:53.295+0000] {processor.py:186} INFO - Started process (PID=336) to work on /home/airflow/.local/lib/python3.11/site-packages/airflow/example_dags/tutorial_taskflow_api.py
[2025-12-24T09:24:53.296+0000] {processor.py:914} INFO - Processing file /home/airflow/.local/lib/python3.11/site-packages/airflow/example_dags/tutorial_taskflow_api.py for tasks to queue
[2025-12-24T09:24:53.301+0000] {logging_mixin.py:190} INFO - [2025-12-24T09:24:53.300+0000] {dagbag.py:588} INFO - Filling up the DagBag from /home/airflow/.local/lib/python3.11/site-packages/airflow/example_dags/tutorial_taskflow_api.py
[2025-12-24T09:24:53.315+0000] {processor.py:925} INFO - DAG(s) 'tutorial_taskflow_api' retrieved from /home/airflow/.local/lib/python3.11/site-packages/airflow/example_dags/tutorial_taskflow_api.py
[2025-12-24T09:24:53.350+0000] {logging_mixin.py:190} INFO - [2025-12-24T09:24:53.349+0000] {dag.py:3239} INFO - Sync 1 DAGs
[2025-12-24T09:24:53.377+0000] {logging_mixin.py:190} INFO - [2025-12-24T09:24:53.376+0000] {dag.py:4180} INFO - Setting next_dagrun for tutorial_taskflow_api to None, run_after=None
[2025-12-24T09:24:53.419+0000] {processor.py:208} INFO - Processing /home/airflow/.local/lib/python3.11/site-packages/airflow/example_dags/tutorial_taskflow_api.py took 0.138 seconds
[2025-12-24T09:25:11.992+0000] {processor.py:186} INFO - Started process (PID=398) to work on /home/airflow/.local/lib/python3.11/site-packages/airflow/example_dags/tutorial_taskflow_api.py
[2025-12-24T09:25:11.994+0000] {processor.py:914} INFO - Processing file /home/airflow/.local/lib/python3.11/site-packages/airflow/example_dags/tutorial_taskflow_api.py for tasks to queue
[2025-12-24T09:25:11.997+0000] {logging_mixin.py:190} INFO - [2025-12-24T09:25:11.997+0000] {dagbag.py:588} INFO - Filling up the DagBag from /home/airflow/.local/lib/python3.11/site-packages/airflow/example_dags/tutorial_taskflow_api.py
[2025-12-24T09:25:12.010+0000] {processor.py:925} INFO - DAG(s) 'tutorial_taskflow_api' retrieved from /home/airflow/.local/lib/python3.11/site-packages/airflow/example_dags/tutorial_taskflow_api.py
[2025-12-24T09:25:12.043+0000] {logging_mixin.py:190} INFO - [2025-12-24T09:25:12.043+0000] {dag.py:3239} INFO - Sync 1 DAGs
[2025-12-24T09:25:12.062+0000] {logging_mixin.py:190} INFO - [2025-12-24T09:25:12.061+0000] {dag.py:4180} INFO - Setting next_dagrun for tutorial_taskflow_api to None, run_after=None
[2025-12-24T09:25:12.092+0000] {processor.py:208} INFO - Processing /home/airflow/.local/lib/python3.11/site-packages/airflow/example_dags/tutorial_taskflow_api.py took 0.111 seconds
[2025-12-24T09:25:18.353+0000] {processor.py:186} INFO - Started process (PID=452) to work on /home/airflow/.local/lib/python3.11/site-packages/airflow/example_dags/tutorial_taskflow_api.py
[2025-12-24T09:25:18.354+0000] {processor.py:914} INFO - Processing file /home/airflow/.local/lib/python3.11/site-packages/airflow/example_dags/tutorial_taskflow_api.py for tasks to queue
[2025-12-24T09:25:18.359+0000] {logging_mixin.py:190} INFO - [2025-12-24T09:25:18.358+0000] {dagbag.py:588} INFO - Filling up the DagBag from /home/airflow/.local/lib/python3.11/site-packages/airflow/example_dags/tutorial_taskflow_api.py
[2025-12-24T09:25:18.372+0000] {processor.py:925} INFO - DAG(s) 'tutorial_taskflow_api' retrieved from /home/airflow/.local/lib/python3.11/site-packages/airflow/example_dags/tutorial_taskflow_api.py
[2025-12-24T09:25:18.406+0000] {logging_mixin.py:190} INFO - [2025-12-24T09:25:18.405+0000] {dag.py:3239} INFO - Sync 1 DAGs
[2025-12-24T09:25:18.426+0000] {logging_mixin.py:190} INFO - [2025-12-24T09:25:18.425+0000] {dag.py:4180} INFO - Setting next_dagrun for tutorial_taskflow_api to None, run_after=None
[2025-12-24T09:25:18.455+0000] {processor.py:208} INFO - Processing /home/airflow/.local/lib/python3.11/site-packages/airflow/example_dags/tutorial_taskflow_api.py took 0.113 seconds
[2025-12-24T09:25:49.243+0000] {processor.py:186} INFO - Started process (PID=510) to work on /home/airflow/.local/lib/python3.11/site-packages/airflow/example_dags/tutorial_taskflow_api.py
[2025-12-24T09:25:49.245+0000] {processor.py:914} INFO - Processing file /home/airflow/.local/lib/python3.11/site-packages/airflow/example_dags/tutorial_taskflow_api.py for tasks to queue
[2025-12-24T09:25:49.250+0000] {logging_mixin.py:190} INFO - [2025-12-24T09:25:49.250+0000] {dagbag.py:588} INFO - Filling up the DagBag from /home/airflow/.local/lib/python3.11/site-packages/airflow/example_dags/tutorial_taskflow_api.py
[2025-12-24T09:25:49.267+0000] {processor.py:925} INFO - DAG(s) 'tutorial_taskflow_api' retrieved from /home/airflow/.local/lib/python3.11/site-packages/airflow/example_dags/tutorial_taskflow_api.py
[2025-12-24T09:25:49.309+0000] {logging_mixin.py:190} INFO - [2025-12-24T09:25:49.308+0000] {dag.py:3239} INFO - Sync 1 DAGs
[2025-12-24T09:25:49.338+0000] {logging_mixin.py:190} INFO - [2025-12-24T09:25:49.338+0000] {dag.py:4180} INFO - Setting next_dagrun for tutorial_taskflow_api to None, run_after=None
[2025-12-24T09:25:49.382+0000] {processor.py:208} INFO - Processing /home/airflow/.local/lib/python3.11/site-packages/airflow/example_dags/tutorial_taskflow_api.py took 0.151 seconds
[2025-12-24T09:25:53.911+0000] {processor.py:186} INFO - Started process (PID=541) to work on /home/airflow/.local/lib/python3.11/site-packages/airflow/example_dags/tutorial_taskflow_api.py
[2025-12-24T09:25:53.913+0000] {processor.py:914} INFO - Processing file /home/airflow/.local/lib/python3.11/site-packages/airflow/example_dags/tutorial_taskflow_api.py for tasks to queue
[2025-12-24T09:25:53.919+0000] {logging_mixin.py:190} INFO - [2025-12-24T09:25:53.918+0000] {dagbag.py:588} INFO - Filling up the DagBag from /home/airflow/.local/lib/python3.11/site-packages/airflow/example_dags/tutorial_taskflow_api.py
[2025-12-24T09:25:53.939+0000] {processor.py:925} INFO - DAG(s) 'tutorial_taskflow_api' retrieved from /home/airflow/.local/lib/python3.11/site-packages/airflow/example_dags/tutorial_taskflow_api.py
[2025-12-24T09:25:54.007+0000] {logging_mixin.py:190} INFO - [2025-12-24T09:25:54.006+0000] {dag.py:3239} INFO - Sync 1 DAGs
[2025-12-24T09:25:54.038+0000] {logging_mixin.py:190} INFO - [2025-12-24T09:25:54.038+0000] {dag.py:4180} INFO - Setting next_dagrun for tutorial_taskflow_api to None, run_after=None
[2025-12-24T09:25:54.080+0000] {processor.py:208} INFO - Processing /home/airflow/.local/lib/python3.11/site-packages/airflow/example_dags/tutorial_taskflow_api.py took 0.183 seconds
[2025-12-24T09:26:03.484+0000] {processor.py:186} INFO - Started process (PID=605) to work on /home/airflow/.local/lib/python3.11/site-packages/airflow/example_dags/tutorial_taskflow_api.py
[2025-12-24T09:26:03.488+0000] {processor.py:914} INFO - Processing file /home/airflow/.local/lib/python3.11/site-packages/airflow/example_dags/tutorial_taskflow_api.py for tasks to queue
[2025-12-24T09:26:03.495+0000] {logging_mixin.py:190} INFO - [2025-12-24T09:26:03.494+0000] {dagbag.py:588} INFO - Filling up the DagBag from /home/airflow/.local/lib/python3.11/site-packages/airflow/example_dags/tutorial_taskflow_api.py
[2025-12-24T09:26:03.519+0000] {processor.py:925} INFO - DAG(s) 'tutorial_taskflow_api' retrieved from /home/airflow/.local/lib/python3.11/site-packages/airflow/example_dags/tutorial_taskflow_api.py
[2025-12-24T09:26:03.566+0000] {logging_mixin.py:190} INFO - [2025-12-24T09:26:03.565+0000] {dag.py:3239} INFO - Sync 1 DAGs
[2025-12-24T09:26:03.592+0000] {logging_mixin.py:190} INFO - [2025-12-24T09:26:03.592+0000] {dag.py:4180} INFO - Setting next_dagrun for tutorial_taskflow_api to None, run_after=None
[2025-12-24T09:26:03.625+0000] {processor.py:208} INFO - Processing /home/airflow/.local/lib/python3.11/site-packages/airflow/example_dags/tutorial_taskflow_api.py took 0.154 seconds
[2025-12-24T09:26:12.290+0000] {processor.py:186} INFO - Started process (PID=661) to work on /home/airflow/.local/lib/python3.11/site-packages/airflow/example_dags/tutorial_taskflow_api.py
[2025-12-24T09:26:12.292+0000] {processor.py:914} INFO - Processing file /home/airflow/.local/lib/python3.11/site-packages/airflow/example_dags/tutorial_taskflow_api.py for tasks to queue
[2025-12-24T09:26:12.297+0000] {logging_mixin.py:190} INFO - [2025-12-24T09:26:12.297+0000] {dagbag.py:588} INFO - Filling up the DagBag from /home/airflow/.local/lib/python3.11/site-packages/airflow/example_dags/tutorial_taskflow_api.py
[2025-12-24T09:26:12.316+0000] {processor.py:925} INFO - DAG(s) 'tutorial_taskflow_api' retrieved from /home/airflow/.local/lib/python3.11/site-packages/airflow/example_dags/tutorial_taskflow_api.py
[2025-12-24T09:26:12.369+0000] {logging_mixin.py:190} INFO - [2025-12-24T09:26:12.368+0000] {dag.py:3239} INFO - Sync 1 DAGs
[2025-12-24T09:26:12.401+0000] {logging_mixin.py:190} INFO - [2025-12-24T09:26:12.400+0000] {dag.py:4180} INFO - Setting next_dagrun for tutorial_taskflow_api to None, run_after=None
[2025-12-24T09:26:12.454+0000] {processor.py:208} INFO - Processing /home/airflow/.local/lib/python3.11/site-packages/airflow/example_dags/tutorial_taskflow_api.py took 0.181 seconds
[2025-12-24T09:26:23.249+0000] {processor.py:186} INFO - Started process (PID=715) to work on /home/airflow/.local/lib/python3.11/site-packages/airflow/example_dags/tutorial_taskflow_api.py
[2025-12-24T09:26:23.251+0000] {processor.py:914} INFO - Processing file /home/airflow/.local/lib/python3.11/site-packages/airflow/example_dags/tutorial_taskflow_api.py for tasks to queue
[2025-12-24T09:26:23.255+0000] {logging_mixin.py:190} INFO - [2025-12-24T09:26:23.255+0000] {dagbag.py:588} INFO - Filling up the DagBag from /home/airflow/.local/lib/python3.11/site-packages/airflow/example_dags/tutorial_taskflow_api.py
[2025-12-24T09:26:23.271+0000] {processor.py:925} INFO - DAG(s) 'tutorial_taskflow_api' retrieved from /home/airflow/.local/lib/python3.11/site-packages/airflow/example_dags/tutorial_taskflow_api.py
[2025-12-24T09:26:23.306+0000] {logging_mixin.py:190} INFO - [2025-12-24T09:26:23.305+0000] {dag.py:3239} INFO - Sync 1 DAGs
[2025-12-24T09:26:23.325+0000] {logging_mixin.py:190} INFO - [2025-12-24T09:26:23.324+0000] {dag.py:4180} INFO - Setting next_dagrun for tutorial_taskflow_api to None, run_after=None
[2025-12-24T09:26:23.354+0000] {processor.py:208} INFO - Processing /home/airflow/.local/lib/python3.11/site-packages/airflow/example_dags/tutorial_taskflow_api.py took 0.115 seconds
[2025-12-24T09:26:33.150+0000] {processor.py:186} INFO - Started process (PID=770) to work on /home/airflow/.local/lib/python3.11/site-packages/airflow/example_dags/tutorial_taskflow_api.py
[2025-12-24T09:26:33.152+0000] {processor.py:914} INFO - Processing file /home/airflow/.local/lib/python3.11/site-packages/airflow/example_dags/tutorial_taskflow_api.py for tasks to queue
[2025-12-24T09:26:33.157+0000] {logging_mixin.py:190} INFO - [2025-12-24T09:26:33.157+0000] {dagbag.py:588} INFO - Filling up the DagBag from /home/airflow/.local/lib/python3.11/site-packages/airflow/example_dags/tutorial_taskflow_api.py
[2025-12-24T09:26:33.175+0000] {processor.py:925} INFO - DAG(s) 'tutorial_taskflow_api' retrieved from /home/airflow/.local/lib/python3.11/site-packages/airflow/example_dags/tutorial_taskflow_api.py
[2025-12-24T09:26:33.215+0000] {logging_mixin.py:190} INFO - [2025-12-24T09:26:33.214+0000] {dag.py:3239} INFO - Sync 1 DAGs
[2025-12-24T09:26:33.240+0000] {logging_mixin.py:190} INFO - [2025-12-24T09:26:33.240+0000] {dag.py:4180} INFO - Setting next_dagrun for tutorial_taskflow_api to None, run_after=None
[2025-12-24T09:26:33.274+0000] {processor.py:208} INFO - Processing /home/airflow/.local/lib/python3.11/site-packages/airflow/example_dags/tutorial_taskflow_api.py took 0.135 seconds
[2025-12-24T09:26:43.513+0000] {processor.py:186} INFO - Started process (PID=822) to work on /home/airflow/.local/lib/python3.11/site-packages/airflow/example_dags/tutorial_taskflow_api.py
[2025-12-24T09:26:43.515+0000] {processor.py:914} INFO - Processing file /home/airflow/.local/lib/python3.11/site-packages/airflow/example_dags/tutorial_taskflow_api.py for tasks to queue
[2025-12-24T09:26:43.522+0000] {logging_mixin.py:190} INFO - [2025-12-24T09:26:43.521+0000] {dagbag.py:588} INFO - Filling up the DagBag from /home/airflow/.local/lib/python3.11/site-packages/airflow/example_dags/tutorial_taskflow_api.py
[2025-12-24T09:26:43.542+0000] {processor.py:925} INFO - DAG(s) 'tutorial_taskflow_api' retrieved from /home/airflow/.local/lib/python3.11/site-packages/airflow/example_dags/tutorial_taskflow_api.py
[2025-12-24T09:26:43.597+0000] {logging_mixin.py:190} INFO - [2025-12-24T09:26:43.596+0000] {dag.py:3239} INFO - Sync 1 DAGs
[2025-12-24T09:26:43.626+0000] {logging_mixin.py:190} INFO - [2025-12-24T09:26:43.626+0000] {dag.py:4180} INFO - Setting next_dagrun for tutorial_taskflow_api to None, run_after=None
[2025-12-24T09:26:43.708+0000] {processor.py:208} INFO - Processing /home/airflow/.local/lib/python3.11/site-packages/airflow/example_dags/tutorial_taskflow_api.py took 0.213 seconds
[2025-12-24T09:27:40.902+0000] {processor.py:186} INFO - Started process (PID=877) to work on /home/airflow/.local/lib/python3.11/site-packages/airflow/example_dags/tutorial_taskflow_api.py
[2025-12-24T09:27:40.904+0000] {processor.py:914} INFO - Processing file /home/airflow/.local/lib/python3.11/site-packages/airflow/example_dags/tutorial_taskflow_api.py for tasks to queue
[2025-12-24T09:27:40.907+0000] {logging_mixin.py:190} INFO - [2025-12-24T09:27:40.907+0000] {dagbag.py:588} INFO - Filling up the DagBag from /home/airflow/.local/lib/python3.11/site-packages/airflow/example_dags/tutorial_taskflow_api.py
[2025-12-24T09:27:40.922+0000] {processor.py:925} INFO - DAG(s) 'tutorial_taskflow_api' retrieved from /home/airflow/.local/lib/python3.11/site-packages/airflow/example_dags/tutorial_taskflow_api.py
[2025-12-24T09:27:40.953+0000] {logging_mixin.py:190} INFO - [2025-12-24T09:27:40.952+0000] {dag.py:3239} INFO - Sync 1 DAGs
[2025-12-24T09:27:40.976+0000] {logging_mixin.py:190} INFO - [2025-12-24T09:27:40.976+0000] {dag.py:4180} INFO - Setting next_dagrun for tutorial_taskflow_api to None, run_after=None
[2025-12-24T09:27:41.007+0000] {processor.py:208} INFO - Processing /home/airflow/.local/lib/python3.11/site-packages/airflow/example_dags/tutorial_taskflow_api.py took 0.116 seconds
[2025-12-24T09:27:48.647+0000] {processor.py:186} INFO - Started process (PID=949) to work on /home/airflow/.local/lib/python3.11/site-packages/airflow/example_dags/tutorial_taskflow_api.py
[2025-12-24T09:27:48.649+0000] {processor.py:914} INFO - Processing file /home/airflow/.local/lib/python3.11/site-packages/airflow/example_dags/tutorial_taskflow_api.py for tasks to queue
[2025-12-24T09:27:48.653+0000] {logging_mixin.py:190} INFO - [2025-12-24T09:27:48.652+0000] {dagbag.py:588} INFO - Filling up the DagBag from /home/airflow/.local/lib/python3.11/site-packages/airflow/example_dags/tutorial_taskflow_api.py
[2025-12-24T09:27:48.667+0000] {processor.py:925} INFO - DAG(s) 'tutorial_taskflow_api' retrieved from /home/airflow/.local/lib/python3.11/site-packages/airflow/example_dags/tutorial_taskflow_api.py
[2025-12-24T09:27:48.704+0000] {logging_mixin.py:190} INFO - [2025-12-24T09:27:48.703+0000] {dag.py:3239} INFO - Sync 1 DAGs
[2025-12-24T09:27:48.723+0000] {logging_mixin.py:190} INFO - [2025-12-24T09:27:48.722+0000] {dag.py:4180} INFO - Setting next_dagrun for tutorial_taskflow_api to None, run_after=None
[2025-12-24T09:27:48.753+0000] {processor.py:208} INFO - Processing /home/airflow/.local/lib/python3.11/site-packages/airflow/example_dags/tutorial_taskflow_api.py took 0.116 seconds
[2025-12-24T09:27:58.740+0000] {processor.py:186} INFO - Started process (PID=1009) to work on /home/airflow/.local/lib/python3.11/site-packages/airflow/example_dags/tutorial_taskflow_api.py
[2025-12-24T09:27:58.741+0000] {processor.py:914} INFO - Processing file /home/airflow/.local/lib/python3.11/site-packages/airflow/example_dags/tutorial_taskflow_api.py for tasks to queue
[2025-12-24T09:27:58.746+0000] {logging_mixin.py:190} INFO - [2025-12-24T09:27:58.745+0000] {dagbag.py:588} INFO - Filling up the DagBag from /home/airflow/.local/lib/python3.11/site-packages/airflow/example_dags/tutorial_taskflow_api.py
[2025-12-24T09:27:58.763+0000] {processor.py:925} INFO - DAG(s) 'tutorial_taskflow_api' retrieved from /home/airflow/.local/lib/python3.11/site-packages/airflow/example_dags/tutorial_taskflow_api.py
[2025-12-24T09:27:58.810+0000] {logging_mixin.py:190} INFO - [2025-12-24T09:27:58.809+0000] {dag.py:3239} INFO - Sync 1 DAGs
[2025-12-24T09:27:58.837+0000] {logging_mixin.py:190} INFO - [2025-12-24T09:27:58.837+0000] {dag.py:4180} INFO - Setting next_dagrun for tutorial_taskflow_api to None, run_after=None
[2025-12-24T09:27:58.879+0000] {processor.py:208} INFO - Processing /home/airflow/.local/lib/python3.11/site-packages/airflow/example_dags/tutorial_taskflow_api.py took 0.153 seconds
[2025-12-24T09:28:12.003+0000] {processor.py:186} INFO - Started process (PID=1074) to work on /home/airflow/.local/lib/python3.11/site-packages/airflow/example_dags/tutorial_taskflow_api.py
[2025-12-24T09:28:12.005+0000] {processor.py:914} INFO - Processing file /home/airflow/.local/lib/python3.11/site-packages/airflow/example_dags/tutorial_taskflow_api.py for tasks to queue
[2025-12-24T09:28:12.009+0000] {logging_mixin.py:190} INFO - [2025-12-24T09:28:12.008+0000] {dagbag.py:588} INFO - Filling up the DagBag from /home/airflow/.local/lib/python3.11/site-packages/airflow/example_dags/tutorial_taskflow_api.py
[2025-12-24T09:28:12.026+0000] {processor.py:925} INFO - DAG(s) 'tutorial_taskflow_api' retrieved from /home/airflow/.local/lib/python3.11/site-packages/airflow/example_dags/tutorial_taskflow_api.py
[2025-12-24T09:28:12.070+0000] {logging_mixin.py:190} INFO - [2025-12-24T09:28:12.070+0000] {dag.py:3239} INFO - Sync 1 DAGs
[2025-12-24T09:28:12.090+0000] {logging_mixin.py:190} INFO - [2025-12-24T09:28:12.089+0000] {dag.py:4180} INFO - Setting next_dagrun for tutorial_taskflow_api to None, run_after=None
[2025-12-24T09:28:12.578+0000] {processor.py:208} INFO - Processing /home/airflow/.local/lib/python3.11/site-packages/airflow/example_dags/tutorial_taskflow_api.py took 0.585 seconds
[2025-12-24T09:29:10.820+0000] {processor.py:186} INFO - Started process (PID=1130) to work on /home/airflow/.local/lib/python3.11/site-packages/airflow/example_dags/tutorial_taskflow_api.py
[2025-12-24T09:29:10.822+0000] {processor.py:914} INFO - Processing file /home/airflow/.local/lib/python3.11/site-packages/airflow/example_dags/tutorial_taskflow_api.py for tasks to queue
[2025-12-24T09:29:10.826+0000] {logging_mixin.py:190} INFO - [2025-12-24T09:29:10.825+0000] {dagbag.py:588} INFO - Filling up the DagBag from /home/airflow/.local/lib/python3.11/site-packages/airflow/example_dags/tutorial_taskflow_api.py
[2025-12-24T09:29:10.840+0000] {processor.py:925} INFO - DAG(s) 'tutorial_taskflow_api' retrieved from /home/airflow/.local/lib/python3.11/site-packages/airflow/example_dags/tutorial_taskflow_api.py
[2025-12-24T09:29:10.888+0000] {logging_mixin.py:190} INFO - [2025-12-24T09:29:10.888+0000] {dag.py:3239} INFO - Sync 1 DAGs
[2025-12-24T09:29:10.907+0000] {logging_mixin.py:190} INFO - [2025-12-24T09:29:10.907+0000] {dag.py:4180} INFO - Setting next_dagrun for tutorial_taskflow_api to None, run_after=None
[2025-12-24T09:29:10.949+0000] {processor.py:208} INFO - Processing /home/airflow/.local/lib/python3.11/site-packages/airflow/example_dags/tutorial_taskflow_api.py took 0.140 seconds
