[2025-12-24T09:02:49.113+0000] {processor.py:186} INFO - Started process (PID=75) to work on /opt/airflow/dags/exampledag.py
[2025-12-24T09:02:49.115+0000] {processor.py:914} INFO - Processing file /opt/airflow/dags/exampledag.py for tasks to queue
[2025-12-24T09:02:49.121+0000] {logging_mixin.py:190} INFO - [2025-12-24T09:02:49.121+0000] {dagbag.py:588} INFO - Filling up the DagBag from /opt/airflow/dags/exampledag.py
[2025-12-24T09:02:49.155+0000] {logging_mixin.py:190} INFO - [2025-12-24T09:02:49.149+0000] {dagbag.py:387} ERROR - Failed to import: /opt/airflow/dags/exampledag.py
Traceback (most recent call last):
  File "/home/airflow/.local/lib/python3.11/site-packages/airflow/models/dagbag.py", line 383, in parse
    loader.exec_module(new_module)
  File "<frozen importlib._bootstrap_external>", line 940, in exec_module
  File "<frozen importlib._bootstrap>", line 241, in _call_with_frames_removed
  File "/opt/airflow/dags/exampledag.py", line 23, in <module>
    from airflow.sdk import Asset, dag, task
ModuleNotFoundError: No module named 'airflow.sdk'
[2025-12-24T09:02:49.158+0000] {processor.py:927} WARNING - No viable dags retrieved from /opt/airflow/dags/exampledag.py
[2025-12-24T09:02:49.204+0000] {processor.py:208} INFO - Processing /opt/airflow/dags/exampledag.py took 0.103 seconds
[2025-12-24T09:03:10.723+0000] {processor.py:186} INFO - Started process (PID=135) to work on /opt/airflow/dags/exampledag.py
[2025-12-24T09:03:10.725+0000] {processor.py:914} INFO - Processing file /opt/airflow/dags/exampledag.py for tasks to queue
[2025-12-24T09:03:10.731+0000] {logging_mixin.py:190} INFO - [2025-12-24T09:03:10.731+0000] {dagbag.py:588} INFO - Filling up the DagBag from /opt/airflow/dags/exampledag.py
[2025-12-24T09:03:10.776+0000] {logging_mixin.py:190} INFO - [2025-12-24T09:03:10.768+0000] {dagbag.py:387} ERROR - Failed to import: /opt/airflow/dags/exampledag.py
Traceback (most recent call last):
  File "/home/airflow/.local/lib/python3.11/site-packages/airflow/models/dagbag.py", line 383, in parse
    loader.exec_module(new_module)
  File "<frozen importlib._bootstrap_external>", line 940, in exec_module
  File "<frozen importlib._bootstrap>", line 241, in _call_with_frames_removed
  File "/opt/airflow/dags/exampledag.py", line 23, in <module>
    from airflow.sdk import Asset, dag, task
ModuleNotFoundError: No module named 'airflow.sdk'
[2025-12-24T09:03:10.780+0000] {processor.py:927} WARNING - No viable dags retrieved from /opt/airflow/dags/exampledag.py
[2025-12-24T09:03:10.844+0000] {processor.py:208} INFO - Processing /opt/airflow/dags/exampledag.py took 0.134 seconds
[2025-12-24T09:04:13.758+0000] {processor.py:186} INFO - Started process (PID=199) to work on /opt/airflow/dags/exampledag.py
[2025-12-24T09:04:13.760+0000] {processor.py:914} INFO - Processing file /opt/airflow/dags/exampledag.py for tasks to queue
[2025-12-24T09:04:13.765+0000] {logging_mixin.py:190} INFO - [2025-12-24T09:04:13.765+0000] {dagbag.py:588} INFO - Filling up the DagBag from /opt/airflow/dags/exampledag.py
[2025-12-24T09:04:13.793+0000] {logging_mixin.py:190} INFO - [2025-12-24T09:04:13.786+0000] {dagbag.py:387} ERROR - Failed to import: /opt/airflow/dags/exampledag.py
Traceback (most recent call last):
  File "/home/airflow/.local/lib/python3.11/site-packages/airflow/models/dagbag.py", line 383, in parse
    loader.exec_module(new_module)
  File "<frozen importlib._bootstrap_external>", line 940, in exec_module
  File "<frozen importlib._bootstrap>", line 241, in _call_with_frames_removed
  File "/opt/airflow/dags/exampledag.py", line 23, in <module>
    from airflow.sdk import Asset, dag, task
ModuleNotFoundError: No module named 'airflow.sdk'
[2025-12-24T09:04:13.796+0000] {processor.py:927} WARNING - No viable dags retrieved from /opt/airflow/dags/exampledag.py
[2025-12-24T09:04:13.844+0000] {processor.py:208} INFO - Processing /opt/airflow/dags/exampledag.py took 0.098 seconds
[2025-12-24T09:04:53.793+0000] {processor.py:186} INFO - Started process (PID=265) to work on /opt/airflow/dags/exampledag.py
[2025-12-24T09:04:53.794+0000] {processor.py:914} INFO - Processing file /opt/airflow/dags/exampledag.py for tasks to queue
[2025-12-24T09:04:53.798+0000] {logging_mixin.py:190} INFO - [2025-12-24T09:04:53.798+0000] {dagbag.py:588} INFO - Filling up the DagBag from /opt/airflow/dags/exampledag.py
[2025-12-24T09:04:53.822+0000] {logging_mixin.py:190} INFO - [2025-12-24T09:04:53.816+0000] {dagbag.py:387} ERROR - Failed to import: /opt/airflow/dags/exampledag.py
Traceback (most recent call last):
  File "/home/airflow/.local/lib/python3.11/site-packages/airflow/models/dagbag.py", line 383, in parse
    loader.exec_module(new_module)
  File "<frozen importlib._bootstrap_external>", line 940, in exec_module
  File "<frozen importlib._bootstrap>", line 241, in _call_with_frames_removed
  File "/opt/airflow/dags/exampledag.py", line 23, in <module>
    from airflow.sdk import Asset, dag, task
ModuleNotFoundError: No module named 'airflow.sdk'
[2025-12-24T09:04:53.824+0000] {processor.py:927} WARNING - No viable dags retrieved from /opt/airflow/dags/exampledag.py
[2025-12-24T09:04:53.861+0000] {processor.py:208} INFO - Processing /opt/airflow/dags/exampledag.py took 0.080 seconds
[2025-12-24T09:04:41.591+0000] {processor.py:186} INFO - Started process (PID=327) to work on /opt/airflow/dags/exampledag.py
[2025-12-24T09:04:41.593+0000] {processor.py:914} INFO - Processing file /opt/airflow/dags/exampledag.py for tasks to queue
[2025-12-24T09:04:41.596+0000] {logging_mixin.py:190} INFO - [2025-12-24T09:04:41.596+0000] {dagbag.py:588} INFO - Filling up the DagBag from /opt/airflow/dags/exampledag.py
[2025-12-24T09:04:41.623+0000] {logging_mixin.py:190} INFO - [2025-12-24T09:04:41.619+0000] {dagbag.py:387} ERROR - Failed to import: /opt/airflow/dags/exampledag.py
Traceback (most recent call last):
  File "/home/airflow/.local/lib/python3.11/site-packages/airflow/models/dagbag.py", line 383, in parse
    loader.exec_module(new_module)
  File "<frozen importlib._bootstrap_external>", line 940, in exec_module
  File "<frozen importlib._bootstrap>", line 241, in _call_with_frames_removed
  File "/opt/airflow/dags/exampledag.py", line 23, in <module>
    from airflow.sdk import Asset, dag, task
ModuleNotFoundError: No module named 'airflow.sdk'
[2025-12-24T09:04:41.624+0000] {processor.py:927} WARNING - No viable dags retrieved from /opt/airflow/dags/exampledag.py
[2025-12-24T09:04:41.656+0000] {processor.py:208} INFO - Processing /opt/airflow/dags/exampledag.py took 0.075 seconds
[2025-12-24T09:05:33.193+0000] {processor.py:186} INFO - Started process (PID=392) to work on /opt/airflow/dags/exampledag.py
[2025-12-24T09:05:33.195+0000] {processor.py:914} INFO - Processing file /opt/airflow/dags/exampledag.py for tasks to queue
[2025-12-24T09:05:33.200+0000] {logging_mixin.py:190} INFO - [2025-12-24T09:05:33.199+0000] {dagbag.py:588} INFO - Filling up the DagBag from /opt/airflow/dags/exampledag.py
[2025-12-24T09:05:33.229+0000] {logging_mixin.py:190} INFO - [2025-12-24T09:05:33.223+0000] {dagbag.py:387} ERROR - Failed to import: /opt/airflow/dags/exampledag.py
Traceback (most recent call last):
  File "/home/airflow/.local/lib/python3.11/site-packages/airflow/models/dagbag.py", line 383, in parse
    loader.exec_module(new_module)
  File "<frozen importlib._bootstrap_external>", line 940, in exec_module
  File "<frozen importlib._bootstrap>", line 241, in _call_with_frames_removed
  File "/opt/airflow/dags/exampledag.py", line 23, in <module>
    from airflow.sdk import Asset, dag, task
ModuleNotFoundError: No module named 'airflow.sdk'
[2025-12-24T09:05:33.232+0000] {processor.py:927} WARNING - No viable dags retrieved from /opt/airflow/dags/exampledag.py
[2025-12-24T09:04:50.927+0000] {processor.py:208} INFO - Processing /opt/airflow/dags/exampledag.py took 0.094 seconds
[2025-12-24T09:05:21.202+0000] {processor.py:186} INFO - Started process (PID=457) to work on /opt/airflow/dags/exampledag.py
[2025-12-24T09:05:21.204+0000] {processor.py:914} INFO - Processing file /opt/airflow/dags/exampledag.py for tasks to queue
[2025-12-24T09:05:21.207+0000] {logging_mixin.py:190} INFO - [2025-12-24T09:05:21.207+0000] {dagbag.py:588} INFO - Filling up the DagBag from /opt/airflow/dags/exampledag.py
[2025-12-24T09:05:21.227+0000] {logging_mixin.py:190} INFO - [2025-12-24T09:05:21.222+0000] {dagbag.py:387} ERROR - Failed to import: /opt/airflow/dags/exampledag.py
Traceback (most recent call last):
  File "/home/airflow/.local/lib/python3.11/site-packages/airflow/models/dagbag.py", line 383, in parse
    loader.exec_module(new_module)
  File "<frozen importlib._bootstrap_external>", line 940, in exec_module
  File "<frozen importlib._bootstrap>", line 241, in _call_with_frames_removed
  File "/opt/airflow/dags/exampledag.py", line 23, in <module>
    from airflow.sdk import Asset, dag, task
ModuleNotFoundError: No module named 'airflow.sdk'
[2025-12-24T09:05:21.228+0000] {processor.py:927} WARNING - No viable dags retrieved from /opt/airflow/dags/exampledag.py
[2025-12-24T09:05:21.264+0000] {processor.py:208} INFO - Processing /opt/airflow/dags/exampledag.py took 0.072 seconds
[2025-12-24T09:06:08.132+0000] {processor.py:186} INFO - Started process (PID=493) to work on /opt/airflow/dags/exampledag.py
[2025-12-24T09:06:08.134+0000] {processor.py:914} INFO - Processing file /opt/airflow/dags/exampledag.py for tasks to queue
[2025-12-24T09:06:08.137+0000] {logging_mixin.py:190} INFO - [2025-12-24T09:06:08.137+0000] {dagbag.py:588} INFO - Filling up the DagBag from /opt/airflow/dags/exampledag.py
[2025-12-24T09:06:08.155+0000] {logging_mixin.py:190} INFO - [2025-12-24T09:06:08.151+0000] {dagbag.py:387} ERROR - Failed to import: /opt/airflow/dags/exampledag.py
Traceback (most recent call last):
  File "/home/airflow/.local/lib/python3.11/site-packages/airflow/models/dagbag.py", line 383, in parse
    loader.exec_module(new_module)
  File "<frozen importlib._bootstrap_external>", line 940, in exec_module
  File "<frozen importlib._bootstrap>", line 241, in _call_with_frames_removed
  File "/opt/airflow/dags/exampledag.py", line 23, in <module>
    from airflow.sdk import Asset, dag, task
ModuleNotFoundError: No module named 'airflow.sdk'
[2025-12-24T09:06:08.156+0000] {processor.py:927} WARNING - No viable dags retrieved from /opt/airflow/dags/exampledag.py
[2025-12-24T09:06:08.197+0000] {processor.py:208} INFO - Processing /opt/airflow/dags/exampledag.py took 0.073 seconds
[2025-12-24T09:06:39.081+0000] {processor.py:186} INFO - Started process (PID=610) to work on /opt/airflow/dags/exampledag.py
[2025-12-24T09:06:39.083+0000] {processor.py:914} INFO - Processing file /opt/airflow/dags/exampledag.py for tasks to queue
[2025-12-24T09:06:39.087+0000] {logging_mixin.py:190} INFO - [2025-12-24T09:06:39.086+0000] {dagbag.py:588} INFO - Filling up the DagBag from /opt/airflow/dags/exampledag.py
[2025-12-24T09:06:39.108+0000] {logging_mixin.py:190} INFO - [2025-12-24T09:06:39.103+0000] {dagbag.py:387} ERROR - Failed to import: /opt/airflow/dags/exampledag.py
Traceback (most recent call last):
  File "/home/airflow/.local/lib/python3.11/site-packages/airflow/models/dagbag.py", line 383, in parse
    loader.exec_module(new_module)
  File "<frozen importlib._bootstrap_external>", line 940, in exec_module
  File "<frozen importlib._bootstrap>", line 241, in _call_with_frames_removed
  File "/opt/airflow/dags/exampledag.py", line 23, in <module>
    from airflow.sdk import Asset, dag, task
ModuleNotFoundError: No module named 'airflow.sdk'
[2025-12-24T09:06:39.110+0000] {processor.py:927} WARNING - No viable dags retrieved from /opt/airflow/dags/exampledag.py
[2025-12-24T09:06:39.145+0000] {processor.py:208} INFO - Processing /opt/airflow/dags/exampledag.py took 0.073 seconds
[2025-12-24T09:07:23.882+0000] {processor.py:186} INFO - Started process (PID=676) to work on /opt/airflow/dags/exampledag.py
[2025-12-24T09:07:23.884+0000] {processor.py:914} INFO - Processing file /opt/airflow/dags/exampledag.py for tasks to queue
[2025-12-24T09:07:23.889+0000] {logging_mixin.py:190} INFO - [2025-12-24T09:07:23.888+0000] {dagbag.py:588} INFO - Filling up the DagBag from /opt/airflow/dags/exampledag.py
[2025-12-24T09:06:41.561+0000] {logging_mixin.py:190} INFO - [2025-12-24T09:06:41.556+0000] {dagbag.py:387} ERROR - Failed to import: /opt/airflow/dags/exampledag.py
Traceback (most recent call last):
  File "/home/airflow/.local/lib/python3.11/site-packages/airflow/models/dagbag.py", line 383, in parse
    loader.exec_module(new_module)
  File "<frozen importlib._bootstrap_external>", line 940, in exec_module
  File "<frozen importlib._bootstrap>", line 241, in _call_with_frames_removed
  File "/opt/airflow/dags/exampledag.py", line 23, in <module>
    from airflow.sdk import Asset, dag, task
ModuleNotFoundError: No module named 'airflow.sdk'
[2025-12-24T09:06:41.563+0000] {processor.py:927} WARNING - No viable dags retrieved from /opt/airflow/dags/exampledag.py
[2025-12-24T09:06:41.611+0000] {processor.py:208} INFO - Processing /opt/airflow/dags/exampledag.py took 0.089 seconds
[2025-12-24T09:07:11.060+0000] {processor.py:186} INFO - Started process (PID=742) to work on /opt/airflow/dags/exampledag.py
[2025-12-24T09:07:11.061+0000] {processor.py:914} INFO - Processing file /opt/airflow/dags/exampledag.py for tasks to queue
[2025-12-24T09:07:11.065+0000] {logging_mixin.py:190} INFO - [2025-12-24T09:07:11.064+0000] {dagbag.py:588} INFO - Filling up the DagBag from /opt/airflow/dags/exampledag.py
[2025-12-24T09:07:11.094+0000] {logging_mixin.py:190} INFO - [2025-12-24T09:07:11.089+0000] {dagbag.py:387} ERROR - Failed to import: /opt/airflow/dags/exampledag.py
Traceback (most recent call last):
  File "/home/airflow/.local/lib/python3.11/site-packages/airflow/models/dagbag.py", line 383, in parse
    loader.exec_module(new_module)
  File "<frozen importlib._bootstrap_external>", line 940, in exec_module
  File "<frozen importlib._bootstrap>", line 241, in _call_with_frames_removed
  File "/opt/airflow/dags/exampledag.py", line 23, in <module>
    from airflow.sdk import Asset, dag, task
ModuleNotFoundError: No module named 'airflow.sdk'
[2025-12-24T09:07:11.096+0000] {processor.py:927} WARNING - No viable dags retrieved from /opt/airflow/dags/exampledag.py
[2025-12-24T09:07:11.136+0000] {processor.py:208} INFO - Processing /opt/airflow/dags/exampledag.py took 0.088 seconds
[2025-12-24T09:08:03.374+0000] {processor.py:186} INFO - Started process (PID=806) to work on /opt/airflow/dags/exampledag.py
[2025-12-24T09:08:03.375+0000] {processor.py:914} INFO - Processing file /opt/airflow/dags/exampledag.py for tasks to queue
[2025-12-24T09:08:03.379+0000] {logging_mixin.py:190} INFO - [2025-12-24T09:08:03.378+0000] {dagbag.py:588} INFO - Filling up the DagBag from /opt/airflow/dags/exampledag.py
[2025-12-24T09:08:03.397+0000] {logging_mixin.py:190} INFO - [2025-12-24T09:08:03.392+0000] {dagbag.py:387} ERROR - Failed to import: /opt/airflow/dags/exampledag.py
Traceback (most recent call last):
  File "/home/airflow/.local/lib/python3.11/site-packages/airflow/models/dagbag.py", line 383, in parse
    loader.exec_module(new_module)
  File "<frozen importlib._bootstrap_external>", line 940, in exec_module
  File "<frozen importlib._bootstrap>", line 241, in _call_with_frames_removed
  File "/opt/airflow/dags/exampledag.py", line 23, in <module>
    from airflow.sdk import Asset, dag, task
ModuleNotFoundError: No module named 'airflow.sdk'
[2025-12-24T09:08:03.399+0000] {processor.py:927} WARNING - No viable dags retrieved from /opt/airflow/dags/exampledag.py
[2025-12-24T09:07:21.082+0000] {processor.py:208} INFO - Processing /opt/airflow/dags/exampledag.py took 0.067 seconds
[2025-12-24T09:08:13.417+0000] {processor.py:186} INFO - Started process (PID=863) to work on /opt/airflow/dags/exampledag.py
[2025-12-24T09:08:13.418+0000] {processor.py:914} INFO - Processing file /opt/airflow/dags/exampledag.py for tasks to queue
[2025-12-24T09:08:13.422+0000] {logging_mixin.py:190} INFO - [2025-12-24T09:08:13.421+0000] {dagbag.py:588} INFO - Filling up the DagBag from /opt/airflow/dags/exampledag.py
[2025-12-24T09:08:13.441+0000] {logging_mixin.py:190} INFO - [2025-12-24T09:08:13.436+0000] {dagbag.py:387} ERROR - Failed to import: /opt/airflow/dags/exampledag.py
Traceback (most recent call last):
  File "/home/airflow/.local/lib/python3.11/site-packages/airflow/models/dagbag.py", line 383, in parse
    loader.exec_module(new_module)
  File "<frozen importlib._bootstrap_external>", line 940, in exec_module
  File "<frozen importlib._bootstrap>", line 241, in _call_with_frames_removed
  File "/opt/airflow/dags/exampledag.py", line 23, in <module>
    from airflow.sdk import Asset, dag, task
ModuleNotFoundError: No module named 'airflow.sdk'
[2025-12-24T09:08:13.442+0000] {processor.py:927} WARNING - No viable dags retrieved from /opt/airflow/dags/exampledag.py
[2025-12-24T09:07:31.130+0000] {processor.py:208} INFO - Processing /opt/airflow/dags/exampledag.py took 0.068 seconds
[2025-12-24T09:08:23.339+0000] {processor.py:186} INFO - Started process (PID=919) to work on /opt/airflow/dags/exampledag.py
[2025-12-24T09:08:23.342+0000] {processor.py:914} INFO - Processing file /opt/airflow/dags/exampledag.py for tasks to queue
[2025-12-24T09:08:23.348+0000] {logging_mixin.py:190} INFO - [2025-12-24T09:08:23.348+0000] {dagbag.py:588} INFO - Filling up the DagBag from /opt/airflow/dags/exampledag.py
[2025-12-24T09:08:23.396+0000] {logging_mixin.py:190} INFO - [2025-12-24T09:08:23.389+0000] {dagbag.py:387} ERROR - Failed to import: /opt/airflow/dags/exampledag.py
Traceback (most recent call last):
  File "/home/airflow/.local/lib/python3.11/site-packages/airflow/models/dagbag.py", line 383, in parse
    loader.exec_module(new_module)
  File "<frozen importlib._bootstrap_external>", line 940, in exec_module
  File "<frozen importlib._bootstrap>", line 241, in _call_with_frames_removed
  File "/opt/airflow/dags/exampledag.py", line 23, in <module>
    from airflow.sdk import Asset, dag, task
ModuleNotFoundError: No module named 'airflow.sdk'
[2025-12-24T09:08:23.398+0000] {processor.py:927} WARNING - No viable dags retrieved from /opt/airflow/dags/exampledag.py
[2025-12-24T09:07:41.104+0000] {processor.py:208} INFO - Processing /opt/airflow/dags/exampledag.py took 0.133 seconds
[2025-12-24T09:08:38.637+0000] {processor.py:186} INFO - Started process (PID=980) to work on /opt/airflow/dags/exampledag.py
[2025-12-24T09:08:38.639+0000] {processor.py:914} INFO - Processing file /opt/airflow/dags/exampledag.py for tasks to queue
[2025-12-24T09:08:38.644+0000] {logging_mixin.py:190} INFO - [2025-12-24T09:08:38.644+0000] {dagbag.py:588} INFO - Filling up the DagBag from /opt/airflow/dags/exampledag.py
[2025-12-24T09:08:38.668+0000] {logging_mixin.py:190} INFO - [2025-12-24T09:08:38.663+0000] {dagbag.py:387} ERROR - Failed to import: /opt/airflow/dags/exampledag.py
Traceback (most recent call last):
  File "/home/airflow/.local/lib/python3.11/site-packages/airflow/models/dagbag.py", line 383, in parse
    loader.exec_module(new_module)
  File "<frozen importlib._bootstrap_external>", line 940, in exec_module
  File "<frozen importlib._bootstrap>", line 241, in _call_with_frames_removed
  File "/opt/airflow/dags/exampledag.py", line 23, in <module>
    from airflow.sdk import Asset, dag, task
ModuleNotFoundError: No module named 'airflow.sdk'
[2025-12-24T09:08:38.669+0000] {processor.py:927} WARNING - No viable dags retrieved from /opt/airflow/dags/exampledag.py
[2025-12-24T09:08:38.709+0000] {processor.py:208} INFO - Processing /opt/airflow/dags/exampledag.py took 0.081 seconds
[2025-12-24T09:09:18.684+0000] {processor.py:186} INFO - Started process (PID=1046) to work on /opt/airflow/dags/exampledag.py
[2025-12-24T09:09:18.685+0000] {processor.py:914} INFO - Processing file /opt/airflow/dags/exampledag.py for tasks to queue
[2025-12-24T09:09:18.692+0000] {logging_mixin.py:190} INFO - [2025-12-24T09:09:18.691+0000] {dagbag.py:588} INFO - Filling up the DagBag from /opt/airflow/dags/exampledag.py
[2025-12-24T09:09:18.709+0000] {logging_mixin.py:190} INFO - [2025-12-24T09:09:18.705+0000] {dagbag.py:387} ERROR - Failed to import: /opt/airflow/dags/exampledag.py
Traceback (most recent call last):
  File "/home/airflow/.local/lib/python3.11/site-packages/airflow/models/dagbag.py", line 383, in parse
    loader.exec_module(new_module)
  File "<frozen importlib._bootstrap_external>", line 940, in exec_module
  File "<frozen importlib._bootstrap>", line 241, in _call_with_frames_removed
  File "/opt/airflow/dags/exampledag.py", line 23, in <module>
    from airflow.sdk import Asset, dag, task
ModuleNotFoundError: No module named 'airflow.sdk'
[2025-12-24T09:09:18.711+0000] {processor.py:927} WARNING - No viable dags retrieved from /opt/airflow/dags/exampledag.py
[2025-12-24T09:09:18.742+0000] {processor.py:208} INFO - Processing /opt/airflow/dags/exampledag.py took 0.068 seconds
[2025-12-24T09:09:58.561+0000] {processor.py:186} INFO - Started process (PID=1125) to work on /opt/airflow/dags/exampledag.py
[2025-12-24T09:09:58.563+0000] {processor.py:914} INFO - Processing file /opt/airflow/dags/exampledag.py for tasks to queue
[2025-12-24T09:09:58.575+0000] {logging_mixin.py:190} INFO - [2025-12-24T09:09:58.575+0000] {dagbag.py:588} INFO - Filling up the DagBag from /opt/airflow/dags/exampledag.py
[2025-12-24T09:09:58.594+0000] {logging_mixin.py:190} INFO - [2025-12-24T09:09:58.590+0000] {dagbag.py:387} ERROR - Failed to import: /opt/airflow/dags/exampledag.py
Traceback (most recent call last):
  File "/home/airflow/.local/lib/python3.11/site-packages/airflow/models/dagbag.py", line 383, in parse
    loader.exec_module(new_module)
  File "<frozen importlib._bootstrap_external>", line 940, in exec_module
  File "<frozen importlib._bootstrap>", line 241, in _call_with_frames_removed
  File "/opt/airflow/dags/exampledag.py", line 23, in <module>
    from airflow.sdk import Asset, dag, task
ModuleNotFoundError: No module named 'airflow.sdk'
[2025-12-24T09:09:58.596+0000] {processor.py:927} WARNING - No viable dags retrieved from /opt/airflow/dags/exampledag.py
[2025-12-24T09:09:16.290+0000] {processor.py:208} INFO - Processing /opt/airflow/dags/exampledag.py took 0.084 seconds
[2025-12-24T09:10:23.865+0000] {processor.py:186} INFO - Started process (PID=1185) to work on /opt/airflow/dags/exampledag.py
[2025-12-24T09:10:23.867+0000] {processor.py:914} INFO - Processing file /opt/airflow/dags/exampledag.py for tasks to queue
[2025-12-24T09:10:23.871+0000] {logging_mixin.py:190} INFO - [2025-12-24T09:10:23.870+0000] {dagbag.py:588} INFO - Filling up the DagBag from /opt/airflow/dags/exampledag.py
[2025-12-24T09:10:23.891+0000] {logging_mixin.py:190} INFO - [2025-12-24T09:10:23.885+0000] {dagbag.py:387} ERROR - Failed to import: /opt/airflow/dags/exampledag.py
Traceback (most recent call last):
  File "/home/airflow/.local/lib/python3.11/site-packages/airflow/models/dagbag.py", line 383, in parse
    loader.exec_module(new_module)
  File "<frozen importlib._bootstrap_external>", line 940, in exec_module
  File "<frozen importlib._bootstrap>", line 241, in _call_with_frames_removed
  File "/opt/airflow/dags/exampledag.py", line 23, in <module>
    from airflow.sdk import Asset, dag, task
ModuleNotFoundError: No module named 'airflow.sdk'
[2025-12-24T09:10:23.892+0000] {processor.py:927} WARNING - No viable dags retrieved from /opt/airflow/dags/exampledag.py
[2025-12-24T09:10:23.922+0000] {processor.py:208} INFO - Processing /opt/airflow/dags/exampledag.py took 0.069 seconds
[2025-12-24T09:10:16.392+0000] {processor.py:186} INFO - Started process (PID=1257) to work on /opt/airflow/dags/exampledag.py
[2025-12-24T09:10:16.394+0000] {processor.py:914} INFO - Processing file /opt/airflow/dags/exampledag.py for tasks to queue
[2025-12-24T09:10:16.398+0000] {logging_mixin.py:190} INFO - [2025-12-24T09:10:16.397+0000] {dagbag.py:588} INFO - Filling up the DagBag from /opt/airflow/dags/exampledag.py
[2025-12-24T09:10:16.422+0000] {logging_mixin.py:190} INFO - [2025-12-24T09:10:16.415+0000] {dagbag.py:387} ERROR - Failed to import: /opt/airflow/dags/exampledag.py
Traceback (most recent call last):
  File "/home/airflow/.local/lib/python3.11/site-packages/airflow/models/dagbag.py", line 383, in parse
    loader.exec_module(new_module)
  File "<frozen importlib._bootstrap_external>", line 940, in exec_module
  File "<frozen importlib._bootstrap>", line 241, in _call_with_frames_removed
  File "/opt/airflow/dags/exampledag.py", line 23, in <module>
    from airflow.sdk import Asset, dag, task
ModuleNotFoundError: No module named 'airflow.sdk'
[2025-12-24T09:10:16.425+0000] {processor.py:927} WARNING - No viable dags retrieved from /opt/airflow/dags/exampledag.py
[2025-12-24T09:10:16.490+0000] {processor.py:208} INFO - Processing /opt/airflow/dags/exampledag.py took 0.107 seconds
[2025-12-24T09:11:28.570+0000] {processor.py:186} INFO - Started process (PID=1306) to work on /opt/airflow/dags/exampledag.py
[2025-12-24T09:11:28.572+0000] {processor.py:914} INFO - Processing file /opt/airflow/dags/exampledag.py for tasks to queue
[2025-12-24T09:11:28.576+0000] {logging_mixin.py:190} INFO - [2025-12-24T09:11:28.575+0000] {dagbag.py:588} INFO - Filling up the DagBag from /opt/airflow/dags/exampledag.py
[2025-12-24T09:11:28.600+0000] {logging_mixin.py:190} INFO - [2025-12-24T09:11:28.595+0000] {dagbag.py:387} ERROR - Failed to import: /opt/airflow/dags/exampledag.py
Traceback (most recent call last):
  File "/home/airflow/.local/lib/python3.11/site-packages/airflow/models/dagbag.py", line 383, in parse
    loader.exec_module(new_module)
  File "<frozen importlib._bootstrap_external>", line 940, in exec_module
  File "<frozen importlib._bootstrap>", line 241, in _call_with_frames_removed
  File "/opt/airflow/dags/exampledag.py", line 23, in <module>
    from airflow.sdk import Asset, dag, task
ModuleNotFoundError: No module named 'airflow.sdk'
[2025-12-24T09:11:28.602+0000] {processor.py:927} WARNING - No viable dags retrieved from /opt/airflow/dags/exampledag.py
[2025-12-24T09:11:28.643+0000] {processor.py:208} INFO - Processing /opt/airflow/dags/exampledag.py took 0.081 seconds
[2025-12-24T09:12:29.458+0000] {processor.py:186} INFO - Started process (PID=1489) to work on /opt/airflow/dags/exampledag.py
[2025-12-24T09:12:29.460+0000] {processor.py:914} INFO - Processing file /opt/airflow/dags/exampledag.py for tasks to queue
[2025-12-24T09:12:29.464+0000] {logging_mixin.py:190} INFO - [2025-12-24T09:12:29.463+0000] {dagbag.py:588} INFO - Filling up the DagBag from /opt/airflow/dags/exampledag.py
[2025-12-24T09:12:29.487+0000] {logging_mixin.py:190} INFO - [2025-12-24T09:12:29.482+0000] {dagbag.py:387} ERROR - Failed to import: /opt/airflow/dags/exampledag.py
Traceback (most recent call last):
  File "/home/airflow/.local/lib/python3.11/site-packages/airflow/models/dagbag.py", line 383, in parse
    loader.exec_module(new_module)
  File "<frozen importlib._bootstrap_external>", line 940, in exec_module
  File "<frozen importlib._bootstrap>", line 241, in _call_with_frames_removed
  File "/opt/airflow/dags/exampledag.py", line 23, in <module>
    from airflow.sdk import Asset, dag, task
ModuleNotFoundError: No module named 'airflow.sdk'
[2025-12-24T09:12:29.488+0000] {processor.py:927} WARNING - No viable dags retrieved from /opt/airflow/dags/exampledag.py
[2025-12-24T09:12:29.526+0000] {processor.py:208} INFO - Processing /opt/airflow/dags/exampledag.py took 0.078 seconds
[2025-12-24T09:13:23.872+0000] {processor.py:186} INFO - Started process (PID=1553) to work on /opt/airflow/dags/exampledag.py
[2025-12-24T09:13:23.874+0000] {processor.py:914} INFO - Processing file /opt/airflow/dags/exampledag.py for tasks to queue
[2025-12-24T09:13:23.877+0000] {logging_mixin.py:190} INFO - [2025-12-24T09:13:23.877+0000] {dagbag.py:588} INFO - Filling up the DagBag from /opt/airflow/dags/exampledag.py
[2025-12-24T09:13:23.901+0000] {logging_mixin.py:190} INFO - [2025-12-24T09:13:23.896+0000] {dagbag.py:387} ERROR - Failed to import: /opt/airflow/dags/exampledag.py
Traceback (most recent call last):
  File "/home/airflow/.local/lib/python3.11/site-packages/airflow/models/dagbag.py", line 383, in parse
    loader.exec_module(new_module)
  File "<frozen importlib._bootstrap_external>", line 940, in exec_module
  File "<frozen importlib._bootstrap>", line 241, in _call_with_frames_removed
  File "/opt/airflow/dags/exampledag.py", line 23, in <module>
    from airflow.sdk import Asset, dag, task
ModuleNotFoundError: No module named 'airflow.sdk'
[2025-12-24T09:13:23.903+0000] {processor.py:927} WARNING - No viable dags retrieved from /opt/airflow/dags/exampledag.py
[2025-12-24T09:13:23.937+0000] {processor.py:208} INFO - Processing /opt/airflow/dags/exampledag.py took 0.075 seconds
[2025-12-24T09:13:30.357+0000] {processor.py:186} INFO - Started process (PID=1620) to work on /opt/airflow/dags/exampledag.py
[2025-12-24T09:13:30.358+0000] {processor.py:914} INFO - Processing file /opt/airflow/dags/exampledag.py for tasks to queue
[2025-12-24T09:13:30.362+0000] {logging_mixin.py:190} INFO - [2025-12-24T09:13:30.362+0000] {dagbag.py:588} INFO - Filling up the DagBag from /opt/airflow/dags/exampledag.py
[2025-12-24T09:13:30.382+0000] {logging_mixin.py:190} INFO - [2025-12-24T09:13:30.377+0000] {dagbag.py:387} ERROR - Failed to import: /opt/airflow/dags/exampledag.py
Traceback (most recent call last):
  File "/home/airflow/.local/lib/python3.11/site-packages/airflow/models/dagbag.py", line 383, in parse
    loader.exec_module(new_module)
  File "<frozen importlib._bootstrap_external>", line 940, in exec_module
  File "<frozen importlib._bootstrap>", line 241, in _call_with_frames_removed
  File "/opt/airflow/dags/exampledag.py", line 23, in <module>
    from airflow.sdk import Asset, dag, task
ModuleNotFoundError: No module named 'airflow.sdk'
[2025-12-24T09:13:30.384+0000] {processor.py:927} WARNING - No viable dags retrieved from /opt/airflow/dags/exampledag.py
[2025-12-24T09:13:30.417+0000] {processor.py:208} INFO - Processing /opt/airflow/dags/exampledag.py took 0.069 seconds
[2025-12-24T09:14:23.891+0000] {processor.py:186} INFO - Started process (PID=1670) to work on /opt/airflow/dags/exampledag.py
[2025-12-24T09:14:23.894+0000] {processor.py:914} INFO - Processing file /opt/airflow/dags/exampledag.py for tasks to queue
[2025-12-24T09:14:23.899+0000] {logging_mixin.py:190} INFO - [2025-12-24T09:14:23.898+0000] {dagbag.py:588} INFO - Filling up the DagBag from /opt/airflow/dags/exampledag.py
[2025-12-24T09:14:23.924+0000] {logging_mixin.py:190} INFO - [2025-12-24T09:14:23.919+0000] {dagbag.py:387} ERROR - Failed to import: /opt/airflow/dags/exampledag.py
Traceback (most recent call last):
  File "/home/airflow/.local/lib/python3.11/site-packages/airflow/models/dagbag.py", line 383, in parse
    loader.exec_module(new_module)
  File "<frozen importlib._bootstrap_external>", line 940, in exec_module
  File "<frozen importlib._bootstrap>", line 241, in _call_with_frames_removed
  File "/opt/airflow/dags/exampledag.py", line 23, in <module>
    from airflow.sdk import Asset, dag, task
ModuleNotFoundError: No module named 'airflow.sdk'
[2025-12-24T09:14:23.925+0000] {processor.py:927} WARNING - No viable dags retrieved from /opt/airflow/dags/exampledag.py
[2025-12-24T09:14:23.959+0000] {processor.py:208} INFO - Processing /opt/airflow/dags/exampledag.py took 0.093 seconds
[2025-12-24T09:15:18.955+0000] {processor.py:186} INFO - Started process (PID=1742) to work on /opt/airflow/dags/exampledag.py
[2025-12-24T09:15:18.956+0000] {processor.py:914} INFO - Processing file /opt/airflow/dags/exampledag.py for tasks to queue
[2025-12-24T09:15:18.960+0000] {logging_mixin.py:190} INFO - [2025-12-24T09:15:18.960+0000] {dagbag.py:588} INFO - Filling up the DagBag from /opt/airflow/dags/exampledag.py
[2025-12-24T09:15:18.981+0000] {logging_mixin.py:190} INFO - [2025-12-24T09:15:18.976+0000] {dagbag.py:387} ERROR - Failed to import: /opt/airflow/dags/exampledag.py
Traceback (most recent call last):
  File "/home/airflow/.local/lib/python3.11/site-packages/airflow/models/dagbag.py", line 383, in parse
    loader.exec_module(new_module)
  File "<frozen importlib._bootstrap_external>", line 940, in exec_module
  File "<frozen importlib._bootstrap>", line 241, in _call_with_frames_removed
  File "/opt/airflow/dags/exampledag.py", line 23, in <module>
    from airflow.sdk import Asset, dag, task
ModuleNotFoundError: No module named 'airflow.sdk'
[2025-12-24T09:15:18.982+0000] {processor.py:927} WARNING - No viable dags retrieved from /opt/airflow/dags/exampledag.py
[2025-12-24T09:15:19.016+0000] {processor.py:208} INFO - Processing /opt/airflow/dags/exampledag.py took 0.071 seconds
[2025-12-24T09:15:49.215+0000] {processor.py:186} INFO - Started process (PID=1932) to work on /opt/airflow/dags/exampledag.py
[2025-12-24T09:15:49.217+0000] {processor.py:914} INFO - Processing file /opt/airflow/dags/exampledag.py for tasks to queue
[2025-12-24T09:15:49.222+0000] {logging_mixin.py:190} INFO - [2025-12-24T09:15:49.222+0000] {dagbag.py:588} INFO - Filling up the DagBag from /opt/airflow/dags/exampledag.py
[2025-12-24T09:15:49.253+0000] {logging_mixin.py:190} INFO - [2025-12-24T09:15:49.247+0000] {dagbag.py:387} ERROR - Failed to import: /opt/airflow/dags/exampledag.py
Traceback (most recent call last):
  File "/home/airflow/.local/lib/python3.11/site-packages/airflow/models/dagbag.py", line 383, in parse
    loader.exec_module(new_module)
  File "<frozen importlib._bootstrap_external>", line 940, in exec_module
  File "<frozen importlib._bootstrap>", line 241, in _call_with_frames_removed
  File "/opt/airflow/dags/exampledag.py", line 23, in <module>
    from airflow.sdk import Asset, dag, task
ModuleNotFoundError: No module named 'airflow.sdk'
[2025-12-24T09:15:49.256+0000] {processor.py:927} WARNING - No viable dags retrieved from /opt/airflow/dags/exampledag.py
[2025-12-24T09:15:49.298+0000] {processor.py:208} INFO - Processing /opt/airflow/dags/exampledag.py took 0.095 seconds
[2025-12-24T09:16:39.450+0000] {processor.py:186} INFO - Started process (PID=1935) to work on /opt/airflow/dags/exampledag.py
[2025-12-24T09:16:39.452+0000] {processor.py:914} INFO - Processing file /opt/airflow/dags/exampledag.py for tasks to queue
[2025-12-24T09:16:39.456+0000] {logging_mixin.py:190} INFO - [2025-12-24T09:16:39.456+0000] {dagbag.py:588} INFO - Filling up the DagBag from /opt/airflow/dags/exampledag.py
[2025-12-24T09:16:39.487+0000] {logging_mixin.py:190} INFO - [2025-12-24T09:16:39.480+0000] {dagbag.py:387} ERROR - Failed to import: /opt/airflow/dags/exampledag.py
Traceback (most recent call last):
  File "/home/airflow/.local/lib/python3.11/site-packages/airflow/models/dagbag.py", line 383, in parse
    loader.exec_module(new_module)
  File "<frozen importlib._bootstrap_external>", line 940, in exec_module
  File "<frozen importlib._bootstrap>", line 241, in _call_with_frames_removed
  File "/opt/airflow/dags/exampledag.py", line 23, in <module>
    from airflow.sdk import Asset, dag, task
ModuleNotFoundError: No module named 'airflow.sdk'
[2025-12-24T09:16:39.490+0000] {processor.py:927} WARNING - No viable dags retrieved from /opt/airflow/dags/exampledag.py
[2025-12-24T09:16:39.534+0000] {processor.py:208} INFO - Processing /opt/airflow/dags/exampledag.py took 0.097 seconds
[2025-12-24T09:23:25.445+0000] {processor.py:186} INFO - Started process (PID=75) to work on /opt/airflow/dags/exampledag.py
[2025-12-24T09:23:25.447+0000] {processor.py:914} INFO - Processing file /opt/airflow/dags/exampledag.py for tasks to queue
[2025-12-24T09:23:25.450+0000] {logging_mixin.py:190} INFO - [2025-12-24T09:23:25.450+0000] {dagbag.py:588} INFO - Filling up the DagBag from /opt/airflow/dags/exampledag.py
[2025-12-24T09:23:25.473+0000] {logging_mixin.py:190} INFO - [2025-12-24T09:23:25.467+0000] {dagbag.py:387} ERROR - Failed to import: /opt/airflow/dags/exampledag.py
Traceback (most recent call last):
  File "/home/airflow/.local/lib/python3.11/site-packages/airflow/models/dagbag.py", line 383, in parse
    loader.exec_module(new_module)
  File "<frozen importlib._bootstrap_external>", line 940, in exec_module
  File "<frozen importlib._bootstrap>", line 241, in _call_with_frames_removed
  File "/opt/airflow/dags/exampledag.py", line 23, in <module>
    from airflow.sdk import Asset, dag, task
ModuleNotFoundError: No module named 'airflow.sdk'
[2025-12-24T09:23:25.476+0000] {processor.py:927} WARNING - No viable dags retrieved from /opt/airflow/dags/exampledag.py
[2025-12-24T09:23:25.549+0000] {processor.py:208} INFO - Processing /opt/airflow/dags/exampledag.py took 0.113 seconds
[2025-12-24T09:23:56.166+0000] {processor.py:186} INFO - Started process (PID=141) to work on /opt/airflow/dags/exampledag.py
[2025-12-24T09:23:56.169+0000] {processor.py:914} INFO - Processing file /opt/airflow/dags/exampledag.py for tasks to queue
[2025-12-24T09:23:56.174+0000] {logging_mixin.py:190} INFO - [2025-12-24T09:23:56.173+0000] {dagbag.py:588} INFO - Filling up the DagBag from /opt/airflow/dags/exampledag.py
[2025-12-24T09:23:56.225+0000] {logging_mixin.py:190} INFO - [2025-12-24T09:23:56.197+0000] {dagbag.py:387} ERROR - Failed to import: /opt/airflow/dags/exampledag.py
Traceback (most recent call last):
  File "/home/airflow/.local/lib/python3.11/site-packages/airflow/models/dagbag.py", line 383, in parse
    loader.exec_module(new_module)
  File "<frozen importlib._bootstrap_external>", line 940, in exec_module
  File "<frozen importlib._bootstrap>", line 241, in _call_with_frames_removed
  File "/opt/airflow/dags/exampledag.py", line 23, in <module>
    from airflow.sdk import Asset, dag, task
ModuleNotFoundError: No module named 'airflow.sdk'
[2025-12-24T09:23:56.228+0000] {processor.py:927} WARNING - No viable dags retrieved from /opt/airflow/dags/exampledag.py
[2025-12-24T09:23:56.267+0000] {processor.py:208} INFO - Processing /opt/airflow/dags/exampledag.py took 0.114 seconds
[2025-12-24T09:23:57.786+0000] {processor.py:186} INFO - Started process (PID=143) to work on /opt/airflow/dags/exampledag.py
[2025-12-24T09:23:57.788+0000] {processor.py:914} INFO - Processing file /opt/airflow/dags/exampledag.py for tasks to queue
[2025-12-24T09:23:57.799+0000] {logging_mixin.py:190} INFO - [2025-12-24T09:23:57.796+0000] {dagbag.py:588} INFO - Filling up the DagBag from /opt/airflow/dags/exampledag.py
[2025-12-24T09:23:57.853+0000] {logging_mixin.py:190} INFO - [2025-12-24T09:23:57.839+0000] {dagbag.py:387} ERROR - Failed to import: /opt/airflow/dags/exampledag.py
Traceback (most recent call last):
  File "/home/airflow/.local/lib/python3.11/site-packages/airflow/models/dagbag.py", line 383, in parse
    loader.exec_module(new_module)
  File "<frozen importlib._bootstrap_external>", line 940, in exec_module
  File "<frozen importlib._bootstrap>", line 241, in _call_with_frames_removed
  File "/opt/airflow/dags/exampledag.py", line 23, in <module>
    from airflow.sdk import Asset, dag, task
ModuleNotFoundError: No module named 'airflow.sdk'
[2025-12-24T09:23:57.857+0000] {processor.py:927} WARNING - No viable dags retrieved from /opt/airflow/dags/exampledag.py
[2025-12-24T09:23:57.915+0000] {processor.py:208} INFO - Processing /opt/airflow/dags/exampledag.py took 0.147 seconds
[2025-12-24T09:24:02.790+0000] {processor.py:186} INFO - Started process (PID=174) to work on /opt/airflow/dags/exampledag.py
[2025-12-24T09:24:02.793+0000] {processor.py:914} INFO - Processing file /opt/airflow/dags/exampledag.py for tasks to queue
[2025-12-24T09:24:02.811+0000] {logging_mixin.py:190} INFO - [2025-12-24T09:24:02.810+0000] {dagbag.py:588} INFO - Filling up the DagBag from /opt/airflow/dags/exampledag.py
[2025-12-24T09:24:02.838+0000] {logging_mixin.py:190} INFO - [2025-12-24T09:24:02.833+0000] {dagbag.py:387} ERROR - Failed to import: /opt/airflow/dags/exampledag.py
Traceback (most recent call last):
  File "/home/airflow/.local/lib/python3.11/site-packages/airflow/models/dagbag.py", line 383, in parse
    loader.exec_module(new_module)
  File "<frozen importlib._bootstrap_external>", line 940, in exec_module
  File "<frozen importlib._bootstrap>", line 241, in _call_with_frames_removed
  File "/opt/airflow/dags/exampledag.py", line 23, in <module>
    from airflow.sdk import Asset, dag, task
ModuleNotFoundError: No module named 'airflow.sdk'
[2025-12-24T09:24:02.840+0000] {processor.py:927} WARNING - No viable dags retrieved from /opt/airflow/dags/exampledag.py
[2025-12-24T09:24:02.884+0000] {processor.py:208} INFO - Processing /opt/airflow/dags/exampledag.py took 0.110 seconds
[2025-12-24T09:24:53.661+0000] {processor.py:186} INFO - Started process (PID=214) to work on /opt/airflow/dags/exampledag.py
[2025-12-24T09:24:53.663+0000] {processor.py:914} INFO - Processing file /opt/airflow/dags/exampledag.py for tasks to queue
[2025-12-24T09:24:53.669+0000] {logging_mixin.py:190} INFO - [2025-12-24T09:24:53.668+0000] {dagbag.py:588} INFO - Filling up the DagBag from /opt/airflow/dags/exampledag.py
[2025-12-24T09:24:53.749+0000] {logging_mixin.py:190} INFO - [2025-12-24T09:24:53.742+0000] {dagbag.py:387} ERROR - Failed to import: /opt/airflow/dags/exampledag.py
Traceback (most recent call last):
  File "/home/airflow/.local/lib/python3.11/site-packages/airflow/models/dagbag.py", line 383, in parse
    loader.exec_module(new_module)
  File "<frozen importlib._bootstrap_external>", line 940, in exec_module
  File "<frozen importlib._bootstrap>", line 241, in _call_with_frames_removed
  File "/opt/airflow/dags/exampledag.py", line 23, in <module>
    from airflow.sdk import Asset, dag, task
ModuleNotFoundError: No module named 'airflow.sdk'
[2025-12-24T09:24:53.752+0000] {processor.py:927} WARNING - No viable dags retrieved from /opt/airflow/dags/exampledag.py
[2025-12-24T09:24:11.478+0000] {processor.py:208} INFO - Processing /opt/airflow/dags/exampledag.py took 0.152 seconds
[2025-12-24T09:24:41.466+0000] {processor.py:186} INFO - Started process (PID=274) to work on /opt/airflow/dags/exampledag.py
[2025-12-24T09:24:41.468+0000] {processor.py:914} INFO - Processing file /opt/airflow/dags/exampledag.py for tasks to queue
[2025-12-24T09:24:41.472+0000] {logging_mixin.py:190} INFO - [2025-12-24T09:24:41.472+0000] {dagbag.py:588} INFO - Filling up the DagBag from /opt/airflow/dags/exampledag.py
[2025-12-24T09:24:41.495+0000] {logging_mixin.py:190} INFO - [2025-12-24T09:24:41.490+0000] {dagbag.py:387} ERROR - Failed to import: /opt/airflow/dags/exampledag.py
Traceback (most recent call last):
  File "/home/airflow/.local/lib/python3.11/site-packages/airflow/models/dagbag.py", line 383, in parse
    loader.exec_module(new_module)
  File "<frozen importlib._bootstrap_external>", line 940, in exec_module
  File "<frozen importlib._bootstrap>", line 241, in _call_with_frames_removed
  File "/opt/airflow/dags/exampledag.py", line 23, in <module>
    from airflow.sdk import Asset, dag, task
ModuleNotFoundError: No module named 'airflow.sdk'
[2025-12-24T09:24:41.497+0000] {processor.py:927} WARNING - No viable dags retrieved from /opt/airflow/dags/exampledag.py
[2025-12-24T09:24:41.544+0000] {processor.py:208} INFO - Processing /opt/airflow/dags/exampledag.py took 0.090 seconds
[2025-12-24T09:25:35.010+0000] {processor.py:186} INFO - Started process (PID=330) to work on /opt/airflow/dags/exampledag.py
[2025-12-24T09:25:35.012+0000] {processor.py:914} INFO - Processing file /opt/airflow/dags/exampledag.py for tasks to queue
[2025-12-24T09:25:35.018+0000] {logging_mixin.py:190} INFO - [2025-12-24T09:25:35.018+0000] {dagbag.py:588} INFO - Filling up the DagBag from /opt/airflow/dags/exampledag.py
[2025-12-24T09:25:35.046+0000] {logging_mixin.py:190} INFO - [2025-12-24T09:25:35.040+0000] {dagbag.py:387} ERROR - Failed to import: /opt/airflow/dags/exampledag.py
Traceback (most recent call last):
  File "/home/airflow/.local/lib/python3.11/site-packages/airflow/models/dagbag.py", line 383, in parse
    loader.exec_module(new_module)
  File "<frozen importlib._bootstrap_external>", line 940, in exec_module
  File "<frozen importlib._bootstrap>", line 241, in _call_with_frames_removed
  File "/opt/airflow/dags/exampledag.py", line 23, in <module>
    from airflow.sdk import Asset, dag, task
ModuleNotFoundError: No module named 'airflow.sdk'
[2025-12-24T09:25:35.048+0000] {processor.py:927} WARNING - No viable dags retrieved from /opt/airflow/dags/exampledag.py
[2025-12-24T09:25:35.100+0000] {processor.py:208} INFO - Processing /opt/airflow/dags/exampledag.py took 0.103 seconds
[2025-12-24T09:26:35.247+0000] {processor.py:186} INFO - Started process (PID=535) to work on /opt/airflow/dags/exampledag.py
[2025-12-24T09:26:35.249+0000] {processor.py:914} INFO - Processing file /opt/airflow/dags/exampledag.py for tasks to queue
[2025-12-24T09:26:35.254+0000] {logging_mixin.py:190} INFO - [2025-12-24T09:26:35.253+0000] {dagbag.py:588} INFO - Filling up the DagBag from /opt/airflow/dags/exampledag.py
[2025-12-24T09:25:52.989+0000] {logging_mixin.py:190} INFO - [2025-12-24T09:26:35.283+0000] {dagbag.py:387} ERROR - Failed to import: /opt/airflow/dags/exampledag.py
Traceback (most recent call last):
  File "/home/airflow/.local/lib/python3.11/site-packages/airflow/models/dagbag.py", line 383, in parse
    loader.exec_module(new_module)
  File "<frozen importlib._bootstrap_external>", line 940, in exec_module
  File "<frozen importlib._bootstrap>", line 241, in _call_with_frames_removed
  File "/opt/airflow/dags/exampledag.py", line 23, in <module>
    from airflow.sdk import Asset, dag, task
ModuleNotFoundError: No module named 'airflow.sdk'
[2025-12-24T09:25:52.992+0000] {processor.py:927} WARNING - No viable dags retrieved from /opt/airflow/dags/exampledag.py
[2025-12-24T09:25:53.041+0000] {processor.py:208} INFO - Processing /opt/airflow/dags/exampledag.py took 0.132 seconds
[2025-12-24T09:26:45.186+0000] {processor.py:186} INFO - Started process (PID=599) to work on /opt/airflow/dags/exampledag.py
[2025-12-24T09:26:45.188+0000] {processor.py:914} INFO - Processing file /opt/airflow/dags/exampledag.py for tasks to queue
[2025-12-24T09:26:45.192+0000] {logging_mixin.py:190} INFO - [2025-12-24T09:26:45.191+0000] {dagbag.py:588} INFO - Filling up the DagBag from /opt/airflow/dags/exampledag.py
[2025-12-24T09:26:45.218+0000] {logging_mixin.py:190} INFO - [2025-12-24T09:26:45.210+0000] {dagbag.py:387} ERROR - Failed to import: /opt/airflow/dags/exampledag.py
Traceback (most recent call last):
  File "/home/airflow/.local/lib/python3.11/site-packages/airflow/models/dagbag.py", line 383, in parse
    loader.exec_module(new_module)
  File "<frozen importlib._bootstrap_external>", line 940, in exec_module
  File "<frozen importlib._bootstrap>", line 241, in _call_with_frames_removed
  File "/opt/airflow/dags/exampledag.py", line 23, in <module>
    from airflow.sdk import Asset, dag, task
ModuleNotFoundError: No module named 'airflow.sdk'
[2025-12-24T09:26:45.220+0000] {processor.py:927} WARNING - No viable dags retrieved from /opt/airflow/dags/exampledag.py
[2025-12-24T09:26:45.257+0000] {processor.py:208} INFO - Processing /opt/airflow/dags/exampledag.py took 0.081 seconds
[2025-12-24T09:27:25.286+0000] {processor.py:186} INFO - Started process (PID=818) to work on /opt/airflow/dags/exampledag.py
[2025-12-24T09:27:25.289+0000] {processor.py:914} INFO - Processing file /opt/airflow/dags/exampledag.py for tasks to queue
[2025-12-24T09:27:25.297+0000] {logging_mixin.py:190} INFO - [2025-12-24T09:27:25.296+0000] {dagbag.py:588} INFO - Filling up the DagBag from /opt/airflow/dags/exampledag.py
[2025-12-24T09:27:25.331+0000] {logging_mixin.py:190} INFO - [2025-12-24T09:27:25.324+0000] {dagbag.py:387} ERROR - Failed to import: /opt/airflow/dags/exampledag.py
Traceback (most recent call last):
  File "/home/airflow/.local/lib/python3.11/site-packages/airflow/models/dagbag.py", line 383, in parse
    loader.exec_module(new_module)
  File "<frozen importlib._bootstrap_external>", line 940, in exec_module
  File "<frozen importlib._bootstrap>", line 241, in _call_with_frames_removed
  File "/opt/airflow/dags/exampledag.py", line 23, in <module>
    from airflow.sdk import Asset, dag, task
ModuleNotFoundError: No module named 'airflow.sdk'
[2025-12-24T09:27:25.334+0000] {processor.py:927} WARNING - No viable dags retrieved from /opt/airflow/dags/exampledag.py
[2025-12-24T09:26:43.058+0000] {processor.py:208} INFO - Processing /opt/airflow/dags/exampledag.py took 0.111 seconds
[2025-12-24T09:27:40.256+0000] {processor.py:186} INFO - Started process (PID=871) to work on /opt/airflow/dags/exampledag.py
[2025-12-24T09:27:40.258+0000] {processor.py:914} INFO - Processing file /opt/airflow/dags/exampledag.py for tasks to queue
[2025-12-24T09:27:40.263+0000] {logging_mixin.py:190} INFO - [2025-12-24T09:27:40.262+0000] {dagbag.py:588} INFO - Filling up the DagBag from /opt/airflow/dags/exampledag.py
[2025-12-24T09:27:40.286+0000] {logging_mixin.py:190} INFO - [2025-12-24T09:27:40.281+0000] {dagbag.py:387} ERROR - Failed to import: /opt/airflow/dags/exampledag.py
Traceback (most recent call last):
  File "/home/airflow/.local/lib/python3.11/site-packages/airflow/models/dagbag.py", line 383, in parse
    loader.exec_module(new_module)
  File "<frozen importlib._bootstrap_external>", line 940, in exec_module
  File "<frozen importlib._bootstrap>", line 241, in _call_with_frames_removed
  File "/opt/airflow/dags/exampledag.py", line 23, in <module>
    from airflow.sdk import Asset, dag, task
ModuleNotFoundError: No module named 'airflow.sdk'
[2025-12-24T09:27:40.288+0000] {processor.py:927} WARNING - No viable dags retrieved from /opt/airflow/dags/exampledag.py
[2025-12-24T09:27:40.328+0000] {processor.py:208} INFO - Processing /opt/airflow/dags/exampledag.py took 0.082 seconds
[2025-12-24T09:28:30.432+0000] {processor.py:186} INFO - Started process (PID=943) to work on /opt/airflow/dags/exampledag.py
[2025-12-24T09:28:30.434+0000] {processor.py:914} INFO - Processing file /opt/airflow/dags/exampledag.py for tasks to queue
[2025-12-24T09:28:30.437+0000] {logging_mixin.py:190} INFO - [2025-12-24T09:28:30.437+0000] {dagbag.py:588} INFO - Filling up the DagBag from /opt/airflow/dags/exampledag.py
[2025-12-24T09:27:48.140+0000] {logging_mixin.py:190} INFO - [2025-12-24T09:28:30.455+0000] {dagbag.py:387} ERROR - Failed to import: /opt/airflow/dags/exampledag.py
Traceback (most recent call last):
  File "/home/airflow/.local/lib/python3.11/site-packages/airflow/models/dagbag.py", line 383, in parse
    loader.exec_module(new_module)
  File "<frozen importlib._bootstrap_external>", line 940, in exec_module
  File "<frozen importlib._bootstrap>", line 241, in _call_with_frames_removed
  File "/opt/airflow/dags/exampledag.py", line 23, in <module>
    from airflow.sdk import Asset, dag, task
ModuleNotFoundError: No module named 'airflow.sdk'
[2025-12-24T09:27:48.142+0000] {processor.py:927} WARNING - No viable dags retrieved from /opt/airflow/dags/exampledag.py
[2025-12-24T09:27:48.179+0000] {processor.py:208} INFO - Processing /opt/airflow/dags/exampledag.py took 0.077 seconds
[2025-12-24T09:28:40.431+0000] {processor.py:186} INFO - Started process (PID=1003) to work on /opt/airflow/dags/exampledag.py
[2025-12-24T09:28:40.450+0000] {processor.py:914} INFO - Processing file /opt/airflow/dags/exampledag.py for tasks to queue
[2025-12-24T09:28:40.456+0000] {logging_mixin.py:190} INFO - [2025-12-24T09:28:40.455+0000] {dagbag.py:588} INFO - Filling up the DagBag from /opt/airflow/dags/exampledag.py
[2025-12-24T09:28:40.478+0000] {logging_mixin.py:190} INFO - [2025-12-24T09:28:40.473+0000] {dagbag.py:387} ERROR - Failed to import: /opt/airflow/dags/exampledag.py
Traceback (most recent call last):
  File "/home/airflow/.local/lib/python3.11/site-packages/airflow/models/dagbag.py", line 383, in parse
    loader.exec_module(new_module)
  File "<frozen importlib._bootstrap_external>", line 940, in exec_module
  File "<frozen importlib._bootstrap>", line 241, in _call_with_frames_removed
  File "/opt/airflow/dags/exampledag.py", line 23, in <module>
    from airflow.sdk import Asset, dag, task
ModuleNotFoundError: No module named 'airflow.sdk'
[2025-12-24T09:28:40.480+0000] {processor.py:927} WARNING - No viable dags retrieved from /opt/airflow/dags/exampledag.py
[2025-12-24T09:27:58.208+0000] {processor.py:208} INFO - Processing /opt/airflow/dags/exampledag.py took 0.105 seconds
[2025-12-24T09:28:53.710+0000] {processor.py:186} INFO - Started process (PID=1068) to work on /opt/airflow/dags/exampledag.py
[2025-12-24T09:28:53.711+0000] {processor.py:914} INFO - Processing file /opt/airflow/dags/exampledag.py for tasks to queue
[2025-12-24T09:28:53.716+0000] {logging_mixin.py:190} INFO - [2025-12-24T09:28:53.716+0000] {dagbag.py:588} INFO - Filling up the DagBag from /opt/airflow/dags/exampledag.py
[2025-12-24T09:28:53.743+0000] {logging_mixin.py:190} INFO - [2025-12-24T09:28:53.737+0000] {dagbag.py:387} ERROR - Failed to import: /opt/airflow/dags/exampledag.py
Traceback (most recent call last):
  File "/home/airflow/.local/lib/python3.11/site-packages/airflow/models/dagbag.py", line 383, in parse
    loader.exec_module(new_module)
  File "<frozen importlib._bootstrap_external>", line 940, in exec_module
  File "<frozen importlib._bootstrap>", line 241, in _call_with_frames_removed
  File "/opt/airflow/dags/exampledag.py", line 23, in <module>
    from airflow.sdk import Asset, dag, task
ModuleNotFoundError: No module named 'airflow.sdk'
[2025-12-24T09:28:53.745+0000] {processor.py:927} WARNING - No viable dags retrieved from /opt/airflow/dags/exampledag.py
[2025-12-24T09:28:53.784+0000] {processor.py:208} INFO - Processing /opt/airflow/dags/exampledag.py took 0.083 seconds
