[2025-12-24T09:03:10.326+0000] {processor.py:186} INFO - Started process (PID=134) to work on /home/airflow/.local/lib/python3.11/site-packages/airflow/example_dags/subdags/subdag.py
[2025-12-24T09:03:10.331+0000] {processor.py:914} INFO - Processing file /home/airflow/.local/lib/python3.11/site-packages/airflow/example_dags/subdags/subdag.py for tasks to queue
[2025-12-24T09:03:10.339+0000] {logging_mixin.py:190} INFO - [2025-12-24T09:03:10.338+0000] {dagbag.py:588} INFO - Filling up the DagBag from /home/airflow/.local/lib/python3.11/site-packages/airflow/example_dags/subdags/subdag.py
[2025-12-24T09:03:10.348+0000] {processor.py:927} WARNING - No viable dags retrieved from /home/airflow/.local/lib/python3.11/site-packages/airflow/example_dags/subdags/subdag.py
[2025-12-24T09:03:10.390+0000] {processor.py:208} INFO - Processing /home/airflow/.local/lib/python3.11/site-packages/airflow/example_dags/subdags/subdag.py took 0.086 seconds
[2025-12-24T09:03:18.164+0000] {processor.py:186} INFO - Started process (PID=198) to work on /home/airflow/.local/lib/python3.11/site-packages/airflow/example_dags/subdags/subdag.py
[2025-12-24T09:03:18.165+0000] {processor.py:914} INFO - Processing file /home/airflow/.local/lib/python3.11/site-packages/airflow/example_dags/subdags/subdag.py for tasks to queue
[2025-12-24T09:03:18.170+0000] {logging_mixin.py:190} INFO - [2025-12-24T09:03:18.170+0000] {dagbag.py:588} INFO - Filling up the DagBag from /home/airflow/.local/lib/python3.11/site-packages/airflow/example_dags/subdags/subdag.py
[2025-12-24T09:03:18.175+0000] {processor.py:927} WARNING - No viable dags retrieved from /home/airflow/.local/lib/python3.11/site-packages/airflow/example_dags/subdags/subdag.py
[2025-12-24T09:03:18.200+0000] {processor.py:208} INFO - Processing /home/airflow/.local/lib/python3.11/site-packages/airflow/example_dags/subdags/subdag.py took 0.046 seconds
[2025-12-24T09:04:20.370+0000] {processor.py:186} INFO - Started process (PID=253) to work on /home/airflow/.local/lib/python3.11/site-packages/airflow/example_dags/subdags/subdag.py
[2025-12-24T09:04:20.372+0000] {processor.py:914} INFO - Processing file /home/airflow/.local/lib/python3.11/site-packages/airflow/example_dags/subdags/subdag.py for tasks to queue
[2025-12-24T09:04:20.376+0000] {logging_mixin.py:190} INFO - [2025-12-24T09:04:20.375+0000] {dagbag.py:588} INFO - Filling up the DagBag from /home/airflow/.local/lib/python3.11/site-packages/airflow/example_dags/subdags/subdag.py
[2025-12-24T09:04:20.379+0000] {processor.py:927} WARNING - No viable dags retrieved from /home/airflow/.local/lib/python3.11/site-packages/airflow/example_dags/subdags/subdag.py
[2025-12-24T09:04:20.407+0000] {processor.py:208} INFO - Processing /home/airflow/.local/lib/python3.11/site-packages/airflow/example_dags/subdags/subdag.py took 0.048 seconds
[2025-12-24T09:04:19.310+0000] {processor.py:186} INFO - Started process (PID=326) to work on /home/airflow/.local/lib/python3.11/site-packages/airflow/example_dags/subdags/subdag.py
[2025-12-24T09:04:19.311+0000] {processor.py:914} INFO - Processing file /home/airflow/.local/lib/python3.11/site-packages/airflow/example_dags/subdags/subdag.py for tasks to queue
[2025-12-24T09:04:19.315+0000] {logging_mixin.py:190} INFO - [2025-12-24T09:04:19.315+0000] {dagbag.py:588} INFO - Filling up the DagBag from /home/airflow/.local/lib/python3.11/site-packages/airflow/example_dags/subdags/subdag.py
[2025-12-24T09:04:19.320+0000] {processor.py:927} WARNING - No viable dags retrieved from /home/airflow/.local/lib/python3.11/site-packages/airflow/example_dags/subdags/subdag.py
[2025-12-24T09:04:19.346+0000] {processor.py:208} INFO - Processing /home/airflow/.local/lib/python3.11/site-packages/airflow/example_dags/subdags/subdag.py took 0.046 seconds
[2025-12-24T09:04:48.782+0000] {processor.py:186} INFO - Started process (PID=391) to work on /home/airflow/.local/lib/python3.11/site-packages/airflow/example_dags/subdags/subdag.py
[2025-12-24T09:04:48.789+0000] {processor.py:914} INFO - Processing file /home/airflow/.local/lib/python3.11/site-packages/airflow/example_dags/subdags/subdag.py for tasks to queue
[2025-12-24T09:04:48.793+0000] {logging_mixin.py:190} INFO - [2025-12-24T09:04:48.793+0000] {dagbag.py:588} INFO - Filling up the DagBag from /home/airflow/.local/lib/python3.11/site-packages/airflow/example_dags/subdags/subdag.py
[2025-12-24T09:04:48.798+0000] {processor.py:927} WARNING - No viable dags retrieved from /home/airflow/.local/lib/python3.11/site-packages/airflow/example_dags/subdags/subdag.py
[2025-12-24T09:04:48.820+0000] {processor.py:208} INFO - Processing /home/airflow/.local/lib/python3.11/site-packages/airflow/example_dags/subdags/subdag.py took 0.050 seconds
[2025-12-24T09:04:57.899+0000] {processor.py:186} INFO - Started process (PID=449) to work on /home/airflow/.local/lib/python3.11/site-packages/airflow/example_dags/subdags/subdag.py
[2025-12-24T09:04:57.901+0000] {processor.py:914} INFO - Processing file /home/airflow/.local/lib/python3.11/site-packages/airflow/example_dags/subdags/subdag.py for tasks to queue
[2025-12-24T09:04:57.905+0000] {logging_mixin.py:190} INFO - [2025-12-24T09:04:57.904+0000] {dagbag.py:588} INFO - Filling up the DagBag from /home/airflow/.local/lib/python3.11/site-packages/airflow/example_dags/subdags/subdag.py
[2025-12-24T09:04:57.910+0000] {processor.py:927} WARNING - No viable dags retrieved from /home/airflow/.local/lib/python3.11/site-packages/airflow/example_dags/subdags/subdag.py
[2025-12-24T09:04:57.933+0000] {processor.py:208} INFO - Processing /home/airflow/.local/lib/python3.11/site-packages/airflow/example_dags/subdags/subdag.py took 0.043 seconds
[2025-12-24T09:05:31.775+0000] {processor.py:186} INFO - Started process (PID=548) to work on /home/airflow/.local/lib/python3.11/site-packages/airflow/example_dags/subdags/subdag.py
[2025-12-24T09:05:31.777+0000] {processor.py:914} INFO - Processing file /home/airflow/.local/lib/python3.11/site-packages/airflow/example_dags/subdags/subdag.py for tasks to queue
[2025-12-24T09:05:31.782+0000] {logging_mixin.py:190} INFO - [2025-12-24T09:05:31.781+0000] {dagbag.py:588} INFO - Filling up the DagBag from /home/airflow/.local/lib/python3.11/site-packages/airflow/example_dags/subdags/subdag.py
[2025-12-24T09:05:31.787+0000] {processor.py:927} WARNING - No viable dags retrieved from /home/airflow/.local/lib/python3.11/site-packages/airflow/example_dags/subdags/subdag.py
[2025-12-24T09:05:31.814+0000] {processor.py:208} INFO - Processing /home/airflow/.local/lib/python3.11/site-packages/airflow/example_dags/subdags/subdag.py took 0.049 seconds
[2025-12-24T09:05:44.566+0000] {processor.py:186} INFO - Started process (PID=603) to work on /home/airflow/.local/lib/python3.11/site-packages/airflow/example_dags/subdags/subdag.py
[2025-12-24T09:05:44.568+0000] {processor.py:914} INFO - Processing file /home/airflow/.local/lib/python3.11/site-packages/airflow/example_dags/subdags/subdag.py for tasks to queue
[2025-12-24T09:05:44.572+0000] {logging_mixin.py:190} INFO - [2025-12-24T09:05:44.571+0000] {dagbag.py:588} INFO - Filling up the DagBag from /home/airflow/.local/lib/python3.11/site-packages/airflow/example_dags/subdags/subdag.py
[2025-12-24T09:05:44.575+0000] {processor.py:927} WARNING - No viable dags retrieved from /home/airflow/.local/lib/python3.11/site-packages/airflow/example_dags/subdags/subdag.py
[2025-12-24T09:05:44.598+0000] {processor.py:208} INFO - Processing /home/airflow/.local/lib/python3.11/site-packages/airflow/example_dags/subdags/subdag.py took 0.041 seconds
[2025-12-24T09:06:45.849+0000] {processor.py:186} INFO - Started process (PID=665) to work on /home/airflow/.local/lib/python3.11/site-packages/airflow/example_dags/subdags/subdag.py
[2025-12-24T09:06:45.852+0000] {processor.py:914} INFO - Processing file /home/airflow/.local/lib/python3.11/site-packages/airflow/example_dags/subdags/subdag.py for tasks to queue
[2025-12-24T09:06:45.857+0000] {logging_mixin.py:190} INFO - [2025-12-24T09:06:45.856+0000] {dagbag.py:588} INFO - Filling up the DagBag from /home/airflow/.local/lib/python3.11/site-packages/airflow/example_dags/subdags/subdag.py
[2025-12-24T09:06:45.862+0000] {processor.py:927} WARNING - No viable dags retrieved from /home/airflow/.local/lib/python3.11/site-packages/airflow/example_dags/subdags/subdag.py
[2025-12-24T09:06:45.890+0000] {processor.py:208} INFO - Processing /home/airflow/.local/lib/python3.11/site-packages/airflow/example_dags/subdags/subdag.py took 0.054 seconds
[2025-12-24T09:06:50.593+0000] {processor.py:186} INFO - Started process (PID=741) to work on /home/airflow/.local/lib/python3.11/site-packages/airflow/example_dags/subdags/subdag.py
[2025-12-24T09:06:50.595+0000] {processor.py:914} INFO - Processing file /home/airflow/.local/lib/python3.11/site-packages/airflow/example_dags/subdags/subdag.py for tasks to queue
[2025-12-24T09:06:50.599+0000] {logging_mixin.py:190} INFO - [2025-12-24T09:06:50.599+0000] {dagbag.py:588} INFO - Filling up the DagBag from /home/airflow/.local/lib/python3.11/site-packages/airflow/example_dags/subdags/subdag.py
[2025-12-24T09:06:50.604+0000] {processor.py:927} WARNING - No viable dags retrieved from /home/airflow/.local/lib/python3.11/site-packages/airflow/example_dags/subdags/subdag.py
[2025-12-24T09:06:50.634+0000] {processor.py:208} INFO - Processing /home/airflow/.local/lib/python3.11/site-packages/airflow/example_dags/subdags/subdag.py took 0.053 seconds
[2025-12-24T09:07:20.010+0000] {processor.py:186} INFO - Started process (PID=805) to work on /home/airflow/.local/lib/python3.11/site-packages/airflow/example_dags/subdags/subdag.py
[2025-12-24T09:07:20.012+0000] {processor.py:914} INFO - Processing file /home/airflow/.local/lib/python3.11/site-packages/airflow/example_dags/subdags/subdag.py for tasks to queue
[2025-12-24T09:07:20.017+0000] {logging_mixin.py:190} INFO - [2025-12-24T09:07:20.016+0000] {dagbag.py:588} INFO - Filling up the DagBag from /home/airflow/.local/lib/python3.11/site-packages/airflow/example_dags/subdags/subdag.py
[2025-12-24T09:07:20.022+0000] {processor.py:927} WARNING - No viable dags retrieved from /home/airflow/.local/lib/python3.11/site-packages/airflow/example_dags/subdags/subdag.py
[2025-12-24T09:07:20.052+0000] {processor.py:208} INFO - Processing /home/airflow/.local/lib/python3.11/site-packages/airflow/example_dags/subdags/subdag.py took 0.056 seconds
[2025-12-24T09:07:30.058+0000] {processor.py:186} INFO - Started process (PID=862) to work on /home/airflow/.local/lib/python3.11/site-packages/airflow/example_dags/subdags/subdag.py
[2025-12-24T09:07:30.060+0000] {processor.py:914} INFO - Processing file /home/airflow/.local/lib/python3.11/site-packages/airflow/example_dags/subdags/subdag.py for tasks to queue
[2025-12-24T09:07:30.065+0000] {logging_mixin.py:190} INFO - [2025-12-24T09:07:30.065+0000] {dagbag.py:588} INFO - Filling up the DagBag from /home/airflow/.local/lib/python3.11/site-packages/airflow/example_dags/subdags/subdag.py
[2025-12-24T09:07:30.070+0000] {processor.py:927} WARNING - No viable dags retrieved from /home/airflow/.local/lib/python3.11/site-packages/airflow/example_dags/subdags/subdag.py
[2025-12-24T09:07:30.100+0000] {processor.py:208} INFO - Processing /home/airflow/.local/lib/python3.11/site-packages/airflow/example_dags/subdags/subdag.py took 0.055 seconds
[2025-12-24T09:07:38.921+0000] {processor.py:186} INFO - Started process (PID=918) to work on /home/airflow/.local/lib/python3.11/site-packages/airflow/example_dags/subdags/subdag.py
[2025-12-24T09:07:38.923+0000] {processor.py:914} INFO - Processing file /home/airflow/.local/lib/python3.11/site-packages/airflow/example_dags/subdags/subdag.py for tasks to queue
[2025-12-24T09:07:38.927+0000] {logging_mixin.py:190} INFO - [2025-12-24T09:07:38.927+0000] {dagbag.py:588} INFO - Filling up the DagBag from /home/airflow/.local/lib/python3.11/site-packages/airflow/example_dags/subdags/subdag.py
[2025-12-24T09:07:38.932+0000] {processor.py:927} WARNING - No viable dags retrieved from /home/airflow/.local/lib/python3.11/site-packages/airflow/example_dags/subdags/subdag.py
[2025-12-24T09:07:38.957+0000] {processor.py:208} INFO - Processing /home/airflow/.local/lib/python3.11/site-packages/airflow/example_dags/subdags/subdag.py took 0.047 seconds
[2025-12-24T09:07:48.118+0000] {processor.py:186} INFO - Started process (PID=979) to work on /home/airflow/.local/lib/python3.11/site-packages/airflow/example_dags/subdags/subdag.py
[2025-12-24T09:07:48.120+0000] {processor.py:914} INFO - Processing file /home/airflow/.local/lib/python3.11/site-packages/airflow/example_dags/subdags/subdag.py for tasks to queue
[2025-12-24T09:07:48.124+0000] {logging_mixin.py:190} INFO - [2025-12-24T09:07:48.124+0000] {dagbag.py:588} INFO - Filling up the DagBag from /home/airflow/.local/lib/python3.11/site-packages/airflow/example_dags/subdags/subdag.py
[2025-12-24T09:07:48.128+0000] {processor.py:927} WARNING - No viable dags retrieved from /home/airflow/.local/lib/python3.11/site-packages/airflow/example_dags/subdags/subdag.py
[2025-12-24T09:07:48.157+0000] {processor.py:208} INFO - Processing /home/airflow/.local/lib/python3.11/site-packages/airflow/example_dags/subdags/subdag.py took 0.050 seconds
[2025-12-24T09:08:45.939+0000] {processor.py:186} INFO - Started process (PID=1035) to work on /home/airflow/.local/lib/python3.11/site-packages/airflow/example_dags/subdags/subdag.py
[2025-12-24T09:08:45.943+0000] {processor.py:914} INFO - Processing file /home/airflow/.local/lib/python3.11/site-packages/airflow/example_dags/subdags/subdag.py for tasks to queue
[2025-12-24T09:08:45.948+0000] {logging_mixin.py:190} INFO - [2025-12-24T09:08:45.947+0000] {dagbag.py:588} INFO - Filling up the DagBag from /home/airflow/.local/lib/python3.11/site-packages/airflow/example_dags/subdags/subdag.py
[2025-12-24T09:08:45.952+0000] {processor.py:927} WARNING - No viable dags retrieved from /home/airflow/.local/lib/python3.11/site-packages/airflow/example_dags/subdags/subdag.py
[2025-12-24T09:08:45.981+0000] {processor.py:208} INFO - Processing /home/airflow/.local/lib/python3.11/site-packages/airflow/example_dags/subdags/subdag.py took 0.054 seconds
[2025-12-24T09:08:42.403+0000] {processor.py:186} INFO - Started process (PID=1103) to work on /home/airflow/.local/lib/python3.11/site-packages/airflow/example_dags/subdags/subdag.py
[2025-12-24T09:08:42.404+0000] {processor.py:914} INFO - Processing file /home/airflow/.local/lib/python3.11/site-packages/airflow/example_dags/subdags/subdag.py for tasks to queue
[2025-12-24T09:08:42.408+0000] {logging_mixin.py:190} INFO - [2025-12-24T09:08:42.407+0000] {dagbag.py:588} INFO - Filling up the DagBag from /home/airflow/.local/lib/python3.11/site-packages/airflow/example_dags/subdags/subdag.py
[2025-12-24T09:08:42.411+0000] {processor.py:927} WARNING - No viable dags retrieved from /home/airflow/.local/lib/python3.11/site-packages/airflow/example_dags/subdags/subdag.py
[2025-12-24T09:08:42.431+0000] {processor.py:208} INFO - Processing /home/airflow/.local/lib/python3.11/site-packages/airflow/example_dags/subdags/subdag.py took 0.037 seconds
[2025-12-24T09:09:13.159+0000] {processor.py:186} INFO - Started process (PID=1118) to work on /home/airflow/.local/lib/python3.11/site-packages/airflow/example_dags/subdags/subdag.py
[2025-12-24T09:09:13.161+0000] {processor.py:914} INFO - Processing file /home/airflow/.local/lib/python3.11/site-packages/airflow/example_dags/subdags/subdag.py for tasks to queue
[2025-12-24T09:09:13.165+0000] {logging_mixin.py:190} INFO - [2025-12-24T09:09:13.164+0000] {dagbag.py:588} INFO - Filling up the DagBag from /home/airflow/.local/lib/python3.11/site-packages/airflow/example_dags/subdags/subdag.py
[2025-12-24T09:09:13.169+0000] {processor.py:927} WARNING - No viable dags retrieved from /home/airflow/.local/lib/python3.11/site-packages/airflow/example_dags/subdags/subdag.py
[2025-12-24T09:09:13.198+0000] {processor.py:208} INFO - Processing /home/airflow/.local/lib/python3.11/site-packages/airflow/example_dags/subdags/subdag.py took 0.048 seconds
[2025-12-24T09:09:24.263+0000] {processor.py:186} INFO - Started process (PID=1184) to work on /home/airflow/.local/lib/python3.11/site-packages/airflow/example_dags/subdags/subdag.py
[2025-12-24T09:09:24.265+0000] {processor.py:914} INFO - Processing file /home/airflow/.local/lib/python3.11/site-packages/airflow/example_dags/subdags/subdag.py for tasks to queue
[2025-12-24T09:09:24.269+0000] {logging_mixin.py:190} INFO - [2025-12-24T09:09:24.269+0000] {dagbag.py:588} INFO - Filling up the DagBag from /home/airflow/.local/lib/python3.11/site-packages/airflow/example_dags/subdags/subdag.py
[2025-12-24T09:09:24.279+0000] {processor.py:927} WARNING - No viable dags retrieved from /home/airflow/.local/lib/python3.11/site-packages/airflow/example_dags/subdags/subdag.py
[2025-12-24T09:09:24.316+0000] {processor.py:208} INFO - Processing /home/airflow/.local/lib/python3.11/site-packages/airflow/example_dags/subdags/subdag.py took 0.063 seconds
[2025-12-24T09:10:30.362+0000] {processor.py:186} INFO - Started process (PID=1249) to work on /home/airflow/.local/lib/python3.11/site-packages/airflow/example_dags/subdags/subdag.py
[2025-12-24T09:10:30.364+0000] {processor.py:914} INFO - Processing file /home/airflow/.local/lib/python3.11/site-packages/airflow/example_dags/subdags/subdag.py for tasks to queue
[2025-12-24T09:10:30.368+0000] {logging_mixin.py:190} INFO - [2025-12-24T09:10:30.368+0000] {dagbag.py:588} INFO - Filling up the DagBag from /home/airflow/.local/lib/python3.11/site-packages/airflow/example_dags/subdags/subdag.py
[2025-12-24T09:10:30.372+0000] {processor.py:927} WARNING - No viable dags retrieved from /home/airflow/.local/lib/python3.11/site-packages/airflow/example_dags/subdags/subdag.py
[2025-12-24T09:10:30.394+0000] {processor.py:208} INFO - Processing /home/airflow/.local/lib/python3.11/site-packages/airflow/example_dags/subdags/subdag.py took 0.041 seconds
[2025-12-24T09:10:53.193+0000] {processor.py:186} INFO - Started process (PID=1363) to work on /home/airflow/.local/lib/python3.11/site-packages/airflow/example_dags/subdags/subdag.py
[2025-12-24T09:10:53.194+0000] {processor.py:914} INFO - Processing file /home/airflow/.local/lib/python3.11/site-packages/airflow/example_dags/subdags/subdag.py for tasks to queue
[2025-12-24T09:10:53.197+0000] {logging_mixin.py:190} INFO - [2025-12-24T09:10:53.197+0000] {dagbag.py:588} INFO - Filling up the DagBag from /home/airflow/.local/lib/python3.11/site-packages/airflow/example_dags/subdags/subdag.py
[2025-12-24T09:10:53.201+0000] {processor.py:927} WARNING - No viable dags retrieved from /home/airflow/.local/lib/python3.11/site-packages/airflow/example_dags/subdags/subdag.py
[2025-12-24T09:10:53.220+0000] {processor.py:208} INFO - Processing /home/airflow/.local/lib/python3.11/site-packages/airflow/example_dags/subdags/subdag.py took 0.036 seconds
[2025-12-24T09:11:03.852+0000] {processor.py:186} INFO - Started process (PID=1420) to work on /home/airflow/.local/lib/python3.11/site-packages/airflow/example_dags/subdags/subdag.py
[2025-12-24T09:11:03.855+0000] {processor.py:914} INFO - Processing file /home/airflow/.local/lib/python3.11/site-packages/airflow/example_dags/subdags/subdag.py for tasks to queue
[2025-12-24T09:11:03.860+0000] {logging_mixin.py:190} INFO - [2025-12-24T09:11:03.859+0000] {dagbag.py:588} INFO - Filling up the DagBag from /home/airflow/.local/lib/python3.11/site-packages/airflow/example_dags/subdags/subdag.py
[2025-12-24T09:11:03.866+0000] {processor.py:927} WARNING - No viable dags retrieved from /home/airflow/.local/lib/python3.11/site-packages/airflow/example_dags/subdags/subdag.py
[2025-12-24T09:11:03.900+0000] {processor.py:208} INFO - Processing /home/airflow/.local/lib/python3.11/site-packages/airflow/example_dags/subdags/subdag.py took 0.060 seconds
[2025-12-24T09:11:34.912+0000] {processor.py:186} INFO - Started process (PID=1482) to work on /home/airflow/.local/lib/python3.11/site-packages/airflow/example_dags/subdags/subdag.py
[2025-12-24T09:11:34.914+0000] {processor.py:914} INFO - Processing file /home/airflow/.local/lib/python3.11/site-packages/airflow/example_dags/subdags/subdag.py for tasks to queue
[2025-12-24T09:11:34.919+0000] {logging_mixin.py:190} INFO - [2025-12-24T09:11:34.919+0000] {dagbag.py:588} INFO - Filling up the DagBag from /home/airflow/.local/lib/python3.11/site-packages/airflow/example_dags/subdags/subdag.py
[2025-12-24T09:11:34.925+0000] {processor.py:927} WARNING - No viable dags retrieved from /home/airflow/.local/lib/python3.11/site-packages/airflow/example_dags/subdags/subdag.py
[2025-12-24T09:11:34.949+0000] {processor.py:208} INFO - Processing /home/airflow/.local/lib/python3.11/site-packages/airflow/example_dags/subdags/subdag.py took 0.049 seconds
[2025-12-24T09:12:36.238+0000] {processor.py:186} INFO - Started process (PID=1546) to work on /home/airflow/.local/lib/python3.11/site-packages/airflow/example_dags/subdags/subdag.py
[2025-12-24T09:12:36.239+0000] {processor.py:914} INFO - Processing file /home/airflow/.local/lib/python3.11/site-packages/airflow/example_dags/subdags/subdag.py for tasks to queue
[2025-12-24T09:12:36.243+0000] {logging_mixin.py:190} INFO - [2025-12-24T09:12:36.243+0000] {dagbag.py:588} INFO - Filling up the DagBag from /home/airflow/.local/lib/python3.11/site-packages/airflow/example_dags/subdags/subdag.py
[2025-12-24T09:12:36.247+0000] {processor.py:927} WARNING - No viable dags retrieved from /home/airflow/.local/lib/python3.11/site-packages/airflow/example_dags/subdags/subdag.py
[2025-12-24T09:12:36.267+0000] {processor.py:208} INFO - Processing /home/airflow/.local/lib/python3.11/site-packages/airflow/example_dags/subdags/subdag.py took 0.038 seconds
[2025-12-24T09:13:30.305+0000] {processor.py:186} INFO - Started process (PID=1619) to work on /home/airflow/.local/lib/python3.11/site-packages/airflow/example_dags/subdags/subdag.py
[2025-12-24T09:13:30.306+0000] {processor.py:914} INFO - Processing file /home/airflow/.local/lib/python3.11/site-packages/airflow/example_dags/subdags/subdag.py for tasks to queue
[2025-12-24T09:13:30.310+0000] {logging_mixin.py:190} INFO - [2025-12-24T09:13:30.309+0000] {dagbag.py:588} INFO - Filling up the DagBag from /home/airflow/.local/lib/python3.11/site-packages/airflow/example_dags/subdags/subdag.py
[2025-12-24T09:13:30.313+0000] {processor.py:927} WARNING - No viable dags retrieved from /home/airflow/.local/lib/python3.11/site-packages/airflow/example_dags/subdags/subdag.py
[2025-12-24T09:13:30.335+0000] {processor.py:208} INFO - Processing /home/airflow/.local/lib/python3.11/site-packages/airflow/example_dags/subdags/subdag.py took 0.040 seconds
[2025-12-24T09:14:31.428+0000] {processor.py:186} INFO - Started process (PID=1735) to work on /home/airflow/.local/lib/python3.11/site-packages/airflow/example_dags/subdags/subdag.py
[2025-12-24T09:14:31.429+0000] {processor.py:914} INFO - Processing file /home/airflow/.local/lib/python3.11/site-packages/airflow/example_dags/subdags/subdag.py for tasks to queue
[2025-12-24T09:14:31.433+0000] {logging_mixin.py:190} INFO - [2025-12-24T09:14:31.432+0000] {dagbag.py:588} INFO - Filling up the DagBag from /home/airflow/.local/lib/python3.11/site-packages/airflow/example_dags/subdags/subdag.py
[2025-12-24T09:14:31.436+0000] {processor.py:927} WARNING - No viable dags retrieved from /home/airflow/.local/lib/python3.11/site-packages/airflow/example_dags/subdags/subdag.py
[2025-12-24T09:14:31.458+0000] {processor.py:208} INFO - Processing /home/airflow/.local/lib/python3.11/site-packages/airflow/example_dags/subdags/subdag.py took 0.039 seconds
[2025-12-24T09:14:43.229+0000] {processor.py:186} INFO - Started process (PID=1801) to work on /home/airflow/.local/lib/python3.11/site-packages/airflow/example_dags/subdags/subdag.py
[2025-12-24T09:14:43.231+0000] {processor.py:914} INFO - Processing file /home/airflow/.local/lib/python3.11/site-packages/airflow/example_dags/subdags/subdag.py for tasks to queue
[2025-12-24T09:14:43.235+0000] {logging_mixin.py:190} INFO - [2025-12-24T09:14:43.234+0000] {dagbag.py:588} INFO - Filling up the DagBag from /home/airflow/.local/lib/python3.11/site-packages/airflow/example_dags/subdags/subdag.py
[2025-12-24T09:14:43.239+0000] {processor.py:927} WARNING - No viable dags retrieved from /home/airflow/.local/lib/python3.11/site-packages/airflow/example_dags/subdags/subdag.py
[2025-12-24T09:14:43.263+0000] {processor.py:208} INFO - Processing /home/airflow/.local/lib/python3.11/site-packages/airflow/example_dags/subdags/subdag.py took 0.043 seconds
[2025-12-24T09:15:15.083+0000] {processor.py:186} INFO - Started process (PID=1864) to work on /home/airflow/.local/lib/python3.11/site-packages/airflow/example_dags/subdags/subdag.py
[2025-12-24T09:15:15.084+0000] {processor.py:914} INFO - Processing file /home/airflow/.local/lib/python3.11/site-packages/airflow/example_dags/subdags/subdag.py for tasks to queue
[2025-12-24T09:15:15.087+0000] {logging_mixin.py:190} INFO - [2025-12-24T09:15:15.087+0000] {dagbag.py:588} INFO - Filling up the DagBag from /home/airflow/.local/lib/python3.11/site-packages/airflow/example_dags/subdags/subdag.py
[2025-12-24T09:15:15.090+0000] {processor.py:927} WARNING - No viable dags retrieved from /home/airflow/.local/lib/python3.11/site-packages/airflow/example_dags/subdags/subdag.py
[2025-12-24T09:15:15.109+0000] {processor.py:208} INFO - Processing /home/airflow/.local/lib/python3.11/site-packages/airflow/example_dags/subdags/subdag.py took 0.036 seconds
[2025-12-24T09:15:46.088+0000] {processor.py:186} INFO - Started process (PID=1925) to work on /home/airflow/.local/lib/python3.11/site-packages/airflow/example_dags/subdags/subdag.py
[2025-12-24T09:15:46.089+0000] {processor.py:914} INFO - Processing file /home/airflow/.local/lib/python3.11/site-packages/airflow/example_dags/subdags/subdag.py for tasks to queue
[2025-12-24T09:15:46.093+0000] {logging_mixin.py:190} INFO - [2025-12-24T09:15:46.093+0000] {dagbag.py:588} INFO - Filling up the DagBag from /home/airflow/.local/lib/python3.11/site-packages/airflow/example_dags/subdags/subdag.py
[2025-12-24T09:15:46.096+0000] {processor.py:927} WARNING - No viable dags retrieved from /home/airflow/.local/lib/python3.11/site-packages/airflow/example_dags/subdags/subdag.py
[2025-12-24T09:15:46.120+0000] {processor.py:208} INFO - Processing /home/airflow/.local/lib/python3.11/site-packages/airflow/example_dags/subdags/subdag.py took 0.043 seconds
[2025-12-24T09:23:49.951+0000] {processor.py:186} INFO - Started process (PID=140) to work on /home/airflow/.local/lib/python3.11/site-packages/airflow/example_dags/subdags/subdag.py
[2025-12-24T09:23:49.953+0000] {processor.py:914} INFO - Processing file /home/airflow/.local/lib/python3.11/site-packages/airflow/example_dags/subdags/subdag.py for tasks to queue
[2025-12-24T09:23:49.962+0000] {logging_mixin.py:190} INFO - [2025-12-24T09:23:49.961+0000] {dagbag.py:588} INFO - Filling up the DagBag from /home/airflow/.local/lib/python3.11/site-packages/airflow/example_dags/subdags/subdag.py
[2025-12-24T09:23:49.968+0000] {processor.py:927} WARNING - No viable dags retrieved from /home/airflow/.local/lib/python3.11/site-packages/airflow/example_dags/subdags/subdag.py
[2025-12-24T09:23:50.004+0000] {processor.py:208} INFO - Processing /home/airflow/.local/lib/python3.11/site-packages/airflow/example_dags/subdags/subdag.py took 0.068 seconds
[2025-12-24T09:24:01.705+0000] {processor.py:186} INFO - Started process (PID=173) to work on /home/airflow/.local/lib/python3.11/site-packages/airflow/example_dags/subdags/subdag.py
[2025-12-24T09:24:01.707+0000] {processor.py:914} INFO - Processing file /home/airflow/.local/lib/python3.11/site-packages/airflow/example_dags/subdags/subdag.py for tasks to queue
[2025-12-24T09:24:01.713+0000] {logging_mixin.py:190} INFO - [2025-12-24T09:24:01.712+0000] {dagbag.py:588} INFO - Filling up the DagBag from /home/airflow/.local/lib/python3.11/site-packages/airflow/example_dags/subdags/subdag.py
[2025-12-24T09:24:01.720+0000] {processor.py:927} WARNING - No viable dags retrieved from /home/airflow/.local/lib/python3.11/site-packages/airflow/example_dags/subdags/subdag.py
[2025-12-24T09:24:01.750+0000] {processor.py:208} INFO - Processing /home/airflow/.local/lib/python3.11/site-packages/airflow/example_dags/subdags/subdag.py took 0.059 seconds
[2025-12-24T09:24:08.147+0000] {processor.py:186} INFO - Started process (PID=213) to work on /home/airflow/.local/lib/python3.11/site-packages/airflow/example_dags/subdags/subdag.py
[2025-12-24T09:24:08.149+0000] {processor.py:914} INFO - Processing file /home/airflow/.local/lib/python3.11/site-packages/airflow/example_dags/subdags/subdag.py for tasks to queue
[2025-12-24T09:24:08.155+0000] {logging_mixin.py:190} INFO - [2025-12-24T09:24:08.154+0000] {dagbag.py:588} INFO - Filling up the DagBag from /home/airflow/.local/lib/python3.11/site-packages/airflow/example_dags/subdags/subdag.py
[2025-12-24T09:24:08.160+0000] {processor.py:927} WARNING - No viable dags retrieved from /home/airflow/.local/lib/python3.11/site-packages/airflow/example_dags/subdags/subdag.py
[2025-12-24T09:24:08.196+0000] {processor.py:208} INFO - Processing /home/airflow/.local/lib/python3.11/site-packages/airflow/example_dags/subdags/subdag.py took 0.062 seconds
[2025-12-24T09:24:19.136+0000] {processor.py:186} INFO - Started process (PID=267) to work on /home/airflow/.local/lib/python3.11/site-packages/airflow/example_dags/subdags/subdag.py
[2025-12-24T09:24:19.138+0000] {processor.py:914} INFO - Processing file /home/airflow/.local/lib/python3.11/site-packages/airflow/example_dags/subdags/subdag.py for tasks to queue
[2025-12-24T09:24:19.142+0000] {logging_mixin.py:190} INFO - [2025-12-24T09:24:19.141+0000] {dagbag.py:588} INFO - Filling up the DagBag from /home/airflow/.local/lib/python3.11/site-packages/airflow/example_dags/subdags/subdag.py
[2025-12-24T09:24:19.145+0000] {processor.py:927} WARNING - No viable dags retrieved from /home/airflow/.local/lib/python3.11/site-packages/airflow/example_dags/subdags/subdag.py
[2025-12-24T09:24:19.165+0000] {processor.py:208} INFO - Processing /home/airflow/.local/lib/python3.11/site-packages/airflow/example_dags/subdags/subdag.py took 0.039 seconds
[2025-12-24T09:24:48.441+0000] {processor.py:186} INFO - Started process (PID=329) to work on /home/airflow/.local/lib/python3.11/site-packages/airflow/example_dags/subdags/subdag.py
[2025-12-24T09:24:48.444+0000] {processor.py:914} INFO - Processing file /home/airflow/.local/lib/python3.11/site-packages/airflow/example_dags/subdags/subdag.py for tasks to queue
[2025-12-24T09:24:48.452+0000] {logging_mixin.py:190} INFO - [2025-12-24T09:24:48.451+0000] {dagbag.py:588} INFO - Filling up the DagBag from /home/airflow/.local/lib/python3.11/site-packages/airflow/example_dags/subdags/subdag.py
[2025-12-24T09:24:48.470+0000] {processor.py:927} WARNING - No viable dags retrieved from /home/airflow/.local/lib/python3.11/site-packages/airflow/example_dags/subdags/subdag.py
[2025-12-24T09:24:48.545+0000] {processor.py:208} INFO - Processing /home/airflow/.local/lib/python3.11/site-packages/airflow/example_dags/subdags/subdag.py took 0.124 seconds
[2025-12-24T09:25:00.275+0000] {processor.py:186} INFO - Started process (PID=392) to work on /home/airflow/.local/lib/python3.11/site-packages/airflow/example_dags/subdags/subdag.py
[2025-12-24T09:25:00.277+0000] {processor.py:914} INFO - Processing file /home/airflow/.local/lib/python3.11/site-packages/airflow/example_dags/subdags/subdag.py for tasks to queue
[2025-12-24T09:25:00.282+0000] {logging_mixin.py:190} INFO - [2025-12-24T09:25:00.281+0000] {dagbag.py:588} INFO - Filling up the DagBag from /home/airflow/.local/lib/python3.11/site-packages/airflow/example_dags/subdags/subdag.py
[2025-12-24T09:25:00.287+0000] {processor.py:927} WARNING - No viable dags retrieved from /home/airflow/.local/lib/python3.11/site-packages/airflow/example_dags/subdags/subdag.py
[2025-12-24T09:25:00.319+0000] {processor.py:208} INFO - Processing /home/airflow/.local/lib/python3.11/site-packages/airflow/example_dags/subdags/subdag.py took 0.057 seconds
[2025-12-24T09:26:00.111+0000] {processor.py:186} INFO - Started process (PID=446) to work on /home/airflow/.local/lib/python3.11/site-packages/airflow/example_dags/subdags/subdag.py
[2025-12-24T09:26:00.113+0000] {processor.py:914} INFO - Processing file /home/airflow/.local/lib/python3.11/site-packages/airflow/example_dags/subdags/subdag.py for tasks to queue
[2025-12-24T09:26:00.117+0000] {logging_mixin.py:190} INFO - [2025-12-24T09:26:00.116+0000] {dagbag.py:588} INFO - Filling up the DagBag from /home/airflow/.local/lib/python3.11/site-packages/airflow/example_dags/subdags/subdag.py
[2025-12-24T09:26:00.121+0000] {processor.py:927} WARNING - No viable dags retrieved from /home/airflow/.local/lib/python3.11/site-packages/airflow/example_dags/subdags/subdag.py
[2025-12-24T09:26:00.143+0000] {processor.py:208} INFO - Processing /home/airflow/.local/lib/python3.11/site-packages/airflow/example_dags/subdags/subdag.py took 0.042 seconds
[2025-12-24T09:26:01.736+0000] {processor.py:186} INFO - Started process (PID=598) to work on /home/airflow/.local/lib/python3.11/site-packages/airflow/example_dags/subdags/subdag.py
[2025-12-24T09:26:01.738+0000] {processor.py:914} INFO - Processing file /home/airflow/.local/lib/python3.11/site-packages/airflow/example_dags/subdags/subdag.py for tasks to queue
[2025-12-24T09:26:01.742+0000] {logging_mixin.py:190} INFO - [2025-12-24T09:26:01.741+0000] {dagbag.py:588} INFO - Filling up the DagBag from /home/airflow/.local/lib/python3.11/site-packages/airflow/example_dags/subdags/subdag.py
[2025-12-24T09:26:01.745+0000] {processor.py:927} WARNING - No viable dags retrieved from /home/airflow/.local/lib/python3.11/site-packages/airflow/example_dags/subdags/subdag.py
[2025-12-24T09:26:01.771+0000] {processor.py:208} INFO - Processing /home/airflow/.local/lib/python3.11/site-packages/airflow/example_dags/subdags/subdag.py took 0.046 seconds
[2025-12-24T09:26:10.231+0000] {processor.py:186} INFO - Started process (PID=655) to work on /home/airflow/.local/lib/python3.11/site-packages/airflow/example_dags/subdags/subdag.py
[2025-12-24T09:26:10.233+0000] {processor.py:914} INFO - Processing file /home/airflow/.local/lib/python3.11/site-packages/airflow/example_dags/subdags/subdag.py for tasks to queue
[2025-12-24T09:26:10.237+0000] {logging_mixin.py:190} INFO - [2025-12-24T09:26:10.237+0000] {dagbag.py:588} INFO - Filling up the DagBag from /home/airflow/.local/lib/python3.11/site-packages/airflow/example_dags/subdags/subdag.py
[2025-12-24T09:26:10.242+0000] {processor.py:927} WARNING - No viable dags retrieved from /home/airflow/.local/lib/python3.11/site-packages/airflow/example_dags/subdags/subdag.py
[2025-12-24T09:26:10.269+0000] {processor.py:208} INFO - Processing /home/airflow/.local/lib/python3.11/site-packages/airflow/example_dags/subdags/subdag.py took 0.049 seconds
[2025-12-24T09:26:18.652+0000] {processor.py:186} INFO - Started process (PID=709) to work on /home/airflow/.local/lib/python3.11/site-packages/airflow/example_dags/subdags/subdag.py
[2025-12-24T09:26:18.654+0000] {processor.py:914} INFO - Processing file /home/airflow/.local/lib/python3.11/site-packages/airflow/example_dags/subdags/subdag.py for tasks to queue
[2025-12-24T09:26:18.668+0000] {logging_mixin.py:190} INFO - [2025-12-24T09:26:18.668+0000] {dagbag.py:588} INFO - Filling up the DagBag from /home/airflow/.local/lib/python3.11/site-packages/airflow/example_dags/subdags/subdag.py
[2025-12-24T09:26:18.672+0000] {processor.py:927} WARNING - No viable dags retrieved from /home/airflow/.local/lib/python3.11/site-packages/airflow/example_dags/subdags/subdag.py
[2025-12-24T09:26:18.694+0000] {processor.py:208} INFO - Processing /home/airflow/.local/lib/python3.11/site-packages/airflow/example_dags/subdags/subdag.py took 0.052 seconds
[2025-12-24T09:26:29.822+0000] {processor.py:186} INFO - Started process (PID=760) to work on /home/airflow/.local/lib/python3.11/site-packages/airflow/example_dags/subdags/subdag.py
[2025-12-24T09:26:29.824+0000] {processor.py:914} INFO - Processing file /home/airflow/.local/lib/python3.11/site-packages/airflow/example_dags/subdags/subdag.py for tasks to queue
[2025-12-24T09:26:29.828+0000] {logging_mixin.py:190} INFO - [2025-12-24T09:26:29.828+0000] {dagbag.py:588} INFO - Filling up the DagBag from /home/airflow/.local/lib/python3.11/site-packages/airflow/example_dags/subdags/subdag.py
[2025-12-24T09:26:29.833+0000] {processor.py:927} WARNING - No viable dags retrieved from /home/airflow/.local/lib/python3.11/site-packages/airflow/example_dags/subdags/subdag.py
[2025-12-24T09:26:29.860+0000] {processor.py:208} INFO - Processing /home/airflow/.local/lib/python3.11/site-packages/airflow/example_dags/subdags/subdag.py took 0.048 seconds
[2025-12-24T09:26:40.763+0000] {processor.py:186} INFO - Started process (PID=817) to work on /home/airflow/.local/lib/python3.11/site-packages/airflow/example_dags/subdags/subdag.py
[2025-12-24T09:26:40.765+0000] {processor.py:914} INFO - Processing file /home/airflow/.local/lib/python3.11/site-packages/airflow/example_dags/subdags/subdag.py for tasks to queue
[2025-12-24T09:26:40.770+0000] {logging_mixin.py:190} INFO - [2025-12-24T09:26:40.769+0000] {dagbag.py:588} INFO - Filling up the DagBag from /home/airflow/.local/lib/python3.11/site-packages/airflow/example_dags/subdags/subdag.py
[2025-12-24T09:26:40.774+0000] {processor.py:927} WARNING - No viable dags retrieved from /home/airflow/.local/lib/python3.11/site-packages/airflow/example_dags/subdags/subdag.py
[2025-12-24T09:26:40.798+0000] {processor.py:208} INFO - Processing /home/airflow/.local/lib/python3.11/site-packages/airflow/example_dags/subdags/subdag.py took 0.048 seconds
[2025-12-24T09:26:51.688+0000] {processor.py:186} INFO - Started process (PID=870) to work on /home/airflow/.local/lib/python3.11/site-packages/airflow/example_dags/subdags/subdag.py
[2025-12-24T09:26:51.690+0000] {processor.py:914} INFO - Processing file /home/airflow/.local/lib/python3.11/site-packages/airflow/example_dags/subdags/subdag.py for tasks to queue
[2025-12-24T09:26:51.697+0000] {logging_mixin.py:190} INFO - [2025-12-24T09:26:51.695+0000] {dagbag.py:588} INFO - Filling up the DagBag from /home/airflow/.local/lib/python3.11/site-packages/airflow/example_dags/subdags/subdag.py
[2025-12-24T09:26:51.705+0000] {processor.py:927} WARNING - No viable dags retrieved from /home/airflow/.local/lib/python3.11/site-packages/airflow/example_dags/subdags/subdag.py
[2025-12-24T09:26:51.754+0000] {processor.py:208} INFO - Processing /home/airflow/.local/lib/python3.11/site-packages/airflow/example_dags/subdags/subdag.py took 0.080 seconds
[2025-12-24T09:27:48.445+0000] {processor.py:186} INFO - Started process (PID=933) to work on /home/airflow/.local/lib/python3.11/site-packages/airflow/example_dags/subdags/subdag.py
[2025-12-24T09:27:48.447+0000] {processor.py:914} INFO - Processing file /home/airflow/.local/lib/python3.11/site-packages/airflow/example_dags/subdags/subdag.py for tasks to queue
[2025-12-24T09:27:48.453+0000] {logging_mixin.py:190} INFO - [2025-12-24T09:27:48.453+0000] {dagbag.py:588} INFO - Filling up the DagBag from /home/airflow/.local/lib/python3.11/site-packages/airflow/example_dags/subdags/subdag.py
[2025-12-24T09:27:48.459+0000] {processor.py:927} WARNING - No viable dags retrieved from /home/airflow/.local/lib/python3.11/site-packages/airflow/example_dags/subdags/subdag.py
[2025-12-24T09:27:48.488+0000] {processor.py:208} INFO - Processing /home/airflow/.local/lib/python3.11/site-packages/airflow/example_dags/subdags/subdag.py took 0.057 seconds
[2025-12-24T09:27:56.020+0000] {processor.py:186} INFO - Started process (PID=1002) to work on /home/airflow/.local/lib/python3.11/site-packages/airflow/example_dags/subdags/subdag.py
[2025-12-24T09:27:56.024+0000] {processor.py:914} INFO - Processing file /home/airflow/.local/lib/python3.11/site-packages/airflow/example_dags/subdags/subdag.py for tasks to queue
[2025-12-24T09:27:56.029+0000] {logging_mixin.py:190} INFO - [2025-12-24T09:27:56.028+0000] {dagbag.py:588} INFO - Filling up the DagBag from /home/airflow/.local/lib/python3.11/site-packages/airflow/example_dags/subdags/subdag.py
[2025-12-24T09:27:56.034+0000] {processor.py:927} WARNING - No viable dags retrieved from /home/airflow/.local/lib/python3.11/site-packages/airflow/example_dags/subdags/subdag.py
[2025-12-24T09:27:56.060+0000] {processor.py:208} INFO - Processing /home/airflow/.local/lib/python3.11/site-packages/airflow/example_dags/subdags/subdag.py took 0.063 seconds
[2025-12-24T09:28:06.294+0000] {processor.py:186} INFO - Started process (PID=1067) to work on /home/airflow/.local/lib/python3.11/site-packages/airflow/example_dags/subdags/subdag.py
[2025-12-24T09:28:06.296+0000] {processor.py:914} INFO - Processing file /home/airflow/.local/lib/python3.11/site-packages/airflow/example_dags/subdags/subdag.py for tasks to queue
[2025-12-24T09:28:06.300+0000] {logging_mixin.py:190} INFO - [2025-12-24T09:28:06.300+0000] {dagbag.py:588} INFO - Filling up the DagBag from /home/airflow/.local/lib/python3.11/site-packages/airflow/example_dags/subdags/subdag.py
[2025-12-24T09:28:06.305+0000] {processor.py:927} WARNING - No viable dags retrieved from /home/airflow/.local/lib/python3.11/site-packages/airflow/example_dags/subdags/subdag.py
[2025-12-24T09:28:06.325+0000] {processor.py:208} INFO - Processing /home/airflow/.local/lib/python3.11/site-packages/airflow/example_dags/subdags/subdag.py took 0.040 seconds
[2025-12-24T09:28:20.806+0000] {processor.py:186} INFO - Started process (PID=1124) to work on /home/airflow/.local/lib/python3.11/site-packages/airflow/example_dags/subdags/subdag.py
[2025-12-24T09:28:20.808+0000] {processor.py:914} INFO - Processing file /home/airflow/.local/lib/python3.11/site-packages/airflow/example_dags/subdags/subdag.py for tasks to queue
[2025-12-24T09:28:20.815+0000] {logging_mixin.py:190} INFO - [2025-12-24T09:28:20.814+0000] {dagbag.py:588} INFO - Filling up the DagBag from /home/airflow/.local/lib/python3.11/site-packages/airflow/example_dags/subdags/subdag.py
[2025-12-24T09:28:20.822+0000] {processor.py:927} WARNING - No viable dags retrieved from /home/airflow/.local/lib/python3.11/site-packages/airflow/example_dags/subdags/subdag.py
[2025-12-24T09:28:20.866+0000] {processor.py:208} INFO - Processing /home/airflow/.local/lib/python3.11/site-packages/airflow/example_dags/subdags/subdag.py took 0.071 seconds
