[2025-12-24T09:03:09.971+0000] {processor.py:186} INFO - Started process (PID=132) to work on /home/airflow/.local/lib/python3.11/site-packages/airflow/example_dags/plugins/event_listener.py
[2025-12-24T09:03:09.973+0000] {processor.py:914} INFO - Processing file /home/airflow/.local/lib/python3.11/site-packages/airflow/example_dags/plugins/event_listener.py for tasks to queue
[2025-12-24T09:03:09.979+0000] {logging_mixin.py:190} INFO - [2025-12-24T09:03:09.979+0000] {dagbag.py:588} INFO - Filling up the DagBag from /home/airflow/.local/lib/python3.11/site-packages/airflow/example_dags/plugins/event_listener.py
[2025-12-24T09:03:09.987+0000] {processor.py:927} WARNING - No viable dags retrieved from /home/airflow/.local/lib/python3.11/site-packages/airflow/example_dags/plugins/event_listener.py
[2025-12-24T09:03:10.025+0000] {processor.py:208} INFO - Processing /home/airflow/.local/lib/python3.11/site-packages/airflow/example_dags/plugins/event_listener.py took 0.065 seconds
[2025-12-24T09:03:18.062+0000] {processor.py:186} INFO - Started process (PID=196) to work on /home/airflow/.local/lib/python3.11/site-packages/airflow/example_dags/plugins/event_listener.py
[2025-12-24T09:03:18.063+0000] {processor.py:914} INFO - Processing file /home/airflow/.local/lib/python3.11/site-packages/airflow/example_dags/plugins/event_listener.py for tasks to queue
[2025-12-24T09:03:18.068+0000] {logging_mixin.py:190} INFO - [2025-12-24T09:03:18.067+0000] {dagbag.py:588} INFO - Filling up the DagBag from /home/airflow/.local/lib/python3.11/site-packages/airflow/example_dags/plugins/event_listener.py
[2025-12-24T09:03:18.072+0000] {processor.py:927} WARNING - No viable dags retrieved from /home/airflow/.local/lib/python3.11/site-packages/airflow/example_dags/plugins/event_listener.py
[2025-12-24T09:03:18.098+0000] {processor.py:208} INFO - Processing /home/airflow/.local/lib/python3.11/site-packages/airflow/example_dags/plugins/event_listener.py took 0.047 seconds
[2025-12-24T09:04:20.255+0000] {processor.py:186} INFO - Started process (PID=251) to work on /home/airflow/.local/lib/python3.11/site-packages/airflow/example_dags/plugins/event_listener.py
[2025-12-24T09:04:20.257+0000] {processor.py:914} INFO - Processing file /home/airflow/.local/lib/python3.11/site-packages/airflow/example_dags/plugins/event_listener.py for tasks to queue
[2025-12-24T09:04:20.266+0000] {logging_mixin.py:190} INFO - [2025-12-24T09:04:20.265+0000] {dagbag.py:588} INFO - Filling up the DagBag from /home/airflow/.local/lib/python3.11/site-packages/airflow/example_dags/plugins/event_listener.py
[2025-12-24T09:04:20.270+0000] {processor.py:927} WARNING - No viable dags retrieved from /home/airflow/.local/lib/python3.11/site-packages/airflow/example_dags/plugins/event_listener.py
[2025-12-24T09:04:20.299+0000] {processor.py:208} INFO - Processing /home/airflow/.local/lib/python3.11/site-packages/airflow/example_dags/plugins/event_listener.py took 0.065 seconds
[2025-12-24T09:04:19.183+0000] {processor.py:186} INFO - Started process (PID=324) to work on /home/airflow/.local/lib/python3.11/site-packages/airflow/example_dags/plugins/event_listener.py
[2025-12-24T09:04:19.185+0000] {processor.py:914} INFO - Processing file /home/airflow/.local/lib/python3.11/site-packages/airflow/example_dags/plugins/event_listener.py for tasks to queue
[2025-12-24T09:04:19.193+0000] {logging_mixin.py:190} INFO - [2025-12-24T09:04:19.192+0000] {dagbag.py:588} INFO - Filling up the DagBag from /home/airflow/.local/lib/python3.11/site-packages/airflow/example_dags/plugins/event_listener.py
[2025-12-24T09:04:19.198+0000] {processor.py:927} WARNING - No viable dags retrieved from /home/airflow/.local/lib/python3.11/site-packages/airflow/example_dags/plugins/event_listener.py
[2025-12-24T09:04:19.221+0000] {processor.py:208} INFO - Processing /home/airflow/.local/lib/python3.11/site-packages/airflow/example_dags/plugins/event_listener.py took 0.050 seconds
[2025-12-24T09:04:48.668+0000] {processor.py:186} INFO - Started process (PID=389) to work on /home/airflow/.local/lib/python3.11/site-packages/airflow/example_dags/plugins/event_listener.py
[2025-12-24T09:04:48.670+0000] {processor.py:914} INFO - Processing file /home/airflow/.local/lib/python3.11/site-packages/airflow/example_dags/plugins/event_listener.py for tasks to queue
[2025-12-24T09:04:48.674+0000] {logging_mixin.py:190} INFO - [2025-12-24T09:04:48.674+0000] {dagbag.py:588} INFO - Filling up the DagBag from /home/airflow/.local/lib/python3.11/site-packages/airflow/example_dags/plugins/event_listener.py
[2025-12-24T09:04:48.678+0000] {processor.py:927} WARNING - No viable dags retrieved from /home/airflow/.local/lib/python3.11/site-packages/airflow/example_dags/plugins/event_listener.py
[2025-12-24T09:04:48.703+0000] {processor.py:208} INFO - Processing /home/airflow/.local/lib/python3.11/site-packages/airflow/example_dags/plugins/event_listener.py took 0.047 seconds
[2025-12-24T09:04:57.771+0000] {processor.py:186} INFO - Started process (PID=447) to work on /home/airflow/.local/lib/python3.11/site-packages/airflow/example_dags/plugins/event_listener.py
[2025-12-24T09:04:57.773+0000] {processor.py:914} INFO - Processing file /home/airflow/.local/lib/python3.11/site-packages/airflow/example_dags/plugins/event_listener.py for tasks to queue
[2025-12-24T09:04:57.776+0000] {logging_mixin.py:190} INFO - [2025-12-24T09:04:57.776+0000] {dagbag.py:588} INFO - Filling up the DagBag from /home/airflow/.local/lib/python3.11/site-packages/airflow/example_dags/plugins/event_listener.py
[2025-12-24T09:04:57.781+0000] {processor.py:927} WARNING - No viable dags retrieved from /home/airflow/.local/lib/python3.11/site-packages/airflow/example_dags/plugins/event_listener.py
[2025-12-24T09:04:57.810+0000] {processor.py:208} INFO - Processing /home/airflow/.local/lib/python3.11/site-packages/airflow/example_dags/plugins/event_listener.py took 0.049 seconds
[2025-12-24T09:05:31.662+0000] {processor.py:186} INFO - Started process (PID=546) to work on /home/airflow/.local/lib/python3.11/site-packages/airflow/example_dags/plugins/event_listener.py
[2025-12-24T09:05:31.664+0000] {processor.py:914} INFO - Processing file /home/airflow/.local/lib/python3.11/site-packages/airflow/example_dags/plugins/event_listener.py for tasks to queue
[2025-12-24T09:05:31.669+0000] {logging_mixin.py:190} INFO - [2025-12-24T09:05:31.668+0000] {dagbag.py:588} INFO - Filling up the DagBag from /home/airflow/.local/lib/python3.11/site-packages/airflow/example_dags/plugins/event_listener.py
[2025-12-24T09:05:31.673+0000] {processor.py:927} WARNING - No viable dags retrieved from /home/airflow/.local/lib/python3.11/site-packages/airflow/example_dags/plugins/event_listener.py
[2025-12-24T09:05:31.698+0000] {processor.py:208} INFO - Processing /home/airflow/.local/lib/python3.11/site-packages/airflow/example_dags/plugins/event_listener.py took 0.048 seconds
[2025-12-24T09:05:44.444+0000] {processor.py:186} INFO - Started process (PID=601) to work on /home/airflow/.local/lib/python3.11/site-packages/airflow/example_dags/plugins/event_listener.py
[2025-12-24T09:05:44.445+0000] {processor.py:914} INFO - Processing file /home/airflow/.local/lib/python3.11/site-packages/airflow/example_dags/plugins/event_listener.py for tasks to queue
[2025-12-24T09:05:44.449+0000] {logging_mixin.py:190} INFO - [2025-12-24T09:05:44.449+0000] {dagbag.py:588} INFO - Filling up the DagBag from /home/airflow/.local/lib/python3.11/site-packages/airflow/example_dags/plugins/event_listener.py
[2025-12-24T09:05:44.452+0000] {processor.py:927} WARNING - No viable dags retrieved from /home/airflow/.local/lib/python3.11/site-packages/airflow/example_dags/plugins/event_listener.py
[2025-12-24T09:05:44.477+0000] {processor.py:208} INFO - Processing /home/airflow/.local/lib/python3.11/site-packages/airflow/example_dags/plugins/event_listener.py took 0.044 seconds
[2025-12-24T09:06:45.569+0000] {processor.py:186} INFO - Started process (PID=663) to work on /home/airflow/.local/lib/python3.11/site-packages/airflow/example_dags/plugins/event_listener.py
[2025-12-24T09:06:45.571+0000] {processor.py:914} INFO - Processing file /home/airflow/.local/lib/python3.11/site-packages/airflow/example_dags/plugins/event_listener.py for tasks to queue
[2025-12-24T09:06:45.576+0000] {logging_mixin.py:190} INFO - [2025-12-24T09:06:45.575+0000] {dagbag.py:588} INFO - Filling up the DagBag from /home/airflow/.local/lib/python3.11/site-packages/airflow/example_dags/plugins/event_listener.py
[2025-12-24T09:06:45.581+0000] {processor.py:927} WARNING - No viable dags retrieved from /home/airflow/.local/lib/python3.11/site-packages/airflow/example_dags/plugins/event_listener.py
[2025-12-24T09:06:45.609+0000] {processor.py:208} INFO - Processing /home/airflow/.local/lib/python3.11/site-packages/airflow/example_dags/plugins/event_listener.py took 0.049 seconds
[2025-12-24T09:06:50.334+0000] {processor.py:186} INFO - Started process (PID=739) to work on /home/airflow/.local/lib/python3.11/site-packages/airflow/example_dags/plugins/event_listener.py
[2025-12-24T09:06:50.335+0000] {processor.py:914} INFO - Processing file /home/airflow/.local/lib/python3.11/site-packages/airflow/example_dags/plugins/event_listener.py for tasks to queue
[2025-12-24T09:06:50.340+0000] {logging_mixin.py:190} INFO - [2025-12-24T09:06:50.339+0000] {dagbag.py:588} INFO - Filling up the DagBag from /home/airflow/.local/lib/python3.11/site-packages/airflow/example_dags/plugins/event_listener.py
[2025-12-24T09:06:50.344+0000] {processor.py:927} WARNING - No viable dags retrieved from /home/airflow/.local/lib/python3.11/site-packages/airflow/example_dags/plugins/event_listener.py
[2025-12-24T09:06:50.383+0000] {processor.py:208} INFO - Processing /home/airflow/.local/lib/python3.11/site-packages/airflow/example_dags/plugins/event_listener.py took 0.061 seconds
[2025-12-24T09:07:19.833+0000] {processor.py:186} INFO - Started process (PID=803) to work on /home/airflow/.local/lib/python3.11/site-packages/airflow/example_dags/plugins/event_listener.py
[2025-12-24T09:07:19.836+0000] {processor.py:914} INFO - Processing file /home/airflow/.local/lib/python3.11/site-packages/airflow/example_dags/plugins/event_listener.py for tasks to queue
[2025-12-24T09:07:19.858+0000] {logging_mixin.py:190} INFO - [2025-12-24T09:07:19.857+0000] {dagbag.py:588} INFO - Filling up the DagBag from /home/airflow/.local/lib/python3.11/site-packages/airflow/example_dags/plugins/event_listener.py
[2025-12-24T09:07:19.866+0000] {processor.py:927} WARNING - No viable dags retrieved from /home/airflow/.local/lib/python3.11/site-packages/airflow/example_dags/plugins/event_listener.py
[2025-12-24T09:07:19.901+0000] {processor.py:208} INFO - Processing /home/airflow/.local/lib/python3.11/site-packages/airflow/example_dags/plugins/event_listener.py took 0.082 seconds
[2025-12-24T09:07:29.910+0000] {processor.py:186} INFO - Started process (PID=860) to work on /home/airflow/.local/lib/python3.11/site-packages/airflow/example_dags/plugins/event_listener.py
[2025-12-24T09:07:29.912+0000] {processor.py:914} INFO - Processing file /home/airflow/.local/lib/python3.11/site-packages/airflow/example_dags/plugins/event_listener.py for tasks to queue
[2025-12-24T09:07:29.917+0000] {logging_mixin.py:190} INFO - [2025-12-24T09:07:29.916+0000] {dagbag.py:588} INFO - Filling up the DagBag from /home/airflow/.local/lib/python3.11/site-packages/airflow/example_dags/plugins/event_listener.py
[2025-12-24T09:07:29.921+0000] {processor.py:927} WARNING - No viable dags retrieved from /home/airflow/.local/lib/python3.11/site-packages/airflow/example_dags/plugins/event_listener.py
[2025-12-24T09:07:29.971+0000] {processor.py:208} INFO - Processing /home/airflow/.local/lib/python3.11/site-packages/airflow/example_dags/plugins/event_listener.py took 0.073 seconds
[2025-12-24T09:07:38.808+0000] {processor.py:186} INFO - Started process (PID=916) to work on /home/airflow/.local/lib/python3.11/site-packages/airflow/example_dags/plugins/event_listener.py
[2025-12-24T09:07:38.810+0000] {processor.py:914} INFO - Processing file /home/airflow/.local/lib/python3.11/site-packages/airflow/example_dags/plugins/event_listener.py for tasks to queue
[2025-12-24T09:07:38.815+0000] {logging_mixin.py:190} INFO - [2025-12-24T09:07:38.814+0000] {dagbag.py:588} INFO - Filling up the DagBag from /home/airflow/.local/lib/python3.11/site-packages/airflow/example_dags/plugins/event_listener.py
[2025-12-24T09:07:38.820+0000] {processor.py:927} WARNING - No viable dags retrieved from /home/airflow/.local/lib/python3.11/site-packages/airflow/example_dags/plugins/event_listener.py
[2025-12-24T09:07:38.845+0000] {processor.py:208} INFO - Processing /home/airflow/.local/lib/python3.11/site-packages/airflow/example_dags/plugins/event_listener.py took 0.047 seconds
[2025-12-24T09:07:47.990+0000] {processor.py:186} INFO - Started process (PID=977) to work on /home/airflow/.local/lib/python3.11/site-packages/airflow/example_dags/plugins/event_listener.py
[2025-12-24T09:07:47.992+0000] {processor.py:914} INFO - Processing file /home/airflow/.local/lib/python3.11/site-packages/airflow/example_dags/plugins/event_listener.py for tasks to queue
[2025-12-24T09:07:47.998+0000] {logging_mixin.py:190} INFO - [2025-12-24T09:07:47.997+0000] {dagbag.py:588} INFO - Filling up the DagBag from /home/airflow/.local/lib/python3.11/site-packages/airflow/example_dags/plugins/event_listener.py
[2025-12-24T09:07:48.003+0000] {processor.py:927} WARNING - No viable dags retrieved from /home/airflow/.local/lib/python3.11/site-packages/airflow/example_dags/plugins/event_listener.py
[2025-12-24T09:07:48.030+0000] {processor.py:208} INFO - Processing /home/airflow/.local/lib/python3.11/site-packages/airflow/example_dags/plugins/event_listener.py took 0.053 seconds
[2025-12-24T09:08:45.627+0000] {processor.py:186} INFO - Started process (PID=1033) to work on /home/airflow/.local/lib/python3.11/site-packages/airflow/example_dags/plugins/event_listener.py
[2025-12-24T09:08:45.630+0000] {processor.py:914} INFO - Processing file /home/airflow/.local/lib/python3.11/site-packages/airflow/example_dags/plugins/event_listener.py for tasks to queue
[2025-12-24T09:08:45.636+0000] {logging_mixin.py:190} INFO - [2025-12-24T09:08:45.635+0000] {dagbag.py:588} INFO - Filling up the DagBag from /home/airflow/.local/lib/python3.11/site-packages/airflow/example_dags/plugins/event_listener.py
[2025-12-24T09:08:45.642+0000] {processor.py:927} WARNING - No viable dags retrieved from /home/airflow/.local/lib/python3.11/site-packages/airflow/example_dags/plugins/event_listener.py
[2025-12-24T09:08:45.677+0000] {processor.py:208} INFO - Processing /home/airflow/.local/lib/python3.11/site-packages/airflow/example_dags/plugins/event_listener.py took 0.063 seconds
[2025-12-24T09:08:42.217+0000] {processor.py:186} INFO - Started process (PID=1101) to work on /home/airflow/.local/lib/python3.11/site-packages/airflow/example_dags/plugins/event_listener.py
[2025-12-24T09:08:42.218+0000] {processor.py:914} INFO - Processing file /home/airflow/.local/lib/python3.11/site-packages/airflow/example_dags/plugins/event_listener.py for tasks to queue
[2025-12-24T09:08:42.222+0000] {logging_mixin.py:190} INFO - [2025-12-24T09:08:42.221+0000] {dagbag.py:588} INFO - Filling up the DagBag from /home/airflow/.local/lib/python3.11/site-packages/airflow/example_dags/plugins/event_listener.py
[2025-12-24T09:08:42.225+0000] {processor.py:927} WARNING - No viable dags retrieved from /home/airflow/.local/lib/python3.11/site-packages/airflow/example_dags/plugins/event_listener.py
[2025-12-24T09:08:42.260+0000] {processor.py:208} INFO - Processing /home/airflow/.local/lib/python3.11/site-packages/airflow/example_dags/plugins/event_listener.py took 0.053 seconds
[2025-12-24T09:09:13.059+0000] {processor.py:186} INFO - Started process (PID=1116) to work on /home/airflow/.local/lib/python3.11/site-packages/airflow/example_dags/plugins/event_listener.py
[2025-12-24T09:09:13.060+0000] {processor.py:914} INFO - Processing file /home/airflow/.local/lib/python3.11/site-packages/airflow/example_dags/plugins/event_listener.py for tasks to queue
[2025-12-24T09:09:13.064+0000] {logging_mixin.py:190} INFO - [2025-12-24T09:09:13.063+0000] {dagbag.py:588} INFO - Filling up the DagBag from /home/airflow/.local/lib/python3.11/site-packages/airflow/example_dags/plugins/event_listener.py
[2025-12-24T09:09:13.067+0000] {processor.py:927} WARNING - No viable dags retrieved from /home/airflow/.local/lib/python3.11/site-packages/airflow/example_dags/plugins/event_listener.py
[2025-12-24T09:09:13.087+0000] {processor.py:208} INFO - Processing /home/airflow/.local/lib/python3.11/site-packages/airflow/example_dags/plugins/event_listener.py took 0.037 seconds
[2025-12-24T09:09:24.163+0000] {processor.py:186} INFO - Started process (PID=1182) to work on /home/airflow/.local/lib/python3.11/site-packages/airflow/example_dags/plugins/event_listener.py
[2025-12-24T09:09:24.165+0000] {processor.py:914} INFO - Processing file /home/airflow/.local/lib/python3.11/site-packages/airflow/example_dags/plugins/event_listener.py for tasks to queue
[2025-12-24T09:09:24.169+0000] {logging_mixin.py:190} INFO - [2025-12-24T09:09:24.168+0000] {dagbag.py:588} INFO - Filling up the DagBag from /home/airflow/.local/lib/python3.11/site-packages/airflow/example_dags/plugins/event_listener.py
[2025-12-24T09:09:24.173+0000] {processor.py:927} WARNING - No viable dags retrieved from /home/airflow/.local/lib/python3.11/site-packages/airflow/example_dags/plugins/event_listener.py
[2025-12-24T09:09:24.196+0000] {processor.py:208} INFO - Processing /home/airflow/.local/lib/python3.11/site-packages/airflow/example_dags/plugins/event_listener.py took 0.044 seconds
[2025-12-24T09:10:30.183+0000] {processor.py:186} INFO - Started process (PID=1247) to work on /home/airflow/.local/lib/python3.11/site-packages/airflow/example_dags/plugins/event_listener.py
[2025-12-24T09:10:30.185+0000] {processor.py:914} INFO - Processing file /home/airflow/.local/lib/python3.11/site-packages/airflow/example_dags/plugins/event_listener.py for tasks to queue
[2025-12-24T09:10:30.190+0000] {logging_mixin.py:190} INFO - [2025-12-24T09:10:30.190+0000] {dagbag.py:588} INFO - Filling up the DagBag from /home/airflow/.local/lib/python3.11/site-packages/airflow/example_dags/plugins/event_listener.py
[2025-12-24T09:10:30.196+0000] {processor.py:927} WARNING - No viable dags retrieved from /home/airflow/.local/lib/python3.11/site-packages/airflow/example_dags/plugins/event_listener.py
[2025-12-24T09:10:30.229+0000] {processor.py:208} INFO - Processing /home/airflow/.local/lib/python3.11/site-packages/airflow/example_dags/plugins/event_listener.py took 0.059 seconds
[2025-12-24T09:10:53.095+0000] {processor.py:186} INFO - Started process (PID=1361) to work on /home/airflow/.local/lib/python3.11/site-packages/airflow/example_dags/plugins/event_listener.py
[2025-12-24T09:10:53.097+0000] {processor.py:914} INFO - Processing file /home/airflow/.local/lib/python3.11/site-packages/airflow/example_dags/plugins/event_listener.py for tasks to queue
[2025-12-24T09:10:53.100+0000] {logging_mixin.py:190} INFO - [2025-12-24T09:10:53.100+0000] {dagbag.py:588} INFO - Filling up the DagBag from /home/airflow/.local/lib/python3.11/site-packages/airflow/example_dags/plugins/event_listener.py
[2025-12-24T09:10:53.104+0000] {processor.py:927} WARNING - No viable dags retrieved from /home/airflow/.local/lib/python3.11/site-packages/airflow/example_dags/plugins/event_listener.py
[2025-12-24T09:10:53.127+0000] {processor.py:208} INFO - Processing /home/airflow/.local/lib/python3.11/site-packages/airflow/example_dags/plugins/event_listener.py took 0.040 seconds
[2025-12-24T09:11:03.691+0000] {processor.py:186} INFO - Started process (PID=1418) to work on /home/airflow/.local/lib/python3.11/site-packages/airflow/example_dags/plugins/event_listener.py
[2025-12-24T09:11:03.693+0000] {processor.py:914} INFO - Processing file /home/airflow/.local/lib/python3.11/site-packages/airflow/example_dags/plugins/event_listener.py for tasks to queue
[2025-12-24T09:11:03.697+0000] {logging_mixin.py:190} INFO - [2025-12-24T09:11:03.697+0000] {dagbag.py:588} INFO - Filling up the DagBag from /home/airflow/.local/lib/python3.11/site-packages/airflow/example_dags/plugins/event_listener.py
[2025-12-24T09:11:03.702+0000] {processor.py:927} WARNING - No viable dags retrieved from /home/airflow/.local/lib/python3.11/site-packages/airflow/example_dags/plugins/event_listener.py
[2025-12-24T09:11:03.728+0000] {processor.py:208} INFO - Processing /home/airflow/.local/lib/python3.11/site-packages/airflow/example_dags/plugins/event_listener.py took 0.046 seconds
[2025-12-24T09:11:34.764+0000] {processor.py:186} INFO - Started process (PID=1480) to work on /home/airflow/.local/lib/python3.11/site-packages/airflow/example_dags/plugins/event_listener.py
[2025-12-24T09:11:34.766+0000] {processor.py:914} INFO - Processing file /home/airflow/.local/lib/python3.11/site-packages/airflow/example_dags/plugins/event_listener.py for tasks to queue
[2025-12-24T09:11:34.771+0000] {logging_mixin.py:190} INFO - [2025-12-24T09:11:34.770+0000] {dagbag.py:588} INFO - Filling up the DagBag from /home/airflow/.local/lib/python3.11/site-packages/airflow/example_dags/plugins/event_listener.py
[2025-12-24T09:11:34.775+0000] {processor.py:927} WARNING - No viable dags retrieved from /home/airflow/.local/lib/python3.11/site-packages/airflow/example_dags/plugins/event_listener.py
[2025-12-24T09:11:34.797+0000] {processor.py:208} INFO - Processing /home/airflow/.local/lib/python3.11/site-packages/airflow/example_dags/plugins/event_listener.py took 0.044 seconds
[2025-12-24T09:12:36.040+0000] {processor.py:186} INFO - Started process (PID=1544) to work on /home/airflow/.local/lib/python3.11/site-packages/airflow/example_dags/plugins/event_listener.py
[2025-12-24T09:12:36.042+0000] {processor.py:914} INFO - Processing file /home/airflow/.local/lib/python3.11/site-packages/airflow/example_dags/plugins/event_listener.py for tasks to queue
[2025-12-24T09:12:36.046+0000] {logging_mixin.py:190} INFO - [2025-12-24T09:12:36.045+0000] {dagbag.py:588} INFO - Filling up the DagBag from /home/airflow/.local/lib/python3.11/site-packages/airflow/example_dags/plugins/event_listener.py
[2025-12-24T09:12:36.050+0000] {processor.py:927} WARNING - No viable dags retrieved from /home/airflow/.local/lib/python3.11/site-packages/airflow/example_dags/plugins/event_listener.py
[2025-12-24T09:12:36.077+0000] {processor.py:208} INFO - Processing /home/airflow/.local/lib/python3.11/site-packages/airflow/example_dags/plugins/event_listener.py took 0.047 seconds
[2025-12-24T09:13:30.175+0000] {processor.py:186} INFO - Started process (PID=1617) to work on /home/airflow/.local/lib/python3.11/site-packages/airflow/example_dags/plugins/event_listener.py
[2025-12-24T09:13:30.177+0000] {processor.py:914} INFO - Processing file /home/airflow/.local/lib/python3.11/site-packages/airflow/example_dags/plugins/event_listener.py for tasks to queue
[2025-12-24T09:13:30.180+0000] {logging_mixin.py:190} INFO - [2025-12-24T09:13:30.180+0000] {dagbag.py:588} INFO - Filling up the DagBag from /home/airflow/.local/lib/python3.11/site-packages/airflow/example_dags/plugins/event_listener.py
[2025-12-24T09:13:30.184+0000] {processor.py:927} WARNING - No viable dags retrieved from /home/airflow/.local/lib/python3.11/site-packages/airflow/example_dags/plugins/event_listener.py
[2025-12-24T09:13:30.205+0000] {processor.py:208} INFO - Processing /home/airflow/.local/lib/python3.11/site-packages/airflow/example_dags/plugins/event_listener.py took 0.039 seconds
[2025-12-24T09:14:31.214+0000] {processor.py:186} INFO - Started process (PID=1733) to work on /home/airflow/.local/lib/python3.11/site-packages/airflow/example_dags/plugins/event_listener.py
[2025-12-24T09:14:31.216+0000] {processor.py:914} INFO - Processing file /home/airflow/.local/lib/python3.11/site-packages/airflow/example_dags/plugins/event_listener.py for tasks to queue
[2025-12-24T09:14:31.223+0000] {logging_mixin.py:190} INFO - [2025-12-24T09:14:31.222+0000] {dagbag.py:588} INFO - Filling up the DagBag from /home/airflow/.local/lib/python3.11/site-packages/airflow/example_dags/plugins/event_listener.py
[2025-12-24T09:14:31.231+0000] {processor.py:927} WARNING - No viable dags retrieved from /home/airflow/.local/lib/python3.11/site-packages/airflow/example_dags/plugins/event_listener.py
[2025-12-24T09:14:31.262+0000] {processor.py:208} INFO - Processing /home/airflow/.local/lib/python3.11/site-packages/airflow/example_dags/plugins/event_listener.py took 0.063 seconds
[2025-12-24T09:14:43.109+0000] {processor.py:186} INFO - Started process (PID=1799) to work on /home/airflow/.local/lib/python3.11/site-packages/airflow/example_dags/plugins/event_listener.py
[2025-12-24T09:14:43.112+0000] {processor.py:914} INFO - Processing file /home/airflow/.local/lib/python3.11/site-packages/airflow/example_dags/plugins/event_listener.py for tasks to queue
[2025-12-24T09:14:43.118+0000] {logging_mixin.py:190} INFO - [2025-12-24T09:14:43.117+0000] {dagbag.py:588} INFO - Filling up the DagBag from /home/airflow/.local/lib/python3.11/site-packages/airflow/example_dags/plugins/event_listener.py
[2025-12-24T09:14:43.124+0000] {processor.py:927} WARNING - No viable dags retrieved from /home/airflow/.local/lib/python3.11/site-packages/airflow/example_dags/plugins/event_listener.py
[2025-12-24T09:14:43.160+0000] {processor.py:208} INFO - Processing /home/airflow/.local/lib/python3.11/site-packages/airflow/example_dags/plugins/event_listener.py took 0.067 seconds
[2025-12-24T09:15:14.998+0000] {processor.py:186} INFO - Started process (PID=1862) to work on /home/airflow/.local/lib/python3.11/site-packages/airflow/example_dags/plugins/event_listener.py
[2025-12-24T09:15:14.999+0000] {processor.py:914} INFO - Processing file /home/airflow/.local/lib/python3.11/site-packages/airflow/example_dags/plugins/event_listener.py for tasks to queue
[2025-12-24T09:15:15.002+0000] {logging_mixin.py:190} INFO - [2025-12-24T09:15:15.002+0000] {dagbag.py:588} INFO - Filling up the DagBag from /home/airflow/.local/lib/python3.11/site-packages/airflow/example_dags/plugins/event_listener.py
[2025-12-24T09:15:15.007+0000] {processor.py:927} WARNING - No viable dags retrieved from /home/airflow/.local/lib/python3.11/site-packages/airflow/example_dags/plugins/event_listener.py
[2025-12-24T09:15:15.027+0000] {processor.py:208} INFO - Processing /home/airflow/.local/lib/python3.11/site-packages/airflow/example_dags/plugins/event_listener.py took 0.037 seconds
[2025-12-24T09:15:45.958+0000] {processor.py:186} INFO - Started process (PID=1923) to work on /home/airflow/.local/lib/python3.11/site-packages/airflow/example_dags/plugins/event_listener.py
[2025-12-24T09:15:45.959+0000] {processor.py:914} INFO - Processing file /home/airflow/.local/lib/python3.11/site-packages/airflow/example_dags/plugins/event_listener.py for tasks to queue
[2025-12-24T09:15:45.963+0000] {logging_mixin.py:190} INFO - [2025-12-24T09:15:45.963+0000] {dagbag.py:588} INFO - Filling up the DagBag from /home/airflow/.local/lib/python3.11/site-packages/airflow/example_dags/plugins/event_listener.py
[2025-12-24T09:15:45.967+0000] {processor.py:927} WARNING - No viable dags retrieved from /home/airflow/.local/lib/python3.11/site-packages/airflow/example_dags/plugins/event_listener.py
[2025-12-24T09:15:45.992+0000] {processor.py:208} INFO - Processing /home/airflow/.local/lib/python3.11/site-packages/airflow/example_dags/plugins/event_listener.py took 0.044 seconds
[2025-12-24T09:23:49.599+0000] {processor.py:186} INFO - Started process (PID=138) to work on /home/airflow/.local/lib/python3.11/site-packages/airflow/example_dags/plugins/event_listener.py
[2025-12-24T09:23:49.602+0000] {processor.py:914} INFO - Processing file /home/airflow/.local/lib/python3.11/site-packages/airflow/example_dags/plugins/event_listener.py for tasks to queue
[2025-12-24T09:23:49.609+0000] {logging_mixin.py:190} INFO - [2025-12-24T09:23:49.608+0000] {dagbag.py:588} INFO - Filling up the DagBag from /home/airflow/.local/lib/python3.11/site-packages/airflow/example_dags/plugins/event_listener.py
[2025-12-24T09:23:49.617+0000] {processor.py:927} WARNING - No viable dags retrieved from /home/airflow/.local/lib/python3.11/site-packages/airflow/example_dags/plugins/event_listener.py
[2025-12-24T09:23:49.669+0000] {processor.py:208} INFO - Processing /home/airflow/.local/lib/python3.11/site-packages/airflow/example_dags/plugins/event_listener.py took 0.094 seconds
[2025-12-24T09:24:01.541+0000] {processor.py:186} INFO - Started process (PID=171) to work on /home/airflow/.local/lib/python3.11/site-packages/airflow/example_dags/plugins/event_listener.py
[2025-12-24T09:24:01.543+0000] {processor.py:914} INFO - Processing file /home/airflow/.local/lib/python3.11/site-packages/airflow/example_dags/plugins/event_listener.py for tasks to queue
[2025-12-24T09:24:01.550+0000] {logging_mixin.py:190} INFO - [2025-12-24T09:24:01.550+0000] {dagbag.py:588} INFO - Filling up the DagBag from /home/airflow/.local/lib/python3.11/site-packages/airflow/example_dags/plugins/event_listener.py
[2025-12-24T09:24:01.557+0000] {processor.py:927} WARNING - No viable dags retrieved from /home/airflow/.local/lib/python3.11/site-packages/airflow/example_dags/plugins/event_listener.py
[2025-12-24T09:24:01.595+0000] {processor.py:208} INFO - Processing /home/airflow/.local/lib/python3.11/site-packages/airflow/example_dags/plugins/event_listener.py took 0.082 seconds
[2025-12-24T09:24:07.817+0000] {processor.py:186} INFO - Started process (PID=211) to work on /home/airflow/.local/lib/python3.11/site-packages/airflow/example_dags/plugins/event_listener.py
[2025-12-24T09:24:07.820+0000] {processor.py:914} INFO - Processing file /home/airflow/.local/lib/python3.11/site-packages/airflow/example_dags/plugins/event_listener.py for tasks to queue
[2025-12-24T09:24:07.827+0000] {logging_mixin.py:190} INFO - [2025-12-24T09:24:07.827+0000] {dagbag.py:588} INFO - Filling up the DagBag from /home/airflow/.local/lib/python3.11/site-packages/airflow/example_dags/plugins/event_listener.py
[2025-12-24T09:24:07.832+0000] {processor.py:927} WARNING - No viable dags retrieved from /home/airflow/.local/lib/python3.11/site-packages/airflow/example_dags/plugins/event_listener.py
[2025-12-24T09:24:07.885+0000] {processor.py:208} INFO - Processing /home/airflow/.local/lib/python3.11/site-packages/airflow/example_dags/plugins/event_listener.py took 0.083 seconds
[2025-12-24T09:24:19.034+0000] {processor.py:186} INFO - Started process (PID=265) to work on /home/airflow/.local/lib/python3.11/site-packages/airflow/example_dags/plugins/event_listener.py
[2025-12-24T09:24:19.035+0000] {processor.py:914} INFO - Processing file /home/airflow/.local/lib/python3.11/site-packages/airflow/example_dags/plugins/event_listener.py for tasks to queue
[2025-12-24T09:24:19.039+0000] {logging_mixin.py:190} INFO - [2025-12-24T09:24:19.039+0000] {dagbag.py:588} INFO - Filling up the DagBag from /home/airflow/.local/lib/python3.11/site-packages/airflow/example_dags/plugins/event_listener.py
[2025-12-24T09:24:19.043+0000] {processor.py:927} WARNING - No viable dags retrieved from /home/airflow/.local/lib/python3.11/site-packages/airflow/example_dags/plugins/event_listener.py
[2025-12-24T09:24:19.070+0000] {processor.py:208} INFO - Processing /home/airflow/.local/lib/python3.11/site-packages/airflow/example_dags/plugins/event_listener.py took 0.045 seconds
[2025-12-24T09:24:48.264+0000] {processor.py:186} INFO - Started process (PID=327) to work on /home/airflow/.local/lib/python3.11/site-packages/airflow/example_dags/plugins/event_listener.py
[2025-12-24T09:24:48.267+0000] {processor.py:914} INFO - Processing file /home/airflow/.local/lib/python3.11/site-packages/airflow/example_dags/plugins/event_listener.py for tasks to queue
[2025-12-24T09:24:48.273+0000] {logging_mixin.py:190} INFO - [2025-12-24T09:24:48.272+0000] {dagbag.py:588} INFO - Filling up the DagBag from /home/airflow/.local/lib/python3.11/site-packages/airflow/example_dags/plugins/event_listener.py
[2025-12-24T09:24:48.279+0000] {processor.py:927} WARNING - No viable dags retrieved from /home/airflow/.local/lib/python3.11/site-packages/airflow/example_dags/plugins/event_listener.py
[2025-12-24T09:24:48.314+0000] {processor.py:208} INFO - Processing /home/airflow/.local/lib/python3.11/site-packages/airflow/example_dags/plugins/event_listener.py took 0.066 seconds
[2025-12-24T09:25:00.151+0000] {processor.py:186} INFO - Started process (PID=390) to work on /home/airflow/.local/lib/python3.11/site-packages/airflow/example_dags/plugins/event_listener.py
[2025-12-24T09:25:00.153+0000] {processor.py:914} INFO - Processing file /home/airflow/.local/lib/python3.11/site-packages/airflow/example_dags/plugins/event_listener.py for tasks to queue
[2025-12-24T09:25:00.158+0000] {logging_mixin.py:190} INFO - [2025-12-24T09:25:00.158+0000] {dagbag.py:588} INFO - Filling up the DagBag from /home/airflow/.local/lib/python3.11/site-packages/airflow/example_dags/plugins/event_listener.py
[2025-12-24T09:25:00.163+0000] {processor.py:927} WARNING - No viable dags retrieved from /home/airflow/.local/lib/python3.11/site-packages/airflow/example_dags/plugins/event_listener.py
[2025-12-24T09:25:00.192+0000] {processor.py:208} INFO - Processing /home/airflow/.local/lib/python3.11/site-packages/airflow/example_dags/plugins/event_listener.py took 0.055 seconds
[2025-12-24T09:25:17.649+0000] {processor.py:186} INFO - Started process (PID=444) to work on /home/airflow/.local/lib/python3.11/site-packages/airflow/example_dags/plugins/event_listener.py
[2025-12-24T09:25:17.651+0000] {processor.py:914} INFO - Processing file /home/airflow/.local/lib/python3.11/site-packages/airflow/example_dags/plugins/event_listener.py for tasks to queue
[2025-12-24T09:25:17.655+0000] {logging_mixin.py:190} INFO - [2025-12-24T09:25:17.654+0000] {dagbag.py:588} INFO - Filling up the DagBag from /home/airflow/.local/lib/python3.11/site-packages/airflow/example_dags/plugins/event_listener.py
[2025-12-24T09:25:17.659+0000] {processor.py:927} WARNING - No viable dags retrieved from /home/airflow/.local/lib/python3.11/site-packages/airflow/example_dags/plugins/event_listener.py
[2025-12-24T09:26:00.014+0000] {processor.py:208} INFO - Processing /home/airflow/.local/lib/python3.11/site-packages/airflow/example_dags/plugins/event_listener.py took 0.049 seconds
[2025-12-24T09:26:01.615+0000] {processor.py:186} INFO - Started process (PID=596) to work on /home/airflow/.local/lib/python3.11/site-packages/airflow/example_dags/plugins/event_listener.py
[2025-12-24T09:26:01.618+0000] {processor.py:914} INFO - Processing file /home/airflow/.local/lib/python3.11/site-packages/airflow/example_dags/plugins/event_listener.py for tasks to queue
[2025-12-24T09:26:01.622+0000] {logging_mixin.py:190} INFO - [2025-12-24T09:26:01.622+0000] {dagbag.py:588} INFO - Filling up the DagBag from /home/airflow/.local/lib/python3.11/site-packages/airflow/example_dags/plugins/event_listener.py
[2025-12-24T09:26:01.627+0000] {processor.py:927} WARNING - No viable dags retrieved from /home/airflow/.local/lib/python3.11/site-packages/airflow/example_dags/plugins/event_listener.py
[2025-12-24T09:26:01.656+0000] {processor.py:208} INFO - Processing /home/airflow/.local/lib/python3.11/site-packages/airflow/example_dags/plugins/event_listener.py took 0.050 seconds
[2025-12-24T09:26:10.083+0000] {processor.py:186} INFO - Started process (PID=653) to work on /home/airflow/.local/lib/python3.11/site-packages/airflow/example_dags/plugins/event_listener.py
[2025-12-24T09:26:10.086+0000] {processor.py:914} INFO - Processing file /home/airflow/.local/lib/python3.11/site-packages/airflow/example_dags/plugins/event_listener.py for tasks to queue
[2025-12-24T09:26:10.098+0000] {logging_mixin.py:190} INFO - [2025-12-24T09:26:10.096+0000] {dagbag.py:588} INFO - Filling up the DagBag from /home/airflow/.local/lib/python3.11/site-packages/airflow/example_dags/plugins/event_listener.py
[2025-12-24T09:26:10.106+0000] {processor.py:927} WARNING - No viable dags retrieved from /home/airflow/.local/lib/python3.11/site-packages/airflow/example_dags/plugins/event_listener.py
[2025-12-24T09:26:10.154+0000] {processor.py:208} INFO - Processing /home/airflow/.local/lib/python3.11/site-packages/airflow/example_dags/plugins/event_listener.py took 0.091 seconds
[2025-12-24T09:26:18.451+0000] {processor.py:186} INFO - Started process (PID=707) to work on /home/airflow/.local/lib/python3.11/site-packages/airflow/example_dags/plugins/event_listener.py
[2025-12-24T09:26:18.452+0000] {processor.py:914} INFO - Processing file /home/airflow/.local/lib/python3.11/site-packages/airflow/example_dags/plugins/event_listener.py for tasks to queue
[2025-12-24T09:26:18.456+0000] {logging_mixin.py:190} INFO - [2025-12-24T09:26:18.456+0000] {dagbag.py:588} INFO - Filling up the DagBag from /home/airflow/.local/lib/python3.11/site-packages/airflow/example_dags/plugins/event_listener.py
[2025-12-24T09:26:18.460+0000] {processor.py:927} WARNING - No viable dags retrieved from /home/airflow/.local/lib/python3.11/site-packages/airflow/example_dags/plugins/event_listener.py
[2025-12-24T09:26:18.484+0000] {processor.py:208} INFO - Processing /home/airflow/.local/lib/python3.11/site-packages/airflow/example_dags/plugins/event_listener.py took 0.042 seconds
[2025-12-24T09:26:29.604+0000] {processor.py:186} INFO - Started process (PID=758) to work on /home/airflow/.local/lib/python3.11/site-packages/airflow/example_dags/plugins/event_listener.py
[2025-12-24T09:26:29.606+0000] {processor.py:914} INFO - Processing file /home/airflow/.local/lib/python3.11/site-packages/airflow/example_dags/plugins/event_listener.py for tasks to queue
[2025-12-24T09:26:29.610+0000] {logging_mixin.py:190} INFO - [2025-12-24T09:26:29.610+0000] {dagbag.py:588} INFO - Filling up the DagBag from /home/airflow/.local/lib/python3.11/site-packages/airflow/example_dags/plugins/event_listener.py
[2025-12-24T09:26:29.615+0000] {processor.py:927} WARNING - No viable dags retrieved from /home/airflow/.local/lib/python3.11/site-packages/airflow/example_dags/plugins/event_listener.py
[2025-12-24T09:26:29.655+0000] {processor.py:208} INFO - Processing /home/airflow/.local/lib/python3.11/site-packages/airflow/example_dags/plugins/event_listener.py took 0.063 seconds
[2025-12-24T09:26:40.633+0000] {processor.py:186} INFO - Started process (PID=815) to work on /home/airflow/.local/lib/python3.11/site-packages/airflow/example_dags/plugins/event_listener.py
[2025-12-24T09:26:40.635+0000] {processor.py:914} INFO - Processing file /home/airflow/.local/lib/python3.11/site-packages/airflow/example_dags/plugins/event_listener.py for tasks to queue
[2025-12-24T09:26:40.642+0000] {logging_mixin.py:190} INFO - [2025-12-24T09:26:40.641+0000] {dagbag.py:588} INFO - Filling up the DagBag from /home/airflow/.local/lib/python3.11/site-packages/airflow/example_dags/plugins/event_listener.py
[2025-12-24T09:26:40.649+0000] {processor.py:927} WARNING - No viable dags retrieved from /home/airflow/.local/lib/python3.11/site-packages/airflow/example_dags/plugins/event_listener.py
[2025-12-24T09:26:40.675+0000] {processor.py:208} INFO - Processing /home/airflow/.local/lib/python3.11/site-packages/airflow/example_dags/plugins/event_listener.py took 0.051 seconds
[2025-12-24T09:26:51.524+0000] {processor.py:186} INFO - Started process (PID=868) to work on /home/airflow/.local/lib/python3.11/site-packages/airflow/example_dags/plugins/event_listener.py
[2025-12-24T09:26:51.526+0000] {processor.py:914} INFO - Processing file /home/airflow/.local/lib/python3.11/site-packages/airflow/example_dags/plugins/event_listener.py for tasks to queue
[2025-12-24T09:26:51.531+0000] {logging_mixin.py:190} INFO - [2025-12-24T09:26:51.531+0000] {dagbag.py:588} INFO - Filling up the DagBag from /home/airflow/.local/lib/python3.11/site-packages/airflow/example_dags/plugins/event_listener.py
[2025-12-24T09:26:51.537+0000] {processor.py:927} WARNING - No viable dags retrieved from /home/airflow/.local/lib/python3.11/site-packages/airflow/example_dags/plugins/event_listener.py
[2025-12-24T09:26:51.571+0000] {processor.py:208} INFO - Processing /home/airflow/.local/lib/python3.11/site-packages/airflow/example_dags/plugins/event_listener.py took 0.062 seconds
[2025-12-24T09:27:48.281+0000] {processor.py:186} INFO - Started process (PID=931) to work on /home/airflow/.local/lib/python3.11/site-packages/airflow/example_dags/plugins/event_listener.py
[2025-12-24T09:27:48.284+0000] {processor.py:914} INFO - Processing file /home/airflow/.local/lib/python3.11/site-packages/airflow/example_dags/plugins/event_listener.py for tasks to queue
[2025-12-24T09:27:48.291+0000] {logging_mixin.py:190} INFO - [2025-12-24T09:27:48.290+0000] {dagbag.py:588} INFO - Filling up the DagBag from /home/airflow/.local/lib/python3.11/site-packages/airflow/example_dags/plugins/event_listener.py
[2025-12-24T09:27:48.296+0000] {processor.py:927} WARNING - No viable dags retrieved from /home/airflow/.local/lib/python3.11/site-packages/airflow/example_dags/plugins/event_listener.py
[2025-12-24T09:27:48.324+0000] {processor.py:208} INFO - Processing /home/airflow/.local/lib/python3.11/site-packages/airflow/example_dags/plugins/event_listener.py took 0.070 seconds
[2025-12-24T09:27:55.894+0000] {processor.py:186} INFO - Started process (PID=1000) to work on /home/airflow/.local/lib/python3.11/site-packages/airflow/example_dags/plugins/event_listener.py
[2025-12-24T09:27:55.895+0000] {processor.py:914} INFO - Processing file /home/airflow/.local/lib/python3.11/site-packages/airflow/example_dags/plugins/event_listener.py for tasks to queue
[2025-12-24T09:27:55.899+0000] {logging_mixin.py:190} INFO - [2025-12-24T09:27:55.899+0000] {dagbag.py:588} INFO - Filling up the DagBag from /home/airflow/.local/lib/python3.11/site-packages/airflow/example_dags/plugins/event_listener.py
[2025-12-24T09:27:55.903+0000] {processor.py:927} WARNING - No viable dags retrieved from /home/airflow/.local/lib/python3.11/site-packages/airflow/example_dags/plugins/event_listener.py
[2025-12-24T09:27:55.927+0000] {processor.py:208} INFO - Processing /home/airflow/.local/lib/python3.11/site-packages/airflow/example_dags/plugins/event_listener.py took 0.044 seconds
[2025-12-24T09:28:06.127+0000] {processor.py:186} INFO - Started process (PID=1065) to work on /home/airflow/.local/lib/python3.11/site-packages/airflow/example_dags/plugins/event_listener.py
[2025-12-24T09:28:06.128+0000] {processor.py:914} INFO - Processing file /home/airflow/.local/lib/python3.11/site-packages/airflow/example_dags/plugins/event_listener.py for tasks to queue
[2025-12-24T09:28:06.133+0000] {logging_mixin.py:190} INFO - [2025-12-24T09:28:06.132+0000] {dagbag.py:588} INFO - Filling up the DagBag from /home/airflow/.local/lib/python3.11/site-packages/airflow/example_dags/plugins/event_listener.py
[2025-12-24T09:28:06.137+0000] {processor.py:927} WARNING - No viable dags retrieved from /home/airflow/.local/lib/python3.11/site-packages/airflow/example_dags/plugins/event_listener.py
[2025-12-24T09:28:06.159+0000] {processor.py:208} INFO - Processing /home/airflow/.local/lib/python3.11/site-packages/airflow/example_dags/plugins/event_listener.py took 0.041 seconds
[2025-12-24T09:28:20.499+0000] {processor.py:186} INFO - Started process (PID=1122) to work on /home/airflow/.local/lib/python3.11/site-packages/airflow/example_dags/plugins/event_listener.py
[2025-12-24T09:28:20.501+0000] {processor.py:914} INFO - Processing file /home/airflow/.local/lib/python3.11/site-packages/airflow/example_dags/plugins/event_listener.py for tasks to queue
[2025-12-24T09:28:20.505+0000] {logging_mixin.py:190} INFO - [2025-12-24T09:28:20.505+0000] {dagbag.py:588} INFO - Filling up the DagBag from /home/airflow/.local/lib/python3.11/site-packages/airflow/example_dags/plugins/event_listener.py
[2025-12-24T09:28:20.510+0000] {processor.py:927} WARNING - No viable dags retrieved from /home/airflow/.local/lib/python3.11/site-packages/airflow/example_dags/plugins/event_listener.py
[2025-12-24T09:28:20.541+0000] {processor.py:208} INFO - Processing /home/airflow/.local/lib/python3.11/site-packages/airflow/example_dags/plugins/event_listener.py took 0.054 seconds
